<?xml version="1.0" encoding="UTF-8"?>
<testsuite xmlns:xsi="http://www.w3.org/2001/XMLSchema-instance" xsi:noNamespaceSchemaLocation="https://maven.apache.org/surefire/maven-surefire-plugin/xsd/surefire-test-report-3.0.xsd" version="3.0" name="org.lab2.OwnerDAOTest" time="19.142" tests="11" errors="0" skipped="0" failures="0">
  <properties>
    <property name="java.specification.version" value="17"/>
    <property name="sun.cpu.isalist" value="amd64"/>
    <property name="sun.jnu.encoding" value="Cp1252"/>
    <property name="java.class.path" value="C:\Users\76162\IdeaProjects\SkyWhyWaIker\Lab2\DAO\target\test-classes;C:\Users\76162\IdeaProjects\SkyWhyWaIker\Lab2\DAO\target\classes;C:\Users\76162\.m2\repository\org\hibernate\orm\hibernate-core\6.4.0.Final\hibernate-core-6.4.0.Final.jar;C:\Users\76162\.m2\repository\jakarta\transaction\jakarta.transaction-api\2.0.1\jakarta.transaction-api-2.0.1.jar;C:\Users\76162\.m2\repository\org\jboss\logging\jboss-logging\3.5.0.Final\jboss-logging-3.5.0.Final.jar;C:\Users\76162\.m2\repository\org\hibernate\common\hibernate-commons-annotations\6.0.6.Final\hibernate-commons-annotations-6.0.6.Final.jar;C:\Users\76162\.m2\repository\io\smallrye\jandex\3.1.2\jandex-3.1.2.jar;C:\Users\76162\.m2\repository\com\fasterxml\classmate\1.5.1\classmate-1.5.1.jar;C:\Users\76162\.m2\repository\net\bytebuddy\byte-buddy\1.14.7\byte-buddy-1.14.7.jar;C:\Users\76162\.m2\repository\jakarta\xml\bind\jakarta.xml.bind-api\4.0.0\jakarta.xml.bind-api-4.0.0.jar;C:\Users\76162\.m2\repository\jakarta\activation\jakarta.activation-api\2.1.0\jakarta.activation-api-2.1.0.jar;C:\Users\76162\.m2\repository\org\glassfish\jaxb\jaxb-runtime\4.0.2\jaxb-runtime-4.0.2.jar;C:\Users\76162\.m2\repository\org\glassfish\jaxb\jaxb-core\4.0.2\jaxb-core-4.0.2.jar;C:\Users\76162\.m2\repository\org\eclipse\angus\angus-activation\2.0.0\angus-activation-2.0.0.jar;C:\Users\76162\.m2\repository\org\glassfish\jaxb\txw2\4.0.2\txw2-4.0.2.jar;C:\Users\76162\.m2\repository\com\sun\istack\istack-commons-runtime\4.1.1\istack-commons-runtime-4.1.1.jar;C:\Users\76162\.m2\repository\jakarta\inject\jakarta.inject-api\2.0.1\jakarta.inject-api-2.0.1.jar;C:\Users\76162\.m2\repository\org\antlr\antlr4-runtime\4.13.0\antlr4-runtime-4.13.0.jar;C:\Users\76162\.m2\repository\org\postgresql\postgresql\42.6.0\postgresql-42.6.0.jar;C:\Users\76162\.m2\repository\org\checkerframework\checker-qual\3.31.0\checker-qual-3.31.0.jar;C:\Users\76162\.m2\repository\jakarta\persistence\jakarta.persistence-api\3.1.0\jakarta.persistence-api-3.1.0.jar;C:\Users\76162\IdeaProjects\SkyWhyWaIker\Lab2\Models\target\Models-1.0-SNAPSHOT.jar;C:\Users\76162\.m2\repository\org\testcontainers\postgresql\1.19.7\postgresql-1.19.7.jar;C:\Users\76162\.m2\repository\org\testcontainers\jdbc\1.19.7\jdbc-1.19.7.jar;C:\Users\76162\.m2\repository\org\testcontainers\database-commons\1.19.7\database-commons-1.19.7.jar;C:\Users\76162\.m2\repository\org\testcontainers\junit-jupiter\1.19.7\junit-jupiter-1.19.7.jar;C:\Users\76162\.m2\repository\org\testcontainers\testcontainers\1.19.7\testcontainers-1.19.7.jar;C:\Users\76162\.m2\repository\junit\junit\4.13.2\junit-4.13.2.jar;C:\Users\76162\.m2\repository\org\hamcrest\hamcrest-core\1.3\hamcrest-core-1.3.jar;C:\Users\76162\.m2\repository\org\apache\commons\commons-compress\1.24.0\commons-compress-1.24.0.jar;C:\Users\76162\.m2\repository\org\rnorth\duct-tape\duct-tape\1.0.8\duct-tape-1.0.8.jar;C:\Users\76162\.m2\repository\org\jetbrains\annotations\17.0.0\annotations-17.0.0.jar;C:\Users\76162\.m2\repository\com\github\docker-java\docker-java-api\3.3.6\docker-java-api-3.3.6.jar;C:\Users\76162\.m2\repository\com\fasterxml\jackson\core\jackson-annotations\2.10.3\jackson-annotations-2.10.3.jar;C:\Users\76162\.m2\repository\com\github\docker-java\docker-java-transport-zerodep\3.3.6\docker-java-transport-zerodep-3.3.6.jar;C:\Users\76162\.m2\repository\com\github\docker-java\docker-java-transport\3.3.6\docker-java-transport-3.3.6.jar;C:\Users\76162\.m2\repository\net\java\dev\jna\jna\5.13.0\jna-5.13.0.jar;C:\Users\76162\.m2\repository\org\junit\jupiter\junit-jupiter-api\5.12.0\junit-jupiter-api-5.12.0.jar;C:\Users\76162\.m2\repository\org\opentest4j\opentest4j\1.3.0\opentest4j-1.3.0.jar;C:\Users\76162\.m2\repository\org\junit\platform\junit-platform-commons\1.12.0\junit-platform-commons-1.12.0.jar;C:\Users\76162\.m2\repository\org\apiguardian\apiguardian-api\1.1.2\apiguardian-api-1.1.2.jar;C:\Users\76162\.m2\repository\ch\qos\logback\logback-classic\1.4.14\logback-classic-1.4.14.jar;C:\Users\76162\.m2\repository\ch\qos\logback\logback-core\1.4.14\logback-core-1.4.14.jar;C:\Users\76162\.m2\repository\org\slf4j\slf4j-api\2.0.7\slf4j-api-2.0.7.jar;"/>
    <property name="java.vm.vendor" value="Oracle Corporation"/>
    <property name="sun.arch.data.model" value="64"/>
    <property name="user.variant" value=""/>
    <property name="java.vendor.url" value="https://java.oracle.com/"/>
    <property name="user.timezone" value="Europe/Moscow"/>
    <property name="os.name" value="Windows 10"/>
    <property name="java.vm.specification.version" value="17"/>
    <property name="sun.java.launcher" value="SUN_STANDARD"/>
    <property name="user.country" value="RU"/>
    <property name="sun.boot.library.path" value="C:\Program Files\Java\jdk-17\bin"/>
    <property name="sun.java.command" value="C:\Users\76162\AppData\Local\Temp\surefire12613025883795592595\surefirebooter-20250509211017833_3.jar C:\Users\76162\AppData\Local\Temp\surefire12613025883795592595 2025-05-09T21-10-13_563-jvmRun1 surefire-20250509211017833_1tmp surefire_0-20250509211017833_2tmp"/>
    <property name="jdk.debug" value="release"/>
    <property name="surefire.test.class.path" value="C:\Users\76162\IdeaProjects\SkyWhyWaIker\Lab2\DAO\target\test-classes;C:\Users\76162\IdeaProjects\SkyWhyWaIker\Lab2\DAO\target\classes;C:\Users\76162\.m2\repository\org\hibernate\orm\hibernate-core\6.4.0.Final\hibernate-core-6.4.0.Final.jar;C:\Users\76162\.m2\repository\jakarta\transaction\jakarta.transaction-api\2.0.1\jakarta.transaction-api-2.0.1.jar;C:\Users\76162\.m2\repository\org\jboss\logging\jboss-logging\3.5.0.Final\jboss-logging-3.5.0.Final.jar;C:\Users\76162\.m2\repository\org\hibernate\common\hibernate-commons-annotations\6.0.6.Final\hibernate-commons-annotations-6.0.6.Final.jar;C:\Users\76162\.m2\repository\io\smallrye\jandex\3.1.2\jandex-3.1.2.jar;C:\Users\76162\.m2\repository\com\fasterxml\classmate\1.5.1\classmate-1.5.1.jar;C:\Users\76162\.m2\repository\net\bytebuddy\byte-buddy\1.14.7\byte-buddy-1.14.7.jar;C:\Users\76162\.m2\repository\jakarta\xml\bind\jakarta.xml.bind-api\4.0.0\jakarta.xml.bind-api-4.0.0.jar;C:\Users\76162\.m2\repository\jakarta\activation\jakarta.activation-api\2.1.0\jakarta.activation-api-2.1.0.jar;C:\Users\76162\.m2\repository\org\glassfish\jaxb\jaxb-runtime\4.0.2\jaxb-runtime-4.0.2.jar;C:\Users\76162\.m2\repository\org\glassfish\jaxb\jaxb-core\4.0.2\jaxb-core-4.0.2.jar;C:\Users\76162\.m2\repository\org\eclipse\angus\angus-activation\2.0.0\angus-activation-2.0.0.jar;C:\Users\76162\.m2\repository\org\glassfish\jaxb\txw2\4.0.2\txw2-4.0.2.jar;C:\Users\76162\.m2\repository\com\sun\istack\istack-commons-runtime\4.1.1\istack-commons-runtime-4.1.1.jar;C:\Users\76162\.m2\repository\jakarta\inject\jakarta.inject-api\2.0.1\jakarta.inject-api-2.0.1.jar;C:\Users\76162\.m2\repository\org\antlr\antlr4-runtime\4.13.0\antlr4-runtime-4.13.0.jar;C:\Users\76162\.m2\repository\org\postgresql\postgresql\42.6.0\postgresql-42.6.0.jar;C:\Users\76162\.m2\repository\org\checkerframework\checker-qual\3.31.0\checker-qual-3.31.0.jar;C:\Users\76162\.m2\repository\jakarta\persistence\jakarta.persistence-api\3.1.0\jakarta.persistence-api-3.1.0.jar;C:\Users\76162\IdeaProjects\SkyWhyWaIker\Lab2\Models\target\Models-1.0-SNAPSHOT.jar;C:\Users\76162\.m2\repository\org\testcontainers\postgresql\1.19.7\postgresql-1.19.7.jar;C:\Users\76162\.m2\repository\org\testcontainers\jdbc\1.19.7\jdbc-1.19.7.jar;C:\Users\76162\.m2\repository\org\testcontainers\database-commons\1.19.7\database-commons-1.19.7.jar;C:\Users\76162\.m2\repository\org\testcontainers\junit-jupiter\1.19.7\junit-jupiter-1.19.7.jar;C:\Users\76162\.m2\repository\org\testcontainers\testcontainers\1.19.7\testcontainers-1.19.7.jar;C:\Users\76162\.m2\repository\junit\junit\4.13.2\junit-4.13.2.jar;C:\Users\76162\.m2\repository\org\hamcrest\hamcrest-core\1.3\hamcrest-core-1.3.jar;C:\Users\76162\.m2\repository\org\apache\commons\commons-compress\1.24.0\commons-compress-1.24.0.jar;C:\Users\76162\.m2\repository\org\rnorth\duct-tape\duct-tape\1.0.8\duct-tape-1.0.8.jar;C:\Users\76162\.m2\repository\org\jetbrains\annotations\17.0.0\annotations-17.0.0.jar;C:\Users\76162\.m2\repository\com\github\docker-java\docker-java-api\3.3.6\docker-java-api-3.3.6.jar;C:\Users\76162\.m2\repository\com\fasterxml\jackson\core\jackson-annotations\2.10.3\jackson-annotations-2.10.3.jar;C:\Users\76162\.m2\repository\com\github\docker-java\docker-java-transport-zerodep\3.3.6\docker-java-transport-zerodep-3.3.6.jar;C:\Users\76162\.m2\repository\com\github\docker-java\docker-java-transport\3.3.6\docker-java-transport-3.3.6.jar;C:\Users\76162\.m2\repository\net\java\dev\jna\jna\5.13.0\jna-5.13.0.jar;C:\Users\76162\.m2\repository\org\junit\jupiter\junit-jupiter-api\5.12.0\junit-jupiter-api-5.12.0.jar;C:\Users\76162\.m2\repository\org\opentest4j\opentest4j\1.3.0\opentest4j-1.3.0.jar;C:\Users\76162\.m2\repository\org\junit\platform\junit-platform-commons\1.12.0\junit-platform-commons-1.12.0.jar;C:\Users\76162\.m2\repository\org\apiguardian\apiguardian-api\1.1.2\apiguardian-api-1.1.2.jar;C:\Users\76162\.m2\repository\ch\qos\logback\logback-classic\1.4.14\logback-classic-1.4.14.jar;C:\Users\76162\.m2\repository\ch\qos\logback\logback-core\1.4.14\logback-core-1.4.14.jar;C:\Users\76162\.m2\repository\org\slf4j\slf4j-api\2.0.7\slf4j-api-2.0.7.jar;"/>
    <property name="sun.cpu.endian" value="little"/>
    <property name="user.home" value="C:\Users\76162"/>
    <property name="user.language" value="ru"/>
    <property name="java.specification.vendor" value="Oracle Corporation"/>
    <property name="java.version.date" value="2024-07-16"/>
    <property name="java.home" value="C:\Program Files\Java\jdk-17"/>
    <property name="file.separator" value="\"/>
    <property name="basedir" value="C:\Users\76162\IdeaProjects\SkyWhyWaIker\Lab2\DAO"/>
    <property name="java.vm.compressedOopsMode" value="32-bit"/>
    <property name="line.separator" value="&#10;"/>
    <property name="java.vm.specification.vendor" value="Oracle Corporation"/>
    <property name="java.specification.name" value="Java Platform API Specification"/>
    <property name="surefire.real.class.path" value="C:\Users\76162\AppData\Local\Temp\surefire12613025883795592595\surefirebooter-20250509211017833_3.jar"/>
    <property name="user.script" value=""/>
    <property name="sun.management.compiler" value="HotSpot 64-Bit Tiered Compilers"/>
    <property name="java.runtime.version" value="17.0.12+8-LTS-286"/>
    <property name="user.name" value="76162"/>
    <property name="path.separator" value=";"/>
    <property name="os.version" value="10.0"/>
    <property name="java.runtime.name" value="Java(TM) SE Runtime Environment"/>
    <property name="file.encoding" value="Cp1252"/>
    <property name="java.vm.name" value="Java HotSpot(TM) 64-Bit Server VM"/>
    <property name="localRepository" value="C:\Users\76162\.m2\repository"/>
    <property name="java.vendor.url.bug" value="https://bugreport.java.com/bugreport/"/>
    <property name="java.io.tmpdir" value="C:\Users\76162\AppData\Local\Temp\"/>
    <property name="java.version" value="17.0.12"/>
    <property name="user.dir" value="C:\Users\76162\IdeaProjects\SkyWhyWaIker\Lab2\DAO"/>
    <property name="os.arch" value="amd64"/>
    <property name="java.vm.specification.name" value="Java Virtual Machine Specification"/>
    <property name="sun.os.patch.level" value=""/>
    <property name="native.encoding" value="Cp1252"/>
    <property name="java.library.path" value="C:\Program Files\Java\jdk-17\bin;C:\Windows\Sun\Java\bin;C:\Windows\system32;C:\Windows;C:\Program Files\Common Files\Oracle\Java\javapath;C:\Program Files (x86)\Common Files\Oracle\Java\java8path;C:\Program Files (x86)\Common Files\Oracle\Java\javapath;C:\Windows\system32;C:\Windows;C:\Windows\System32\Wbem;C:\Windows\System32\WindowsPowerShell\v1.0\;C:\Windows\System32\OpenSSH\;C:\Program Files\dotnet\;C:\Program Files\Docker\Docker\resources\bin;C:\Program Files\Git\cmd;C:\Program Files\Apache\Maven\bin;C:\Program Files\Java\jre1.8.0_441\bin;C:\Users\76162\AppData\Local\Microsoft\WindowsApps;C:\Users\76162\AppData\Local\JetBrains\Toolbox\scripts;C:\Users\76162\AppData\Local\GitHubDesktop\bin;C:\Users\76162\.dotnet\tools;%Intellij IDEA%;C:\Users\76162\AppData\Local\Programs\Microsoft VS Code\bin;."/>
    <property name="java.vm.info" value="mixed mode, sharing"/>
    <property name="java.vendor" value="Oracle Corporation"/>
    <property name="java.vm.version" value="17.0.12+8-LTS-286"/>
    <property name="sun.io.unicode.encoding" value="UnicodeLittle"/>
    <property name="java.class.version" value="61.0"/>
  </properties>
  <testcase name="testDeleteOwner" classname="org.lab2.OwnerDAOTest" time="3.925">
    <system-out><![CDATA[21:10:19.042 [main] DEBUG org.testcontainers.utility.TestcontainersConfiguration -- Testcontainers configuration overrides will be loaded from file:/C:/Users/76162/.testcontainers.properties
21:10:19.053 [main] INFO org.testcontainers.images.PullPolicy -- Image pull policy will be performed by: DefaultPullPolicy()
21:10:19.055 [main] INFO org.testcontainers.utility.ImageNameSubstitutor -- Image name substitution will be performed by: DefaultImageNameSubstitutor (composite of 'ConfigurationFileImageNameSubstitutor' and 'PrefixingImageNameSubstitutor')
21:10:19.342 [main] INFO org.testcontainers.dockerclient.DockerClientProviderStrategy -- Loaded org.testcontainers.dockerclient.NpipeSocketClientProviderStrategy from ~/.testcontainers.properties, will try it first
21:10:19.347 [main] DEBUG org.testcontainers.dockerclient.DockerClientProviderStrategy -- Trying out strategy: NpipeSocketClientProviderStrategy
21:10:19.525 [main] DEBUG org.testcontainers.shaded.com.github.dockerjava.core.command.AbstrDockerCmd -- Cmd: 
21:10:19.553 [main] DEBUG com.github.dockerjava.zerodep.shaded.org.apache.hc.client5.http.impl.classic.InternalHttpClient -- ex-00000001: preparing request execution
21:10:19.557 [main] DEBUG com.github.dockerjava.zerodep.shaded.org.apache.hc.client5.http.protocol.RequestAddCookies -- Cookie spec selected: strict
21:10:19.562 [main] DEBUG com.github.dockerjava.zerodep.shaded.org.apache.hc.client5.http.protocol.RequestAuthCache -- Auth cache not set in the context
21:10:19.563 [main] DEBUG com.github.dockerjava.zerodep.shaded.org.apache.hc.client5.http.impl.classic.ProtocolExec -- ex-00000001: target auth state: UNCHALLENGED
21:10:19.563 [main] DEBUG com.github.dockerjava.zerodep.shaded.org.apache.hc.client5.http.impl.classic.ProtocolExec -- ex-00000001: proxy auth state: UNCHALLENGED
21:10:19.563 [main] DEBUG com.github.dockerjava.zerodep.shaded.org.apache.hc.client5.http.impl.classic.ConnectExec -- ex-00000001: acquiring connection with route {}->npipe://localhost:2375
21:10:19.564 [main] DEBUG com.github.dockerjava.zerodep.shaded.org.apache.hc.client5.http.impl.classic.InternalHttpClient -- ex-00000001: acquiring endpoint (3 MINUTES)
21:10:19.565 [main] DEBUG com.github.dockerjava.zerodep.shaded.org.apache.hc.client5.http.impl.io.PoolingHttpClientConnectionManager -- ex-00000001: endpoint lease request (3 MINUTES) [route: {}->npipe://localhost:2375][total available: 0; route allocated: 0 of 2147483647; total allocated: 0 of 2147483647]
21:10:19.568 [main] DEBUG com.github.dockerjava.zerodep.shaded.org.apache.hc.client5.http.impl.io.PoolingHttpClientConnectionManager -- ex-00000001: endpoint leased [route: {}->npipe://localhost:2375][total available: 0; route allocated: 1 of 2147483647; total allocated: 1 of 2147483647]
21:10:19.580 [main] DEBUG com.github.dockerjava.zerodep.shaded.org.apache.hc.client5.http.impl.io.PoolingHttpClientConnectionManager -- ex-00000001: acquired ep-00000000
21:10:19.580 [main] DEBUG com.github.dockerjava.zerodep.shaded.org.apache.hc.client5.http.impl.classic.InternalHttpClient -- ex-00000001: acquired endpoint ep-00000000
21:10:19.580 [main] DEBUG com.github.dockerjava.zerodep.shaded.org.apache.hc.client5.http.impl.classic.ConnectExec -- ex-00000001: opening connection {}->npipe://localhost:2375
21:10:19.581 [main] DEBUG com.github.dockerjava.zerodep.shaded.org.apache.hc.client5.http.impl.classic.InternalHttpClient -- ep-00000000: connecting endpoint (3 MINUTES)
21:10:19.581 [main] DEBUG com.github.dockerjava.zerodep.shaded.org.apache.hc.client5.http.impl.io.PoolingHttpClientConnectionManager -- ep-00000000: connecting endpoint to npipe://localhost:2375 (3 MINUTES)
21:10:19.584 [main] DEBUG com.github.dockerjava.zerodep.shaded.org.apache.hc.client5.http.impl.io.DefaultHttpClientConnectionOperator -- http-outgoing-0: connecting to localhost/127.0.0.1:2375
21:10:19.585 [main] DEBUG com.github.dockerjava.zerodep.shaded.org.apache.hc.client5.http.impl.io.DefaultHttpClientConnectionOperator -- http-outgoing-0: connection established 
21:10:19.586 [main] DEBUG com.github.dockerjava.zerodep.shaded.org.apache.hc.client5.http.impl.io.PoolingHttpClientConnectionManager -- ep-00000000: connected http-outgoing-0
21:10:19.586 [main] DEBUG com.github.dockerjava.zerodep.shaded.org.apache.hc.client5.http.impl.classic.InternalHttpClient -- ep-00000000: endpoint connected
21:10:19.587 [main] DEBUG com.github.dockerjava.zerodep.shaded.org.apache.hc.client5.http.impl.classic.MainClientExec -- ex-00000001: executing GET /v1.32/info HTTP/1.1
21:10:19.587 [main] DEBUG com.github.dockerjava.zerodep.shaded.org.apache.hc.client5.http.impl.classic.InternalHttpClient -- ep-00000000: start execution ex-00000001
21:10:19.587 [main] DEBUG com.github.dockerjava.zerodep.shaded.org.apache.hc.client5.http.impl.io.PoolingHttpClientConnectionManager -- ep-00000000: executing exchange ex-00000001 over http-outgoing-0
21:10:19.588 [main] DEBUG com.github.dockerjava.zerodep.shaded.org.apache.hc.client5.http.headers -- http-outgoing-0 >> GET /v1.32/info HTTP/1.1
21:10:19.588 [main] DEBUG com.github.dockerjava.zerodep.shaded.org.apache.hc.client5.http.headers -- http-outgoing-0 >> x-tc-sid: 2a607c29-9f73-4ad7-8e0e-ab764e999503
21:10:19.588 [main] DEBUG com.github.dockerjava.zerodep.shaded.org.apache.hc.client5.http.headers -- http-outgoing-0 >> User-Agent: tc-java/1.19.7
21:10:19.588 [main] DEBUG com.github.dockerjava.zerodep.shaded.org.apache.hc.client5.http.headers -- http-outgoing-0 >> Accept-Encoding: gzip, x-gzip, deflate
21:10:19.588 [main] DEBUG com.github.dockerjava.zerodep.shaded.org.apache.hc.client5.http.headers -- http-outgoing-0 >> Host: localhost:2375
21:10:19.588 [main] DEBUG com.github.dockerjava.zerodep.shaded.org.apache.hc.client5.http.headers -- http-outgoing-0 >> Connection: keep-alive
21:10:19.588 [main] DEBUG com.github.dockerjava.zerodep.shaded.org.apache.hc.client5.http.wire -- http-outgoing-0 >> "GET /v1.32/info HTTP/1.1[\r][\n]"
21:10:19.589 [main] DEBUG com.github.dockerjava.zerodep.shaded.org.apache.hc.client5.http.wire -- http-outgoing-0 >> "x-tc-sid: 2a607c29-9f73-4ad7-8e0e-ab764e999503[\r][\n]"
21:10:19.589 [main] DEBUG com.github.dockerjava.zerodep.shaded.org.apache.hc.client5.http.wire -- http-outgoing-0 >> "User-Agent: tc-java/1.19.7[\r][\n]"
21:10:19.589 [main] DEBUG com.github.dockerjava.zerodep.shaded.org.apache.hc.client5.http.wire -- http-outgoing-0 >> "Accept-Encoding: gzip, x-gzip, deflate[\r][\n]"
21:10:19.589 [main] DEBUG com.github.dockerjava.zerodep.shaded.org.apache.hc.client5.http.wire -- http-outgoing-0 >> "Host: localhost:2375[\r][\n]"
21:10:19.589 [main] DEBUG com.github.dockerjava.zerodep.shaded.org.apache.hc.client5.http.wire -- http-outgoing-0 >> "Connection: keep-alive[\r][\n]"
21:10:19.589 [main] DEBUG com.github.dockerjava.zerodep.shaded.org.apache.hc.client5.http.wire -- http-outgoing-0 >> "[\r][\n]"
21:10:19.593 [main] DEBUG com.github.dockerjava.zerodep.shaded.org.apache.hc.client5.http.wire -- http-outgoing-0 << "HTTP/1.1 200 OK[\r][\n]"
21:10:19.593 [main] DEBUG com.github.dockerjava.zerodep.shaded.org.apache.hc.client5.http.wire -- http-outgoing-0 << "Api-Version: 1.47[\r][\n]"
21:10:19.593 [main] DEBUG com.github.dockerjava.zerodep.shaded.org.apache.hc.client5.http.wire -- http-outgoing-0 << "Content-Type: application/json[\r][\n]"
21:10:19.593 [main] DEBUG com.github.dockerjava.zerodep.shaded.org.apache.hc.client5.http.wire -- http-outgoing-0 << "Date: Fri, 09 May 2025 21:10:19 GMT[\r][\n]"
21:10:19.593 [main] DEBUG com.github.dockerjava.zerodep.shaded.org.apache.hc.client5.http.wire -- http-outgoing-0 << "Docker-Experimental: false[\r][\n]"
21:10:19.593 [main] DEBUG com.github.dockerjava.zerodep.shaded.org.apache.hc.client5.http.wire -- http-outgoing-0 << "Ostype: linux[\r][\n]"
21:10:19.593 [main] DEBUG com.github.dockerjava.zerodep.shaded.org.apache.hc.client5.http.wire -- http-outgoing-0 << "Server: Docker/27.3.1 (linux)[\r][\n]"
21:10:19.593 [main] DEBUG com.github.dockerjava.zerodep.shaded.org.apache.hc.client5.http.wire -- http-outgoing-0 << "Transfer-Encoding: chunked[\r][\n]"
21:10:19.593 [main] DEBUG com.github.dockerjava.zerodep.shaded.org.apache.hc.client5.http.wire -- http-outgoing-0 << "[\r][\n]"
21:10:19.593 [main] DEBUG com.github.dockerjava.zerodep.shaded.org.apache.hc.client5.http.wire -- http-outgoing-0 << "a9b[\r][\n]"
21:10:19.593 [main] DEBUG com.github.dockerjava.zerodep.shaded.org.apache.hc.client5.http.wire -- http-outgoing-0 << "{"ID":"ad6c67b7-9f8e-44a3-b1ec-f87e2e154155","Containers":4,"ContainersRunning":0,"ContainersPaused":0,"ContainersStopped":4,"Images":8,"Driver":"overlayfs","DriverStatus":[["driver-type","io.containerd.snapshotter.v1"]],"Plugins":{"Volume":["local"],"Network":["bridge","host","ipvlan","macvlan","null","overlay"],"Authorization":null,"Log":["awslogs","fluentd","gcplogs","gelf","journald","json-file","local","splunk","syslog"]},"MemoryLimit":true,"SwapLimit":true,"KernelMemoryTCP":true,"CpuCfsPeriod":true,"CpuCfsQuota":true,"CPUShares":true,"CPUSet":true,"PidsLimit":true,"IPv4Forwarding":true,"BridgeNfIptables":true,"BridgeNfIp6tables":true,"Debug":false,"NFd":56,"OomKillDisable":true,"NGoroutines":85,"SystemTime":"2025-05-09T17:48:53.9081128Z","LoggingDriver":"json-file","CgroupDriver":"cgroupfs","CgroupVersion":"1","NEventsListener":15,"KernelVersion":"5.15.167.4-microsoft-standard-WSL2","OperatingSystem":"Docker Desktop","OSVersion":"","OSType":"linux","Architecture":"x86_64","IndexServerAddress":"https://index.docker.io/v1/","RegistryConfig":{"AllowNondistributableArtifactsCIDRs":null,"AllowNondistributableArtifactsHostnames":null,"InsecureRegistryCIDRs":["127.0.0.0/8"],"IndexConfigs":{"docker.io":{"Name":"docker.io","Mirrors":[],"Secure":true,"Official":true},"hubproxy.docker.internal:5555":{"Name":"hubproxy.docker.internal:5555","Mirrors":[],"Secure":false,"Official":false}},"Mirrors":null},"NCPU":8,"MemTotal":4008468480,"GenericResources":null,"DockerRootDir":"/var/lib/docker","HttpProxy":"http.docker.internal:3128","HttpsProxy":"http.docker.internal:3128","NoProxy":"hubproxy.docker.internal","Name":"docker-desktop","Labels":["com.docker.desktop.address=npipe://\\\\.\\pipe\\docker_cli"],"ExperimentalBuild":false,"ServerVersion":"27.3.1","Runtimes":{"io.containerd.runc.v2":{"path":"runc"},"nvidia":{"path":"nvidia-container-runtime"},"runc":{"path":"runc"}},"DefaultRuntime":"runc","Swarm":{"NodeID":"","NodeAddr":"","LocalNodeState":"inactive","ControlAvailable":false,"Error":"","RemoteManagers":null},"LiveRestoreEnabled":false,"Isolation":"","InitBinary":"docker-init","ContainerdCommit":{"ID":"472731909fa34bd7bc9c087e4c27943f9835f111","Expected":"472731909fa34bd7bc9c087e4c27943f9835f111"},"RuncCommit":{"ID":"v1.1.13-0-g58aa920","Expected":"v1.1.13-0-g58aa920"},"InitCommit":{"ID":"de40ad0","Expected":"de40ad0"},"SecurityOptions":["name=seccomp,profile=unconfined"],"CDISpecDirs":[],"Warnings":["WARNING: No blkio throttle.read_bps_device support","WARNING: No blkio throttle.write_bps_device support","WARNING: No blkio throttle.read_iops_device support","WARNING: No blkio throttle.write_iops_device support","WARNING: daemon is not using the default seccomp profile"]}[\r][\n]"
21:10:19.594 [main] DEBUG com.github.dockerjava.zerodep.shaded.org.apache.hc.client5.http.wire -- http-outgoing-0 << "0[\r][\n]"
21:10:19.594 [main] DEBUG com.github.dockerjava.zerodep.shaded.org.apache.hc.client5.http.wire -- http-outgoing-0 << "[\r][\n]"
21:10:19.595 [main] DEBUG com.github.dockerjava.zerodep.shaded.org.apache.hc.client5.http.headers -- http-outgoing-0 << HTTP/1.1 200 OK
21:10:19.596 [main] DEBUG com.github.dockerjava.zerodep.shaded.org.apache.hc.client5.http.headers -- http-outgoing-0 << Api-Version: 1.47
21:10:19.596 [main] DEBUG com.github.dockerjava.zerodep.shaded.org.apache.hc.client5.http.headers -- http-outgoing-0 << Content-Type: application/json
21:10:19.596 [main] DEBUG com.github.dockerjava.zerodep.shaded.org.apache.hc.client5.http.headers -- http-outgoing-0 << Date: Fri, 09 May 2025 21:10:19 GMT
21:10:19.596 [main] DEBUG com.github.dockerjava.zerodep.shaded.org.apache.hc.client5.http.headers -- http-outgoing-0 << Docker-Experimental: false
21:10:19.596 [main] DEBUG com.github.dockerjava.zerodep.shaded.org.apache.hc.client5.http.headers -- http-outgoing-0 << Ostype: linux
21:10:19.596 [main] DEBUG com.github.dockerjava.zerodep.shaded.org.apache.hc.client5.http.headers -- http-outgoing-0 << Server: Docker/27.3.1 (linux)
21:10:19.596 [main] DEBUG com.github.dockerjava.zerodep.shaded.org.apache.hc.client5.http.headers -- http-outgoing-0 << Transfer-Encoding: chunked
21:10:19.599 [main] DEBUG com.github.dockerjava.zerodep.shaded.org.apache.hc.client5.http.impl.classic.MainClientExec -- ex-00000001: connection can be kept alive for 3 MINUTES
21:10:19.692 [main] DEBUG com.github.dockerjava.zerodep.shaded.org.apache.hc.client5.http.impl.classic.InternalHttpClient -- ep-00000000: releasing valid endpoint
21:10:19.692 [main] DEBUG com.github.dockerjava.zerodep.shaded.org.apache.hc.client5.http.impl.io.PoolingHttpClientConnectionManager -- ep-00000000: releasing endpoint
21:10:19.692 [main] DEBUG com.github.dockerjava.zerodep.shaded.org.apache.hc.client5.http.impl.io.PoolingHttpClientConnectionManager -- ep-00000000: connection http-outgoing-0 can be kept alive for 3 MINUTES
21:10:19.693 [main] DEBUG com.github.dockerjava.zerodep.shaded.org.apache.hc.client5.http.impl.io.PoolingHttpClientConnectionManager -- ep-00000000: connection released [route: {}->npipe://localhost:2375][total available: 1; route allocated: 1 of 2147483647; total allocated: 1 of 2147483647]
21:10:19.693 [main] INFO org.testcontainers.dockerclient.DockerClientProviderStrategy -- Found Docker environment with local Npipe socket (npipe:////./pipe/docker_engine)
21:10:19.694 [main] DEBUG org.testcontainers.dockerclient.DockerClientProviderStrategy -- Transport type: 'httpclient5', Docker host: 'npipe:////./pipe/docker_engine'
21:10:19.694 [main] DEBUG org.testcontainers.dockerclient.DockerClientProviderStrategy -- Checking Docker OS type for local Npipe socket (npipe:////./pipe/docker_engine)
21:10:19.695 [main] INFO org.testcontainers.DockerClientFactory -- Docker host IP address is localhost
21:10:19.696 [main] DEBUG org.testcontainers.DockerClientFactory -- Docker info: {CDISpecDirs=[], NGoroutines=85, Name=docker-desktop, Swarm={NodeID=, NodeAddr=, LocalNodeState=inactive, ControlAvailable=false, Error=, RemoteManagers=null}, RuncCommit={ID=v1.1.13-0-g58aa920, Expected=v1.1.13-0-g58aa920}, OSVersion=, Runtimes={io.containerd.runc.v2={path=runc}, nvidia={path=nvidia-container-runtime}, runc={path=runc}}, ID=ad6c67b7-9f8e-44a3-b1ec-f87e2e154155, DriverStatus=[[driver-type, io.containerd.snapshotter.v1]], BridgeNfIptables=true, LiveRestoreEnabled=false, SystemTime=2025-05-09T17:48:53.9081128Z, NoProxy=hubproxy.docker.internal, Architecture=x86_64, NEventsListener=15, HttpsProxy=http.docker.internal:3128, Images=8, ContainersRunning=0, Labels=[com.docker.desktop.address=npipe://\\.\pipe\docker_cli], InitCommit={ID=de40ad0, Expected=de40ad0}, NFd=56, KernelVersion=5.15.167.4-microsoft-standard-WSL2, LoggingDriver=json-file, OSType=linux, SecurityOptions=[name=seccomp,profile=unconfined], ContainerdCommit={ID=472731909fa34bd7bc9c087e4c27943f9835f111, Expected=472731909fa34bd7bc9c087e4c27943f9835f111}, GenericResources=null, OperatingSystem=Docker Desktop, RegistryConfig={AllowNondistributableArtifactsCIDRs=null, AllowNondistributableArtifactsHostnames=null, InsecureRegistryCIDRs=[127.0.0.0/8], IndexConfigs={docker.io={Name=docker.io, Mirrors=[], Secure=true, Official=true}, hubproxy.docker.internal:5555={Name=hubproxy.docker.internal:5555, Mirrors=[], Secure=false, Official=false}}, Mirrors=null}, ServerVersion=27.3.1, OomKillDisable=true, CpuCfsQuota=true, Containers=4, Driver=overlayfs, KernelMemoryTCP=true, IPv4Forwarding=true, ExperimentalBuild=false, DockerRootDir=/var/lib/docker, CPUSet=true, CpuCfsPeriod=true, DefaultRuntime=runc, CPUShares=true, Debug=false, NCPU=8, Plugins={Volume=[local], Network=[bridge, host, ipvlan, macvlan, null, overlay], Authorization=null, Log=[awslogs, fluentd, gcplogs, gelf, journald, json-file, local, splunk, syslog]}, SwapLimit=true, CgroupDriver=cgroupfs, ContainersPaused=0, MemTotal=4008468480, IndexServerAddress=https://index.docker.io/v1/, MemoryLimit=true, HttpProxy=http.docker.internal:3128, InitBinary=docker-init, CgroupVersion=1, PidsLimit=true, Isolation=, BridgeNfIp6tables=true, Warnings=[WARNING: No blkio throttle.read_bps_device support, WARNING: No blkio throttle.write_bps_device support, WARNING: No blkio throttle.read_iops_device support, WARNING: No blkio throttle.write_iops_device support, WARNING: daemon is not using the default seccomp profile], ContainersStopped=4}
21:10:19.698 [main] DEBUG org.testcontainers.shaded.com.github.dockerjava.core.command.AbstrDockerCmd -- Cmd: 
21:10:19.700 [main] DEBUG com.github.dockerjava.zerodep.shaded.org.apache.hc.client5.http.impl.classic.InternalHttpClient -- ex-00000002: preparing request execution
21:10:19.700 [main] DEBUG com.github.dockerjava.zerodep.shaded.org.apache.hc.client5.http.protocol.RequestAddCookies -- Cookie spec selected: strict
21:10:19.700 [main] DEBUG com.github.dockerjava.zerodep.shaded.org.apache.hc.client5.http.protocol.RequestAuthCache -- Auth cache not set in the context
21:10:19.700 [main] DEBUG com.github.dockerjava.zerodep.shaded.org.apache.hc.client5.http.impl.classic.ProtocolExec -- ex-00000002: target auth state: UNCHALLENGED
21:10:19.700 [main] DEBUG com.github.dockerjava.zerodep.shaded.org.apache.hc.client5.http.impl.classic.ProtocolExec -- ex-00000002: proxy auth state: UNCHALLENGED
21:10:19.700 [main] DEBUG com.github.dockerjava.zerodep.shaded.org.apache.hc.client5.http.impl.classic.ConnectExec -- ex-00000002: acquiring connection with route {}->npipe://localhost:2375
21:10:19.700 [main] DEBUG com.github.dockerjava.zerodep.shaded.org.apache.hc.client5.http.impl.classic.InternalHttpClient -- ex-00000002: acquiring endpoint (3 MINUTES)
21:10:19.700 [main] DEBUG com.github.dockerjava.zerodep.shaded.org.apache.hc.client5.http.impl.io.PoolingHttpClientConnectionManager -- ex-00000002: endpoint lease request (3 MINUTES) [route: {}->npipe://localhost:2375][total available: 1; route allocated: 1 of 2147483647; total allocated: 1 of 2147483647]
21:10:19.701 [main] DEBUG com.github.dockerjava.zerodep.shaded.org.apache.hc.client5.http.impl.io.PoolingHttpClientConnectionManager -- ex-00000002: endpoint leased [route: {}->npipe://localhost:2375][total available: 0; route allocated: 1 of 2147483647; total allocated: 1 of 2147483647]
21:10:19.701 [main] DEBUG com.github.dockerjava.zerodep.shaded.org.apache.hc.client5.http.impl.io.PoolingHttpClientConnectionManager -- ex-00000002: acquired ep-00000001
21:10:19.701 [main] DEBUG com.github.dockerjava.zerodep.shaded.org.apache.hc.client5.http.impl.classic.InternalHttpClient -- ex-00000002: acquired endpoint ep-00000001
21:10:19.701 [main] DEBUG com.github.dockerjava.zerodep.shaded.org.apache.hc.client5.http.impl.classic.MainClientExec -- ex-00000002: executing GET /v1.32/version HTTP/1.1
21:10:19.701 [main] DEBUG com.github.dockerjava.zerodep.shaded.org.apache.hc.client5.http.impl.classic.InternalHttpClient -- ep-00000001: start execution ex-00000002
21:10:19.701 [main] DEBUG com.github.dockerjava.zerodep.shaded.org.apache.hc.client5.http.impl.io.PoolingHttpClientConnectionManager -- ep-00000001: executing exchange ex-00000002 over http-outgoing-0
21:10:19.701 [main] DEBUG com.github.dockerjava.zerodep.shaded.org.apache.hc.client5.http.headers -- http-outgoing-0 >> GET /v1.32/version HTTP/1.1
21:10:19.701 [main] DEBUG com.github.dockerjava.zerodep.shaded.org.apache.hc.client5.http.headers -- http-outgoing-0 >> accept: application/json
21:10:19.701 [main] DEBUG com.github.dockerjava.zerodep.shaded.org.apache.hc.client5.http.headers -- http-outgoing-0 >> x-tc-sid: 2a607c29-9f73-4ad7-8e0e-ab764e999503
21:10:19.701 [main] DEBUG com.github.dockerjava.zerodep.shaded.org.apache.hc.client5.http.headers -- http-outgoing-0 >> User-Agent: tc-java/1.19.7
21:10:19.702 [main] DEBUG com.github.dockerjava.zerodep.shaded.org.apache.hc.client5.http.headers -- http-outgoing-0 >> Accept-Encoding: gzip, x-gzip, deflate
21:10:19.702 [main] DEBUG com.github.dockerjava.zerodep.shaded.org.apache.hc.client5.http.headers -- http-outgoing-0 >> Host: localhost:2375
21:10:19.702 [main] DEBUG com.github.dockerjava.zerodep.shaded.org.apache.hc.client5.http.headers -- http-outgoing-0 >> Connection: keep-alive
21:10:19.702 [main] DEBUG com.github.dockerjava.zerodep.shaded.org.apache.hc.client5.http.wire -- http-outgoing-0 >> "GET /v1.32/version HTTP/1.1[\r][\n]"
21:10:19.702 [main] DEBUG com.github.dockerjava.zerodep.shaded.org.apache.hc.client5.http.wire -- http-outgoing-0 >> "accept: application/json[\r][\n]"
21:10:19.702 [main] DEBUG com.github.dockerjava.zerodep.shaded.org.apache.hc.client5.http.wire -- http-outgoing-0 >> "x-tc-sid: 2a607c29-9f73-4ad7-8e0e-ab764e999503[\r][\n]"
21:10:19.702 [main] DEBUG com.github.dockerjava.zerodep.shaded.org.apache.hc.client5.http.wire -- http-outgoing-0 >> "User-Agent: tc-java/1.19.7[\r][\n]"
21:10:19.702 [main] DEBUG com.github.dockerjava.zerodep.shaded.org.apache.hc.client5.http.wire -- http-outgoing-0 >> "Accept-Encoding: gzip, x-gzip, deflate[\r][\n]"
21:10:19.702 [main] DEBUG com.github.dockerjava.zerodep.shaded.org.apache.hc.client5.http.wire -- http-outgoing-0 >> "Host: localhost:2375[\r][\n]"
21:10:19.702 [main] DEBUG com.github.dockerjava.zerodep.shaded.org.apache.hc.client5.http.wire -- http-outgoing-0 >> "Connection: keep-alive[\r][\n]"
21:10:19.702 [main] DEBUG com.github.dockerjava.zerodep.shaded.org.apache.hc.client5.http.wire -- http-outgoing-0 >> "[\r][\n]"
21:10:19.704 [main] DEBUG com.github.dockerjava.zerodep.shaded.org.apache.hc.client5.http.wire -- http-outgoing-0 << "HTTP/1.1 200 OK[\r][\n]"
21:10:19.704 [main] DEBUG com.github.dockerjava.zerodep.shaded.org.apache.hc.client5.http.wire -- http-outgoing-0 << "Api-Version: 1.47[\r][\n]"
21:10:19.704 [main] DEBUG com.github.dockerjava.zerodep.shaded.org.apache.hc.client5.http.wire -- http-outgoing-0 << "Content-Type: application/json[\r][\n]"
21:10:19.704 [main] DEBUG com.github.dockerjava.zerodep.shaded.org.apache.hc.client5.http.wire -- http-outgoing-0 << "Date: Fri, 09 May 2025 21:10:19 GMT[\r][\n]"
21:10:19.704 [main] DEBUG com.github.dockerjava.zerodep.shaded.org.apache.hc.client5.http.wire -- http-outgoing-0 << "Docker-Experimental: false[\r][\n]"
21:10:19.704 [main] DEBUG com.github.dockerjava.zerodep.shaded.org.apache.hc.client5.http.wire -- http-outgoing-0 << "Ostype: linux[\r][\n]"
21:10:19.704 [main] DEBUG com.github.dockerjava.zerodep.shaded.org.apache.hc.client5.http.wire -- http-outgoing-0 << "Server: Docker/27.3.1 (linux)[\r][\n]"
21:10:19.704 [main] DEBUG com.github.dockerjava.zerodep.shaded.org.apache.hc.client5.http.wire -- http-outgoing-0 << "Content-Length: 863[\r][\n]"
21:10:19.704 [main] DEBUG com.github.dockerjava.zerodep.shaded.org.apache.hc.client5.http.wire -- http-outgoing-0 << "[\r][\n]"
21:10:19.704 [main] DEBUG com.github.dockerjava.zerodep.shaded.org.apache.hc.client5.http.wire -- http-outgoing-0 << "{"Platform":{"Name":"Docker Desktop 4.36.0 (175267)"},"Components":[{"Name":"Engine","Version":"27.3.1","Details":{"ApiVersion":"1.47","Arch":"amd64","BuildTime":"2024-09-20T11:41:11.000000000+00:00","Experimental":"false","GitCommit":"41ca978","GoVersion":"go1.22.7","KernelVersion":"5.15.167.4-microsoft-standard-WSL2","MinAPIVersion":"1.24","Os":"linux"}},{"Name":"containerd","Version":"1.7.21","Details":{"GitCommit":"472731909fa34bd7bc9c087e4c27943f9835f111"}},{"Name":"runc","Version":"1.1.13","Details":{"GitCommit":"v1.1.13-0-g58aa920"}},{"Name":"docker-init","Version":"0.19.0","Details":{"GitCommit":"de40ad0"}}],"Version":"27.3.1","ApiVersion":"1.47","MinAPIVersion":"1.24","GitCommit":"41ca978","GoVersion":"go1.22.7","Os":"linux","Arch":"amd64","KernelVersion":"5.15.167.4-microsoft-standard-WSL2","BuildTime":"2024-09-20T11:41:11.000000000+00:00"}[\n]"
21:10:19.704 [main] DEBUG com.github.dockerjava.zerodep.shaded.org.apache.hc.client5.http.headers -- http-outgoing-0 << HTTP/1.1 200 OK
21:10:19.704 [main] DEBUG com.github.dockerjava.zerodep.shaded.org.apache.hc.client5.http.headers -- http-outgoing-0 << Api-Version: 1.47
21:10:19.704 [main] DEBUG com.github.dockerjava.zerodep.shaded.org.apache.hc.client5.http.headers -- http-outgoing-0 << Content-Type: application/json
21:10:19.704 [main] DEBUG com.github.dockerjava.zerodep.shaded.org.apache.hc.client5.http.headers -- http-outgoing-0 << Date: Fri, 09 May 2025 21:10:19 GMT
21:10:19.705 [main] DEBUG com.github.dockerjava.zerodep.shaded.org.apache.hc.client5.http.headers -- http-outgoing-0 << Docker-Experimental: false
21:10:19.705 [main] DEBUG com.github.dockerjava.zerodep.shaded.org.apache.hc.client5.http.headers -- http-outgoing-0 << Ostype: linux
21:10:19.705 [main] DEBUG com.github.dockerjava.zerodep.shaded.org.apache.hc.client5.http.headers -- http-outgoing-0 << Server: Docker/27.3.1 (linux)
21:10:19.705 [main] DEBUG com.github.dockerjava.zerodep.shaded.org.apache.hc.client5.http.headers -- http-outgoing-0 << Content-Length: 863
21:10:19.706 [main] DEBUG com.github.dockerjava.zerodep.shaded.org.apache.hc.client5.http.impl.classic.MainClientExec -- ex-00000002: connection can be kept alive for 3 MINUTES
21:10:19.713 [main] DEBUG com.github.dockerjava.zerodep.shaded.org.apache.hc.client5.http.impl.classic.InternalHttpClient -- ep-00000001: releasing valid endpoint
21:10:19.713 [main] DEBUG com.github.dockerjava.zerodep.shaded.org.apache.hc.client5.http.impl.io.PoolingHttpClientConnectionManager -- ep-00000001: releasing endpoint
21:10:19.714 [main] DEBUG com.github.dockerjava.zerodep.shaded.org.apache.hc.client5.http.impl.io.PoolingHttpClientConnectionManager -- ep-00000001: connection http-outgoing-0 can be kept alive for 3 MINUTES
21:10:19.714 [main] DEBUG com.github.dockerjava.zerodep.shaded.org.apache.hc.client5.http.impl.io.PoolingHttpClientConnectionManager -- ep-00000001: connection released [route: {}->npipe://localhost:2375][total available: 1; route allocated: 1 of 2147483647; total allocated: 1 of 2147483647]
21:10:19.714 [main] DEBUG org.testcontainers.DockerClientFactory -- Docker version: {Components=[{Name=Engine, Version=27.3.1, Details={ApiVersion=1.47, Arch=amd64, BuildTime=2024-09-20T11:41:11.000000000+00:00, Experimental=false, GitCommit=41ca978, GoVersion=go1.22.7, KernelVersion=5.15.167.4-microsoft-standard-WSL2, MinAPIVersion=1.24, Os=linux}}, {Name=containerd, Version=1.7.21, Details={GitCommit=472731909fa34bd7bc9c087e4c27943f9835f111}}, {Name=runc, Version=1.1.13, Details={GitCommit=v1.1.13-0-g58aa920}}, {Name=docker-init, Version=0.19.0, Details={GitCommit=de40ad0}}], KernelVersion=5.15.167.4-microsoft-standard-WSL2, ApiVersion=1.47, Platform={Name=Docker Desktop 4.36.0 (175267)}, GitCommit=41ca978, Os=linux, Version=27.3.1, MinAPIVersion=1.24, Arch=amd64, GoVersion=go1.22.7, BuildTime=2024-09-20T11:41:11.000000000+00:00}
21:10:19.714 [main] INFO org.testcontainers.DockerClientFactory -- Connected to docker: 
  Server Version: 27.3.1
  API Version: 1.47
  Operating System: Docker Desktop
  Total Memory: 3822 MB
21:10:19.727 [main] DEBUG org.testcontainers.utility.RyukResourceReaper -- Ryuk is enabled
21:10:19.730 [main] DEBUG org.testcontainers.utility.PrefixingImageNameSubstitutor -- No prefix is configured
21:10:19.730 [main] DEBUG org.testcontainers.utility.ImageNameSubstitutor -- Did not find a substitute image for testcontainers/ryuk:0.6.0 (using image substitutor: DefaultImageNameSubstitutor (composite of 'ConfigurationFileImageNameSubstitutor' and 'PrefixingImageNameSubstitutor'))
21:10:19.734 [main] DEBUG org.testcontainers.shaded.com.github.dockerjava.core.command.AbstrDockerCmd -- Cmd: ListImagesCmdImpl[filters=org.testcontainers.shaded.com.github.dockerjava.core.util.FiltersBuilder@0,imageNameFilter=<null>,showAll=false]
21:10:19.739 [main] DEBUG com.github.dockerjava.zerodep.shaded.org.apache.hc.client5.http.impl.classic.InternalHttpClient -- ex-00000003: preparing request execution
21:10:19.739 [main] DEBUG com.github.dockerjava.zerodep.shaded.org.apache.hc.client5.http.protocol.RequestAddCookies -- Cookie spec selected: strict
21:10:19.739 [main] DEBUG com.github.dockerjava.zerodep.shaded.org.apache.hc.client5.http.protocol.RequestAuthCache -- Auth cache not set in the context
21:10:19.739 [main] DEBUG com.github.dockerjava.zerodep.shaded.org.apache.hc.client5.http.impl.classic.ProtocolExec -- ex-00000003: target auth state: UNCHALLENGED
21:10:19.739 [main] DEBUG com.github.dockerjava.zerodep.shaded.org.apache.hc.client5.http.impl.classic.ProtocolExec -- ex-00000003: proxy auth state: UNCHALLENGED
21:10:19.740 [main] DEBUG com.github.dockerjava.zerodep.shaded.org.apache.hc.client5.http.impl.classic.ConnectExec -- ex-00000003: acquiring connection with route {}->npipe://localhost:2375
21:10:19.740 [main] DEBUG com.github.dockerjava.zerodep.shaded.org.apache.hc.client5.http.impl.classic.InternalHttpClient -- ex-00000003: acquiring endpoint (3 MINUTES)
21:10:19.740 [main] DEBUG com.github.dockerjava.zerodep.shaded.org.apache.hc.client5.http.impl.io.PoolingHttpClientConnectionManager -- ex-00000003: endpoint lease request (3 MINUTES) [route: {}->npipe://localhost:2375][total available: 1; route allocated: 1 of 2147483647; total allocated: 1 of 2147483647]
21:10:19.740 [main] DEBUG com.github.dockerjava.zerodep.shaded.org.apache.hc.client5.http.impl.io.PoolingHttpClientConnectionManager -- ex-00000003: endpoint leased [route: {}->npipe://localhost:2375][total available: 0; route allocated: 1 of 2147483647; total allocated: 1 of 2147483647]
21:10:19.740 [main] DEBUG com.github.dockerjava.zerodep.shaded.org.apache.hc.client5.http.impl.io.PoolingHttpClientConnectionManager -- ex-00000003: acquired ep-00000002
21:10:19.740 [main] DEBUG com.github.dockerjava.zerodep.shaded.org.apache.hc.client5.http.impl.classic.InternalHttpClient -- ex-00000003: acquired endpoint ep-00000002
21:10:19.740 [main] DEBUG com.github.dockerjava.zerodep.shaded.org.apache.hc.client5.http.impl.classic.MainClientExec -- ex-00000003: executing GET /v1.32/images/json HTTP/1.1
21:10:19.740 [main] DEBUG com.github.dockerjava.zerodep.shaded.org.apache.hc.client5.http.impl.classic.InternalHttpClient -- ep-00000002: start execution ex-00000003
21:10:19.741 [main] DEBUG com.github.dockerjava.zerodep.shaded.org.apache.hc.client5.http.impl.io.PoolingHttpClientConnectionManager -- ep-00000002: executing exchange ex-00000003 over http-outgoing-0
21:10:19.741 [main] DEBUG com.github.dockerjava.zerodep.shaded.org.apache.hc.client5.http.headers -- http-outgoing-0 >> GET /v1.32/images/json HTTP/1.1
21:10:19.741 [main] DEBUG com.github.dockerjava.zerodep.shaded.org.apache.hc.client5.http.headers -- http-outgoing-0 >> accept: application/json
21:10:19.741 [main] DEBUG com.github.dockerjava.zerodep.shaded.org.apache.hc.client5.http.headers -- http-outgoing-0 >> x-tc-sid: 2a607c29-9f73-4ad7-8e0e-ab764e999503
21:10:19.741 [main] DEBUG com.github.dockerjava.zerodep.shaded.org.apache.hc.client5.http.headers -- http-outgoing-0 >> User-Agent: tc-java/1.19.7
21:10:19.741 [main] DEBUG com.github.dockerjava.zerodep.shaded.org.apache.hc.client5.http.headers -- http-outgoing-0 >> Accept-Encoding: gzip, x-gzip, deflate
21:10:19.741 [main] DEBUG com.github.dockerjava.zerodep.shaded.org.apache.hc.client5.http.headers -- http-outgoing-0 >> Host: localhost:2375
21:10:19.741 [main] DEBUG com.github.dockerjava.zerodep.shaded.org.apache.hc.client5.http.headers -- http-outgoing-0 >> Connection: keep-alive
21:10:19.741 [main] DEBUG com.github.dockerjava.zerodep.shaded.org.apache.hc.client5.http.wire -- http-outgoing-0 >> "GET /v1.32/images/json HTTP/1.1[\r][\n]"
21:10:19.741 [main] DEBUG com.github.dockerjava.zerodep.shaded.org.apache.hc.client5.http.wire -- http-outgoing-0 >> "accept: application/json[\r][\n]"
21:10:19.741 [main] DEBUG com.github.dockerjava.zerodep.shaded.org.apache.hc.client5.http.wire -- http-outgoing-0 >> "x-tc-sid: 2a607c29-9f73-4ad7-8e0e-ab764e999503[\r][\n]"
21:10:19.741 [main] DEBUG com.github.dockerjava.zerodep.shaded.org.apache.hc.client5.http.wire -- http-outgoing-0 >> "User-Agent: tc-java/1.19.7[\r][\n]"
21:10:19.742 [main] DEBUG com.github.dockerjava.zerodep.shaded.org.apache.hc.client5.http.wire -- http-outgoing-0 >> "Accept-Encoding: gzip, x-gzip, deflate[\r][\n]"
21:10:19.742 [main] DEBUG com.github.dockerjava.zerodep.shaded.org.apache.hc.client5.http.wire -- http-outgoing-0 >> "Host: localhost:2375[\r][\n]"
21:10:19.742 [main] DEBUG com.github.dockerjava.zerodep.shaded.org.apache.hc.client5.http.wire -- http-outgoing-0 >> "Connection: keep-alive[\r][\n]"
21:10:19.742 [main] DEBUG com.github.dockerjava.zerodep.shaded.org.apache.hc.client5.http.wire -- http-outgoing-0 >> "[\r][\n]"
21:10:19.746 [main] DEBUG com.github.dockerjava.zerodep.shaded.org.apache.hc.client5.http.wire -- http-outgoing-0 << "HTTP/1.1 200 OK[\r][\n]"
21:10:19.746 [main] DEBUG com.github.dockerjava.zerodep.shaded.org.apache.hc.client5.http.wire -- http-outgoing-0 << "Api-Version: 1.47[\r][\n]"
21:10:19.746 [main] DEBUG com.github.dockerjava.zerodep.shaded.org.apache.hc.client5.http.wire -- http-outgoing-0 << "Content-Type: application/json[\r][\n]"
21:10:19.746 [main] DEBUG com.github.dockerjava.zerodep.shaded.org.apache.hc.client5.http.wire -- http-outgoing-0 << "Date: Fri, 09 May 2025 21:10:19 GMT[\r][\n]"
21:10:19.746 [main] DEBUG com.github.dockerjava.zerodep.shaded.org.apache.hc.client5.http.wire -- http-outgoing-0 << "Docker-Experimental: false[\r][\n]"
21:10:19.746 [main] DEBUG com.github.dockerjava.zerodep.shaded.org.apache.hc.client5.http.wire -- http-outgoing-0 << "Ostype: linux[\r][\n]"
21:10:19.746 [main] DEBUG com.github.dockerjava.zerodep.shaded.org.apache.hc.client5.http.wire -- http-outgoing-0 << "Server: Docker/27.3.1 (linux)[\r][\n]"
21:10:19.746 [main] DEBUG com.github.dockerjava.zerodep.shaded.org.apache.hc.client5.http.wire -- http-outgoing-0 << "Transfer-Encoding: chunked[\r][\n]"
21:10:19.746 [main] DEBUG com.github.dockerjava.zerodep.shaded.org.apache.hc.client5.http.wire -- http-outgoing-0 << "[\r][\n]"
21:10:19.747 [main] DEBUG com.github.dockerjava.zerodep.shaded.org.apache.hc.client5.http.wire -- http-outgoing-0 << "b3d[\r][\n]"
21:10:19.747 [main] DEBUG com.github.dockerjava.zerodep.shaded.org.apache.hc.client5.http.wire -- http-outgoing-0 << "[{"Containers":-1,"Created":1743589705,"Id":"sha256:52cb72a9e3da275324ca0b9bb3891021366d501aad375db34584a7bca8ce02ff","Labels":null,"ParentId":"","RepoDigests":["dpage/pgadmin4@sha256:52cb72a9e3da275324ca0b9bb3891021366d501aad375db34584a7bca8ce02ff"],"RepoTags":["dpage/pgadmin4:latest"],"SharedSize":-1,"Size":773528257,"VirtualSize":773528257},{"Containers":-1,"Created":1740617592,"Id":"sha256:fe3f571d128e8efadcd8b2fde0e2b73ebab6dbec33f6bfe69d98c682c7d8f7bd","Labels":null,"ParentId":"","RepoDigests":["postgres@sha256:fe3f571d128e8efadcd8b2fde0e2b73ebab6dbec33f6bfe69d98c682c7d8f7bd"],"RepoTags":["postgres:17"],"SharedSize":-1,"Size":620689309,"VirtualSize":620689309},{"Containers":-1,"Created":1740617592,"Id":"sha256:cef2d22004db69e3d601442ca4cac142adda0987ad7ca4f28c4e998bef690951","Labels":null,"ParentId":"","RepoDigests":["postgres@sha256:cef2d22004db69e3d601442ca4cac142adda0987ad7ca4f28c4e998bef690951"],"RepoTags":["postgres:16"],"SharedSize":-1,"Size":617100261,"VirtualSize":617100261},{"Containers":-1,"Created":1740617592,"Id":"sha256:fe45ed1a824b81c0c9c605890963b67501758ca8c946db89089c85ce0f88e974","Labels":null,"ParentId":"","RepoDigests":["postgres@sha256:fe45ed1a824b81c0c9c605890963b67501758ca8c946db89089c85ce0f88e974"],"RepoTags":["postgres:15"],"SharedSize":-1,"Size":608444682,"VirtualSize":608444682},{"Containers":-1,"Created":1736195656,"Id":"sha256:d638112ad9719f20797a9492632b5a08c02ad582fe095df64034eb4ebb556ae8","Labels":null,"ParentId":"","RepoDigests":["registry.gitlab.com/dalibo/postgresql_anonymizer@sha256:d638112ad9719f20797a9492632b5a08c02ad582fe095df64034eb4ebb556ae8"],"RepoTags":["registry.gitlab.com/dalibo/postgresql_anonymizer:latest"],"SharedSize":-1,"Size":651485591,"VirtualSize":651485591},{"Containers":-1,"Created":1732220204,"Id":"sha256:fe4efc6901dda0d952306fd962643d8022d7bb773ffe13fe8a21551b9276e50c","Labels":null,"ParentId":"","RepoDigests":["postgres@sha256:fe4efc6901dda0d952306fd962643d8022d7bb773ffe13fe8a21551b9276e50c"],"RepoTags":["postgres:latest"],"SharedSize":-1,"Size":614495260,"VirtualSize":614495260},{"Containers":-1,"Created":1709566432,"Id":"sha256:618b107401c3efa671017681c4bde2a1d1c3f34dc80b8512b02bbbbf41d22fc7","Labels":null,"ParentId":"","RepoDigests":["registry.gitlab.com/dalibo/postgresql_anonymizer@sha256:618b107401c3efa671017681c4bde2a1d1c3f34dc80b8512b02bbbbf41d22fc7"],"RepoTags":["registry.gitlab.com/dalibo/postgresql_anonymizer:stable"],"SharedSize":-1,"Size":2127995226,"VirtualSize":2127995226},{"Containers":-1,"Created":1703169114,"Id":"sha256:739f19eb83b1710f22ff452d7bec9cdd3f53d0ba5ff4096c6516a85de88eba0c","Labels":{"org.testcontainers.ryuk":"true"},"ParentId":"","RepoDigests":["testcontainers/ryuk@sha256:739f19eb83b1710f22ff452d7bec9cdd3f53d0ba5ff4096c6516a85de88eba0c"],"RepoTags":["testcontainers/ryuk:0.6.0"],"SharedSize":-1,"Size":23149068,"VirtualSize":23149068}][\n]"
21:10:19.747 [main] DEBUG com.github.dockerjava.zerodep.shaded.org.apache.hc.client5.http.wire -- http-outgoing-0 << "[\r][\n]"
21:10:19.747 [main] DEBUG com.github.dockerjava.zerodep.shaded.org.apache.hc.client5.http.wire -- http-outgoing-0 << "0[\r][\n]"
21:10:19.747 [main] DEBUG com.github.dockerjava.zerodep.shaded.org.apache.hc.client5.http.wire -- http-outgoing-0 << "[\r][\n]"
21:10:19.747 [main] DEBUG com.github.dockerjava.zerodep.shaded.org.apache.hc.client5.http.headers -- http-outgoing-0 << HTTP/1.1 200 OK
21:10:19.748 [main] DEBUG com.github.dockerjava.zerodep.shaded.org.apache.hc.client5.http.headers -- http-outgoing-0 << Api-Version: 1.47
21:10:19.748 [main] DEBUG com.github.dockerjava.zerodep.shaded.org.apache.hc.client5.http.headers -- http-outgoing-0 << Content-Type: application/json
21:10:19.748 [main] DEBUG com.github.dockerjava.zerodep.shaded.org.apache.hc.client5.http.headers -- http-outgoing-0 << Date: Fri, 09 May 2025 21:10:19 GMT
21:10:19.748 [main] DEBUG com.github.dockerjava.zerodep.shaded.org.apache.hc.client5.http.headers -- http-outgoing-0 << Docker-Experimental: false
21:10:19.748 [main] DEBUG com.github.dockerjava.zerodep.shaded.org.apache.hc.client5.http.headers -- http-outgoing-0 << Ostype: linux
21:10:19.748 [main] DEBUG com.github.dockerjava.zerodep.shaded.org.apache.hc.client5.http.headers -- http-outgoing-0 << Server: Docker/27.3.1 (linux)
21:10:19.748 [main] DEBUG com.github.dockerjava.zerodep.shaded.org.apache.hc.client5.http.headers -- http-outgoing-0 << Transfer-Encoding: chunked
21:10:19.749 [main] DEBUG com.github.dockerjava.zerodep.shaded.org.apache.hc.client5.http.impl.classic.MainClientExec -- ex-00000003: connection can be kept alive for 3 MINUTES
21:10:19.754 [main] DEBUG com.github.dockerjava.zerodep.shaded.org.apache.hc.client5.http.impl.classic.InternalHttpClient -- ep-00000002: releasing valid endpoint
21:10:19.754 [main] DEBUG com.github.dockerjava.zerodep.shaded.org.apache.hc.client5.http.impl.io.PoolingHttpClientConnectionManager -- ep-00000002: releasing endpoint
21:10:19.754 [main] DEBUG com.github.dockerjava.zerodep.shaded.org.apache.hc.client5.http.impl.io.PoolingHttpClientConnectionManager -- ep-00000002: connection http-outgoing-0 can be kept alive for 3 MINUTES
21:10:19.754 [main] DEBUG com.github.dockerjava.zerodep.shaded.org.apache.hc.client5.http.impl.io.PoolingHttpClientConnectionManager -- ep-00000002: connection released [route: {}->npipe://localhost:2375][total available: 1; route allocated: 1 of 2147483647; total allocated: 1 of 2147483647]
21:10:19.760 [main] DEBUG org.testcontainers.images.AbstractImagePullPolicy -- Using locally available and not pulling image: testcontainers/ryuk:0.6.0
21:10:19.760 [main] DEBUG tc.testcontainers/ryuk:0.6.0 -- Starting container: testcontainers/ryuk:0.6.0
21:10:19.763 [main] DEBUG tc.testcontainers/ryuk:0.6.0 -- Trying to start container: testcontainers/ryuk:0.6.0 (attempt 1/1)
21:10:19.763 [main] DEBUG tc.testcontainers/ryuk:0.6.0 -- Starting container: testcontainers/ryuk:0.6.0
21:10:19.763 [main] INFO tc.testcontainers/ryuk:0.6.0 -- Creating container for image: testcontainers/ryuk:0.6.0
21:10:19.773 [main] DEBUG org.testcontainers.utility.RegistryAuthLocator -- Looking up auth config for image: testcontainers/ryuk:0.6.0 at registry: https://index.docker.io/v1/
21:10:19.774 [main] DEBUG org.testcontainers.utility.RegistryAuthLocator -- RegistryAuthLocator has configFile: C:\Users\76162\.docker\config.json (exists) configEnv: DOCKER_AUTH_CONFIG (does not exist) and commandPathPrefix: 
21:10:19.774 [main] DEBUG org.testcontainers.utility.RegistryAuthLocator -- RegistryAuthLocator reading from configFile: C:\Users\76162\.docker\config.json
21:10:19.775 [main] DEBUG org.testcontainers.utility.RegistryAuthLocator -- registryName [https://index.docker.io/v1/] for dockerImageName [testcontainers/ryuk:0.6.0]
21:10:19.775 [main] DEBUG org.testcontainers.utility.RegistryAuthLocator -- Executing docker credential provider: docker-credential-desktop to locate auth config for: https://index.docker.io/v1/
21:10:19.786 [main] DEBUG org.testcontainers.shaded.org.zeroturnaround.exec.ProcessExecutor -- Executing [cmd, /c, docker-credential-desktop, get].
21:10:19.846 [main] DEBUG org.testcontainers.shaded.org.zeroturnaround.exec.ProcessExecutor -- Started Process[pid=14980, exitValue="not exited"]
21:10:21.033 [WaitForProcess-Process[pid=14980, exitValue="not exited"]] DEBUG org.testcontainers.shaded.org.zeroturnaround.exec.WaitForProcess -- Process[pid=14980, exitValue=0] stopped with exit code 0
21:10:21.036 [main] DEBUG org.testcontainers.utility.RegistryAuthLocator -- Credential helper/store provided auth config for: https://index.docker.io/v1/
21:10:21.039 [main] DEBUG org.testcontainers.utility.RegistryAuthLocator -- found creds store auth config [AuthConfig{username=asurz, password=hidden non-blank value, auth=blank, email=null, registryAddress=https://index.docker.io/v1/, registryToken=blank}]
21:10:21.039 [main] DEBUG org.testcontainers.utility.RegistryAuthLocator -- Cached auth found: [AuthConfig{username=asurz, password=hidden non-blank value, auth=blank, email=null, registryAddress=https://index.docker.io/v1/, registryToken=blank}]
21:10:21.039 [main] DEBUG org.testcontainers.dockerclient.AuthDelegatingDockerClientConfig -- Effective auth config [AuthConfig{username=asurz, password=hidden non-blank value, auth=blank, email=null, registryAddress=https://index.docker.io/v1/, registryToken=blank}]
21:10:21.051 [main] DEBUG org.testcontainers.shaded.com.github.dockerjava.core.command.AbstrDockerCmd -- Cmd: org.testcontainers.shaded.com.github.dockerjava.core.command.CreateContainerCmdImpl@30f4b1a6[aliases=<null>,argsEscaped=<null>,attachStderr=<null>,attachStdin=<null>,attachStdout=<null>,authConfig=AuthConfig(username=asurz, email=null, registryAddress=https://index.docker.io/v1/, stackOrchestrator=null),cmd={},domainName=<null>,entrypoint=<null>,env={},exposedPorts=ExposedPorts(exposedPorts=[8080/tcp]),healthcheck=<null>,hostConfig=HostConfig(binds=[//var/run/docker.sock:/var/run/docker.sock:rw], blkioWeight=null, blkioWeightDevice=null, blkioDeviceReadBps=null, blkioDeviceWriteBps=null, blkioDeviceReadIOps=null, blkioDeviceWriteIOps=null, memorySwappiness=null, nanoCPUs=null, capAdd=null, capDrop=null, containerIDFile=null, cpuPeriod=null, cpuRealtimePeriod=null, cpuRealtimeRuntime=null, cpuShares=null, cpuQuota=null, cpusetCpus=null, cpusetMems=null, devices=null, deviceCgroupRules=null, deviceRequests=null, diskQuota=null, dns=null, dnsOptions=null, dnsSearch=null, extraHosts=[], groupAdd=null, ipcMode=null, cgroup=null, links=[], logConfig=LogConfig(type=null, config=null), lxcConf=null, memory=null, memorySwap=null, memoryReservation=null, kernelMemory=null, networkMode=null, oomKillDisable=null, init=null, autoRemove=true, oomScoreAdj=null, portBindings={8080/tcp=[Lcom.github.dockerjava.api.model.Ports$Binding;@7d2a6eac}, privileged=true, publishAllPorts=null, readonlyRootfs=null, restartPolicy=null, ulimits=null, cpuCount=null, cpuPercent=null, ioMaximumIOps=null, ioMaximumBandwidth=null, volumesFrom=[], mounts=null, pidMode=null, isolation=null, securityOpts=null, storageOpt=null, cgroupParent=null, volumeDriver=null, shmSize=null, pidsLimit=null, runtime=null, tmpFs=null, utSMode=null, usernsMode=null, sysctls=null, consoleSize=null, cgroupnsMode=null),hostName=<null>,image=testcontainers/ryuk:0.6.0,ipv4Address=<null>,ipv6Address=<null>,labels={org.testcontainers=true, org.testcontainers.lang=java, org.testcontainers.version=1.19.7},macAddress=<null>,name=testcontainers-ryuk-2a607c29-9f73-4ad7-8e0e-ab764e999503,networkDisabled=<null>,networkingConfig=<null>,onBuild=<null>,platform=<null>,portSpecs=<null>,shell=<null>,stdInOnce=<null>,stdinOpen=<null>,stopSignal=<null>,stopTimeout=<null>,tty=<null>,user=<null>,volumes=Volumes(volumes=[]),workingDir=<null>]
21:10:21.128 [main] DEBUG com.github.dockerjava.zerodep.shaded.org.apache.hc.client5.http.impl.classic.InternalHttpClient -- ex-00000004: preparing request execution
21:10:21.128 [main] DEBUG com.github.dockerjava.zerodep.shaded.org.apache.hc.client5.http.protocol.RequestAddCookies -- Cookie spec selected: strict
21:10:21.128 [main] DEBUG com.github.dockerjava.zerodep.shaded.org.apache.hc.client5.http.protocol.RequestAuthCache -- Auth cache not set in the context
21:10:21.129 [main] DEBUG com.github.dockerjava.zerodep.shaded.org.apache.hc.client5.http.impl.classic.ProtocolExec -- ex-00000004: target auth state: UNCHALLENGED
21:10:21.129 [main] DEBUG com.github.dockerjava.zerodep.shaded.org.apache.hc.client5.http.impl.classic.ProtocolExec -- ex-00000004: proxy auth state: UNCHALLENGED
21:10:21.129 [main] DEBUG com.github.dockerjava.zerodep.shaded.org.apache.hc.client5.http.impl.classic.ConnectExec -- ex-00000004: acquiring connection with route {}->npipe://localhost:2375
21:10:21.129 [main] DEBUG com.github.dockerjava.zerodep.shaded.org.apache.hc.client5.http.impl.classic.InternalHttpClient -- ex-00000004: acquiring endpoint (3 MINUTES)
21:10:21.129 [main] DEBUG com.github.dockerjava.zerodep.shaded.org.apache.hc.client5.http.impl.io.PoolingHttpClientConnectionManager -- ex-00000004: endpoint lease request (3 MINUTES) [route: {}->npipe://localhost:2375][total available: 1; route allocated: 1 of 2147483647; total allocated: 1 of 2147483647]
21:10:21.129 [main] DEBUG com.github.dockerjava.zerodep.shaded.org.apache.hc.client5.http.impl.io.PoolingHttpClientConnectionManager -- ex-00000004: endpoint leased [route: {}->npipe://localhost:2375][total available: 0; route allocated: 1 of 2147483647; total allocated: 1 of 2147483647]
21:10:21.129 [main] DEBUG com.github.dockerjava.zerodep.shaded.org.apache.hc.client5.http.impl.io.PoolingHttpClientConnectionManager -- ex-00000004: acquired ep-00000003
21:10:21.129 [main] DEBUG com.github.dockerjava.zerodep.shaded.org.apache.hc.client5.http.impl.classic.InternalHttpClient -- ex-00000004: acquired endpoint ep-00000003
21:10:21.129 [main] DEBUG com.github.dockerjava.zerodep.shaded.org.apache.hc.client5.http.impl.classic.MainClientExec -- ex-00000004: executing POST /v1.32/containers/create?name=testcontainers-ryuk-2a607c29-9f73-4ad7-8e0e-ab764e999503 HTTP/1.1
21:10:21.129 [main] DEBUG com.github.dockerjava.zerodep.shaded.org.apache.hc.client5.http.impl.classic.InternalHttpClient -- ep-00000003: start execution ex-00000004
21:10:21.129 [main] DEBUG com.github.dockerjava.zerodep.shaded.org.apache.hc.client5.http.impl.io.PoolingHttpClientConnectionManager -- ep-00000003: executing exchange ex-00000004 over http-outgoing-0
21:10:21.129 [main] DEBUG com.github.dockerjava.zerodep.shaded.org.apache.hc.client5.http.headers -- http-outgoing-0 >> POST /v1.32/containers/create?name=testcontainers-ryuk-2a607c29-9f73-4ad7-8e0e-ab764e999503 HTTP/1.1
21:10:21.129 [main] DEBUG com.github.dockerjava.zerodep.shaded.org.apache.hc.client5.http.headers -- http-outgoing-0 >> X-Registry-Auth: eyJ1c2VybmFtZSI6ImFzdXJ6IiwicGFzc3dvcmQiOiJkY2tyX3BhdF9uaTZadWI4LXBBdllVaWhBbi11YVhXZWUwc00iLCJlbWFpbCI6bnVsbCwic2VydmVyYWRkcmVzcyI6Imh0dHBzOi8vaW5kZXguZG9ja2VyLmlvL3YxLyIsImF1dGgiOm51bGwsInJlZ2lzdHJ5dG9rZW4iOm51bGwsImlkZW50aXR5dG9rZW4iOm51bGwsInN0YWNrT3JjaGVzdHJhdG9yIjpudWxsfQ==
21:10:21.129 [main] DEBUG com.github.dockerjava.zerodep.shaded.org.apache.hc.client5.http.headers -- http-outgoing-0 >> accept: application/json
21:10:21.129 [main] DEBUG com.github.dockerjava.zerodep.shaded.org.apache.hc.client5.http.headers -- http-outgoing-0 >> content-type: application/json
21:10:21.129 [main] DEBUG com.github.dockerjava.zerodep.shaded.org.apache.hc.client5.http.headers -- http-outgoing-0 >> x-tc-sid: 2a607c29-9f73-4ad7-8e0e-ab764e999503
21:10:21.129 [main] DEBUG com.github.dockerjava.zerodep.shaded.org.apache.hc.client5.http.headers -- http-outgoing-0 >> User-Agent: tc-java/1.19.7
21:10:21.129 [main] DEBUG com.github.dockerjava.zerodep.shaded.org.apache.hc.client5.http.headers -- http-outgoing-0 >> Accept-Encoding: gzip, x-gzip, deflate
21:10:21.130 [main] DEBUG com.github.dockerjava.zerodep.shaded.org.apache.hc.client5.http.headers -- http-outgoing-0 >> Content-Length: 1955
21:10:21.130 [main] DEBUG com.github.dockerjava.zerodep.shaded.org.apache.hc.client5.http.headers -- http-outgoing-0 >> Host: localhost:2375
21:10:21.130 [main] DEBUG com.github.dockerjava.zerodep.shaded.org.apache.hc.client5.http.headers -- http-outgoing-0 >> Connection: keep-alive
21:10:21.130 [main] DEBUG com.github.dockerjava.zerodep.shaded.org.apache.hc.client5.http.wire -- http-outgoing-0 >> "POST /v1.32/containers/create?name=testcontainers-ryuk-2a607c29-9f73-4ad7-8e0e-ab764e999503 HTTP/1.1[\r][\n]"
21:10:21.130 [main] DEBUG com.github.dockerjava.zerodep.shaded.org.apache.hc.client5.http.wire -- http-outgoing-0 >> "X-Registry-Auth: eyJ1c2VybmFtZSI6ImFzdXJ6IiwicGFzc3dvcmQiOiJkY2tyX3BhdF9uaTZadWI4LXBBdllVaWhBbi11YVhXZWUwc00iLCJlbWFpbCI6bnVsbCwic2VydmVyYWRkcmVzcyI6Imh0dHBzOi8vaW5kZXguZG9ja2VyLmlvL3YxLyIsImF1dGgiOm51bGwsInJlZ2lzdHJ5dG9rZW4iOm51bGwsImlkZW50aXR5dG9rZW4iOm51bGwsInN0YWNrT3JjaGVzdHJhdG9yIjpudWxsfQ==[\r][\n]"
21:10:21.130 [main] DEBUG com.github.dockerjava.zerodep.shaded.org.apache.hc.client5.http.wire -- http-outgoing-0 >> "accept: application/json[\r][\n]"
21:10:21.130 [main] DEBUG com.github.dockerjava.zerodep.shaded.org.apache.hc.client5.http.wire -- http-outgoing-0 >> "content-type: application/json[\r][\n]"
21:10:21.130 [main] DEBUG com.github.dockerjava.zerodep.shaded.org.apache.hc.client5.http.wire -- http-outgoing-0 >> "x-tc-sid: 2a607c29-9f73-4ad7-8e0e-ab764e999503[\r][\n]"
21:10:21.130 [main] DEBUG com.github.dockerjava.zerodep.shaded.org.apache.hc.client5.http.wire -- http-outgoing-0 >> "User-Agent: tc-java/1.19.7[\r][\n]"
21:10:21.130 [main] DEBUG com.github.dockerjava.zerodep.shaded.org.apache.hc.client5.http.wire -- http-outgoing-0 >> "Accept-Encoding: gzip, x-gzip, deflate[\r][\n]"
21:10:21.130 [main] DEBUG com.github.dockerjava.zerodep.shaded.org.apache.hc.client5.http.wire -- http-outgoing-0 >> "Content-Length: 1955[\r][\n]"
21:10:21.130 [main] DEBUG com.github.dockerjava.zerodep.shaded.org.apache.hc.client5.http.wire -- http-outgoing-0 >> "Host: localhost:2375[\r][\n]"
21:10:21.130 [main] DEBUG com.github.dockerjava.zerodep.shaded.org.apache.hc.client5.http.wire -- http-outgoing-0 >> "Connection: keep-alive[\r][\n]"
21:10:21.130 [main] DEBUG com.github.dockerjava.zerodep.shaded.org.apache.hc.client5.http.wire -- http-outgoing-0 >> "[\r][\n]"
21:10:21.130 [main] DEBUG com.github.dockerjava.zerodep.shaded.org.apache.hc.client5.http.wire -- http-outgoing-0 >> "{"Hostname":null,"Domainname":null,"User":null,"AttachStdin":null,"AttachStdout":null,"AttachStderr":null,"PortSpecs":null,"Tty":null,"OpenStdin":null,"StdinOnce":null,"Env":[],"Cmd":[],"Healthcheck":null,"ArgsEscaped":null,"Entrypoint":null,"Image":"testcontainers/ryuk:0.6.0","Volumes":{},"WorkingDir":null,"MacAddress":null,"OnBuild":null,"NetworkDisabled":null,"ExposedPorts":{"8080/tcp":{}},"StopSignal":null,"StopTimeout":null,"HostConfig":{"Binds":["//var/run/docker.sock:/var/run/docker.sock:rw"],"BlkioWeight":null,"BlkioWeightDevice":null,"BlkioDeviceReadBps":null,"BlkioDeviceWriteBps":null,"BlkioDeviceReadIOps":null,"BlkioDeviceWriteIOps":null,"MemorySwappiness":null,"NanoCpus":null,"CapAdd":null,"CapDrop":null,"ContainerIDFile":null,"CpuPeriod":null,"CpuRealtimePeriod":null,"CpuRealtimeRuntime":null,"CpuShares":null,"CpuQuota":null,"CpusetCpus":null,"CpusetMems":null,"Devices":null,"DeviceCgroupRules":null,"DeviceRequests":null,"DiskQuota":null,"Dns":null,"DnsOptions":null,"DnsSearch":null,"ExtraHosts":[],"GroupAdd":null,"IpcMode":null,"Cgroup":null,"Links":[],"LogConfig":null,"LxcConf":null,"Memory":null,"MemorySwap":null,"MemoryReservation":null,"KernelMemory":null,"NetworkMode":null,"OomKillDisable":null,"Init":null,"AutoRemove":true,"OomScoreAdj":null,"PortBindings":{"8080/tcp":[{"HostIp":"","HostPort":""}]},"Privileged":true,"PublishAllPorts":null,"ReadonlyRootfs":null,"RestartPolicy":null,"Ulimits":null,"CpuCount":null,"CpuPercent":null,"IOMaximumIOps":null,"IOMaximumBandwidth":null,"VolumesFrom":[],"Mounts":null,"PidMode":null,"Isolation":null,"SecurityOpt":null,"StorageOpt":null,"CgroupParent":null,"VolumeDriver":null,"ShmSize":null,"PidsLimit":null,"Runtime":null,"Tmpfs":null,"UTSMode":null,"UsernsMode":null,"Sysctls":null,"ConsoleSize":null,"CgroupnsMode":null},"Labels":{"org.testcontainers":"true","org.testcontainers.lang":"java","org.testcontainers.version":"1.19.7"},"Shell":null,"NetworkingConfig":null}"
21:10:21.240 [main] DEBUG com.github.dockerjava.zerodep.shaded.org.apache.hc.client5.http.wire -- http-outgoing-0 << "HTTP/1.1 201 Created[\r][\n]"
21:10:21.241 [main] DEBUG com.github.dockerjava.zerodep.shaded.org.apache.hc.client5.http.wire -- http-outgoing-0 << "Api-Version: 1.47[\r][\n]"
21:10:21.241 [main] DEBUG com.github.dockerjava.zerodep.shaded.org.apache.hc.client5.http.wire -- http-outgoing-0 << "Content-Type: application/json[\r][\n]"
21:10:21.241 [main] DEBUG com.github.dockerjava.zerodep.shaded.org.apache.hc.client5.http.wire -- http-outgoing-0 << "Date: Fri, 09 May 2025 18:10:21 GMT[\r][\n]"
21:10:21.241 [main] DEBUG com.github.dockerjava.zerodep.shaded.org.apache.hc.client5.http.wire -- http-outgoing-0 << "Docker-Experimental: false[\r][\n]"
21:10:21.241 [main] DEBUG com.github.dockerjava.zerodep.shaded.org.apache.hc.client5.http.wire -- http-outgoing-0 << "Ostype: linux[\r][\n]"
21:10:21.241 [main] DEBUG com.github.dockerjava.zerodep.shaded.org.apache.hc.client5.http.wire -- http-outgoing-0 << "Server: Docker/27.3.1 (linux)[\r][\n]"
21:10:21.241 [main] DEBUG com.github.dockerjava.zerodep.shaded.org.apache.hc.client5.http.wire -- http-outgoing-0 << "Transfer-Encoding: chunked[\r][\n]"
21:10:21.241 [main] DEBUG com.github.dockerjava.zerodep.shaded.org.apache.hc.client5.http.wire -- http-outgoing-0 << "[\r][\n]"
21:10:21.241 [main] DEBUG com.github.dockerjava.zerodep.shaded.org.apache.hc.client5.http.headers -- http-outgoing-0 << HTTP/1.1 201 Created
21:10:21.241 [main] DEBUG com.github.dockerjava.zerodep.shaded.org.apache.hc.client5.http.headers -- http-outgoing-0 << Api-Version: 1.47
21:10:21.241 [main] DEBUG com.github.dockerjava.zerodep.shaded.org.apache.hc.client5.http.headers -- http-outgoing-0 << Content-Type: application/json
21:10:21.241 [main] DEBUG com.github.dockerjava.zerodep.shaded.org.apache.hc.client5.http.headers -- http-outgoing-0 << Date: Fri, 09 May 2025 18:10:21 GMT
21:10:21.241 [main] DEBUG com.github.dockerjava.zerodep.shaded.org.apache.hc.client5.http.headers -- http-outgoing-0 << Docker-Experimental: false
21:10:21.241 [main] DEBUG com.github.dockerjava.zerodep.shaded.org.apache.hc.client5.http.headers -- http-outgoing-0 << Ostype: linux
21:10:21.242 [main] DEBUG com.github.dockerjava.zerodep.shaded.org.apache.hc.client5.http.headers -- http-outgoing-0 << Server: Docker/27.3.1 (linux)
21:10:21.242 [main] DEBUG com.github.dockerjava.zerodep.shaded.org.apache.hc.client5.http.headers -- http-outgoing-0 << Transfer-Encoding: chunked
21:10:21.242 [main] DEBUG com.github.dockerjava.zerodep.shaded.org.apache.hc.client5.http.impl.classic.MainClientExec -- ex-00000004: connection can be kept alive for 3 MINUTES
21:10:21.242 [main] DEBUG com.github.dockerjava.zerodep.shaded.org.apache.hc.client5.http.wire -- http-outgoing-0 << "58[\r][\n]"
21:10:21.243 [main] DEBUG com.github.dockerjava.zerodep.shaded.org.apache.hc.client5.http.wire -- http-outgoing-0 << "{"Id":"61caf9da778519bd66d0de2ea4aa241d7c8a5f7a948e5f3d0d37d5cf6bc122ce","Warnings":[]}[\n]"
21:10:21.243 [main] DEBUG com.github.dockerjava.zerodep.shaded.org.apache.hc.client5.http.wire -- http-outgoing-0 << "[\r][\n]"
21:10:21.243 [main] DEBUG com.github.dockerjava.zerodep.shaded.org.apache.hc.client5.http.wire -- http-outgoing-0 << "0[\r][\n]"
21:10:21.243 [main] DEBUG com.github.dockerjava.zerodep.shaded.org.apache.hc.client5.http.wire -- http-outgoing-0 << "[\r][\n]"
21:10:21.244 [main] DEBUG com.github.dockerjava.zerodep.shaded.org.apache.hc.client5.http.impl.classic.InternalHttpClient -- ep-00000003: releasing valid endpoint
21:10:21.244 [main] DEBUG com.github.dockerjava.zerodep.shaded.org.apache.hc.client5.http.impl.io.PoolingHttpClientConnectionManager -- ep-00000003: releasing endpoint
21:10:21.244 [main] DEBUG com.github.dockerjava.zerodep.shaded.org.apache.hc.client5.http.impl.io.PoolingHttpClientConnectionManager -- ep-00000003: connection http-outgoing-0 can be kept alive for 3 MINUTES
21:10:21.244 [main] DEBUG com.github.dockerjava.zerodep.shaded.org.apache.hc.client5.http.impl.io.PoolingHttpClientConnectionManager -- ep-00000003: connection released [route: {}->npipe://localhost:2375][total available: 1; route allocated: 1 of 2147483647; total allocated: 1 of 2147483647]
21:10:21.246 [main] INFO tc.testcontainers/ryuk:0.6.0 -- Container testcontainers/ryuk:0.6.0 is starting: 61caf9da778519bd66d0de2ea4aa241d7c8a5f7a948e5f3d0d37d5cf6bc122ce
21:10:21.247 [main] DEBUG org.testcontainers.shaded.com.github.dockerjava.core.command.AbstrDockerCmd -- Cmd: 61caf9da778519bd66d0de2ea4aa241d7c8a5f7a948e5f3d0d37d5cf6bc122ce
21:10:21.248 [main] DEBUG com.github.dockerjava.zerodep.shaded.org.apache.hc.client5.http.impl.classic.InternalHttpClient -- ex-00000005: preparing request execution
21:10:21.248 [main] DEBUG com.github.dockerjava.zerodep.shaded.org.apache.hc.client5.http.protocol.RequestAddCookies -- Cookie spec selected: strict
21:10:21.248 [main] DEBUG com.github.dockerjava.zerodep.shaded.org.apache.hc.client5.http.protocol.RequestAuthCache -- Auth cache not set in the context
21:10:21.248 [main] DEBUG com.github.dockerjava.zerodep.shaded.org.apache.hc.client5.http.impl.classic.ProtocolExec -- ex-00000005: target auth state: UNCHALLENGED
21:10:21.248 [main] DEBUG com.github.dockerjava.zerodep.shaded.org.apache.hc.client5.http.impl.classic.ProtocolExec -- ex-00000005: proxy auth state: UNCHALLENGED
21:10:21.249 [main] DEBUG com.github.dockerjava.zerodep.shaded.org.apache.hc.client5.http.impl.classic.ConnectExec -- ex-00000005: acquiring connection with route {}->npipe://localhost:2375
21:10:21.249 [main] DEBUG com.github.dockerjava.zerodep.shaded.org.apache.hc.client5.http.impl.classic.InternalHttpClient -- ex-00000005: acquiring endpoint (3 MINUTES)
21:10:21.249 [main] DEBUG com.github.dockerjava.zerodep.shaded.org.apache.hc.client5.http.impl.io.PoolingHttpClientConnectionManager -- ex-00000005: endpoint lease request (3 MINUTES) [route: {}->npipe://localhost:2375][total available: 1; route allocated: 1 of 2147483647; total allocated: 1 of 2147483647]
21:10:21.249 [main] DEBUG com.github.dockerjava.zerodep.shaded.org.apache.hc.client5.http.impl.io.PoolingHttpClientConnectionManager -- ex-00000005: endpoint leased [route: {}->npipe://localhost:2375][total available: 0; route allocated: 1 of 2147483647; total allocated: 1 of 2147483647]
21:10:21.249 [main] DEBUG com.github.dockerjava.zerodep.shaded.org.apache.hc.client5.http.impl.io.PoolingHttpClientConnectionManager -- ex-00000005: acquired ep-00000004
21:10:21.249 [main] DEBUG com.github.dockerjava.zerodep.shaded.org.apache.hc.client5.http.impl.classic.InternalHttpClient -- ex-00000005: acquired endpoint ep-00000004
21:10:21.249 [main] DEBUG com.github.dockerjava.zerodep.shaded.org.apache.hc.client5.http.impl.classic.MainClientExec -- ex-00000005: executing POST /v1.32/containers/61caf9da778519bd66d0de2ea4aa241d7c8a5f7a948e5f3d0d37d5cf6bc122ce/start HTTP/1.1
21:10:21.249 [main] DEBUG com.github.dockerjava.zerodep.shaded.org.apache.hc.client5.http.impl.classic.InternalHttpClient -- ep-00000004: start execution ex-00000005
21:10:21.249 [main] DEBUG com.github.dockerjava.zerodep.shaded.org.apache.hc.client5.http.impl.io.PoolingHttpClientConnectionManager -- ep-00000004: executing exchange ex-00000005 over http-outgoing-0
21:10:21.249 [main] DEBUG com.github.dockerjava.zerodep.shaded.org.apache.hc.client5.http.headers -- http-outgoing-0 >> POST /v1.32/containers/61caf9da778519bd66d0de2ea4aa241d7c8a5f7a948e5f3d0d37d5cf6bc122ce/start HTTP/1.1
21:10:21.249 [main] DEBUG com.github.dockerjava.zerodep.shaded.org.apache.hc.client5.http.headers -- http-outgoing-0 >> accept: application/json
21:10:21.249 [main] DEBUG com.github.dockerjava.zerodep.shaded.org.apache.hc.client5.http.headers -- http-outgoing-0 >> content-type: application/json
21:10:21.249 [main] DEBUG com.github.dockerjava.zerodep.shaded.org.apache.hc.client5.http.headers -- http-outgoing-0 >> x-tc-sid: 2a607c29-9f73-4ad7-8e0e-ab764e999503
21:10:21.249 [main] DEBUG com.github.dockerjava.zerodep.shaded.org.apache.hc.client5.http.headers -- http-outgoing-0 >> User-Agent: tc-java/1.19.7
21:10:21.249 [main] DEBUG com.github.dockerjava.zerodep.shaded.org.apache.hc.client5.http.headers -- http-outgoing-0 >> Accept-Encoding: gzip, x-gzip, deflate
21:10:21.249 [main] DEBUG com.github.dockerjava.zerodep.shaded.org.apache.hc.client5.http.headers -- http-outgoing-0 >> Host: localhost:2375
21:10:21.249 [main] DEBUG com.github.dockerjava.zerodep.shaded.org.apache.hc.client5.http.headers -- http-outgoing-0 >> Connection: keep-alive
21:10:21.249 [main] DEBUG com.github.dockerjava.zerodep.shaded.org.apache.hc.client5.http.wire -- http-outgoing-0 >> "POST /v1.32/containers/61caf9da778519bd66d0de2ea4aa241d7c8a5f7a948e5f3d0d37d5cf6bc122ce/start HTTP/1.1[\r][\n]"
21:10:21.249 [main] DEBUG com.github.dockerjava.zerodep.shaded.org.apache.hc.client5.http.wire -- http-outgoing-0 >> "accept: application/json[\r][\n]"
21:10:21.249 [main] DEBUG com.github.dockerjava.zerodep.shaded.org.apache.hc.client5.http.wire -- http-outgoing-0 >> "content-type: application/json[\r][\n]"
21:10:21.249 [main] DEBUG com.github.dockerjava.zerodep.shaded.org.apache.hc.client5.http.wire -- http-outgoing-0 >> "x-tc-sid: 2a607c29-9f73-4ad7-8e0e-ab764e999503[\r][\n]"
21:10:21.249 [main] DEBUG com.github.dockerjava.zerodep.shaded.org.apache.hc.client5.http.wire -- http-outgoing-0 >> "User-Agent: tc-java/1.19.7[\r][\n]"
21:10:21.249 [main] DEBUG com.github.dockerjava.zerodep.shaded.org.apache.hc.client5.http.wire -- http-outgoing-0 >> "Accept-Encoding: gzip, x-gzip, deflate[\r][\n]"
21:10:21.250 [main] DEBUG com.github.dockerjava.zerodep.shaded.org.apache.hc.client5.http.wire -- http-outgoing-0 >> "Host: localhost:2375[\r][\n]"
21:10:21.250 [main] DEBUG com.github.dockerjava.zerodep.shaded.org.apache.hc.client5.http.wire -- http-outgoing-0 >> "Connection: keep-alive[\r][\n]"
21:10:21.250 [main] DEBUG com.github.dockerjava.zerodep.shaded.org.apache.hc.client5.http.wire -- http-outgoing-0 >> "[\r][\n]"
21:10:21.621 [main] DEBUG com.github.dockerjava.zerodep.shaded.org.apache.hc.client5.http.wire -- http-outgoing-0 << "HTTP/1.1 204 No Content[\r][\n]"
21:10:21.621 [main] DEBUG com.github.dockerjava.zerodep.shaded.org.apache.hc.client5.http.wire -- http-outgoing-0 << "Api-Version: 1.47[\r][\n]"
21:10:21.621 [main] DEBUG com.github.dockerjava.zerodep.shaded.org.apache.hc.client5.http.wire -- http-outgoing-0 << "Date: Fri, 09 May 2025 18:10:21 GMT[\r][\n]"
21:10:21.621 [main] DEBUG com.github.dockerjava.zerodep.shaded.org.apache.hc.client5.http.wire -- http-outgoing-0 << "Docker-Experimental: false[\r][\n]"
21:10:21.622 [main] DEBUG com.github.dockerjava.zerodep.shaded.org.apache.hc.client5.http.wire -- http-outgoing-0 << "Ostype: linux[\r][\n]"
21:10:21.622 [main] DEBUG com.github.dockerjava.zerodep.shaded.org.apache.hc.client5.http.wire -- http-outgoing-0 << "Server: Docker/27.3.1 (linux)[\r][\n]"
21:10:21.622 [main] DEBUG com.github.dockerjava.zerodep.shaded.org.apache.hc.client5.http.wire -- http-outgoing-0 << "[\r][\n]"
21:10:21.622 [main] DEBUG com.github.dockerjava.zerodep.shaded.org.apache.hc.client5.http.headers -- http-outgoing-0 << HTTP/1.1 204 No Content
21:10:21.622 [main] DEBUG com.github.dockerjava.zerodep.shaded.org.apache.hc.client5.http.headers -- http-outgoing-0 << Api-Version: 1.47
21:10:21.622 [main] DEBUG com.github.dockerjava.zerodep.shaded.org.apache.hc.client5.http.headers -- http-outgoing-0 << Date: Fri, 09 May 2025 18:10:21 GMT
21:10:21.622 [main] DEBUG com.github.dockerjava.zerodep.shaded.org.apache.hc.client5.http.headers -- http-outgoing-0 << Docker-Experimental: false
21:10:21.622 [main] DEBUG com.github.dockerjava.zerodep.shaded.org.apache.hc.client5.http.headers -- http-outgoing-0 << Ostype: linux
21:10:21.622 [main] DEBUG com.github.dockerjava.zerodep.shaded.org.apache.hc.client5.http.headers -- http-outgoing-0 << Server: Docker/27.3.1 (linux)
21:10:21.622 [main] DEBUG com.github.dockerjava.zerodep.shaded.org.apache.hc.client5.http.impl.classic.MainClientExec -- ex-00000005: connection can be kept alive for 3 MINUTES
21:10:21.622 [main] DEBUG com.github.dockerjava.zerodep.shaded.org.apache.hc.client5.http.impl.classic.InternalHttpClient -- ep-00000004: releasing valid endpoint
21:10:21.622 [main] DEBUG com.github.dockerjava.zerodep.shaded.org.apache.hc.client5.http.impl.io.PoolingHttpClientConnectionManager -- ep-00000004: releasing endpoint
21:10:21.623 [main] DEBUG com.github.dockerjava.zerodep.shaded.org.apache.hc.client5.http.impl.io.PoolingHttpClientConnectionManager -- ep-00000004: connection http-outgoing-0 can be kept alive for 3 MINUTES
21:10:21.623 [main] DEBUG com.github.dockerjava.zerodep.shaded.org.apache.hc.client5.http.impl.io.PoolingHttpClientConnectionManager -- ep-00000004: connection released [route: {}->npipe://localhost:2375][total available: 1; route allocated: 1 of 2147483647; total allocated: 1 of 2147483647]
21:10:21.632 [main] DEBUG org.testcontainers.shaded.com.github.dockerjava.core.command.AbstrDockerCmd -- Cmd: 61caf9da778519bd66d0de2ea4aa241d7c8a5f7a948e5f3d0d37d5cf6bc122ce,false
21:10:21.632 [main] DEBUG org.testcontainers.shaded.com.github.dockerjava.core.exec.InspectContainerCmdExec -- GET: DefaultWebTarget{path=[/containers/61caf9da778519bd66d0de2ea4aa241d7c8a5f7a948e5f3d0d37d5cf6bc122ce/json], queryParams={}}
21:10:21.633 [main] DEBUG com.github.dockerjava.zerodep.shaded.org.apache.hc.client5.http.impl.classic.InternalHttpClient -- ex-00000006: preparing request execution
21:10:21.633 [main] DEBUG com.github.dockerjava.zerodep.shaded.org.apache.hc.client5.http.protocol.RequestAddCookies -- Cookie spec selected: strict
21:10:21.633 [main] DEBUG com.github.dockerjava.zerodep.shaded.org.apache.hc.client5.http.protocol.RequestAuthCache -- Auth cache not set in the context
21:10:21.633 [main] DEBUG com.github.dockerjava.zerodep.shaded.org.apache.hc.client5.http.impl.classic.ProtocolExec -- ex-00000006: target auth state: UNCHALLENGED
21:10:21.633 [main] DEBUG com.github.dockerjava.zerodep.shaded.org.apache.hc.client5.http.impl.classic.ProtocolExec -- ex-00000006: proxy auth state: UNCHALLENGED
21:10:21.633 [main] DEBUG com.github.dockerjava.zerodep.shaded.org.apache.hc.client5.http.impl.classic.ConnectExec -- ex-00000006: acquiring connection with route {}->npipe://localhost:2375
21:10:21.633 [main] DEBUG com.github.dockerjava.zerodep.shaded.org.apache.hc.client5.http.impl.classic.InternalHttpClient -- ex-00000006: acquiring endpoint (3 MINUTES)
21:10:21.633 [main] DEBUG com.github.dockerjava.zerodep.shaded.org.apache.hc.client5.http.impl.io.PoolingHttpClientConnectionManager -- ex-00000006: endpoint lease request (3 MINUTES) [route: {}->npipe://localhost:2375][total available: 1; route allocated: 1 of 2147483647; total allocated: 1 of 2147483647]
21:10:21.633 [main] DEBUG com.github.dockerjava.zerodep.shaded.org.apache.hc.client5.http.impl.io.PoolingHttpClientConnectionManager -- ex-00000006: endpoint leased [route: {}->npipe://localhost:2375][total available: 0; route allocated: 1 of 2147483647; total allocated: 1 of 2147483647]
21:10:21.634 [main] DEBUG com.github.dockerjava.zerodep.shaded.org.apache.hc.client5.http.impl.io.PoolingHttpClientConnectionManager -- ex-00000006: acquired ep-00000005
21:10:21.634 [main] DEBUG com.github.dockerjava.zerodep.shaded.org.apache.hc.client5.http.impl.classic.InternalHttpClient -- ex-00000006: acquired endpoint ep-00000005
21:10:21.634 [main] DEBUG com.github.dockerjava.zerodep.shaded.org.apache.hc.client5.http.impl.classic.MainClientExec -- ex-00000006: executing GET /v1.32/containers/61caf9da778519bd66d0de2ea4aa241d7c8a5f7a948e5f3d0d37d5cf6bc122ce/json HTTP/1.1
21:10:21.634 [main] DEBUG com.github.dockerjava.zerodep.shaded.org.apache.hc.client5.http.impl.classic.InternalHttpClient -- ep-00000005: start execution ex-00000006
21:10:21.634 [main] DEBUG com.github.dockerjava.zerodep.shaded.org.apache.hc.client5.http.impl.io.PoolingHttpClientConnectionManager -- ep-00000005: executing exchange ex-00000006 over http-outgoing-0
21:10:21.634 [main] DEBUG com.github.dockerjava.zerodep.shaded.org.apache.hc.client5.http.headers -- http-outgoing-0 >> GET /v1.32/containers/61caf9da778519bd66d0de2ea4aa241d7c8a5f7a948e5f3d0d37d5cf6bc122ce/json HTTP/1.1
21:10:21.634 [main] DEBUG com.github.dockerjava.zerodep.shaded.org.apache.hc.client5.http.headers -- http-outgoing-0 >> accept: application/json
21:10:21.634 [main] DEBUG com.github.dockerjava.zerodep.shaded.org.apache.hc.client5.http.headers -- http-outgoing-0 >> x-tc-sid: 2a607c29-9f73-4ad7-8e0e-ab764e999503
21:10:21.634 [main] DEBUG com.github.dockerjava.zerodep.shaded.org.apache.hc.client5.http.headers -- http-outgoing-0 >> User-Agent: tc-java/1.19.7
21:10:21.634 [main] DEBUG com.github.dockerjava.zerodep.shaded.org.apache.hc.client5.http.headers -- http-outgoing-0 >> Accept-Encoding: gzip, x-gzip, deflate
21:10:21.634 [main] DEBUG com.github.dockerjava.zerodep.shaded.org.apache.hc.client5.http.headers -- http-outgoing-0 >> Host: localhost:2375
21:10:21.634 [main] DEBUG com.github.dockerjava.zerodep.shaded.org.apache.hc.client5.http.headers -- http-outgoing-0 >> Connection: keep-alive
21:10:21.634 [main] DEBUG com.github.dockerjava.zerodep.shaded.org.apache.hc.client5.http.wire -- http-outgoing-0 >> "GET /v1.32/containers/61caf9da778519bd66d0de2ea4aa241d7c8a5f7a948e5f3d0d37d5cf6bc122ce/json HTTP/1.1[\r][\n]"
21:10:21.634 [main] DEBUG com.github.dockerjava.zerodep.shaded.org.apache.hc.client5.http.wire -- http-outgoing-0 >> "accept: application/json[\r][\n]"
21:10:21.634 [main] DEBUG com.github.dockerjava.zerodep.shaded.org.apache.hc.client5.http.wire -- http-outgoing-0 >> "x-tc-sid: 2a607c29-9f73-4ad7-8e0e-ab764e999503[\r][\n]"
21:10:21.635 [main] DEBUG com.github.dockerjava.zerodep.shaded.org.apache.hc.client5.http.wire -- http-outgoing-0 >> "User-Agent: tc-java/1.19.7[\r][\n]"
21:10:21.635 [main] DEBUG com.github.dockerjava.zerodep.shaded.org.apache.hc.client5.http.wire -- http-outgoing-0 >> "Accept-Encoding: gzip, x-gzip, deflate[\r][\n]"
21:10:21.635 [main] DEBUG com.github.dockerjava.zerodep.shaded.org.apache.hc.client5.http.wire -- http-outgoing-0 >> "Host: localhost:2375[\r][\n]"
21:10:21.635 [main] DEBUG com.github.dockerjava.zerodep.shaded.org.apache.hc.client5.http.wire -- http-outgoing-0 >> "Connection: keep-alive[\r][\n]"
21:10:21.635 [main] DEBUG com.github.dockerjava.zerodep.shaded.org.apache.hc.client5.http.wire -- http-outgoing-0 >> "[\r][\n]"
21:10:21.639 [main] DEBUG com.github.dockerjava.zerodep.shaded.org.apache.hc.client5.http.wire -- http-outgoing-0 << "HTTP/1.1 200 OK[\r][\n]"
21:10:21.639 [main] DEBUG com.github.dockerjava.zerodep.shaded.org.apache.hc.client5.http.wire -- http-outgoing-0 << "Api-Version: 1.47[\r][\n]"
21:10:21.639 [main] DEBUG com.github.dockerjava.zerodep.shaded.org.apache.hc.client5.http.wire -- http-outgoing-0 << "Content-Type: application/json[\r][\n]"
21:10:21.639 [main] DEBUG com.github.dockerjava.zerodep.shaded.org.apache.hc.client5.http.wire -- http-outgoing-0 << "Date: Fri, 09 May 2025 18:10:21 GMT[\r][\n]"
21:10:21.639 [main] DEBUG com.github.dockerjava.zerodep.shaded.org.apache.hc.client5.http.wire -- http-outgoing-0 << "Docker-Experimental: false[\r][\n]"
21:10:21.639 [main] DEBUG com.github.dockerjava.zerodep.shaded.org.apache.hc.client5.http.wire -- http-outgoing-0 << "Ostype: linux[\r][\n]"
21:10:21.640 [main] DEBUG com.github.dockerjava.zerodep.shaded.org.apache.hc.client5.http.wire -- http-outgoing-0 << "Server: Docker/27.3.1 (linux)[\r][\n]"
21:10:21.640 [main] DEBUG com.github.dockerjava.zerodep.shaded.org.apache.hc.client5.http.wire -- http-outgoing-0 << "Transfer-Encoding: chunked[\r][\n]"
21:10:21.640 [main] DEBUG com.github.dockerjava.zerodep.shaded.org.apache.hc.client5.http.wire -- http-outgoing-0 << "[\r][\n]"
21:10:21.640 [main] DEBUG com.github.dockerjava.zerodep.shaded.org.apache.hc.client5.http.headers -- http-outgoing-0 << HTTP/1.1 200 OK
21:10:21.640 [main] DEBUG com.github.dockerjava.zerodep.shaded.org.apache.hc.client5.http.headers -- http-outgoing-0 << Api-Version: 1.47
21:10:21.640 [main] DEBUG com.github.dockerjava.zerodep.shaded.org.apache.hc.client5.http.headers -- http-outgoing-0 << Content-Type: application/json
21:10:21.640 [main] DEBUG com.github.dockerjava.zerodep.shaded.org.apache.hc.client5.http.headers -- http-outgoing-0 << Date: Fri, 09 May 2025 18:10:21 GMT
21:10:21.640 [main] DEBUG com.github.dockerjava.zerodep.shaded.org.apache.hc.client5.http.headers -- http-outgoing-0 << Docker-Experimental: false
21:10:21.640 [main] DEBUG com.github.dockerjava.zerodep.shaded.org.apache.hc.client5.http.headers -- http-outgoing-0 << Ostype: linux
21:10:21.640 [main] DEBUG com.github.dockerjava.zerodep.shaded.org.apache.hc.client5.http.headers -- http-outgoing-0 << Server: Docker/27.3.1 (linux)
21:10:21.640 [main] DEBUG com.github.dockerjava.zerodep.shaded.org.apache.hc.client5.http.headers -- http-outgoing-0 << Transfer-Encoding: chunked
21:10:21.640 [main] DEBUG com.github.dockerjava.zerodep.shaded.org.apache.hc.client5.http.impl.classic.MainClientExec -- ex-00000006: connection can be kept alive for 3 MINUTES
21:10:21.642 [main] DEBUG com.github.dockerjava.zerodep.shaded.org.apache.hc.client5.http.wire -- http-outgoing-0 << "1082[\r][\n]"
21:10:21.642 [main] DEBUG com.github.dockerjava.zerodep.shaded.org.apache.hc.client5.http.wire -- http-outgoing-0 << "{"Id":"61caf9da778519bd66d0de2ea4aa241d7c8a5f7a948e5f3d0d37d5cf6bc122ce","Created":"2025-05-09T18:10:21.181805068Z","Path":"/bin/ryuk","Args":[],"State":{"Status":"running","Running":true,"Paused":false,"Restarting":false,"OOMKilled":false,"Dead":false,"Pid":1841,"ExitCode":0,"Error":"","StartedAt":"2025-05-09T18:10:21.288912302Z","FinishedAt":"0001-01-01T00:00:00Z"},"Image":"sha256:739f19eb83b1710f22ff452d7bec9cdd3f53d0ba5ff4096c6516a85de88eba0c","ResolvConfPath":"/var/lib/docker/containers/61caf9da778519bd66d0de2ea4aa241d7c8a5f7a948e5f3d0d37d5cf6bc122ce/resolv.conf","HostnamePath":"/var/lib/docker/containers/61caf9da778519bd66d0de2ea4aa241d7c8a5f7a948e5f3d0d37d5cf6bc122ce/hostname","HostsPath":"/var/lib/docker/containers/61caf9da778519bd66d0de2ea4aa241d7c8a5f7a948e5f3d0d37d5cf6bc122ce/hosts","LogPath":"/var/lib/docker/containers/61caf9da778519bd66d0de2ea4aa241d7c8a5f7a948e5f3d0d37d5cf6bc122ce/61caf9da778519bd66d0de2ea4aa241d7c8a5f7a948e5f3d0d37d5cf6bc122ce-json.log","Name":"/testcontainers-ryuk-2a607c29-9f73-4ad7-8e0e-ab764e999503","RestartCount":0,"Driver":"overlayfs","Platform":"linux","MountLabel":"","ProcessLabel":"","AppArmorProfile":"","ExecIDs":null,"HostConfig":{"Binds":["//var/run/docker.sock:/var/run/docker.sock:rw"],"ContainerIDFile":"","LogConfig":{"Type":"json-file","Config":{}},"NetworkMode":"bridge","PortBindings":{"8080/tcp":[{"HostIp":"0.0.0.0","HostPort":"0"}]},"RestartPolicy":{"Name":"no","MaximumRetryCount":0},"AutoRemove":true,"VolumeDriver":"","VolumesFrom":[],"ConsoleSize":[0,0],"CapAdd":null,"CapDrop":null,"CgroupnsMode":"host","Dns":null,"DnsOptions":null,"DnsSearch":null,"ExtraHosts":[],"GroupAdd":null,"IpcMode":"shareable","Cgroup":"","Links":null,"OomScoreAdj":0,"PidMode":"","Privileged":true,"PublishAllPorts":false,"ReadonlyRootfs":false,"SecurityOpt":["label=disable"],"UTSMode":"","UsernsMode":"","ShmSize":67108864,"Runtime":"runc","Isolation":"","CpuShares":0,"Memory":0,"NanoCpus":0,"CgroupParent":"","BlkioWeight":0,"BlkioWeightDevice":null,"BlkioDeviceReadBps":null,"BlkioDeviceWriteBps":null,"BlkioDeviceReadIOps":null,"BlkioDeviceWriteIOps":null,"CpuPeriod":0,"CpuQuota":0,"CpuRealtimePeriod":0,"CpuRealtimeRuntime":0,"CpusetCpus":"","CpusetMems":"","Devices":null,"DeviceCgroupRules":null,"DeviceRequests":null,"MemoryReservation":0,"MemorySwap":0,"MemorySwappiness":null,"OomKillDisable":false,"PidsLimit":null,"Ulimits":null,"CpuCount":0,"CpuPercent":0,"IOMaximumIOps":0,"IOMaximumBandwidth":0,"MaskedPaths":null,"ReadonlyPaths":null},"GraphDriver":{"Data":null,"Name":"overlayfs"},"Mounts":[{"Type":"bind","Source":"//var/run/docker.sock","Destination":"/var/run/docker.sock","Mode":"rw","RW":true,"Propagation":"rprivate"}],"Config":{"Hostname":"61caf9da7785","Domainname":"","User":"","AttachStdin":false,"AttachStdout":false,"AttachStderr":false,"ExposedPorts":{"8080/tcp":{}},"Tty":false,"OpenStdin":false,"StdinOnce":false,"Env":["PATH=/usr/local/sbin:/usr/local/bin:/usr/sbin:/usr/bin:/sbin:/bin"],"Cmd":["/bin/ryuk"],"Image":"testcontainers/ryuk:0.6.0","Volumes":null,"WorkingDir":"","Entrypoint":null,"OnBuild":null,"Labels":{"org.testcontainers":"true","org.testcontainers.lang":"java","org.testcontainers.ryuk":"true","org.testcontainers.version":"1.19.7"}},"NetworkSettings":{"Bridge":"","SandboxID":"a8fc081fffac242e056a03bf33eb9f32e50bbaca79ed933fbe278e8e42faafa0","SandboxKey":"/var/run/docker/netns/a8fc081fffac","Ports":{"8080/tcp":[]},"HairpinMode":false,"LinkLocalIPv6Address":"","LinkLocalIPv6PrefixLen":0,"SecondaryIPAddresses":null,"SecondaryIPv6Addresses":null,"EndpointID":"07c1965284a77e9d366bd52bc3256c033bcee1ba43cf9908e6011d7ecf2946d6","Gateway":"172.17.0.1","GlobalIPv6Address":"","GlobalIPv6PrefixLen":0,"IPAddress":"172.17.0.2","IPPrefixLen":16,"IPv6Gateway":"","MacAddress":"02:42:ac:11:00:02","Networks":{"bridge":{"IPAMConfig":null,"Links":null,"Aliases":null,"MacAddress":"02:42:ac:11:00:02","DriverOpts":null,"NetworkID":"f0594820a60c9d6c1293e01ac8a804eac606a0cdb0dcd01c085bc8a3a64632ab","EndpointID":"07c1965284a77e9d366bd52bc3256c033bcee1ba43cf9908e6011d7ecf2946d6","Gateway":"17"
21:10:21.718 [main] DEBUG com.github.dockerjava.zerodep.shaded.org.apache.hc.client5.http.wire -- http-outgoing-0 << "2.17.0.1","IPAddress":"172.17.0.2","IPPrefixLen":16,"IPv6Gateway":"","GlobalIPv6Address":"","GlobalIPv6PrefixLen":0,"DNSNames":null}}}}[\n]"
21:10:21.718 [main] DEBUG com.github.dockerjava.zerodep.shaded.org.apache.hc.client5.http.wire -- http-outgoing-0 << "[\r][\n]"
21:10:21.718 [main] DEBUG com.github.dockerjava.zerodep.shaded.org.apache.hc.client5.http.wire -- http-outgoing-0 << "0[\r][\n]"
21:10:21.718 [main] DEBUG com.github.dockerjava.zerodep.shaded.org.apache.hc.client5.http.wire -- http-outgoing-0 << "[\r][\n]"
21:10:21.746 [main] DEBUG com.github.dockerjava.zerodep.shaded.org.apache.hc.client5.http.impl.classic.InternalHttpClient -- ep-00000005: releasing valid endpoint
21:10:21.746 [main] DEBUG com.github.dockerjava.zerodep.shaded.org.apache.hc.client5.http.impl.io.PoolingHttpClientConnectionManager -- ep-00000005: releasing endpoint
21:10:21.746 [main] DEBUG com.github.dockerjava.zerodep.shaded.org.apache.hc.client5.http.impl.io.PoolingHttpClientConnectionManager -- ep-00000005: connection http-outgoing-0 can be kept alive for 3 MINUTES
21:10:21.747 [main] DEBUG com.github.dockerjava.zerodep.shaded.org.apache.hc.client5.http.impl.io.PoolingHttpClientConnectionManager -- ep-00000005: connection released [route: {}->npipe://localhost:2375][total available: 1; route allocated: 1 of 2147483647; total allocated: 1 of 2147483647]
21:10:21.752 [main] DEBUG org.testcontainers.shaded.com.github.dockerjava.core.command.AbstrDockerCmd -- Cmd: 61caf9da778519bd66d0de2ea4aa241d7c8a5f7a948e5f3d0d37d5cf6bc122ce,false
21:10:21.753 [main] DEBUG org.testcontainers.shaded.com.github.dockerjava.core.exec.InspectContainerCmdExec -- GET: DefaultWebTarget{path=[/containers/61caf9da778519bd66d0de2ea4aa241d7c8a5f7a948e5f3d0d37d5cf6bc122ce/json], queryParams={}}
21:10:21.753 [main] DEBUG com.github.dockerjava.zerodep.shaded.org.apache.hc.client5.http.impl.classic.InternalHttpClient -- ex-00000007: preparing request execution
21:10:21.753 [main] DEBUG com.github.dockerjava.zerodep.shaded.org.apache.hc.client5.http.protocol.RequestAddCookies -- Cookie spec selected: strict
21:10:21.753 [main] DEBUG com.github.dockerjava.zerodep.shaded.org.apache.hc.client5.http.protocol.RequestAuthCache -- Auth cache not set in the context
21:10:21.753 [main] DEBUG com.github.dockerjava.zerodep.shaded.org.apache.hc.client5.http.impl.classic.ProtocolExec -- ex-00000007: target auth state: UNCHALLENGED
21:10:21.753 [main] DEBUG com.github.dockerjava.zerodep.shaded.org.apache.hc.client5.http.impl.classic.ProtocolExec -- ex-00000007: proxy auth state: UNCHALLENGED
21:10:21.753 [main] DEBUG com.github.dockerjava.zerodep.shaded.org.apache.hc.client5.http.impl.classic.ConnectExec -- ex-00000007: acquiring connection with route {}->npipe://localhost:2375
21:10:21.753 [main] DEBUG com.github.dockerjava.zerodep.shaded.org.apache.hc.client5.http.impl.classic.InternalHttpClient -- ex-00000007: acquiring endpoint (3 MINUTES)
21:10:21.754 [main] DEBUG com.github.dockerjava.zerodep.shaded.org.apache.hc.client5.http.impl.io.PoolingHttpClientConnectionManager -- ex-00000007: endpoint lease request (3 MINUTES) [route: {}->npipe://localhost:2375][total available: 1; route allocated: 1 of 2147483647; total allocated: 1 of 2147483647]
21:10:21.754 [main] DEBUG com.github.dockerjava.zerodep.shaded.org.apache.hc.client5.http.impl.io.PoolingHttpClientConnectionManager -- ex-00000007: endpoint leased [route: {}->npipe://localhost:2375][total available: 0; route allocated: 1 of 2147483647; total allocated: 1 of 2147483647]
21:10:21.754 [main] DEBUG com.github.dockerjava.zerodep.shaded.org.apache.hc.client5.http.impl.io.PoolingHttpClientConnectionManager -- ex-00000007: acquired ep-00000006
21:10:21.754 [main] DEBUG com.github.dockerjava.zerodep.shaded.org.apache.hc.client5.http.impl.classic.InternalHttpClient -- ex-00000007: acquired endpoint ep-00000006
21:10:21.754 [main] DEBUG com.github.dockerjava.zerodep.shaded.org.apache.hc.client5.http.impl.classic.MainClientExec -- ex-00000007: executing GET /v1.32/containers/61caf9da778519bd66d0de2ea4aa241d7c8a5f7a948e5f3d0d37d5cf6bc122ce/json HTTP/1.1
21:10:21.754 [main] DEBUG com.github.dockerjava.zerodep.shaded.org.apache.hc.client5.http.impl.classic.InternalHttpClient -- ep-00000006: start execution ex-00000007
21:10:21.754 [main] DEBUG com.github.dockerjava.zerodep.shaded.org.apache.hc.client5.http.impl.io.PoolingHttpClientConnectionManager -- ep-00000006: executing exchange ex-00000007 over http-outgoing-0
21:10:21.754 [main] DEBUG com.github.dockerjava.zerodep.shaded.org.apache.hc.client5.http.headers -- http-outgoing-0 >> GET /v1.32/containers/61caf9da778519bd66d0de2ea4aa241d7c8a5f7a948e5f3d0d37d5cf6bc122ce/json HTTP/1.1
21:10:21.754 [main] DEBUG com.github.dockerjava.zerodep.shaded.org.apache.hc.client5.http.headers -- http-outgoing-0 >> accept: application/json
21:10:21.754 [main] DEBUG com.github.dockerjava.zerodep.shaded.org.apache.hc.client5.http.headers -- http-outgoing-0 >> x-tc-sid: 2a607c29-9f73-4ad7-8e0e-ab764e999503
21:10:21.754 [main] DEBUG com.github.dockerjava.zerodep.shaded.org.apache.hc.client5.http.headers -- http-outgoing-0 >> User-Agent: tc-java/1.19.7
21:10:21.755 [main] DEBUG com.github.dockerjava.zerodep.shaded.org.apache.hc.client5.http.headers -- http-outgoing-0 >> Accept-Encoding: gzip, x-gzip, deflate
21:10:21.755 [main] DEBUG com.github.dockerjava.zerodep.shaded.org.apache.hc.client5.http.headers -- http-outgoing-0 >> Host: localhost:2375
21:10:21.755 [main] DEBUG com.github.dockerjava.zerodep.shaded.org.apache.hc.client5.http.headers -- http-outgoing-0 >> Connection: keep-alive
21:10:21.755 [main] DEBUG com.github.dockerjava.zerodep.shaded.org.apache.hc.client5.http.wire -- http-outgoing-0 >> "GET /v1.32/containers/61caf9da778519bd66d0de2ea4aa241d7c8a5f7a948e5f3d0d37d5cf6bc122ce/json HTTP/1.1[\r][\n]"
21:10:21.755 [main] DEBUG com.github.dockerjava.zerodep.shaded.org.apache.hc.client5.http.wire -- http-outgoing-0 >> "accept: application/json[\r][\n]"
21:10:21.755 [main] DEBUG com.github.dockerjava.zerodep.shaded.org.apache.hc.client5.http.wire -- http-outgoing-0 >> "x-tc-sid: 2a607c29-9f73-4ad7-8e0e-ab764e999503[\r][\n]"
21:10:21.755 [main] DEBUG com.github.dockerjava.zerodep.shaded.org.apache.hc.client5.http.wire -- http-outgoing-0 >> "User-Agent: tc-java/1.19.7[\r][\n]"
21:10:21.755 [main] DEBUG com.github.dockerjava.zerodep.shaded.org.apache.hc.client5.http.wire -- http-outgoing-0 >> "Accept-Encoding: gzip, x-gzip, deflate[\r][\n]"
21:10:21.755 [main] DEBUG com.github.dockerjava.zerodep.shaded.org.apache.hc.client5.http.wire -- http-outgoing-0 >> "Host: localhost:2375[\r][\n]"
21:10:21.755 [main] DEBUG com.github.dockerjava.zerodep.shaded.org.apache.hc.client5.http.wire -- http-outgoing-0 >> "Connection: keep-alive[\r][\n]"
21:10:21.756 [main] DEBUG com.github.dockerjava.zerodep.shaded.org.apache.hc.client5.http.wire -- http-outgoing-0 >> "[\r][\n]"
21:10:21.760 [main] DEBUG com.github.dockerjava.zerodep.shaded.org.apache.hc.client5.http.wire -- http-outgoing-0 << "HTTP/1.1 200 OK[\r][\n]"
21:10:21.761 [main] DEBUG com.github.dockerjava.zerodep.shaded.org.apache.hc.client5.http.wire -- http-outgoing-0 << "Api-Version: 1.47[\r][\n]"
21:10:21.761 [main] DEBUG com.github.dockerjava.zerodep.shaded.org.apache.hc.client5.http.wire -- http-outgoing-0 << "Content-Type: application/json[\r][\n]"
21:10:21.761 [main] DEBUG com.github.dockerjava.zerodep.shaded.org.apache.hc.client5.http.wire -- http-outgoing-0 << "Date: Fri, 09 May 2025 18:10:21 GMT[\r][\n]"
21:10:21.761 [main] DEBUG com.github.dockerjava.zerodep.shaded.org.apache.hc.client5.http.wire -- http-outgoing-0 << "Docker-Experimental: false[\r][\n]"
21:10:21.761 [main] DEBUG com.github.dockerjava.zerodep.shaded.org.apache.hc.client5.http.wire -- http-outgoing-0 << "Ostype: linux[\r][\n]"
21:10:21.761 [main] DEBUG com.github.dockerjava.zerodep.shaded.org.apache.hc.client5.http.wire -- http-outgoing-0 << "Server: Docker/27.3.1 (linux)[\r][\n]"
21:10:21.761 [main] DEBUG com.github.dockerjava.zerodep.shaded.org.apache.hc.client5.http.wire -- http-outgoing-0 << "Transfer-Encoding: chunked[\r][\n]"
21:10:21.761 [main] DEBUG com.github.dockerjava.zerodep.shaded.org.apache.hc.client5.http.wire -- http-outgoing-0 << "[\r][\n]"
21:10:21.761 [main] DEBUG com.github.dockerjava.zerodep.shaded.org.apache.hc.client5.http.headers -- http-outgoing-0 << HTTP/1.1 200 OK
21:10:21.761 [main] DEBUG com.github.dockerjava.zerodep.shaded.org.apache.hc.client5.http.headers -- http-outgoing-0 << Api-Version: 1.47
21:10:21.762 [main] DEBUG com.github.dockerjava.zerodep.shaded.org.apache.hc.client5.http.headers -- http-outgoing-0 << Content-Type: application/json
21:10:21.762 [main] DEBUG com.github.dockerjava.zerodep.shaded.org.apache.hc.client5.http.headers -- http-outgoing-0 << Date: Fri, 09 May 2025 18:10:21 GMT
21:10:21.762 [main] DEBUG com.github.dockerjava.zerodep.shaded.org.apache.hc.client5.http.headers -- http-outgoing-0 << Docker-Experimental: false
21:10:21.762 [main] DEBUG com.github.dockerjava.zerodep.shaded.org.apache.hc.client5.http.headers -- http-outgoing-0 << Ostype: linux
21:10:21.762 [main] DEBUG com.github.dockerjava.zerodep.shaded.org.apache.hc.client5.http.headers -- http-outgoing-0 << Server: Docker/27.3.1 (linux)
21:10:21.762 [main] DEBUG com.github.dockerjava.zerodep.shaded.org.apache.hc.client5.http.headers -- http-outgoing-0 << Transfer-Encoding: chunked
21:10:21.762 [main] DEBUG com.github.dockerjava.zerodep.shaded.org.apache.hc.client5.http.impl.classic.MainClientExec -- ex-00000007: connection can be kept alive for 3 MINUTES
21:10:21.762 [main] DEBUG com.github.dockerjava.zerodep.shaded.org.apache.hc.client5.http.wire -- http-outgoing-0 << "10a9[\r][\n]"
21:10:21.763 [main] DEBUG com.github.dockerjava.zerodep.shaded.org.apache.hc.client5.http.wire -- http-outgoing-0 << "{"Id":"61caf9da778519bd66d0de2ea4aa241d7c8a5f7a948e5f3d0d37d5cf6bc122ce","Created":"2025-05-09T18:10:21.181805068Z","Path":"/bin/ryuk","Args":[],"State":{"Status":"running","Running":true,"Paused":false,"Restarting":false,"OOMKilled":false,"Dead":false,"Pid":1841,"ExitCode":0,"Error":"","StartedAt":"2025-05-09T18:10:21.288912302Z","FinishedAt":"0001-01-01T00:00:00Z"},"Image":"sha256:739f19eb83b1710f22ff452d7bec9cdd3f53d0ba5ff4096c6516a85de88eba0c","ResolvConfPath":"/var/lib/docker/containers/61caf9da778519bd66d0de2ea4aa241d7c8a5f7a948e5f3d0d37d5cf6bc122ce/resolv.conf","HostnamePath":"/var/lib/docker/containers/61caf9da778519bd66d0de2ea4aa241d7c8a5f7a948e5f3d0d37d5cf6bc122ce/hostname","HostsPath":"/var/lib/docker/containers/61caf9da778519bd66d0de2ea4aa241d7c8a5f7a948e5f3d0d37d5cf6bc122ce/hosts","LogPath":"/var/lib/docker/containers/61caf9da778519bd66d0de2ea4aa241d7c8a5f7a948e5f3d0d37d5cf6bc122ce/61caf9da778519bd66d0de2ea4aa241d7c8a5f7a948e5f3d0d37d5cf6bc122ce-json.log","Name":"/testcontainers-ryuk-2a607c29-9f73-4ad7-8e0e-ab764e999503","RestartCount":0,"Driver":"overlayfs","Platform":"linux","MountLabel":"","ProcessLabel":"","AppArmorProfile":"","ExecIDs":null,"HostConfig":{"Binds":["//var/run/docker.sock:/var/run/docker.sock:rw"],"ContainerIDFile":"","LogConfig":{"Type":"json-file","Config":{}},"NetworkMode":"bridge","PortBindings":{"8080/tcp":[{"HostIp":"0.0.0.0","HostPort":"0"}]},"RestartPolicy":{"Name":"no","MaximumRetryCount":0},"AutoRemove":true,"VolumeDriver":"","VolumesFrom":[],"ConsoleSize":[0,0],"CapAdd":null,"CapDrop":null,"CgroupnsMode":"host","Dns":null,"DnsOptions":null,"DnsSearch":null,"ExtraHosts":[],"GroupAdd":null,"IpcMode":"shareable","Cgroup":"","Links":null,"OomScoreAdj":0,"PidMode":"","Privileged":true,"PublishAllPorts":false,"ReadonlyRootfs":false,"SecurityOpt":["label=disable"],"UTSMode":"","UsernsMode":"","ShmSize":67108864,"Runtime":"runc","Isolation":"","CpuShares":0,"Memory":0,"NanoCpus":0,"CgroupParent":"","BlkioWeight":0,"BlkioWeightDevice":null,"BlkioDeviceReadBps":null,"BlkioDeviceWriteBps":null,"BlkioDeviceReadIOps":null,"BlkioDeviceWriteIOps":null,"CpuPeriod":0,"CpuQuota":0,"CpuRealtimePeriod":0,"CpuRealtimeRuntime":0,"CpusetCpus":"","CpusetMems":"","Devices":null,"DeviceCgroupRules":null,"DeviceRequests":null,"MemoryReservation":0,"MemorySwap":0,"MemorySwappiness":null,"OomKillDisable":false,"PidsLimit":null,"Ulimits":null,"CpuCount":0,"CpuPercent":0,"IOMaximumIOps":0,"IOMaximumBandwidth":0,"MaskedPaths":null,"ReadonlyPaths":null},"GraphDriver":{"Data":null,"Name":"overlayfs"},"Mounts":[{"Type":"bind","Source":"//var/run/docker.sock","Destination":"/var/run/docker.sock","Mode":"rw","RW":true,"Propagation":"rprivate"}],"Config":{"Hostname":"61caf9da7785","Domainname":"","User":"","AttachStdin":false,"AttachStdout":false,"AttachStderr":false,"ExposedPorts":{"8080/tcp":{}},"Tty":false,"OpenStdin":false,"StdinOnce":false,"Env":["PATH=/usr/local/sbin:/usr/local/bin:/usr/sbin:/usr/bin:/sbin:/bin"],"Cmd":["/bin/ryuk"],"Image":"testcontainers/ryuk:0.6.0","Volumes":null,"WorkingDir":"","Entrypoint":null,"OnBuild":null,"Labels":{"org.testcontainers":"true","org.testcontainers.lang":"java","org.testcontainers.ryuk":"true","org.testcontainers.version":"1.19.7"}},"NetworkSettings":{"Bridge":"","SandboxID":"a8fc081fffac242e056a03bf33eb9f32e50bbaca79ed933fbe278e8e42faafa0","SandboxKey":"/var/run/docker/netns/a8fc081fffac","Ports":{"8080/tcp":[{"HostIp":"0.0.0.0","HostPort":"49840"}]},"HairpinMode":false,"LinkLocalIPv6Address":"","LinkLocalIPv6PrefixLen":0,"SecondaryIPAddresses":null,"SecondaryIPv6Addresses":null,"EndpointID":"07c1965284a77e9d366bd52bc3256c033bcee1ba43cf9908e6011d7ecf2946d6","Gateway":"172.17.0.1","GlobalIPv6Address":"","GlobalIPv6PrefixLen":0,"IPAddress":"172.17.0.2","IPPrefixLen":16,"IPv6Gateway":"","MacAddress":"02:42:ac:11:00:02","Networks":{"bridge":{"IPAMConfig":null,"Links":null,"Aliases":null,"MacAddress":"02:42:ac:11:00:02","DriverOpts":null,"NetworkID":"f0594820a60c9d6c1293e01ac8a804eac606a0cdb0dcd01c085bc8a3a64632ab","EndpointID":"07c1965284a77e9d366bd52bc3256c033bcee1ba"
21:10:21.764 [main] DEBUG com.github.dockerjava.zerodep.shaded.org.apache.hc.client5.http.wire -- http-outgoing-0 << "43cf9908e6011d7ecf2946d6","Gateway":"172.17.0.1","IPAddress":"172.17.0.2","IPPrefixLen":16,"IPv6Gateway":"","GlobalIPv6Address":"","GlobalIPv6PrefixLen":0,"DNSNames":null}}}}[\n]"
21:10:21.764 [main] DEBUG com.github.dockerjava.zerodep.shaded.org.apache.hc.client5.http.wire -- http-outgoing-0 << "[\r][\n]"
21:10:21.764 [main] DEBUG com.github.dockerjava.zerodep.shaded.org.apache.hc.client5.http.wire -- http-outgoing-0 << "0[\r][\n]"
21:10:21.764 [main] DEBUG com.github.dockerjava.zerodep.shaded.org.apache.hc.client5.http.wire -- http-outgoing-0 << "[\r][\n]"
21:10:21.766 [main] DEBUG com.github.dockerjava.zerodep.shaded.org.apache.hc.client5.http.impl.classic.InternalHttpClient -- ep-00000006: releasing valid endpoint
21:10:21.766 [main] DEBUG com.github.dockerjava.zerodep.shaded.org.apache.hc.client5.http.impl.io.PoolingHttpClientConnectionManager -- ep-00000006: releasing endpoint
21:10:21.766 [main] DEBUG com.github.dockerjava.zerodep.shaded.org.apache.hc.client5.http.impl.io.PoolingHttpClientConnectionManager -- ep-00000006: connection http-outgoing-0 can be kept alive for 3 MINUTES
21:10:21.766 [main] DEBUG com.github.dockerjava.zerodep.shaded.org.apache.hc.client5.http.impl.io.PoolingHttpClientConnectionManager -- ep-00000006: connection released [route: {}->npipe://localhost:2375][total available: 1; route allocated: 1 of 2147483647; total allocated: 1 of 2147483647]
21:10:21.768 [main] DEBUG org.testcontainers.shaded.com.github.dockerjava.core.command.AbstrDockerCmd -- Cmd: sha256:739f19eb83b1710f22ff452d7bec9cdd3f53d0ba5ff4096c6516a85de88eba0c
21:10:21.769 [main] DEBUG com.github.dockerjava.zerodep.shaded.org.apache.hc.client5.http.impl.classic.InternalHttpClient -- ex-00000008: preparing request execution
21:10:21.770 [main] DEBUG com.github.dockerjava.zerodep.shaded.org.apache.hc.client5.http.protocol.RequestAddCookies -- Cookie spec selected: strict
21:10:21.770 [main] DEBUG com.github.dockerjava.zerodep.shaded.org.apache.hc.client5.http.protocol.RequestAuthCache -- Auth cache not set in the context
21:10:21.770 [main] DEBUG com.github.dockerjava.zerodep.shaded.org.apache.hc.client5.http.impl.classic.ProtocolExec -- ex-00000008: target auth state: UNCHALLENGED
21:10:21.770 [main] DEBUG com.github.dockerjava.zerodep.shaded.org.apache.hc.client5.http.impl.classic.ProtocolExec -- ex-00000008: proxy auth state: UNCHALLENGED
21:10:21.770 [main] DEBUG com.github.dockerjava.zerodep.shaded.org.apache.hc.client5.http.impl.classic.ConnectExec -- ex-00000008: acquiring connection with route {}->npipe://localhost:2375
21:10:21.770 [main] DEBUG com.github.dockerjava.zerodep.shaded.org.apache.hc.client5.http.impl.classic.InternalHttpClient -- ex-00000008: acquiring endpoint (3 MINUTES)
21:10:21.770 [main] DEBUG com.github.dockerjava.zerodep.shaded.org.apache.hc.client5.http.impl.io.PoolingHttpClientConnectionManager -- ex-00000008: endpoint lease request (3 MINUTES) [route: {}->npipe://localhost:2375][total available: 1; route allocated: 1 of 2147483647; total allocated: 1 of 2147483647]
21:10:21.770 [main] DEBUG com.github.dockerjava.zerodep.shaded.org.apache.hc.client5.http.impl.io.PoolingHttpClientConnectionManager -- ex-00000008: endpoint leased [route: {}->npipe://localhost:2375][total available: 0; route allocated: 1 of 2147483647; total allocated: 1 of 2147483647]
21:10:21.770 [main] DEBUG com.github.dockerjava.zerodep.shaded.org.apache.hc.client5.http.impl.io.PoolingHttpClientConnectionManager -- ex-00000008: acquired ep-00000007
21:10:21.770 [main] DEBUG com.github.dockerjava.zerodep.shaded.org.apache.hc.client5.http.impl.classic.InternalHttpClient -- ex-00000008: acquired endpoint ep-00000007
21:10:21.770 [main] DEBUG com.github.dockerjava.zerodep.shaded.org.apache.hc.client5.http.impl.classic.MainClientExec -- ex-00000008: executing GET /v1.32/images/sha256:739f19eb83b1710f22ff452d7bec9cdd3f53d0ba5ff4096c6516a85de88eba0c/json HTTP/1.1
21:10:21.770 [main] DEBUG com.github.dockerjava.zerodep.shaded.org.apache.hc.client5.http.impl.classic.InternalHttpClient -- ep-00000007: start execution ex-00000008
21:10:21.770 [main] DEBUG com.github.dockerjava.zerodep.shaded.org.apache.hc.client5.http.impl.io.PoolingHttpClientConnectionManager -- ep-00000007: executing exchange ex-00000008 over http-outgoing-0
21:10:21.771 [main] DEBUG com.github.dockerjava.zerodep.shaded.org.apache.hc.client5.http.headers -- http-outgoing-0 >> GET /v1.32/images/sha256:739f19eb83b1710f22ff452d7bec9cdd3f53d0ba5ff4096c6516a85de88eba0c/json HTTP/1.1
21:10:21.771 [main] DEBUG com.github.dockerjava.zerodep.shaded.org.apache.hc.client5.http.headers -- http-outgoing-0 >> accept: application/json
21:10:21.771 [main] DEBUG com.github.dockerjava.zerodep.shaded.org.apache.hc.client5.http.headers -- http-outgoing-0 >> x-tc-sid: 2a607c29-9f73-4ad7-8e0e-ab764e999503
21:10:21.771 [main] DEBUG com.github.dockerjava.zerodep.shaded.org.apache.hc.client5.http.headers -- http-outgoing-0 >> User-Agent: tc-java/1.19.7
21:10:21.771 [main] DEBUG com.github.dockerjava.zerodep.shaded.org.apache.hc.client5.http.headers -- http-outgoing-0 >> Accept-Encoding: gzip, x-gzip, deflate
21:10:21.771 [main] DEBUG com.github.dockerjava.zerodep.shaded.org.apache.hc.client5.http.headers -- http-outgoing-0 >> Host: localhost:2375
21:10:21.771 [main] DEBUG com.github.dockerjava.zerodep.shaded.org.apache.hc.client5.http.headers -- http-outgoing-0 >> Connection: keep-alive
21:10:21.771 [main] DEBUG com.github.dockerjava.zerodep.shaded.org.apache.hc.client5.http.wire -- http-outgoing-0 >> "GET /v1.32/images/sha256:739f19eb83b1710f22ff452d7bec9cdd3f53d0ba5ff4096c6516a85de88eba0c/json HTTP/1.1[\r][\n]"
21:10:21.771 [main] DEBUG com.github.dockerjava.zerodep.shaded.org.apache.hc.client5.http.wire -- http-outgoing-0 >> "accept: application/json[\r][\n]"
21:10:21.771 [main] DEBUG com.github.dockerjava.zerodep.shaded.org.apache.hc.client5.http.wire -- http-outgoing-0 >> "x-tc-sid: 2a607c29-9f73-4ad7-8e0e-ab764e999503[\r][\n]"
21:10:21.771 [main] DEBUG com.github.dockerjava.zerodep.shaded.org.apache.hc.client5.http.wire -- http-outgoing-0 >> "User-Agent: tc-java/1.19.7[\r][\n]"
21:10:21.771 [main] DEBUG com.github.dockerjava.zerodep.shaded.org.apache.hc.client5.http.wire -- http-outgoing-0 >> "Accept-Encoding: gzip, x-gzip, deflate[\r][\n]"
21:10:21.771 [main] DEBUG com.github.dockerjava.zerodep.shaded.org.apache.hc.client5.http.wire -- http-outgoing-0 >> "Host: localhost:2375[\r][\n]"
21:10:21.771 [main] DEBUG com.github.dockerjava.zerodep.shaded.org.apache.hc.client5.http.wire -- http-outgoing-0 >> "Connection: keep-alive[\r][\n]"
21:10:21.771 [main] DEBUG com.github.dockerjava.zerodep.shaded.org.apache.hc.client5.http.wire -- http-outgoing-0 >> "[\r][\n]"
21:10:21.788 [main] DEBUG com.github.dockerjava.zerodep.shaded.org.apache.hc.client5.http.wire -- http-outgoing-0 << "HTTP/1.1 200 OK[\r][\n]"
21:10:21.789 [main] DEBUG com.github.dockerjava.zerodep.shaded.org.apache.hc.client5.http.wire -- http-outgoing-0 << "Api-Version: 1.47[\r][\n]"
21:10:21.789 [main] DEBUG com.github.dockerjava.zerodep.shaded.org.apache.hc.client5.http.wire -- http-outgoing-0 << "Content-Type: application/json[\r][\n]"
21:10:21.789 [main] DEBUG com.github.dockerjava.zerodep.shaded.org.apache.hc.client5.http.wire -- http-outgoing-0 << "Date: Fri, 09 May 2025 18:10:21 GMT[\r][\n]"
21:10:21.789 [main] DEBUG com.github.dockerjava.zerodep.shaded.org.apache.hc.client5.http.wire -- http-outgoing-0 << "Docker-Experimental: false[\r][\n]"
21:10:21.789 [main] DEBUG com.github.dockerjava.zerodep.shaded.org.apache.hc.client5.http.wire -- http-outgoing-0 << "Ostype: linux[\r][\n]"
21:10:21.789 [main] DEBUG com.github.dockerjava.zerodep.shaded.org.apache.hc.client5.http.wire -- http-outgoing-0 << "Server: Docker/27.3.1 (linux)[\r][\n]"
21:10:21.789 [main] DEBUG com.github.dockerjava.zerodep.shaded.org.apache.hc.client5.http.wire -- http-outgoing-0 << "Transfer-Encoding: chunked[\r][\n]"
21:10:21.789 [main] DEBUG com.github.dockerjava.zerodep.shaded.org.apache.hc.client5.http.wire -- http-outgoing-0 << "[\r][\n]"
21:10:21.789 [main] DEBUG com.github.dockerjava.zerodep.shaded.org.apache.hc.client5.http.headers -- http-outgoing-0 << HTTP/1.1 200 OK
21:10:21.789 [main] DEBUG com.github.dockerjava.zerodep.shaded.org.apache.hc.client5.http.headers -- http-outgoing-0 << Api-Version: 1.47
21:10:21.789 [main] DEBUG com.github.dockerjava.zerodep.shaded.org.apache.hc.client5.http.headers -- http-outgoing-0 << Content-Type: application/json
21:10:21.789 [main] DEBUG com.github.dockerjava.zerodep.shaded.org.apache.hc.client5.http.headers -- http-outgoing-0 << Date: Fri, 09 May 2025 18:10:21 GMT
21:10:21.789 [main] DEBUG com.github.dockerjava.zerodep.shaded.org.apache.hc.client5.http.headers -- http-outgoing-0 << Docker-Experimental: false
21:10:21.789 [main] DEBUG com.github.dockerjava.zerodep.shaded.org.apache.hc.client5.http.headers -- http-outgoing-0 << Ostype: linux
21:10:21.789 [main] DEBUG com.github.dockerjava.zerodep.shaded.org.apache.hc.client5.http.headers -- http-outgoing-0 << Server: Docker/27.3.1 (linux)
21:10:21.789 [main] DEBUG com.github.dockerjava.zerodep.shaded.org.apache.hc.client5.http.headers -- http-outgoing-0 << Transfer-Encoding: chunked
21:10:21.790 [main] DEBUG com.github.dockerjava.zerodep.shaded.org.apache.hc.client5.http.impl.classic.MainClientExec -- ex-00000008: connection can be kept alive for 3 MINUTES
21:10:21.790 [main] DEBUG com.github.dockerjava.zerodep.shaded.org.apache.hc.client5.http.wire -- http-outgoing-0 << "5c3[\r][\n]"
21:10:21.790 [main] DEBUG com.github.dockerjava.zerodep.shaded.org.apache.hc.client5.http.wire -- http-outgoing-0 << "{"Id":"sha256:739f19eb83b1710f22ff452d7bec9cdd3f53d0ba5ff4096c6516a85de88eba0c","RepoTags":["testcontainers/ryuk:0.6.0"],"RepoDigests":["testcontainers/ryuk@sha256:739f19eb83b1710f22ff452d7bec9cdd3f53d0ba5ff4096c6516a85de88eba0c"],"Parent":"","Comment":"buildkit.dockerfile.v0","Created":"2023-12-21T14:31:54.932730965Z","ContainerConfig":{"Hostname":"","Domainname":"","User":"","AttachStdin":false,"AttachStdout":false,"AttachStderr":false,"Tty":false,"OpenStdin":false,"StdinOnce":false,"Env":null,"Cmd":null,"Image":"","Volumes":null,"WorkingDir":"","Entrypoint":null,"OnBuild":null,"Labels":null},"DockerVersion":"27.3.1","Author":"","Config":{"Hostname":"","Domainname":"","User":"","AttachStdin":false,"AttachStdout":false,"AttachStderr":false,"Tty":false,"OpenStdin":false,"StdinOnce":false,"Env":["PATH=/usr/local/sbin:/usr/local/bin:/usr/sbin:/usr/bin:/sbin:/bin"],"Cmd":["/bin/ryuk"],"ArgsEscaped":true,"Image":"","Volumes":null,"WorkingDir":"","Entrypoint":null,"OnBuild":null,"Labels":{"org.testcontainers.ryuk":"true"}},"Architecture":"amd64","Os":"linux","Size":6651931,"VirtualSize":6651931,"GraphDriver":{"Data":null,"Name":"overlayfs"},"RootFS":{"Type":"layers","Layers":["sha256:5af4f8f59b764c64c6def53f52ada809fe38d528441d08d01c206dfb3fc3b691","sha256:441e615457db588f9a8ad1074757b91a6a41f41532ec2cebc91729e35d52282a","sha256:dc4589c0b9e63879470d37ff459dcb82dab28afd4321f989b8aa02a0c6bcb2bf"]},"Metadata":{"LastTagTime":"2025-04-12T06:33:51.200449762Z"}}[\n]"
21:10:21.790 [main] DEBUG com.github.dockerjava.zerodep.shaded.org.apache.hc.client5.http.wire -- http-outgoing-0 << "[\r][\n]"
21:10:21.790 [main] DEBUG com.github.dockerjava.zerodep.shaded.org.apache.hc.client5.http.wire -- http-outgoing-0 << "0[\r][\n]"
21:10:21.790 [main] DEBUG com.github.dockerjava.zerodep.shaded.org.apache.hc.client5.http.wire -- http-outgoing-0 << "[\r][\n]"
21:10:21.797 [main] DEBUG com.github.dockerjava.zerodep.shaded.org.apache.hc.client5.http.impl.classic.InternalHttpClient -- ep-00000007: releasing valid endpoint
21:10:21.797 [main] DEBUG com.github.dockerjava.zerodep.shaded.org.apache.hc.client5.http.impl.io.PoolingHttpClientConnectionManager -- ep-00000007: releasing endpoint
21:10:21.797 [main] DEBUG com.github.dockerjava.zerodep.shaded.org.apache.hc.client5.http.impl.io.PoolingHttpClientConnectionManager -- ep-00000007: connection http-outgoing-0 can be kept alive for 3 MINUTES
21:10:21.797 [main] DEBUG com.github.dockerjava.zerodep.shaded.org.apache.hc.client5.http.impl.io.PoolingHttpClientConnectionManager -- ep-00000007: connection released [route: {}->npipe://localhost:2375][total available: 1; route allocated: 1 of 2147483647; total allocated: 1 of 2147483647]
21:10:21.797 [main] DEBUG org.testcontainers.shaded.com.github.dockerjava.core.command.AbstrDockerCmd -- Cmd: 
21:10:21.798 [main] DEBUG com.github.dockerjava.zerodep.shaded.org.apache.hc.client5.http.impl.classic.InternalHttpClient -- ex-00000009: preparing request execution
21:10:21.798 [main] DEBUG com.github.dockerjava.zerodep.shaded.org.apache.hc.client5.http.protocol.RequestAddCookies -- Cookie spec selected: strict
21:10:21.798 [main] DEBUG com.github.dockerjava.zerodep.shaded.org.apache.hc.client5.http.protocol.RequestAuthCache -- Auth cache not set in the context
21:10:21.798 [main] DEBUG com.github.dockerjava.zerodep.shaded.org.apache.hc.client5.http.impl.classic.ProtocolExec -- ex-00000009: target auth state: UNCHALLENGED
21:10:21.798 [main] DEBUG com.github.dockerjava.zerodep.shaded.org.apache.hc.client5.http.impl.classic.ProtocolExec -- ex-00000009: proxy auth state: UNCHALLENGED
21:10:21.798 [main] DEBUG com.github.dockerjava.zerodep.shaded.org.apache.hc.client5.http.impl.classic.ConnectExec -- ex-00000009: acquiring connection with route {}->npipe://localhost:2375
21:10:21.798 [main] DEBUG com.github.dockerjava.zerodep.shaded.org.apache.hc.client5.http.impl.classic.InternalHttpClient -- ex-00000009: acquiring endpoint (3 MINUTES)
21:10:21.798 [main] DEBUG com.github.dockerjava.zerodep.shaded.org.apache.hc.client5.http.impl.io.PoolingHttpClientConnectionManager -- ex-00000009: endpoint lease request (3 MINUTES) [route: {}->npipe://localhost:2375][total available: 1; route allocated: 1 of 2147483647; total allocated: 1 of 2147483647]
21:10:21.799 [main] DEBUG com.github.dockerjava.zerodep.shaded.org.apache.hc.client5.http.impl.io.PoolingHttpClientConnectionManager -- ex-00000009: endpoint leased [route: {}->npipe://localhost:2375][total available: 0; route allocated: 1 of 2147483647; total allocated: 1 of 2147483647]
21:10:21.799 [main] DEBUG com.github.dockerjava.zerodep.shaded.org.apache.hc.client5.http.impl.io.PoolingHttpClientConnectionManager -- ex-00000009: acquired ep-00000008
21:10:21.799 [main] DEBUG com.github.dockerjava.zerodep.shaded.org.apache.hc.client5.http.impl.classic.InternalHttpClient -- ex-00000009: acquired endpoint ep-00000008
21:10:21.799 [main] DEBUG com.github.dockerjava.zerodep.shaded.org.apache.hc.client5.http.impl.classic.MainClientExec -- ex-00000009: executing GET /v1.32/version HTTP/1.1
21:10:21.799 [main] DEBUG com.github.dockerjava.zerodep.shaded.org.apache.hc.client5.http.impl.classic.InternalHttpClient -- ep-00000008: start execution ex-00000009
21:10:21.799 [main] DEBUG com.github.dockerjava.zerodep.shaded.org.apache.hc.client5.http.impl.io.PoolingHttpClientConnectionManager -- ep-00000008: executing exchange ex-00000009 over http-outgoing-0
21:10:21.799 [main] DEBUG com.github.dockerjava.zerodep.shaded.org.apache.hc.client5.http.headers -- http-outgoing-0 >> GET /v1.32/version HTTP/1.1
21:10:21.799 [main] DEBUG com.github.dockerjava.zerodep.shaded.org.apache.hc.client5.http.headers -- http-outgoing-0 >> accept: application/json
21:10:21.799 [main] DEBUG com.github.dockerjava.zerodep.shaded.org.apache.hc.client5.http.headers -- http-outgoing-0 >> x-tc-sid: 2a607c29-9f73-4ad7-8e0e-ab764e999503
21:10:21.799 [main] DEBUG com.github.dockerjava.zerodep.shaded.org.apache.hc.client5.http.headers -- http-outgoing-0 >> User-Agent: tc-java/1.19.7
21:10:21.800 [main] DEBUG com.github.dockerjava.zerodep.shaded.org.apache.hc.client5.http.headers -- http-outgoing-0 >> Accept-Encoding: gzip, x-gzip, deflate
21:10:21.800 [main] DEBUG com.github.dockerjava.zerodep.shaded.org.apache.hc.client5.http.headers -- http-outgoing-0 >> Host: localhost:2375
21:10:21.800 [main] DEBUG com.github.dockerjava.zerodep.shaded.org.apache.hc.client5.http.headers -- http-outgoing-0 >> Connection: keep-alive
21:10:21.800 [main] DEBUG com.github.dockerjava.zerodep.shaded.org.apache.hc.client5.http.wire -- http-outgoing-0 >> "GET /v1.32/version HTTP/1.1[\r][\n]"
21:10:21.800 [main] DEBUG com.github.dockerjava.zerodep.shaded.org.apache.hc.client5.http.wire -- http-outgoing-0 >> "accept: application/json[\r][\n]"
21:10:21.800 [main] DEBUG com.github.dockerjava.zerodep.shaded.org.apache.hc.client5.http.wire -- http-outgoing-0 >> "x-tc-sid: 2a607c29-9f73-4ad7-8e0e-ab764e999503[\r][\n]"
21:10:21.800 [main] DEBUG com.github.dockerjava.zerodep.shaded.org.apache.hc.client5.http.wire -- http-outgoing-0 >> "User-Agent: tc-java/1.19.7[\r][\n]"
21:10:21.800 [main] DEBUG com.github.dockerjava.zerodep.shaded.org.apache.hc.client5.http.wire -- http-outgoing-0 >> "Accept-Encoding: gzip, x-gzip, deflate[\r][\n]"
21:10:21.800 [main] DEBUG com.github.dockerjava.zerodep.shaded.org.apache.hc.client5.http.wire -- http-outgoing-0 >> "Host: localhost:2375[\r][\n]"
21:10:21.800 [main] DEBUG com.github.dockerjava.zerodep.shaded.org.apache.hc.client5.http.wire -- http-outgoing-0 >> "Connection: keep-alive[\r][\n]"
21:10:21.800 [main] DEBUG com.github.dockerjava.zerodep.shaded.org.apache.hc.client5.http.wire -- http-outgoing-0 >> "[\r][\n]"
21:10:21.810 [main] DEBUG com.github.dockerjava.zerodep.shaded.org.apache.hc.client5.http.wire -- http-outgoing-0 << "HTTP/1.1 200 OK[\r][\n]"
21:10:21.811 [main] DEBUG com.github.dockerjava.zerodep.shaded.org.apache.hc.client5.http.wire -- http-outgoing-0 << "Api-Version: 1.47[\r][\n]"
21:10:21.811 [main] DEBUG com.github.dockerjava.zerodep.shaded.org.apache.hc.client5.http.wire -- http-outgoing-0 << "Content-Type: application/json[\r][\n]"
21:10:21.811 [main] DEBUG com.github.dockerjava.zerodep.shaded.org.apache.hc.client5.http.wire -- http-outgoing-0 << "Date: Fri, 09 May 2025 18:10:21 GMT[\r][\n]"
21:10:21.811 [main] DEBUG com.github.dockerjava.zerodep.shaded.org.apache.hc.client5.http.wire -- http-outgoing-0 << "Docker-Experimental: false[\r][\n]"
21:10:21.811 [main] DEBUG com.github.dockerjava.zerodep.shaded.org.apache.hc.client5.http.wire -- http-outgoing-0 << "Ostype: linux[\r][\n]"
21:10:21.811 [main] DEBUG com.github.dockerjava.zerodep.shaded.org.apache.hc.client5.http.wire -- http-outgoing-0 << "Server: Docker/27.3.1 (linux)[\r][\n]"
21:10:21.811 [main] DEBUG com.github.dockerjava.zerodep.shaded.org.apache.hc.client5.http.wire -- http-outgoing-0 << "Transfer-Encoding: chunked[\r][\n]"
21:10:21.811 [main] DEBUG com.github.dockerjava.zerodep.shaded.org.apache.hc.client5.http.wire -- http-outgoing-0 << "[\r][\n]"
21:10:21.811 [main] DEBUG com.github.dockerjava.zerodep.shaded.org.apache.hc.client5.http.headers -- http-outgoing-0 << HTTP/1.1 200 OK
21:10:21.811 [main] DEBUG com.github.dockerjava.zerodep.shaded.org.apache.hc.client5.http.headers -- http-outgoing-0 << Api-Version: 1.47
21:10:21.811 [main] DEBUG com.github.dockerjava.zerodep.shaded.org.apache.hc.client5.http.headers -- http-outgoing-0 << Content-Type: application/json
21:10:21.811 [main] DEBUG com.github.dockerjava.zerodep.shaded.org.apache.hc.client5.http.headers -- http-outgoing-0 << Date: Fri, 09 May 2025 18:10:21 GMT
21:10:21.811 [main] DEBUG com.github.dockerjava.zerodep.shaded.org.apache.hc.client5.http.headers -- http-outgoing-0 << Docker-Experimental: false
21:10:21.811 [main] DEBUG com.github.dockerjava.zerodep.shaded.org.apache.hc.client5.http.headers -- http-outgoing-0 << Ostype: linux
21:10:21.811 [main] DEBUG com.github.dockerjava.zerodep.shaded.org.apache.hc.client5.http.headers -- http-outgoing-0 << Server: Docker/27.3.1 (linux)
21:10:21.811 [main] DEBUG com.github.dockerjava.zerodep.shaded.org.apache.hc.client5.http.headers -- http-outgoing-0 << Transfer-Encoding: chunked
21:10:21.811 [main] DEBUG com.github.dockerjava.zerodep.shaded.org.apache.hc.client5.http.impl.classic.MainClientExec -- ex-00000009: connection can be kept alive for 3 MINUTES
21:10:21.812 [main] DEBUG com.github.dockerjava.zerodep.shaded.org.apache.hc.client5.http.wire -- http-outgoing-0 << "35f[\r][\n]"
21:10:21.812 [main] DEBUG com.github.dockerjava.zerodep.shaded.org.apache.hc.client5.http.wire -- http-outgoing-0 << "{"Platform":{"Name":"Docker Desktop 4.36.0 (175267)"},"Components":[{"Name":"Engine","Version":"27.3.1","Details":{"ApiVersion":"1.47","Arch":"amd64","BuildTime":"2024-09-20T11:41:11.000000000+00:00","Experimental":"false","GitCommit":"41ca978","GoVersion":"go1.22.7","KernelVersion":"5.15.167.4-microsoft-standard-WSL2","MinAPIVersion":"1.24","Os":"linux"}},{"Name":"containerd","Version":"1.7.21","Details":{"GitCommit":"472731909fa34bd7bc9c087e4c27943f9835f111"}},{"Name":"runc","Version":"1.1.13","Details":{"GitCommit":"v1.1.13-0-g58aa920"}},{"Name":"docker-init","Version":"0.19.0","Details":{"GitCommit":"de40ad0"}}],"Version":"27.3.1","ApiVersion":"1.47","MinAPIVersion":"1.24","GitCommit":"41ca978","GoVersion":"go1.22.7","Os":"linux","Arch":"amd64","KernelVersion":"5.15.167.4-microsoft-standard-WSL2","BuildTime":"2024-09-20T11:41:11.000000000+00:00"}[\n]"
21:10:21.812 [main] DEBUG com.github.dockerjava.zerodep.shaded.org.apache.hc.client5.http.wire -- http-outgoing-0 << "[\r][\n]"
21:10:21.813 [main] DEBUG com.github.dockerjava.zerodep.shaded.org.apache.hc.client5.http.wire -- http-outgoing-0 << "0[\r][\n]"
21:10:21.813 [main] DEBUG com.github.dockerjava.zerodep.shaded.org.apache.hc.client5.http.wire -- http-outgoing-0 << "[\r][\n]"
21:10:21.813 [main] DEBUG com.github.dockerjava.zerodep.shaded.org.apache.hc.client5.http.impl.classic.InternalHttpClient -- ep-00000008: releasing valid endpoint
21:10:21.813 [main] DEBUG com.github.dockerjava.zerodep.shaded.org.apache.hc.client5.http.impl.io.PoolingHttpClientConnectionManager -- ep-00000008: releasing endpoint
21:10:21.813 [main] DEBUG com.github.dockerjava.zerodep.shaded.org.apache.hc.client5.http.impl.io.PoolingHttpClientConnectionManager -- ep-00000008: connection http-outgoing-0 can be kept alive for 3 MINUTES
21:10:21.813 [main] DEBUG com.github.dockerjava.zerodep.shaded.org.apache.hc.client5.http.impl.io.PoolingHttpClientConnectionManager -- ep-00000008: connection released [route: {}->npipe://localhost:2375][total available: 1; route allocated: 1 of 2147483647; total allocated: 1 of 2147483647]
21:10:21.823 [docker-java-stream--1718565203] DEBUG com.github.dockerjava.zerodep.shaded.org.apache.hc.client5.http.impl.classic.InternalHttpClient -- ex-0000000A: preparing request execution
21:10:21.823 [docker-java-stream--1718565203] DEBUG com.github.dockerjava.zerodep.shaded.org.apache.hc.client5.http.protocol.RequestAddCookies -- Cookie spec selected: strict
21:10:21.823 [docker-java-stream--1718565203] DEBUG com.github.dockerjava.zerodep.shaded.org.apache.hc.client5.http.protocol.RequestAuthCache -- Auth cache not set in the context
21:10:21.823 [docker-java-stream--1718565203] DEBUG com.github.dockerjava.zerodep.shaded.org.apache.hc.client5.http.impl.classic.ProtocolExec -- ex-0000000A: target auth state: UNCHALLENGED
21:10:21.823 [docker-java-stream--1718565203] DEBUG com.github.dockerjava.zerodep.shaded.org.apache.hc.client5.http.impl.classic.ProtocolExec -- ex-0000000A: proxy auth state: UNCHALLENGED
21:10:21.823 [docker-java-stream--1718565203] DEBUG com.github.dockerjava.zerodep.shaded.org.apache.hc.client5.http.impl.classic.ConnectExec -- ex-0000000A: acquiring connection with route {}->npipe://localhost:2375
21:10:21.823 [docker-java-stream--1718565203] DEBUG com.github.dockerjava.zerodep.shaded.org.apache.hc.client5.http.impl.classic.InternalHttpClient -- ex-0000000A: acquiring endpoint (3 MINUTES)
21:10:21.823 [docker-java-stream--1718565203] DEBUG com.github.dockerjava.zerodep.shaded.org.apache.hc.client5.http.impl.io.PoolingHttpClientConnectionManager -- ex-0000000A: endpoint lease request (3 MINUTES) [route: {}->npipe://localhost:2375][total available: 1; route allocated: 1 of 2147483647; total allocated: 1 of 2147483647]
21:10:21.823 [docker-java-stream--1718565203] DEBUG com.github.dockerjava.zerodep.shaded.org.apache.hc.client5.http.impl.io.PoolingHttpClientConnectionManager -- ex-0000000A: endpoint leased [route: {}->npipe://localhost:2375][total available: 0; route allocated: 1 of 2147483647; total allocated: 1 of 2147483647]
21:10:21.823 [docker-java-stream--1718565203] DEBUG com.github.dockerjava.zerodep.shaded.org.apache.hc.client5.http.impl.io.PoolingHttpClientConnectionManager -- ex-0000000A: acquired ep-00000009
21:10:21.823 [docker-java-stream--1718565203] DEBUG com.github.dockerjava.zerodep.shaded.org.apache.hc.client5.http.impl.classic.InternalHttpClient -- ex-0000000A: acquired endpoint ep-00000009
21:10:21.823 [docker-java-stream--1718565203] DEBUG com.github.dockerjava.zerodep.shaded.org.apache.hc.client5.http.impl.classic.MainClientExec -- ex-0000000A: executing GET /v1.32/containers/61caf9da778519bd66d0de2ea4aa241d7c8a5f7a948e5f3d0d37d5cf6bc122ce/logs?stdout=true&stderr=true&follow=true&since=0 HTTP/1.1
21:10:21.823 [docker-java-stream--1718565203] DEBUG com.github.dockerjava.zerodep.shaded.org.apache.hc.client5.http.impl.classic.InternalHttpClient -- ep-00000009: start execution ex-0000000A
21:10:21.823 [docker-java-stream--1718565203] DEBUG com.github.dockerjava.zerodep.shaded.org.apache.hc.client5.http.impl.io.PoolingHttpClientConnectionManager -- ep-00000009: executing exchange ex-0000000A over http-outgoing-0
21:10:21.823 [docker-java-stream--1718565203] DEBUG com.github.dockerjava.zerodep.shaded.org.apache.hc.client5.http.headers -- http-outgoing-0 >> GET /v1.32/containers/61caf9da778519bd66d0de2ea4aa241d7c8a5f7a948e5f3d0d37d5cf6bc122ce/logs?stdout=true&stderr=true&follow=true&since=0 HTTP/1.1
21:10:21.823 [docker-java-stream--1718565203] DEBUG com.github.dockerjava.zerodep.shaded.org.apache.hc.client5.http.headers -- http-outgoing-0 >> x-tc-sid: 2a607c29-9f73-4ad7-8e0e-ab764e999503
21:10:21.823 [docker-java-stream--1718565203] DEBUG com.github.dockerjava.zerodep.shaded.org.apache.hc.client5.http.headers -- http-outgoing-0 >> User-Agent: tc-java/1.19.7
21:10:21.823 [docker-java-stream--1718565203] DEBUG com.github.dockerjava.zerodep.shaded.org.apache.hc.client5.http.headers -- http-outgoing-0 >> Accept-Encoding: gzip, x-gzip, deflate
21:10:21.823 [docker-java-stream--1718565203] DEBUG com.github.dockerjava.zerodep.shaded.org.apache.hc.client5.http.headers -- http-outgoing-0 >> Host: localhost:2375
21:10:21.823 [docker-java-stream--1718565203] DEBUG com.github.dockerjava.zerodep.shaded.org.apache.hc.client5.http.headers -- http-outgoing-0 >> Connection: keep-alive
21:10:21.823 [docker-java-stream--1718565203] DEBUG com.github.dockerjava.zerodep.shaded.org.apache.hc.client5.http.wire -- http-outgoing-0 >> "GET /v1.32/containers/61caf9da778519bd66d0de2ea4aa241d7c8a5f7a948e5f3d0d37d5cf6bc122ce/logs?stdout=true&stderr=true&follow=true&since=0 HTTP/1.1[\r][\n]"
21:10:21.823 [docker-java-stream--1718565203] DEBUG com.github.dockerjava.zerodep.shaded.org.apache.hc.client5.http.wire -- http-outgoing-0 >> "x-tc-sid: 2a607c29-9f73-4ad7-8e0e-ab764e999503[\r][\n]"
21:10:21.823 [docker-java-stream--1718565203] DEBUG com.github.dockerjava.zerodep.shaded.org.apache.hc.client5.http.wire -- http-outgoing-0 >> "User-Agent: tc-java/1.19.7[\r][\n]"
21:10:21.823 [docker-java-stream--1718565203] DEBUG com.github.dockerjava.zerodep.shaded.org.apache.hc.client5.http.wire -- http-outgoing-0 >> "Accept-Encoding: gzip, x-gzip, deflate[\r][\n]"
21:10:21.823 [docker-java-stream--1718565203] DEBUG com.github.dockerjava.zerodep.shaded.org.apache.hc.client5.http.wire -- http-outgoing-0 >> "Host: localhost:2375[\r][\n]"
21:10:21.823 [docker-java-stream--1718565203] DEBUG com.github.dockerjava.zerodep.shaded.org.apache.hc.client5.http.wire -- http-outgoing-0 >> "Connection: keep-alive[\r][\n]"
21:10:21.823 [docker-java-stream--1718565203] DEBUG com.github.dockerjava.zerodep.shaded.org.apache.hc.client5.http.wire -- http-outgoing-0 >> "[\r][\n]"
21:10:21.827 [docker-java-stream--1718565203] DEBUG com.github.dockerjava.zerodep.shaded.org.apache.hc.client5.http.wire -- http-outgoing-0 << "HTTP/1.1 200 OK[\r][\n]"
21:10:21.827 [docker-java-stream--1718565203] DEBUG com.github.dockerjava.zerodep.shaded.org.apache.hc.client5.http.wire -- http-outgoing-0 << "Api-Version: 1.47[\r][\n]"
21:10:21.827 [docker-java-stream--1718565203] DEBUG com.github.dockerjava.zerodep.shaded.org.apache.hc.client5.http.wire -- http-outgoing-0 << "Content-Type: application/vnd.docker.raw-stream[\r][\n]"
21:10:21.827 [docker-java-stream--1718565203] DEBUG com.github.dockerjava.zerodep.shaded.org.apache.hc.client5.http.wire -- http-outgoing-0 << "Date: Fri, 09 May 2025 18:10:21 GMT[\r][\n]"
21:10:21.827 [docker-java-stream--1718565203] DEBUG com.github.dockerjava.zerodep.shaded.org.apache.hc.client5.http.wire -- http-outgoing-0 << "Docker-Experimental: false[\r][\n]"
21:10:21.827 [docker-java-stream--1718565203] DEBUG com.github.dockerjava.zerodep.shaded.org.apache.hc.client5.http.wire -- http-outgoing-0 << "Ostype: linux[\r][\n]"
21:10:21.827 [docker-java-stream--1718565203] DEBUG com.github.dockerjava.zerodep.shaded.org.apache.hc.client5.http.wire -- http-outgoing-0 << "Server: Docker/27.3.1 (linux)[\r][\n]"
21:10:21.827 [docker-java-stream--1718565203] DEBUG com.github.dockerjava.zerodep.shaded.org.apache.hc.client5.http.wire -- http-outgoing-0 << "Transfer-Encoding: chunked[\r][\n]"
21:10:21.827 [docker-java-stream--1718565203] DEBUG com.github.dockerjava.zerodep.shaded.org.apache.hc.client5.http.wire -- http-outgoing-0 << "[\r][\n]"
21:10:21.828 [docker-java-stream--1718565203] DEBUG com.github.dockerjava.zerodep.shaded.org.apache.hc.client5.http.headers -- http-outgoing-0 << HTTP/1.1 200 OK
21:10:21.828 [docker-java-stream--1718565203] DEBUG com.github.dockerjava.zerodep.shaded.org.apache.hc.client5.http.headers -- http-outgoing-0 << Api-Version: 1.47
21:10:21.828 [docker-java-stream--1718565203] DEBUG com.github.dockerjava.zerodep.shaded.org.apache.hc.client5.http.headers -- http-outgoing-0 << Content-Type: application/vnd.docker.raw-stream
21:10:21.828 [docker-java-stream--1718565203] DEBUG com.github.dockerjava.zerodep.shaded.org.apache.hc.client5.http.headers -- http-outgoing-0 << Date: Fri, 09 May 2025 18:10:21 GMT
21:10:21.828 [docker-java-stream--1718565203] DEBUG com.github.dockerjava.zerodep.shaded.org.apache.hc.client5.http.headers -- http-outgoing-0 << Docker-Experimental: false
21:10:21.828 [docker-java-stream--1718565203] DEBUG com.github.dockerjava.zerodep.shaded.org.apache.hc.client5.http.headers -- http-outgoing-0 << Ostype: linux
21:10:21.828 [docker-java-stream--1718565203] DEBUG com.github.dockerjava.zerodep.shaded.org.apache.hc.client5.http.headers -- http-outgoing-0 << Server: Docker/27.3.1 (linux)
21:10:21.828 [docker-java-stream--1718565203] DEBUG com.github.dockerjava.zerodep.shaded.org.apache.hc.client5.http.headers -- http-outgoing-0 << Transfer-Encoding: chunked
21:10:21.828 [docker-java-stream--1718565203] DEBUG com.github.dockerjava.zerodep.shaded.org.apache.hc.client5.http.impl.classic.MainClientExec -- ex-0000000A: connection can be kept alive for 3 MINUTES
21:10:21.829 [docker-java-stream--1718565203] DEBUG com.github.dockerjava.zerodep.shaded.org.apache.hc.client5.http.wire -- http-outgoing-0 << "c0[\r][\n]"
21:10:21.829 [docker-java-stream--1718565203] DEBUG com.github.dockerjava.zerodep.shaded.org.apache.hc.client5.http.wire -- http-outgoing-0 << "[0x2][0x0][0x0][0x0][0x0][0x0][0x0]&2025/05/09 18:10:21 Pinging Docker...[\n]"
21:10:21.829 [docker-java-stream--1718565203] DEBUG com.github.dockerjava.zerodep.shaded.org.apache.hc.client5.http.wire -- http-outgoing-0 << "[0x2][0x0][0x0][0x0][0x0][0x0][0x0]02025/05/09 18:10:21 Docker daemon is available![\n]"
21:10:21.829 [docker-java-stream--1718565203] DEBUG com.github.dockerjava.zerodep.shaded.org.apache.hc.client5.http.wire -- http-outgoing-0 << "[0x2][0x0][0x0][0x0][0x0][0x0][0x0]-2025/05/09 18:10:21 Starting on port 8080...[\n]"
21:10:21.829 [docker-java-stream--1718565203] DEBUG com.github.dockerjava.zerodep.shaded.org.apache.hc.client5.http.wire -- http-outgoing-0 << "[0x2][0x0][0x0][0x0][0x0][0x0][0x0][0x1d]2025/05/09 18:10:21 Started![\n]"
21:10:21.829 [docker-java-stream--1718565203] DEBUG com.github.dockerjava.zerodep.shaded.org.apache.hc.client5.http.wire -- http-outgoing-0 << "[\r][\n]"
21:10:21.831 [main] DEBUG org.testcontainers.containers.output.WaitingConsumer -- STDERR: 2025/05/09 18:10:21 Pinging Docker...
21:10:21.831 [main] DEBUG org.testcontainers.containers.output.WaitingConsumer -- STDERR: 2025/05/09 18:10:21 Started!
21:10:21.832 [main] DEBUG com.github.dockerjava.zerodep.shaded.org.apache.hc.client5.http.impl.classic.InternalHttpClient -- ep-00000009: cancel
21:10:21.832 [main] DEBUG com.github.dockerjava.zerodep.shaded.org.apache.hc.client5.http.impl.io.DefaultManagedHttpClientConnection -- http-outgoing-0: close connection IMMEDIATE
21:10:21.833 [main] DEBUG com.github.dockerjava.zerodep.shaded.org.apache.hc.client5.http.impl.classic.InternalHttpClient -- ep-00000009: endpoint closed
21:10:21.833 [main] DEBUG com.github.dockerjava.zerodep.shaded.org.apache.hc.client5.http.impl.classic.InternalHttpClient -- ep-00000009: discarding endpoint
21:10:21.833 [main] DEBUG com.github.dockerjava.zerodep.shaded.org.apache.hc.client5.http.impl.io.PoolingHttpClientConnectionManager -- ep-00000009: releasing endpoint
21:10:21.833 [main] DEBUG com.github.dockerjava.zerodep.shaded.org.apache.hc.client5.http.impl.io.PoolingHttpClientConnectionManager -- ep-00000009: connection is not kept alive
21:10:21.833 [main] DEBUG com.github.dockerjava.zerodep.shaded.org.apache.hc.client5.http.impl.io.PoolingHttpClientConnectionManager -- ep-00000009: connection released [route: {}->npipe://localhost:2375][total available: 0; route allocated: 0 of 2147483647; total allocated: 0 of 2147483647]
21:10:21.834 [docker-java-stream--1718565203] DEBUG com.github.dockerjava.zerodep.shaded.org.apache.hc.client5.http.wire -- http-outgoing-0 << "end of stream"
21:10:21.838 [main] DEBUG com.github.dockerjava.zerodep.shaded.org.apache.hc.client5.http.wire -- http-outgoing-0 << "[read] I/O error: java.nio.channels.ClosedChannelException"
21:10:21.840 [docker-java-stream--1718565203] DEBUG com.github.dockerjava.zerodep.shaded.org.apache.hc.client5.http.wire -- http-outgoing-0 << "[read] I/O error: java.nio.channels.ClosedChannelException"
21:10:21.840 [docker-java-stream--1718565203] DEBUG com.github.dockerjava.zerodep.ApacheDockerHttpClientImpl$ApacheResponse -- Failed to close the response
java.io.IOException: java.nio.channels.ClosedChannelException
	at java.base/java.nio.channels.Channels$2.read(Channels.java:240)
	at com.github.dockerjava.zerodep.shaded.org.apache.hc.client5.http.impl.io.LoggingInputStream.read(LoggingInputStream.java:81)
	at com.github.dockerjava.zerodep.shaded.org.apache.hc.core5.http.impl.io.SessionInputBufferImpl.fillBuffer(SessionInputBufferImpl.java:149)
	at com.github.dockerjava.zerodep.shaded.org.apache.hc.core5.http.impl.io.SessionInputBufferImpl.readLine(SessionInputBufferImpl.java:280)
	at com.github.dockerjava.zerodep.shaded.org.apache.hc.core5.http.impl.io.ChunkedInputStream.getChunkSize(ChunkedInputStream.java:261)
	at com.github.dockerjava.zerodep.shaded.org.apache.hc.core5.http.impl.io.ChunkedInputStream.nextChunk(ChunkedInputStream.java:222)
	at com.github.dockerjava.zerodep.shaded.org.apache.hc.core5.http.impl.io.ChunkedInputStream.read(ChunkedInputStream.java:147)
	at com.github.dockerjava.zerodep.shaded.org.apache.hc.core5.http.impl.io.ChunkedInputStream.close(ChunkedInputStream.java:314)
	at com.github.dockerjava.zerodep.shaded.org.apache.hc.core5.io.Closer.close(Closer.java:48)
	at com.github.dockerjava.zerodep.shaded.org.apache.hc.core5.http.impl.io.IncomingHttpEntity.close(IncomingHttpEntity.java:111)
	at com.github.dockerjava.zerodep.shaded.org.apache.hc.core5.http.io.entity.HttpEntityWrapper.close(HttpEntityWrapper.java:120)
	at com.github.dockerjava.zerodep.shaded.org.apache.hc.core5.io.Closer.close(Closer.java:48)
	at com.github.dockerjava.zerodep.shaded.org.apache.hc.core5.http.message.BasicClassicHttpResponse.close(BasicClassicHttpResponse.java:93)
	at com.github.dockerjava.zerodep.shaded.org.apache.hc.client5.http.impl.classic.CloseableHttpResponse.close(CloseableHttpResponse.java:200)
	at com.github.dockerjava.zerodep.ApacheDockerHttpClientImpl$ApacheResponse.close(ApacheDockerHttpClientImpl.java:271)
	at org.testcontainers.shaded.com.github.dockerjava.core.DefaultInvocationBuilder.lambda$executeAndStream$1(DefaultInvocationBuilder.java:277)
	at java.base/java.lang.Thread.run(Thread.java:842)
Caused by: java.nio.channels.ClosedChannelException: null
	at java.base/sun.nio.ch.WindowsAsynchronousFileChannelImpl.implRead(WindowsAsynchronousFileChannelImpl.java:516)
	at java.base/sun.nio.ch.AsynchronousFileChannelImpl.read(AsynchronousFileChannelImpl.java:229)
	at com.github.dockerjava.transport.NamedPipeSocket$AsynchronousFileByteChannel.read(NamedPipeSocket.java:117)
	at java.base/java.nio.channels.Channels$2.read(Channels.java:238)
	... 16 common frames omitted
21:10:21.838 [main] DEBUG com.github.dockerjava.zerodep.ApacheDockerHttpClientImpl$ApacheResponse -- Failed to close the response
java.io.IOException: java.nio.channels.ClosedChannelException
	at java.base/java.nio.channels.Channels$2.read(Channels.java:240)
	at com.github.dockerjava.zerodep.shaded.org.apache.hc.client5.http.impl.io.LoggingInputStream.read(LoggingInputStream.java:81)
	at com.github.dockerjava.zerodep.shaded.org.apache.hc.core5.http.impl.io.SessionInputBufferImpl.fillBuffer(SessionInputBufferImpl.java:149)
	at com.github.dockerjava.zerodep.shaded.org.apache.hc.core5.http.impl.io.SessionInputBufferImpl.readLine(SessionInputBufferImpl.java:280)
	at com.github.dockerjava.zerodep.shaded.org.apache.hc.core5.http.impl.io.ChunkedInputStream.getChunkSize(ChunkedInputStream.java:261)
	at com.github.dockerjava.zerodep.shaded.org.apache.hc.core5.http.impl.io.ChunkedInputStream.nextChunk(ChunkedInputStream.java:222)
	at com.github.dockerjava.zerodep.shaded.org.apache.hc.core5.http.impl.io.ChunkedInputStream.read(ChunkedInputStream.java:147)
	at com.github.dockerjava.zerodep.shaded.org.apache.hc.core5.http.impl.io.ChunkedInputStream.close(ChunkedInputStream.java:314)
	at com.github.dockerjava.zerodep.shaded.org.apache.hc.core5.io.Closer.close(Closer.java:48)
	at com.github.dockerjava.zerodep.shaded.org.apache.hc.core5.http.impl.io.IncomingHttpEntity.close(IncomingHttpEntity.java:111)
	at com.github.dockerjava.zerodep.shaded.org.apache.hc.core5.http.io.entity.HttpEntityWrapper.close(HttpEntityWrapper.java:120)
	at com.github.dockerjava.zerodep.shaded.org.apache.hc.core5.io.Closer.close(Closer.java:48)
	at com.github.dockerjava.zerodep.shaded.org.apache.hc.core5.http.message.BasicClassicHttpResponse.close(BasicClassicHttpResponse.java:93)
	at com.github.dockerjava.zerodep.shaded.org.apache.hc.client5.http.impl.classic.CloseableHttpResponse.close(CloseableHttpResponse.java:200)
	at com.github.dockerjava.zerodep.ApacheDockerHttpClientImpl$ApacheResponse.close(ApacheDockerHttpClientImpl.java:271)
	at org.testcontainers.shaded.com.github.dockerjava.core.DefaultInvocationBuilder.lambda$null$0(DefaultInvocationBuilder.java:272)
	at com.github.dockerjava.api.async.ResultCallbackTemplate.close(ResultCallbackTemplate.java:77)
	at org.testcontainers.containers.output.FrameConsumerResultCallback.close(FrameConsumerResultCallback.java:69)
	at org.testcontainers.containers.wait.strategy.LogMessageWaitStrategy.waitUntilReady(LogMessageWaitStrategy.java:49)
	at org.testcontainers.containers.wait.strategy.AbstractWaitStrategy.waitUntilReady(AbstractWaitStrategy.java:52)
	at org.testcontainers.containers.GenericContainer.waitUntilContainerStarted(GenericContainer.java:909)
	at org.testcontainers.containers.GenericContainer.tryStart(GenericContainer.java:500)
	at org.testcontainers.containers.GenericContainer.lambda$doStart$0(GenericContainer.java:354)
	at org.rnorth.ducttape.unreliables.Unreliables.retryUntilSuccess(Unreliables.java:81)
	at org.testcontainers.containers.GenericContainer.doStart(GenericContainer.java:344)
	at org.testcontainers.containers.GenericContainer.start(GenericContainer.java:330)
	at org.testcontainers.utility.RyukResourceReaper.maybeStart(RyukResourceReaper.java:78)
	at org.testcontainers.utility.RyukResourceReaper.init(RyukResourceReaper.java:42)
	at org.testcontainers.DockerClientFactory.client(DockerClientFactory.java:232)
	at org.testcontainers.DockerClientFactory$1.getDockerClient(DockerClientFactory.java:106)
	at com.github.dockerjava.api.DockerClientDelegate.authConfig(DockerClientDelegate.java:109)
	at org.testcontainers.containers.GenericContainer.start(GenericContainer.java:329)
	at org.lab2.OwnerDAOTest.beforeAll(OwnerDAOTest.java:30)
	at java.base/jdk.internal.reflect.NativeMethodAccessorImpl.invoke0(Native Method)
	at java.base/jdk.internal.reflect.NativeMethodAccessorImpl.invoke(NativeMethodAccessorImpl.java:77)
	at java.base/jdk.internal.reflect.DelegatingMethodAccessorImpl.invoke(DelegatingMethodAccessorImpl.java:43)
	at java.base/java.lang.reflect.Method.invoke(Method.java:568)
	at org.junit.platform.commons.util.ReflectionUtils.invokeMethod(ReflectionUtils.java:775)
	at org.junit.platform.commons.support.ReflectionSupport.invokeMethod(ReflectionSupport.java:479)
	at org.junit.jupiter.engine.execution.MethodInvocation.proceed(MethodInvocation.java:60)
	at org.junit.jupiter.engine.execution.InvocationInterceptorChain$ValidatingInvocation.proceed(InvocationInterceptorChain.java:131)
	at org.junit.jupiter.engine.extension.TimeoutExtension.intercept(TimeoutExtension.java:161)
	at org.junit.jupiter.engine.extension.TimeoutExtension.interceptLifecycleMethod(TimeoutExtension.java:133)
	at org.junit.jupiter.engine.extension.TimeoutExtension.interceptBeforeAllMethod(TimeoutExtension.java:75)
	at org.junit.jupiter.engine.execution.InterceptingExecutableInvoker$ReflectiveInterceptorCall.lambda$ofVoidMethod$0(InterceptingExecutableInvoker.java:112)
	at org.junit.jupiter.engine.execution.InterceptingExecutableInvoker.lambda$invoke$0(InterceptingExecutableInvoker.java:94)
	at org.junit.jupiter.engine.execution.InvocationInterceptorChain$InterceptedInvocation.proceed(InvocationInterceptorChain.java:106)
	at org.junit.jupiter.engine.execution.InvocationInterceptorChain.proceed(InvocationInterceptorChain.java:64)
	at org.junit.jupiter.engine.execution.InvocationInterceptorChain.chainAndInvoke(InvocationInterceptorChain.java:45)
	at org.junit.jupiter.engine.execution.InvocationInterceptorChain.invoke(InvocationInterceptorChain.java:37)
	at org.junit.jupiter.engine.execution.InterceptingExecutableInvoker.invoke(InterceptingExecutableInvoker.java:93)
	at org.junit.jupiter.engine.execution.InterceptingExecutableInvoker.invoke(InterceptingExecutableInvoker.java:87)
	at org.junit.jupiter.engine.descriptor.ClassBasedTestDescriptor.lambda$invokeBeforeAllMethods$13(ClassBasedTestDescriptor.java:417)
	at org.junit.platform.engine.support.hierarchical.ThrowableCollector.execute(ThrowableCollector.java:73)
	at org.junit.jupiter.engine.descriptor.ClassBasedTestDescriptor.invokeBeforeAllMethods(ClassBasedTestDescriptor.java:415)
	at org.junit.jupiter.engine.descriptor.ClassBasedTestDescriptor.before(ClassBasedTestDescriptor.java:216)
	at org.junit.jupiter.engine.descriptor.ClassBasedTestDescriptor.before(ClassBasedTestDescriptor.java:84)
	at org.junit.platform.engine.support.hierarchical.NodeTestTask.lambda$executeRecursively$6(NodeTestTask.java:153)
	at org.junit.platform.engine.support.hierarchical.ThrowableCollector.execute(ThrowableCollector.java:73)
	at org.junit.platform.engine.support.hierarchical.NodeTestTask.lambda$executeRecursively$8(NodeTestTask.java:146)
	at org.junit.platform.engine.support.hierarchical.Node.around(Node.java:137)
	at org.junit.platform.engine.support.hierarchical.NodeTestTask.lambda$executeRecursively$9(NodeTestTask.java:144)
	at org.junit.platform.engine.support.hierarchical.ThrowableCollector.execute(ThrowableCollector.java:73)
	at org.junit.platform.engine.support.hierarchical.NodeTestTask.executeRecursively(NodeTestTask.java:143)
	at org.junit.platform.engine.support.hierarchical.NodeTestTask.execute(NodeTestTask.java:100)
	at java.base/java.util.ArrayList.forEach(ArrayList.java:1511)
	at org.junit.platform.engine.support.hierarchical.SameThreadHierarchicalTestExecutorService.invokeAll(SameThreadHierarchicalTestExecutorService.java:41)
	at org.junit.platform.engine.support.hierarchical.NodeTestTask.lambda$executeRecursively$6(NodeTestTask.java:160)
	at org.junit.platform.engine.support.hierarchical.ThrowableCollector.execute(ThrowableCollector.java:73)
	at org.junit.platform.engine.support.hierarchical.NodeTestTask.lambda$executeRecursively$8(NodeTestTask.java:146)
	at org.junit.platform.engine.support.hierarchical.Node.around(Node.java:137)
	at org.junit.platform.engine.support.hierarchical.NodeTestTask.lambda$executeRecursively$9(NodeTestTask.java:144)
	at org.junit.platform.engine.support.hierarchical.ThrowableCollector.execute(ThrowableCollector.java:73)
	at org.junit.platform.engine.support.hierarchical.NodeTestTask.executeRecursively(NodeTestTask.java:143)
	at org.junit.platform.engine.support.hierarchical.NodeTestTask.execute(NodeTestTask.java:100)
	at org.junit.platform.engine.support.hierarchical.SameThreadHierarchicalTestExecutorService.submit(SameThreadHierarchicalTestExecutorService.java:35)
	at org.junit.platform.engine.support.hierarchical.HierarchicalTestExecutor.execute(HierarchicalTestExecutor.java:57)
	at org.junit.platform.engine.support.hierarchical.HierarchicalTestEngine.execute(HierarchicalTestEngine.java:54)
	at org.junit.platform.launcher.core.EngineExecutionOrchestrator.execute(EngineExecutionOrchestrator.java:201)
	at org.junit.platform.launcher.core.EngineExecutionOrchestrator.execute(EngineExecutionOrchestrator.java:170)
	at org.junit.platform.launcher.core.EngineExecutionOrchestrator.execute(EngineExecutionOrchestrator.java:94)
	at org.junit.platform.launcher.core.EngineExecutionOrchestrator.lambda$execute$0(EngineExecutionOrchestrator.java:59)
	at org.junit.platform.launcher.core.EngineExecutionOrchestrator.withInterceptedStreams(EngineExecutionOrchestrator.java:142)
	at org.junit.platform.launcher.core.EngineExecutionOrchestrator.execute(EngineExecutionOrchestrator.java:58)
	at org.junit.platform.launcher.core.DefaultLauncher.execute(DefaultLauncher.java:103)
	at org.junit.platform.launcher.core.DefaultLauncher.execute(DefaultLauncher.java:85)
	at org.junit.platform.launcher.core.DelegatingLauncher.execute(DelegatingLauncher.java:47)
	at org.junit.platform.launcher.core.InterceptingLauncher.lambda$execute$1(InterceptingLauncher.java:39)
	at org.junit.platform.launcher.core.ClasspathAlignmentCheckingLauncherInterceptor.intercept(ClasspathAlignmentCheckingLauncherInterceptor.java:25)
	at org.junit.platform.launcher.core.InterceptingLauncher.execute(InterceptingLauncher.java:38)
	at org.junit.platform.launcher.core.DelegatingLauncher.execute(DelegatingLauncher.java:47)
	at org.apache.maven.surefire.junitplatform.LazyLauncher.execute(LazyLauncher.java:56)
	at org.apache.maven.surefire.junitplatform.JUnitPlatformProvider.execute(JUnitPlatformProvider.java:184)
	at org.apache.maven.surefire.junitplatform.JUnitPlatformProvider.invokeAllTests(JUnitPlatformProvider.java:148)
	at org.apache.maven.surefire.junitplatform.JUnitPlatformProvider.invoke(JUnitPlatformProvider.java:122)
	at org.apache.maven.surefire.booter.ForkedBooter.runSuitesInProcess(ForkedBooter.java:385)
	at org.apache.maven.surefire.booter.ForkedBooter.execute(ForkedBooter.java:162)
	at org.apache.maven.surefire.booter.ForkedBooter.run(ForkedBooter.java:507)
	at org.apache.maven.surefire.booter.ForkedBooter.main(ForkedBooter.java:495)
Caused by: java.nio.channels.ClosedChannelException: null
	at java.base/sun.nio.ch.WindowsAsynchronousFileChannelImpl.implRead(WindowsAsynchronousFileChannelImpl.java:516)
	at java.base/sun.nio.ch.AsynchronousFileChannelImpl.read(AsynchronousFileChannelImpl.java:229)
	at com.github.dockerjava.transport.NamedPipeSocket$AsynchronousFileByteChannel.read(NamedPipeSocket.java:117)
	at java.base/java.nio.channels.Channels$2.read(Channels.java:238)
	... 98 common frames omitted
21:10:21.843 [main] INFO tc.testcontainers/ryuk:0.6.0 -- Container testcontainers/ryuk:0.6.0 started in PT2.0795218S
21:10:21.855 [testcontainers-ryuk] DEBUG org.testcontainers.utility.ResourceReaper -- Sending 'label=org.testcontainers%3Dtrue&label=org.testcontainers.lang%3Djava&label=org.testcontainers.version%3D1.19.7&label=org.testcontainers.sessionId%3D2a607c29-9f73-4ad7-8e0e-ab764e999503' to Ryuk
21:10:21.857 [testcontainers-ryuk] DEBUG org.testcontainers.utility.RyukResourceReaper -- Received 'ACK' from Ryuk
21:10:21.857 [main] INFO org.testcontainers.utility.RyukResourceReaper -- Ryuk started - will monitor and terminate Testcontainers containers on JVM exit
21:10:21.857 [main] DEBUG org.testcontainers.DockerClientFactory -- Checks are enabled
21:10:21.857 [main] INFO org.testcontainers.DockerClientFactory -- Checking the system...
21:10:21.859 [main] INFO org.testcontainers.DockerClientFactory -- ?? Docker server version should be at least 1.6.0
21:10:21.859 [main] DEBUG org.testcontainers.utility.PrefixingImageNameSubstitutor -- No prefix is configured
21:10:21.860 [main] DEBUG org.testcontainers.utility.ImageNameSubstitutor -- Did not find a substitute image for postgres:17 (using image substitutor: DefaultImageNameSubstitutor (composite of 'ConfigurationFileImageNameSubstitutor' and 'PrefixingImageNameSubstitutor'))
21:10:21.861 [main] DEBUG org.testcontainers.images.AbstractImagePullPolicy -- Using locally available and not pulling image: postgres:17
21:10:21.861 [main] DEBUG tc.postgres:17 -- Starting container: postgres:17
21:10:21.861 [main] DEBUG tc.postgres:17 -- Trying to start container: postgres:17 (attempt 1/1)
21:10:21.861 [main] DEBUG tc.postgres:17 -- Starting container: postgres:17
21:10:21.861 [main] INFO tc.postgres:17 -- Creating container for image: postgres:17
21:10:21.861 [main] DEBUG org.testcontainers.utility.RegistryAuthLocator -- Looking up auth config for image: postgres:17 at registry: https://index.docker.io/v1/
21:10:21.862 [main] DEBUG org.testcontainers.utility.RegistryAuthLocator -- Cached auth found: [AuthConfig{username=asurz, password=hidden non-blank value, auth=blank, email=null, registryAddress=https://index.docker.io/v1/, registryToken=blank}]
21:10:21.862 [main] DEBUG org.testcontainers.dockerclient.AuthDelegatingDockerClientConfig -- Effective auth config [AuthConfig{username=asurz, password=hidden non-blank value, auth=blank, email=null, registryAddress=https://index.docker.io/v1/, registryToken=blank}]
21:10:21.864 [main] WARN tc.postgres:17 -- Reuse was requested but the environment does not support the reuse of containers
To enable reuse of containers, you must set 'testcontainers.reuse.enable=true' in a file located at C:\Users\76162\.testcontainers.properties
21:10:21.865 [main] DEBUG org.testcontainers.shaded.com.github.dockerjava.core.command.AbstrDockerCmd -- Cmd: org.testcontainers.shaded.com.github.dockerjava.core.command.CreateContainerCmdImpl@3b0ca5e1[aliases=<null>,argsEscaped=<null>,attachStderr=<null>,attachStdin=<null>,attachStdout=<null>,authConfig=AuthConfig(username=asurz, email=null, registryAddress=https://index.docker.io/v1/, stackOrchestrator=null),cmd={postgres,-c,fsync=off},domainName=<null>,entrypoint=<null>,env={POSTGRES_USER=postgres,POSTGRES_PASSWORD=Pofigict2005,POSTGRES_DB=pets},exposedPorts=ExposedPorts(exposedPorts=[5432/tcp]),healthcheck=<null>,hostConfig=HostConfig(binds=[], blkioWeight=null, blkioWeightDevice=null, blkioDeviceReadBps=null, blkioDeviceWriteBps=null, blkioDeviceReadIOps=null, blkioDeviceWriteIOps=null, memorySwappiness=null, nanoCPUs=null, capAdd=null, capDrop=null, containerIDFile=null, cpuPeriod=null, cpuRealtimePeriod=null, cpuRealtimeRuntime=null, cpuShares=null, cpuQuota=null, cpusetCpus=null, cpusetMems=null, devices=null, deviceCgroupRules=null, deviceRequests=null, diskQuota=null, dns=null, dnsOptions=null, dnsSearch=null, extraHosts=[], groupAdd=null, ipcMode=null, cgroup=null, links=[], logConfig=LogConfig(type=null, config=null), lxcConf=null, memory=null, memorySwap=null, memoryReservation=null, kernelMemory=null, networkMode=null, oomKillDisable=null, init=null, autoRemove=null, oomScoreAdj=null, portBindings={5432/tcp=[Lcom.github.dockerjava.api.model.Ports$Binding;@5bb8f9e2}, privileged=null, publishAllPorts=null, readonlyRootfs=null, restartPolicy=null, ulimits=null, cpuCount=null, cpuPercent=null, ioMaximumIOps=null, ioMaximumBandwidth=null, volumesFrom=[], mounts=null, pidMode=null, isolation=null, securityOpts=null, storageOpt=null, cgroupParent=null, volumeDriver=null, shmSize=null, pidsLimit=null, runtime=null, tmpFs=null, utSMode=null, usernsMode=null, sysctls=null, consoleSize=null, cgroupnsMode=null),hostName=<null>,image=postgres:17,ipv4Address=<null>,ipv6Address=<null>,labels={org.testcontainers=true, org.testcontainers.lang=java, org.testcontainers.version=1.19.7, org.testcontainers.sessionId=2a607c29-9f73-4ad7-8e0e-ab764e999503},macAddress=<null>,name=<null>,networkDisabled=<null>,networkingConfig=<null>,onBuild=<null>,platform=<null>,portSpecs=<null>,shell=<null>,stdInOnce=<null>,stdinOpen=<null>,stopSignal=<null>,stopTimeout=<null>,tty=<null>,user=<null>,volumes=Volumes(volumes=[]),workingDir=<null>]
21:10:21.869 [main] DEBUG com.github.dockerjava.zerodep.shaded.org.apache.hc.client5.http.impl.classic.InternalHttpClient -- ex-0000000B: preparing request execution
21:10:21.869 [main] DEBUG com.github.dockerjava.zerodep.shaded.org.apache.hc.client5.http.protocol.RequestAddCookies -- Cookie spec selected: strict
21:10:21.870 [main] DEBUG com.github.dockerjava.zerodep.shaded.org.apache.hc.client5.http.protocol.RequestAuthCache -- Auth cache not set in the context
21:10:21.870 [main] DEBUG com.github.dockerjava.zerodep.shaded.org.apache.hc.client5.http.impl.classic.ProtocolExec -- ex-0000000B: target auth state: UNCHALLENGED
21:10:21.870 [main] DEBUG com.github.dockerjava.zerodep.shaded.org.apache.hc.client5.http.impl.classic.ProtocolExec -- ex-0000000B: proxy auth state: UNCHALLENGED
21:10:21.870 [main] DEBUG com.github.dockerjava.zerodep.shaded.org.apache.hc.client5.http.impl.classic.ConnectExec -- ex-0000000B: acquiring connection with route {}->npipe://localhost:2375
21:10:21.870 [main] DEBUG com.github.dockerjava.zerodep.shaded.org.apache.hc.client5.http.impl.classic.InternalHttpClient -- ex-0000000B: acquiring endpoint (3 MINUTES)
21:10:21.870 [main] DEBUG com.github.dockerjava.zerodep.shaded.org.apache.hc.client5.http.impl.io.PoolingHttpClientConnectionManager -- ex-0000000B: endpoint lease request (3 MINUTES) [route: {}->npipe://localhost:2375][total available: 0; route allocated: 0 of 2147483647; total allocated: 0 of 2147483647]
21:10:21.870 [main] DEBUG com.github.dockerjava.zerodep.shaded.org.apache.hc.client5.http.impl.io.PoolingHttpClientConnectionManager -- ex-0000000B: endpoint leased [route: {}->npipe://localhost:2375][total available: 0; route allocated: 1 of 2147483647; total allocated: 1 of 2147483647]
21:10:21.870 [main] DEBUG com.github.dockerjava.zerodep.shaded.org.apache.hc.client5.http.impl.io.PoolingHttpClientConnectionManager -- ex-0000000B: acquired ep-0000000A
21:10:21.870 [main] DEBUG com.github.dockerjava.zerodep.shaded.org.apache.hc.client5.http.impl.classic.InternalHttpClient -- ex-0000000B: acquired endpoint ep-0000000A
21:10:21.871 [main] DEBUG com.github.dockerjava.zerodep.shaded.org.apache.hc.client5.http.impl.classic.ConnectExec -- ex-0000000B: opening connection {}->npipe://localhost:2375
21:10:21.871 [main] DEBUG com.github.dockerjava.zerodep.shaded.org.apache.hc.client5.http.impl.classic.InternalHttpClient -- ep-0000000A: connecting endpoint (3 MINUTES)
21:10:21.871 [main] DEBUG com.github.dockerjava.zerodep.shaded.org.apache.hc.client5.http.impl.io.PoolingHttpClientConnectionManager -- ep-0000000A: connecting endpoint to npipe://localhost:2375 (3 MINUTES)
21:10:21.871 [main] DEBUG com.github.dockerjava.zerodep.shaded.org.apache.hc.client5.http.impl.io.DefaultHttpClientConnectionOperator -- http-outgoing-1: connecting to localhost/127.0.0.1:2375
21:10:21.872 [main] DEBUG com.github.dockerjava.zerodep.shaded.org.apache.hc.client5.http.impl.io.DefaultHttpClientConnectionOperator -- http-outgoing-1: connection established 
21:10:21.872 [main] DEBUG com.github.dockerjava.zerodep.shaded.org.apache.hc.client5.http.impl.io.PoolingHttpClientConnectionManager -- ep-0000000A: connected http-outgoing-1
21:10:21.872 [main] DEBUG com.github.dockerjava.zerodep.shaded.org.apache.hc.client5.http.impl.classic.InternalHttpClient -- ep-0000000A: endpoint connected
21:10:21.873 [main] DEBUG com.github.dockerjava.zerodep.shaded.org.apache.hc.client5.http.impl.classic.MainClientExec -- ex-0000000B: executing POST /v1.32/containers/create HTTP/1.1
21:10:21.873 [main] DEBUG com.github.dockerjava.zerodep.shaded.org.apache.hc.client5.http.impl.classic.InternalHttpClient -- ep-0000000A: start execution ex-0000000B
21:10:21.873 [main] DEBUG com.github.dockerjava.zerodep.shaded.org.apache.hc.client5.http.impl.io.PoolingHttpClientConnectionManager -- ep-0000000A: executing exchange ex-0000000B over http-outgoing-1
21:10:21.873 [main] DEBUG com.github.dockerjava.zerodep.shaded.org.apache.hc.client5.http.headers -- http-outgoing-1 >> POST /v1.32/containers/create HTTP/1.1
21:10:21.873 [main] DEBUG com.github.dockerjava.zerodep.shaded.org.apache.hc.client5.http.headers -- http-outgoing-1 >> X-Registry-Auth: eyJ1c2VybmFtZSI6ImFzdXJ6IiwicGFzc3dvcmQiOiJkY2tyX3BhdF9uaTZadWI4LXBBdllVaWhBbi11YVhXZWUwc00iLCJlbWFpbCI6bnVsbCwic2VydmVyYWRkcmVzcyI6Imh0dHBzOi8vaW5kZXguZG9ja2VyLmlvL3YxLyIsImF1dGgiOm51bGwsInJlZ2lzdHJ5dG9rZW4iOm51bGwsImlkZW50aXR5dG9rZW4iOm51bGwsInN0YWNrT3JjaGVzdHJhdG9yIjpudWxsfQ==
21:10:21.873 [main] DEBUG com.github.dockerjava.zerodep.shaded.org.apache.hc.client5.http.headers -- http-outgoing-1 >> accept: application/json
21:10:21.873 [main] DEBUG com.github.dockerjava.zerodep.shaded.org.apache.hc.client5.http.headers -- http-outgoing-1 >> content-type: application/json
21:10:21.873 [main] DEBUG com.github.dockerjava.zerodep.shaded.org.apache.hc.client5.http.headers -- http-outgoing-1 >> x-tc-sid: 2a607c29-9f73-4ad7-8e0e-ab764e999503
21:10:21.873 [main] DEBUG com.github.dockerjava.zerodep.shaded.org.apache.hc.client5.http.headers -- http-outgoing-1 >> User-Agent: tc-java/1.19.7
21:10:21.873 [main] DEBUG com.github.dockerjava.zerodep.shaded.org.apache.hc.client5.http.headers -- http-outgoing-1 >> Accept-Encoding: gzip, x-gzip, deflate
21:10:21.873 [main] DEBUG com.github.dockerjava.zerodep.shaded.org.apache.hc.client5.http.headers -- http-outgoing-1 >> Content-Length: 2067
21:10:21.873 [main] DEBUG com.github.dockerjava.zerodep.shaded.org.apache.hc.client5.http.headers -- http-outgoing-1 >> Host: localhost:2375
21:10:21.873 [main] DEBUG com.github.dockerjava.zerodep.shaded.org.apache.hc.client5.http.headers -- http-outgoing-1 >> Connection: keep-alive
21:10:21.873 [main] DEBUG com.github.dockerjava.zerodep.shaded.org.apache.hc.client5.http.wire -- http-outgoing-1 >> "POST /v1.32/containers/create HTTP/1.1[\r][\n]"
21:10:21.873 [main] DEBUG com.github.dockerjava.zerodep.shaded.org.apache.hc.client5.http.wire -- http-outgoing-1 >> "X-Registry-Auth: eyJ1c2VybmFtZSI6ImFzdXJ6IiwicGFzc3dvcmQiOiJkY2tyX3BhdF9uaTZadWI4LXBBdllVaWhBbi11YVhXZWUwc00iLCJlbWFpbCI6bnVsbCwic2VydmVyYWRkcmVzcyI6Imh0dHBzOi8vaW5kZXguZG9ja2VyLmlvL3YxLyIsImF1dGgiOm51bGwsInJlZ2lzdHJ5dG9rZW4iOm51bGwsImlkZW50aXR5dG9rZW4iOm51bGwsInN0YWNrT3JjaGVzdHJhdG9yIjpudWxsfQ==[\r][\n]"
21:10:21.873 [main] DEBUG com.github.dockerjava.zerodep.shaded.org.apache.hc.client5.http.wire -- http-outgoing-1 >> "accept: application/json[\r][\n]"
21:10:21.873 [main] DEBUG com.github.dockerjava.zerodep.shaded.org.apache.hc.client5.http.wire -- http-outgoing-1 >> "content-type: application/json[\r][\n]"
21:10:21.873 [main] DEBUG com.github.dockerjava.zerodep.shaded.org.apache.hc.client5.http.wire -- http-outgoing-1 >> "x-tc-sid: 2a607c29-9f73-4ad7-8e0e-ab764e999503[\r][\n]"
21:10:21.873 [main] DEBUG com.github.dockerjava.zerodep.shaded.org.apache.hc.client5.http.wire -- http-outgoing-1 >> "User-Agent: tc-java/1.19.7[\r][\n]"
21:10:21.873 [main] DEBUG com.github.dockerjava.zerodep.shaded.org.apache.hc.client5.http.wire -- http-outgoing-1 >> "Accept-Encoding: gzip, x-gzip, deflate[\r][\n]"
21:10:21.873 [main] DEBUG com.github.dockerjava.zerodep.shaded.org.apache.hc.client5.http.wire -- http-outgoing-1 >> "Content-Length: 2067[\r][\n]"
21:10:21.874 [main] DEBUG com.github.dockerjava.zerodep.shaded.org.apache.hc.client5.http.wire -- http-outgoing-1 >> "Host: localhost:2375[\r][\n]"
21:10:21.874 [main] DEBUG com.github.dockerjava.zerodep.shaded.org.apache.hc.client5.http.wire -- http-outgoing-1 >> "Connection: keep-alive[\r][\n]"
21:10:21.874 [main] DEBUG com.github.dockerjava.zerodep.shaded.org.apache.hc.client5.http.wire -- http-outgoing-1 >> "[\r][\n]"
21:10:21.874 [main] DEBUG com.github.dockerjava.zerodep.shaded.org.apache.hc.client5.http.wire -- http-outgoing-1 >> "{"Hostname":null,"Domainname":null,"User":null,"AttachStdin":null,"AttachStdout":null,"AttachStderr":null,"PortSpecs":null,"Tty":null,"OpenStdin":null,"StdinOnce":null,"Env":["POSTGRES_USER=postgres","POSTGRES_PASSWORD=Pofigict2005","POSTGRES_DB=pets"],"Cmd":["postgres","-c","fsync=off"],"Healthcheck":null,"ArgsEscaped":null,"Entrypoint":null,"Image":"postgres:17","Volumes":{},"WorkingDir":null,"MacAddress":null,"OnBuild":null,"NetworkDisabled":null,"ExposedPorts":{"5432/tcp":{}},"StopSignal":null,"StopTimeout":null,"HostConfig":{"Binds":[],"BlkioWeight":null,"BlkioWeightDevice":null,"BlkioDeviceReadBps":null,"BlkioDeviceWriteBps":null,"BlkioDeviceReadIOps":null,"BlkioDeviceWriteIOps":null,"MemorySwappiness":null,"NanoCpus":null,"CapAdd":null,"CapDrop":null,"ContainerIDFile":null,"CpuPeriod":null,"CpuRealtimePeriod":null,"CpuRealtimeRuntime":null,"CpuShares":null,"CpuQuota":null,"CpusetCpus":null,"CpusetMems":null,"Devices":null,"DeviceCgroupRules":null,"DeviceRequests":null,"DiskQuota":null,"Dns":null,"DnsOptions":null,"DnsSearch":null,"ExtraHosts":[],"GroupAdd":null,"IpcMode":null,"Cgroup":null,"Links":[],"LogConfig":null,"LxcConf":null,"Memory":null,"MemorySwap":null,"MemoryReservation":null,"KernelMemory":null,"NetworkMode":null,"OomKillDisable":null,"Init":null,"AutoRemove":null,"OomScoreAdj":null,"PortBindings":{"5432/tcp":[{"HostIp":"","HostPort":""}]},"Privileged":null,"PublishAllPorts":null,"ReadonlyRootfs":null,"RestartPolicy":null,"Ulimits":null,"CpuCount":null,"CpuPercent":null,"IOMaximumIOps":null,"IOMaximumBandwidth":null,"VolumesFrom":[],"Mounts":null,"PidMode":null,"Isolation":null,"SecurityOpt":null,"StorageOpt":null,"CgroupParent":null,"VolumeDriver":null,"ShmSize":null,"PidsLimit":null,"Runtime":null,"Tmpfs":null,"UTSMode":null,"UsernsMode":null,"Sysctls":null,"ConsoleSize":null,"CgroupnsMode":null},"Labels":{"org.testcontainers":"true","org.testcontainers.lang":"java","org.testcontainers.version":"1.19.7","org.testcontainers.sessionId":"2a607c29-9f73-4ad7-8e0e-ab764e999503"},"Shell":null,"NetworkingConfig":null}"
21:10:22.152 [main] DEBUG com.github.dockerjava.zerodep.shaded.org.apache.hc.client5.http.wire -- http-outgoing-1 << "HTTP/1.1 201 Created[\r][\n]"
21:10:22.154 [main] DEBUG com.github.dockerjava.zerodep.shaded.org.apache.hc.client5.http.wire -- http-outgoing-1 << "Api-Version: 1.47[\r][\n]"
21:10:22.156 [main] DEBUG com.github.dockerjava.zerodep.shaded.org.apache.hc.client5.http.wire -- http-outgoing-1 << "Content-Type: application/json[\r][\n]"
21:10:22.156 [main] DEBUG com.github.dockerjava.zerodep.shaded.org.apache.hc.client5.http.wire -- http-outgoing-1 << "Date: Fri, 09 May 2025 18:10:22 GMT[\r][\n]"
21:10:22.156 [main] DEBUG com.github.dockerjava.zerodep.shaded.org.apache.hc.client5.http.wire -- http-outgoing-1 << "Docker-Experimental: false[\r][\n]"
21:10:22.156 [main] DEBUG com.github.dockerjava.zerodep.shaded.org.apache.hc.client5.http.wire -- http-outgoing-1 << "Ostype: linux[\r][\n]"
21:10:22.157 [main] DEBUG com.github.dockerjava.zerodep.shaded.org.apache.hc.client5.http.wire -- http-outgoing-1 << "Server: Docker/27.3.1 (linux)[\r][\n]"
21:10:22.158 [main] DEBUG com.github.dockerjava.zerodep.shaded.org.apache.hc.client5.http.wire -- http-outgoing-1 << "Transfer-Encoding: chunked[\r][\n]"
21:10:22.161 [main] DEBUG com.github.dockerjava.zerodep.shaded.org.apache.hc.client5.http.wire -- http-outgoing-1 << "[\r][\n]"
21:10:22.162 [main] DEBUG com.github.dockerjava.zerodep.shaded.org.apache.hc.client5.http.headers -- http-outgoing-1 << HTTP/1.1 201 Created
21:10:22.163 [main] DEBUG com.github.dockerjava.zerodep.shaded.org.apache.hc.client5.http.headers -- http-outgoing-1 << Api-Version: 1.47
21:10:22.163 [main] DEBUG com.github.dockerjava.zerodep.shaded.org.apache.hc.client5.http.headers -- http-outgoing-1 << Content-Type: application/json
21:10:22.163 [main] DEBUG com.github.dockerjava.zerodep.shaded.org.apache.hc.client5.http.headers -- http-outgoing-1 << Date: Fri, 09 May 2025 18:10:22 GMT
21:10:22.163 [main] DEBUG com.github.dockerjava.zerodep.shaded.org.apache.hc.client5.http.headers -- http-outgoing-1 << Docker-Experimental: false
21:10:22.163 [main] DEBUG com.github.dockerjava.zerodep.shaded.org.apache.hc.client5.http.headers -- http-outgoing-1 << Ostype: linux
21:10:22.163 [main] DEBUG com.github.dockerjava.zerodep.shaded.org.apache.hc.client5.http.headers -- http-outgoing-1 << Server: Docker/27.3.1 (linux)
21:10:22.163 [main] DEBUG com.github.dockerjava.zerodep.shaded.org.apache.hc.client5.http.headers -- http-outgoing-1 << Transfer-Encoding: chunked
21:10:22.164 [main] DEBUG com.github.dockerjava.zerodep.shaded.org.apache.hc.client5.http.impl.classic.MainClientExec -- ex-0000000B: connection can be kept alive for 3 MINUTES
21:10:22.169 [main] DEBUG com.github.dockerjava.zerodep.shaded.org.apache.hc.client5.http.wire -- http-outgoing-1 << "58[\r][\n]"
21:10:22.171 [main] DEBUG com.github.dockerjava.zerodep.shaded.org.apache.hc.client5.http.wire -- http-outgoing-1 << "{"Id":"d3307cf7961f77024347b5e7b26805c5528a1cc660d023821dcaaad4e02d1b9b","Warnings":[]}[\n]"
21:10:22.171 [main] DEBUG com.github.dockerjava.zerodep.shaded.org.apache.hc.client5.http.wire -- http-outgoing-1 << "[\r][\n]"
21:10:22.171 [main] DEBUG com.github.dockerjava.zerodep.shaded.org.apache.hc.client5.http.wire -- http-outgoing-1 << "0[\r][\n]"
21:10:22.172 [main] DEBUG com.github.dockerjava.zerodep.shaded.org.apache.hc.client5.http.wire -- http-outgoing-1 << "[\r][\n]"
21:10:22.173 [main] DEBUG com.github.dockerjava.zerodep.shaded.org.apache.hc.client5.http.impl.classic.InternalHttpClient -- ep-0000000A: releasing valid endpoint
21:10:22.173 [main] DEBUG com.github.dockerjava.zerodep.shaded.org.apache.hc.client5.http.impl.io.PoolingHttpClientConnectionManager -- ep-0000000A: releasing endpoint
21:10:22.173 [main] DEBUG com.github.dockerjava.zerodep.shaded.org.apache.hc.client5.http.impl.io.PoolingHttpClientConnectionManager -- ep-0000000A: connection http-outgoing-1 can be kept alive for 3 MINUTES
21:10:22.174 [main] DEBUG com.github.dockerjava.zerodep.shaded.org.apache.hc.client5.http.impl.io.PoolingHttpClientConnectionManager -- ep-0000000A: connection released [route: {}->npipe://localhost:2375][total available: 1; route allocated: 1 of 2147483647; total allocated: 1 of 2147483647]
21:10:22.174 [main] INFO tc.postgres:17 -- Container postgres:17 is starting: d3307cf7961f77024347b5e7b26805c5528a1cc660d023821dcaaad4e02d1b9b
21:10:22.174 [main] DEBUG org.testcontainers.shaded.com.github.dockerjava.core.command.AbstrDockerCmd -- Cmd: d3307cf7961f77024347b5e7b26805c5528a1cc660d023821dcaaad4e02d1b9b
21:10:22.175 [main] DEBUG com.github.dockerjava.zerodep.shaded.org.apache.hc.client5.http.impl.classic.InternalHttpClient -- ex-0000000C: preparing request execution
21:10:22.175 [main] DEBUG com.github.dockerjava.zerodep.shaded.org.apache.hc.client5.http.protocol.RequestAddCookies -- Cookie spec selected: strict
21:10:22.175 [main] DEBUG com.github.dockerjava.zerodep.shaded.org.apache.hc.client5.http.protocol.RequestAuthCache -- Auth cache not set in the context
21:10:22.175 [main] DEBUG com.github.dockerjava.zerodep.shaded.org.apache.hc.client5.http.impl.classic.ProtocolExec -- ex-0000000C: target auth state: UNCHALLENGED
21:10:22.175 [main] DEBUG com.github.dockerjava.zerodep.shaded.org.apache.hc.client5.http.impl.classic.ProtocolExec -- ex-0000000C: proxy auth state: UNCHALLENGED
21:10:22.175 [main] DEBUG com.github.dockerjava.zerodep.shaded.org.apache.hc.client5.http.impl.classic.ConnectExec -- ex-0000000C: acquiring connection with route {}->npipe://localhost:2375
21:10:22.175 [main] DEBUG com.github.dockerjava.zerodep.shaded.org.apache.hc.client5.http.impl.classic.InternalHttpClient -- ex-0000000C: acquiring endpoint (3 MINUTES)
21:10:22.176 [main] DEBUG com.github.dockerjava.zerodep.shaded.org.apache.hc.client5.http.impl.io.PoolingHttpClientConnectionManager -- ex-0000000C: endpoint lease request (3 MINUTES) [route: {}->npipe://localhost:2375][total available: 1; route allocated: 1 of 2147483647; total allocated: 1 of 2147483647]
21:10:22.176 [main] DEBUG com.github.dockerjava.zerodep.shaded.org.apache.hc.client5.http.impl.io.PoolingHttpClientConnectionManager -- ex-0000000C: endpoint leased [route: {}->npipe://localhost:2375][total available: 0; route allocated: 1 of 2147483647; total allocated: 1 of 2147483647]
21:10:22.177 [main] DEBUG com.github.dockerjava.zerodep.shaded.org.apache.hc.client5.http.impl.io.PoolingHttpClientConnectionManager -- ex-0000000C: acquired ep-0000000B
21:10:22.177 [main] DEBUG com.github.dockerjava.zerodep.shaded.org.apache.hc.client5.http.impl.classic.InternalHttpClient -- ex-0000000C: acquired endpoint ep-0000000B
21:10:22.177 [main] DEBUG com.github.dockerjava.zerodep.shaded.org.apache.hc.client5.http.impl.classic.MainClientExec -- ex-0000000C: executing POST /v1.32/containers/d3307cf7961f77024347b5e7b26805c5528a1cc660d023821dcaaad4e02d1b9b/start HTTP/1.1
21:10:22.177 [main] DEBUG com.github.dockerjava.zerodep.shaded.org.apache.hc.client5.http.impl.classic.InternalHttpClient -- ep-0000000B: start execution ex-0000000C
21:10:22.177 [main] DEBUG com.github.dockerjava.zerodep.shaded.org.apache.hc.client5.http.impl.io.PoolingHttpClientConnectionManager -- ep-0000000B: executing exchange ex-0000000C over http-outgoing-1
21:10:22.178 [main] DEBUG com.github.dockerjava.zerodep.shaded.org.apache.hc.client5.http.headers -- http-outgoing-1 >> POST /v1.32/containers/d3307cf7961f77024347b5e7b26805c5528a1cc660d023821dcaaad4e02d1b9b/start HTTP/1.1
21:10:22.178 [main] DEBUG com.github.dockerjava.zerodep.shaded.org.apache.hc.client5.http.headers -- http-outgoing-1 >> accept: application/json
21:10:22.178 [main] DEBUG com.github.dockerjava.zerodep.shaded.org.apache.hc.client5.http.headers -- http-outgoing-1 >> content-type: application/json
21:10:22.179 [main] DEBUG com.github.dockerjava.zerodep.shaded.org.apache.hc.client5.http.headers -- http-outgoing-1 >> x-tc-sid: 2a607c29-9f73-4ad7-8e0e-ab764e999503
21:10:22.179 [main] DEBUG com.github.dockerjava.zerodep.shaded.org.apache.hc.client5.http.headers -- http-outgoing-1 >> User-Agent: tc-java/1.19.7
21:10:22.179 [main] DEBUG com.github.dockerjava.zerodep.shaded.org.apache.hc.client5.http.headers -- http-outgoing-1 >> Accept-Encoding: gzip, x-gzip, deflate
21:10:22.179 [main] DEBUG com.github.dockerjava.zerodep.shaded.org.apache.hc.client5.http.headers -- http-outgoing-1 >> Host: localhost:2375
21:10:22.180 [main] DEBUG com.github.dockerjava.zerodep.shaded.org.apache.hc.client5.http.headers -- http-outgoing-1 >> Connection: keep-alive
21:10:22.182 [main] DEBUG com.github.dockerjava.zerodep.shaded.org.apache.hc.client5.http.wire -- http-outgoing-1 >> "POST /v1.32/containers/d3307cf7961f77024347b5e7b26805c5528a1cc660d023821dcaaad4e02d1b9b/start HTTP/1.1[\r][\n]"
21:10:22.183 [main] DEBUG com.github.dockerjava.zerodep.shaded.org.apache.hc.client5.http.wire -- http-outgoing-1 >> "accept: application/json[\r][\n]"
21:10:22.183 [main] DEBUG com.github.dockerjava.zerodep.shaded.org.apache.hc.client5.http.wire -- http-outgoing-1 >> "content-type: application/json[\r][\n]"
21:10:22.183 [main] DEBUG com.github.dockerjava.zerodep.shaded.org.apache.hc.client5.http.wire -- http-outgoing-1 >> "x-tc-sid: 2a607c29-9f73-4ad7-8e0e-ab764e999503[\r][\n]"
21:10:22.183 [main] DEBUG com.github.dockerjava.zerodep.shaded.org.apache.hc.client5.http.wire -- http-outgoing-1 >> "User-Agent: tc-java/1.19.7[\r][\n]"
21:10:22.183 [main] DEBUG com.github.dockerjava.zerodep.shaded.org.apache.hc.client5.http.wire -- http-outgoing-1 >> "Accept-Encoding: gzip, x-gzip, deflate[\r][\n]"
21:10:22.183 [main] DEBUG com.github.dockerjava.zerodep.shaded.org.apache.hc.client5.http.wire -- http-outgoing-1 >> "Host: localhost:2375[\r][\n]"
21:10:22.183 [main] DEBUG com.github.dockerjava.zerodep.shaded.org.apache.hc.client5.http.wire -- http-outgoing-1 >> "Connection: keep-alive[\r][\n]"
21:10:22.183 [main] DEBUG com.github.dockerjava.zerodep.shaded.org.apache.hc.client5.http.wire -- http-outgoing-1 >> "[\r][\n]"
21:10:22.611 [main] DEBUG com.github.dockerjava.zerodep.shaded.org.apache.hc.client5.http.wire -- http-outgoing-1 << "HTTP/1.1 204 No Content[\r][\n]"
21:10:22.614 [main] DEBUG com.github.dockerjava.zerodep.shaded.org.apache.hc.client5.http.wire -- http-outgoing-1 << "Api-Version: 1.47[\r][\n]"
21:10:22.615 [main] DEBUG com.github.dockerjava.zerodep.shaded.org.apache.hc.client5.http.wire -- http-outgoing-1 << "Date: Fri, 09 May 2025 18:10:22 GMT[\r][\n]"
21:10:22.616 [main] DEBUG com.github.dockerjava.zerodep.shaded.org.apache.hc.client5.http.wire -- http-outgoing-1 << "Docker-Experimental: false[\r][\n]"
21:10:22.620 [main] DEBUG com.github.dockerjava.zerodep.shaded.org.apache.hc.client5.http.wire -- http-outgoing-1 << "Ostype: linux[\r][\n]"
21:10:22.620 [main] DEBUG com.github.dockerjava.zerodep.shaded.org.apache.hc.client5.http.wire -- http-outgoing-1 << "Server: Docker/27.3.1 (linux)[\r][\n]"
21:10:22.620 [main] DEBUG com.github.dockerjava.zerodep.shaded.org.apache.hc.client5.http.wire -- http-outgoing-1 << "[\r][\n]"
21:10:22.621 [main] DEBUG com.github.dockerjava.zerodep.shaded.org.apache.hc.client5.http.headers -- http-outgoing-1 << HTTP/1.1 204 No Content
21:10:22.621 [main] DEBUG com.github.dockerjava.zerodep.shaded.org.apache.hc.client5.http.headers -- http-outgoing-1 << Api-Version: 1.47
21:10:22.621 [main] DEBUG com.github.dockerjava.zerodep.shaded.org.apache.hc.client5.http.headers -- http-outgoing-1 << Date: Fri, 09 May 2025 18:10:22 GMT
21:10:22.621 [main] DEBUG com.github.dockerjava.zerodep.shaded.org.apache.hc.client5.http.headers -- http-outgoing-1 << Docker-Experimental: false
21:10:22.621 [main] DEBUG com.github.dockerjava.zerodep.shaded.org.apache.hc.client5.http.headers -- http-outgoing-1 << Ostype: linux
21:10:22.621 [main] DEBUG com.github.dockerjava.zerodep.shaded.org.apache.hc.client5.http.headers -- http-outgoing-1 << Server: Docker/27.3.1 (linux)
21:10:22.621 [main] DEBUG com.github.dockerjava.zerodep.shaded.org.apache.hc.client5.http.impl.classic.MainClientExec -- ex-0000000C: connection can be kept alive for 3 MINUTES
21:10:22.621 [main] DEBUG com.github.dockerjava.zerodep.shaded.org.apache.hc.client5.http.impl.classic.InternalHttpClient -- ep-0000000B: releasing valid endpoint
21:10:22.621 [main] DEBUG com.github.dockerjava.zerodep.shaded.org.apache.hc.client5.http.impl.io.PoolingHttpClientConnectionManager -- ep-0000000B: releasing endpoint
21:10:22.625 [main] DEBUG com.github.dockerjava.zerodep.shaded.org.apache.hc.client5.http.impl.io.PoolingHttpClientConnectionManager -- ep-0000000B: connection http-outgoing-1 can be kept alive for 3 MINUTES
21:10:22.625 [main] DEBUG com.github.dockerjava.zerodep.shaded.org.apache.hc.client5.http.impl.io.PoolingHttpClientConnectionManager -- ep-0000000B: connection released [route: {}->npipe://localhost:2375][total available: 1; route allocated: 1 of 2147483647; total allocated: 1 of 2147483647]
21:10:22.626 [main] DEBUG org.testcontainers.shaded.com.github.dockerjava.core.command.AbstrDockerCmd -- Cmd: d3307cf7961f77024347b5e7b26805c5528a1cc660d023821dcaaad4e02d1b9b,false
21:10:22.627 [main] DEBUG org.testcontainers.shaded.com.github.dockerjava.core.exec.InspectContainerCmdExec -- GET: DefaultWebTarget{path=[/containers/d3307cf7961f77024347b5e7b26805c5528a1cc660d023821dcaaad4e02d1b9b/json], queryParams={}}
21:10:22.628 [main] DEBUG com.github.dockerjava.zerodep.shaded.org.apache.hc.client5.http.impl.classic.InternalHttpClient -- ex-0000000D: preparing request execution
21:10:22.628 [main] DEBUG com.github.dockerjava.zerodep.shaded.org.apache.hc.client5.http.protocol.RequestAddCookies -- Cookie spec selected: strict
21:10:22.628 [main] DEBUG com.github.dockerjava.zerodep.shaded.org.apache.hc.client5.http.protocol.RequestAuthCache -- Auth cache not set in the context
21:10:22.628 [main] DEBUG com.github.dockerjava.zerodep.shaded.org.apache.hc.client5.http.impl.classic.ProtocolExec -- ex-0000000D: target auth state: UNCHALLENGED
21:10:22.628 [main] DEBUG com.github.dockerjava.zerodep.shaded.org.apache.hc.client5.http.impl.classic.ProtocolExec -- ex-0000000D: proxy auth state: UNCHALLENGED
21:10:22.628 [main] DEBUG com.github.dockerjava.zerodep.shaded.org.apache.hc.client5.http.impl.classic.ConnectExec -- ex-0000000D: acquiring connection with route {}->npipe://localhost:2375
21:10:22.628 [main] DEBUG com.github.dockerjava.zerodep.shaded.org.apache.hc.client5.http.impl.classic.InternalHttpClient -- ex-0000000D: acquiring endpoint (3 MINUTES)
21:10:22.629 [main] DEBUG com.github.dockerjava.zerodep.shaded.org.apache.hc.client5.http.impl.io.PoolingHttpClientConnectionManager -- ex-0000000D: endpoint lease request (3 MINUTES) [route: {}->npipe://localhost:2375][total available: 1; route allocated: 1 of 2147483647; total allocated: 1 of 2147483647]
21:10:22.629 [main] DEBUG com.github.dockerjava.zerodep.shaded.org.apache.hc.client5.http.impl.io.PoolingHttpClientConnectionManager -- ex-0000000D: endpoint leased [route: {}->npipe://localhost:2375][total available: 0; route allocated: 1 of 2147483647; total allocated: 1 of 2147483647]
21:10:22.629 [main] DEBUG com.github.dockerjava.zerodep.shaded.org.apache.hc.client5.http.impl.io.PoolingHttpClientConnectionManager -- ex-0000000D: acquired ep-0000000C
21:10:22.629 [main] DEBUG com.github.dockerjava.zerodep.shaded.org.apache.hc.client5.http.impl.classic.InternalHttpClient -- ex-0000000D: acquired endpoint ep-0000000C
21:10:22.631 [main] DEBUG com.github.dockerjava.zerodep.shaded.org.apache.hc.client5.http.impl.classic.MainClientExec -- ex-0000000D: executing GET /v1.32/containers/d3307cf7961f77024347b5e7b26805c5528a1cc660d023821dcaaad4e02d1b9b/json HTTP/1.1
21:10:22.635 [main] DEBUG com.github.dockerjava.zerodep.shaded.org.apache.hc.client5.http.impl.classic.InternalHttpClient -- ep-0000000C: start execution ex-0000000D
21:10:22.635 [main] DEBUG com.github.dockerjava.zerodep.shaded.org.apache.hc.client5.http.impl.io.PoolingHttpClientConnectionManager -- ep-0000000C: executing exchange ex-0000000D over http-outgoing-1
21:10:22.636 [main] DEBUG com.github.dockerjava.zerodep.shaded.org.apache.hc.client5.http.headers -- http-outgoing-1 >> GET /v1.32/containers/d3307cf7961f77024347b5e7b26805c5528a1cc660d023821dcaaad4e02d1b9b/json HTTP/1.1
21:10:22.636 [main] DEBUG com.github.dockerjava.zerodep.shaded.org.apache.hc.client5.http.headers -- http-outgoing-1 >> accept: application/json
21:10:22.636 [main] DEBUG com.github.dockerjava.zerodep.shaded.org.apache.hc.client5.http.headers -- http-outgoing-1 >> x-tc-sid: 2a607c29-9f73-4ad7-8e0e-ab764e999503
21:10:22.636 [main] DEBUG com.github.dockerjava.zerodep.shaded.org.apache.hc.client5.http.headers -- http-outgoing-1 >> User-Agent: tc-java/1.19.7
21:10:22.636 [main] DEBUG com.github.dockerjava.zerodep.shaded.org.apache.hc.client5.http.headers -- http-outgoing-1 >> Accept-Encoding: gzip, x-gzip, deflate
21:10:22.636 [main] DEBUG com.github.dockerjava.zerodep.shaded.org.apache.hc.client5.http.headers -- http-outgoing-1 >> Host: localhost:2375
21:10:22.636 [main] DEBUG com.github.dockerjava.zerodep.shaded.org.apache.hc.client5.http.headers -- http-outgoing-1 >> Connection: keep-alive
21:10:22.636 [main] DEBUG com.github.dockerjava.zerodep.shaded.org.apache.hc.client5.http.wire -- http-outgoing-1 >> "GET /v1.32/containers/d3307cf7961f77024347b5e7b26805c5528a1cc660d023821dcaaad4e02d1b9b/json HTTP/1.1[\r][\n]"
21:10:22.636 [main] DEBUG com.github.dockerjava.zerodep.shaded.org.apache.hc.client5.http.wire -- http-outgoing-1 >> "accept: application/json[\r][\n]"
21:10:22.636 [main] DEBUG com.github.dockerjava.zerodep.shaded.org.apache.hc.client5.http.wire -- http-outgoing-1 >> "x-tc-sid: 2a607c29-9f73-4ad7-8e0e-ab764e999503[\r][\n]"
21:10:22.636 [main] DEBUG com.github.dockerjava.zerodep.shaded.org.apache.hc.client5.http.wire -- http-outgoing-1 >> "User-Agent: tc-java/1.19.7[\r][\n]"
21:10:22.636 [main] DEBUG com.github.dockerjava.zerodep.shaded.org.apache.hc.client5.http.wire -- http-outgoing-1 >> "Accept-Encoding: gzip, x-gzip, deflate[\r][\n]"
21:10:22.636 [main] DEBUG com.github.dockerjava.zerodep.shaded.org.apache.hc.client5.http.wire -- http-outgoing-1 >> "Host: localhost:2375[\r][\n]"
21:10:22.636 [main] DEBUG com.github.dockerjava.zerodep.shaded.org.apache.hc.client5.http.wire -- http-outgoing-1 >> "Connection: keep-alive[\r][\n]"
21:10:22.636 [main] DEBUG com.github.dockerjava.zerodep.shaded.org.apache.hc.client5.http.wire -- http-outgoing-1 >> "[\r][\n]"
21:10:22.658 [main] DEBUG com.github.dockerjava.zerodep.shaded.org.apache.hc.client5.http.wire -- http-outgoing-1 << "HTTP/1.1 200 OK[\r][\n]"
21:10:22.659 [main] DEBUG com.github.dockerjava.zerodep.shaded.org.apache.hc.client5.http.wire -- http-outgoing-1 << "Api-Version: 1.47[\r][\n]"
21:10:22.660 [main] DEBUG com.github.dockerjava.zerodep.shaded.org.apache.hc.client5.http.wire -- http-outgoing-1 << "Content-Type: application/json[\r][\n]"
21:10:22.660 [main] DEBUG com.github.dockerjava.zerodep.shaded.org.apache.hc.client5.http.wire -- http-outgoing-1 << "Date: Fri, 09 May 2025 18:10:22 GMT[\r][\n]"
21:10:22.660 [main] DEBUG com.github.dockerjava.zerodep.shaded.org.apache.hc.client5.http.wire -- http-outgoing-1 << "Docker-Experimental: false[\r][\n]"
21:10:22.660 [main] DEBUG com.github.dockerjava.zerodep.shaded.org.apache.hc.client5.http.wire -- http-outgoing-1 << "Ostype: linux[\r][\n]"
21:10:22.660 [main] DEBUG com.github.dockerjava.zerodep.shaded.org.apache.hc.client5.http.wire -- http-outgoing-1 << "Server: Docker/27.3.1 (linux)[\r][\n]"
21:10:22.660 [main] DEBUG com.github.dockerjava.zerodep.shaded.org.apache.hc.client5.http.wire -- http-outgoing-1 << "Transfer-Encoding: chunked[\r][\n]"
21:10:22.660 [main] DEBUG com.github.dockerjava.zerodep.shaded.org.apache.hc.client5.http.wire -- http-outgoing-1 << "[\r][\n]"
21:10:22.660 [main] DEBUG com.github.dockerjava.zerodep.shaded.org.apache.hc.client5.http.headers -- http-outgoing-1 << HTTP/1.1 200 OK
21:10:22.660 [main] DEBUG com.github.dockerjava.zerodep.shaded.org.apache.hc.client5.http.headers -- http-outgoing-1 << Api-Version: 1.47
21:10:22.660 [main] DEBUG com.github.dockerjava.zerodep.shaded.org.apache.hc.client5.http.headers -- http-outgoing-1 << Content-Type: application/json
21:10:22.660 [main] DEBUG com.github.dockerjava.zerodep.shaded.org.apache.hc.client5.http.headers -- http-outgoing-1 << Date: Fri, 09 May 2025 18:10:22 GMT
21:10:22.660 [main] DEBUG com.github.dockerjava.zerodep.shaded.org.apache.hc.client5.http.headers -- http-outgoing-1 << Docker-Experimental: false
21:10:22.660 [main] DEBUG com.github.dockerjava.zerodep.shaded.org.apache.hc.client5.http.headers -- http-outgoing-1 << Ostype: linux
21:10:22.660 [main] DEBUG com.github.dockerjava.zerodep.shaded.org.apache.hc.client5.http.headers -- http-outgoing-1 << Server: Docker/27.3.1 (linux)
21:10:22.660 [main] DEBUG com.github.dockerjava.zerodep.shaded.org.apache.hc.client5.http.headers -- http-outgoing-1 << Transfer-Encoding: chunked
21:10:22.661 [main] DEBUG com.github.dockerjava.zerodep.shaded.org.apache.hc.client5.http.impl.classic.MainClientExec -- ex-0000000D: connection can be kept alive for 3 MINUTES
21:10:22.667 [main] DEBUG com.github.dockerjava.zerodep.shaded.org.apache.hc.client5.http.wire -- http-outgoing-1 << "1331[\r][\n]"
21:10:22.667 [main] DEBUG com.github.dockerjava.zerodep.shaded.org.apache.hc.client5.http.wire -- http-outgoing-1 << "{"Id":"d3307cf7961f77024347b5e7b26805c5528a1cc660d023821dcaaad4e02d1b9b","Created":"2025-05-09T18:10:21.937230806Z","Path":"docker-entrypoint.sh","Args":["postgres","-c","fsync=off"],"State":{"Status":"running","Running":true,"Paused":false,"Restarting":false,"OOMKilled":false,"Dead":false,"Pid":1915,"ExitCode":0,"Error":"","StartedAt":"2025-05-09T18:10:22.24724743Z","FinishedAt":"0001-01-01T00:00:00Z"},"Image":"sha256:fe3f571d128e8efadcd8b2fde0e2b73ebab6dbec33f6bfe69d98c682c7d8f7bd","ResolvConfPath":"/var/lib/docker/containers/d3307cf7961f77024347b5e7b26805c5528a1cc660d023821dcaaad4e02d1b9b/resolv.conf","HostnamePath":"/var/lib/docker/containers/d3307cf7961f77024347b5e7b26805c5528a1cc660d023821dcaaad4e02d1b9b/hostname","HostsPath":"/var/lib/docker/containers/d3307cf7961f77024347b5e7b26805c5528a1cc660d023821dcaaad4e02d1b9b/hosts","LogPath":"/var/lib/docker/containers/d3307cf7961f77024347b5e7b26805c5528a1cc660d023821dcaaad4e02d1b9b/d3307cf7961f77024347b5e7b26805c5528a1cc660d023821dcaaad4e02d1b9b-json.log","Name":"/confident_snyder","RestartCount":0,"Driver":"overlayfs","Platform":"linux","MountLabel":"","ProcessLabel":"","AppArmorProfile":"","ExecIDs":null,"HostConfig":{"Binds":[],"ContainerIDFile":"","LogConfig":{"Type":"json-file","Config":{}},"NetworkMode":"bridge","PortBindings":{"5432/tcp":[{"HostIp":"0.0.0.0","HostPort":"0"}]},"RestartPolicy":{"Name":"no","MaximumRetryCount":0},"AutoRemove":false,"VolumeDriver":"","VolumesFrom":[],"ConsoleSize":[0,0],"CapAdd":null,"CapDrop":null,"CgroupnsMode":"host","Dns":null,"DnsOptions":null,"DnsSearch":null,"ExtraHosts":[],"GroupAdd":null,"IpcMode":"shareable","Cgroup":"","Links":null,"OomScoreAdj":0,"PidMode":"","Privileged":false,"PublishAllPorts":false,"ReadonlyRootfs":false,"SecurityOpt":null,"UTSMode":"","UsernsMode":"","ShmSize":67108864,"Runtime":"runc","Isolation":"","CpuShares":0,"Memory":0,"NanoCpus":0,"CgroupParent":"","BlkioWeight":0,"BlkioWeightDevice":null,"BlkioDeviceReadBps":null,"BlkioDeviceWriteBps":null,"BlkioDeviceReadIOps":null,"BlkioDeviceWriteIOps":null,"CpuPeriod":0,"CpuQuota":0,"CpuRealtimePeriod":0,"CpuRealtimeRuntime":0,"CpusetCpus":"","CpusetMems":"","Devices":null,"DeviceCgroupRules":null,"DeviceRequests":null,"MemoryReservation":0,"MemorySwap":0,"MemorySwappiness":null,"OomKillDisable":false,"PidsLimit":null,"Ulimits":null,"CpuCount":0,"CpuPercent":0,"IOMaximumIOps":0,"IOMaximumBandwidth":0,"MaskedPaths":["/proc/asound","/proc/acpi","/proc/kcore","/proc/keys","/proc/latency_stats","/proc/timer_list","/proc/timer_stats","/proc/sched_debug","/proc/scsi","/sys/firmware","/sys/devices/virtual/powercap"],"ReadonlyPaths":["/proc/bus","/proc/fs","/proc/irq","/proc/sys","/proc/sysrq-trigger"]},"GraphDriver":{"Data":null,"Name":"overlayfs"},"Mounts":[{"Type":"volume","Name":"f131316648655984688d9285c183d5e156bf748d0344591a2e8b38fb60a349a7","Source":"/var/lib/docker/volumes/f131316648655984688d9285c183d5e156bf748d0344591a2e8b38fb60a349a7/_data","Destination":"/var/lib/postgresql/data","Driver":"local","Mode":"","RW":true,"Propagation":""}],"Config":{"Hostname":"d3307cf7961f","Domainname":"","User":"","AttachStdin":false,"AttachStdout":false,"AttachStderr":false,"ExposedPorts":{"5432/tcp":{}},"Tty":false,"OpenStdin":false,"StdinOnce":false,"Env":["POSTGRES_USER=postgres","POSTGRES_PASSWORD=Pofigict2005","POSTGRES_DB=pets","PATH=/usr/local/sbin:/usr/local/bin:/usr/sbin:/usr/bin:/sbin:/bin:/usr/lib/postgresql/17/bin","GOSU_VERSION=1.17","LANG=en_US.utf8","PG_MAJOR=17","PG_VERSION=17.4-1.pgdg120+2","PGDATA=/var/lib/postgresql/data"],"Cmd":["postgres","-c","fsync=off"],"Image":"postgres:17","Volumes":{"/var/lib/postgresql/data":{}},"WorkingDir":"","Entrypoint":["docker-entrypoint.sh"],"OnBuild":null,"Labels":{"org.testcontainers":"true","org.testcontainers.lang":"java","org.testcontainers.sessionId":"2a607c29-9f73-4ad7-8e0e-ab764e999503","org.testcontainers.version":"1.19.7"},"StopSignal":"SIGINT"},"NetworkSettings":{"Bridge":"","SandboxID":"ca7f07ae918ede716a9b26ddc9cf116512944007faadc8e98e6ffc7c686bd7c6","SandboxKey":"/var/run/docker/netns/ca7f07ae918e",""
21:10:22.669 [main] DEBUG com.github.dockerjava.zerodep.shaded.org.apache.hc.client5.http.wire -- http-outgoing-1 << "Ports":{"5432/tcp":[]},"HairpinMode":false,"LinkLocalIPv6Address":"","LinkLocalIPv6PrefixLen":0,"SecondaryIPAddresses":null,"SecondaryIPv6Addresses":null,"EndpointID":"602328125e5c23f72168fc774123a6f7bdab24473f283fe151dc8bcc12e54070","Gateway":"172.17.0.1","GlobalIPv6Address":"","GlobalIPv6PrefixLen":0,"IPAddress":"172.17.0.3","IPPrefixLen":16,"IPv6Gateway":"","MacAddress":"02:42:ac:11:00:03","Networks":{"bridge":{"IPAMConfig":null,"Links":null,"Aliases":null,"MacAddress":"02:42:ac:11:00:03","DriverOpts":null,"NetworkID":"f0594820a60c9d6c1293e01ac8a804eac606a0cdb0dcd01c085bc8a3a64632ab","EndpointID":"602328125e5c23f72168fc774123a6f7bdab24473f283fe151dc8bcc12e54070","Gateway":"172.17.0.1","IPAddress":"172.17.0.3","IPPrefixLen":16,"IPv6Gateway":"","GlobalIPv6Address":"","GlobalIPv6PrefixLen":0,"DNSNames":null}}}}[\n]"
21:10:22.676 [main] DEBUG com.github.dockerjava.zerodep.shaded.org.apache.hc.client5.http.wire -- http-outgoing-1 << "[\r][\n]"
21:10:22.676 [main] DEBUG com.github.dockerjava.zerodep.shaded.org.apache.hc.client5.http.wire -- http-outgoing-1 << "0[\r][\n]"
21:10:22.676 [main] DEBUG com.github.dockerjava.zerodep.shaded.org.apache.hc.client5.http.wire -- http-outgoing-1 << "[\r][\n]"
21:10:22.677 [main] DEBUG com.github.dockerjava.zerodep.shaded.org.apache.hc.client5.http.impl.classic.InternalHttpClient -- ep-0000000C: releasing valid endpoint
21:10:22.677 [main] DEBUG com.github.dockerjava.zerodep.shaded.org.apache.hc.client5.http.impl.io.PoolingHttpClientConnectionManager -- ep-0000000C: releasing endpoint
21:10:22.677 [main] DEBUG com.github.dockerjava.zerodep.shaded.org.apache.hc.client5.http.impl.io.PoolingHttpClientConnectionManager -- ep-0000000C: connection http-outgoing-1 can be kept alive for 3 MINUTES
21:10:22.677 [main] DEBUG com.github.dockerjava.zerodep.shaded.org.apache.hc.client5.http.impl.io.PoolingHttpClientConnectionManager -- ep-0000000C: connection released [route: {}->npipe://localhost:2375][total available: 1; route allocated: 1 of 2147483647; total allocated: 1 of 2147483647]
21:10:22.678 [main] DEBUG org.testcontainers.shaded.com.github.dockerjava.core.command.AbstrDockerCmd -- Cmd: d3307cf7961f77024347b5e7b26805c5528a1cc660d023821dcaaad4e02d1b9b,false
21:10:22.679 [main] DEBUG org.testcontainers.shaded.com.github.dockerjava.core.exec.InspectContainerCmdExec -- GET: DefaultWebTarget{path=[/containers/d3307cf7961f77024347b5e7b26805c5528a1cc660d023821dcaaad4e02d1b9b/json], queryParams={}}
21:10:22.679 [main] DEBUG com.github.dockerjava.zerodep.shaded.org.apache.hc.client5.http.impl.classic.InternalHttpClient -- ex-0000000E: preparing request execution
21:10:22.679 [main] DEBUG com.github.dockerjava.zerodep.shaded.org.apache.hc.client5.http.protocol.RequestAddCookies -- Cookie spec selected: strict
21:10:22.679 [main] DEBUG com.github.dockerjava.zerodep.shaded.org.apache.hc.client5.http.protocol.RequestAuthCache -- Auth cache not set in the context
21:10:22.679 [main] DEBUG com.github.dockerjava.zerodep.shaded.org.apache.hc.client5.http.impl.classic.ProtocolExec -- ex-0000000E: target auth state: UNCHALLENGED
21:10:22.679 [main] DEBUG com.github.dockerjava.zerodep.shaded.org.apache.hc.client5.http.impl.classic.ProtocolExec -- ex-0000000E: proxy auth state: UNCHALLENGED
21:10:22.679 [main] DEBUG com.github.dockerjava.zerodep.shaded.org.apache.hc.client5.http.impl.classic.ConnectExec -- ex-0000000E: acquiring connection with route {}->npipe://localhost:2375
21:10:22.679 [main] DEBUG com.github.dockerjava.zerodep.shaded.org.apache.hc.client5.http.impl.classic.InternalHttpClient -- ex-0000000E: acquiring endpoint (3 MINUTES)
21:10:22.680 [main] DEBUG com.github.dockerjava.zerodep.shaded.org.apache.hc.client5.http.impl.io.PoolingHttpClientConnectionManager -- ex-0000000E: endpoint lease request (3 MINUTES) [route: {}->npipe://localhost:2375][total available: 1; route allocated: 1 of 2147483647; total allocated: 1 of 2147483647]
21:10:22.681 [main] DEBUG com.github.dockerjava.zerodep.shaded.org.apache.hc.client5.http.impl.io.PoolingHttpClientConnectionManager -- ex-0000000E: endpoint leased [route: {}->npipe://localhost:2375][total available: 0; route allocated: 1 of 2147483647; total allocated: 1 of 2147483647]
21:10:22.681 [main] DEBUG com.github.dockerjava.zerodep.shaded.org.apache.hc.client5.http.impl.io.PoolingHttpClientConnectionManager -- ex-0000000E: acquired ep-0000000D
21:10:22.681 [main] DEBUG com.github.dockerjava.zerodep.shaded.org.apache.hc.client5.http.impl.classic.InternalHttpClient -- ex-0000000E: acquired endpoint ep-0000000D
21:10:22.681 [main] DEBUG com.github.dockerjava.zerodep.shaded.org.apache.hc.client5.http.impl.classic.MainClientExec -- ex-0000000E: executing GET /v1.32/containers/d3307cf7961f77024347b5e7b26805c5528a1cc660d023821dcaaad4e02d1b9b/json HTTP/1.1
21:10:22.681 [main] DEBUG com.github.dockerjava.zerodep.shaded.org.apache.hc.client5.http.impl.classic.InternalHttpClient -- ep-0000000D: start execution ex-0000000E
21:10:22.681 [main] DEBUG com.github.dockerjava.zerodep.shaded.org.apache.hc.client5.http.impl.io.PoolingHttpClientConnectionManager -- ep-0000000D: executing exchange ex-0000000E over http-outgoing-1
21:10:22.681 [main] DEBUG com.github.dockerjava.zerodep.shaded.org.apache.hc.client5.http.headers -- http-outgoing-1 >> GET /v1.32/containers/d3307cf7961f77024347b5e7b26805c5528a1cc660d023821dcaaad4e02d1b9b/json HTTP/1.1
21:10:22.681 [main] DEBUG com.github.dockerjava.zerodep.shaded.org.apache.hc.client5.http.headers -- http-outgoing-1 >> accept: application/json
21:10:22.681 [main] DEBUG com.github.dockerjava.zerodep.shaded.org.apache.hc.client5.http.headers -- http-outgoing-1 >> x-tc-sid: 2a607c29-9f73-4ad7-8e0e-ab764e999503
21:10:22.681 [main] DEBUG com.github.dockerjava.zerodep.shaded.org.apache.hc.client5.http.headers -- http-outgoing-1 >> User-Agent: tc-java/1.19.7
21:10:22.681 [main] DEBUG com.github.dockerjava.zerodep.shaded.org.apache.hc.client5.http.headers -- http-outgoing-1 >> Accept-Encoding: gzip, x-gzip, deflate
21:10:22.681 [main] DEBUG com.github.dockerjava.zerodep.shaded.org.apache.hc.client5.http.headers -- http-outgoing-1 >> Host: localhost:2375
21:10:22.681 [main] DEBUG com.github.dockerjava.zerodep.shaded.org.apache.hc.client5.http.headers -- http-outgoing-1 >> Connection: keep-alive
21:10:22.681 [main] DEBUG com.github.dockerjava.zerodep.shaded.org.apache.hc.client5.http.wire -- http-outgoing-1 >> "GET /v1.32/containers/d3307cf7961f77024347b5e7b26805c5528a1cc660d023821dcaaad4e02d1b9b/json HTTP/1.1[\r][\n]"
21:10:22.681 [main] DEBUG com.github.dockerjava.zerodep.shaded.org.apache.hc.client5.http.wire -- http-outgoing-1 >> "accept: application/json[\r][\n]"
21:10:22.681 [main] DEBUG com.github.dockerjava.zerodep.shaded.org.apache.hc.client5.http.wire -- http-outgoing-1 >> "x-tc-sid: 2a607c29-9f73-4ad7-8e0e-ab764e999503[\r][\n]"
21:10:22.681 [main] DEBUG com.github.dockerjava.zerodep.shaded.org.apache.hc.client5.http.wire -- http-outgoing-1 >> "User-Agent: tc-java/1.19.7[\r][\n]"
21:10:22.681 [main] DEBUG com.github.dockerjava.zerodep.shaded.org.apache.hc.client5.http.wire -- http-outgoing-1 >> "Accept-Encoding: gzip, x-gzip, deflate[\r][\n]"
21:10:22.682 [main] DEBUG com.github.dockerjava.zerodep.shaded.org.apache.hc.client5.http.wire -- http-outgoing-1 >> "Host: localhost:2375[\r][\n]"
21:10:22.682 [main] DEBUG com.github.dockerjava.zerodep.shaded.org.apache.hc.client5.http.wire -- http-outgoing-1 >> "Connection: keep-alive[\r][\n]"
21:10:22.682 [main] DEBUG com.github.dockerjava.zerodep.shaded.org.apache.hc.client5.http.wire -- http-outgoing-1 >> "[\r][\n]"
21:10:22.703 [main] DEBUG com.github.dockerjava.zerodep.shaded.org.apache.hc.client5.http.wire -- http-outgoing-1 << "HTTP/1.1 200 OK[\r][\n]"
21:10:22.704 [main] DEBUG com.github.dockerjava.zerodep.shaded.org.apache.hc.client5.http.wire -- http-outgoing-1 << "Api-Version: 1.47[\r][\n]"
21:10:22.704 [main] DEBUG com.github.dockerjava.zerodep.shaded.org.apache.hc.client5.http.wire -- http-outgoing-1 << "Content-Type: application/json[\r][\n]"
21:10:22.704 [main] DEBUG com.github.dockerjava.zerodep.shaded.org.apache.hc.client5.http.wire -- http-outgoing-1 << "Date: Fri, 09 May 2025 18:10:22 GMT[\r][\n]"
21:10:22.704 [main] DEBUG com.github.dockerjava.zerodep.shaded.org.apache.hc.client5.http.wire -- http-outgoing-1 << "Docker-Experimental: false[\r][\n]"
21:10:22.704 [main] DEBUG com.github.dockerjava.zerodep.shaded.org.apache.hc.client5.http.wire -- http-outgoing-1 << "Ostype: linux[\r][\n]"
21:10:22.704 [main] DEBUG com.github.dockerjava.zerodep.shaded.org.apache.hc.client5.http.wire -- http-outgoing-1 << "Server: Docker/27.3.1 (linux)[\r][\n]"
21:10:22.704 [main] DEBUG com.github.dockerjava.zerodep.shaded.org.apache.hc.client5.http.wire -- http-outgoing-1 << "Transfer-Encoding: chunked[\r][\n]"
21:10:22.704 [main] DEBUG com.github.dockerjava.zerodep.shaded.org.apache.hc.client5.http.wire -- http-outgoing-1 << "[\r][\n]"
21:10:22.704 [main] DEBUG com.github.dockerjava.zerodep.shaded.org.apache.hc.client5.http.headers -- http-outgoing-1 << HTTP/1.1 200 OK
21:10:22.705 [main] DEBUG com.github.dockerjava.zerodep.shaded.org.apache.hc.client5.http.headers -- http-outgoing-1 << Api-Version: 1.47
21:10:22.705 [main] DEBUG com.github.dockerjava.zerodep.shaded.org.apache.hc.client5.http.headers -- http-outgoing-1 << Content-Type: application/json
21:10:22.705 [main] DEBUG com.github.dockerjava.zerodep.shaded.org.apache.hc.client5.http.headers -- http-outgoing-1 << Date: Fri, 09 May 2025 18:10:22 GMT
21:10:22.705 [main] DEBUG com.github.dockerjava.zerodep.shaded.org.apache.hc.client5.http.headers -- http-outgoing-1 << Docker-Experimental: false
21:10:22.705 [main] DEBUG com.github.dockerjava.zerodep.shaded.org.apache.hc.client5.http.headers -- http-outgoing-1 << Ostype: linux
21:10:22.705 [main] DEBUG com.github.dockerjava.zerodep.shaded.org.apache.hc.client5.http.headers -- http-outgoing-1 << Server: Docker/27.3.1 (linux)
21:10:22.705 [main] DEBUG com.github.dockerjava.zerodep.shaded.org.apache.hc.client5.http.headers -- http-outgoing-1 << Transfer-Encoding: chunked
21:10:22.705 [main] DEBUG com.github.dockerjava.zerodep.shaded.org.apache.hc.client5.http.impl.classic.MainClientExec -- ex-0000000E: connection can be kept alive for 3 MINUTES
21:10:22.710 [main] DEBUG com.github.dockerjava.zerodep.shaded.org.apache.hc.client5.http.wire -- http-outgoing-1 << "1358[\r][\n]"
21:10:22.711 [main] DEBUG com.github.dockerjava.zerodep.shaded.org.apache.hc.client5.http.wire -- http-outgoing-1 << "{"Id":"d3307cf7961f77024347b5e7b26805c5528a1cc660d023821dcaaad4e02d1b9b","Created":"2025-05-09T18:10:21.937230806Z","Path":"docker-entrypoint.sh","Args":["postgres","-c","fsync=off"],"State":{"Status":"running","Running":true,"Paused":false,"Restarting":false,"OOMKilled":false,"Dead":false,"Pid":1915,"ExitCode":0,"Error":"","StartedAt":"2025-05-09T18:10:22.24724743Z","FinishedAt":"0001-01-01T00:00:00Z"},"Image":"sha256:fe3f571d128e8efadcd8b2fde0e2b73ebab6dbec33f6bfe69d98c682c7d8f7bd","ResolvConfPath":"/var/lib/docker/containers/d3307cf7961f77024347b5e7b26805c5528a1cc660d023821dcaaad4e02d1b9b/resolv.conf","HostnamePath":"/var/lib/docker/containers/d3307cf7961f77024347b5e7b26805c5528a1cc660d023821dcaaad4e02d1b9b/hostname","HostsPath":"/var/lib/docker/containers/d3307cf7961f77024347b5e7b26805c5528a1cc660d023821dcaaad4e02d1b9b/hosts","LogPath":"/var/lib/docker/containers/d3307cf7961f77024347b5e7b26805c5528a1cc660d023821dcaaad4e02d1b9b/d3307cf7961f77024347b5e7b26805c5528a1cc660d023821dcaaad4e02d1b9b-json.log","Name":"/confident_snyder","RestartCount":0,"Driver":"overlayfs","Platform":"linux","MountLabel":"","ProcessLabel":"","AppArmorProfile":"","ExecIDs":null,"HostConfig":{"Binds":[],"ContainerIDFile":"","LogConfig":{"Type":"json-file","Config":{}},"NetworkMode":"bridge","PortBindings":{"5432/tcp":[{"HostIp":"0.0.0.0","HostPort":"0"}]},"RestartPolicy":{"Name":"no","MaximumRetryCount":0},"AutoRemove":false,"VolumeDriver":"","VolumesFrom":[],"ConsoleSize":[0,0],"CapAdd":null,"CapDrop":null,"CgroupnsMode":"host","Dns":null,"DnsOptions":null,"DnsSearch":null,"ExtraHosts":[],"GroupAdd":null,"IpcMode":"shareable","Cgroup":"","Links":null,"OomScoreAdj":0,"PidMode":"","Privileged":false,"PublishAllPorts":false,"ReadonlyRootfs":false,"SecurityOpt":null,"UTSMode":"","UsernsMode":"","ShmSize":67108864,"Runtime":"runc","Isolation":"","CpuShares":0,"Memory":0,"NanoCpus":0,"CgroupParent":"","BlkioWeight":0,"BlkioWeightDevice":null,"BlkioDeviceReadBps":null,"BlkioDeviceWriteBps":null,"BlkioDeviceReadIOps":null,"BlkioDeviceWriteIOps":null,"CpuPeriod":0,"CpuQuota":0,"CpuRealtimePeriod":0,"CpuRealtimeRuntime":0,"CpusetCpus":"","CpusetMems":"","Devices":null,"DeviceCgroupRules":null,"DeviceRequests":null,"MemoryReservation":0,"MemorySwap":0,"MemorySwappiness":null,"OomKillDisable":false,"PidsLimit":null,"Ulimits":null,"CpuCount":0,"CpuPercent":0,"IOMaximumIOps":0,"IOMaximumBandwidth":0,"MaskedPaths":["/proc/asound","/proc/acpi","/proc/kcore","/proc/keys","/proc/latency_stats","/proc/timer_list","/proc/timer_stats","/proc/sched_debug","/proc/scsi","/sys/firmware","/sys/devices/virtual/powercap"],"ReadonlyPaths":["/proc/bus","/proc/fs","/proc/irq","/proc/sys","/proc/sysrq-trigger"]},"GraphDriver":{"Data":null,"Name":"overlayfs"},"Mounts":[{"Type":"volume","Name":"f131316648655984688d9285c183d5e156bf748d0344591a2e8b38fb60a349a7","Source":"/var/lib/docker/volumes/f131316648655984688d9285c183d5e156bf748d0344591a2e8b38fb60a349a7/_data","Destination":"/var/lib/postgresql/data","Driver":"local","Mode":"","RW":true,"Propagation":""}],"Config":{"Hostname":"d3307cf7961f","Domainname":"","User":"","AttachStdin":false,"AttachStdout":false,"AttachStderr":false,"ExposedPorts":{"5432/tcp":{}},"Tty":false,"OpenStdin":false,"StdinOnce":false,"Env":["POSTGRES_USER=postgres","POSTGRES_PASSWORD=Pofigict2005","POSTGRES_DB=pets","PATH=/usr/local/sbin:/usr/local/bin:/usr/sbin:/usr/bin:/sbin:/bin:/usr/lib/postgresql/17/bin","GOSU_VERSION=1.17","LANG=en_US.utf8","PG_MAJOR=17","PG_VERSION=17.4-1.pgdg120+2","PGDATA=/var/lib/postgresql/data"],"Cmd":["postgres","-c","fsync=off"],"Image":"postgres:17","Volumes":{"/var/lib/postgresql/data":{}},"WorkingDir":"","Entrypoint":["docker-entrypoint.sh"],"OnBuild":null,"Labels":{"org.testcontainers":"true","org.testcontainers.lang":"java","org.testcontainers.sessionId":"2a607c29-9f73-4ad7-8e0e-ab764e999503","org.testcontainers.version":"1.19.7"},"StopSignal":"SIGINT"},"NetworkSettings":{"Bridge":"","SandboxID":"ca7f07ae918ede716a9b26ddc9cf116512944007faadc8e98e6ffc7c686bd7c6","SandboxKey":"/var/run/docker/netns/ca7f07ae918e",""
21:10:22.714 [main] DEBUG com.github.dockerjava.zerodep.shaded.org.apache.hc.client5.http.wire -- http-outgoing-1 << "Ports":{"5432/tcp":[{"HostIp":"0.0.0.0","HostPort":"49846"}]},"HairpinMode":false,"LinkLocalIPv6Address":"","LinkLocalIPv6PrefixLen":0,"SecondaryIPAddresses":null,"SecondaryIPv6Addresses":null,"EndpointID":"602328125e5c23f72168fc774123a6f7bdab24473f283fe151dc8bcc12e54070","Gateway":"172.17.0.1","GlobalIPv6Address":"","GlobalIPv6PrefixLen":0,"IPAddress":"172.17.0.3","IPPrefixLen":16,"IPv6Gateway":"","MacAddress":"02:42:ac:11:00:03","Networks":{"bridge":{"IPAMConfig":null,"Links":null,"Aliases":null,"MacAddress":"02:42:ac:11:00:03","DriverOpts":null,"NetworkID":"f0594820a60c9d6c1293e01ac8a804eac606a0cdb0dcd01c085bc8a3a64632ab","EndpointID":"602328125e5c23f72168fc774123a6f7bdab24473f283fe151dc8bcc12e54070","Gateway":"172.17.0.1","IPAddress":"172.17.0.3","IPPrefixLen":16,"IPv6Gateway":"","GlobalIPv6Address":"","GlobalIPv6PrefixLen":0,"DNSNames":null}}}}[\n]"
21:10:22.719 [main] DEBUG com.github.dockerjava.zerodep.shaded.org.apache.hc.client5.http.wire -- http-outgoing-1 << "[\r][\n]"
21:10:22.719 [main] DEBUG com.github.dockerjava.zerodep.shaded.org.apache.hc.client5.http.wire -- http-outgoing-1 << "0[\r][\n]"
21:10:22.720 [main] DEBUG com.github.dockerjava.zerodep.shaded.org.apache.hc.client5.http.wire -- http-outgoing-1 << "[\r][\n]"
21:10:22.720 [main] DEBUG com.github.dockerjava.zerodep.shaded.org.apache.hc.client5.http.impl.classic.InternalHttpClient -- ep-0000000D: releasing valid endpoint
21:10:22.720 [main] DEBUG com.github.dockerjava.zerodep.shaded.org.apache.hc.client5.http.impl.io.PoolingHttpClientConnectionManager -- ep-0000000D: releasing endpoint
21:10:22.721 [main] DEBUG com.github.dockerjava.zerodep.shaded.org.apache.hc.client5.http.impl.io.PoolingHttpClientConnectionManager -- ep-0000000D: connection http-outgoing-1 can be kept alive for 3 MINUTES
21:10:22.721 [main] DEBUG com.github.dockerjava.zerodep.shaded.org.apache.hc.client5.http.impl.io.PoolingHttpClientConnectionManager -- ep-0000000D: connection released [route: {}->npipe://localhost:2375][total available: 1; route allocated: 1 of 2147483647; total allocated: 1 of 2147483647]
21:10:22.721 [main] DEBUG org.testcontainers.shaded.com.github.dockerjava.core.command.AbstrDockerCmd -- Cmd: sha256:fe3f571d128e8efadcd8b2fde0e2b73ebab6dbec33f6bfe69d98c682c7d8f7bd
21:10:22.722 [main] DEBUG com.github.dockerjava.zerodep.shaded.org.apache.hc.client5.http.impl.classic.InternalHttpClient -- ex-0000000F: preparing request execution
21:10:22.722 [main] DEBUG com.github.dockerjava.zerodep.shaded.org.apache.hc.client5.http.protocol.RequestAddCookies -- Cookie spec selected: strict
21:10:22.723 [main] DEBUG com.github.dockerjava.zerodep.shaded.org.apache.hc.client5.http.protocol.RequestAuthCache -- Auth cache not set in the context
21:10:22.723 [main] DEBUG com.github.dockerjava.zerodep.shaded.org.apache.hc.client5.http.impl.classic.ProtocolExec -- ex-0000000F: target auth state: UNCHALLENGED
21:10:22.723 [main] DEBUG com.github.dockerjava.zerodep.shaded.org.apache.hc.client5.http.impl.classic.ProtocolExec -- ex-0000000F: proxy auth state: UNCHALLENGED
21:10:22.723 [main] DEBUG com.github.dockerjava.zerodep.shaded.org.apache.hc.client5.http.impl.classic.ConnectExec -- ex-0000000F: acquiring connection with route {}->npipe://localhost:2375
21:10:22.723 [main] DEBUG com.github.dockerjava.zerodep.shaded.org.apache.hc.client5.http.impl.classic.InternalHttpClient -- ex-0000000F: acquiring endpoint (3 MINUTES)
21:10:22.723 [main] DEBUG com.github.dockerjava.zerodep.shaded.org.apache.hc.client5.http.impl.io.PoolingHttpClientConnectionManager -- ex-0000000F: endpoint lease request (3 MINUTES) [route: {}->npipe://localhost:2375][total available: 1; route allocated: 1 of 2147483647; total allocated: 1 of 2147483647]
21:10:22.725 [main] DEBUG com.github.dockerjava.zerodep.shaded.org.apache.hc.client5.http.impl.io.PoolingHttpClientConnectionManager -- ex-0000000F: endpoint leased [route: {}->npipe://localhost:2375][total available: 0; route allocated: 1 of 2147483647; total allocated: 1 of 2147483647]
21:10:22.725 [main] DEBUG com.github.dockerjava.zerodep.shaded.org.apache.hc.client5.http.impl.io.PoolingHttpClientConnectionManager -- ex-0000000F: acquired ep-0000000E
21:10:22.725 [main] DEBUG com.github.dockerjava.zerodep.shaded.org.apache.hc.client5.http.impl.classic.InternalHttpClient -- ex-0000000F: acquired endpoint ep-0000000E
21:10:22.725 [main] DEBUG com.github.dockerjava.zerodep.shaded.org.apache.hc.client5.http.impl.classic.MainClientExec -- ex-0000000F: executing GET /v1.32/images/sha256:fe3f571d128e8efadcd8b2fde0e2b73ebab6dbec33f6bfe69d98c682c7d8f7bd/json HTTP/1.1
21:10:22.725 [main] DEBUG com.github.dockerjava.zerodep.shaded.org.apache.hc.client5.http.impl.classic.InternalHttpClient -- ep-0000000E: start execution ex-0000000F
21:10:22.725 [main] DEBUG com.github.dockerjava.zerodep.shaded.org.apache.hc.client5.http.impl.io.PoolingHttpClientConnectionManager -- ep-0000000E: executing exchange ex-0000000F over http-outgoing-1
21:10:22.727 [main] DEBUG com.github.dockerjava.zerodep.shaded.org.apache.hc.client5.http.headers -- http-outgoing-1 >> GET /v1.32/images/sha256:fe3f571d128e8efadcd8b2fde0e2b73ebab6dbec33f6bfe69d98c682c7d8f7bd/json HTTP/1.1
21:10:22.727 [main] DEBUG com.github.dockerjava.zerodep.shaded.org.apache.hc.client5.http.headers -- http-outgoing-1 >> accept: application/json
21:10:22.727 [main] DEBUG com.github.dockerjava.zerodep.shaded.org.apache.hc.client5.http.headers -- http-outgoing-1 >> x-tc-sid: 2a607c29-9f73-4ad7-8e0e-ab764e999503
21:10:22.727 [main] DEBUG com.github.dockerjava.zerodep.shaded.org.apache.hc.client5.http.headers -- http-outgoing-1 >> User-Agent: tc-java/1.19.7
21:10:22.727 [main] DEBUG com.github.dockerjava.zerodep.shaded.org.apache.hc.client5.http.headers -- http-outgoing-1 >> Accept-Encoding: gzip, x-gzip, deflate
21:10:22.727 [main] DEBUG com.github.dockerjava.zerodep.shaded.org.apache.hc.client5.http.headers -- http-outgoing-1 >> Host: localhost:2375
21:10:22.727 [main] DEBUG com.github.dockerjava.zerodep.shaded.org.apache.hc.client5.http.headers -- http-outgoing-1 >> Connection: keep-alive
21:10:22.727 [main] DEBUG com.github.dockerjava.zerodep.shaded.org.apache.hc.client5.http.wire -- http-outgoing-1 >> "GET /v1.32/images/sha256:fe3f571d128e8efadcd8b2fde0e2b73ebab6dbec33f6bfe69d98c682c7d8f7bd/json HTTP/1.1[\r][\n]"
21:10:22.727 [main] DEBUG com.github.dockerjava.zerodep.shaded.org.apache.hc.client5.http.wire -- http-outgoing-1 >> "accept: application/json[\r][\n]"
21:10:22.727 [main] DEBUG com.github.dockerjava.zerodep.shaded.org.apache.hc.client5.http.wire -- http-outgoing-1 >> "x-tc-sid: 2a607c29-9f73-4ad7-8e0e-ab764e999503[\r][\n]"
21:10:22.727 [main] DEBUG com.github.dockerjava.zerodep.shaded.org.apache.hc.client5.http.wire -- http-outgoing-1 >> "User-Agent: tc-java/1.19.7[\r][\n]"
21:10:22.727 [main] DEBUG com.github.dockerjava.zerodep.shaded.org.apache.hc.client5.http.wire -- http-outgoing-1 >> "Accept-Encoding: gzip, x-gzip, deflate[\r][\n]"
21:10:22.727 [main] DEBUG com.github.dockerjava.zerodep.shaded.org.apache.hc.client5.http.wire -- http-outgoing-1 >> "Host: localhost:2375[\r][\n]"
21:10:22.727 [main] DEBUG com.github.dockerjava.zerodep.shaded.org.apache.hc.client5.http.wire -- http-outgoing-1 >> "Connection: keep-alive[\r][\n]"
21:10:22.727 [main] DEBUG com.github.dockerjava.zerodep.shaded.org.apache.hc.client5.http.wire -- http-outgoing-1 >> "[\r][\n]"
21:10:22.778 [main] DEBUG com.github.dockerjava.zerodep.shaded.org.apache.hc.client5.http.wire -- http-outgoing-1 << "HTTP/1.1 200 OK[\r][\n]"
21:10:22.778 [main] DEBUG com.github.dockerjava.zerodep.shaded.org.apache.hc.client5.http.wire -- http-outgoing-1 << "Api-Version: 1.47[\r][\n]"
21:10:22.778 [main] DEBUG com.github.dockerjava.zerodep.shaded.org.apache.hc.client5.http.wire -- http-outgoing-1 << "Content-Type: application/json[\r][\n]"
21:10:22.778 [main] DEBUG com.github.dockerjava.zerodep.shaded.org.apache.hc.client5.http.wire -- http-outgoing-1 << "Date: Fri, 09 May 2025 18:10:22 GMT[\r][\n]"
21:10:22.778 [main] DEBUG com.github.dockerjava.zerodep.shaded.org.apache.hc.client5.http.wire -- http-outgoing-1 << "Docker-Experimental: false[\r][\n]"
21:10:22.778 [main] DEBUG com.github.dockerjava.zerodep.shaded.org.apache.hc.client5.http.wire -- http-outgoing-1 << "Ostype: linux[\r][\n]"
21:10:22.778 [main] DEBUG com.github.dockerjava.zerodep.shaded.org.apache.hc.client5.http.wire -- http-outgoing-1 << "Server: Docker/27.3.1 (linux)[\r][\n]"
21:10:22.778 [main] DEBUG com.github.dockerjava.zerodep.shaded.org.apache.hc.client5.http.wire -- http-outgoing-1 << "Transfer-Encoding: chunked[\r][\n]"
21:10:22.778 [main] DEBUG com.github.dockerjava.zerodep.shaded.org.apache.hc.client5.http.wire -- http-outgoing-1 << "[\r][\n]"
21:10:22.779 [main] DEBUG com.github.dockerjava.zerodep.shaded.org.apache.hc.client5.http.headers -- http-outgoing-1 << HTTP/1.1 200 OK
21:10:22.779 [main] DEBUG com.github.dockerjava.zerodep.shaded.org.apache.hc.client5.http.headers -- http-outgoing-1 << Api-Version: 1.47
21:10:22.779 [main] DEBUG com.github.dockerjava.zerodep.shaded.org.apache.hc.client5.http.headers -- http-outgoing-1 << Content-Type: application/json
21:10:22.779 [main] DEBUG com.github.dockerjava.zerodep.shaded.org.apache.hc.client5.http.headers -- http-outgoing-1 << Date: Fri, 09 May 2025 18:10:22 GMT
21:10:22.779 [main] DEBUG com.github.dockerjava.zerodep.shaded.org.apache.hc.client5.http.headers -- http-outgoing-1 << Docker-Experimental: false
21:10:22.779 [main] DEBUG com.github.dockerjava.zerodep.shaded.org.apache.hc.client5.http.headers -- http-outgoing-1 << Ostype: linux
21:10:22.779 [main] DEBUG com.github.dockerjava.zerodep.shaded.org.apache.hc.client5.http.headers -- http-outgoing-1 << Server: Docker/27.3.1 (linux)
21:10:22.779 [main] DEBUG com.github.dockerjava.zerodep.shaded.org.apache.hc.client5.http.headers -- http-outgoing-1 << Transfer-Encoding: chunked
21:10:22.779 [main] DEBUG com.github.dockerjava.zerodep.shaded.org.apache.hc.client5.http.impl.classic.MainClientExec -- ex-0000000F: connection can be kept alive for 3 MINUTES
21:10:22.782 [main] DEBUG com.github.dockerjava.zerodep.shaded.org.apache.hc.client5.http.wire -- http-outgoing-1 << "993[\r][\n]"
21:10:22.782 [main] DEBUG com.github.dockerjava.zerodep.shaded.org.apache.hc.client5.http.wire -- http-outgoing-1 << "{"Id":"sha256:fe3f571d128e8efadcd8b2fde0e2b73ebab6dbec33f6bfe69d98c682c7d8f7bd","RepoTags":["postgres:17"],"RepoDigests":["postgres@sha256:fe3f571d128e8efadcd8b2fde0e2b73ebab6dbec33f6bfe69d98c682c7d8f7bd"],"Parent":"","Comment":"buildkit.dockerfile.v0","Created":"2025-02-27T00:53:12Z","ContainerConfig":{"Hostname":"","Domainname":"","User":"","AttachStdin":false,"AttachStdout":false,"AttachStderr":false,"Tty":false,"OpenStdin":false,"StdinOnce":false,"Env":null,"Cmd":null,"Image":"","Volumes":null,"WorkingDir":"","Entrypoint":null,"OnBuild":null,"Labels":null},"DockerVersion":"27.3.1","Author":"","Config":{"Hostname":"","Domainname":"","User":"","AttachStdin":false,"AttachStdout":false,"AttachStderr":false,"ExposedPorts":{"5432/tcp":{}},"Tty":false,"OpenStdin":false,"StdinOnce":false,"Env":["PATH=/usr/local/sbin:/usr/local/bin:/usr/sbin:/usr/bin:/sbin:/bin:/usr/lib/postgresql/17/bin","GOSU_VERSION=1.17","LANG=en_US.utf8","PG_MAJOR=17","PG_VERSION=17.4-1.pgdg120+2","PGDATA=/var/lib/postgresql/data"],"Cmd":["postgres"],"Image":"","Volumes":{"/var/lib/postgresql/data":{}},"WorkingDir":"","Entrypoint":["docker-entrypoint.sh"],"OnBuild":null,"Labels":null,"StopSignal":"SIGINT"},"Architecture":"amd64","Os":"linux","Size":156311477,"VirtualSize":156311477,"GraphDriver":{"Data":null,"Name":"overlayfs"},"RootFS":{"Type":"layers","Layers":["sha256:ea680fbff095473bb8a6c867938d6d851e11ef0c177fce983ccc83440172bd72","sha256:f176843a935e0975a8f03d07a145284baeeb63e84d2512537a37f3b1d52c3b29","sha256:862238bb2be47e9cb13f3f5240485e4af80514da2a26e1f43357ad643300f64e","sha256:f747a30e880f275c2dabe0fb6605e3704c59ba444ccdb86c066b48b651ab5879","sha256:635fb3176498a1fe063ef2a1885f81f620117cecaad4c22650e82cac4ce25f0a","sha256:6f710ddc9374073d9c983452535bf33f375091151d5e300de999dc671012cbea","sha256:f830447537abea08f3b7a16359e0f9479a5b04d4ab010adb7fb848bf82a93087","sha256:717e08d7d953068aefd48c70eb28d1be5d67f5618c32ceff50eae284de027973","sha256:b4d84475de44b478a164b3fefce0b88ba5b0a434b4f0b86cfe1082d6139f20b5","sha256:0d669016763db2713eeed6a019dccf1aaea2c67320eaf2143c8f56a58df93fbf","sha256:03ab6c80a339f76bfd74c0d29ed9a00cc64f0fa0db4f926c72af63329f632b53","sha256:1da9f465413d16a93996271a5fdcda4789936a2b311f1ae27069bc97cdb48b3c","sha256:b860bbb68b82ba6fd32c06ae465a0c960bb0a5fd075fd99b7e9104fd65d51044","sha256:79f3c1176f8202946d43c84bcda40dd7763b230839815e65b5632148d1a44716"]},"Metadata":{"LastTagTime":"2025-04-12T06:47:12.539878029Z"}}[\n]"
21:10:22.782 [main] DEBUG com.github.dockerjava.zerodep.shaded.org.apache.hc.client5.http.wire -- http-outgoing-1 << "[\r][\n]"
21:10:22.785 [main] DEBUG com.github.dockerjava.zerodep.shaded.org.apache.hc.client5.http.wire -- http-outgoing-1 << "0[\r][\n]"
21:10:22.785 [main] DEBUG com.github.dockerjava.zerodep.shaded.org.apache.hc.client5.http.wire -- http-outgoing-1 << "[\r][\n]"
21:10:22.785 [main] DEBUG com.github.dockerjava.zerodep.shaded.org.apache.hc.client5.http.impl.classic.InternalHttpClient -- ep-0000000E: releasing valid endpoint
21:10:22.785 [main] DEBUG com.github.dockerjava.zerodep.shaded.org.apache.hc.client5.http.impl.io.PoolingHttpClientConnectionManager -- ep-0000000E: releasing endpoint
21:10:22.785 [main] DEBUG com.github.dockerjava.zerodep.shaded.org.apache.hc.client5.http.impl.io.PoolingHttpClientConnectionManager -- ep-0000000E: connection http-outgoing-1 can be kept alive for 3 MINUTES
21:10:22.785 [main] DEBUG com.github.dockerjava.zerodep.shaded.org.apache.hc.client5.http.impl.io.PoolingHttpClientConnectionManager -- ep-0000000E: connection released [route: {}->npipe://localhost:2375][total available: 1; route allocated: 1 of 2147483647; total allocated: 1 of 2147483647]
21:10:22.785 [main] DEBUG org.testcontainers.shaded.com.github.dockerjava.core.command.AbstrDockerCmd -- Cmd: 
21:10:22.786 [main] DEBUG com.github.dockerjava.zerodep.shaded.org.apache.hc.client5.http.impl.classic.InternalHttpClient -- ex-00000010: preparing request execution
21:10:22.786 [main] DEBUG com.github.dockerjava.zerodep.shaded.org.apache.hc.client5.http.protocol.RequestAddCookies -- Cookie spec selected: strict
21:10:22.786 [main] DEBUG com.github.dockerjava.zerodep.shaded.org.apache.hc.client5.http.protocol.RequestAuthCache -- Auth cache not set in the context
21:10:22.786 [main] DEBUG com.github.dockerjava.zerodep.shaded.org.apache.hc.client5.http.impl.classic.ProtocolExec -- ex-00000010: target auth state: UNCHALLENGED
21:10:22.786 [main] DEBUG com.github.dockerjava.zerodep.shaded.org.apache.hc.client5.http.impl.classic.ProtocolExec -- ex-00000010: proxy auth state: UNCHALLENGED
21:10:22.786 [main] DEBUG com.github.dockerjava.zerodep.shaded.org.apache.hc.client5.http.impl.classic.ConnectExec -- ex-00000010: acquiring connection with route {}->npipe://localhost:2375
21:10:22.786 [main] DEBUG com.github.dockerjava.zerodep.shaded.org.apache.hc.client5.http.impl.classic.InternalHttpClient -- ex-00000010: acquiring endpoint (3 MINUTES)
21:10:22.787 [main] DEBUG com.github.dockerjava.zerodep.shaded.org.apache.hc.client5.http.impl.io.PoolingHttpClientConnectionManager -- ex-00000010: endpoint lease request (3 MINUTES) [route: {}->npipe://localhost:2375][total available: 1; route allocated: 1 of 2147483647; total allocated: 1 of 2147483647]
21:10:22.787 [main] DEBUG com.github.dockerjava.zerodep.shaded.org.apache.hc.client5.http.impl.io.PoolingHttpClientConnectionManager -- ex-00000010: endpoint leased [route: {}->npipe://localhost:2375][total available: 0; route allocated: 1 of 2147483647; total allocated: 1 of 2147483647]
21:10:22.787 [main] DEBUG com.github.dockerjava.zerodep.shaded.org.apache.hc.client5.http.impl.io.PoolingHttpClientConnectionManager -- ex-00000010: acquired ep-0000000F
21:10:22.787 [main] DEBUG com.github.dockerjava.zerodep.shaded.org.apache.hc.client5.http.impl.classic.InternalHttpClient -- ex-00000010: acquired endpoint ep-0000000F
21:10:22.787 [main] DEBUG com.github.dockerjava.zerodep.shaded.org.apache.hc.client5.http.impl.classic.MainClientExec -- ex-00000010: executing GET /v1.32/version HTTP/1.1
21:10:22.787 [main] DEBUG com.github.dockerjava.zerodep.shaded.org.apache.hc.client5.http.impl.classic.InternalHttpClient -- ep-0000000F: start execution ex-00000010
21:10:22.787 [main] DEBUG com.github.dockerjava.zerodep.shaded.org.apache.hc.client5.http.impl.io.PoolingHttpClientConnectionManager -- ep-0000000F: executing exchange ex-00000010 over http-outgoing-1
21:10:22.787 [main] DEBUG com.github.dockerjava.zerodep.shaded.org.apache.hc.client5.http.headers -- http-outgoing-1 >> GET /v1.32/version HTTP/1.1
21:10:22.787 [main] DEBUG com.github.dockerjava.zerodep.shaded.org.apache.hc.client5.http.headers -- http-outgoing-1 >> accept: application/json
21:10:22.787 [main] DEBUG com.github.dockerjava.zerodep.shaded.org.apache.hc.client5.http.headers -- http-outgoing-1 >> x-tc-sid: 2a607c29-9f73-4ad7-8e0e-ab764e999503
21:10:22.787 [main] DEBUG com.github.dockerjava.zerodep.shaded.org.apache.hc.client5.http.headers -- http-outgoing-1 >> User-Agent: tc-java/1.19.7
21:10:22.787 [main] DEBUG com.github.dockerjava.zerodep.shaded.org.apache.hc.client5.http.headers -- http-outgoing-1 >> Accept-Encoding: gzip, x-gzip, deflate
21:10:22.787 [main] DEBUG com.github.dockerjava.zerodep.shaded.org.apache.hc.client5.http.headers -- http-outgoing-1 >> Host: localhost:2375
21:10:22.787 [main] DEBUG com.github.dockerjava.zerodep.shaded.org.apache.hc.client5.http.headers -- http-outgoing-1 >> Connection: keep-alive
21:10:22.788 [main] DEBUG com.github.dockerjava.zerodep.shaded.org.apache.hc.client5.http.wire -- http-outgoing-1 >> "GET /v1.32/version HTTP/1.1[\r][\n]"
21:10:22.788 [main] DEBUG com.github.dockerjava.zerodep.shaded.org.apache.hc.client5.http.wire -- http-outgoing-1 >> "accept: application/json[\r][\n]"
21:10:22.788 [main] DEBUG com.github.dockerjava.zerodep.shaded.org.apache.hc.client5.http.wire -- http-outgoing-1 >> "x-tc-sid: 2a607c29-9f73-4ad7-8e0e-ab764e999503[\r][\n]"
21:10:22.788 [main] DEBUG com.github.dockerjava.zerodep.shaded.org.apache.hc.client5.http.wire -- http-outgoing-1 >> "User-Agent: tc-java/1.19.7[\r][\n]"
21:10:22.788 [main] DEBUG com.github.dockerjava.zerodep.shaded.org.apache.hc.client5.http.wire -- http-outgoing-1 >> "Accept-Encoding: gzip, x-gzip, deflate[\r][\n]"
21:10:22.788 [main] DEBUG com.github.dockerjava.zerodep.shaded.org.apache.hc.client5.http.wire -- http-outgoing-1 >> "Host: localhost:2375[\r][\n]"
21:10:22.788 [main] DEBUG com.github.dockerjava.zerodep.shaded.org.apache.hc.client5.http.wire -- http-outgoing-1 >> "Connection: keep-alive[\r][\n]"
21:10:22.788 [main] DEBUG com.github.dockerjava.zerodep.shaded.org.apache.hc.client5.http.wire -- http-outgoing-1 >> "[\r][\n]"
21:10:22.826 [main] DEBUG com.github.dockerjava.zerodep.shaded.org.apache.hc.client5.http.wire -- http-outgoing-1 << "HTTP/1.1 200 OK[\r][\n]"
21:10:22.827 [main] DEBUG com.github.dockerjava.zerodep.shaded.org.apache.hc.client5.http.wire -- http-outgoing-1 << "Api-Version: 1.47[\r][\n]"
21:10:22.827 [main] DEBUG com.github.dockerjava.zerodep.shaded.org.apache.hc.client5.http.wire -- http-outgoing-1 << "Content-Type: application/json[\r][\n]"
21:10:22.827 [main] DEBUG com.github.dockerjava.zerodep.shaded.org.apache.hc.client5.http.wire -- http-outgoing-1 << "Date: Fri, 09 May 2025 18:10:22 GMT[\r][\n]"
21:10:22.827 [main] DEBUG com.github.dockerjava.zerodep.shaded.org.apache.hc.client5.http.wire -- http-outgoing-1 << "Docker-Experimental: false[\r][\n]"
21:10:22.827 [main] DEBUG com.github.dockerjava.zerodep.shaded.org.apache.hc.client5.http.wire -- http-outgoing-1 << "Ostype: linux[\r][\n]"
21:10:22.827 [main] DEBUG com.github.dockerjava.zerodep.shaded.org.apache.hc.client5.http.wire -- http-outgoing-1 << "Server: Docker/27.3.1 (linux)[\r][\n]"
21:10:22.827 [main] DEBUG com.github.dockerjava.zerodep.shaded.org.apache.hc.client5.http.wire -- http-outgoing-1 << "Transfer-Encoding: chunked[\r][\n]"
21:10:22.827 [main] DEBUG com.github.dockerjava.zerodep.shaded.org.apache.hc.client5.http.wire -- http-outgoing-1 << "[\r][\n]"
21:10:22.827 [main] DEBUG com.github.dockerjava.zerodep.shaded.org.apache.hc.client5.http.headers -- http-outgoing-1 << HTTP/1.1 200 OK
21:10:22.827 [main] DEBUG com.github.dockerjava.zerodep.shaded.org.apache.hc.client5.http.headers -- http-outgoing-1 << Api-Version: 1.47
21:10:22.828 [main] DEBUG com.github.dockerjava.zerodep.shaded.org.apache.hc.client5.http.headers -- http-outgoing-1 << Content-Type: application/json
21:10:22.828 [main] DEBUG com.github.dockerjava.zerodep.shaded.org.apache.hc.client5.http.headers -- http-outgoing-1 << Date: Fri, 09 May 2025 18:10:22 GMT
21:10:22.828 [main] DEBUG com.github.dockerjava.zerodep.shaded.org.apache.hc.client5.http.headers -- http-outgoing-1 << Docker-Experimental: false
21:10:22.828 [main] DEBUG com.github.dockerjava.zerodep.shaded.org.apache.hc.client5.http.headers -- http-outgoing-1 << Ostype: linux
21:10:22.828 [main] DEBUG com.github.dockerjava.zerodep.shaded.org.apache.hc.client5.http.headers -- http-outgoing-1 << Server: Docker/27.3.1 (linux)
21:10:22.828 [main] DEBUG com.github.dockerjava.zerodep.shaded.org.apache.hc.client5.http.headers -- http-outgoing-1 << Transfer-Encoding: chunked
21:10:22.828 [main] DEBUG com.github.dockerjava.zerodep.shaded.org.apache.hc.client5.http.impl.classic.MainClientExec -- ex-00000010: connection can be kept alive for 3 MINUTES
21:10:22.829 [main] DEBUG com.github.dockerjava.zerodep.shaded.org.apache.hc.client5.http.wire -- http-outgoing-1 << "35f[\r][\n]"
21:10:22.829 [main] DEBUG com.github.dockerjava.zerodep.shaded.org.apache.hc.client5.http.wire -- http-outgoing-1 << "{"Platform":{"Name":"Docker Desktop 4.36.0 (175267)"},"Components":[{"Name":"Engine","Version":"27.3.1","Details":{"ApiVersion":"1.47","Arch":"amd64","BuildTime":"2024-09-20T11:41:11.000000000+00:00","Experimental":"false","GitCommit":"41ca978","GoVersion":"go1.22.7","KernelVersion":"5.15.167.4-microsoft-standard-WSL2","MinAPIVersion":"1.24","Os":"linux"}},{"Name":"containerd","Version":"1.7.21","Details":{"GitCommit":"472731909fa34bd7bc9c087e4c27943f9835f111"}},{"Name":"runc","Version":"1.1.13","Details":{"GitCommit":"v1.1.13-0-g58aa920"}},{"Name":"docker-init","Version":"0.19.0","Details":{"GitCommit":"de40ad0"}}],"Version":"27.3.1","ApiVersion":"1.47","MinAPIVersion":"1.24","GitCommit":"41ca978","GoVersion":"go1.22.7","Os":"linux","Arch":"amd64","KernelVersion":"5.15.167.4-microsoft-standard-WSL2","BuildTime":"2024-09-20T11:41:11.000000000+00:00"}[\n]"
21:10:22.829 [main] DEBUG com.github.dockerjava.zerodep.shaded.org.apache.hc.client5.http.wire -- http-outgoing-1 << "[\r][\n]"
21:10:22.829 [main] DEBUG com.github.dockerjava.zerodep.shaded.org.apache.hc.client5.http.wire -- http-outgoing-1 << "0[\r][\n]"
21:10:22.829 [main] DEBUG com.github.dockerjava.zerodep.shaded.org.apache.hc.client5.http.wire -- http-outgoing-1 << "[\r][\n]"
21:10:22.830 [main] DEBUG com.github.dockerjava.zerodep.shaded.org.apache.hc.client5.http.impl.classic.InternalHttpClient -- ep-0000000F: releasing valid endpoint
21:10:22.831 [main] DEBUG com.github.dockerjava.zerodep.shaded.org.apache.hc.client5.http.impl.io.PoolingHttpClientConnectionManager -- ep-0000000F: releasing endpoint
21:10:22.831 [main] DEBUG com.github.dockerjava.zerodep.shaded.org.apache.hc.client5.http.impl.io.PoolingHttpClientConnectionManager -- ep-0000000F: connection http-outgoing-1 can be kept alive for 3 MINUTES
21:10:22.831 [main] DEBUG com.github.dockerjava.zerodep.shaded.org.apache.hc.client5.http.impl.io.PoolingHttpClientConnectionManager -- ep-0000000F: connection released [route: {}->npipe://localhost:2375][total available: 1; route allocated: 1 of 2147483647; total allocated: 1 of 2147483647]
21:10:22.837 [docker-java-stream--524294122] DEBUG com.github.dockerjava.zerodep.shaded.org.apache.hc.client5.http.impl.classic.InternalHttpClient -- ex-00000011: preparing request execution
21:10:22.837 [docker-java-stream--524294122] DEBUG com.github.dockerjava.zerodep.shaded.org.apache.hc.client5.http.protocol.RequestAddCookies -- Cookie spec selected: strict
21:10:22.837 [docker-java-stream--524294122] DEBUG com.github.dockerjava.zerodep.shaded.org.apache.hc.client5.http.protocol.RequestAuthCache -- Auth cache not set in the context
21:10:22.837 [docker-java-stream--524294122] DEBUG com.github.dockerjava.zerodep.shaded.org.apache.hc.client5.http.impl.classic.ProtocolExec -- ex-00000011: target auth state: UNCHALLENGED
21:10:22.837 [docker-java-stream--524294122] DEBUG com.github.dockerjava.zerodep.shaded.org.apache.hc.client5.http.impl.classic.ProtocolExec -- ex-00000011: proxy auth state: UNCHALLENGED
21:10:22.837 [docker-java-stream--524294122] DEBUG com.github.dockerjava.zerodep.shaded.org.apache.hc.client5.http.impl.classic.ConnectExec -- ex-00000011: acquiring connection with route {}->npipe://localhost:2375
21:10:22.837 [docker-java-stream--524294122] DEBUG com.github.dockerjava.zerodep.shaded.org.apache.hc.client5.http.impl.classic.InternalHttpClient -- ex-00000011: acquiring endpoint (3 MINUTES)
21:10:22.838 [docker-java-stream--524294122] DEBUG com.github.dockerjava.zerodep.shaded.org.apache.hc.client5.http.impl.io.PoolingHttpClientConnectionManager -- ex-00000011: endpoint lease request (3 MINUTES) [route: {}->npipe://localhost:2375][total available: 1; route allocated: 1 of 2147483647; total allocated: 1 of 2147483647]
21:10:22.838 [docker-java-stream--524294122] DEBUG com.github.dockerjava.zerodep.shaded.org.apache.hc.client5.http.impl.io.PoolingHttpClientConnectionManager -- ex-00000011: endpoint leased [route: {}->npipe://localhost:2375][total available: 0; route allocated: 1 of 2147483647; total allocated: 1 of 2147483647]
21:10:22.838 [docker-java-stream--524294122] DEBUG com.github.dockerjava.zerodep.shaded.org.apache.hc.client5.http.impl.io.PoolingHttpClientConnectionManager -- ex-00000011: acquired ep-00000010
21:10:22.838 [docker-java-stream--524294122] DEBUG com.github.dockerjava.zerodep.shaded.org.apache.hc.client5.http.impl.classic.InternalHttpClient -- ex-00000011: acquired endpoint ep-00000010
21:10:22.838 [docker-java-stream--524294122] DEBUG com.github.dockerjava.zerodep.shaded.org.apache.hc.client5.http.impl.classic.MainClientExec -- ex-00000011: executing GET /v1.32/containers/d3307cf7961f77024347b5e7b26805c5528a1cc660d023821dcaaad4e02d1b9b/logs?stdout=true&stderr=true&follow=true&since=0 HTTP/1.1
21:10:22.838 [docker-java-stream--524294122] DEBUG com.github.dockerjava.zerodep.shaded.org.apache.hc.client5.http.impl.classic.InternalHttpClient -- ep-00000010: start execution ex-00000011
21:10:22.838 [docker-java-stream--524294122] DEBUG com.github.dockerjava.zerodep.shaded.org.apache.hc.client5.http.impl.io.PoolingHttpClientConnectionManager -- ep-00000010: executing exchange ex-00000011 over http-outgoing-1
21:10:22.838 [docker-java-stream--524294122] DEBUG com.github.dockerjava.zerodep.shaded.org.apache.hc.client5.http.headers -- http-outgoing-1 >> GET /v1.32/containers/d3307cf7961f77024347b5e7b26805c5528a1cc660d023821dcaaad4e02d1b9b/logs?stdout=true&stderr=true&follow=true&since=0 HTTP/1.1
21:10:22.838 [docker-java-stream--524294122] DEBUG com.github.dockerjava.zerodep.shaded.org.apache.hc.client5.http.headers -- http-outgoing-1 >> x-tc-sid: 2a607c29-9f73-4ad7-8e0e-ab764e999503
21:10:22.839 [docker-java-stream--524294122] DEBUG com.github.dockerjava.zerodep.shaded.org.apache.hc.client5.http.headers -- http-outgoing-1 >> User-Agent: tc-java/1.19.7
21:10:22.839 [docker-java-stream--524294122] DEBUG com.github.dockerjava.zerodep.shaded.org.apache.hc.client5.http.headers -- http-outgoing-1 >> Accept-Encoding: gzip, x-gzip, deflate
21:10:22.839 [docker-java-stream--524294122] DEBUG com.github.dockerjava.zerodep.shaded.org.apache.hc.client5.http.headers -- http-outgoing-1 >> Host: localhost:2375
21:10:22.839 [docker-java-stream--524294122] DEBUG com.github.dockerjava.zerodep.shaded.org.apache.hc.client5.http.headers -- http-outgoing-1 >> Connection: keep-alive
21:10:22.839 [docker-java-stream--524294122] DEBUG com.github.dockerjava.zerodep.shaded.org.apache.hc.client5.http.wire -- http-outgoing-1 >> "GET /v1.32/containers/d3307cf7961f77024347b5e7b26805c5528a1cc660d023821dcaaad4e02d1b9b/logs?stdout=true&stderr=true&follow=true&since=0 HTTP/1.1[\r][\n]"
21:10:22.839 [docker-java-stream--524294122] DEBUG com.github.dockerjava.zerodep.shaded.org.apache.hc.client5.http.wire -- http-outgoing-1 >> "x-tc-sid: 2a607c29-9f73-4ad7-8e0e-ab764e999503[\r][\n]"
21:10:22.839 [docker-java-stream--524294122] DEBUG com.github.dockerjava.zerodep.shaded.org.apache.hc.client5.http.wire -- http-outgoing-1 >> "User-Agent: tc-java/1.19.7[\r][\n]"
21:10:22.839 [docker-java-stream--524294122] DEBUG com.github.dockerjava.zerodep.shaded.org.apache.hc.client5.http.wire -- http-outgoing-1 >> "Accept-Encoding: gzip, x-gzip, deflate[\r][\n]"
21:10:22.839 [docker-java-stream--524294122] DEBUG com.github.dockerjava.zerodep.shaded.org.apache.hc.client5.http.wire -- http-outgoing-1 >> "Host: localhost:2375[\r][\n]"
21:10:22.839 [docker-java-stream--524294122] DEBUG com.github.dockerjava.zerodep.shaded.org.apache.hc.client5.http.wire -- http-outgoing-1 >> "Connection: keep-alive[\r][\n]"
21:10:22.839 [docker-java-stream--524294122] DEBUG com.github.dockerjava.zerodep.shaded.org.apache.hc.client5.http.wire -- http-outgoing-1 >> "[\r][\n]"
21:10:22.845 [docker-java-stream--524294122] DEBUG com.github.dockerjava.zerodep.shaded.org.apache.hc.client5.http.wire -- http-outgoing-1 << "HTTP/1.1 200 OK[\r][\n]"
21:10:22.846 [docker-java-stream--524294122] DEBUG com.github.dockerjava.zerodep.shaded.org.apache.hc.client5.http.wire -- http-outgoing-1 << "Api-Version: 1.47[\r][\n]"
21:10:22.846 [docker-java-stream--524294122] DEBUG com.github.dockerjava.zerodep.shaded.org.apache.hc.client5.http.wire -- http-outgoing-1 << "Content-Type: application/vnd.docker.raw-stream[\r][\n]"
21:10:22.846 [docker-java-stream--524294122] DEBUG com.github.dockerjava.zerodep.shaded.org.apache.hc.client5.http.wire -- http-outgoing-1 << "Date: Fri, 09 May 2025 18:10:22 GMT[\r][\n]"
21:10:22.846 [docker-java-stream--524294122] DEBUG com.github.dockerjava.zerodep.shaded.org.apache.hc.client5.http.wire -- http-outgoing-1 << "Docker-Experimental: false[\r][\n]"
21:10:22.846 [docker-java-stream--524294122] DEBUG com.github.dockerjava.zerodep.shaded.org.apache.hc.client5.http.wire -- http-outgoing-1 << "Ostype: linux[\r][\n]"
21:10:22.846 [docker-java-stream--524294122] DEBUG com.github.dockerjava.zerodep.shaded.org.apache.hc.client5.http.wire -- http-outgoing-1 << "Server: Docker/27.3.1 (linux)[\r][\n]"
21:10:22.846 [docker-java-stream--524294122] DEBUG com.github.dockerjava.zerodep.shaded.org.apache.hc.client5.http.wire -- http-outgoing-1 << "Transfer-Encoding: chunked[\r][\n]"
21:10:22.846 [docker-java-stream--524294122] DEBUG com.github.dockerjava.zerodep.shaded.org.apache.hc.client5.http.wire -- http-outgoing-1 << "[\r][\n]"
21:10:22.846 [docker-java-stream--524294122] DEBUG com.github.dockerjava.zerodep.shaded.org.apache.hc.client5.http.headers -- http-outgoing-1 << HTTP/1.1 200 OK
21:10:22.846 [docker-java-stream--524294122] DEBUG com.github.dockerjava.zerodep.shaded.org.apache.hc.client5.http.headers -- http-outgoing-1 << Api-Version: 1.47
21:10:22.846 [docker-java-stream--524294122] DEBUG com.github.dockerjava.zerodep.shaded.org.apache.hc.client5.http.headers -- http-outgoing-1 << Content-Type: application/vnd.docker.raw-stream
21:10:22.846 [docker-java-stream--524294122] DEBUG com.github.dockerjava.zerodep.shaded.org.apache.hc.client5.http.headers -- http-outgoing-1 << Date: Fri, 09 May 2025 18:10:22 GMT
21:10:22.846 [docker-java-stream--524294122] DEBUG com.github.dockerjava.zerodep.shaded.org.apache.hc.client5.http.headers -- http-outgoing-1 << Docker-Experimental: false
21:10:22.846 [docker-java-stream--524294122] DEBUG com.github.dockerjava.zerodep.shaded.org.apache.hc.client5.http.headers -- http-outgoing-1 << Ostype: linux
21:10:22.846 [docker-java-stream--524294122] DEBUG com.github.dockerjava.zerodep.shaded.org.apache.hc.client5.http.headers -- http-outgoing-1 << Server: Docker/27.3.1 (linux)
21:10:22.846 [docker-java-stream--524294122] DEBUG com.github.dockerjava.zerodep.shaded.org.apache.hc.client5.http.headers -- http-outgoing-1 << Transfer-Encoding: chunked
21:10:22.846 [docker-java-stream--524294122] DEBUG com.github.dockerjava.zerodep.shaded.org.apache.hc.client5.http.impl.classic.MainClientExec -- ex-00000011: connection can be kept alive for 3 MINUTES
21:10:23.470 [docker-java-stream--524294122] DEBUG com.github.dockerjava.zerodep.shaded.org.apache.hc.client5.http.wire -- http-outgoing-1 << "93[\r][\n]"
21:10:23.470 [docker-java-stream--524294122] DEBUG com.github.dockerjava.zerodep.shaded.org.apache.hc.client5.http.wire -- http-outgoing-1 << "[0x1][0x0][0x0][0x0][0x0][0x0][0x0]NThe files belonging to this database system will be owned by user "postgres".[\n]"
21:10:23.470 [docker-java-stream--524294122] DEBUG com.github.dockerjava.zerodep.shaded.org.apache.hc.client5.http.wire -- http-outgoing-1 << "[0x1][0x0][0x0][0x0][0x0][0x0][0x0],This user must also own the server process.[\n]"
21:10:23.470 [docker-java-stream--524294122] DEBUG com.github.dockerjava.zerodep.shaded.org.apache.hc.client5.http.wire -- http-outgoing-1 << "[0x1][0x0][0x0][0x0][0x0][0x0][0x0][0x1][\n]"
21:10:23.470 [docker-java-stream--524294122] DEBUG com.github.dockerjava.zerodep.shaded.org.apache.hc.client5.http.wire -- http-outgoing-1 << "[\r][\n]"
21:10:23.470 [main] DEBUG org.testcontainers.containers.output.WaitingConsumer -- STDOUT: The files belonging to this database system will be owned by user "postgres".
21:10:23.471 [main] DEBUG org.testcontainers.containers.output.WaitingConsumer -- STDOUT: 
21:10:23.471 [main] DEBUG org.testcontainers.containers.output.WaitingConsumer -- STDOUT: This user must also own the server process.
21:10:23.479 [docker-java-stream--524294122] DEBUG com.github.dockerjava.zerodep.shaded.org.apache.hc.client5.http.wire -- http-outgoing-1 << "16a[\r][\n]"
21:10:23.479 [docker-java-stream--524294122] DEBUG com.github.dockerjava.zerodep.shaded.org.apache.hc.client5.http.wire -- http-outgoing-1 << "[0x1][0x0][0x0][0x0][0x0][0x0][0x0]CThe database cluster will be initialized with locale "en_US.utf8".[\n]"
21:10:23.479 [docker-java-stream--524294122] DEBUG com.github.dockerjava.zerodep.shaded.org.apache.hc.client5.http.wire -- http-outgoing-1 << "[0x1][0x0][0x0][0x0][0x0][0x0][0x0]BThe default database encoding has accordingly been set to "UTF8".[\n]"
21:10:23.479 [docker-java-stream--524294122] DEBUG com.github.dockerjava.zerodep.shaded.org.apache.hc.client5.http.wire -- http-outgoing-1 << "[0x1][0x0][0x0][0x0][0x0][0x0][0x0]@The default text search configuration will be set to "english".[\n]"
21:10:23.479 [docker-java-stream--524294122] DEBUG com.github.dockerjava.zerodep.shaded.org.apache.hc.client5.http.wire -- http-outgoing-1 << "[0x1][0x0][0x0][0x0][0x0][0x0][0x0][0x1][\n]"
21:10:23.479 [docker-java-stream--524294122] DEBUG com.github.dockerjava.zerodep.shaded.org.apache.hc.client5.http.wire -- http-outgoing-1 << "[0x1][0x0][0x0][0x0][0x0][0x0][0x0]"Data page checksums are disabled.[\n]"
21:10:23.479 [docker-java-stream--524294122] DEBUG com.github.dockerjava.zerodep.shaded.org.apache.hc.client5.http.wire -- http-outgoing-1 << "[0x1][0x0][0x0][0x0][0x0][0x0][0x0][0x1][\n]"
21:10:23.479 [docker-java-stream--524294122] DEBUG com.github.dockerjava.zerodep.shaded.org.apache.hc.client5.http.wire -- http-outgoing-1 << "[0x1][0x0][0x0][0x0][0x0][0x0][0x0]Ifixing permissions on existing directory /var/lib/postgresql/data ... ok[\n]"
21:10:23.479 [docker-java-stream--524294122] DEBUG com.github.dockerjava.zerodep.shaded.org.apache.hc.client5.http.wire -- http-outgoing-1 << "[\r][\n]"
21:10:23.498 [main] DEBUG org.testcontainers.containers.output.WaitingConsumer -- STDOUT: fixing permissions on existing directory /var/lib/postgresql/data ... ok
21:10:23.501 [main] DEBUG org.testcontainers.containers.output.WaitingConsumer -- STDOUT: 
21:10:23.502 [main] DEBUG org.testcontainers.containers.output.WaitingConsumer -- STDOUT: Data page checksums are disabled.
21:10:23.503 [main] DEBUG org.testcontainers.containers.output.WaitingConsumer -- STDOUT: 
21:10:23.503 [main] DEBUG org.testcontainers.containers.output.WaitingConsumer -- STDOUT: The default text search configuration will be set to "english".
21:10:23.503 [main] DEBUG org.testcontainers.containers.output.WaitingConsumer -- STDOUT: The default database encoding has accordingly been set to "UTF8".
21:10:23.503 [main] DEBUG org.testcontainers.containers.output.WaitingConsumer -- STDOUT: The database cluster will be initialized with locale "en_US.utf8".
21:10:23.533 [docker-java-stream--524294122] DEBUG com.github.dockerjava.zerodep.shaded.org.apache.hc.client5.http.wire -- http-outgoing-1 << "68[\r][\n]"
21:10:23.533 [docker-java-stream--524294122] DEBUG com.github.dockerjava.zerodep.shaded.org.apache.hc.client5.http.wire -- http-outgoing-1 << "[0x1][0x0][0x0][0x0][0x0][0x0][0x0][0x1f]creating subdirectories ... ok[\n]"
21:10:23.533 [docker-java-stream--524294122] DEBUG com.github.dockerjava.zerodep.shaded.org.apache.hc.client5.http.wire -- http-outgoing-1 << "[0x1][0x0][0x0][0x0][0x0][0x0][0x0]9selecting dynamic shared memory implementation ... posix[\n]"
21:10:23.533 [docker-java-stream--524294122] DEBUG com.github.dockerjava.zerodep.shaded.org.apache.hc.client5.http.wire -- http-outgoing-1 << "[\r][\n]"
21:10:23.535 [main] DEBUG org.testcontainers.containers.output.WaitingConsumer -- STDOUT: selecting dynamic shared memory implementation ... posix
21:10:23.536 [main] DEBUG org.testcontainers.containers.output.WaitingConsumer -- STDOUT: creating subdirectories ... ok
21:10:23.613 [docker-java-stream--524294122] DEBUG com.github.dockerjava.zerodep.shaded.org.apache.hc.client5.http.wire -- http-outgoing-1 << "34[\r][\n]"
21:10:23.613 [docker-java-stream--524294122] DEBUG com.github.dockerjava.zerodep.shaded.org.apache.hc.client5.http.wire -- http-outgoing-1 << "[0x1][0x0][0x0][0x0][0x0][0x0][0x0],selecting default "max_connections" ... 100[\n]"
21:10:23.613 [docker-java-stream--524294122] DEBUG com.github.dockerjava.zerodep.shaded.org.apache.hc.client5.http.wire -- http-outgoing-1 << "[\r][\n]"
21:10:23.613 [main] DEBUG org.testcontainers.containers.output.WaitingConsumer -- STDOUT: selecting default "max_connections" ... 100
21:10:23.672 [docker-java-stream--524294122] DEBUG com.github.dockerjava.zerodep.shaded.org.apache.hc.client5.http.wire -- http-outgoing-1 << "35[\r][\n]"
21:10:23.672 [docker-java-stream--524294122] DEBUG com.github.dockerjava.zerodep.shaded.org.apache.hc.client5.http.wire -- http-outgoing-1 << "[0x1][0x0][0x0][0x0][0x0][0x0][0x0]-selecting default "shared_buffers" ... 128MB[\n]"
21:10:23.672 [docker-java-stream--524294122] DEBUG com.github.dockerjava.zerodep.shaded.org.apache.hc.client5.http.wire -- http-outgoing-1 << "[\r][\n]"
21:10:23.672 [main] DEBUG org.testcontainers.containers.output.WaitingConsumer -- STDOUT: selecting default "shared_buffers" ... 128MB
21:10:23.752 [docker-java-stream--524294122] DEBUG com.github.dockerjava.zerodep.shaded.org.apache.hc.client5.http.wire -- http-outgoing-1 << "30[\r][\n]"
21:10:23.752 [docker-java-stream--524294122] DEBUG com.github.dockerjava.zerodep.shaded.org.apache.hc.client5.http.wire -- http-outgoing-1 << "[0x1][0x0][0x0][0x0][0x0][0x0][0x0](selecting default time zone ... Etc/UTC[\n]"
21:10:23.752 [docker-java-stream--524294122] DEBUG com.github.dockerjava.zerodep.shaded.org.apache.hc.client5.http.wire -- http-outgoing-1 << "[\r][\n]"
21:10:23.753 [main] DEBUG org.testcontainers.containers.output.WaitingConsumer -- STDOUT: selecting default time zone ... Etc/UTC
21:10:23.759 [docker-java-stream--524294122] DEBUG com.github.dockerjava.zerodep.shaded.org.apache.hc.client5.http.wire -- http-outgoing-1 << "2c[\r][\n]"
21:10:23.760 [docker-java-stream--524294122] DEBUG com.github.dockerjava.zerodep.shaded.org.apache.hc.client5.http.wire -- http-outgoing-1 << "[0x1][0x0][0x0][0x0][0x0][0x0][0x0]$creating configuration files ... ok[\n]"
21:10:23.760 [docker-java-stream--524294122] DEBUG com.github.dockerjava.zerodep.shaded.org.apache.hc.client5.http.wire -- http-outgoing-1 << "[\r][\n]"
21:10:23.771 [main] DEBUG org.testcontainers.containers.output.WaitingConsumer -- STDOUT: creating configuration files ... ok
21:10:25.330 [docker-java-stream--524294122] DEBUG com.github.dockerjava.zerodep.shaded.org.apache.hc.client5.http.wire -- http-outgoing-1 << "28[\r][\n]"
21:10:25.331 [docker-java-stream--524294122] DEBUG com.github.dockerjava.zerodep.shaded.org.apache.hc.client5.http.wire -- http-outgoing-1 << "[0x1][0x0][0x0][0x0][0x0][0x0][0x0] running bootstrap script ... ok[\n]"
21:10:25.331 [docker-java-stream--524294122] DEBUG com.github.dockerjava.zerodep.shaded.org.apache.hc.client5.http.wire -- http-outgoing-1 << "[\r][\n]"
21:10:25.332 [main] DEBUG org.testcontainers.containers.output.WaitingConsumer -- STDOUT: running bootstrap script ... ok
21:10:26.778 [docker-java-stream--524294122] DEBUG com.github.dockerjava.zerodep.shaded.org.apache.hc.client5.http.wire -- http-outgoing-1 << "38[\r][\n]"
21:10:26.779 [docker-java-stream--524294122] DEBUG com.github.dockerjava.zerodep.shaded.org.apache.hc.client5.http.wire -- http-outgoing-1 << "[0x1][0x0][0x0][0x0][0x0][0x0][0x0]0performing post-bootstrap initialization ... ok[\n]"
21:10:26.779 [docker-java-stream--524294122] DEBUG com.github.dockerjava.zerodep.shaded.org.apache.hc.client5.http.wire -- http-outgoing-1 << "[\r][\n]"
21:10:26.779 [main] DEBUG org.testcontainers.containers.output.WaitingConsumer -- STDOUT: performing post-bootstrap initialization ... ok
21:10:27.285 [docker-java-stream--524294122] DEBUG com.github.dockerjava.zerodep.shaded.org.apache.hc.client5.http.wire -- http-outgoing-1 << "1ad[\r][\n]"
21:10:27.285 [docker-java-stream--524294122] DEBUG com.github.dockerjava.zerodep.shaded.org.apache.hc.client5.http.wire -- http-outgoing-1 << "[0x2][0x0][0x0][0x0][0x0][0x0][0x0]Ginitdb: warning: enabling "trust" authentication for local connections[\n]"
21:10:27.285 [docker-java-stream--524294122] DEBUG com.github.dockerjava.zerodep.shaded.org.apache.hc.client5.http.wire -- http-outgoing-1 << "[0x2][0x0][0x0][0x0][0x0][0x0][0x0][0xffffff90]initdb: hint: You can change this by editing pg_hba.conf or using the option -A, or --auth-local and --auth-host, the next time you run initdb.[\n]"
21:10:27.285 [docker-java-stream--524294122] DEBUG com.github.dockerjava.zerodep.shaded.org.apache.hc.client5.http.wire -- http-outgoing-1 << "[0x1][0x0][0x0][0x0][0x0][0x0][0x0][0x1c]syncing data to disk ... ok[\n]"
21:10:27.285 [docker-java-stream--524294122] DEBUG com.github.dockerjava.zerodep.shaded.org.apache.hc.client5.http.wire -- http-outgoing-1 << "[0x1][0x0][0x0][0x0][0x0][0x0][0x0][0x1][\n]"
21:10:27.285 [docker-java-stream--524294122] DEBUG com.github.dockerjava.zerodep.shaded.org.apache.hc.client5.http.wire -- http-outgoing-1 << "[0x1][0x0][0x0][0x0][0x0][0x0][0x0][0x1][\n]"
21:10:27.285 [docker-java-stream--524294122] DEBUG com.github.dockerjava.zerodep.shaded.org.apache.hc.client5.http.wire -- http-outgoing-1 << "[0x1][0x0][0x0][0x0][0x0][0x0][0x0]6Success. You can now start the database server using:[\n]"
21:10:27.286 [docker-java-stream--524294122] DEBUG com.github.dockerjava.zerodep.shaded.org.apache.hc.client5.http.wire -- http-outgoing-1 << "[0x1][0x0][0x0][0x0][0x0][0x0][0x0][0x1][\n]"
21:10:27.286 [docker-java-stream--524294122] DEBUG com.github.dockerjava.zerodep.shaded.org.apache.hc.client5.http.wire -- http-outgoing-1 << "[0x1][0x0][0x0][0x0][0x0][0x0][0x0]8    pg_ctl -D /var/lib/postgresql/data -l logfile start[\n]"
21:10:27.286 [docker-java-stream--524294122] DEBUG com.github.dockerjava.zerodep.shaded.org.apache.hc.client5.http.wire -- http-outgoing-1 << "[0x1][0x0][0x0][0x0][0x0][0x0][0x0][0x1][\n]"
21:10:27.286 [docker-java-stream--524294122] DEBUG com.github.dockerjava.zerodep.shaded.org.apache.hc.client5.http.wire -- http-outgoing-1 << "[\r][\n]"
21:10:27.294 [main] DEBUG org.testcontainers.containers.output.WaitingConsumer -- STDOUT: 
21:10:27.294 [main] DEBUG org.testcontainers.containers.output.WaitingConsumer -- STDOUT:     pg_ctl -D /var/lib/postgresql/data -l logfile start
21:10:27.294 [main] DEBUG org.testcontainers.containers.output.WaitingConsumer -- STDOUT: 
21:10:27.294 [main] DEBUG org.testcontainers.containers.output.WaitingConsumer -- STDOUT: Success. You can now start the database server using:
21:10:27.294 [main] DEBUG org.testcontainers.containers.output.WaitingConsumer -- STDOUT: 
21:10:27.294 [main] DEBUG org.testcontainers.containers.output.WaitingConsumer -- STDOUT: 
21:10:27.294 [main] DEBUG org.testcontainers.containers.output.WaitingConsumer -- STDOUT: syncing data to disk ... ok
21:10:27.294 [main] DEBUG org.testcontainers.containers.output.WaitingConsumer -- STDERR: initdb: hint: You can change this by editing pg_hba.conf or using the option -A, or --auth-local and --auth-host, the next time you run initdb.
21:10:27.295 [main] DEBUG org.testcontainers.containers.output.WaitingConsumer -- STDERR: initdb: warning: enabling "trust" authentication for local connections
21:10:27.344 [docker-java-stream--524294122] DEBUG com.github.dockerjava.zerodep.shaded.org.apache.hc.client5.http.wire -- http-outgoing-1 << "137[\r][\n]"
21:10:27.344 [docker-java-stream--524294122] DEBUG com.github.dockerjava.zerodep.shaded.org.apache.hc.client5.http.wire -- http-outgoing-1 << "[0x1][0x0][0x0][0x0][0x0][0x0][0x0][0xffffffc3]waiting for server to start....2025-05-09 18:10:27.274 UTC [49] LOG:  starting PostgreSQL 17.4 (Debian 17.4-1.pgdg120+2) on x86_64-pc-linux-gnu, compiled by gcc (Debian 12.2.0-14) 12.2.0, 64-bit[\n]"
21:10:27.344 [docker-java-stream--524294122] DEBUG com.github.dockerjava.zerodep.shaded.org.apache.hc.client5.http.wire -- http-outgoing-1 << "[0x1][0x0][0x0][0x0][0x0][0x0][0x0]d2025-05-09 18:10:27.275 UTC [49] LOG:  listening on Unix socket "/var/run/postgresql/.s.PGSQL.5432"[\n]"
21:10:27.344 [docker-java-stream--524294122] DEBUG com.github.dockerjava.zerodep.shaded.org.apache.hc.client5.http.wire -- http-outgoing-1 << "[\r][\n]"
21:10:27.345 [main] DEBUG org.testcontainers.containers.output.WaitingConsumer -- STDOUT: waiting for server to start....2025-05-09 18:10:27.274 UTC [49] LOG:  starting PostgreSQL 17.4 (Debian 17.4-1.pgdg120+2) on x86_64-pc-linux-gnu, compiled by gcc (Debian 12.2.0-14) 12.2.0, 64-bit
21:10:27.345 [main] DEBUG org.testcontainers.containers.output.WaitingConsumer -- STDOUT: 2025-05-09 18:10:27.275 UTC [49] LOG:  listening on Unix socket "/var/run/postgresql/.s.PGSQL.5432"
21:10:27.346 [docker-java-stream--524294122] DEBUG com.github.dockerjava.zerodep.shaded.org.apache.hc.client5.http.wire -- http-outgoing-1 << "68[\r][\n]"
21:10:27.346 [docker-java-stream--524294122] DEBUG com.github.dockerjava.zerodep.shaded.org.apache.hc.client5.http.wire -- http-outgoing-1 << "[0x1][0x0][0x0][0x0][0x0][0x0][0x0]`2025-05-09 18:10:27.277 UTC [52] LOG:  database system was shut down at 2025-05-09 18:10:26 UTC[\n]"
21:10:27.346 [docker-java-stream--524294122] DEBUG com.github.dockerjava.zerodep.shaded.org.apache.hc.client5.http.wire -- http-outgoing-1 << "[\r][\n]"
21:10:27.351 [docker-java-stream--524294122] DEBUG com.github.dockerjava.zerodep.shaded.org.apache.hc.client5.http.wire -- http-outgoing-1 << "5e[\r][\n]"
21:10:27.351 [docker-java-stream--524294122] DEBUG com.github.dockerjava.zerodep.shaded.org.apache.hc.client5.http.wire -- http-outgoing-1 << "[0x1][0x0][0x0][0x0][0x0][0x0][0x0]V2025-05-09 18:10:27.281 UTC [49] LOG:  database system is ready to accept connections[\n]"
21:10:27.351 [docker-java-stream--524294122] DEBUG com.github.dockerjava.zerodep.shaded.org.apache.hc.client5.http.wire -- http-outgoing-1 << "[\r][\n]"
21:10:27.355 [main] DEBUG org.testcontainers.containers.output.WaitingConsumer -- STDOUT: 2025-05-09 18:10:27.281 UTC [49] LOG:  database system is ready to accept connections
21:10:27.355 [main] DEBUG org.testcontainers.containers.output.WaitingConsumer -- STDOUT: 2025-05-09 18:10:27.277 UTC [52] LOG:  database system was shut down at 2025-05-09 18:10:26 UTC
21:10:27.424 [docker-java-stream--524294122] DEBUG com.github.dockerjava.zerodep.shaded.org.apache.hc.client5.http.wire -- http-outgoing-1 << "25[\r][\n]"
21:10:27.425 [docker-java-stream--524294122] DEBUG com.github.dockerjava.zerodep.shaded.org.apache.hc.client5.http.wire -- http-outgoing-1 << "[0x1][0x0][0x0][0x0][0x0][0x0][0x0][0x6] done[\n]"
21:10:27.425 [docker-java-stream--524294122] DEBUG com.github.dockerjava.zerodep.shaded.org.apache.hc.client5.http.wire -- http-outgoing-1 << "[0x1][0x0][0x0][0x0][0x0][0x0][0x0][0xf]server started[\n]"
21:10:27.425 [docker-java-stream--524294122] DEBUG com.github.dockerjava.zerodep.shaded.org.apache.hc.client5.http.wire -- http-outgoing-1 << "[\r][\n]"
21:10:27.425 [main] DEBUG org.testcontainers.containers.output.WaitingConsumer -- STDOUT:  done
21:10:27.425 [main] DEBUG org.testcontainers.containers.output.WaitingConsumer -- STDOUT: server started
21:10:27.615 [docker-java-stream--524294122] DEBUG com.github.dockerjava.zerodep.shaded.org.apache.hc.client5.http.wire -- http-outgoing-1 << "18[\r][\n]"
21:10:27.615 [docker-java-stream--524294122] DEBUG com.github.dockerjava.zerodep.shaded.org.apache.hc.client5.http.wire -- http-outgoing-1 << "[0x1][0x0][0x0][0x0][0x0][0x0][0x0][0x10]CREATE DATABASE[\n]"
21:10:27.615 [docker-java-stream--524294122] DEBUG com.github.dockerjava.zerodep.shaded.org.apache.hc.client5.http.wire -- http-outgoing-1 << "[\r][\n]"
21:10:27.615 [main] DEBUG org.testcontainers.containers.output.WaitingConsumer -- STDOUT: CREATE DATABASE
21:10:27.615 [docker-java-stream--524294122] DEBUG com.github.dockerjava.zerodep.shaded.org.apache.hc.client5.http.wire -- http-outgoing-1 << "6f[\r][\n]"
21:10:27.616 [docker-java-stream--524294122] DEBUG com.github.dockerjava.zerodep.shaded.org.apache.hc.client5.http.wire -- http-outgoing-1 << "[0x1][0x0][0x0][0x0][0x0][0x0][0x0][0x1][\n]"
21:10:27.616 [docker-java-stream--524294122] DEBUG com.github.dockerjava.zerodep.shaded.org.apache.hc.client5.http.wire -- http-outgoing-1 << "[0x1][0x0][0x0][0x0][0x0][0x0][0x0][0x1][\n]"
21:10:27.616 [docker-java-stream--524294122] DEBUG com.github.dockerjava.zerodep.shaded.org.apache.hc.client5.http.wire -- http-outgoing-1 << "[0x1][0x0][0x0][0x0][0x0][0x0][0x0]L/usr/local/bin/docker-entrypoint.sh: ignoring /docker-entrypoint-initdb.d/*[\n]"
21:10:27.616 [docker-java-stream--524294122] DEBUG com.github.dockerjava.zerodep.shaded.org.apache.hc.client5.http.wire -- http-outgoing-1 << "[0x1][0x0][0x0][0x0][0x0][0x0][0x0][0x1][\n]"
21:10:27.616 [docker-java-stream--524294122] DEBUG com.github.dockerjava.zerodep.shaded.org.apache.hc.client5.http.wire -- http-outgoing-1 << "[\r][\n]"
21:10:27.617 [docker-java-stream--524294122] DEBUG com.github.dockerjava.zerodep.shaded.org.apache.hc.client5.http.wire -- http-outgoing-1 << "c1[\r][\n]"
21:10:27.617 [docker-java-stream--524294122] DEBUG com.github.dockerjava.zerodep.shaded.org.apache.hc.client5.http.wire -- http-outgoing-1 << "[0x1][0x0][0x0][0x0][0x0][0x0][0x0]iwaiting for server to shut down....2025-05-09 18:10:27.545 UTC [49] LOG:  received fast shutdown request[\n]"
21:10:27.617 [docker-java-stream--524294122] DEBUG com.github.dockerjava.zerodep.shaded.org.apache.hc.client5.http.wire -- http-outgoing-1 << "[0x1][0x0][0x0][0x0][0x0][0x0][0x0]H2025-05-09 18:10:27.545 UTC [49] LOG:  aborting any active transactions[\n]"
21:10:27.617 [docker-java-stream--524294122] DEBUG com.github.dockerjava.zerodep.shaded.org.apache.hc.client5.http.wire -- http-outgoing-1 << "[\r][\n]"
21:10:27.620 [docker-java-stream--524294122] DEBUG com.github.dockerjava.zerodep.shaded.org.apache.hc.client5.http.wire -- http-outgoing-1 << "115[\r][\n]"
21:10:27.620 [docker-java-stream--524294122] DEBUG com.github.dockerjava.zerodep.shaded.org.apache.hc.client5.http.wire -- http-outgoing-1 << "[0x1][0x0][0x0][0x0][0x0][0x0][0x0]y2025-05-09 18:10:27.548 UTC [49] LOG:  background worker "logical replication launcher" (PID 55) exited with exit code 1[\n]"
21:10:27.620 [docker-java-stream--524294122] DEBUG com.github.dockerjava.zerodep.shaded.org.apache.hc.client5.http.wire -- http-outgoing-1 << "[0x1][0x0][0x0][0x0][0x0][0x0][0x0]52025-05-09 18:10:27.548 UTC [50] LOG:  shutting down[\n]"
21:10:27.620 [docker-java-stream--524294122] DEBUG com.github.dockerjava.zerodep.shaded.org.apache.hc.client5.http.wire -- http-outgoing-1 << "[0x1][0x0][0x0][0x0][0x0][0x0][0x0]O2025-05-09 18:10:27.548 UTC [50] LOG:  checkpoint starting: shutdown immediate[\n]"
21:10:27.620 [docker-java-stream--524294122] DEBUG com.github.dockerjava.zerodep.shaded.org.apache.hc.client5.http.wire -- http-outgoing-1 << "[\r][\n]"
21:10:27.629 [docker-java-stream--524294122] DEBUG com.github.dockerjava.zerodep.shaded.org.apache.hc.client5.http.wire -- http-outgoing-1 << "12c[\r][\n]"
21:10:27.629 [docker-java-stream--524294122] DEBUG com.github.dockerjava.zerodep.shaded.org.apache.hc.client5.http.wire -- http-outgoing-1 << "[0x1][0x0][0x0][0x0][0x0][0x0][0x1]$2025-05-09 18:10:27.556 UTC [50] LOG:  checkpoint complete: wrote 921 buffers (5.6%); 0 WAL file(s) added, 0 removed, 0 recycled; write=0.008 s, sync=0.001 s, total=0.008 s; sync files=0, longest=0.000 s, average=0.000 s; distance=4238 kB, estimate=4238 kB; lsn=0/1908978, redo lsn=0/1908978[\n]"
21:10:27.629 [docker-java-stream--524294122] DEBUG com.github.dockerjava.zerodep.shaded.org.apache.hc.client5.http.wire -- http-outgoing-1 << "[\r][\n]"
21:10:27.631 [main] DEBUG org.testcontainers.containers.output.WaitingConsumer -- STDOUT: 2025-05-09 18:10:27.556 UTC [50] LOG:  checkpoint complete: wrote 921 buffers (5.6%); 0 WAL file(s) added, 0 removed, 0 recycled; write=0.008 s, sync=0.001 s, total=0.008 s; sync files=0, longest=0.000 s, average=0.000 s; distance=4238 kB, estimate=4238 kB; lsn=0/1908978, redo lsn=0/1908978
21:10:27.631 [main] DEBUG org.testcontainers.containers.output.WaitingConsumer -- STDOUT: 2025-05-09 18:10:27.548 UTC [50] LOG:  checkpoint starting: shutdown immediate
21:10:27.631 [main] DEBUG org.testcontainers.containers.output.WaitingConsumer -- STDOUT: 2025-05-09 18:10:27.548 UTC [50] LOG:  shutting down
21:10:27.631 [main] DEBUG org.testcontainers.containers.output.WaitingConsumer -- STDOUT: 2025-05-09 18:10:27.548 UTC [49] LOG:  background worker "logical replication launcher" (PID 55) exited with exit code 1
21:10:27.631 [main] DEBUG org.testcontainers.containers.output.WaitingConsumer -- STDOUT: 2025-05-09 18:10:27.545 UTC [49] LOG:  aborting any active transactions
21:10:27.631 [main] DEBUG org.testcontainers.containers.output.WaitingConsumer -- STDOUT: waiting for server to shut down....2025-05-09 18:10:27.545 UTC [49] LOG:  received fast shutdown request
21:10:27.631 [main] DEBUG org.testcontainers.containers.output.WaitingConsumer -- STDOUT: 
21:10:27.631 [main] DEBUG org.testcontainers.containers.output.WaitingConsumer -- STDOUT: /usr/local/bin/docker-entrypoint.sh: ignoring /docker-entrypoint-initdb.d/*
21:10:27.632 [main] DEBUG org.testcontainers.containers.output.WaitingConsumer -- STDOUT: 
21:10:27.632 [main] DEBUG org.testcontainers.containers.output.WaitingConsumer -- STDOUT: 
21:10:27.637 [docker-java-stream--524294122] DEBUG com.github.dockerjava.zerodep.shaded.org.apache.hc.client5.http.wire -- http-outgoing-1 << "4c[\r][\n]"
21:10:27.637 [docker-java-stream--524294122] DEBUG com.github.dockerjava.zerodep.shaded.org.apache.hc.client5.http.wire -- http-outgoing-1 << "[0x1][0x0][0x0][0x0][0x0][0x0][0x0]D2025-05-09 18:10:27.565 UTC [49] LOG:  database system is shut down[\n]"
21:10:27.637 [docker-java-stream--524294122] DEBUG com.github.dockerjava.zerodep.shaded.org.apache.hc.client5.http.wire -- http-outgoing-1 << "[\r][\n]"
21:10:27.646 [main] DEBUG org.testcontainers.containers.output.WaitingConsumer -- STDOUT: 2025-05-09 18:10:27.565 UTC [49] LOG:  database system is shut down
21:10:27.719 [docker-java-stream--524294122] DEBUG com.github.dockerjava.zerodep.shaded.org.apache.hc.client5.http.wire -- http-outgoing-1 << "25[\r][\n]"
21:10:27.719 [docker-java-stream--524294122] DEBUG com.github.dockerjava.zerodep.shaded.org.apache.hc.client5.http.wire -- http-outgoing-1 << "[0x1][0x0][0x0][0x0][0x0][0x0][0x0][0x6] done[\n]"
21:10:27.719 [docker-java-stream--524294122] DEBUG com.github.dockerjava.zerodep.shaded.org.apache.hc.client5.http.wire -- http-outgoing-1 << "[0x1][0x0][0x0][0x0][0x0][0x0][0x0][0xf]server stopped[\n]"
21:10:27.719 [docker-java-stream--524294122] DEBUG com.github.dockerjava.zerodep.shaded.org.apache.hc.client5.http.wire -- http-outgoing-1 << "[\r][\n]"
21:10:27.719 [main] DEBUG org.testcontainers.containers.output.WaitingConsumer -- STDOUT: server stopped
21:10:27.719 [main] DEBUG org.testcontainers.containers.output.WaitingConsumer -- STDOUT:  done
21:10:27.722 [docker-java-stream--524294122] DEBUG com.github.dockerjava.zerodep.shaded.org.apache.hc.client5.http.wire -- http-outgoing-1 << "50[\r][\n]"
21:10:27.722 [docker-java-stream--524294122] DEBUG com.github.dockerjava.zerodep.shaded.org.apache.hc.client5.http.wire -- http-outgoing-1 << "[0x1][0x0][0x0][0x0][0x0][0x0][0x0][0x1][\n]"
21:10:27.722 [docker-java-stream--524294122] DEBUG com.github.dockerjava.zerodep.shaded.org.apache.hc.client5.http.wire -- http-outgoing-1 << "[0x1][0x0][0x0][0x0][0x0][0x0][0x0]6PostgreSQL init process complete; ready for start up.[\n]"
21:10:27.722 [docker-java-stream--524294122] DEBUG com.github.dockerjava.zerodep.shaded.org.apache.hc.client5.http.wire -- http-outgoing-1 << "[0x1][0x0][0x0][0x0][0x0][0x0][0x0][0x1][\n]"
21:10:27.722 [docker-java-stream--524294122] DEBUG com.github.dockerjava.zerodep.shaded.org.apache.hc.client5.http.wire -- http-outgoing-1 << "[\r][\n]"
21:10:27.739 [main] DEBUG org.testcontainers.containers.output.WaitingConsumer -- STDOUT: 
21:10:27.739 [main] DEBUG org.testcontainers.containers.output.WaitingConsumer -- STDOUT: PostgreSQL init process complete; ready for start up.
21:10:27.739 [main] DEBUG org.testcontainers.containers.output.WaitingConsumer -- STDOUT: 
21:10:27.744 [docker-java-stream--524294122] DEBUG com.github.dockerjava.zerodep.shaded.org.apache.hc.client5.http.wire -- http-outgoing-1 << "ab[\r][\n]"
21:10:27.744 [docker-java-stream--524294122] DEBUG com.github.dockerjava.zerodep.shaded.org.apache.hc.client5.http.wire -- http-outgoing-1 << "[0x2][0x0][0x0][0x0][0x0][0x0][0x0][0xffffffa3]2025-05-09 18:10:27.671 UTC [1] LOG:  starting PostgreSQL 17.4 (Debian 17.4-1.pgdg120+2) on x86_64-pc-linux-gnu, compiled by gcc (Debian 12.2.0-14) 12.2.0, 64-bit[\n]"
21:10:27.744 [docker-java-stream--524294122] DEBUG com.github.dockerjava.zerodep.shaded.org.apache.hc.client5.http.wire -- http-outgoing-1 << "[\r][\n]"
21:10:27.746 [docker-java-stream--524294122] DEBUG com.github.dockerjava.zerodep.shaded.org.apache.hc.client5.http.wire -- http-outgoing-1 << "120[\r][\n]"
21:10:27.746 [docker-java-stream--524294122] DEBUG com.github.dockerjava.zerodep.shaded.org.apache.hc.client5.http.wire -- http-outgoing-1 << "[0x2][0x0][0x0][0x0][0x0][0x0][0x0]U2025-05-09 18:10:27.673 UTC [1] LOG:  listening on IPv4 address "0.0.0.0", port 5432[\n]"
21:10:27.746 [docker-java-stream--524294122] DEBUG com.github.dockerjava.zerodep.shaded.org.apache.hc.client5.http.wire -- http-outgoing-1 << "[0x2][0x0][0x0][0x0][0x0][0x0][0x0]P2025-05-09 18:10:27.673 UTC [1] LOG:  listening on IPv6 address "::", port 5432[\n]"
21:10:27.746 [docker-java-stream--524294122] DEBUG com.github.dockerjava.zerodep.shaded.org.apache.hc.client5.http.wire -- http-outgoing-1 << "[0x2][0x0][0x0][0x0][0x0][0x0][0x0]c2025-05-09 18:10:27.673 UTC [1] LOG:  listening on Unix socket "/var/run/postgresql/.s.PGSQL.5432"[\n]"
21:10:27.746 [docker-java-stream--524294122] DEBUG com.github.dockerjava.zerodep.shaded.org.apache.hc.client5.http.wire -- http-outgoing-1 << "[\r][\n]"
21:10:27.748 [docker-java-stream--524294122] DEBUG com.github.dockerjava.zerodep.shaded.org.apache.hc.client5.http.wire -- http-outgoing-1 << "68[\r][\n]"
21:10:27.748 [docker-java-stream--524294122] DEBUG com.github.dockerjava.zerodep.shaded.org.apache.hc.client5.http.wire -- http-outgoing-1 << "[0x2][0x0][0x0][0x0][0x0][0x0][0x0]`2025-05-09 18:10:27.676 UTC [65] LOG:  database system was shut down at 2025-05-09 18:10:27 UTC[\n]"
21:10:27.748 [docker-java-stream--524294122] DEBUG com.github.dockerjava.zerodep.shaded.org.apache.hc.client5.http.wire -- http-outgoing-1 << "[\r][\n]"
21:10:27.753 [docker-java-stream--524294122] DEBUG com.github.dockerjava.zerodep.shaded.org.apache.hc.client5.http.wire -- http-outgoing-1 << "5d[\r][\n]"
21:10:27.753 [docker-java-stream--524294122] DEBUG com.github.dockerjava.zerodep.shaded.org.apache.hc.client5.http.wire -- http-outgoing-1 << "[0x2][0x0][0x0][0x0][0x0][0x0][0x0]U2025-05-09 18:10:27.680 UTC [1] LOG:  database system is ready to accept connections[\n]"
21:10:27.753 [docker-java-stream--524294122] DEBUG com.github.dockerjava.zerodep.shaded.org.apache.hc.client5.http.wire -- http-outgoing-1 << "[\r][\n]"
21:10:27.755 [main] DEBUG org.testcontainers.containers.output.WaitingConsumer -- STDERR: 2025-05-09 18:10:27.680 UTC [1] LOG:  database system is ready to accept connections
21:10:27.755 [main] DEBUG com.github.dockerjava.zerodep.shaded.org.apache.hc.client5.http.impl.classic.InternalHttpClient -- ep-00000010: cancel
21:10:27.755 [main] DEBUG com.github.dockerjava.zerodep.shaded.org.apache.hc.client5.http.impl.io.DefaultManagedHttpClientConnection -- http-outgoing-1: close connection IMMEDIATE
21:10:27.755 [main] DEBUG com.github.dockerjava.zerodep.shaded.org.apache.hc.client5.http.impl.classic.InternalHttpClient -- ep-00000010: endpoint closed
21:10:27.755 [main] DEBUG com.github.dockerjava.zerodep.shaded.org.apache.hc.client5.http.impl.classic.InternalHttpClient -- ep-00000010: discarding endpoint
21:10:27.755 [main] DEBUG com.github.dockerjava.zerodep.shaded.org.apache.hc.client5.http.impl.io.PoolingHttpClientConnectionManager -- ep-00000010: releasing endpoint
21:10:27.755 [main] DEBUG com.github.dockerjava.zerodep.shaded.org.apache.hc.client5.http.impl.io.PoolingHttpClientConnectionManager -- ep-00000010: connection is not kept alive
21:10:27.755 [docker-java-stream--524294122] DEBUG com.github.dockerjava.zerodep.shaded.org.apache.hc.client5.http.wire -- http-outgoing-1 << "end of stream"
21:10:27.755 [main] DEBUG com.github.dockerjava.zerodep.shaded.org.apache.hc.client5.http.impl.io.PoolingHttpClientConnectionManager -- ep-00000010: connection released [route: {}->npipe://localhost:2375][total available: 0; route allocated: 0 of 2147483647; total allocated: 0 of 2147483647]
21:10:27.756 [main] DEBUG com.github.dockerjava.zerodep.shaded.org.apache.hc.client5.http.wire -- http-outgoing-1 << "[read] I/O error: java.nio.channels.ClosedChannelException"
21:10:27.756 [docker-java-stream--524294122] DEBUG com.github.dockerjava.zerodep.shaded.org.apache.hc.client5.http.wire -- http-outgoing-1 << "[read] I/O error: java.nio.channels.ClosedChannelException"
21:10:27.756 [docker-java-stream--524294122] DEBUG com.github.dockerjava.zerodep.ApacheDockerHttpClientImpl$ApacheResponse -- Failed to close the response
java.io.IOException: java.nio.channels.ClosedChannelException
	at java.base/java.nio.channels.Channels$2.read(Channels.java:240)
	at com.github.dockerjava.zerodep.shaded.org.apache.hc.client5.http.impl.io.LoggingInputStream.read(LoggingInputStream.java:81)
	at com.github.dockerjava.zerodep.shaded.org.apache.hc.core5.http.impl.io.SessionInputBufferImpl.fillBuffer(SessionInputBufferImpl.java:149)
	at com.github.dockerjava.zerodep.shaded.org.apache.hc.core5.http.impl.io.SessionInputBufferImpl.readLine(SessionInputBufferImpl.java:280)
	at com.github.dockerjava.zerodep.shaded.org.apache.hc.core5.http.impl.io.ChunkedInputStream.getChunkSize(ChunkedInputStream.java:261)
	at com.github.dockerjava.zerodep.shaded.org.apache.hc.core5.http.impl.io.ChunkedInputStream.nextChunk(ChunkedInputStream.java:222)
	at com.github.dockerjava.zerodep.shaded.org.apache.hc.core5.http.impl.io.ChunkedInputStream.read(ChunkedInputStream.java:147)
	at com.github.dockerjava.zerodep.shaded.org.apache.hc.core5.http.impl.io.ChunkedInputStream.close(ChunkedInputStream.java:314)
	at com.github.dockerjava.zerodep.shaded.org.apache.hc.core5.io.Closer.close(Closer.java:48)
	at com.github.dockerjava.zerodep.shaded.org.apache.hc.core5.http.impl.io.IncomingHttpEntity.close(IncomingHttpEntity.java:111)
	at com.github.dockerjava.zerodep.shaded.org.apache.hc.core5.http.io.entity.HttpEntityWrapper.close(HttpEntityWrapper.java:120)
	at com.github.dockerjava.zerodep.shaded.org.apache.hc.core5.io.Closer.close(Closer.java:48)
	at com.github.dockerjava.zerodep.shaded.org.apache.hc.core5.http.message.BasicClassicHttpResponse.close(BasicClassicHttpResponse.java:93)
	at com.github.dockerjava.zerodep.shaded.org.apache.hc.client5.http.impl.classic.CloseableHttpResponse.close(CloseableHttpResponse.java:200)
	at com.github.dockerjava.zerodep.ApacheDockerHttpClientImpl$ApacheResponse.close(ApacheDockerHttpClientImpl.java:271)
	at org.testcontainers.shaded.com.github.dockerjava.core.DefaultInvocationBuilder.lambda$executeAndStream$1(DefaultInvocationBuilder.java:277)
	at java.base/java.lang.Thread.run(Thread.java:842)
Caused by: java.nio.channels.ClosedChannelException: null
	at java.base/sun.nio.ch.WindowsAsynchronousFileChannelImpl.implRead(WindowsAsynchronousFileChannelImpl.java:516)
	at java.base/sun.nio.ch.AsynchronousFileChannelImpl.read(AsynchronousFileChannelImpl.java:229)
	at com.github.dockerjava.transport.NamedPipeSocket$AsynchronousFileByteChannel.read(NamedPipeSocket.java:117)
	at java.base/java.nio.channels.Channels$2.read(Channels.java:238)
	... 16 common frames omitted
21:10:27.756 [main] DEBUG com.github.dockerjava.zerodep.ApacheDockerHttpClientImpl$ApacheResponse -- Failed to close the response
java.io.IOException: java.nio.channels.ClosedChannelException
	at java.base/java.nio.channels.Channels$2.read(Channels.java:240)
	at com.github.dockerjava.zerodep.shaded.org.apache.hc.client5.http.impl.io.LoggingInputStream.read(LoggingInputStream.java:81)
	at com.github.dockerjava.zerodep.shaded.org.apache.hc.core5.http.impl.io.SessionInputBufferImpl.fillBuffer(SessionInputBufferImpl.java:149)
	at com.github.dockerjava.zerodep.shaded.org.apache.hc.core5.http.impl.io.SessionInputBufferImpl.readLine(SessionInputBufferImpl.java:280)
	at com.github.dockerjava.zerodep.shaded.org.apache.hc.core5.http.impl.io.ChunkedInputStream.getChunkSize(ChunkedInputStream.java:261)
	at com.github.dockerjava.zerodep.shaded.org.apache.hc.core5.http.impl.io.ChunkedInputStream.nextChunk(ChunkedInputStream.java:222)
	at com.github.dockerjava.zerodep.shaded.org.apache.hc.core5.http.impl.io.ChunkedInputStream.read(ChunkedInputStream.java:147)
	at com.github.dockerjava.zerodep.shaded.org.apache.hc.core5.http.impl.io.ChunkedInputStream.close(ChunkedInputStream.java:314)
	at com.github.dockerjava.zerodep.shaded.org.apache.hc.core5.io.Closer.close(Closer.java:48)
	at com.github.dockerjava.zerodep.shaded.org.apache.hc.core5.http.impl.io.IncomingHttpEntity.close(IncomingHttpEntity.java:111)
	at com.github.dockerjava.zerodep.shaded.org.apache.hc.core5.http.io.entity.HttpEntityWrapper.close(HttpEntityWrapper.java:120)
	at com.github.dockerjava.zerodep.shaded.org.apache.hc.core5.io.Closer.close(Closer.java:48)
	at com.github.dockerjava.zerodep.shaded.org.apache.hc.core5.http.message.BasicClassicHttpResponse.close(BasicClassicHttpResponse.java:93)
	at com.github.dockerjava.zerodep.shaded.org.apache.hc.client5.http.impl.classic.CloseableHttpResponse.close(CloseableHttpResponse.java:200)
	at com.github.dockerjava.zerodep.ApacheDockerHttpClientImpl$ApacheResponse.close(ApacheDockerHttpClientImpl.java:271)
	at org.testcontainers.shaded.com.github.dockerjava.core.DefaultInvocationBuilder.lambda$null$0(DefaultInvocationBuilder.java:272)
	at com.github.dockerjava.api.async.ResultCallbackTemplate.close(ResultCallbackTemplate.java:77)
	at org.testcontainers.containers.output.FrameConsumerResultCallback.close(FrameConsumerResultCallback.java:69)
	at org.testcontainers.containers.wait.strategy.LogMessageWaitStrategy.waitUntilReady(LogMessageWaitStrategy.java:49)
	at org.testcontainers.containers.wait.strategy.AbstractWaitStrategy.waitUntilReady(AbstractWaitStrategy.java:52)
	at org.testcontainers.containers.PostgreSQLContainer.waitUntilContainerStarted(PostgreSQLContainer.java:149)
	at org.testcontainers.containers.GenericContainer.tryStart(GenericContainer.java:500)
	at org.testcontainers.containers.GenericContainer.lambda$doStart$0(GenericContainer.java:354)
	at org.rnorth.ducttape.unreliables.Unreliables.retryUntilSuccess(Unreliables.java:81)
	at org.testcontainers.containers.GenericContainer.doStart(GenericContainer.java:344)
	at org.testcontainers.containers.GenericContainer.start(GenericContainer.java:330)
	at org.lab2.OwnerDAOTest.beforeAll(OwnerDAOTest.java:30)
	at java.base/jdk.internal.reflect.NativeMethodAccessorImpl.invoke0(Native Method)
	at java.base/jdk.internal.reflect.NativeMethodAccessorImpl.invoke(NativeMethodAccessorImpl.java:77)
	at java.base/jdk.internal.reflect.DelegatingMethodAccessorImpl.invoke(DelegatingMethodAccessorImpl.java:43)
	at java.base/java.lang.reflect.Method.invoke(Method.java:568)
	at org.junit.platform.commons.util.ReflectionUtils.invokeMethod(ReflectionUtils.java:775)
	at org.junit.platform.commons.support.ReflectionSupport.invokeMethod(ReflectionSupport.java:479)
	at org.junit.jupiter.engine.execution.MethodInvocation.proceed(MethodInvocation.java:60)
	at org.junit.jupiter.engine.execution.InvocationInterceptorChain$ValidatingInvocation.proceed(InvocationInterceptorChain.java:131)
	at org.junit.jupiter.engine.extension.TimeoutExtension.intercept(TimeoutExtension.java:161)
	at org.junit.jupiter.engine.extension.TimeoutExtension.interceptLifecycleMethod(TimeoutExtension.java:133)
	at org.junit.jupiter.engine.extension.TimeoutExtension.interceptBeforeAllMethod(TimeoutExtension.java:75)
	at org.junit.jupiter.engine.execution.InterceptingExecutableInvoker$ReflectiveInterceptorCall.lambda$ofVoidMethod$0(InterceptingExecutableInvoker.java:112)
	at org.junit.jupiter.engine.execution.InterceptingExecutableInvoker.lambda$invoke$0(InterceptingExecutableInvoker.java:94)
	at org.junit.jupiter.engine.execution.InvocationInterceptorChain$InterceptedInvocation.proceed(InvocationInterceptorChain.java:106)
	at org.junit.jupiter.engine.execution.InvocationInterceptorChain.proceed(InvocationInterceptorChain.java:64)
	at org.junit.jupiter.engine.execution.InvocationInterceptorChain.chainAndInvoke(InvocationInterceptorChain.java:45)
	at org.junit.jupiter.engine.execution.InvocationInterceptorChain.invoke(InvocationInterceptorChain.java:37)
	at org.junit.jupiter.engine.execution.InterceptingExecutableInvoker.invoke(InterceptingExecutableInvoker.java:93)
	at org.junit.jupiter.engine.execution.InterceptingExecutableInvoker.invoke(InterceptingExecutableInvoker.java:87)
	at org.junit.jupiter.engine.descriptor.ClassBasedTestDescriptor.lambda$invokeBeforeAllMethods$13(ClassBasedTestDescriptor.java:417)
	at org.junit.platform.engine.support.hierarchical.ThrowableCollector.execute(ThrowableCollector.java:73)
	at org.junit.jupiter.engine.descriptor.ClassBasedTestDescriptor.invokeBeforeAllMethods(ClassBasedTestDescriptor.java:415)
	at org.junit.jupiter.engine.descriptor.ClassBasedTestDescriptor.before(ClassBasedTestDescriptor.java:216)
	at org.junit.jupiter.engine.descriptor.ClassBasedTestDescriptor.before(ClassBasedTestDescriptor.java:84)
	at org.junit.platform.engine.support.hierarchical.NodeTestTask.lambda$executeRecursively$6(NodeTestTask.java:153)
	at org.junit.platform.engine.support.hierarchical.ThrowableCollector.execute(ThrowableCollector.java:73)
	at org.junit.platform.engine.support.hierarchical.NodeTestTask.lambda$executeRecursively$8(NodeTestTask.java:146)
	at org.junit.platform.engine.support.hierarchical.Node.around(Node.java:137)
	at org.junit.platform.engine.support.hierarchical.NodeTestTask.lambda$executeRecursively$9(NodeTestTask.java:144)
	at org.junit.platform.engine.support.hierarchical.ThrowableCollector.execute(ThrowableCollector.java:73)
	at org.junit.platform.engine.support.hierarchical.NodeTestTask.executeRecursively(NodeTestTask.java:143)
	at org.junit.platform.engine.support.hierarchical.NodeTestTask.execute(NodeTestTask.java:100)
	at java.base/java.util.ArrayList.forEach(ArrayList.java:1511)
	at org.junit.platform.engine.support.hierarchical.SameThreadHierarchicalTestExecutorService.invokeAll(SameThreadHierarchicalTestExecutorService.java:41)
	at org.junit.platform.engine.support.hierarchical.NodeTestTask.lambda$executeRecursively$6(NodeTestTask.java:160)
	at org.junit.platform.engine.support.hierarchical.ThrowableCollector.execute(ThrowableCollector.java:73)
	at org.junit.platform.engine.support.hierarchical.NodeTestTask.lambda$executeRecursively$8(NodeTestTask.java:146)
	at org.junit.platform.engine.support.hierarchical.Node.around(Node.java:137)
	at org.junit.platform.engine.support.hierarchical.NodeTestTask.lambda$executeRecursively$9(NodeTestTask.java:144)
	at org.junit.platform.engine.support.hierarchical.ThrowableCollector.execute(ThrowableCollector.java:73)
	at org.junit.platform.engine.support.hierarchical.NodeTestTask.executeRecursively(NodeTestTask.java:143)
	at org.junit.platform.engine.support.hierarchical.NodeTestTask.execute(NodeTestTask.java:100)
	at org.junit.platform.engine.support.hierarchical.SameThreadHierarchicalTestExecutorService.submit(SameThreadHierarchicalTestExecutorService.java:35)
	at org.junit.platform.engine.support.hierarchical.HierarchicalTestExecutor.execute(HierarchicalTestExecutor.java:57)
	at org.junit.platform.engine.support.hierarchical.HierarchicalTestEngine.execute(HierarchicalTestEngine.java:54)
	at org.junit.platform.launcher.core.EngineExecutionOrchestrator.execute(EngineExecutionOrchestrator.java:201)
	at org.junit.platform.launcher.core.EngineExecutionOrchestrator.execute(EngineExecutionOrchestrator.java:170)
	at org.junit.platform.launcher.core.EngineExecutionOrchestrator.execute(EngineExecutionOrchestrator.java:94)
	at org.junit.platform.launcher.core.EngineExecutionOrchestrator.lambda$execute$0(EngineExecutionOrchestrator.java:59)
	at org.junit.platform.launcher.core.EngineExecutionOrchestrator.withInterceptedStreams(EngineExecutionOrchestrator.java:142)
	at org.junit.platform.launcher.core.EngineExecutionOrchestrator.execute(EngineExecutionOrchestrator.java:58)
	at org.junit.platform.launcher.core.DefaultLauncher.execute(DefaultLauncher.java:103)
	at org.junit.platform.launcher.core.DefaultLauncher.execute(DefaultLauncher.java:85)
	at org.junit.platform.launcher.core.DelegatingLauncher.execute(DelegatingLauncher.java:47)
	at org.junit.platform.launcher.core.InterceptingLauncher.lambda$execute$1(InterceptingLauncher.java:39)
	at org.junit.platform.launcher.core.ClasspathAlignmentCheckingLauncherInterceptor.intercept(ClasspathAlignmentCheckingLauncherInterceptor.java:25)
	at org.junit.platform.launcher.core.InterceptingLauncher.execute(InterceptingLauncher.java:38)
	at org.junit.platform.launcher.core.DelegatingLauncher.execute(DelegatingLauncher.java:47)
	at org.apache.maven.surefire.junitplatform.LazyLauncher.execute(LazyLauncher.java:56)
	at org.apache.maven.surefire.junitplatform.JUnitPlatformProvider.execute(JUnitPlatformProvider.java:184)
	at org.apache.maven.surefire.junitplatform.JUnitPlatformProvider.invokeAllTests(JUnitPlatformProvider.java:148)
	at org.apache.maven.surefire.junitplatform.JUnitPlatformProvider.invoke(JUnitPlatformProvider.java:122)
	at org.apache.maven.surefire.booter.ForkedBooter.runSuitesInProcess(ForkedBooter.java:385)
	at org.apache.maven.surefire.booter.ForkedBooter.execute(ForkedBooter.java:162)
	at org.apache.maven.surefire.booter.ForkedBooter.run(ForkedBooter.java:507)
	at org.apache.maven.surefire.booter.ForkedBooter.main(ForkedBooter.java:495)
Caused by: java.nio.channels.ClosedChannelException: null
	at java.base/sun.nio.ch.WindowsAsynchronousFileChannelImpl.implRead(WindowsAsynchronousFileChannelImpl.java:516)
	at java.base/sun.nio.ch.AsynchronousFileChannelImpl.read(AsynchronousFileChannelImpl.java:229)
	at com.github.dockerjava.transport.NamedPipeSocket$AsynchronousFileByteChannel.read(NamedPipeSocket.java:117)
	at java.base/java.nio.channels.Channels$2.read(Channels.java:238)
	... 92 common frames omitted
21:10:27.758 [main] INFO tc.postgres:17 -- Container postgres:17 started in PT5.8959898S
21:10:27.759 [main] INFO tc.postgres:17 -- Container is started (JDBC URL: jdbc:postgresql://localhost:49846/pets?loggerLevel=OFF)
21:10:27.759 [main] DEBUG org.testcontainers.shaded.com.github.dockerjava.core.command.AbstrDockerCmd -- Cmd: d3307cf7961f77024347b5e7b26805c5528a1cc660d023821dcaaad4e02d1b9b,false
21:10:27.759 [main] DEBUG org.testcontainers.shaded.com.github.dockerjava.core.exec.InspectContainerCmdExec -- GET: DefaultWebTarget{path=[/containers/d3307cf7961f77024347b5e7b26805c5528a1cc660d023821dcaaad4e02d1b9b/json], queryParams={}}
21:10:27.760 [main] DEBUG com.github.dockerjava.zerodep.shaded.org.apache.hc.client5.http.impl.classic.InternalHttpClient -- ex-00000012: preparing request execution
21:10:27.760 [main] DEBUG com.github.dockerjava.zerodep.shaded.org.apache.hc.client5.http.protocol.RequestAddCookies -- Cookie spec selected: strict
21:10:27.760 [main] DEBUG com.github.dockerjava.zerodep.shaded.org.apache.hc.client5.http.protocol.RequestAuthCache -- Auth cache not set in the context
21:10:27.760 [main] DEBUG com.github.dockerjava.zerodep.shaded.org.apache.hc.client5.http.impl.classic.ProtocolExec -- ex-00000012: target auth state: UNCHALLENGED
21:10:27.760 [main] DEBUG com.github.dockerjava.zerodep.shaded.org.apache.hc.client5.http.impl.classic.ProtocolExec -- ex-00000012: proxy auth state: UNCHALLENGED
21:10:27.760 [main] DEBUG com.github.dockerjava.zerodep.shaded.org.apache.hc.client5.http.impl.classic.ConnectExec -- ex-00000012: acquiring connection with route {}->npipe://localhost:2375
21:10:27.760 [main] DEBUG com.github.dockerjava.zerodep.shaded.org.apache.hc.client5.http.impl.classic.InternalHttpClient -- ex-00000012: acquiring endpoint (3 MINUTES)
21:10:27.760 [main] DEBUG com.github.dockerjava.zerodep.shaded.org.apache.hc.client5.http.impl.io.PoolingHttpClientConnectionManager -- ex-00000012: endpoint lease request (3 MINUTES) [route: {}->npipe://localhost:2375][total available: 0; route allocated: 0 of 2147483647; total allocated: 0 of 2147483647]
21:10:27.760 [main] DEBUG com.github.dockerjava.zerodep.shaded.org.apache.hc.client5.http.impl.io.PoolingHttpClientConnectionManager -- ex-00000012: endpoint leased [route: {}->npipe://localhost:2375][total available: 0; route allocated: 1 of 2147483647; total allocated: 1 of 2147483647]
21:10:27.760 [main] DEBUG com.github.dockerjava.zerodep.shaded.org.apache.hc.client5.http.impl.io.PoolingHttpClientConnectionManager -- ex-00000012: acquired ep-00000011
21:10:27.760 [main] DEBUG com.github.dockerjava.zerodep.shaded.org.apache.hc.client5.http.impl.classic.InternalHttpClient -- ex-00000012: acquired endpoint ep-00000011
21:10:27.760 [main] DEBUG com.github.dockerjava.zerodep.shaded.org.apache.hc.client5.http.impl.classic.ConnectExec -- ex-00000012: opening connection {}->npipe://localhost:2375
21:10:27.760 [main] DEBUG com.github.dockerjava.zerodep.shaded.org.apache.hc.client5.http.impl.classic.InternalHttpClient -- ep-00000011: connecting endpoint (3 MINUTES)
21:10:27.761 [main] DEBUG com.github.dockerjava.zerodep.shaded.org.apache.hc.client5.http.impl.io.PoolingHttpClientConnectionManager -- ep-00000011: connecting endpoint to npipe://localhost:2375 (3 MINUTES)
21:10:27.761 [main] DEBUG com.github.dockerjava.zerodep.shaded.org.apache.hc.client5.http.impl.io.DefaultHttpClientConnectionOperator -- http-outgoing-2: connecting to localhost/127.0.0.1:2375
21:10:27.761 [main] DEBUG com.github.dockerjava.zerodep.shaded.org.apache.hc.client5.http.impl.io.DefaultHttpClientConnectionOperator -- http-outgoing-2: connection established 
21:10:27.761 [main] DEBUG com.github.dockerjava.zerodep.shaded.org.apache.hc.client5.http.impl.io.PoolingHttpClientConnectionManager -- ep-00000011: connected http-outgoing-2
21:10:27.761 [main] DEBUG com.github.dockerjava.zerodep.shaded.org.apache.hc.client5.http.impl.classic.InternalHttpClient -- ep-00000011: endpoint connected
21:10:27.762 [main] DEBUG com.github.dockerjava.zerodep.shaded.org.apache.hc.client5.http.impl.classic.MainClientExec -- ex-00000012: executing GET /v1.32/containers/d3307cf7961f77024347b5e7b26805c5528a1cc660d023821dcaaad4e02d1b9b/json HTTP/1.1
21:10:27.762 [main] DEBUG com.github.dockerjava.zerodep.shaded.org.apache.hc.client5.http.impl.classic.InternalHttpClient -- ep-00000011: start execution ex-00000012
21:10:27.762 [main] DEBUG com.github.dockerjava.zerodep.shaded.org.apache.hc.client5.http.impl.io.PoolingHttpClientConnectionManager -- ep-00000011: executing exchange ex-00000012 over http-outgoing-2
21:10:27.762 [main] DEBUG com.github.dockerjava.zerodep.shaded.org.apache.hc.client5.http.headers -- http-outgoing-2 >> GET /v1.32/containers/d3307cf7961f77024347b5e7b26805c5528a1cc660d023821dcaaad4e02d1b9b/json HTTP/1.1
21:10:27.762 [main] DEBUG com.github.dockerjava.zerodep.shaded.org.apache.hc.client5.http.headers -- http-outgoing-2 >> accept: application/json
21:10:27.762 [main] DEBUG com.github.dockerjava.zerodep.shaded.org.apache.hc.client5.http.headers -- http-outgoing-2 >> x-tc-sid: 2a607c29-9f73-4ad7-8e0e-ab764e999503
21:10:27.762 [main] DEBUG com.github.dockerjava.zerodep.shaded.org.apache.hc.client5.http.headers -- http-outgoing-2 >> User-Agent: tc-java/1.19.7
21:10:27.762 [main] DEBUG com.github.dockerjava.zerodep.shaded.org.apache.hc.client5.http.headers -- http-outgoing-2 >> Accept-Encoding: gzip, x-gzip, deflate
21:10:27.762 [main] DEBUG com.github.dockerjava.zerodep.shaded.org.apache.hc.client5.http.headers -- http-outgoing-2 >> Host: localhost:2375
21:10:27.762 [main] DEBUG com.github.dockerjava.zerodep.shaded.org.apache.hc.client5.http.headers -- http-outgoing-2 >> Connection: keep-alive
21:10:27.762 [main] DEBUG com.github.dockerjava.zerodep.shaded.org.apache.hc.client5.http.wire -- http-outgoing-2 >> "GET /v1.32/containers/d3307cf7961f77024347b5e7b26805c5528a1cc660d023821dcaaad4e02d1b9b/json HTTP/1.1[\r][\n]"
21:10:27.762 [main] DEBUG com.github.dockerjava.zerodep.shaded.org.apache.hc.client5.http.wire -- http-outgoing-2 >> "accept: application/json[\r][\n]"
21:10:27.762 [main] DEBUG com.github.dockerjava.zerodep.shaded.org.apache.hc.client5.http.wire -- http-outgoing-2 >> "x-tc-sid: 2a607c29-9f73-4ad7-8e0e-ab764e999503[\r][\n]"
21:10:27.762 [main] DEBUG com.github.dockerjava.zerodep.shaded.org.apache.hc.client5.http.wire -- http-outgoing-2 >> "User-Agent: tc-java/1.19.7[\r][\n]"
21:10:27.762 [main] DEBUG com.github.dockerjava.zerodep.shaded.org.apache.hc.client5.http.wire -- http-outgoing-2 >> "Accept-Encoding: gzip, x-gzip, deflate[\r][\n]"
21:10:27.762 [main] DEBUG com.github.dockerjava.zerodep.shaded.org.apache.hc.client5.http.wire -- http-outgoing-2 >> "Host: localhost:2375[\r][\n]"
21:10:27.762 [main] DEBUG com.github.dockerjava.zerodep.shaded.org.apache.hc.client5.http.wire -- http-outgoing-2 >> "Connection: keep-alive[\r][\n]"
21:10:27.762 [main] DEBUG com.github.dockerjava.zerodep.shaded.org.apache.hc.client5.http.wire -- http-outgoing-2 >> "[\r][\n]"
21:10:27.767 [main] DEBUG com.github.dockerjava.zerodep.shaded.org.apache.hc.client5.http.wire -- http-outgoing-2 << "HTTP/1.1 200 OK[\r][\n]"
21:10:27.767 [main] DEBUG com.github.dockerjava.zerodep.shaded.org.apache.hc.client5.http.wire -- http-outgoing-2 << "Api-Version: 1.47[\r][\n]"
21:10:27.767 [main] DEBUG com.github.dockerjava.zerodep.shaded.org.apache.hc.client5.http.wire -- http-outgoing-2 << "Content-Type: application/json[\r][\n]"
21:10:27.767 [main] DEBUG com.github.dockerjava.zerodep.shaded.org.apache.hc.client5.http.wire -- http-outgoing-2 << "Date: Fri, 09 May 2025 18:10:27 GMT[\r][\n]"
21:10:27.767 [main] DEBUG com.github.dockerjava.zerodep.shaded.org.apache.hc.client5.http.wire -- http-outgoing-2 << "Docker-Experimental: false[\r][\n]"
21:10:27.767 [main] DEBUG com.github.dockerjava.zerodep.shaded.org.apache.hc.client5.http.wire -- http-outgoing-2 << "Ostype: linux[\r][\n]"
21:10:27.767 [main] DEBUG com.github.dockerjava.zerodep.shaded.org.apache.hc.client5.http.wire -- http-outgoing-2 << "Server: Docker/27.3.1 (linux)[\r][\n]"
21:10:27.767 [main] DEBUG com.github.dockerjava.zerodep.shaded.org.apache.hc.client5.http.wire -- http-outgoing-2 << "Transfer-Encoding: chunked[\r][\n]"
21:10:27.767 [main] DEBUG com.github.dockerjava.zerodep.shaded.org.apache.hc.client5.http.wire -- http-outgoing-2 << "[\r][\n]"
21:10:27.767 [main] DEBUG com.github.dockerjava.zerodep.shaded.org.apache.hc.client5.http.headers -- http-outgoing-2 << HTTP/1.1 200 OK
21:10:27.767 [main] DEBUG com.github.dockerjava.zerodep.shaded.org.apache.hc.client5.http.headers -- http-outgoing-2 << Api-Version: 1.47
21:10:27.767 [main] DEBUG com.github.dockerjava.zerodep.shaded.org.apache.hc.client5.http.headers -- http-outgoing-2 << Content-Type: application/json
21:10:27.767 [main] DEBUG com.github.dockerjava.zerodep.shaded.org.apache.hc.client5.http.headers -- http-outgoing-2 << Date: Fri, 09 May 2025 18:10:27 GMT
21:10:27.767 [main] DEBUG com.github.dockerjava.zerodep.shaded.org.apache.hc.client5.http.headers -- http-outgoing-2 << Docker-Experimental: false
21:10:27.767 [main] DEBUG com.github.dockerjava.zerodep.shaded.org.apache.hc.client5.http.headers -- http-outgoing-2 << Ostype: linux
21:10:27.767 [main] DEBUG com.github.dockerjava.zerodep.shaded.org.apache.hc.client5.http.headers -- http-outgoing-2 << Server: Docker/27.3.1 (linux)
21:10:27.767 [main] DEBUG com.github.dockerjava.zerodep.shaded.org.apache.hc.client5.http.headers -- http-outgoing-2 << Transfer-Encoding: chunked
21:10:27.767 [main] DEBUG com.github.dockerjava.zerodep.shaded.org.apache.hc.client5.http.impl.classic.MainClientExec -- ex-00000012: connection can be kept alive for 3 MINUTES
21:10:27.768 [main] DEBUG com.github.dockerjava.zerodep.shaded.org.apache.hc.client5.http.wire -- http-outgoing-2 << "1358[\r][\n]"
21:10:27.769 [main] DEBUG com.github.dockerjava.zerodep.shaded.org.apache.hc.client5.http.wire -- http-outgoing-2 << "{"Id":"d3307cf7961f77024347b5e7b26805c5528a1cc660d023821dcaaad4e02d1b9b","Created":"2025-05-09T18:10:21.937230806Z","Path":"docker-entrypoint.sh","Args":["postgres","-c","fsync=off"],"State":{"Status":"running","Running":true,"Paused":false,"Restarting":false,"OOMKilled":false,"Dead":false,"Pid":1915,"ExitCode":0,"Error":"","StartedAt":"2025-05-09T18:10:22.24724743Z","FinishedAt":"0001-01-01T00:00:00Z"},"Image":"sha256:fe3f571d128e8efadcd8b2fde0e2b73ebab6dbec33f6bfe69d98c682c7d8f7bd","ResolvConfPath":"/var/lib/docker/containers/d3307cf7961f77024347b5e7b26805c5528a1cc660d023821dcaaad4e02d1b9b/resolv.conf","HostnamePath":"/var/lib/docker/containers/d3307cf7961f77024347b5e7b26805c5528a1cc660d023821dcaaad4e02d1b9b/hostname","HostsPath":"/var/lib/docker/containers/d3307cf7961f77024347b5e7b26805c5528a1cc660d023821dcaaad4e02d1b9b/hosts","LogPath":"/var/lib/docker/containers/d3307cf7961f77024347b5e7b26805c5528a1cc660d023821dcaaad4e02d1b9b/d3307cf7961f77024347b5e7b26805c5528a1cc660d023821dcaaad4e02d1b9b-json.log","Name":"/confident_snyder","RestartCount":0,"Driver":"overlayfs","Platform":"linux","MountLabel":"","ProcessLabel":"","AppArmorProfile":"","ExecIDs":null,"HostConfig":{"Binds":[],"ContainerIDFile":"","LogConfig":{"Type":"json-file","Config":{}},"NetworkMode":"bridge","PortBindings":{"5432/tcp":[{"HostIp":"0.0.0.0","HostPort":"0"}]},"RestartPolicy":{"Name":"no","MaximumRetryCount":0},"AutoRemove":false,"VolumeDriver":"","VolumesFrom":[],"ConsoleSize":[0,0],"CapAdd":null,"CapDrop":null,"CgroupnsMode":"host","Dns":null,"DnsOptions":null,"DnsSearch":null,"ExtraHosts":[],"GroupAdd":null,"IpcMode":"shareable","Cgroup":"","Links":null,"OomScoreAdj":0,"PidMode":"","Privileged":false,"PublishAllPorts":false,"ReadonlyRootfs":false,"SecurityOpt":null,"UTSMode":"","UsernsMode":"","ShmSize":67108864,"Runtime":"runc","Isolation":"","CpuShares":0,"Memory":0,"NanoCpus":0,"CgroupParent":"","BlkioWeight":0,"BlkioWeightDevice":null,"BlkioDeviceReadBps":null,"BlkioDeviceWriteBps":null,"BlkioDeviceReadIOps":null,"BlkioDeviceWriteIOps":null,"CpuPeriod":0,"CpuQuota":0,"CpuRealtimePeriod":0,"CpuRealtimeRuntime":0,"CpusetCpus":"","CpusetMems":"","Devices":null,"DeviceCgroupRules":null,"DeviceRequests":null,"MemoryReservation":0,"MemorySwap":0,"MemorySwappiness":null,"OomKillDisable":false,"PidsLimit":null,"Ulimits":null,"CpuCount":0,"CpuPercent":0,"IOMaximumIOps":0,"IOMaximumBandwidth":0,"MaskedPaths":["/proc/asound","/proc/acpi","/proc/kcore","/proc/keys","/proc/latency_stats","/proc/timer_list","/proc/timer_stats","/proc/sched_debug","/proc/scsi","/sys/firmware","/sys/devices/virtual/powercap"],"ReadonlyPaths":["/proc/bus","/proc/fs","/proc/irq","/proc/sys","/proc/sysrq-trigger"]},"GraphDriver":{"Data":null,"Name":"overlayfs"},"Mounts":[{"Type":"volume","Name":"f131316648655984688d9285c183d5e156bf748d0344591a2e8b38fb60a349a7","Source":"/var/lib/docker/volumes/f131316648655984688d9285c183d5e156bf748d0344591a2e8b38fb60a349a7/_data","Destination":"/var/lib/postgresql/data","Driver":"local","Mode":"","RW":true,"Propagation":""}],"Config":{"Hostname":"d3307cf7961f","Domainname":"","User":"","AttachStdin":false,"AttachStdout":false,"AttachStderr":false,"ExposedPorts":{"5432/tcp":{}},"Tty":false,"OpenStdin":false,"StdinOnce":false,"Env":["POSTGRES_USER=postgres","POSTGRES_PASSWORD=Pofigict2005","POSTGRES_DB=pets","PATH=/usr/local/sbin:/usr/local/bin:/usr/sbin:/usr/bin:/sbin:/bin:/usr/lib/postgresql/17/bin","GOSU_VERSION=1.17","LANG=en_US.utf8","PG_MAJOR=17","PG_VERSION=17.4-1.pgdg120+2","PGDATA=/var/lib/postgresql/data"],"Cmd":["postgres","-c","fsync=off"],"Image":"postgres:17","Volumes":{"/var/lib/postgresql/data":{}},"WorkingDir":"","Entrypoint":["docker-entrypoint.sh"],"OnBuild":null,"Labels":{"org.testcontainers":"true","org.testcontainers.lang":"java","org.testcontainers.sessionId":"2a607c29-9f73-4ad7-8e0e-ab764e999503","org.testcontainers.version":"1.19.7"},"StopSignal":"SIGINT"},"NetworkSettings":{"Bridge":"","SandboxID":"ca7f07ae918ede716a9b26ddc9cf116512944007faadc8e98e6ffc7c686bd7c6","SandboxKey":"/var/run/docker/netns/ca7f07ae918e",""
21:10:27.769 [main] DEBUG com.github.dockerjava.zerodep.shaded.org.apache.hc.client5.http.wire -- http-outgoing-2 << "Ports":{"5432/tcp":[{"HostIp":"0.0.0.0","HostPort":"49846"}]},"HairpinMode":false,"LinkLocalIPv6Address":"","LinkLocalIPv6PrefixLen":0,"SecondaryIPAddresses":null,"SecondaryIPv6Addresses":null,"EndpointID":"602328125e5c23f72168fc774123a6f7bdab24473f283fe151dc8bcc12e54070","Gateway":"172.17.0.1","GlobalIPv6Address":"","GlobalIPv6PrefixLen":0,"IPAddress":"172.17.0.3","IPPrefixLen":16,"IPv6Gateway":"","MacAddress":"02:42:ac:11:00:03","Networks":{"bridge":{"IPAMConfig":null,"Links":null,"Aliases":null,"MacAddress":"02:42:ac:11:00:03","DriverOpts":null,"NetworkID":"f0594820a60c9d6c1293e01ac8a804eac606a0cdb0dcd01c085bc8a3a64632ab","EndpointID":"602328125e5c23f72168fc774123a6f7bdab24473f283fe151dc8bcc12e54070","Gateway":"172.17.0.1","IPAddress":"172.17.0.3","IPPrefixLen":16,"IPv6Gateway":"","GlobalIPv6Address":"","GlobalIPv6PrefixLen":0,"DNSNames":null}}}}[\n]"
21:10:27.771 [main] DEBUG com.github.dockerjava.zerodep.shaded.org.apache.hc.client5.http.wire -- http-outgoing-2 << "[\r][\n]"
21:10:27.771 [main] DEBUG com.github.dockerjava.zerodep.shaded.org.apache.hc.client5.http.wire -- http-outgoing-2 << "0[\r][\n]"
21:10:27.771 [main] DEBUG com.github.dockerjava.zerodep.shaded.org.apache.hc.client5.http.wire -- http-outgoing-2 << "[\r][\n]"
21:10:27.771 [main] DEBUG com.github.dockerjava.zerodep.shaded.org.apache.hc.client5.http.impl.classic.InternalHttpClient -- ep-00000011: releasing valid endpoint
21:10:27.771 [main] DEBUG com.github.dockerjava.zerodep.shaded.org.apache.hc.client5.http.impl.io.PoolingHttpClientConnectionManager -- ep-00000011: releasing endpoint
21:10:27.771 [main] DEBUG com.github.dockerjava.zerodep.shaded.org.apache.hc.client5.http.impl.io.PoolingHttpClientConnectionManager -- ep-00000011: connection http-outgoing-2 can be kept alive for 3 MINUTES
21:10:27.771 [main] DEBUG com.github.dockerjava.zerodep.shaded.org.apache.hc.client5.http.impl.io.PoolingHttpClientConnectionManager -- ep-00000011: connection released [route: {}->npipe://localhost:2375][total available: 1; route allocated: 1 of 2147483647; total allocated: 1 of 2147483647]
PostgreSQL container running: true
JDBC URL: jdbc:postgresql://localhost:49846/pets?loggerLevel=OFF
21:10:27.812 [main] DEBUG org.jboss.logging -- Logging Provider: org.jboss.logging.Slf4jLoggerProvider
21:10:27.826 [main] DEBUG org.hibernate.integrator.internal.IntegratorServiceImpl -- Adding Integrator [org.hibernate.boot.beanvalidation.BeanValidationIntegrator].
21:10:27.836 [main] DEBUG org.hibernate.integrator.internal.IntegratorServiceImpl -- Adding Integrator [org.hibernate.cache.internal.CollectionCacheInvalidator].
21:10:27.930 [main] INFO org.hibernate.Version -- HHH000412: Hibernate ORM core version 6.4.0.Final
21:10:27.933 [main] DEBUG org.hibernate.cfg.Environment -- HHH000206: 'hibernate.properties' not found
21:10:27.983 [main] DEBUG org.hibernate.cfg.Configuration -- Building session factory using internal StandardServiceRegistryBuilder
21:10:27.994 [main] DEBUG org.hibernate.cfg.Configuration -- Building session factory using provided StandardServiceRegistry
21:10:28.007 [main] DEBUG org.hibernate.orm.idgen.factory -- Ignoring CDI for resolving IdentifierGenerator instances as extended or delayed CDI support was enabled
21:10:28.014 [main] DEBUG org.hibernate.orm.idgen.factory -- Registering IdentifierGenerator strategy [uuid2] -> [org.hibernate.id.UUIDGenerator]
21:10:28.015 [main] DEBUG org.hibernate.orm.idgen.factory -- Registering IdentifierGenerator strategy [guid] -> [org.hibernate.id.GUIDGenerator]
21:10:28.016 [main] DEBUG org.hibernate.orm.idgen.factory -- Registering IdentifierGenerator strategy [uuid] -> [org.hibernate.id.UUIDHexGenerator]
21:10:28.016 [main] DEBUG org.hibernate.orm.idgen.factory -- Registering IdentifierGenerator strategy [uuid.hex] -> [org.hibernate.id.UUIDHexGenerator]
21:10:28.016 [main] DEBUG org.hibernate.orm.idgen.factory -- Registering IdentifierGenerator strategy [assigned] -> [org.hibernate.id.Assigned]
21:10:28.018 [main] DEBUG org.hibernate.orm.idgen.factory -- Registering IdentifierGenerator strategy [identity] -> [org.hibernate.id.IdentityGenerator]
21:10:28.018 [main] DEBUG org.hibernate.orm.idgen.factory -- Registering IdentifierGenerator strategy [select] -> [org.hibernate.id.SelectGenerator]
21:10:28.019 [main] DEBUG org.hibernate.orm.idgen.factory -- Registering IdentifierGenerator strategy [sequence] -> [org.hibernate.id.enhanced.SequenceStyleGenerator]
21:10:28.021 [main] DEBUG org.hibernate.orm.idgen.factory -- Registering IdentifierGenerator strategy [increment] -> [org.hibernate.id.IncrementGenerator]
21:10:28.021 [main] DEBUG org.hibernate.orm.idgen.factory -- Registering IdentifierGenerator strategy [foreign] -> [org.hibernate.id.ForeignGenerator]
21:10:28.021 [main] DEBUG org.hibernate.orm.idgen.factory -- Registering IdentifierGenerator strategy [enhanced-sequence] -> [org.hibernate.id.enhanced.SequenceStyleGenerator]
21:10:28.022 [main] DEBUG org.hibernate.orm.idgen.factory -- Registering IdentifierGenerator strategy [enhanced-table] -> [org.hibernate.id.enhanced.TableGenerator]
21:10:28.037 [main] DEBUG org.hibernate.cache.internal.RegionFactoryInitiator -- Cannot default RegionFactory based on registered strategies as `[]` RegionFactory strategies were registered
21:10:28.038 [main] INFO org.hibernate.cache.internal.RegionFactoryInitiator -- HHH000026: Second-level cache disabled
21:10:28.189 [main] DEBUG org.hibernate.type.BasicTypeRegistry -- Adding type registration boolean -> org.hibernate.type.BasicTypeReference@55e3d6c3
21:10:28.189 [main] DEBUG org.hibernate.type.BasicTypeRegistry -- Adding type registration boolean -> org.hibernate.type.BasicTypeReference@55e3d6c3
21:10:28.189 [main] DEBUG org.hibernate.type.BasicTypeRegistry -- Adding type registration java.lang.Boolean -> org.hibernate.type.BasicTypeReference@55e3d6c3
21:10:28.189 [main] DEBUG org.hibernate.type.BasicTypeRegistry -- Adding type registration numeric_boolean -> org.hibernate.type.BasicTypeReference@30e6a763
21:10:28.189 [main] DEBUG org.hibernate.type.BasicTypeRegistry -- Adding type registration org.hibernate.type.NumericBooleanConverter -> org.hibernate.type.BasicTypeReference@30e6a763
21:10:28.189 [main] DEBUG org.hibernate.type.BasicTypeRegistry -- Adding type registration true_false -> org.hibernate.type.BasicTypeReference@4c48fe92
21:10:28.189 [main] DEBUG org.hibernate.type.BasicTypeRegistry -- Adding type registration org.hibernate.type.TrueFalseConverter -> org.hibernate.type.BasicTypeReference@4c48fe92
21:10:28.189 [main] DEBUG org.hibernate.type.BasicTypeRegistry -- Adding type registration yes_no -> org.hibernate.type.BasicTypeReference@732c9b5c
21:10:28.189 [main] DEBUG org.hibernate.type.BasicTypeRegistry -- Adding type registration org.hibernate.type.YesNoConverter -> org.hibernate.type.BasicTypeReference@732c9b5c
21:10:28.189 [main] DEBUG org.hibernate.type.BasicTypeRegistry -- Adding type registration byte -> org.hibernate.type.BasicTypeReference@38320e34
21:10:28.189 [main] DEBUG org.hibernate.type.BasicTypeRegistry -- Adding type registration byte -> org.hibernate.type.BasicTypeReference@38320e34
21:10:28.189 [main] DEBUG org.hibernate.type.BasicTypeRegistry -- Adding type registration java.lang.Byte -> org.hibernate.type.BasicTypeReference@38320e34
21:10:28.189 [main] DEBUG org.hibernate.type.BasicTypeRegistry -- Adding type registration binary -> org.hibernate.type.BasicTypeReference@3d6a6bee
21:10:28.189 [main] DEBUG org.hibernate.type.BasicTypeRegistry -- Adding type registration byte[] -> org.hibernate.type.BasicTypeReference@3d6a6bee
21:10:28.189 [main] DEBUG org.hibernate.type.BasicTypeRegistry -- Adding type registration [B -> org.hibernate.type.BasicTypeReference@3d6a6bee
21:10:28.189 [main] DEBUG org.hibernate.type.BasicTypeRegistry -- Adding type registration binary_wrapper -> org.hibernate.type.BasicTypeReference@36ddaebf
21:10:28.189 [main] DEBUG org.hibernate.type.BasicTypeRegistry -- Adding type registration wrapper-binary -> org.hibernate.type.BasicTypeReference@36ddaebf
21:10:28.189 [main] DEBUG org.hibernate.type.BasicTypeRegistry -- Adding type registration image -> org.hibernate.type.BasicTypeReference@213c3543
21:10:28.189 [main] DEBUG org.hibernate.type.BasicTypeRegistry -- Adding type registration blob -> org.hibernate.type.BasicTypeReference@9d7ccfe
21:10:28.189 [main] DEBUG org.hibernate.type.BasicTypeRegistry -- Adding type registration java.sql.Blob -> org.hibernate.type.BasicTypeReference@9d7ccfe
21:10:28.189 [main] DEBUG org.hibernate.type.BasicTypeRegistry -- Adding type registration materialized_blob -> org.hibernate.type.BasicTypeReference@670ce331
21:10:28.189 [main] DEBUG org.hibernate.type.BasicTypeRegistry -- Adding type registration materialized_blob_wrapper -> org.hibernate.type.BasicTypeReference@3cff0139
21:10:28.189 [main] DEBUG org.hibernate.type.BasicTypeRegistry -- Adding type registration short -> org.hibernate.type.BasicTypeReference@7c29adc8
21:10:28.189 [main] DEBUG org.hibernate.type.BasicTypeRegistry -- Adding type registration short -> org.hibernate.type.BasicTypeReference@7c29adc8
21:10:28.189 [main] DEBUG org.hibernate.type.BasicTypeRegistry -- Adding type registration java.lang.Short -> org.hibernate.type.BasicTypeReference@7c29adc8
21:10:28.189 [main] DEBUG org.hibernate.type.BasicTypeRegistry -- Adding type registration integer -> org.hibernate.type.BasicTypeReference@4b2e3e8f
21:10:28.189 [main] DEBUG org.hibernate.type.BasicTypeRegistry -- Adding type registration int -> org.hibernate.type.BasicTypeReference@4b2e3e8f
21:10:28.189 [main] DEBUG org.hibernate.type.BasicTypeRegistry -- Adding type registration java.lang.Integer -> org.hibernate.type.BasicTypeReference@4b2e3e8f
21:10:28.189 [main] DEBUG org.hibernate.type.BasicTypeRegistry -- Adding type registration long -> org.hibernate.type.BasicTypeReference@4bbb49b0
21:10:28.189 [main] DEBUG org.hibernate.type.BasicTypeRegistry -- Adding type registration long -> org.hibernate.type.BasicTypeReference@4bbb49b0
21:10:28.189 [main] DEBUG org.hibernate.type.BasicTypeRegistry -- Adding type registration java.lang.Long -> org.hibernate.type.BasicTypeReference@4bbb49b0
21:10:28.189 [main] DEBUG org.hibernate.type.BasicTypeRegistry -- Adding type registration float -> org.hibernate.type.BasicTypeReference@f096f37
21:10:28.189 [main] DEBUG org.hibernate.type.BasicTypeRegistry -- Adding type registration float -> org.hibernate.type.BasicTypeReference@f096f37
21:10:28.189 [main] DEBUG org.hibernate.type.BasicTypeRegistry -- Adding type registration java.lang.Float -> org.hibernate.type.BasicTypeReference@f096f37
21:10:28.189 [main] DEBUG org.hibernate.type.BasicTypeRegistry -- Adding type registration double -> org.hibernate.type.BasicTypeReference@3effd4f3
21:10:28.189 [main] DEBUG org.hibernate.type.BasicTypeRegistry -- Adding type registration double -> org.hibernate.type.BasicTypeReference@3effd4f3
21:10:28.189 [main] DEBUG org.hibernate.type.BasicTypeRegistry -- Adding type registration java.lang.Double -> org.hibernate.type.BasicTypeReference@3effd4f3
21:10:28.189 [main] DEBUG org.hibernate.type.BasicTypeRegistry -- Adding type registration big_integer -> org.hibernate.type.BasicTypeReference@41f4fe5
21:10:28.189 [main] DEBUG org.hibernate.type.BasicTypeRegistry -- Adding type registration java.math.BigInteger -> org.hibernate.type.BasicTypeReference@41f4fe5
21:10:28.189 [main] DEBUG org.hibernate.type.BasicTypeRegistry -- Adding type registration big_decimal -> org.hibernate.type.BasicTypeReference@15f8701f
21:10:28.189 [main] DEBUG org.hibernate.type.BasicTypeRegistry -- Adding type registration java.math.BigDecimal -> org.hibernate.type.BasicTypeReference@15f8701f
21:10:28.189 [main] DEBUG org.hibernate.type.BasicTypeRegistry -- Adding type registration character -> org.hibernate.type.BasicTypeReference@514cd540
21:10:28.189 [main] DEBUG org.hibernate.type.BasicTypeRegistry -- Adding type registration char -> org.hibernate.type.BasicTypeReference@514cd540
21:10:28.189 [main] DEBUG org.hibernate.type.BasicTypeRegistry -- Adding type registration java.lang.Character -> org.hibernate.type.BasicTypeReference@514cd540
21:10:28.189 [main] DEBUG org.hibernate.type.BasicTypeRegistry -- Adding type registration character_nchar -> org.hibernate.type.BasicTypeReference@11d4dbd6
21:10:28.189 [main] DEBUG org.hibernate.type.BasicTypeRegistry -- Adding type registration string -> org.hibernate.type.BasicTypeReference@6f4ade6e
21:10:28.189 [main] DEBUG org.hibernate.type.BasicTypeRegistry -- Adding type registration java.lang.String -> org.hibernate.type.BasicTypeReference@6f4ade6e
21:10:28.190 [main] DEBUG org.hibernate.type.BasicTypeRegistry -- Adding type registration nstring -> org.hibernate.type.BasicTypeReference@39e43310
21:10:28.190 [main] DEBUG org.hibernate.type.BasicTypeRegistry -- Adding type registration characters -> org.hibernate.type.BasicTypeReference@eb507b9
21:10:28.190 [main] DEBUG org.hibernate.type.BasicTypeRegistry -- Adding type registration char[] -> org.hibernate.type.BasicTypeReference@eb507b9
21:10:28.190 [main] DEBUG org.hibernate.type.BasicTypeRegistry -- Adding type registration [C -> org.hibernate.type.BasicTypeReference@eb507b9
21:10:28.190 [main] DEBUG org.hibernate.type.BasicTypeRegistry -- Adding type registration wrapper-characters -> org.hibernate.type.BasicTypeReference@390877d2
21:10:28.190 [main] DEBUG org.hibernate.type.BasicTypeRegistry -- Adding type registration text -> org.hibernate.type.BasicTypeReference@86733
21:10:28.190 [main] DEBUG org.hibernate.type.BasicTypeRegistry -- Adding type registration ntext -> org.hibernate.type.BasicTypeReference@186cb891
21:10:28.190 [main] DEBUG org.hibernate.type.BasicTypeRegistry -- Adding type registration clob -> org.hibernate.type.BasicTypeReference@3ec2ecea
21:10:28.190 [main] DEBUG org.hibernate.type.BasicTypeRegistry -- Adding type registration java.sql.Clob -> org.hibernate.type.BasicTypeReference@3ec2ecea
21:10:28.190 [main] DEBUG org.hibernate.type.BasicTypeRegistry -- Adding type registration nclob -> org.hibernate.type.BasicTypeReference@440eaa07
21:10:28.190 [main] DEBUG org.hibernate.type.BasicTypeRegistry -- Adding type registration java.sql.NClob -> org.hibernate.type.BasicTypeReference@440eaa07
21:10:28.190 [main] DEBUG org.hibernate.type.BasicTypeRegistry -- Adding type registration materialized_clob -> org.hibernate.type.BasicTypeReference@7fc7c4a
21:10:28.190 [main] DEBUG org.hibernate.type.BasicTypeRegistry -- Adding type registration materialized_clob_char_array -> org.hibernate.type.BasicTypeReference@7aa9e414
21:10:28.190 [main] DEBUG org.hibernate.type.BasicTypeRegistry -- Adding type registration materialized_clob_character_array -> org.hibernate.type.BasicTypeReference@53a5e217
21:10:28.190 [main] DEBUG org.hibernate.type.BasicTypeRegistry -- Adding type registration materialized_nclob -> org.hibernate.type.BasicTypeReference@624a24f6
21:10:28.190 [main] DEBUG org.hibernate.type.BasicTypeRegistry -- Adding type registration materialized_nclob_character_array -> org.hibernate.type.BasicTypeReference@6b00ad9
21:10:28.190 [main] DEBUG org.hibernate.type.BasicTypeRegistry -- Adding type registration materialized_nclob_char_array -> org.hibernate.type.BasicTypeReference@338cc75f
21:10:28.190 [main] DEBUG org.hibernate.type.BasicTypeRegistry -- Adding type registration Duration -> org.hibernate.type.BasicTypeReference@4f453e63
21:10:28.190 [main] DEBUG org.hibernate.type.BasicTypeRegistry -- Adding type registration java.time.Duration -> org.hibernate.type.BasicTypeReference@4f453e63
21:10:28.190 [main] DEBUG org.hibernate.type.BasicTypeRegistry -- Adding type registration LocalDateTime -> org.hibernate.type.BasicTypeReference@7c9bdee9
21:10:28.190 [main] DEBUG org.hibernate.type.BasicTypeRegistry -- Adding type registration java.time.LocalDateTime -> org.hibernate.type.BasicTypeReference@7c9bdee9
21:10:28.190 [main] DEBUG org.hibernate.type.BasicTypeRegistry -- Adding type registration LocalDate -> org.hibernate.type.BasicTypeReference@7afbf561
21:10:28.190 [main] DEBUG org.hibernate.type.BasicTypeRegistry -- Adding type registration java.time.LocalDate -> org.hibernate.type.BasicTypeReference@7afbf561
21:10:28.190 [main] DEBUG org.hibernate.type.BasicTypeRegistry -- Adding type registration LocalTime -> org.hibernate.type.BasicTypeReference@2f98635e
21:10:28.190 [main] DEBUG org.hibernate.type.BasicTypeRegistry -- Adding type registration java.time.LocalTime -> org.hibernate.type.BasicTypeReference@2f98635e
21:10:28.190 [main] DEBUG org.hibernate.type.BasicTypeRegistry -- Adding type registration OffsetDateTime -> org.hibernate.type.BasicTypeReference@49c8f6e8
21:10:28.190 [main] DEBUG org.hibernate.type.BasicTypeRegistry -- Adding type registration java.time.OffsetDateTime -> org.hibernate.type.BasicTypeReference@49c8f6e8
21:10:28.190 [main] DEBUG org.hibernate.type.BasicTypeRegistry -- Adding type registration OffsetDateTimeWithTimezone -> org.hibernate.type.BasicTypeReference@6b0615ae
21:10:28.190 [main] DEBUG org.hibernate.type.BasicTypeRegistry -- Adding type registration OffsetDateTimeWithoutTimezone -> org.hibernate.type.BasicTypeReference@4e73b552
21:10:28.190 [main] DEBUG org.hibernate.type.BasicTypeRegistry -- Adding type registration OffsetTime -> org.hibernate.type.BasicTypeReference@221dad51
21:10:28.190 [main] DEBUG org.hibernate.type.BasicTypeRegistry -- Adding type registration java.time.OffsetTime -> org.hibernate.type.BasicTypeReference@221dad51
21:10:28.190 [main] DEBUG org.hibernate.type.BasicTypeRegistry -- Adding type registration OffsetTimeUtc -> org.hibernate.type.BasicTypeReference@2cec704c
21:10:28.190 [main] DEBUG org.hibernate.type.BasicTypeRegistry -- Adding type registration OffsetTimeWithTimezone -> org.hibernate.type.BasicTypeReference@771cbb1a
21:10:28.190 [main] DEBUG org.hibernate.type.BasicTypeRegistry -- Adding type registration OffsetTimeWithoutTimezone -> org.hibernate.type.BasicTypeReference@2416498e
21:10:28.190 [main] DEBUG org.hibernate.type.BasicTypeRegistry -- Adding type registration ZonedDateTime -> org.hibernate.type.BasicTypeReference@6b2e0f78
21:10:28.190 [main] DEBUG org.hibernate.type.BasicTypeRegistry -- Adding type registration java.time.ZonedDateTime -> org.hibernate.type.BasicTypeReference@6b2e0f78
21:10:28.190 [main] DEBUG org.hibernate.type.BasicTypeRegistry -- Adding type registration ZonedDateTimeWithTimezone -> org.hibernate.type.BasicTypeReference@240f6c41
21:10:28.190 [main] DEBUG org.hibernate.type.BasicTypeRegistry -- Adding type registration ZonedDateTimeWithoutTimezone -> org.hibernate.type.BasicTypeReference@3659d7b1
21:10:28.190 [main] DEBUG org.hibernate.type.BasicTypeRegistry -- Adding type registration date -> org.hibernate.type.BasicTypeReference@2015b2cd
21:10:28.190 [main] DEBUG org.hibernate.type.BasicTypeRegistry -- Adding type registration java.sql.Date -> org.hibernate.type.BasicTypeReference@2015b2cd
21:10:28.190 [main] DEBUG org.hibernate.type.BasicTypeRegistry -- Adding type registration time -> org.hibernate.type.BasicTypeReference@3bdb2c78
21:10:28.190 [main] DEBUG org.hibernate.type.BasicTypeRegistry -- Adding type registration java.sql.Time -> org.hibernate.type.BasicTypeReference@3bdb2c78
21:10:28.190 [main] DEBUG org.hibernate.type.BasicTypeRegistry -- Adding type registration timestamp -> org.hibernate.type.BasicTypeReference@64693226
21:10:28.190 [main] DEBUG org.hibernate.type.BasicTypeRegistry -- Adding type registration java.sql.Timestamp -> org.hibernate.type.BasicTypeReference@64693226
21:10:28.190 [main] DEBUG org.hibernate.type.BasicTypeRegistry -- Adding type registration java.util.Date -> org.hibernate.type.BasicTypeReference@64693226
21:10:28.190 [main] DEBUG org.hibernate.type.BasicTypeRegistry -- Adding type registration calendar -> org.hibernate.type.BasicTypeReference@1c758545
21:10:28.190 [main] DEBUG org.hibernate.type.BasicTypeRegistry -- Adding type registration java.util.Calendar -> org.hibernate.type.BasicTypeReference@1c758545
21:10:28.190 [main] DEBUG org.hibernate.type.BasicTypeRegistry -- Adding type registration java.util.GregorianCalendar -> org.hibernate.type.BasicTypeReference@1c758545
21:10:28.190 [main] DEBUG org.hibernate.type.BasicTypeRegistry -- Adding type registration calendar_date -> org.hibernate.type.BasicTypeReference@117bcfdc
21:10:28.190 [main] DEBUG org.hibernate.type.BasicTypeRegistry -- Adding type registration calendar_time -> org.hibernate.type.BasicTypeReference@73a19967
21:10:28.190 [main] DEBUG org.hibernate.type.BasicTypeRegistry -- Adding type registration instant -> org.hibernate.type.BasicTypeReference@5e746d37
21:10:28.190 [main] DEBUG org.hibernate.type.BasicTypeRegistry -- Adding type registration java.time.Instant -> org.hibernate.type.BasicTypeReference@5e746d37
21:10:28.190 [main] DEBUG org.hibernate.type.BasicTypeRegistry -- Adding type registration uuid -> org.hibernate.type.BasicTypeReference@6e1b9411
21:10:28.191 [main] DEBUG org.hibernate.type.BasicTypeRegistry -- Adding type registration java.util.UUID -> org.hibernate.type.BasicTypeReference@6e1b9411
21:10:28.191 [main] DEBUG org.hibernate.type.BasicTypeRegistry -- Adding type registration pg-uuid -> org.hibernate.type.BasicTypeReference@6e1b9411
21:10:28.191 [main] DEBUG org.hibernate.type.BasicTypeRegistry -- Adding type registration uuid-binary -> org.hibernate.type.BasicTypeReference@21d1b321
21:10:28.191 [main] DEBUG org.hibernate.type.BasicTypeRegistry -- Adding type registration uuid-char -> org.hibernate.type.BasicTypeReference@5ec46cdd
21:10:28.191 [main] DEBUG org.hibernate.type.BasicTypeRegistry -- Adding type registration class -> org.hibernate.type.BasicTypeReference@2324bfe7
21:10:28.191 [main] DEBUG org.hibernate.type.BasicTypeRegistry -- Adding type registration java.lang.Class -> org.hibernate.type.BasicTypeReference@2324bfe7
21:10:28.191 [main] DEBUG org.hibernate.type.BasicTypeRegistry -- Adding type registration currency -> org.hibernate.type.BasicTypeReference@112d1c8e
21:10:28.191 [main] DEBUG org.hibernate.type.BasicTypeRegistry -- Adding type registration Currency -> org.hibernate.type.BasicTypeReference@112d1c8e
21:10:28.191 [main] DEBUG org.hibernate.type.BasicTypeRegistry -- Adding type registration java.util.Currency -> org.hibernate.type.BasicTypeReference@112d1c8e
21:10:28.191 [main] DEBUG org.hibernate.type.BasicTypeRegistry -- Adding type registration locale -> org.hibernate.type.BasicTypeReference@3d49fd31
21:10:28.191 [main] DEBUG org.hibernate.type.BasicTypeRegistry -- Adding type registration java.util.Locale -> org.hibernate.type.BasicTypeReference@3d49fd31
21:10:28.191 [main] DEBUG org.hibernate.type.BasicTypeRegistry -- Adding type registration serializable -> org.hibernate.type.BasicTypeReference@4016ccc1
21:10:28.191 [main] DEBUG org.hibernate.type.BasicTypeRegistry -- Adding type registration java.io.Serializable -> org.hibernate.type.BasicTypeReference@4016ccc1
21:10:28.191 [main] DEBUG org.hibernate.type.BasicTypeRegistry -- Adding type registration timezone -> org.hibernate.type.BasicTypeReference@46cb98a3
21:10:28.191 [main] DEBUG org.hibernate.type.BasicTypeRegistry -- Adding type registration java.util.TimeZone -> org.hibernate.type.BasicTypeReference@46cb98a3
21:10:28.191 [main] DEBUG org.hibernate.type.BasicTypeRegistry -- Adding type registration ZoneOffset -> org.hibernate.type.BasicTypeReference@3ffb3598
21:10:28.191 [main] DEBUG org.hibernate.type.BasicTypeRegistry -- Adding type registration java.time.ZoneOffset -> org.hibernate.type.BasicTypeReference@3ffb3598
21:10:28.191 [main] DEBUG org.hibernate.type.BasicTypeRegistry -- Adding type registration url -> org.hibernate.type.BasicTypeReference@4da9f723
21:10:28.191 [main] DEBUG org.hibernate.type.BasicTypeRegistry -- Adding type registration java.net.URL -> org.hibernate.type.BasicTypeReference@4da9f723
21:10:28.191 [main] DEBUG org.hibernate.type.BasicTypeRegistry -- Adding type registration vector -> org.hibernate.type.BasicTypeReference@3b2f4a93
21:10:28.191 [main] DEBUG org.hibernate.type.BasicTypeRegistry -- Adding type registration row_version -> org.hibernate.type.BasicTypeReference@213bd3d5
21:10:28.197 [main] DEBUG org.hibernate.type.BasicTypeRegistry -- Adding type registration object -> org.hibernate.type.JavaObjectType@51ce6f85
21:10:28.197 [main] DEBUG org.hibernate.type.BasicTypeRegistry -- Adding type registration java.lang.Object -> org.hibernate.type.JavaObjectType@51ce6f85
21:10:28.198 [main] DEBUG org.hibernate.type.BasicTypeRegistry -- Adding type registration null -> org.hibernate.type.NullType@10acd6
21:10:28.198 [main] DEBUG org.hibernate.type.BasicTypeRegistry -- Adding type registration imm_date -> org.hibernate.type.BasicTypeReference@61dde151
21:10:28.198 [main] DEBUG org.hibernate.type.BasicTypeRegistry -- Adding type registration imm_time -> org.hibernate.type.BasicTypeReference@b25b095
21:10:28.198 [main] DEBUG org.hibernate.type.BasicTypeRegistry -- Adding type registration imm_timestamp -> org.hibernate.type.BasicTypeReference@5cb042da
21:10:28.198 [main] DEBUG org.hibernate.type.BasicTypeRegistry -- Adding type registration imm_calendar -> org.hibernate.type.BasicTypeReference@59c33386
21:10:28.198 [main] DEBUG org.hibernate.type.BasicTypeRegistry -- Adding type registration imm_calendar_date -> org.hibernate.type.BasicTypeReference@571a9686
21:10:28.198 [main] DEBUG org.hibernate.type.BasicTypeRegistry -- Adding type registration imm_calendar_time -> org.hibernate.type.BasicTypeReference@719d35e8
21:10:28.198 [main] DEBUG org.hibernate.type.BasicTypeRegistry -- Adding type registration imm_binary -> org.hibernate.type.BasicTypeReference@2f651f93
21:10:28.198 [main] DEBUG org.hibernate.type.BasicTypeRegistry -- Adding type registration imm_serializable -> org.hibernate.type.BasicTypeReference@6ffa56fa
21:10:28.231 [main] WARN org.hibernate.orm.connections.pooling -- HHH10001002: Using built-in connection pool (not intended for production use)
21:10:28.256 [main] INFO org.hibernate.orm.connections.pooling -- HHH10001005: Loaded JDBC driver class: org.postgresql.Driver
21:10:28.256 [main] INFO org.hibernate.orm.connections.pooling -- HHH10001012: Connecting with JDBC URL [jdbc:postgresql://localhost:49846/pets?loggerLevel=OFF]
21:10:28.256 [main] INFO org.hibernate.orm.connections.pooling -- HHH10001001: Connection properties: {password=Pofigict2005, user=postgres}
21:10:28.256 [main] INFO org.hibernate.orm.connections.pooling -- HHH10001003: Autocommit mode: false
21:10:28.259 [main] DEBUG org.hibernate.orm.connections.pooling -- Initializing Connection pool with 1 Connections
21:10:28.259 [main] INFO org.hibernate.orm.connections.pooling -- HHH10001115: Connection pool size: 20 (min=1)
21:10:28.513 [main] DEBUG org.hibernate.engine.jdbc.env.internal.JdbcEnvironmentInitiator -- Database ->
       name : PostgreSQL
    version : 17.4 (Debian 17.4-1.pgdg120+2)
      major : 17
      minor : 4
21:10:28.513 [main] DEBUG org.hibernate.engine.jdbc.env.internal.JdbcEnvironmentInitiator -- Driver ->
       name : PostgreSQL JDBC Driver
    version : 42.6.0
      major : 42
      minor : 6
21:10:28.513 [main] DEBUG org.hibernate.engine.jdbc.env.internal.JdbcEnvironmentInitiator -- JDBC version : 4.2
21:10:28.574 [main] WARN org.hibernate.orm.deprecation -- HHH90000025: PostgreSQLDialect does not need to be specified explicitly using 'hibernate.dialect' (remove the property setting and it will be selected by default)
21:10:28.579 [main] DEBUG org.hibernate.orm.dialect -- HHH035001: Using dialect: org.hibernate.dialect.PostgreSQLDialect, version: 17.4
21:10:28.588 [main] DEBUG org.hibernate.engine.jdbc.env.spi.IdentifierHelperBuilder -- JDBC driver metadata reported database stores quoted identifiers in neither upper, lower nor mixed case
21:10:28.604 [main] DEBUG org.hibernate.orm.jdbc.lob -- HHH10010004: Disabling contextual LOB creation as Dialect reported it is not supported
21:10:28.615 [main] DEBUG org.hibernate.type.descriptor.sql.spi.DdlTypeRegistry -- addDescriptor(2003, org.hibernate.type.descriptor.sql.internal.ArrayDdlTypeImpl@56cfe111) replaced previous registration(org.hibernate.type.descriptor.sql.internal.ArrayDdlTypeImpl@7e446d92)
21:10:28.615 [main] DEBUG org.hibernate.type.descriptor.sql.spi.DdlTypeRegistry -- addDescriptor(6, org.hibernate.type.descriptor.sql.internal.CapacityDependentDdlType@57f9b467) replaced previous registration(org.hibernate.type.descriptor.sql.internal.DdlTypeImpl@6d5c2745)
21:10:28.618 [main] DEBUG org.hibernate.type.descriptor.jdbc.spi.JdbcTypeRegistry -- addDescriptor(2004, BlobTypeDescriptor(BLOB_BINDING)) replaced previous registration(BlobTypeDescriptor(DEFAULT))
21:10:28.619 [main] DEBUG org.hibernate.type.descriptor.jdbc.spi.JdbcTypeRegistry -- addDescriptor(2005, ClobTypeDescriptor(CLOB_BINDING)) replaced previous registration(ClobTypeDescriptor(DEFAULT))
21:10:28.630 [main] DEBUG org.hibernate.type.BasicTypeRegistry -- Adding type registration JAVA_OBJECT -> org.hibernate.type.JavaObjectType@77865933
21:10:28.630 [main] DEBUG org.hibernate.type.BasicTypeRegistry -- Adding type registration java.lang.Object -> org.hibernate.type.JavaObjectType@77865933
21:10:28.630 [main] DEBUG org.hibernate.type.BasicTypeRegistry -- Type registration key [java.lang.Object] overrode previous entry : `org.hibernate.type.JavaObjectType@51ce6f85`
21:10:28.636 [main] DEBUG org.hibernate.type.BasicTypeRegistry -- Adding type registration org.hibernate.type.DurationType -> basicType@1(java.time.Duration,2)
21:10:28.636 [main] DEBUG org.hibernate.type.BasicTypeRegistry -- Adding type registration Duration -> basicType@1(java.time.Duration,2)
21:10:28.636 [main] DEBUG org.hibernate.type.BasicTypeRegistry -- Adding type registration java.time.Duration -> basicType@1(java.time.Duration,2)
21:10:28.640 [main] DEBUG org.hibernate.type.BasicTypeRegistry -- Adding type registration org.hibernate.type.OffsetDateTimeType -> basicType@2(java.time.OffsetDateTime,3003)
21:10:28.640 [main] DEBUG org.hibernate.type.BasicTypeRegistry -- Adding type registration OffsetDateTime -> basicType@2(java.time.OffsetDateTime,3003)
21:10:28.640 [main] DEBUG org.hibernate.type.BasicTypeRegistry -- Adding type registration java.time.OffsetDateTime -> basicType@2(java.time.OffsetDateTime,3003)
21:10:28.640 [main] DEBUG org.hibernate.type.BasicTypeRegistry -- Adding type registration org.hibernate.type.ZonedDateTimeType -> basicType@3(java.time.ZonedDateTime,3003)
21:10:28.640 [main] DEBUG org.hibernate.type.BasicTypeRegistry -- Adding type registration ZonedDateTime -> basicType@3(java.time.ZonedDateTime,3003)
21:10:28.640 [main] DEBUG org.hibernate.type.BasicTypeRegistry -- Adding type registration java.time.ZonedDateTime -> basicType@3(java.time.ZonedDateTime,3003)
21:10:28.641 [main] DEBUG org.hibernate.type.BasicTypeRegistry -- Adding type registration org.hibernate.type.OffsetTimeType -> basicType@4(java.time.OffsetTime,3007)
21:10:28.641 [main] DEBUG org.hibernate.type.BasicTypeRegistry -- Adding type registration OffsetTime -> basicType@4(java.time.OffsetTime,3007)
21:10:28.641 [main] DEBUG org.hibernate.type.BasicTypeRegistry -- Adding type registration java.time.OffsetTime -> basicType@4(java.time.OffsetTime,3007)
21:10:28.642 [main] DEBUG org.hibernate.type.spi.TypeConfiguration$Scope -- Scoping TypeConfiguration [org.hibernate.type.spi.TypeConfiguration@30f74e79] to MetadataBuildingContext [org.hibernate.boot.internal.MetadataBuildingContextRootImpl@2c88a3e8]
21:10:28.699 [main] DEBUG org.hibernate.boot.model.relational.Namespace -- Created database namespace [logicalName=Name{catalog=null, schema=null}, physicalName=Name{catalog=null, schema=null}]
21:10:28.742 [main] DEBUG org.hibernate.boot.model.internal.EntityBinder -- Binding entity from annotated class: org.lab2.Pets.Pet
21:10:28.752 [main] DEBUG org.hibernate.boot.model.internal.EntityBinder -- Import with entity name Pet
21:10:28.759 [main] DEBUG org.hibernate.boot.model.internal.EntityBinder -- Bind entity org.lab2.Pets.Pet on table pets
21:10:28.773 [main] DEBUG org.hibernate.boot.model.internal.AnnotatedColumn -- Binding column: AnnotatedDiscriminatorColumn(column='DTYPE')
21:10:28.806 [main] DEBUG org.hibernate.boot.model.internal.AnnotatedColumn -- Binding column: AnnotatedColumn()
21:10:28.807 [main] DEBUG org.hibernate.boot.internal.ClassLoaderAccessImpl -- Not known whether passed class name [org.lab2.Pets.Pet] is safe
21:10:28.807 [main] DEBUG org.hibernate.boot.internal.ClassLoaderAccessImpl -- No temp ClassLoader provided; using live ClassLoader for loading potentially unsafe class : org.lab2.Pets.Pet
21:10:28.811 [main] DEBUG org.hibernate.boot.model.internal.PropertyBinder -- MetadataSourceProcessor property id with lazy=false
21:10:28.816 [main] DEBUG org.hibernate.boot.model.internal.AbstractPropertyHolder -- Attempting to locate auto-apply AttributeConverter for property [org.lab2.Pets.Pet:id]
21:10:28.820 [main] DEBUG org.hibernate.boot.model.internal.BasicValueBinder -- building BasicValue for id
21:10:28.825 [main] DEBUG org.hibernate.mapping.BasicValue -- Skipping column re-registration: pets.id
21:10:28.826 [main] DEBUG org.hibernate.boot.model.internal.PropertyBinder -- Building property id
21:10:28.830 [main] DEBUG org.hibernate.boot.model.internal.BinderHelper -- #makeIdGenerator(BasicValue([Column(id)]), id, identity, , ...)
21:10:28.832 [main] DEBUG org.hibernate.boot.model.internal.AnnotatedColumn -- Binding column: AnnotatedColumn(column='birth_date')
21:10:28.832 [main] DEBUG org.hibernate.boot.model.internal.PropertyBinder -- MetadataSourceProcessor property birthDate with lazy=false
21:10:28.832 [main] DEBUG org.hibernate.boot.model.internal.AbstractPropertyHolder -- Attempting to locate auto-apply AttributeConverter for property [org.lab2.Pets.Pet:birthDate]
21:10:28.832 [main] DEBUG org.hibernate.boot.model.internal.BasicValueBinder -- building BasicValue for birthDate
21:10:28.832 [main] DEBUG org.hibernate.mapping.BasicValue -- Skipping column re-registration: pets.birth_date
21:10:28.832 [main] DEBUG org.hibernate.boot.model.internal.PropertyBinder -- Building property birthDate
21:10:28.833 [main] DEBUG org.hibernate.boot.model.internal.AnnotatedColumn -- Binding column: AnnotatedColumn()
21:10:28.833 [main] DEBUG org.hibernate.boot.model.internal.PropertyBinder -- MetadataSourceProcessor property breed with lazy=false
21:10:28.833 [main] DEBUG org.hibernate.boot.model.internal.AbstractPropertyHolder -- Attempting to locate auto-apply AttributeConverter for property [org.lab2.Pets.Pet:breed]
21:10:28.833 [main] DEBUG org.hibernate.boot.model.internal.BasicValueBinder -- building BasicValue for breed
21:10:28.833 [main] DEBUG org.hibernate.mapping.BasicValue -- Skipping column re-registration: pets.breed
21:10:28.833 [main] DEBUG org.hibernate.boot.model.internal.PropertyBinder -- Building property breed
21:10:28.833 [main] DEBUG org.hibernate.boot.model.internal.AnnotatedColumn -- Binding column: AnnotatedColumn()
21:10:28.833 [main] DEBUG org.hibernate.boot.model.internal.PropertyBinder -- MetadataSourceProcessor property color with lazy=false
21:10:28.833 [main] DEBUG org.hibernate.boot.model.internal.AbstractPropertyHolder -- Attempting to locate auto-apply AttributeConverter for property [org.lab2.Pets.Pet:color]
21:10:28.833 [main] DEBUG org.hibernate.boot.model.internal.BasicValueBinder -- building BasicValue for color
21:10:28.833 [main] DEBUG org.hibernate.mapping.BasicValue -- Skipping column re-registration: pets.color
21:10:28.833 [main] DEBUG org.hibernate.boot.model.internal.PropertyBinder -- Building property color
21:10:28.848 [main] DEBUG org.hibernate.boot.model.internal.AnnotatedColumn -- Binding column: IndexColumn(column='friends_ORDER')
21:10:28.852 [main] DEBUG org.hibernate.boot.model.internal.AnnotatedColumn -- Binding column: AnnotatedColumn()
21:10:28.853 [main] DEBUG org.hibernate.boot.model.internal.AnnotatedColumn -- Binding column: AnnotatedColumn(column='friends_KEY')
21:10:28.855 [main] DEBUG org.hibernate.boot.model.internal.AnnotatedColumn -- Binding column: AnnotatedJoinColumn(column='friends_KEY')
21:10:28.857 [main] DEBUG org.hibernate.boot.model.internal.AnnotatedColumn -- Binding column: AnnotatedJoinColumn(column='pet_id')
21:10:28.857 [main] DEBUG org.hibernate.boot.model.internal.AnnotatedColumn -- Binding column: AnnotatedJoinColumn(column='friend_id')
21:10:28.860 [main] DEBUG org.hibernate.boot.model.internal.CollectionBinder -- Collection role: org.lab2.Pets.Pet.friends
21:10:28.862 [main] DEBUG org.hibernate.boot.model.internal.PropertyBinder -- Building property friends
21:10:28.862 [main] DEBUG org.hibernate.boot.model.internal.AnnotatedColumn -- Binding column: AnnotatedColumn()
21:10:28.863 [main] DEBUG org.hibernate.boot.model.internal.PropertyBinder -- MetadataSourceProcessor property name with lazy=false
21:10:28.863 [main] DEBUG org.hibernate.boot.model.internal.AbstractPropertyHolder -- Attempting to locate auto-apply AttributeConverter for property [org.lab2.Pets.Pet:name]
21:10:28.863 [main] DEBUG org.hibernate.boot.model.internal.BasicValueBinder -- building BasicValue for name
21:10:28.863 [main] DEBUG org.hibernate.mapping.BasicValue -- Skipping column re-registration: pets.name
21:10:28.863 [main] DEBUG org.hibernate.boot.model.internal.PropertyBinder -- Building property name
21:10:28.863 [main] DEBUG org.hibernate.boot.model.internal.AnnotatedColumn -- Binding column: AnnotatedJoinColumn(column='owner_id')
21:10:28.863 [main] DEBUG org.hibernate.boot.model.internal.AnnotatedColumn -- Binding column: AnnotatedColumn()
21:10:28.866 [main] DEBUG org.hibernate.boot.model.internal.PropertyBinder -- Building property owner
21:10:28.867 [main] DEBUG org.hibernate.boot.registry.classloading.internal.ClassLoaderServiceImpl -- HHH000194: Package not found or wo package-info.java: org.lab2.Pets
21:10:28.876 [main] DEBUG org.hibernate.boot.model.internal.EntityBinder -- Binding entity from annotated class: org.lab2.Owners.Owner
21:10:28.877 [main] DEBUG org.hibernate.boot.model.internal.EntityBinder -- Import with entity name Owner
21:10:28.877 [main] DEBUG org.hibernate.boot.model.internal.EntityBinder -- Bind entity org.lab2.Owners.Owner on table owners
21:10:28.877 [main] DEBUG org.hibernate.boot.model.internal.AnnotatedColumn -- Binding column: AnnotatedDiscriminatorColumn(column='DTYPE')
21:10:28.879 [main] DEBUG org.hibernate.boot.model.internal.AnnotatedColumn -- Binding column: AnnotatedColumn()
21:10:28.879 [main] DEBUG org.hibernate.boot.internal.ClassLoaderAccessImpl -- Not known whether passed class name [org.lab2.Owners.Owner] is safe
21:10:28.879 [main] DEBUG org.hibernate.boot.internal.ClassLoaderAccessImpl -- No temp ClassLoader provided; using live ClassLoader for loading potentially unsafe class : org.lab2.Owners.Owner
21:10:28.879 [main] DEBUG org.hibernate.boot.model.internal.PropertyBinder -- MetadataSourceProcessor property id with lazy=false
21:10:28.879 [main] DEBUG org.hibernate.boot.model.internal.AbstractPropertyHolder -- Attempting to locate auto-apply AttributeConverter for property [org.lab2.Owners.Owner:id]
21:10:28.879 [main] DEBUG org.hibernate.boot.model.internal.BasicValueBinder -- building BasicValue for id
21:10:28.879 [main] DEBUG org.hibernate.mapping.BasicValue -- Skipping column re-registration: owners.id
21:10:28.879 [main] DEBUG org.hibernate.boot.model.internal.PropertyBinder -- Building property id
21:10:28.880 [main] DEBUG org.hibernate.boot.model.internal.BinderHelper -- #makeIdGenerator(BasicValue([Column(id)]), id, identity, , ...)
21:10:28.880 [main] DEBUG org.hibernate.boot.model.internal.AnnotatedColumn -- Binding column: AnnotatedColumn(column='birth_date')
21:10:28.880 [main] DEBUG org.hibernate.boot.model.internal.PropertyBinder -- MetadataSourceProcessor property birthDate with lazy=false
21:10:28.880 [main] DEBUG org.hibernate.boot.model.internal.AbstractPropertyHolder -- Attempting to locate auto-apply AttributeConverter for property [org.lab2.Owners.Owner:birthDate]
21:10:28.880 [main] DEBUG org.hibernate.boot.model.internal.BasicValueBinder -- building BasicValue for birthDate
21:10:28.880 [main] DEBUG org.hibernate.mapping.BasicValue -- Skipping column re-registration: owners.birth_date
21:10:28.880 [main] DEBUG org.hibernate.boot.model.internal.PropertyBinder -- Building property birthDate
21:10:28.880 [main] DEBUG org.hibernate.boot.model.internal.AnnotatedColumn -- Binding column: AnnotatedColumn()
21:10:28.880 [main] DEBUG org.hibernate.boot.model.internal.PropertyBinder -- MetadataSourceProcessor property name with lazy=false
21:10:28.880 [main] DEBUG org.hibernate.boot.model.internal.AbstractPropertyHolder -- Attempting to locate auto-apply AttributeConverter for property [org.lab2.Owners.Owner:name]
21:10:28.880 [main] DEBUG org.hibernate.boot.model.internal.BasicValueBinder -- building BasicValue for name
21:10:28.880 [main] DEBUG org.hibernate.mapping.BasicValue -- Skipping column re-registration: owners.name
21:10:28.880 [main] DEBUG org.hibernate.boot.model.internal.PropertyBinder -- Building property name
21:10:28.881 [main] DEBUG org.hibernate.boot.model.internal.AnnotatedColumn -- Binding column: AnnotatedJoinColumn()
21:10:28.881 [main] DEBUG org.hibernate.boot.model.internal.AnnotatedColumn -- Binding column: AnnotatedColumn()
21:10:28.881 [main] DEBUG org.hibernate.boot.model.internal.AnnotatedColumn -- Binding column: IndexColumn(column='pets_ORDER')
21:10:28.881 [main] DEBUG org.hibernate.boot.model.internal.AnnotatedColumn -- Binding column: AnnotatedColumn()
21:10:28.882 [main] DEBUG org.hibernate.boot.model.internal.AnnotatedColumn -- Binding column: AnnotatedColumn(column='pets_KEY')
21:10:28.882 [main] DEBUG org.hibernate.boot.model.internal.AnnotatedColumn -- Binding column: AnnotatedJoinColumn(column='pets_KEY')
21:10:28.882 [main] DEBUG org.hibernate.boot.model.internal.AnnotatedColumn -- Binding column: AnnotatedJoinColumn()
21:10:28.882 [main] DEBUG org.hibernate.boot.model.internal.AnnotatedColumn -- Binding column: AnnotatedJoinColumn()
21:10:28.882 [main] DEBUG org.hibernate.boot.model.internal.CollectionBinder -- Collection role: org.lab2.Owners.Owner.pets
21:10:28.882 [main] DEBUG org.hibernate.boot.model.internal.PropertyBinder -- Building property pets
21:10:28.884 [main] DEBUG org.hibernate.boot.registry.classloading.internal.ClassLoaderServiceImpl -- HHH000194: Package not found or wo package-info.java: org.lab2.Owners
21:10:28.902 [main] DEBUG org.hibernate.boot.model.internal.BasicValueBinder -- Starting `BasicValueBinder#fillSimpleValue` for id
21:10:28.904 [main] DEBUG org.hibernate.boot.model.internal.BasicValueBinder -- Starting `BasicValueBinder#fillSimpleValue` for birthDate
21:10:28.904 [main] DEBUG org.hibernate.boot.model.internal.BasicValueBinder -- Starting `BasicValueBinder#fillSimpleValue` for breed
21:10:28.904 [main] DEBUG org.hibernate.boot.model.internal.BasicValueBinder -- Starting `BasicValueBinder#fillSimpleValue` for color
21:10:28.906 [main] DEBUG org.hibernate.boot.model.internal.BasicValueBinder -- Starting `BasicValueBinder#fillSimpleValue` for name
21:10:28.906 [main] DEBUG org.hibernate.boot.model.internal.BasicValueBinder -- Starting `BasicValueBinder#fillSimpleValue` for id
21:10:28.906 [main] DEBUG org.hibernate.boot.model.internal.BasicValueBinder -- Starting `BasicValueBinder#fillSimpleValue` for birthDate
21:10:28.906 [main] DEBUG org.hibernate.boot.model.internal.BasicValueBinder -- Starting `BasicValueBinder#fillSimpleValue` for name
21:10:28.911 [main] DEBUG org.hibernate.mapping.PrimaryKey -- Forcing column [id] to be non-null as it is part of the primary key for table [pets]
21:10:28.911 [main] DEBUG org.hibernate.mapping.PrimaryKey -- Forcing column [id] to be non-null as it is part of the primary key for table [owners]
21:10:28.911 [main] DEBUG org.hibernate.boot.model.internal.CollectionSecondPass -- Second pass for collection: org.lab2.Pets.Pet.friends
21:10:28.912 [main] DEBUG org.hibernate.boot.model.internal.CollectionBinder -- Binding a ManyToMany: org.lab2.Pets.Pet.friends
21:10:28.913 [main] DEBUG org.hibernate.boot.registry.classloading.internal.ClassLoaderServiceImpl -- HHH000194: Package not found or wo package-info.java: org.lab2.Pets
21:10:28.919 [main] DEBUG org.hibernate.boot.model.internal.CollectionSecondPass -- Mapped collection key: pet_id, element: friend_id
21:10:28.921 [main] DEBUG org.hibernate.boot.model.internal.CollectionSecondPass -- Second pass for collection: org.lab2.Owners.Owner.pets
21:10:28.922 [main] DEBUG org.hibernate.boot.model.internal.CollectionBinder -- Binding a OneToMany: org.lab2.Owners.Owner.pets through a foreign key
21:10:28.922 [main] DEBUG org.hibernate.boot.model.internal.CollectionBinder -- Mapping collection: org.lab2.Owners.Owner.pets -> pets
21:10:28.922 [main] DEBUG org.hibernate.boot.model.internal.TableBinder -- Retrieving property org.lab2.Pets.Pet.owner
21:10:28.922 [main] DEBUG org.hibernate.boot.model.internal.CollectionSecondPass -- Mapped collection key: owner_id, one-to-many: org.lab2.Pets.Pet
21:10:28.922 [main] DEBUG org.hibernate.boot.internal.InFlightMetadataCollectorImpl -- Resolving reference to class: org.lab2.Pets.Pet
21:10:28.926 [main] DEBUG org.hibernate.boot.internal.InFlightMetadataCollectorImpl -- Resolving reference to class: org.lab2.Pets.Pet
21:10:28.926 [main] DEBUG org.hibernate.boot.internal.InFlightMetadataCollectorImpl -- Resolving reference to class: org.lab2.Owners.Owner
21:10:28.941 [main] DEBUG org.hibernate.boot.internal.InFlightMetadataCollectorImpl -- Resolving reference to class: org.lab2.Pets.Pet
21:10:28.942 [main] DEBUG org.hibernate.boot.internal.InFlightMetadataCollectorImpl -- Resolving reference to class: org.lab2.Pets.Pet
21:10:28.942 [main] DEBUG org.hibernate.boot.internal.InFlightMetadataCollectorImpl -- Resolving reference to class: org.lab2.Owners.Owner
21:10:28.966 [main] DEBUG org.hibernate.bytecode.internal.BytecodeProviderInitiator -- HHH000021: Bytecode provider: bytebuddy
21:10:29.165 [main] DEBUG org.hibernate.internal.SessionFactoryImpl -- Building session factory
21:10:29.220 [main] DEBUG org.hibernate.service.internal.SessionFactoryServiceRegistryImpl -- EventListenerRegistry access via ServiceRegistry is deprecated.  Use `sessionFactory.getEventEngine().getListenerRegistry()` instead
21:10:29.221 [main] DEBUG org.hibernate.internal.SessionFactoryImpl -- Instantiating SessionFactory with settings: {java.specification.version=17, sun.cpu.isalist=amd64, sun.jnu.encoding=Cp1252, hibernate.dialect=org.hibernate.dialect.PostgreSQLDialect, java.class.path=C:\Users\76162\IdeaProjects\SkyWhyWaIker\Lab2\DAO\target\test-classes;C:\Users\76162\IdeaProjects\SkyWhyWaIker\Lab2\DAO\target\classes;C:\Users\76162\.m2\repository\org\hibernate\orm\hibernate-core\6.4.0.Final\hibernate-core-6.4.0.Final.jar;C:\Users\76162\.m2\repository\jakarta\transaction\jakarta.transaction-api\2.0.1\jakarta.transaction-api-2.0.1.jar;C:\Users\76162\.m2\repository\org\jboss\logging\jboss-logging\3.5.0.Final\jboss-logging-3.5.0.Final.jar;C:\Users\76162\.m2\repository\org\hibernate\common\hibernate-commons-annotations\6.0.6.Final\hibernate-commons-annotations-6.0.6.Final.jar;C:\Users\76162\.m2\repository\io\smallrye\jandex\3.1.2\jandex-3.1.2.jar;C:\Users\76162\.m2\repository\com\fasterxml\classmate\1.5.1\classmate-1.5.1.jar;C:\Users\76162\.m2\repository\net\bytebuddy\byte-buddy\1.14.7\byte-buddy-1.14.7.jar;C:\Users\76162\.m2\repository\jakarta\xml\bind\jakarta.xml.bind-api\4.0.0\jakarta.xml.bind-api-4.0.0.jar;C:\Users\76162\.m2\repository\jakarta\activation\jakarta.activation-api\2.1.0\jakarta.activation-api-2.1.0.jar;C:\Users\76162\.m2\repository\org\glassfish\jaxb\jaxb-runtime\4.0.2\jaxb-runtime-4.0.2.jar;C:\Users\76162\.m2\repository\org\glassfish\jaxb\jaxb-core\4.0.2\jaxb-core-4.0.2.jar;C:\Users\76162\.m2\repository\org\eclipse\angus\angus-activation\2.0.0\angus-activation-2.0.0.jar;C:\Users\76162\.m2\repository\org\glassfish\jaxb\txw2\4.0.2\txw2-4.0.2.jar;C:\Users\76162\.m2\repository\com\sun\istack\istack-commons-runtime\4.1.1\istack-commons-runtime-4.1.1.jar;C:\Users\76162\.m2\repository\jakarta\inject\jakarta.inject-api\2.0.1\jakarta.inject-api-2.0.1.jar;C:\Users\76162\.m2\repository\org\antlr\antlr4-runtime\4.13.0\antlr4-runtime-4.13.0.jar;C:\Users\76162\.m2\repository\org\postgresql\postgresql\42.6.0\postgresql-42.6.0.jar;C:\Users\76162\.m2\repository\org\checkerframework\checker-qual\3.31.0\checker-qual-3.31.0.jar;C:\Users\76162\.m2\repository\jakarta\persistence\jakarta.persistence-api\3.1.0\jakarta.persistence-api-3.1.0.jar;C:\Users\76162\IdeaProjects\SkyWhyWaIker\Lab2\Models\target\Models-1.0-SNAPSHOT.jar;C:\Users\76162\.m2\repository\org\testcontainers\postgresql\1.19.7\postgresql-1.19.7.jar;C:\Users\76162\.m2\repository\org\testcontainers\jdbc\1.19.7\jdbc-1.19.7.jar;C:\Users\76162\.m2\repository\org\testcontainers\database-commons\1.19.7\database-commons-1.19.7.jar;C:\Users\76162\.m2\repository\org\testcontainers\junit-jupiter\1.19.7\junit-jupiter-1.19.7.jar;C:\Users\76162\.m2\repository\org\testcontainers\testcontainers\1.19.7\testcontainers-1.19.7.jar;C:\Users\76162\.m2\repository\junit\junit\4.13.2\junit-4.13.2.jar;C:\Users\76162\.m2\repository\org\hamcrest\hamcrest-core\1.3\hamcrest-core-1.3.jar;C:\Users\76162\.m2\repository\org\apache\commons\commons-compress\1.24.0\commons-compress-1.24.0.jar;C:\Users\76162\.m2\repository\org\rnorth\duct-tape\duct-tape\1.0.8\duct-tape-1.0.8.jar;C:\Users\76162\.m2\repository\org\jetbrains\annotations\17.0.0\annotations-17.0.0.jar;C:\Users\76162\.m2\repository\com\github\docker-java\docker-java-api\3.3.6\docker-java-api-3.3.6.jar;C:\Users\76162\.m2\repository\com\fasterxml\jackson\core\jackson-annotations\2.10.3\jackson-annotations-2.10.3.jar;C:\Users\76162\.m2\repository\com\github\docker-java\docker-java-transport-zerodep\3.3.6\docker-java-transport-zerodep-3.3.6.jar;C:\Users\76162\.m2\repository\com\github\docker-java\docker-java-transport\3.3.6\docker-java-transport-3.3.6.jar;C:\Users\76162\.m2\repository\net\java\dev\jna\jna\5.13.0\jna-5.13.0.jar;C:\Users\76162\.m2\repository\org\junit\jupiter\junit-jupiter-api\5.12.0\junit-jupiter-api-5.12.0.jar;C:\Users\76162\.m2\repository\org\opentest4j\opentest4j\1.3.0\opentest4j-1.3.0.jar;C:\Users\76162\.m2\repository\org\junit\platform\junit-platform-commons\1.12.0\junit-platform-commons-1.12.0.jar;C:\Users\76162\.m2\repository\org\apiguardian\apiguardian-api\1.1.2\apiguardian-api-1.1.2.jar;C:\Users\76162\.m2\repository\ch\qos\logback\logback-classic\1.4.14\logback-classic-1.4.14.jar;C:\Users\76162\.m2\repository\ch\qos\logback\logback-core\1.4.14\logback-core-1.4.14.jar;C:\Users\76162\.m2\repository\org\slf4j\slf4j-api\2.0.7\slf4j-api-2.0.7.jar;, java.vm.vendor=Oracle Corporation, sun.arch.data.model=64, user.variant=, java.vendor.url=https://java.oracle.com/, user.timezone=Europe/Moscow, java.vm.specification.version=17, os.name=Windows 10, sun.java.launcher=SUN_STANDARD, user.country=RU, sun.boot.library.path=C:\Program Files\Java\jdk-17\bin, sun.java.command=C:\Users\76162\AppData\Local\Temp\surefire12613025883795592595\surefirebooter-20250509211017833_3.jar C:\Users\76162\AppData\Local\Temp\surefire12613025883795592595 2025-05-09T21-10-13_563-jvmRun1 surefire-20250509211017833_1tmp surefire_0-20250509211017833_2tmp, jdk.debug=release, surefire.test.class.path=C:\Users\76162\IdeaProjects\SkyWhyWaIker\Lab2\DAO\target\test-classes;C:\Users\76162\IdeaProjects\SkyWhyWaIker\Lab2\DAO\target\classes;C:\Users\76162\.m2\repository\org\hibernate\orm\hibernate-core\6.4.0.Final\hibernate-core-6.4.0.Final.jar;C:\Users\76162\.m2\repository\jakarta\transaction\jakarta.transaction-api\2.0.1\jakarta.transaction-api-2.0.1.jar;C:\Users\76162\.m2\repository\org\jboss\logging\jboss-logging\3.5.0.Final\jboss-logging-3.5.0.Final.jar;C:\Users\76162\.m2\repository\org\hibernate\common\hibernate-commons-annotations\6.0.6.Final\hibernate-commons-annotations-6.0.6.Final.jar;C:\Users\76162\.m2\repository\io\smallrye\jandex\3.1.2\jandex-3.1.2.jar;C:\Users\76162\.m2\repository\com\fasterxml\classmate\1.5.1\classmate-1.5.1.jar;C:\Users\76162\.m2\repository\net\bytebuddy\byte-buddy\1.14.7\byte-buddy-1.14.7.jar;C:\Users\76162\.m2\repository\jakarta\xml\bind\jakarta.xml.bind-api\4.0.0\jakarta.xml.bind-api-4.0.0.jar;C:\Users\76162\.m2\repository\jakarta\activation\jakarta.activation-api\2.1.0\jakarta.activation-api-2.1.0.jar;C:\Users\76162\.m2\repository\org\glassfish\jaxb\jaxb-runtime\4.0.2\jaxb-runtime-4.0.2.jar;C:\Users\76162\.m2\repository\org\glassfish\jaxb\jaxb-core\4.0.2\jaxb-core-4.0.2.jar;C:\Users\76162\.m2\repository\org\eclipse\angus\angus-activation\2.0.0\angus-activation-2.0.0.jar;C:\Users\76162\.m2\repository\org\glassfish\jaxb\txw2\4.0.2\txw2-4.0.2.jar;C:\Users\76162\.m2\repository\com\sun\istack\istack-commons-runtime\4.1.1\istack-commons-runtime-4.1.1.jar;C:\Users\76162\.m2\repository\jakarta\inject\jakarta.inject-api\2.0.1\jakarta.inject-api-2.0.1.jar;C:\Users\76162\.m2\repository\org\antlr\antlr4-runtime\4.13.0\antlr4-runtime-4.13.0.jar;C:\Users\76162\.m2\repository\org\postgresql\postgresql\42.6.0\postgresql-42.6.0.jar;C:\Users\76162\.m2\repository\org\checkerframework\checker-qual\3.31.0\checker-qual-3.31.0.jar;C:\Users\76162\.m2\repository\jakarta\persistence\jakarta.persistence-api\3.1.0\jakarta.persistence-api-3.1.0.jar;C:\Users\76162\IdeaProjects\SkyWhyWaIker\Lab2\Models\target\Models-1.0-SNAPSHOT.jar;C:\Users\76162\.m2\repository\org\testcontainers\postgresql\1.19.7\postgresql-1.19.7.jar;C:\Users\76162\.m2\repository\org\testcontainers\jdbc\1.19.7\jdbc-1.19.7.jar;C:\Users\76162\.m2\repository\org\testcontainers\database-commons\1.19.7\database-commons-1.19.7.jar;C:\Users\76162\.m2\repository\org\testcontainers\junit-jupiter\1.19.7\junit-jupiter-1.19.7.jar;C:\Users\76162\.m2\repository\org\testcontainers\testcontainers\1.19.7\testcontainers-1.19.7.jar;C:\Users\76162\.m2\repository\junit\junit\4.13.2\junit-4.13.2.jar;C:\Users\76162\.m2\repository\org\hamcrest\hamcrest-core\1.3\hamcrest-core-1.3.jar;C:\Users\76162\.m2\repository\org\apache\commons\commons-compress\1.24.0\commons-compress-1.24.0.jar;C:\Users\76162\.m2\repository\org\rnorth\duct-tape\duct-tape\1.0.8\duct-tape-1.0.8.jar;C:\Users\76162\.m2\repository\org\jetbrains\annotations\17.0.0\annotations-17.0.0.jar;C:\Users\76162\.m2\repository\com\github\docker-java\docker-java-api\3.3.6\docker-java-api-3.3.6.jar;C:\Users\76162\.m2\repository\com\fasterxml\jackson\core\jackson-annotations\2.10.3\jackson-annotations-2.10.3.jar;C:\Users\76162\.m2\repository\com\github\docker-java\docker-java-transport-zerodep\3.3.6\docker-java-transport-zerodep-3.3.6.jar;C:\Users\76162\.m2\repository\com\github\docker-java\docker-java-transport\3.3.6\docker-java-transport-3.3.6.jar;C:\Users\76162\.m2\repository\net\java\dev\jna\jna\5.13.0\jna-5.13.0.jar;C:\Users\76162\.m2\repository\org\junit\jupiter\junit-jupiter-api\5.12.0\junit-jupiter-api-5.12.0.jar;C:\Users\76162\.m2\repository\org\opentest4j\opentest4j\1.3.0\opentest4j-1.3.0.jar;C:\Users\76162\.m2\repository\org\junit\platform\junit-platform-commons\1.12.0\junit-platform-commons-1.12.0.jar;C:\Users\76162\.m2\repository\org\apiguardian\apiguardian-api\1.1.2\apiguardian-api-1.1.2.jar;C:\Users\76162\.m2\repository\ch\qos\logback\logback-classic\1.4.14\logback-classic-1.4.14.jar;C:\Users\76162\.m2\repository\ch\qos\logback\logback-core\1.4.14\logback-core-1.4.14.jar;C:\Users\76162\.m2\repository\org\slf4j\slf4j-api\2.0.7\slf4j-api-2.0.7.jar;, sun.cpu.endian=little, user.home=C:\Users\76162, user.language=ru, java.specification.vendor=Oracle Corporation, java.version.date=2024-07-16, java.home=C:\Program Files\Java\jdk-17, file.separator=\, basedir=C:\Users\76162\IdeaProjects\SkyWhyWaIker\Lab2\DAO, java.vm.compressedOopsMode=32-bit, line.separator=
, java.vm.specification.vendor=Oracle Corporation, java.specification.name=Java Platform API Specification, surefire.real.class.path=C:\Users\76162\AppData\Local\Temp\surefire12613025883795592595\surefirebooter-20250509211017833_3.jar, hibernate.hbm2ddl.auto=create-drop, user.script=, sun.management.compiler=HotSpot 64-Bit Tiered Compilers, java.runtime.version=17.0.12+8-LTS-286, user.name=76162, path.separator=;, hibernate.connection.username=****, os.version=10.0, java.runtime.name=Java(TM) SE Runtime Environment, hibernate.connection.url=jdbc:postgresql://localhost:49846/pets?loggerLevel=OFF, file.encoding=Cp1252, java.vm.name=Java HotSpot(TM) 64-Bit Server VM, localRepository=C:\Users\76162\.m2\repository, java.vendor.url.bug=https://bugreport.java.com/bugreport/, java.io.tmpdir=C:\Users\76162\AppData\Local\Temp\, java.version=17.0.12, user.dir=C:\Users\76162\IdeaProjects\SkyWhyWaIker\Lab2\DAO, os.arch=amd64, java.vm.specification.name=Java Virtual Machine Specification, hibernate.connection.password=****, sun.os.patch.level=, hibernate.boot.CfgXmlAccessService.key=org.hibernate.boot.cfgxml.spi.LoadedConfig@23310248, native.encoding=Cp1252, java.library.path=C:\Program Files\Java\jdk-17\bin;C:\Windows\Sun\Java\bin;C:\Windows\system32;C:\Windows;C:\Program Files\Common Files\Oracle\Java\javapath;C:\Program Files (x86)\Common Files\Oracle\Java\java8path;C:\Program Files (x86)\Common Files\Oracle\Java\javapath;C:\Windows\system32;C:\Windows;C:\Windows\System32\Wbem;C:\Windows\System32\WindowsPowerShell\v1.0\;C:\Windows\System32\OpenSSH\;C:\Program Files\dotnet\;C:\Program Files\Docker\Docker\resources\bin;C:\Program Files\Git\cmd;C:\Program Files\Apache\Maven\bin;C:\Program Files\Java\jre1.8.0_441\bin;C:\Users\76162\AppData\Local\Microsoft\WindowsApps;C:\Users\76162\AppData\Local\JetBrains\Toolbox\scripts;C:\Users\76162\AppData\Local\GitHubDesktop\bin;C:\Users\76162\.dotnet\tools;%Intellij IDEA%;C:\Users\76162\AppData\Local\Programs\Microsoft VS Code\bin;., java.vendor=Oracle Corporation, java.vm.info=mixed mode, sharing, java.vm.version=17.0.12+8-LTS-286, sun.io.unicode.encoding=UnicodeLittle, java.class.version=61.0}
21:10:29.225 [main] DEBUG org.hibernate.internal.SessionFactoryImpl -- Session factory constructed with filter configurations : {}
21:10:29.292 [main] DEBUG org.hibernate.query.sqm.function.SqmFunctionRegistry -- Registered SqmFunctionTemplate [NamedSqmFunctionTemplate(max)] under max; prior registration was null
21:10:29.293 [main] DEBUG org.hibernate.query.sqm.function.SqmFunctionRegistry -- Registered SqmFunctionTemplate [NamedSqmFunctionTemplate(min)] under min; prior registration was null
21:10:29.293 [main] DEBUG org.hibernate.query.sqm.function.SqmFunctionRegistry -- Registered SqmFunctionTemplate [NamedSqmFunctionTemplate(sum)] under sum; prior registration was null
21:10:29.294 [main] DEBUG org.hibernate.query.sqm.function.SqmFunctionRegistry -- Registered SqmFunctionTemplate [NamedSqmFunctionTemplate(avg)] under avg; prior registration was null
21:10:29.296 [main] DEBUG org.hibernate.query.sqm.function.SqmFunctionRegistry -- Registered SqmFunctionTemplate [org.hibernate.dialect.function.CountFunction@79d7035] under count; prior registration was null
21:10:29.297 [main] DEBUG org.hibernate.query.sqm.function.SqmFunctionRegistry -- Registered SqmFunctionTemplate [org.hibernate.dialect.function.EveryAnyEmulation@781aff8b] under every; prior registration was null
21:10:29.297 [main] DEBUG org.hibernate.query.sqm.function.SqmFunctionRegistry -- Registered SqmFunctionTemplate [org.hibernate.dialect.function.EveryAnyEmulation@7fbf26fc] under any; prior registration was null
21:10:29.298 [main] DEBUG org.hibernate.query.sqm.function.SqmFunctionRegistry -- Registered SqmFunctionTemplate [NamedSqmFunctionTemplate(floor)] under floor; prior registration was null
21:10:29.298 [main] DEBUG org.hibernate.query.sqm.function.SqmFunctionRegistry -- Registered SqmFunctionTemplate [NamedSqmFunctionTemplate(ceiling)] under ceiling; prior registration was null
21:10:29.298 [main] DEBUG org.hibernate.query.sqm.function.SqmFunctionRegistry -- Registered SqmFunctionTemplate [NamedSqmFunctionTemplate(mod)] under mod; prior registration was null
21:10:29.298 [main] DEBUG org.hibernate.query.sqm.function.SqmFunctionRegistry -- Registered SqmFunctionTemplate [NamedSqmFunctionTemplate(abs)] under abs; prior registration was null
21:10:29.298 [main] DEBUG org.hibernate.query.sqm.function.SqmFunctionRegistry -- Registered SqmFunctionTemplate [NamedSqmFunctionTemplate(sign)] under sign; prior registration was null
21:10:29.298 [main] DEBUG org.hibernate.query.sqm.function.SqmFunctionRegistry -- Registered SqmFunctionTemplate [NamedSqmFunctionTemplate(sqrt)] under sqrt; prior registration was null
21:10:29.298 [main] DEBUG org.hibernate.query.sqm.function.SqmFunctionRegistry -- Registered SqmFunctionTemplate [NamedSqmFunctionTemplate(ln)] under ln; prior registration was null
21:10:29.298 [main] DEBUG org.hibernate.query.sqm.function.SqmFunctionRegistry -- Registered SqmFunctionTemplate [NamedSqmFunctionTemplate(exp)] under exp; prior registration was null
21:10:29.298 [main] DEBUG org.hibernate.query.sqm.function.SqmFunctionRegistry -- Registered SqmFunctionTemplate [NamedSqmFunctionTemplate(power)] under power; prior registration was null
21:10:29.299 [main] DEBUG org.hibernate.query.sqm.function.SqmFunctionRegistry -- Registered SqmFunctionTemplate [NamedSqmFunctionTemplate(round)] under round; prior registration was null
21:10:29.299 [main] DEBUG org.hibernate.query.sqm.function.SqmFunctionRegistry -- Registered SqmFunctionTemplate [NamedSqmFunctionTemplate(sin)] under sin; prior registration was null
21:10:29.299 [main] DEBUG org.hibernate.query.sqm.function.SqmFunctionRegistry -- Registered SqmFunctionTemplate [NamedSqmFunctionTemplate(cos)] under cos; prior registration was null
21:10:29.299 [main] DEBUG org.hibernate.query.sqm.function.SqmFunctionRegistry -- Registered SqmFunctionTemplate [NamedSqmFunctionTemplate(tan)] under tan; prior registration was null
21:10:29.299 [main] DEBUG org.hibernate.query.sqm.function.SqmFunctionRegistry -- Registered SqmFunctionTemplate [NamedSqmFunctionTemplate(asin)] under asin; prior registration was null
21:10:29.299 [main] DEBUG org.hibernate.query.sqm.function.SqmFunctionRegistry -- Registered SqmFunctionTemplate [NamedSqmFunctionTemplate(acos)] under acos; prior registration was null
21:10:29.299 [main] DEBUG org.hibernate.query.sqm.function.SqmFunctionRegistry -- Registered SqmFunctionTemplate [NamedSqmFunctionTemplate(atan)] under atan; prior registration was null
21:10:29.299 [main] DEBUG org.hibernate.query.sqm.function.SqmFunctionRegistry -- Registered SqmFunctionTemplate [NamedSqmFunctionTemplate(atan2)] under atan2; prior registration was null
21:10:29.301 [main] DEBUG org.hibernate.query.sqm.function.SqmFunctionRegistry -- Registered SqmFunctionTemplate [org.hibernate.query.sqm.function.PatternBasedSqmFunctionDescriptor@6d293993] under sinh; prior registration was null
21:10:29.301 [main] DEBUG org.hibernate.query.sqm.function.SqmFunctionRegistry -- Registered SqmFunctionTemplate [org.hibernate.query.sqm.function.PatternBasedSqmFunctionDescriptor@475f5672] under cosh; prior registration was null
21:10:29.301 [main] DEBUG org.hibernate.query.sqm.function.SqmFunctionRegistry -- Registered SqmFunctionTemplate [org.hibernate.query.sqm.function.PatternBasedSqmFunctionDescriptor@616a06e3] under tanh; prior registration was null
21:10:29.301 [main] DEBUG org.hibernate.query.sqm.function.SqmFunctionRegistry -- Registered SqmFunctionTemplate [org.hibernate.query.sqm.function.PatternBasedSqmFunctionDescriptor@42297bdf] under pi; prior registration was null
21:10:29.301 [main] DEBUG org.hibernate.query.sqm.function.SqmFunctionRegistry -- Registered SqmFunctionTemplate [org.hibernate.query.sqm.function.PatternBasedSqmFunctionDescriptor@66e827a8] under log; prior registration was null
21:10:29.301 [main] DEBUG org.hibernate.query.sqm.function.SqmFunctionRegistry -- Registered SqmFunctionTemplate [NamedSqmFunctionTemplate(coalesce)] under coalesce; prior registration was null
21:10:29.301 [main] DEBUG org.hibernate.query.sqm.function.SqmFunctionRegistry -- Registered SqmFunctionTemplate [NamedSqmFunctionTemplate(nullif)] under nullif; prior registration was null
21:10:29.301 [main] DEBUG org.hibernate.query.sqm.function.SqmFunctionRegistry -- Registered SqmFunctionTemplate [NamedSqmFunctionTemplate(left)] under left; prior registration was null
21:10:29.301 [main] DEBUG org.hibernate.query.sqm.function.SqmFunctionRegistry -- Registered SqmFunctionTemplate [NamedSqmFunctionTemplate(right)] under right; prior registration was null
21:10:29.301 [main] DEBUG org.hibernate.query.sqm.function.SqmFunctionRegistry -- Registered SqmFunctionTemplate [NamedSqmFunctionTemplate(replace)] under replace; prior registration was null
21:10:29.302 [main] DEBUG org.hibernate.query.sqm.function.SqmFunctionRegistry -- Registered SqmFunctionTemplate [NamedSqmFunctionTemplate(concat)] under concat; prior registration was null
21:10:29.302 [main] DEBUG org.hibernate.query.sqm.function.SqmFunctionRegistry -- Registered SqmFunctionTemplate [NamedSqmFunctionTemplate(lower)] under lower; prior registration was null
21:10:29.302 [main] DEBUG org.hibernate.query.sqm.function.SqmFunctionRegistry -- Registered SqmFunctionTemplate [NamedSqmFunctionTemplate(upper)] under upper; prior registration was null
21:10:29.302 [main] DEBUG org.hibernate.query.sqm.function.SqmFunctionRegistry -- Registered SqmFunctionTemplate [NamedSqmFunctionTemplate(substring)] under substring; prior registration was null
21:10:29.302 [main] DEBUG org.hibernate.query.sqm.function.SqmFunctionRegistry -- Registered SqmFunctionTemplate [NamedSqmFunctionTemplate(locate)] under locate; prior registration was null
21:10:29.302 [main] DEBUG org.hibernate.query.sqm.function.SqmFunctionRegistry -- Registered SqmFunctionTemplate [NamedSqmFunctionTemplate(character_length)] under character_length; prior registration was null
21:10:29.302 [main] DEBUG org.hibernate.query.sqm.function.SqmFunctionRegistry -- Registering alternate key : length -> character_length
21:10:29.303 [main] DEBUG org.hibernate.query.sqm.function.SqmFunctionRegistry -- Registered SqmFunctionTemplate [org.hibernate.dialect.function.LocatePositionEmulation@195113de] under position; prior registration was null
21:10:29.305 [main] DEBUG org.hibernate.query.sqm.function.SqmFunctionRegistry -- Registered SqmFunctionTemplate [org.hibernate.dialect.function.InsertSubstringOverlayEmulation@739831a4] under overlay; prior registration was null
21:10:29.305 [main] DEBUG org.hibernate.query.sqm.function.SqmFunctionRegistry -- Registered SqmFunctionTemplate [org.hibernate.dialect.function.TrimFunction@266e9dda] under trim; prior registration was null
21:10:29.307 [main] DEBUG org.hibernate.query.sqm.function.SqmFunctionRegistry -- Registered SqmFunctionTemplate [org.hibernate.dialect.function.CastFunction@7db40fd5] under cast; prior registration was null
21:10:29.307 [main] DEBUG org.hibernate.query.sqm.function.SqmFunctionRegistry -- Registered SqmFunctionTemplate [org.hibernate.query.sqm.function.PatternBasedSqmFunctionDescriptor@5e1a5f] under collate; prior registration was null
21:10:29.308 [main] DEBUG org.hibernate.query.sqm.function.SqmFunctionRegistry -- Registered SqmFunctionTemplate [org.hibernate.dialect.function.ExtractFunction@34c53688] under extract; prior registration was null
21:10:29.308 [main] DEBUG org.hibernate.query.sqm.function.SqmFunctionRegistry -- Registered SqmFunctionTemplate [NamedSqmFunctionTemplate(least)] under least; prior registration was null
21:10:29.308 [main] DEBUG org.hibernate.query.sqm.function.SqmFunctionRegistry -- Registered SqmFunctionTemplate [NamedSqmFunctionTemplate(greatest)] under greatest; prior registration was null
21:10:29.309 [main] DEBUG org.hibernate.query.sqm.function.SqmFunctionRegistry -- Registered SqmFunctionTemplate [org.hibernate.dialect.function.CoalesceIfnullEmulation@149274cb] under ifnull; prior registration was null
21:10:29.309 [main] DEBUG org.hibernate.query.sqm.function.SqmFunctionRegistry -- Registered SqmFunctionTemplate [NamedSqmFunctionTemplate(lpad)] under lpad; prior registration was null
21:10:29.309 [main] DEBUG org.hibernate.query.sqm.function.SqmFunctionRegistry -- Registered SqmFunctionTemplate [NamedSqmFunctionTemplate(rpad)] under rpad; prior registration was null
21:10:29.309 [main] DEBUG org.hibernate.query.sqm.function.SqmFunctionRegistry -- Registered SqmFunctionTemplate [org.hibernate.dialect.function.LpadRpadPadEmulation@f723cdb] under pad; prior registration was null
21:10:29.310 [main] DEBUG org.hibernate.query.sqm.function.SqmFunctionRegistry -- Registered SqmFunctionTemplate [org.hibernate.dialect.function.CastStrEmulation@e91af20] under str; prior registration was null
21:10:29.311 [main] DEBUG org.hibernate.query.sqm.function.SqmFunctionRegistry -- Registered SqmFunctionTemplate [org.hibernate.dialect.function.FormatFunction@3dc68586] under format; prior registration was null
21:10:29.311 [main] DEBUG org.hibernate.query.sqm.function.SqmFunctionRegistry -- Registered SqmFunctionTemplate [org.hibernate.dialect.function.TimestampaddFunction@380ce5a3] under timestampadd; prior registration was null
21:10:29.312 [main] DEBUG org.hibernate.query.sqm.function.SqmFunctionRegistry -- Registered SqmFunctionTemplate [org.hibernate.dialect.function.TimestampdiffFunction@3c88191b] under timestampdiff; prior registration was null
21:10:29.312 [main] DEBUG org.hibernate.query.sqm.function.SqmFunctionRegistry -- Registering alternate key : dateadd -> timestampadd
21:10:29.312 [main] DEBUG org.hibernate.query.sqm.function.SqmFunctionRegistry -- Registering alternate key : datediff -> timestampdiff
21:10:29.313 [main] DEBUG org.hibernate.query.sqm.function.SqmFunctionRegistry -- Registered SqmFunctionTemplate [org.hibernate.dialect.function.CurrentFunction@73893ec1] under current_date; prior registration was null
21:10:29.313 [main] DEBUG org.hibernate.query.sqm.function.SqmFunctionRegistry -- Registered SqmFunctionTemplate [org.hibernate.dialect.function.CurrentFunction@37af24cb] under current_time; prior registration was null
21:10:29.313 [main] DEBUG org.hibernate.query.sqm.function.SqmFunctionRegistry -- Registered SqmFunctionTemplate [org.hibernate.dialect.function.CurrentFunction@7926352f] under current_timestamp; prior registration was null
21:10:29.313 [main] DEBUG org.hibernate.query.sqm.function.SqmFunctionRegistry -- Registering alternate key : current date -> current_date
21:10:29.313 [main] DEBUG org.hibernate.query.sqm.function.SqmFunctionRegistry -- Registering alternate key : current time -> current_time
21:10:29.313 [main] DEBUG org.hibernate.query.sqm.function.SqmFunctionRegistry -- Registering alternate key : current timestamp -> current_timestamp
21:10:29.313 [main] DEBUG org.hibernate.query.sqm.function.SqmFunctionRegistry -- Registered SqmFunctionTemplate [org.hibernate.dialect.function.CurrentFunction@5bc63e20] under local_date; prior registration was null
21:10:29.313 [main] DEBUG org.hibernate.query.sqm.function.SqmFunctionRegistry -- Registered SqmFunctionTemplate [org.hibernate.dialect.function.CurrentFunction@61037caf] under local_time; prior registration was null
21:10:29.313 [main] DEBUG org.hibernate.query.sqm.function.SqmFunctionRegistry -- Registered SqmFunctionTemplate [org.hibernate.dialect.function.CurrentFunction@2fc49538] under local_datetime; prior registration was null
21:10:29.313 [main] DEBUG org.hibernate.query.sqm.function.SqmFunctionRegistry -- Registered SqmFunctionTemplate [org.hibernate.dialect.function.CurrentFunction@670342a2] under offset_datetime; prior registration was null
21:10:29.313 [main] DEBUG org.hibernate.query.sqm.function.SqmFunctionRegistry -- Registering alternate key : local date -> local_date
21:10:29.313 [main] DEBUG org.hibernate.query.sqm.function.SqmFunctionRegistry -- Registering alternate key : local time -> local_time
21:10:29.313 [main] DEBUG org.hibernate.query.sqm.function.SqmFunctionRegistry -- Registering alternate key : local datetime -> local_datetime
21:10:29.313 [main] DEBUG org.hibernate.query.sqm.function.SqmFunctionRegistry -- Registering alternate key : offset datetime -> offset_datetime
21:10:29.313 [main] DEBUG org.hibernate.query.sqm.function.SqmFunctionRegistry -- Registered SqmFunctionTemplate [org.hibernate.dialect.function.CurrentFunction@d5e575c] under instant; prior registration was null
21:10:29.313 [main] DEBUG org.hibernate.query.sqm.function.SqmFunctionRegistry -- Registering alternate key : current_instant -> instant
21:10:29.313 [main] DEBUG org.hibernate.query.sqm.function.SqmFunctionRegistry -- Registered SqmFunctionTemplate [org.hibernate.dialect.function.SqlFunction@7ed49a7f] under sql; prior registration was null
21:10:29.313 [main] DEBUG org.hibernate.query.sqm.function.SqmFunctionRegistry -- Registered SqmFunctionTemplate [NamedSqmFunctionTemplate(cot)] under cot; prior registration was null
21:10:29.313 [main] DEBUG org.hibernate.query.sqm.function.SqmFunctionRegistry -- Registered SqmFunctionTemplate [NamedSqmFunctionTemplate(radians)] under radians; prior registration was null
21:10:29.313 [main] DEBUG org.hibernate.query.sqm.function.SqmFunctionRegistry -- Registered SqmFunctionTemplate [NamedSqmFunctionTemplate(degrees)] under degrees; prior registration was null
21:10:29.314 [main] DEBUG org.hibernate.query.sqm.function.SqmFunctionRegistry -- Registered SqmFunctionTemplate [NamedSqmFunctionTemplate(log)] under log; prior registration was org.hibernate.query.sqm.function.PatternBasedSqmFunctionDescriptor@66e827a8
21:10:29.314 [main] DEBUG org.hibernate.query.sqm.function.SqmFunctionRegistry -- Registered SqmFunctionTemplate [org.hibernate.query.sqm.function.PatternBasedSqmFunctionDescriptor@1cd6b1bd] under mod; prior registration was NamedSqmFunctionTemplate(mod)
21:10:29.314 [main] DEBUG org.hibernate.query.sqm.function.SqmFunctionRegistry -- Registered SqmFunctionTemplate [NamedSqmFunctionTemplate(log10)] under log10; prior registration was null
21:10:29.314 [main] DEBUG org.hibernate.query.sqm.function.SqmFunctionRegistry -- Registered SqmFunctionTemplate [NamedSqmFunctionTemplate(tanh)] under tanh; prior registration was org.hibernate.query.sqm.function.PatternBasedSqmFunctionDescriptor@616a06e3
21:10:29.314 [main] DEBUG org.hibernate.query.sqm.function.SqmFunctionRegistry -- Registered SqmFunctionTemplate [NamedSqmFunctionTemplate(sinh)] under sinh; prior registration was org.hibernate.query.sqm.function.PatternBasedSqmFunctionDescriptor@6d293993
21:10:29.314 [main] DEBUG org.hibernate.query.sqm.function.SqmFunctionRegistry -- Registered SqmFunctionTemplate [NamedSqmFunctionTemplate(cosh)] under cosh; prior registration was org.hibernate.query.sqm.function.PatternBasedSqmFunctionDescriptor@475f5672
21:10:29.314 [main] DEBUG org.hibernate.query.sqm.function.SqmFunctionRegistry -- Registered SqmFunctionTemplate [NamedSqmFunctionTemplate(acosh)] under acosh; prior registration was null
21:10:29.314 [main] DEBUG org.hibernate.query.sqm.function.SqmFunctionRegistry -- Registered SqmFunctionTemplate [NamedSqmFunctionTemplate(asinh)] under asinh; prior registration was null
21:10:29.314 [main] DEBUG org.hibernate.query.sqm.function.SqmFunctionRegistry -- Registered SqmFunctionTemplate [NamedSqmFunctionTemplate(atanh)] under atanh; prior registration was null
21:10:29.314 [main] DEBUG org.hibernate.query.sqm.function.SqmFunctionRegistry -- Registered SqmFunctionTemplate [NamedSqmFunctionTemplate(cbrt)] under cbrt; prior registration was null
21:10:29.314 [main] DEBUG org.hibernate.query.sqm.function.SqmFunctionRegistry -- Registered SqmFunctionTemplate [NamedSqmFunctionTemplate(pi)] under pi; prior registration was org.hibernate.query.sqm.function.PatternBasedSqmFunctionDescriptor@42297bdf
21:10:29.314 [main] DEBUG org.hibernate.query.sqm.function.SqmFunctionRegistry -- Registered SqmFunctionTemplate [NamedSqmFunctionTemplate(ltrim)] under ltrim; prior registration was null
21:10:29.314 [main] DEBUG org.hibernate.query.sqm.function.SqmFunctionRegistry -- Registered SqmFunctionTemplate [NamedSqmFunctionTemplate(rtrim)] under rtrim; prior registration was null
21:10:29.314 [main] DEBUG org.hibernate.query.sqm.function.SqmFunctionRegistry -- Registered SqmFunctionTemplate [NamedSqmFunctionTemplate(repeat)] under repeat; prior registration was null
21:10:29.314 [main] DEBUG org.hibernate.query.sqm.function.SqmFunctionRegistry -- Registered SqmFunctionTemplate [NamedSqmFunctionTemplate(md5)] under md5; prior registration was null
21:10:29.314 [main] DEBUG org.hibernate.query.sqm.function.SqmFunctionRegistry -- Registered SqmFunctionTemplate [NamedSqmFunctionTemplate(initcap)] under initcap; prior registration was null
21:10:29.314 [main] DEBUG org.hibernate.query.sqm.function.SqmFunctionRegistry -- Registered SqmFunctionTemplate [NamedSqmFunctionTemplate(substr)] under substr; prior registration was null
21:10:29.314 [main] DEBUG org.hibernate.query.sqm.function.SqmFunctionRegistry -- Registered SqmFunctionTemplate [NamedSqmFunctionTemplate(substr)] under substring; prior registration was NamedSqmFunctionTemplate(substring)
21:10:29.314 [main] DEBUG org.hibernate.query.sqm.function.SqmFunctionRegistry -- Registered SqmFunctionTemplate [NamedSqmFunctionTemplate(translate)] under translate; prior registration was null
21:10:29.314 [main] DEBUG org.hibernate.query.sqm.function.SqmFunctionRegistry -- Registered SqmFunctionTemplate [NamedSqmFunctionTemplate(to_number)] under to_number; prior registration was null
21:10:29.314 [main] DEBUG org.hibernate.query.sqm.function.SqmFunctionRegistry -- Registered SqmFunctionTemplate [NamedSqmFunctionTemplate(to_char)] under to_char; prior registration was null
21:10:29.314 [main] DEBUG org.hibernate.query.sqm.function.SqmFunctionRegistry -- Registered SqmFunctionTemplate [NamedSqmFunctionTemplate(to_date)] under to_date; prior registration was null
21:10:29.314 [main] DEBUG org.hibernate.query.sqm.function.SqmFunctionRegistry -- Registered SqmFunctionTemplate [NamedSqmFunctionTemplate(to_timestamp)] under to_timestamp; prior registration was null
21:10:29.315 [main] DEBUG org.hibernate.query.sqm.function.SqmFunctionRegistry -- Registered SqmFunctionTemplate [org.hibernate.dialect.function.ConcatPipeFunction@486e9d1d] under concat; prior registration was NamedSqmFunctionTemplate(concat)
21:10:29.315 [main] DEBUG org.hibernate.query.sqm.function.SqmFunctionRegistry -- Registered SqmFunctionTemplate [NamedSqmFunctionTemplate(localtime)] under localtime; prior registration was null
21:10:29.315 [main] DEBUG org.hibernate.query.sqm.function.SqmFunctionRegistry -- Registered SqmFunctionTemplate [NamedSqmFunctionTemplate(localtimestamp)] under localtimestamp; prior registration was null
21:10:29.315 [main] DEBUG org.hibernate.query.sqm.function.SqmFunctionRegistry -- Registered SqmFunctionTemplate [NamedSqmFunctionTemplate(localtime)] under local_time; prior registration was org.hibernate.dialect.function.CurrentFunction@61037caf
21:10:29.315 [main] DEBUG org.hibernate.query.sqm.function.SqmFunctionRegistry -- Registered SqmFunctionTemplate [NamedSqmFunctionTemplate(localtimestamp)] under local_datetime; prior registration was org.hibernate.dialect.function.CurrentFunction@2fc49538
21:10:29.315 [main] DEBUG org.hibernate.query.sqm.function.SqmFunctionRegistry -- Registered SqmFunctionTemplate [org.hibernate.dialect.function.LengthFunction@67e0fd6d] under character_length; prior registration was NamedSqmFunctionTemplate(character_length)
21:10:29.315 [main] DEBUG org.hibernate.query.sqm.function.SqmFunctionRegistry -- Registering alternate key : length -> character_length
21:10:29.315 [main] DEBUG org.hibernate.query.sqm.function.SqmFunctionRegistry -- Registered SqmFunctionTemplate [org.hibernate.dialect.function.LengthFunction@21390938] under bit_length; prior registration was null
21:10:29.315 [main] DEBUG org.hibernate.query.sqm.function.SqmFunctionRegistry -- Registered SqmFunctionTemplate [org.hibernate.dialect.function.LengthFunction@1129829c] under octet_length; prior registration was null
21:10:29.315 [main] DEBUG org.hibernate.query.sqm.function.SqmFunctionRegistry -- Registered SqmFunctionTemplate [NamedSqmFunctionTemplate(ascii)] under ascii; prior registration was null
21:10:29.315 [main] DEBUG org.hibernate.query.sqm.function.SqmFunctionRegistry -- Registered SqmFunctionTemplate [NamedSqmFunctionTemplate(chr)] under chr; prior registration was null
21:10:29.315 [main] DEBUG org.hibernate.query.sqm.function.SqmFunctionRegistry -- Registering alternate key : char -> chr
21:10:29.315 [main] DEBUG org.hibernate.query.sqm.function.SqmFunctionRegistry -- Registered SqmFunctionTemplate [org.hibernate.query.sqm.function.PatternBasedSqmFunctionDescriptor@1a531422] under position; prior registration was org.hibernate.dialect.function.LocatePositionEmulation@195113de
21:10:29.315 [main] DEBUG org.hibernate.query.sqm.function.SqmFunctionRegistry -- Registered SqmFunctionTemplate [org.hibernate.query.sqm.function.PatternBasedSqmFunctionDescriptor@7a388990] under bitand; prior registration was null
21:10:29.315 [main] DEBUG org.hibernate.query.sqm.function.SqmFunctionRegistry -- Registered SqmFunctionTemplate [org.hibernate.query.sqm.function.PatternBasedSqmFunctionDescriptor@13213f26] under bitor; prior registration was null
21:10:29.315 [main] DEBUG org.hibernate.query.sqm.function.SqmFunctionRegistry -- Registered SqmFunctionTemplate [org.hibernate.query.sqm.function.PatternBasedSqmFunctionDescriptor@4e4162bc] under bitxor; prior registration was null
21:10:29.315 [main] DEBUG org.hibernate.query.sqm.function.SqmFunctionRegistry -- Registered SqmFunctionTemplate [org.hibernate.query.sqm.function.PatternBasedSqmFunctionDescriptor@4c319d52] under bitnot; prior registration was null
21:10:29.315 [main] DEBUG org.hibernate.query.sqm.function.SqmFunctionRegistry -- Registered SqmFunctionTemplate [NamedSqmFunctionTemplate(bit_and)] under bit_and; prior registration was null
21:10:29.315 [main] DEBUG org.hibernate.query.sqm.function.SqmFunctionRegistry -- Registered SqmFunctionTemplate [NamedSqmFunctionTemplate(bit_or)] under bit_or; prior registration was null
21:10:29.315 [main] DEBUG org.hibernate.query.sqm.function.SqmFunctionRegistry -- Registered SqmFunctionTemplate [NamedSqmFunctionTemplate(bool_and)] under bool_and; prior registration was null
21:10:29.315 [main] DEBUG org.hibernate.query.sqm.function.SqmFunctionRegistry -- Registering alternate key : every -> bool_and
21:10:29.315 [main] DEBUG org.hibernate.query.sqm.function.SqmFunctionRegistry -- Registered SqmFunctionTemplate [NamedSqmFunctionTemplate(bool_or)] under bool_or; prior registration was null
21:10:29.315 [main] DEBUG org.hibernate.query.sqm.function.SqmFunctionRegistry -- Registering alternate key : any -> bool_or
21:10:29.316 [main] DEBUG org.hibernate.query.sqm.function.SqmFunctionRegistry -- Registered SqmFunctionTemplate [org.hibernate.query.sqm.function.PatternBasedSqmFunctionDescriptor@72fbf94d] under median; prior registration was null
21:10:29.316 [main] DEBUG org.hibernate.query.sqm.function.SqmFunctionRegistry -- Registered SqmFunctionTemplate [NamedSqmFunctionTemplate(stddev)] under stddev; prior registration was null
21:10:29.316 [main] DEBUG org.hibernate.query.sqm.function.SqmFunctionRegistry -- Registered SqmFunctionTemplate [NamedSqmFunctionTemplate(stddev_pop)] under stddev_pop; prior registration was null
21:10:29.316 [main] DEBUG org.hibernate.query.sqm.function.SqmFunctionRegistry -- Registered SqmFunctionTemplate [NamedSqmFunctionTemplate(stddev_samp)] under stddev_samp; prior registration was null
21:10:29.316 [main] DEBUG org.hibernate.query.sqm.function.SqmFunctionRegistry -- Registered SqmFunctionTemplate [NamedSqmFunctionTemplate(variance)] under variance; prior registration was null
21:10:29.316 [main] DEBUG org.hibernate.query.sqm.function.SqmFunctionRegistry -- Registered SqmFunctionTemplate [NamedSqmFunctionTemplate(var_pop)] under var_pop; prior registration was null
21:10:29.316 [main] DEBUG org.hibernate.query.sqm.function.SqmFunctionRegistry -- Registered SqmFunctionTemplate [NamedSqmFunctionTemplate(var_samp)] under var_samp; prior registration was null
21:10:29.316 [main] DEBUG org.hibernate.query.sqm.function.SqmFunctionRegistry -- Registered SqmFunctionTemplate [NamedSqmFunctionTemplate(covar_pop)] under covar_pop; prior registration was null
21:10:29.316 [main] DEBUG org.hibernate.query.sqm.function.SqmFunctionRegistry -- Registered SqmFunctionTemplate [NamedSqmFunctionTemplate(covar_samp)] under covar_samp; prior registration was null
21:10:29.316 [main] DEBUG org.hibernate.query.sqm.function.SqmFunctionRegistry -- Registered SqmFunctionTemplate [NamedSqmFunctionTemplate(corr)] under corr; prior registration was null
21:10:29.316 [main] DEBUG org.hibernate.query.sqm.function.SqmFunctionRegistry -- Registered SqmFunctionTemplate [NamedSqmFunctionTemplate(regr_avgx)] under regr_avgx; prior registration was null
21:10:29.316 [main] DEBUG org.hibernate.query.sqm.function.SqmFunctionRegistry -- Registered SqmFunctionTemplate [NamedSqmFunctionTemplate(regr_avgy)] under regr_avgy; prior registration was null
21:10:29.316 [main] DEBUG org.hibernate.query.sqm.function.SqmFunctionRegistry -- Registered SqmFunctionTemplate [NamedSqmFunctionTemplate(regr_count)] under regr_count; prior registration was null
21:10:29.316 [main] DEBUG org.hibernate.query.sqm.function.SqmFunctionRegistry -- Registered SqmFunctionTemplate [NamedSqmFunctionTemplate(regr_intercept)] under regr_intercept; prior registration was null
21:10:29.316 [main] DEBUG org.hibernate.query.sqm.function.SqmFunctionRegistry -- Registered SqmFunctionTemplate [NamedSqmFunctionTemplate(regr_r2)] under regr_r2; prior registration was null
21:10:29.316 [main] DEBUG org.hibernate.query.sqm.function.SqmFunctionRegistry -- Registered SqmFunctionTemplate [NamedSqmFunctionTemplate(regr_slope)] under regr_slope; prior registration was null
21:10:29.316 [main] DEBUG org.hibernate.query.sqm.function.SqmFunctionRegistry -- Registered SqmFunctionTemplate [NamedSqmFunctionTemplate(regr_sxx)] under regr_sxx; prior registration was null
21:10:29.316 [main] DEBUG org.hibernate.query.sqm.function.SqmFunctionRegistry -- Registered SqmFunctionTemplate [NamedSqmFunctionTemplate(regr_sxy)] under regr_sxy; prior registration was null
21:10:29.316 [main] DEBUG org.hibernate.query.sqm.function.SqmFunctionRegistry -- Registered SqmFunctionTemplate [NamedSqmFunctionTemplate(regr_syy)] under regr_syy; prior registration was null
21:10:29.316 [main] DEBUG org.hibernate.query.sqm.function.SqmFunctionRegistry -- Registered SqmFunctionTemplate [org.hibernate.query.sqm.function.PatternBasedSqmFunctionDescriptor@2d28fb02] under insert; prior registration was null
21:10:29.317 [main] DEBUG org.hibernate.query.sqm.function.SqmFunctionRegistry -- Registered SqmFunctionTemplate [org.hibernate.query.sqm.function.MultipatternSqmFunctionDescriptor@b2c4a8b] under overlay; prior registration was org.hibernate.dialect.function.InsertSubstringOverlayEmulation@739831a4
21:10:29.317 [main] DEBUG org.hibernate.query.sqm.function.SqmFunctionRegistry -- Registered SqmFunctionTemplate [NamedSqmFunctionTemplate(soundex)] under soundex; prior registration was null
21:10:29.317 [main] DEBUG org.hibernate.query.sqm.function.SqmFunctionRegistry -- Registered SqmFunctionTemplate [org.hibernate.query.sqm.function.MultipatternSqmFunctionDescriptor@7f2c57fe] under locate; prior registration was NamedSqmFunctionTemplate(locate)
21:10:29.317 [main] DEBUG org.hibernate.query.sqm.function.SqmFunctionRegistry -- Registered SqmFunctionTemplate [NamedSqmFunctionTemplate(row_number)] under row_number; prior registration was null
21:10:29.318 [main] DEBUG org.hibernate.query.sqm.function.SqmFunctionRegistry -- Registered SqmFunctionTemplate [NamedSqmFunctionTemplate(lag)] under lag; prior registration was null
21:10:29.318 [main] DEBUG org.hibernate.query.sqm.function.SqmFunctionRegistry -- Registered SqmFunctionTemplate [NamedSqmFunctionTemplate(lead)] under lead; prior registration was null
21:10:29.318 [main] DEBUG org.hibernate.query.sqm.function.SqmFunctionRegistry -- Registered SqmFunctionTemplate [NamedSqmFunctionTemplate(first_value)] under first_value; prior registration was null
21:10:29.318 [main] DEBUG org.hibernate.query.sqm.function.SqmFunctionRegistry -- Registered SqmFunctionTemplate [NamedSqmFunctionTemplate(last_value)] under last_value; prior registration was null
21:10:29.318 [main] DEBUG org.hibernate.query.sqm.function.SqmFunctionRegistry -- Registered SqmFunctionTemplate [NamedSqmFunctionTemplate(nth_value)] under nth_value; prior registration was null
21:10:29.318 [main] DEBUG org.hibernate.query.sqm.function.SqmFunctionRegistry -- Registered SqmFunctionTemplate [org.hibernate.dialect.function.ListaggStringAggEmulation@5f8a02cf] under listagg; prior registration was null
21:10:29.320 [main] DEBUG org.hibernate.query.sqm.function.SqmFunctionRegistry -- Registered SqmFunctionTemplate [org.hibernate.dialect.function.array.PostgreSQLArrayConstructorFunction@be164d8] under array; prior registration was null
21:10:29.320 [main] DEBUG org.hibernate.query.sqm.function.SqmFunctionRegistry -- Registered SqmFunctionTemplate [org.hibernate.dialect.function.array.PostgreSQLArrayConstructorFunction@1b24ea2a] under array_list; prior registration was null
21:10:29.321 [main] DEBUG org.hibernate.query.sqm.function.SqmFunctionRegistry -- Registered SqmFunctionTemplate [org.hibernate.dialect.function.array.ArrayAggFunction@113f9078] under array_agg; prior registration was null
21:10:29.323 [main] DEBUG org.hibernate.query.sqm.function.SqmFunctionRegistry -- Registered SqmFunctionTemplate [org.hibernate.dialect.function.array.PostgreSQLArrayPositionFunction@2afdf6b7] under array_position; prior registration was null
21:10:29.327 [main] DEBUG org.hibernate.query.sqm.function.SqmFunctionRegistry -- Registered SqmFunctionTemplate [org.hibernate.dialect.function.array.PostgreSQLArrayPositionsFunction@19827608] under array_positions; prior registration was null
21:10:29.331 [main] DEBUG org.hibernate.query.sqm.function.SqmFunctionRegistry -- Registered SqmFunctionTemplate [org.hibernate.dialect.function.array.PostgreSQLArrayPositionsFunction@5db948c9] under array_positions_list; prior registration was null
21:10:29.331 [main] DEBUG org.hibernate.query.sqm.function.SqmFunctionRegistry -- Registered SqmFunctionTemplate [org.hibernate.query.sqm.function.PatternBasedSqmFunctionDescriptor@296edc75] under array_length; prior registration was null
21:10:29.332 [main] DEBUG org.hibernate.query.sqm.function.SqmFunctionRegistry -- Registered SqmFunctionTemplate [org.hibernate.dialect.function.array.PostgreSQLArrayConcatFunction@209f3887] under array_concat; prior registration was null
21:10:29.333 [main] DEBUG org.hibernate.query.sqm.function.SqmFunctionRegistry -- Registered SqmFunctionTemplate [org.hibernate.dialect.function.array.PostgreSQLArrayConcatElementFunction@15214920] under array_prepend; prior registration was null
21:10:29.333 [main] DEBUG org.hibernate.query.sqm.function.SqmFunctionRegistry -- Registered SqmFunctionTemplate [org.hibernate.dialect.function.array.PostgreSQLArrayConcatElementFunction@784d9bc] under array_append; prior registration was null
21:10:29.335 [main] DEBUG org.hibernate.query.sqm.function.SqmFunctionRegistry -- Registered SqmFunctionTemplate [org.hibernate.dialect.function.array.ArrayContainsOperatorFunction@5b733ef7] under array_contains; prior registration was null
21:10:29.335 [main] DEBUG org.hibernate.query.sqm.function.SqmFunctionRegistry -- Registered SqmFunctionTemplate [org.hibernate.dialect.function.array.ArrayContainsOperatorFunction@43a4a9e5] under array_contains_nullable; prior registration was null
21:10:29.336 [main] DEBUG org.hibernate.query.sqm.function.SqmFunctionRegistry -- Registered SqmFunctionTemplate [org.hibernate.dialect.function.array.ArrayOverlapsOperatorFunction@14b275bd] under array_overlaps; prior registration was null
21:10:29.336 [main] DEBUG org.hibernate.query.sqm.function.SqmFunctionRegistry -- Registered SqmFunctionTemplate [org.hibernate.dialect.function.array.ArrayOverlapsOperatorFunction@4ed18798] under array_overlaps_nullable; prior registration was null
21:10:29.336 [main] DEBUG org.hibernate.query.sqm.function.SqmFunctionRegistry -- Registered SqmFunctionTemplate [org.hibernate.query.sqm.function.PatternBasedSqmFunctionDescriptor@1e1e837d] under array_get; prior registration was null
21:10:29.336 [main] DEBUG org.hibernate.query.sqm.function.SqmFunctionRegistry -- Registered SqmFunctionTemplate [org.hibernate.dialect.function.array.ArraySetUnnestFunction@273fa9e] under array_set; prior registration was null
21:10:29.336 [main] DEBUG org.hibernate.query.sqm.function.SqmFunctionRegistry -- Registered SqmFunctionTemplate [NamedSqmFunctionTemplate(array_remove)] under array_remove; prior registration was null
21:10:29.337 [main] DEBUG org.hibernate.query.sqm.function.SqmFunctionRegistry -- Registered SqmFunctionTemplate [org.hibernate.dialect.function.array.ArrayRemoveIndexUnnestFunction@5ec6fede] under array_remove_index; prior registration was null
21:10:29.337 [main] DEBUG org.hibernate.query.sqm.function.SqmFunctionRegistry -- Registered SqmFunctionTemplate [org.hibernate.query.sqm.function.PatternBasedSqmFunctionDescriptor@580902cd] under array_slice; prior registration was null
21:10:29.337 [main] DEBUG org.hibernate.query.sqm.function.SqmFunctionRegistry -- Registered SqmFunctionTemplate [NamedSqmFunctionTemplate(array_replace)] under array_replace; prior registration was null
21:10:29.337 [main] DEBUG org.hibernate.query.sqm.function.SqmFunctionRegistry -- Registered SqmFunctionTemplate [org.hibernate.query.sqm.function.PatternBasedSqmFunctionDescriptor@3757e8e2] under array_trim; prior registration was null
21:10:29.338 [main] DEBUG org.hibernate.query.sqm.function.SqmFunctionRegistry -- Registered SqmFunctionTemplate [org.hibernate.dialect.function.array.PostgreSQLArrayFillFunction@3b435211] under array_fill; prior registration was null
21:10:29.338 [main] DEBUG org.hibernate.query.sqm.function.SqmFunctionRegistry -- Registered SqmFunctionTemplate [org.hibernate.dialect.function.array.PostgreSQLArrayFillFunction@361cd35c] under array_fill_list; prior registration was null
21:10:29.338 [main] DEBUG org.hibernate.query.sqm.function.SqmFunctionRegistry -- Registered SqmFunctionTemplate [org.hibernate.dialect.function.array.ArrayToStringFunction@3b4086c1] under array_to_string; prior registration was null
21:10:29.338 [main] DEBUG org.hibernate.query.sqm.function.SqmFunctionRegistry -- Registered SqmFunctionTemplate [NamedSqmFunctionTemplate(make_date)] under make_date; prior registration was null
21:10:29.338 [main] DEBUG org.hibernate.query.sqm.function.SqmFunctionRegistry -- Registered SqmFunctionTemplate [NamedSqmFunctionTemplate(make_time)] under make_time; prior registration was null
21:10:29.339 [main] DEBUG org.hibernate.query.sqm.function.SqmFunctionRegistry -- Registered SqmFunctionTemplate [NamedSqmFunctionTemplate(make_timestamp)] under make_timestamp; prior registration was null
21:10:29.339 [main] DEBUG org.hibernate.query.sqm.function.SqmFunctionRegistry -- Registered SqmFunctionTemplate [NamedSqmFunctionTemplate(make_timestamptz)] under make_timestamptz; prior registration was null
21:10:29.339 [main] DEBUG org.hibernate.query.sqm.function.SqmFunctionRegistry -- Registered SqmFunctionTemplate [org.hibernate.dialect.function.InverseDistributionFunction@5600a5da] under mode; prior registration was null
21:10:29.339 [main] DEBUG org.hibernate.query.sqm.function.SqmFunctionRegistry -- Registered SqmFunctionTemplate [org.hibernate.dialect.function.InverseDistributionFunction@551be9f6] under percentile_cont; prior registration was null
21:10:29.339 [main] DEBUG org.hibernate.query.sqm.function.SqmFunctionRegistry -- Registered SqmFunctionTemplate [org.hibernate.dialect.function.InverseDistributionFunction@269222ae] under percentile_disc; prior registration was null
21:10:29.340 [main] DEBUG org.hibernate.query.sqm.function.SqmFunctionRegistry -- Registered SqmFunctionTemplate [org.hibernate.dialect.function.HypotheticalSetFunction@7d3691e1] under rank; prior registration was null
21:10:29.340 [main] DEBUG org.hibernate.query.sqm.function.SqmFunctionRegistry -- Registered SqmFunctionTemplate [org.hibernate.dialect.function.HypotheticalSetFunction@46a123e4] under dense_rank; prior registration was null
21:10:29.340 [main] DEBUG org.hibernate.query.sqm.function.SqmFunctionRegistry -- Registered SqmFunctionTemplate [org.hibernate.dialect.function.HypotheticalSetFunction@44bc2449] under percent_rank; prior registration was null
21:10:29.340 [main] DEBUG org.hibernate.query.sqm.function.SqmFunctionRegistry -- Registered SqmFunctionTemplate [org.hibernate.dialect.function.HypotheticalSetFunction@3c28e5b6] under cume_dist; prior registration was null
21:10:29.341 [main] DEBUG org.hibernate.query.sqm.function.SqmFunctionRegistry -- Registered SqmFunctionTemplate [org.hibernate.dialect.function.PostgreSQLMinMaxFunction@646cd766] under min; prior registration was NamedSqmFunctionTemplate(min)
21:10:29.341 [main] DEBUG org.hibernate.query.sqm.function.SqmFunctionRegistry -- Registered SqmFunctionTemplate [org.hibernate.dialect.function.PostgreSQLMinMaxFunction@57151b3a] under max; prior registration was NamedSqmFunctionTemplate(max)
21:10:29.341 [main] DEBUG org.hibernate.query.sqm.function.SqmFunctionRegistry -- Registered SqmFunctionTemplate [org.hibernate.dialect.function.PostgreSQLTruncRoundFunction@501957bf] under round; prior registration was NamedSqmFunctionTemplate(round)
21:10:29.344 [main] DEBUG org.hibernate.query.sqm.function.SqmFunctionRegistry -- Registered SqmFunctionTemplate [org.hibernate.dialect.function.PostgreSQLTruncFunction@374c40ba] under trunc; prior registration was null
21:10:29.344 [main] DEBUG org.hibernate.query.sqm.function.SqmFunctionRegistry -- Registering alternate key : truncate -> trunc
21:10:29.344 [main] DEBUG org.hibernate.query.sqm.function.SqmFunctionRegistry -- Registered SqmFunctionTemplate [org.hibernate.query.sqm.function.PatternBasedSqmFunctionDescriptor@18dcb8a7] under date_trunc; prior registration was null
21:10:29.348 [main] DEBUG org.hibernate.HQL_FUNCTIONS -- abs(NUMERIC arg)
21:10:29.349 [main] DEBUG org.hibernate.HQL_FUNCTIONS -- Double acos(NUMERIC arg)
21:10:29.349 [main] DEBUG org.hibernate.HQL_FUNCTIONS -- Double acosh(NUMERIC arg)
21:10:29.349 [main] DEBUG org.hibernate.HQL_FUNCTIONS -- Boolean any(BOOLEAN predicate)
21:10:29.349 [main] DEBUG org.hibernate.HQL_FUNCTIONS -- array( ... )
21:10:29.349 [main] DEBUG org.hibernate.HQL_FUNCTIONS -- array_agg(arg)
21:10:29.349 [main] DEBUG org.hibernate.HQL_FUNCTIONS -- array_append( ... )
21:10:29.349 [main] DEBUG org.hibernate.HQL_FUNCTIONS -- array_concat( ... )
21:10:29.349 [main] DEBUG org.hibernate.HQL_FUNCTIONS -- Boolean array_contains(ARRAY haystackArray, OBJECT needleElementOrArray)
21:10:29.349 [main] DEBUG org.hibernate.HQL_FUNCTIONS -- Boolean array_contains_nullable(ARRAY haystackArray, OBJECT needleElementOrArray)
21:10:29.349 [main] DEBUG org.hibernate.HQL_FUNCTIONS -- array_fill(OBJECT element, INTEGER elementCount)
21:10:29.349 [main] DEBUG org.hibernate.HQL_FUNCTIONS -- array_fill_list(OBJECT element, INTEGER elementCount)
21:10:29.349 [main] DEBUG org.hibernate.HQL_FUNCTIONS -- array_get(ARRAY array, INTEGER index)
21:10:29.349 [main] DEBUG org.hibernate.HQL_FUNCTIONS -- Integer array_length(ARRAY array)
21:10:29.349 [main] DEBUG org.hibernate.HQL_FUNCTIONS -- array_list( ... )
21:10:29.349 [main] DEBUG org.hibernate.HQL_FUNCTIONS -- Boolean array_overlaps(ARRAY array0, OBJECT array1)
21:10:29.349 [main] DEBUG org.hibernate.HQL_FUNCTIONS -- Boolean array_overlaps_nullable(ARRAY array0, OBJECT array1)
21:10:29.349 [main] DEBUG org.hibernate.HQL_FUNCTIONS -- Integer array_position(ARRAY array, OBJECT element[, INTEGER startPosition])
21:10:29.349 [main] DEBUG org.hibernate.HQL_FUNCTIONS -- int[] array_positions(ARRAY array, OBJECT element)
21:10:29.349 [main] DEBUG org.hibernate.HQL_FUNCTIONS -- List array_positions_list(ARRAY array, OBJECT element)
21:10:29.349 [main] DEBUG org.hibernate.HQL_FUNCTIONS -- array_prepend( ... )
21:10:29.349 [main] DEBUG org.hibernate.HQL_FUNCTIONS -- array_remove( ... )
21:10:29.349 [main] DEBUG org.hibernate.HQL_FUNCTIONS -- array_remove_index( ... )
21:10:29.349 [main] DEBUG org.hibernate.HQL_FUNCTIONS -- array_replace(ARRAY array, OBJECT old, OBJECT new)
21:10:29.349 [main] DEBUG org.hibernate.HQL_FUNCTIONS -- array_set( ... )
21:10:29.349 [main] DEBUG org.hibernate.HQL_FUNCTIONS -- array_slice(ARRAY array, INTEGER start, INTEGER end)
21:10:29.349 [main] DEBUG org.hibernate.HQL_FUNCTIONS -- String array_to_string( ... )
21:10:29.349 [main] DEBUG org.hibernate.HQL_FUNCTIONS -- array_trim(ARRAY array, INTEGER elementsToRemove)
21:10:29.349 [main] DEBUG org.hibernate.HQL_FUNCTIONS -- Integer ascii(STRING arg)
21:10:29.349 [main] DEBUG org.hibernate.HQL_FUNCTIONS -- Double asin(NUMERIC arg)
21:10:29.349 [main] DEBUG org.hibernate.HQL_FUNCTIONS -- Double asinh(NUMERIC arg)
21:10:29.349 [main] DEBUG org.hibernate.HQL_FUNCTIONS -- Double atan(NUMERIC arg)
21:10:29.350 [main] DEBUG org.hibernate.HQL_FUNCTIONS -- Double atan2(NUMERIC arg0, NUMERIC arg1)
21:10:29.351 [main] DEBUG org.hibernate.HQL_FUNCTIONS -- Double atanh(NUMERIC arg)
21:10:29.351 [main] DEBUG org.hibernate.HQL_FUNCTIONS -- avg(arg)
21:10:29.351 [main] DEBUG org.hibernate.HQL_FUNCTIONS -- bit_and(arg)
21:10:29.351 [main] DEBUG org.hibernate.HQL_FUNCTIONS -- Integer bit_length(STRING_OR_CLOB arg)
21:10:29.351 [main] DEBUG org.hibernate.HQL_FUNCTIONS -- bit_or(arg)
21:10:29.351 [main] DEBUG org.hibernate.HQL_FUNCTIONS -- bitand(arg0, arg1)
21:10:29.351 [main] DEBUG org.hibernate.HQL_FUNCTIONS -- bitnot(arg)
21:10:29.352 [main] DEBUG org.hibernate.HQL_FUNCTIONS -- bitor(arg0, arg1)
21:10:29.352 [main] DEBUG org.hibernate.HQL_FUNCTIONS -- bitxor(arg0, arg1)
21:10:29.352 [main] DEBUG org.hibernate.HQL_FUNCTIONS -- Boolean bool_and(BOOLEAN predicate)
21:10:29.352 [main] DEBUG org.hibernate.HQL_FUNCTIONS -- Boolean bool_or(BOOLEAN predicate)
21:10:29.352 [main] DEBUG org.hibernate.HQL_FUNCTIONS -- cast(arg as Type)
21:10:29.352 [main] DEBUG org.hibernate.HQL_FUNCTIONS -- Double cbrt(NUMERIC arg)
21:10:29.352 [main] DEBUG org.hibernate.HQL_FUNCTIONS -- ceiling(NUMERIC arg)
21:10:29.352 [main] DEBUG org.hibernate.HQL_FUNCTIONS -- Character char(INTEGER arg)
21:10:29.352 [main] DEBUG org.hibernate.HQL_FUNCTIONS -- Integer character_length(STRING_OR_CLOB arg)
21:10:29.352 [main] DEBUG org.hibernate.HQL_FUNCTIONS -- Character chr(INTEGER arg)
21:10:29.352 [main] DEBUG org.hibernate.HQL_FUNCTIONS -- coalesce(arg0[, arg1[, ...]])
21:10:29.352 [main] DEBUG org.hibernate.HQL_FUNCTIONS -- String collate(STRING string as COLLATION collation)
21:10:29.352 [main] DEBUG org.hibernate.HQL_FUNCTIONS -- (STRING string0[, STRING string1[, ...]])
21:10:29.352 [main] DEBUG org.hibernate.HQL_FUNCTIONS -- Double corr(NUMERIC arg0, NUMERIC arg1)
21:10:29.352 [main] DEBUG org.hibernate.HQL_FUNCTIONS -- Double cos(NUMERIC arg)
21:10:29.352 [main] DEBUG org.hibernate.HQL_FUNCTIONS -- Double cosh(NUMERIC arg)
21:10:29.352 [main] DEBUG org.hibernate.HQL_FUNCTIONS -- Double cot(NUMERIC arg)
21:10:29.352 [main] DEBUG org.hibernate.HQL_FUNCTIONS -- Long count([distinct ]{arg|*})
21:10:29.352 [main] DEBUG org.hibernate.HQL_FUNCTIONS -- Double covar_pop(NUMERIC arg0, NUMERIC arg1)
21:10:29.352 [main] DEBUG org.hibernate.HQL_FUNCTIONS -- Double covar_samp(NUMERIC arg0, NUMERIC arg1)
21:10:29.352 [main] DEBUG org.hibernate.HQL_FUNCTIONS -- Double cume_dist([arg0[, ...]])
21:10:29.352 [main] DEBUG org.hibernate.HQL_FUNCTIONS -- Date current date
21:10:29.352 [main] DEBUG org.hibernate.HQL_FUNCTIONS -- Time current time
21:10:29.352 [main] DEBUG org.hibernate.HQL_FUNCTIONS -- Timestamp current timestamp
21:10:29.352 [main] DEBUG org.hibernate.HQL_FUNCTIONS -- Date current_date
21:10:29.352 [main] DEBUG org.hibernate.HQL_FUNCTIONS -- Instant current_instant
21:10:29.352 [main] DEBUG org.hibernate.HQL_FUNCTIONS -- Time current_time
21:10:29.353 [main] DEBUG org.hibernate.HQL_FUNCTIONS -- Timestamp current_timestamp
21:10:29.353 [main] DEBUG org.hibernate.HQL_FUNCTIONS -- date_trunc(STRING field, TEMPORAL datetime)
21:10:29.353 [main] DEBUG org.hibernate.HQL_FUNCTIONS -- dateadd(TEMPORAL_UNIT field, INTEGER magnitude, TEMPORAL datetime)
21:10:29.353 [main] DEBUG org.hibernate.HQL_FUNCTIONS -- basicType@5(java.lang.Long,-5)|basicType@18(java.lang.Double,8) datediff(TEMPORAL_UNIT field, TEMPORAL start, TEMPORAL end)
21:10:29.353 [main] DEBUG org.hibernate.HQL_FUNCTIONS -- Double degrees(NUMERIC arg)
21:10:29.353 [main] DEBUG org.hibernate.HQL_FUNCTIONS -- Long dense_rank([arg0[, ...]])
21:10:29.353 [main] DEBUG org.hibernate.HQL_FUNCTIONS -- Boolean every(BOOLEAN predicate)
21:10:29.353 [main] DEBUG org.hibernate.HQL_FUNCTIONS -- Double exp(NUMERIC arg)
21:10:29.353 [main] DEBUG org.hibernate.HQL_FUNCTIONS -- extract(TEMPORAL_UNIT field from TEMPORAL arg)
21:10:29.353 [main] DEBUG org.hibernate.HQL_FUNCTIONS -- first_valueANY value
21:10:29.353 [main] DEBUG org.hibernate.HQL_FUNCTIONS -- floor(NUMERIC arg)
21:10:29.353 [main] DEBUG org.hibernate.HQL_FUNCTIONS -- String format(TEMPORAL datetime as STRING pattern)
21:10:29.353 [main] DEBUG org.hibernate.HQL_FUNCTIONS -- greatest(COMPARABLE arg0, COMPARABLE arg1[, arg2[, ...]])
21:10:29.353 [main] DEBUG org.hibernate.HQL_FUNCTIONS -- ifnull(arg0, arg1)
21:10:29.353 [main] DEBUG org.hibernate.HQL_FUNCTIONS -- String initcap(arg)
21:10:29.353 [main] DEBUG org.hibernate.HQL_FUNCTIONS -- String insert(STRING string, INTEGER start, INTEGER length, STRING replacement)
21:10:29.353 [main] DEBUG org.hibernate.HQL_FUNCTIONS -- Instant instant
21:10:29.353 [main] DEBUG org.hibernate.HQL_FUNCTIONS -- lagANY value[, INTEGER offset[, ANY default]]
21:10:29.353 [main] DEBUG org.hibernate.HQL_FUNCTIONS -- last_valueANY value
21:10:29.353 [main] DEBUG org.hibernate.HQL_FUNCTIONS -- leadANY value[, INTEGER offset[, ANY default]]
21:10:29.353 [main] DEBUG org.hibernate.HQL_FUNCTIONS -- least(COMPARABLE arg0, COMPARABLE arg1[, arg2[, ...]])
21:10:29.353 [main] DEBUG org.hibernate.HQL_FUNCTIONS -- String left(STRING string, INTEGER length)
21:10:29.353 [main] DEBUG org.hibernate.HQL_FUNCTIONS -- Integer length(STRING_OR_CLOB arg)
21:10:29.353 [main] DEBUG org.hibernate.HQL_FUNCTIONS -- String listagg(STRING arg0, STRING arg1)
21:10:29.353 [main] DEBUG org.hibernate.HQL_FUNCTIONS -- Double ln(NUMERIC arg)
21:10:29.353 [main] DEBUG org.hibernate.HQL_FUNCTIONS -- LocalDate local date
21:10:29.353 [main] DEBUG org.hibernate.HQL_FUNCTIONS -- LocalDateTime local datetime
21:10:29.353 [main] DEBUG org.hibernate.HQL_FUNCTIONS -- LocalTime local time
21:10:29.353 [main] DEBUG org.hibernate.HQL_FUNCTIONS -- LocalDate local_date
21:10:29.353 [main] DEBUG org.hibernate.HQL_FUNCTIONS -- LocalDateTime local_datetime
21:10:29.353 [main] DEBUG org.hibernate.HQL_FUNCTIONS -- LocalTime local_time
21:10:29.353 [main] DEBUG org.hibernate.HQL_FUNCTIONS -- Time localtime
21:10:29.353 [main] DEBUG org.hibernate.HQL_FUNCTIONS -- Timestamp localtimestamp
21:10:29.353 [main] DEBUG org.hibernate.HQL_FUNCTIONS -- Integer locate(STRING pattern, STRING string[, INTEGER start])
21:10:29.353 [main] DEBUG org.hibernate.HQL_FUNCTIONS -- Double log(NUMERIC arg0[, NUMERIC arg1])
21:10:29.353 [main] DEBUG org.hibernate.HQL_FUNCTIONS -- Double log10(NUMERIC arg)
21:10:29.354 [main] DEBUG org.hibernate.HQL_FUNCTIONS -- String lower(STRING string)
21:10:29.354 [main] DEBUG org.hibernate.HQL_FUNCTIONS -- String lpad(STRING string, INTEGER length[, STRING padding])
21:10:29.354 [main] DEBUG org.hibernate.HQL_FUNCTIONS -- String ltrim(STRING string[, STRING characters])
21:10:29.354 [main] DEBUG org.hibernate.HQL_FUNCTIONS -- Date make_date(INTEGER arg0, INTEGER arg1, INTEGER arg2)
21:10:29.354 [main] DEBUG org.hibernate.HQL_FUNCTIONS -- Time make_time(INTEGER arg0, INTEGER arg1, INTEGER arg2)
21:10:29.354 [main] DEBUG org.hibernate.HQL_FUNCTIONS -- Timestamp make_timestamp(INTEGER arg0, INTEGER arg1, INTEGER arg2, INTEGER arg3, INTEGER arg4, INTEGER arg5)
21:10:29.354 [main] DEBUG org.hibernate.HQL_FUNCTIONS -- Timestamp make_timestamptz(INTEGER arg0, INTEGER arg1, INTEGER arg2, INTEGER arg3, INTEGER arg4, INTEGER arg5[, INTEGER arg6])
21:10:29.354 [main] DEBUG org.hibernate.HQL_FUNCTIONS -- max(COMPARABLE arg)
21:10:29.354 [main] DEBUG org.hibernate.HQL_FUNCTIONS -- String md5(arg)
21:10:29.354 [main] DEBUG org.hibernate.HQL_FUNCTIONS -- Double median(NUMERIC arg)
21:10:29.354 [main] DEBUG org.hibernate.HQL_FUNCTIONS -- min(COMPARABLE arg)
21:10:29.354 [main] DEBUG org.hibernate.HQL_FUNCTIONS -- Integer mod(INTEGER arg0, INTEGER arg1)
21:10:29.354 [main] DEBUG org.hibernate.HQL_FUNCTIONS -- mode()
21:10:29.354 [main] DEBUG org.hibernate.HQL_FUNCTIONS -- nth_valueANY value, INTEGER nth
21:10:29.354 [main] DEBUG org.hibernate.HQL_FUNCTIONS -- nullif(arg0, arg1)
21:10:29.354 [main] DEBUG org.hibernate.HQL_FUNCTIONS -- Integer octet_length(STRING_OR_CLOB arg)
21:10:29.354 [main] DEBUG org.hibernate.HQL_FUNCTIONS -- OffsetDateTime offset datetime
21:10:29.354 [main] DEBUG org.hibernate.HQL_FUNCTIONS -- OffsetDateTime offset_datetime
21:10:29.354 [main] DEBUG org.hibernate.HQL_FUNCTIONS -- String overlay(string placing replacement from start[ for length])
21:10:29.354 [main] DEBUG org.hibernate.HQL_FUNCTIONS -- String pad(STRING string with INTEGER length {leading|trailing}[ STRING character])
21:10:29.354 [main] DEBUG org.hibernate.HQL_FUNCTIONS -- Double percent_rank([arg0[, ...]])
21:10:29.354 [main] DEBUG org.hibernate.HQL_FUNCTIONS -- percentile_cont(NUMERIC arg)
21:10:29.354 [main] DEBUG org.hibernate.HQL_FUNCTIONS -- percentile_disc(NUMERIC arg)
21:10:29.354 [main] DEBUG org.hibernate.HQL_FUNCTIONS -- Double pi
21:10:29.354 [main] DEBUG org.hibernate.HQL_FUNCTIONS -- Integer position(STRING pattern in STRING string)
21:10:29.354 [main] DEBUG org.hibernate.HQL_FUNCTIONS -- Double power(NUMERIC arg0, NUMERIC arg1)
21:10:29.354 [main] DEBUG org.hibernate.HQL_FUNCTIONS -- Double radians(NUMERIC arg)
21:10:29.354 [main] DEBUG org.hibernate.HQL_FUNCTIONS -- Long rank([arg0[, ...]])
21:10:29.355 [main] DEBUG org.hibernate.HQL_FUNCTIONS -- Double regr_avgx(NUMERIC arg0, NUMERIC arg1)
21:10:29.355 [main] DEBUG org.hibernate.HQL_FUNCTIONS -- Double regr_avgy(NUMERIC arg0, NUMERIC arg1)
21:10:29.355 [main] DEBUG org.hibernate.HQL_FUNCTIONS -- Double regr_count(NUMERIC arg0, NUMERIC arg1)
21:10:29.355 [main] DEBUG org.hibernate.HQL_FUNCTIONS -- Double regr_intercept(NUMERIC arg0, NUMERIC arg1)
21:10:29.355 [main] DEBUG org.hibernate.HQL_FUNCTIONS -- Double regr_r2(NUMERIC arg0, NUMERIC arg1)
21:10:29.355 [main] DEBUG org.hibernate.HQL_FUNCTIONS -- Double regr_slope(NUMERIC arg0, NUMERIC arg1)
21:10:29.355 [main] DEBUG org.hibernate.HQL_FUNCTIONS -- Double regr_sxx(NUMERIC arg0, NUMERIC arg1)
21:10:29.355 [main] DEBUG org.hibernate.HQL_FUNCTIONS -- Double regr_sxy(NUMERIC arg0, NUMERIC arg1)
21:10:29.355 [main] DEBUG org.hibernate.HQL_FUNCTIONS -- Double regr_syy(NUMERIC arg0, NUMERIC arg1)
21:10:29.355 [main] DEBUG org.hibernate.HQL_FUNCTIONS -- String repeat(STRING string, INTEGER times)
21:10:29.355 [main] DEBUG org.hibernate.HQL_FUNCTIONS -- String replace(STRING string, STRING pattern, STRING replacement)
21:10:29.355 [main] DEBUG org.hibernate.HQL_FUNCTIONS -- String right(STRING string, INTEGER length)
21:10:29.355 [main] DEBUG org.hibernate.HQL_FUNCTIONS -- round(NUMERIC number[, INTEGER places])
21:10:29.355 [main] DEBUG org.hibernate.HQL_FUNCTIONS -- Long row_number()
21:10:29.355 [main] DEBUG org.hibernate.HQL_FUNCTIONS -- String rpad(STRING string, INTEGER length[, STRING padding])
21:10:29.356 [main] DEBUG org.hibernate.HQL_FUNCTIONS -- String rtrim(STRING string[, STRING characters])
21:10:29.356 [main] DEBUG org.hibernate.HQL_FUNCTIONS -- Integer sign(NUMERIC arg)
21:10:29.356 [main] DEBUG org.hibernate.HQL_FUNCTIONS -- Double sin(NUMERIC arg)
21:10:29.356 [main] DEBUG org.hibernate.HQL_FUNCTIONS -- Double sinh(NUMERIC arg)
21:10:29.356 [main] DEBUG org.hibernate.HQL_FUNCTIONS -- String soundex(arg)
21:10:29.356 [main] DEBUG org.hibernate.HQL_FUNCTIONS -- Object sql
21:10:29.356 [main] DEBUG org.hibernate.HQL_FUNCTIONS -- Double sqrt(NUMERIC arg)
21:10:29.356 [main] DEBUG org.hibernate.HQL_FUNCTIONS -- Double stddev(NUMERIC arg)
21:10:29.356 [main] DEBUG org.hibernate.HQL_FUNCTIONS -- Double stddev_pop(NUMERIC arg)
21:10:29.356 [main] DEBUG org.hibernate.HQL_FUNCTIONS -- Double stddev_samp(NUMERIC arg)
21:10:29.356 [main] DEBUG org.hibernate.HQL_FUNCTIONS -- String str(arg)
21:10:29.356 [main] DEBUG org.hibernate.HQL_FUNCTIONS -- String substr(STRING string, INTEGER start[, INTEGER length])
21:10:29.356 [main] DEBUG org.hibernate.HQL_FUNCTIONS -- String substring(STRING string{ from|,} INTEGER start[{ for|,} INTEGER length])
21:10:29.356 [main] DEBUG org.hibernate.HQL_FUNCTIONS -- sum(arg)
21:10:29.356 [main] DEBUG org.hibernate.HQL_FUNCTIONS -- Double tan(NUMERIC arg)
21:10:29.356 [main] DEBUG org.hibernate.HQL_FUNCTIONS -- Double tanh(NUMERIC arg)
21:10:29.356 [main] DEBUG org.hibernate.HQL_FUNCTIONS -- timestampadd(TEMPORAL_UNIT field, INTEGER magnitude, TEMPORAL datetime)
21:10:29.356 [main] DEBUG org.hibernate.HQL_FUNCTIONS -- basicType@5(java.lang.Long,-5)|basicType@18(java.lang.Double,8) timestampdiff(TEMPORAL_UNIT field, TEMPORAL start, TEMPORAL end)
21:10:29.356 [main] DEBUG org.hibernate.HQL_FUNCTIONS -- String to_char(ANY arg0[, STRING arg1, STRING arg2])
21:10:29.356 [main] DEBUG org.hibernate.HQL_FUNCTIONS -- Date to_date(STRING arg0[, STRING arg1, STRING arg2])
21:10:29.357 [main] DEBUG org.hibernate.HQL_FUNCTIONS -- Double to_number(STRING arg0[, STRING arg1, STRING arg2])
21:10:29.357 [main] DEBUG org.hibernate.HQL_FUNCTIONS -- Timestamp to_timestamp(STRING arg0[, STRING arg1, STRING arg2])
21:10:29.357 [main] DEBUG org.hibernate.HQL_FUNCTIONS -- String translate(STRING arg0, STRING arg1, STRING arg2)
21:10:29.357 [main] DEBUG org.hibernate.HQL_FUNCTIONS -- String trim([[{leading|trailing|both} ][STRING arg0 ]from] STRING arg1)
21:10:29.357 [main] DEBUG org.hibernate.HQL_FUNCTIONS -- trunc( ... )
21:10:29.357 [main] DEBUG org.hibernate.HQL_FUNCTIONS -- truncate( ... )
21:10:29.357 [main] DEBUG org.hibernate.HQL_FUNCTIONS -- String upper(STRING string)
21:10:29.357 [main] DEBUG org.hibernate.HQL_FUNCTIONS -- Double var_pop(NUMERIC arg)
21:10:29.357 [main] DEBUG org.hibernate.HQL_FUNCTIONS -- Double var_samp(NUMERIC arg)
21:10:29.357 [main] DEBUG org.hibernate.HQL_FUNCTIONS -- Double variance(NUMERIC arg)
21:10:29.364 [main] DEBUG org.hibernate.orm.query.plan.cache -- Starting QueryInterpretationCache(2048)
21:10:29.504 [main] DEBUG org.hibernate.service.internal.SessionFactoryServiceRegistryImpl -- EventListenerRegistry access via ServiceRegistry is deprecated.  Use `sessionFactory.getEventEngine().getListenerRegistry()` instead
21:10:29.507 [main] DEBUG org.hibernate.event.internal.EntityCopyObserverFactoryInitiator -- Configured EntityCopyObserver strategy: disallow
21:10:29.644 [main] DEBUG org.hibernate.ormbytecode.interceptor -- To-one property `org.lab2.Pets.Pet#owner` was mapped with LAZY + NO_PROXY but the class was not enhanced
21:10:29.644 [main] DEBUG org.hibernate.ormbytecode.interceptor -- To-one property `org.lab2.Pets.Pet#owner` was mapped with LAZY + NO_PROXY but the class was not enhanced
21:10:29.644 [main] DEBUG org.hibernate.boot.internal.ClassLoaderAccessImpl -- Not known whether passed class name [org.lab2.Pets.Pet] is safe
21:10:29.644 [main] DEBUG org.hibernate.boot.internal.ClassLoaderAccessImpl -- No temp ClassLoader provided; using live ClassLoader for loading potentially unsafe class : org.lab2.Pets.Pet
21:10:29.965 [main] DEBUG org.hibernate.bytecode.internal.bytebuddy.BytecodeProviderImpl -- HHH000513: Unable to create the ReflectionOptimizer for [org.lab2.Pets.Pet]: private accessor [birthDate]
21:10:29.972 [main] DEBUG org.hibernate.ormbytecode.interceptor -- To-one property `org.lab2.Pets.Pet#owner` was mapped with LAZY + NO_PROXY but the class was not enhanced
21:10:30.007 [main] DEBUG org.hibernate.boot.internal.ClassLoaderAccessImpl -- Not known whether passed class name [org.lab2.Owners.Owner] is safe
21:10:30.007 [main] DEBUG org.hibernate.boot.internal.ClassLoaderAccessImpl -- No temp ClassLoader provided; using live ClassLoader for loading potentially unsafe class : org.lab2.Owners.Owner
21:10:30.025 [main] DEBUG org.hibernate.bytecode.internal.bytebuddy.BytecodeProviderImpl -- HHH000513: Unable to create the ReflectionOptimizer for [org.lab2.Owners.Owner]: private accessor [birthDate]
21:10:30.047 [main] DEBUG org.hibernate.orm.jdbc.mutation -- Skipping collection (re)creation - org.lab2.Owners.Owner.pets
21:10:30.049 [main] DEBUG org.hibernate.orm.jdbc.mutation -- Skipping collection row deletions - org.lab2.Owners.Owner.pets
21:10:30.049 [main] DEBUG org.hibernate.orm.jdbc.mutation -- Skipping collection removals - org.lab2.Owners.Owner.pets
21:10:30.055 [main] DEBUG org.hibernate.orm.jdbc.mutation -- Skipping collection row updates - org.lab2.Pets.Pet.friends
21:10:30.104 [main] DEBUG org.hibernate.orm.model.mapping.creation -- Starting post-init callbacks
21:10:30.104 [main] DEBUG org.hibernate.orm.model.mapping.creation -- Starting PostInitCallbackEntry : PluralAttributeMapping( NavigableRole[org.lab2.Pets.Pet.friends#{element}]) - element descriptor
21:10:30.109 [main] DEBUG org.hibernate.orm.model.mapping.creation -- Starting PostInitCallbackEntry : PluralAttributeMapping(org.lab2.Pets.Pet.friends)#finishInitialization
21:10:30.109 [main] DEBUG org.hibernate.orm.model.mapping.creation -- Starting PostInitCallbackEntry : PluralAttributeMapping(org.lab2.Pets.Pet.friends) - key descriptor
21:10:30.109 [main] DEBUG org.hibernate.orm.model.mapping.creation -- Starting PostInitCallbackEntry : To-one key - NavigableRole[org.lab2.Pets.Pet.owner]
21:10:30.111 [main] DEBUG org.hibernate.orm.model.mapping.creation -- Starting PostInitCallbackEntry : Entity(org.lab2.Pets.Pet) `staticFetchableList` generator
21:10:30.111 [main] DEBUG org.hibernate.orm.model.mapping.creation -- Starting PostInitCallbackEntry : PluralAttributeMapping( NavigableRole[org.lab2.Owners.Owner.pets#{element}]) - element descriptor
21:10:30.111 [main] DEBUG org.hibernate.orm.model.mapping.creation -- Starting PostInitCallbackEntry : PluralAttributeMapping(org.lab2.Owners.Owner.pets)#finishInitialization
21:10:30.111 [main] DEBUG org.hibernate.orm.model.mapping.creation -- Starting PostInitCallbackEntry : PluralAttributeMapping(org.lab2.Owners.Owner.pets) - key descriptor
21:10:30.111 [main] DEBUG org.hibernate.orm.model.mapping.creation -- Starting PostInitCallbackEntry : Entity(org.lab2.Owners.Owner) `staticFetchableList` generator
21:10:30.112 [main] DEBUG org.hibernate.orm.model.mapping.creation -- Starting PostInitCallbackEntry : PluralAttributeMapping( NavigableRole[org.lab2.Owners.Owner.pets#{element}]) - element descriptor
21:10:30.222 [main] DEBUG org.hibernate.orm.sql.ast.create -- Created new SQL alias : p1_0
21:10:30.225 [main] DEBUG org.hibernate.orm.sql.ast.create -- Registration of TableGroup [StandardTableGroup(org.lab2.Pets.Pet)] with identifierForTableGroup [org.lab2.Pets.Pet] for NavigablePath [org.lab2.Pets.Pet] 
21:10:30.240 [main] DEBUG org.hibernate.orm.sql.ast.create -- Registration of TableGroup [org.hibernate.sql.ast.tree.from.LazyTableGroup@12aa519b] with identifierForTableGroup [org.lab2.Pets.Pet.owner] for NavigablePath [org.lab2.Pets.Pet.owner] 
21:10:30.242 [main] DEBUG org.hibernate.orm.sql.ast.create -- Created new SQL alias : o1_0
21:10:30.255 [main] DEBUG org.hibernate.orm.results.graph.AST -- DomainResult Graph:
 \-EntityResultImpl [org.lab2.Pets.Pet]
 |  +-BasicFetch [org.lab2.Pets.Pet.birthDate]
 |  +-BasicFetch [org.lab2.Pets.Pet.breed]
 |  +-BasicFetch [org.lab2.Pets.Pet.color]
 |  +-DelayedCollectionFetch [org.lab2.Pets.Pet.friends]
 |  +-BasicFetch [org.lab2.Pets.Pet.name]
 |  \-EntityFetchJoinedImpl [org.lab2.Pets.Pet.owner]

21:10:30.259 [main] DEBUG org.hibernate.orm.sql.ast.tree -- SQL AST Tree:
    SelectStatement {
      FromClause {
        StandardTableGroup (p1 : org.lab2.Pets.Pet) {
          primaryTableReference : pets as p1_0
          TableGroupJoins {
            left  join LazyTableGroup (o1 : org.lab2.Pets.Pet.owner) {
              primaryTableReference : owners as o1_0
            }
          }
        }
      }
    }

21:10:30.270 [main] DEBUG org.hibernate.persister.entity.AbstractEntityPersister -- Static SQL for entity: org.lab2.Pets.Pet
21:10:30.270 [main] DEBUG org.hibernate.persister.entity.AbstractEntityPersister --  Version select: select id from pets where id=?
21:10:30.270 [main] DEBUG org.hibernate.persister.entity.AbstractEntityPersister --  Insert (0): insert into pets (birth_date,breed,color,name,owner_id) values (?,?,?,?,?)
21:10:30.270 [main] DEBUG org.hibernate.persister.entity.AbstractEntityPersister --  Update (0): update pets set birth_date=?,breed=?,color=?,name=?,owner_id=? where id=?
21:10:30.270 [main] DEBUG org.hibernate.persister.entity.AbstractEntityPersister --  Delete (0): delete from pets where id=?
21:10:30.270 [main] DEBUG org.hibernate.orm.sql.ast.create -- Created new SQL alias : o1_0
21:10:30.270 [main] DEBUG org.hibernate.orm.sql.ast.create -- Registration of TableGroup [StandardTableGroup(org.lab2.Owners.Owner)] with identifierForTableGroup [org.lab2.Owners.Owner] for NavigablePath [org.lab2.Owners.Owner] 
21:10:30.270 [main] DEBUG org.hibernate.orm.results.graph.AST -- DomainResult Graph:
 \-EntityResultImpl [org.lab2.Owners.Owner]
 |  +-BasicFetch [org.lab2.Owners.Owner.birthDate]
 |  +-BasicFetch [org.lab2.Owners.Owner.name]
 |  \-DelayedCollectionFetch [org.lab2.Owners.Owner.pets]

21:10:30.270 [main] DEBUG org.hibernate.orm.sql.ast.tree -- SQL AST Tree:
    SelectStatement {
      FromClause {
        StandardTableGroup (o1 : org.lab2.Owners.Owner) {
          primaryTableReference : owners as o1_0
        }
      }
    }

21:10:30.271 [main] DEBUG org.hibernate.persister.entity.AbstractEntityPersister -- Static SQL for entity: org.lab2.Owners.Owner
21:10:30.271 [main] DEBUG org.hibernate.persister.entity.AbstractEntityPersister --  Version select: select id from owners where id=?
21:10:30.271 [main] DEBUG org.hibernate.persister.entity.AbstractEntityPersister --  Insert (0): insert into owners (birth_date,name) values (?,?)
21:10:30.271 [main] DEBUG org.hibernate.persister.entity.AbstractEntityPersister --  Update (0): update owners set birth_date=?,name=? where id=?
21:10:30.271 [main] DEBUG org.hibernate.persister.entity.AbstractEntityPersister --  Delete (0): delete from owners where id=?
21:10:30.272 [main] DEBUG org.hibernate.orm.sql.ast.create -- Created new SQL alias : p1_0
21:10:30.273 [main] DEBUG org.hibernate.orm.sql.ast.create -- Registration of TableGroup [org.hibernate.sql.ast.tree.from.OneToManyTableGroup@6a1d1467] with identifierForTableGroup [org.lab2.Owners.Owner.pets] for NavigablePath [org.lab2.Owners.Owner.pets] 
21:10:30.273 [main] DEBUG org.hibernate.orm.sql.ast.create -- Registration of TableGroup [StandardTableGroup(org.lab2.Owners.Owner.pets.{element})] with identifierForTableGroup [org.lab2.Owners.Owner.pets.{element}] for NavigablePath [org.lab2.Owners.Owner.pets.{element}] 
21:10:30.277 [main] DEBUG org.hibernate.orm.sql.ast.create -- Registration of TableGroup [org.hibernate.sql.ast.tree.from.LazyTableGroup@52657d5f] with identifierForTableGroup [org.lab2.Owners.Owner.pets.{element}.owner] for NavigablePath [org.lab2.Owners.Owner.pets.{element}.owner] 
21:10:30.279 [main] DEBUG org.hibernate.orm.results.graph.AST -- DomainResult Graph:
 \-CollectionDomainResult [org.lab2.Owners.Owner.pets]

21:10:30.280 [main] DEBUG org.hibernate.orm.sql.ast.tree -- SQL AST Tree:
    SelectStatement {
      FromClause {
        OneToManyTableGroup (p1 : org.lab2.Owners.Owner.pets) {
          primaryTableReference : pets as p1_0
          TableGroupJoins {
            left  join LazyTableGroup (o1 : org.lab2.Owners.Owner.pets.{element}.owner) {
            }
          }
        }
      }
    }

21:10:30.280 [main] DEBUG org.hibernate.orm.jdbc.mutation -- Static SQL for collection: org.lab2.Owners.Owner.pets
21:10:30.280 [main] DEBUG org.hibernate.orm.sql.ast.create -- Created new SQL alias : f1_0
21:10:30.281 [main] DEBUG org.hibernate.orm.sql.ast.create -- Registration of TableGroup [CollectionTableGroup(org.lab2.Pets.Pet.friends)] with identifierForTableGroup [org.lab2.Pets.Pet.friends] for NavigablePath [org.lab2.Pets.Pet.friends] 
21:10:30.281 [main] DEBUG org.hibernate.orm.sql.ast.create -- Registration of TableGroup [org.hibernate.sql.ast.tree.from.LazyTableGroup@28ce75ec] with identifierForTableGroup [org.lab2.Pets.Pet.friends.{element}] for NavigablePath [org.lab2.Pets.Pet.friends.{element}] 
21:10:30.281 [main] DEBUG org.hibernate.orm.sql.ast.create -- Created new SQL alias : f1_1
21:10:30.282 [main] DEBUG org.hibernate.orm.sql.ast.create -- Registration of TableGroup [org.hibernate.sql.ast.tree.from.LazyTableGroup@778113f2] with identifierForTableGroup [org.lab2.Pets.Pet.friends.{element}.owner] for NavigablePath [org.lab2.Pets.Pet.friends.{element}.owner] 
21:10:30.282 [main] DEBUG org.hibernate.orm.sql.ast.create -- Created new SQL alias : o1_0
21:10:30.282 [main] DEBUG org.hibernate.orm.results.graph.AST -- DomainResult Graph:
 \-CollectionDomainResult [org.lab2.Pets.Pet.friends]

21:10:30.282 [main] DEBUG org.hibernate.orm.sql.ast.tree -- SQL AST Tree:
    SelectStatement {
      FromClause {
        CollectionTableGroup (f1 : org.lab2.Pets.Pet.friends) {
          primaryTableReference : pet_friends as f1_0
          TableGroupJoins {
             join LazyTableGroup (f1 : org.lab2.Pets.Pet.friends.{element}) {
              primaryTableReference : pets as f1_1
              TableGroupJoins {
                left  join LazyTableGroup (o1 : org.lab2.Pets.Pet.friends.{element}.owner) {
                  primaryTableReference : owners as o1_0
                }
              }
            }
          }
        }
      }
    }

21:10:30.282 [main] DEBUG org.hibernate.orm.jdbc.mutation -- Static SQL for collection: org.lab2.Pets.Pet.friends
21:10:30.284 [main] DEBUG org.hibernate.orm.jdbc.mutation --  Row insert: insert into pet_friends (pet_id,friend_id) values (?,?)
21:10:30.285 [main] DEBUG org.hibernate.orm.jdbc.mutation --  Row delete: delete from pet_friends where pet_id=? and friend_id=?
21:10:30.286 [main] DEBUG org.hibernate.orm.jdbc.mutation --  One-shot delete: delete from pet_friends where pet_id=?
21:10:30.325 [main] DEBUG org.hibernate.engine.transaction.jta.platform.internal.JtaPlatformInitiator -- No JtaPlatform was specified, checking resolver
21:10:30.326 [main] DEBUG org.hibernate.engine.transaction.jta.platform.internal.JtaPlatformResolverInitiator -- No JtaPlatformResolver was specified, using default [org.hibernate.engine.transaction.jta.platform.internal.StandardJtaPlatformResolver]
21:10:30.332 [main] DEBUG org.hibernate.engine.transaction.jta.platform.internal.StandardJtaPlatformResolver -- Could not resolve JtaPlatform, using default [org.hibernate.engine.transaction.jta.platform.internal.NoJtaPlatform]
21:10:30.332 [main] INFO org.hibernate.engine.transaction.jta.platform.internal.JtaPlatformInitiator -- HHH000489: No JTA platform available (set 'hibernate.transaction.jta.platform' to enable JTA platform integration)
21:10:30.334 [main] DEBUG org.hibernate.type.spi.TypeConfiguration$Scope -- Scoping TypeConfiguration [org.hibernate.type.spi.TypeConfiguration@30f74e79] to SessionFactoryImplementor [org.hibernate.internal.SessionFactoryImpl@5fc7255c]
21:10:30.335 [main] DEBUG org.hibernate.query.named.NamedObjectRepository -- Checking 0 named HQL queries
21:10:30.335 [main] DEBUG org.hibernate.query.named.NamedObjectRepository -- Checking 0 named SQL queries
21:10:30.357 [main] DEBUG org.hibernate.SQL -- alter table if exists pet_friends drop constraint if exists FKj21rh4cx6gdb8rbslw8njk9mq
21:10:30.358 [main] INFO org.hibernate.orm.connections.access -- HHH10001501: Connection obtained from JdbcConnectionAccess [org.hibernate.engine.jdbc.env.internal.JdbcEnvironmentInitiator$ConnectionProviderJdbcConnectionAccess@448086ab] for (non-JTA) DDL execution was not in auto-commit mode; the Connection 'local transaction' will be committed and the Connection will be set into auto-commit mode.
21:10:30.362 [main] DEBUG org.hibernate.engine.jdbc.spi.SqlExceptionHelper -- SQL Warning
org.postgresql.util.PSQLWarning: relation "pet_friends" does not exist, skipping
	at org.postgresql.core.v3.QueryExecutorImpl.receiveNoticeResponse(QueryExecutorImpl.java:2732)
	at org.postgresql.core.v3.QueryExecutorImpl.processResults(QueryExecutorImpl.java:2431)
	at org.postgresql.core.v3.QueryExecutorImpl.execute(QueryExecutorImpl.java:368)
	at org.postgresql.jdbc.PgStatement.executeInternal(PgStatement.java:498)
	at org.postgresql.jdbc.PgStatement.execute(PgStatement.java:415)
	at org.postgresql.jdbc.PgStatement.executeWithFlags(PgStatement.java:335)
	at org.postgresql.jdbc.PgStatement.executeCachedSql(PgStatement.java:321)
	at org.postgresql.jdbc.PgStatement.executeWithFlags(PgStatement.java:297)
	at org.postgresql.jdbc.PgStatement.execute(PgStatement.java:292)
	at org.hibernate.tool.schema.internal.exec.GenerationTargetToDatabase.accept(GenerationTargetToDatabase.java:80)
	at org.hibernate.tool.schema.internal.Helper.applySqlString(Helper.java:233)
	at org.hibernate.tool.schema.internal.Helper.applySqlStrings(Helper.java:217)
	at org.hibernate.tool.schema.internal.SchemaDropperImpl.applyConstraintDropping(SchemaDropperImpl.java:470)
	at org.hibernate.tool.schema.internal.SchemaDropperImpl.dropConstraintsTablesSequences(SchemaDropperImpl.java:242)
	at org.hibernate.tool.schema.internal.SchemaDropperImpl.dropFromMetadata(SchemaDropperImpl.java:215)
	at org.hibernate.tool.schema.internal.SchemaDropperImpl.performDrop(SchemaDropperImpl.java:185)
	at org.hibernate.tool.schema.internal.SchemaDropperImpl.doDrop(SchemaDropperImpl.java:155)
	at org.hibernate.tool.schema.internal.SchemaDropperImpl.doDrop(SchemaDropperImpl.java:115)
	at org.hibernate.tool.schema.spi.SchemaManagementToolCoordinator.performDatabaseAction(SchemaManagementToolCoordinator.java:244)
	at org.hibernate.tool.schema.spi.SchemaManagementToolCoordinator.lambda$process$5(SchemaManagementToolCoordinator.java:145)
	at java.base/java.util.HashMap.forEach(HashMap.java:1421)
	at org.hibernate.tool.schema.spi.SchemaManagementToolCoordinator.process(SchemaManagementToolCoordinator.java:142)
	at org.hibernate.boot.internal.SessionFactoryObserverForSchemaExport.sessionFactoryCreated(SessionFactoryObserverForSchemaExport.java:37)
	at org.hibernate.internal.SessionFactoryObserverChain.sessionFactoryCreated(SessionFactoryObserverChain.java:35)
	at org.hibernate.internal.SessionFactoryImpl.<init>(SessionFactoryImpl.java:315)
	at org.hibernate.boot.internal.SessionFactoryBuilderImpl.build(SessionFactoryBuilderImpl.java:450)
	at org.hibernate.cfg.Configuration.buildSessionFactory(Configuration.java:941)
	at org.hibernate.cfg.Configuration.buildSessionFactory(Configuration.java:960)
	at org.lab2.OwnerDAOTest.beforeAll(OwnerDAOTest.java:42)
	at java.base/jdk.internal.reflect.NativeMethodAccessorImpl.invoke0(Native Method)
	at java.base/jdk.internal.reflect.NativeMethodAccessorImpl.invoke(NativeMethodAccessorImpl.java:77)
	at java.base/jdk.internal.reflect.DelegatingMethodAccessorImpl.invoke(DelegatingMethodAccessorImpl.java:43)
	at java.base/java.lang.reflect.Method.invoke(Method.java:568)
	at org.junit.platform.commons.util.ReflectionUtils.invokeMethod(ReflectionUtils.java:775)
	at org.junit.platform.commons.support.ReflectionSupport.invokeMethod(ReflectionSupport.java:479)
	at org.junit.jupiter.engine.execution.MethodInvocation.proceed(MethodInvocation.java:60)
	at org.junit.jupiter.engine.execution.InvocationInterceptorChain$ValidatingInvocation.proceed(InvocationInterceptorChain.java:131)
	at org.junit.jupiter.engine.extension.TimeoutExtension.intercept(TimeoutExtension.java:161)
	at org.junit.jupiter.engine.extension.TimeoutExtension.interceptLifecycleMethod(TimeoutExtension.java:133)
	at org.junit.jupiter.engine.extension.TimeoutExtension.interceptBeforeAllMethod(TimeoutExtension.java:75)
	at org.junit.jupiter.engine.execution.InterceptingExecutableInvoker$ReflectiveInterceptorCall.lambda$ofVoidMethod$0(InterceptingExecutableInvoker.java:112)
	at org.junit.jupiter.engine.execution.InterceptingExecutableInvoker.lambda$invoke$0(InterceptingExecutableInvoker.java:94)
	at org.junit.jupiter.engine.execution.InvocationInterceptorChain$InterceptedInvocation.proceed(InvocationInterceptorChain.java:106)
	at org.junit.jupiter.engine.execution.InvocationInterceptorChain.proceed(InvocationInterceptorChain.java:64)
	at org.junit.jupiter.engine.execution.InvocationInterceptorChain.chainAndInvoke(InvocationInterceptorChain.java:45)
	at org.junit.jupiter.engine.execution.InvocationInterceptorChain.invoke(InvocationInterceptorChain.java:37)
	at org.junit.jupiter.engine.execution.InterceptingExecutableInvoker.invoke(InterceptingExecutableInvoker.java:93)
	at org.junit.jupiter.engine.execution.InterceptingExecutableInvoker.invoke(InterceptingExecutableInvoker.java:87)
	at org.junit.jupiter.engine.descriptor.ClassBasedTestDescriptor.lambda$invokeBeforeAllMethods$13(ClassBasedTestDescriptor.java:417)
	at org.junit.platform.engine.support.hierarchical.ThrowableCollector.execute(ThrowableCollector.java:73)
	at org.junit.jupiter.engine.descriptor.ClassBasedTestDescriptor.invokeBeforeAllMethods(ClassBasedTestDescriptor.java:415)
	at org.junit.jupiter.engine.descriptor.ClassBasedTestDescriptor.before(ClassBasedTestDescriptor.java:216)
	at org.junit.jupiter.engine.descriptor.ClassBasedTestDescriptor.before(ClassBasedTestDescriptor.java:84)
	at org.junit.platform.engine.support.hierarchical.NodeTestTask.lambda$executeRecursively$6(NodeTestTask.java:153)
	at org.junit.platform.engine.support.hierarchical.ThrowableCollector.execute(ThrowableCollector.java:73)
	at org.junit.platform.engine.support.hierarchical.NodeTestTask.lambda$executeRecursively$8(NodeTestTask.java:146)
	at org.junit.platform.engine.support.hierarchical.Node.around(Node.java:137)
	at org.junit.platform.engine.support.hierarchical.NodeTestTask.lambda$executeRecursively$9(NodeTestTask.java:144)
	at org.junit.platform.engine.support.hierarchical.ThrowableCollector.execute(ThrowableCollector.java:73)
	at org.junit.platform.engine.support.hierarchical.NodeTestTask.executeRecursively(NodeTestTask.java:143)
	at org.junit.platform.engine.support.hierarchical.NodeTestTask.execute(NodeTestTask.java:100)
	at java.base/java.util.ArrayList.forEach(ArrayList.java:1511)
	at org.junit.platform.engine.support.hierarchical.SameThreadHierarchicalTestExecutorService.invokeAll(SameThreadHierarchicalTestExecutorService.java:41)
	at org.junit.platform.engine.support.hierarchical.NodeTestTask.lambda$executeRecursively$6(NodeTestTask.java:160)
	at org.junit.platform.engine.support.hierarchical.ThrowableCollector.execute(ThrowableCollector.java:73)
	at org.junit.platform.engine.support.hierarchical.NodeTestTask.lambda$executeRecursively$8(NodeTestTask.java:146)
	at org.junit.platform.engine.support.hierarchical.Node.around(Node.java:137)
	at org.junit.platform.engine.support.hierarchical.NodeTestTask.lambda$executeRecursively$9(NodeTestTask.java:144)
	at org.junit.platform.engine.support.hierarchical.ThrowableCollector.execute(ThrowableCollector.java:73)
	at org.junit.platform.engine.support.hierarchical.NodeTestTask.executeRecursively(NodeTestTask.java:143)
	at org.junit.platform.engine.support.hierarchical.NodeTestTask.execute(NodeTestTask.java:100)
	at org.junit.platform.engine.support.hierarchical.SameThreadHierarchicalTestExecutorService.submit(SameThreadHierarchicalTestExecutorService.java:35)
	at org.junit.platform.engine.support.hierarchical.HierarchicalTestExecutor.execute(HierarchicalTestExecutor.java:57)
	at org.junit.platform.engine.support.hierarchical.HierarchicalTestEngine.execute(HierarchicalTestEngine.java:54)
	at org.junit.platform.launcher.core.EngineExecutionOrchestrator.execute(EngineExecutionOrchestrator.java:201)
	at org.junit.platform.launcher.core.EngineExecutionOrchestrator.execute(EngineExecutionOrchestrator.java:170)
	at org.junit.platform.launcher.core.EngineExecutionOrchestrator.execute(EngineExecutionOrchestrator.java:94)
	at org.junit.platform.launcher.core.EngineExecutionOrchestrator.lambda$execute$0(EngineExecutionOrchestrator.java:59)
	at org.junit.platform.launcher.core.EngineExecutionOrchestrator.withInterceptedStreams(EngineExecutionOrchestrator.java:142)
	at org.junit.platform.launcher.core.EngineExecutionOrchestrator.execute(EngineExecutionOrchestrator.java:58)
	at org.junit.platform.launcher.core.DefaultLauncher.execute(DefaultLauncher.java:103)
	at org.junit.platform.launcher.core.DefaultLauncher.execute(DefaultLauncher.java:85)
	at org.junit.platform.launcher.core.DelegatingLauncher.execute(DelegatingLauncher.java:47)
	at org.junit.platform.launcher.core.InterceptingLauncher.lambda$execute$1(InterceptingLauncher.java:39)
	at org.junit.platform.launcher.core.ClasspathAlignmentCheckingLauncherInterceptor.intercept(ClasspathAlignmentCheckingLauncherInterceptor.java:25)
	at org.junit.platform.launcher.core.InterceptingLauncher.execute(InterceptingLauncher.java:38)
	at org.junit.platform.launcher.core.DelegatingLauncher.execute(DelegatingLauncher.java:47)
	at org.apache.maven.surefire.junitplatform.LazyLauncher.execute(LazyLauncher.java:56)
	at org.apache.maven.surefire.junitplatform.JUnitPlatformProvider.execute(JUnitPlatformProvider.java:184)
	at org.apache.maven.surefire.junitplatform.JUnitPlatformProvider.invokeAllTests(JUnitPlatformProvider.java:148)
	at org.apache.maven.surefire.junitplatform.JUnitPlatformProvider.invoke(JUnitPlatformProvider.java:122)
	at org.apache.maven.surefire.booter.ForkedBooter.runSuitesInProcess(ForkedBooter.java:385)
	at org.apache.maven.surefire.booter.ForkedBooter.execute(ForkedBooter.java:162)
	at org.apache.maven.surefire.booter.ForkedBooter.run(ForkedBooter.java:507)
	at org.apache.maven.surefire.booter.ForkedBooter.main(ForkedBooter.java:495)
21:10:30.364 [main] WARN org.hibernate.engine.jdbc.spi.SqlExceptionHelper -- SQL Warning Code: 0, SQLState: 00000
21:10:30.364 [main] WARN org.hibernate.engine.jdbc.spi.SqlExceptionHelper -- relation "pet_friends" does not exist, skipping
21:10:30.364 [main] DEBUG org.hibernate.SQL -- alter table if exists pet_friends drop constraint if exists FKjgr10w16u32u1cuvdhqt28ud9
21:10:30.365 [main] DEBUG org.hibernate.engine.jdbc.spi.SqlExceptionHelper -- SQL Warning
org.postgresql.util.PSQLWarning: relation "pet_friends" does not exist, skipping
	at org.postgresql.core.v3.QueryExecutorImpl.receiveNoticeResponse(QueryExecutorImpl.java:2732)
	at org.postgresql.core.v3.QueryExecutorImpl.processResults(QueryExecutorImpl.java:2431)
	at org.postgresql.core.v3.QueryExecutorImpl.execute(QueryExecutorImpl.java:368)
	at org.postgresql.jdbc.PgStatement.executeInternal(PgStatement.java:498)
	at org.postgresql.jdbc.PgStatement.execute(PgStatement.java:415)
	at org.postgresql.jdbc.PgStatement.executeWithFlags(PgStatement.java:335)
	at org.postgresql.jdbc.PgStatement.executeCachedSql(PgStatement.java:321)
	at org.postgresql.jdbc.PgStatement.executeWithFlags(PgStatement.java:297)
	at org.postgresql.jdbc.PgStatement.execute(PgStatement.java:292)
	at org.hibernate.tool.schema.internal.exec.GenerationTargetToDatabase.accept(GenerationTargetToDatabase.java:80)
	at org.hibernate.tool.schema.internal.Helper.applySqlString(Helper.java:233)
	at org.hibernate.tool.schema.internal.Helper.applySqlStrings(Helper.java:217)
	at org.hibernate.tool.schema.internal.SchemaDropperImpl.applyConstraintDropping(SchemaDropperImpl.java:470)
	at org.hibernate.tool.schema.internal.SchemaDropperImpl.dropConstraintsTablesSequences(SchemaDropperImpl.java:242)
	at org.hibernate.tool.schema.internal.SchemaDropperImpl.dropFromMetadata(SchemaDropperImpl.java:215)
	at org.hibernate.tool.schema.internal.SchemaDropperImpl.performDrop(SchemaDropperImpl.java:185)
	at org.hibernate.tool.schema.internal.SchemaDropperImpl.doDrop(SchemaDropperImpl.java:155)
	at org.hibernate.tool.schema.internal.SchemaDropperImpl.doDrop(SchemaDropperImpl.java:115)
	at org.hibernate.tool.schema.spi.SchemaManagementToolCoordinator.performDatabaseAction(SchemaManagementToolCoordinator.java:244)
	at org.hibernate.tool.schema.spi.SchemaManagementToolCoordinator.lambda$process$5(SchemaManagementToolCoordinator.java:145)
	at java.base/java.util.HashMap.forEach(HashMap.java:1421)
	at org.hibernate.tool.schema.spi.SchemaManagementToolCoordinator.process(SchemaManagementToolCoordinator.java:142)
	at org.hibernate.boot.internal.SessionFactoryObserverForSchemaExport.sessionFactoryCreated(SessionFactoryObserverForSchemaExport.java:37)
	at org.hibernate.internal.SessionFactoryObserverChain.sessionFactoryCreated(SessionFactoryObserverChain.java:35)
	at org.hibernate.internal.SessionFactoryImpl.<init>(SessionFactoryImpl.java:315)
	at org.hibernate.boot.internal.SessionFactoryBuilderImpl.build(SessionFactoryBuilderImpl.java:450)
	at org.hibernate.cfg.Configuration.buildSessionFactory(Configuration.java:941)
	at org.hibernate.cfg.Configuration.buildSessionFactory(Configuration.java:960)
	at org.lab2.OwnerDAOTest.beforeAll(OwnerDAOTest.java:42)
	at java.base/jdk.internal.reflect.NativeMethodAccessorImpl.invoke0(Native Method)
	at java.base/jdk.internal.reflect.NativeMethodAccessorImpl.invoke(NativeMethodAccessorImpl.java:77)
	at java.base/jdk.internal.reflect.DelegatingMethodAccessorImpl.invoke(DelegatingMethodAccessorImpl.java:43)
	at java.base/java.lang.reflect.Method.invoke(Method.java:568)
	at org.junit.platform.commons.util.ReflectionUtils.invokeMethod(ReflectionUtils.java:775)
	at org.junit.platform.commons.support.ReflectionSupport.invokeMethod(ReflectionSupport.java:479)
	at org.junit.jupiter.engine.execution.MethodInvocation.proceed(MethodInvocation.java:60)
	at org.junit.jupiter.engine.execution.InvocationInterceptorChain$ValidatingInvocation.proceed(InvocationInterceptorChain.java:131)
	at org.junit.jupiter.engine.extension.TimeoutExtension.intercept(TimeoutExtension.java:161)
	at org.junit.jupiter.engine.extension.TimeoutExtension.interceptLifecycleMethod(TimeoutExtension.java:133)
	at org.junit.jupiter.engine.extension.TimeoutExtension.interceptBeforeAllMethod(TimeoutExtension.java:75)
	at org.junit.jupiter.engine.execution.InterceptingExecutableInvoker$ReflectiveInterceptorCall.lambda$ofVoidMethod$0(InterceptingExecutableInvoker.java:112)
	at org.junit.jupiter.engine.execution.InterceptingExecutableInvoker.lambda$invoke$0(InterceptingExecutableInvoker.java:94)
	at org.junit.jupiter.engine.execution.InvocationInterceptorChain$InterceptedInvocation.proceed(InvocationInterceptorChain.java:106)
	at org.junit.jupiter.engine.execution.InvocationInterceptorChain.proceed(InvocationInterceptorChain.java:64)
	at org.junit.jupiter.engine.execution.InvocationInterceptorChain.chainAndInvoke(InvocationInterceptorChain.java:45)
	at org.junit.jupiter.engine.execution.InvocationInterceptorChain.invoke(InvocationInterceptorChain.java:37)
	at org.junit.jupiter.engine.execution.InterceptingExecutableInvoker.invoke(InterceptingExecutableInvoker.java:93)
	at org.junit.jupiter.engine.execution.InterceptingExecutableInvoker.invoke(InterceptingExecutableInvoker.java:87)
	at org.junit.jupiter.engine.descriptor.ClassBasedTestDescriptor.lambda$invokeBeforeAllMethods$13(ClassBasedTestDescriptor.java:417)
	at org.junit.platform.engine.support.hierarchical.ThrowableCollector.execute(ThrowableCollector.java:73)
	at org.junit.jupiter.engine.descriptor.ClassBasedTestDescriptor.invokeBeforeAllMethods(ClassBasedTestDescriptor.java:415)
	at org.junit.jupiter.engine.descriptor.ClassBasedTestDescriptor.before(ClassBasedTestDescriptor.java:216)
	at org.junit.jupiter.engine.descriptor.ClassBasedTestDescriptor.before(ClassBasedTestDescriptor.java:84)
	at org.junit.platform.engine.support.hierarchical.NodeTestTask.lambda$executeRecursively$6(NodeTestTask.java:153)
	at org.junit.platform.engine.support.hierarchical.ThrowableCollector.execute(ThrowableCollector.java:73)
	at org.junit.platform.engine.support.hierarchical.NodeTestTask.lambda$executeRecursively$8(NodeTestTask.java:146)
	at org.junit.platform.engine.support.hierarchical.Node.around(Node.java:137)
	at org.junit.platform.engine.support.hierarchical.NodeTestTask.lambda$executeRecursively$9(NodeTestTask.java:144)
	at org.junit.platform.engine.support.hierarchical.ThrowableCollector.execute(ThrowableCollector.java:73)
	at org.junit.platform.engine.support.hierarchical.NodeTestTask.executeRecursively(NodeTestTask.java:143)
	at org.junit.platform.engine.support.hierarchical.NodeTestTask.execute(NodeTestTask.java:100)
	at java.base/java.util.ArrayList.forEach(ArrayList.java:1511)
	at org.junit.platform.engine.support.hierarchical.SameThreadHierarchicalTestExecutorService.invokeAll(SameThreadHierarchicalTestExecutorService.java:41)
	at org.junit.platform.engine.support.hierarchical.NodeTestTask.lambda$executeRecursively$6(NodeTestTask.java:160)
	at org.junit.platform.engine.support.hierarchical.ThrowableCollector.execute(ThrowableCollector.java:73)
	at org.junit.platform.engine.support.hierarchical.NodeTestTask.lambda$executeRecursively$8(NodeTestTask.java:146)
	at org.junit.platform.engine.support.hierarchical.Node.around(Node.java:137)
	at org.junit.platform.engine.support.hierarchical.NodeTestTask.lambda$executeRecursively$9(NodeTestTask.java:144)
	at org.junit.platform.engine.support.hierarchical.ThrowableCollector.execute(ThrowableCollector.java:73)
	at org.junit.platform.engine.support.hierarchical.NodeTestTask.executeRecursively(NodeTestTask.java:143)
	at org.junit.platform.engine.support.hierarchical.NodeTestTask.execute(NodeTestTask.java:100)
	at org.junit.platform.engine.support.hierarchical.SameThreadHierarchicalTestExecutorService.submit(SameThreadHierarchicalTestExecutorService.java:35)
	at org.junit.platform.engine.support.hierarchical.HierarchicalTestExecutor.execute(HierarchicalTestExecutor.java:57)
	at org.junit.platform.engine.support.hierarchical.HierarchicalTestEngine.execute(HierarchicalTestEngine.java:54)
	at org.junit.platform.launcher.core.EngineExecutionOrchestrator.execute(EngineExecutionOrchestrator.java:201)
	at org.junit.platform.launcher.core.EngineExecutionOrchestrator.execute(EngineExecutionOrchestrator.java:170)
	at org.junit.platform.launcher.core.EngineExecutionOrchestrator.execute(EngineExecutionOrchestrator.java:94)
	at org.junit.platform.launcher.core.EngineExecutionOrchestrator.lambda$execute$0(EngineExecutionOrchestrator.java:59)
	at org.junit.platform.launcher.core.EngineExecutionOrchestrator.withInterceptedStreams(EngineExecutionOrchestrator.java:142)
	at org.junit.platform.launcher.core.EngineExecutionOrchestrator.execute(EngineExecutionOrchestrator.java:58)
	at org.junit.platform.launcher.core.DefaultLauncher.execute(DefaultLauncher.java:103)
	at org.junit.platform.launcher.core.DefaultLauncher.execute(DefaultLauncher.java:85)
	at org.junit.platform.launcher.core.DelegatingLauncher.execute(DelegatingLauncher.java:47)
	at org.junit.platform.launcher.core.InterceptingLauncher.lambda$execute$1(InterceptingLauncher.java:39)
	at org.junit.platform.launcher.core.ClasspathAlignmentCheckingLauncherInterceptor.intercept(ClasspathAlignmentCheckingLauncherInterceptor.java:25)
	at org.junit.platform.launcher.core.InterceptingLauncher.execute(InterceptingLauncher.java:38)
	at org.junit.platform.launcher.core.DelegatingLauncher.execute(DelegatingLauncher.java:47)
	at org.apache.maven.surefire.junitplatform.LazyLauncher.execute(LazyLauncher.java:56)
	at org.apache.maven.surefire.junitplatform.JUnitPlatformProvider.execute(JUnitPlatformProvider.java:184)
	at org.apache.maven.surefire.junitplatform.JUnitPlatformProvider.invokeAllTests(JUnitPlatformProvider.java:148)
	at org.apache.maven.surefire.junitplatform.JUnitPlatformProvider.invoke(JUnitPlatformProvider.java:122)
	at org.apache.maven.surefire.booter.ForkedBooter.runSuitesInProcess(ForkedBooter.java:385)
	at org.apache.maven.surefire.booter.ForkedBooter.execute(ForkedBooter.java:162)
	at org.apache.maven.surefire.booter.ForkedBooter.run(ForkedBooter.java:507)
	at org.apache.maven.surefire.booter.ForkedBooter.main(ForkedBooter.java:495)
21:10:30.366 [main] WARN org.hibernate.engine.jdbc.spi.SqlExceptionHelper -- SQL Warning Code: 0, SQLState: 00000
21:10:30.366 [main] WARN org.hibernate.engine.jdbc.spi.SqlExceptionHelper -- relation "pet_friends" does not exist, skipping
21:10:30.366 [main] DEBUG org.hibernate.SQL -- alter table if exists pets drop constraint if exists FK6teg4kcjcnjhduguft56wcfoa
21:10:30.367 [main] DEBUG org.hibernate.engine.jdbc.spi.SqlExceptionHelper -- SQL Warning
org.postgresql.util.PSQLWarning: relation "pets" does not exist, skipping
	at org.postgresql.core.v3.QueryExecutorImpl.receiveNoticeResponse(QueryExecutorImpl.java:2732)
	at org.postgresql.core.v3.QueryExecutorImpl.processResults(QueryExecutorImpl.java:2431)
	at org.postgresql.core.v3.QueryExecutorImpl.execute(QueryExecutorImpl.java:368)
	at org.postgresql.jdbc.PgStatement.executeInternal(PgStatement.java:498)
	at org.postgresql.jdbc.PgStatement.execute(PgStatement.java:415)
	at org.postgresql.jdbc.PgStatement.executeWithFlags(PgStatement.java:335)
	at org.postgresql.jdbc.PgStatement.executeCachedSql(PgStatement.java:321)
	at org.postgresql.jdbc.PgStatement.executeWithFlags(PgStatement.java:297)
	at org.postgresql.jdbc.PgStatement.execute(PgStatement.java:292)
	at org.hibernate.tool.schema.internal.exec.GenerationTargetToDatabase.accept(GenerationTargetToDatabase.java:80)
	at org.hibernate.tool.schema.internal.Helper.applySqlString(Helper.java:233)
	at org.hibernate.tool.schema.internal.Helper.applySqlStrings(Helper.java:217)
	at org.hibernate.tool.schema.internal.SchemaDropperImpl.applyConstraintDropping(SchemaDropperImpl.java:470)
	at org.hibernate.tool.schema.internal.SchemaDropperImpl.dropConstraintsTablesSequences(SchemaDropperImpl.java:242)
	at org.hibernate.tool.schema.internal.SchemaDropperImpl.dropFromMetadata(SchemaDropperImpl.java:215)
	at org.hibernate.tool.schema.internal.SchemaDropperImpl.performDrop(SchemaDropperImpl.java:185)
	at org.hibernate.tool.schema.internal.SchemaDropperImpl.doDrop(SchemaDropperImpl.java:155)
	at org.hibernate.tool.schema.internal.SchemaDropperImpl.doDrop(SchemaDropperImpl.java:115)
	at org.hibernate.tool.schema.spi.SchemaManagementToolCoordinator.performDatabaseAction(SchemaManagementToolCoordinator.java:244)
	at org.hibernate.tool.schema.spi.SchemaManagementToolCoordinator.lambda$process$5(SchemaManagementToolCoordinator.java:145)
	at java.base/java.util.HashMap.forEach(HashMap.java:1421)
	at org.hibernate.tool.schema.spi.SchemaManagementToolCoordinator.process(SchemaManagementToolCoordinator.java:142)
	at org.hibernate.boot.internal.SessionFactoryObserverForSchemaExport.sessionFactoryCreated(SessionFactoryObserverForSchemaExport.java:37)
	at org.hibernate.internal.SessionFactoryObserverChain.sessionFactoryCreated(SessionFactoryObserverChain.java:35)
	at org.hibernate.internal.SessionFactoryImpl.<init>(SessionFactoryImpl.java:315)
	at org.hibernate.boot.internal.SessionFactoryBuilderImpl.build(SessionFactoryBuilderImpl.java:450)
	at org.hibernate.cfg.Configuration.buildSessionFactory(Configuration.java:941)
	at org.hibernate.cfg.Configuration.buildSessionFactory(Configuration.java:960)
	at org.lab2.OwnerDAOTest.beforeAll(OwnerDAOTest.java:42)
	at java.base/jdk.internal.reflect.NativeMethodAccessorImpl.invoke0(Native Method)
	at java.base/jdk.internal.reflect.NativeMethodAccessorImpl.invoke(NativeMethodAccessorImpl.java:77)
	at java.base/jdk.internal.reflect.DelegatingMethodAccessorImpl.invoke(DelegatingMethodAccessorImpl.java:43)
	at java.base/java.lang.reflect.Method.invoke(Method.java:568)
	at org.junit.platform.commons.util.ReflectionUtils.invokeMethod(ReflectionUtils.java:775)
	at org.junit.platform.commons.support.ReflectionSupport.invokeMethod(ReflectionSupport.java:479)
	at org.junit.jupiter.engine.execution.MethodInvocation.proceed(MethodInvocation.java:60)
	at org.junit.jupiter.engine.execution.InvocationInterceptorChain$ValidatingInvocation.proceed(InvocationInterceptorChain.java:131)
	at org.junit.jupiter.engine.extension.TimeoutExtension.intercept(TimeoutExtension.java:161)
	at org.junit.jupiter.engine.extension.TimeoutExtension.interceptLifecycleMethod(TimeoutExtension.java:133)
	at org.junit.jupiter.engine.extension.TimeoutExtension.interceptBeforeAllMethod(TimeoutExtension.java:75)
	at org.junit.jupiter.engine.execution.InterceptingExecutableInvoker$ReflectiveInterceptorCall.lambda$ofVoidMethod$0(InterceptingExecutableInvoker.java:112)
	at org.junit.jupiter.engine.execution.InterceptingExecutableInvoker.lambda$invoke$0(InterceptingExecutableInvoker.java:94)
	at org.junit.jupiter.engine.execution.InvocationInterceptorChain$InterceptedInvocation.proceed(InvocationInterceptorChain.java:106)
	at org.junit.jupiter.engine.execution.InvocationInterceptorChain.proceed(InvocationInterceptorChain.java:64)
	at org.junit.jupiter.engine.execution.InvocationInterceptorChain.chainAndInvoke(InvocationInterceptorChain.java:45)
	at org.junit.jupiter.engine.execution.InvocationInterceptorChain.invoke(InvocationInterceptorChain.java:37)
	at org.junit.jupiter.engine.execution.InterceptingExecutableInvoker.invoke(InterceptingExecutableInvoker.java:93)
	at org.junit.jupiter.engine.execution.InterceptingExecutableInvoker.invoke(InterceptingExecutableInvoker.java:87)
	at org.junit.jupiter.engine.descriptor.ClassBasedTestDescriptor.lambda$invokeBeforeAllMethods$13(ClassBasedTestDescriptor.java:417)
	at org.junit.platform.engine.support.hierarchical.ThrowableCollector.execute(ThrowableCollector.java:73)
	at org.junit.jupiter.engine.descriptor.ClassBasedTestDescriptor.invokeBeforeAllMethods(ClassBasedTestDescriptor.java:415)
	at org.junit.jupiter.engine.descriptor.ClassBasedTestDescriptor.before(ClassBasedTestDescriptor.java:216)
	at org.junit.jupiter.engine.descriptor.ClassBasedTestDescriptor.before(ClassBasedTestDescriptor.java:84)
	at org.junit.platform.engine.support.hierarchical.NodeTestTask.lambda$executeRecursively$6(NodeTestTask.java:153)
	at org.junit.platform.engine.support.hierarchical.ThrowableCollector.execute(ThrowableCollector.java:73)
	at org.junit.platform.engine.support.hierarchical.NodeTestTask.lambda$executeRecursively$8(NodeTestTask.java:146)
	at org.junit.platform.engine.support.hierarchical.Node.around(Node.java:137)
	at org.junit.platform.engine.support.hierarchical.NodeTestTask.lambda$executeRecursively$9(NodeTestTask.java:144)
	at org.junit.platform.engine.support.hierarchical.ThrowableCollector.execute(ThrowableCollector.java:73)
	at org.junit.platform.engine.support.hierarchical.NodeTestTask.executeRecursively(NodeTestTask.java:143)
	at org.junit.platform.engine.support.hierarchical.NodeTestTask.execute(NodeTestTask.java:100)
	at java.base/java.util.ArrayList.forEach(ArrayList.java:1511)
	at org.junit.platform.engine.support.hierarchical.SameThreadHierarchicalTestExecutorService.invokeAll(SameThreadHierarchicalTestExecutorService.java:41)
	at org.junit.platform.engine.support.hierarchical.NodeTestTask.lambda$executeRecursively$6(NodeTestTask.java:160)
	at org.junit.platform.engine.support.hierarchical.ThrowableCollector.execute(ThrowableCollector.java:73)
	at org.junit.platform.engine.support.hierarchical.NodeTestTask.lambda$executeRecursively$8(NodeTestTask.java:146)
	at org.junit.platform.engine.support.hierarchical.Node.around(Node.java:137)
	at org.junit.platform.engine.support.hierarchical.NodeTestTask.lambda$executeRecursively$9(NodeTestTask.java:144)
	at org.junit.platform.engine.support.hierarchical.ThrowableCollector.execute(ThrowableCollector.java:73)
	at org.junit.platform.engine.support.hierarchical.NodeTestTask.executeRecursively(NodeTestTask.java:143)
	at org.junit.platform.engine.support.hierarchical.NodeTestTask.execute(NodeTestTask.java:100)
	at org.junit.platform.engine.support.hierarchical.SameThreadHierarchicalTestExecutorService.submit(SameThreadHierarchicalTestExecutorService.java:35)
	at org.junit.platform.engine.support.hierarchical.HierarchicalTestExecutor.execute(HierarchicalTestExecutor.java:57)
	at org.junit.platform.engine.support.hierarchical.HierarchicalTestEngine.execute(HierarchicalTestEngine.java:54)
	at org.junit.platform.launcher.core.EngineExecutionOrchestrator.execute(EngineExecutionOrchestrator.java:201)
	at org.junit.platform.launcher.core.EngineExecutionOrchestrator.execute(EngineExecutionOrchestrator.java:170)
	at org.junit.platform.launcher.core.EngineExecutionOrchestrator.execute(EngineExecutionOrchestrator.java:94)
	at org.junit.platform.launcher.core.EngineExecutionOrchestrator.lambda$execute$0(EngineExecutionOrchestrator.java:59)
	at org.junit.platform.launcher.core.EngineExecutionOrchestrator.withInterceptedStreams(EngineExecutionOrchestrator.java:142)
	at org.junit.platform.launcher.core.EngineExecutionOrchestrator.execute(EngineExecutionOrchestrator.java:58)
	at org.junit.platform.launcher.core.DefaultLauncher.execute(DefaultLauncher.java:103)
	at org.junit.platform.launcher.core.DefaultLauncher.execute(DefaultLauncher.java:85)
	at org.junit.platform.launcher.core.DelegatingLauncher.execute(DelegatingLauncher.java:47)
	at org.junit.platform.launcher.core.InterceptingLauncher.lambda$execute$1(InterceptingLauncher.java:39)
	at org.junit.platform.launcher.core.ClasspathAlignmentCheckingLauncherInterceptor.intercept(ClasspathAlignmentCheckingLauncherInterceptor.java:25)
	at org.junit.platform.launcher.core.InterceptingLauncher.execute(InterceptingLauncher.java:38)
	at org.junit.platform.launcher.core.DelegatingLauncher.execute(DelegatingLauncher.java:47)
	at org.apache.maven.surefire.junitplatform.LazyLauncher.execute(LazyLauncher.java:56)
	at org.apache.maven.surefire.junitplatform.JUnitPlatformProvider.execute(JUnitPlatformProvider.java:184)
	at org.apache.maven.surefire.junitplatform.JUnitPlatformProvider.invokeAllTests(JUnitPlatformProvider.java:148)
	at org.apache.maven.surefire.junitplatform.JUnitPlatformProvider.invoke(JUnitPlatformProvider.java:122)
	at org.apache.maven.surefire.booter.ForkedBooter.runSuitesInProcess(ForkedBooter.java:385)
	at org.apache.maven.surefire.booter.ForkedBooter.execute(ForkedBooter.java:162)
	at org.apache.maven.surefire.booter.ForkedBooter.run(ForkedBooter.java:507)
	at org.apache.maven.surefire.booter.ForkedBooter.main(ForkedBooter.java:495)
21:10:30.367 [main] WARN org.hibernate.engine.jdbc.spi.SqlExceptionHelper -- SQL Warning Code: 0, SQLState: 00000
21:10:30.367 [main] WARN org.hibernate.engine.jdbc.spi.SqlExceptionHelper -- relation "pets" does not exist, skipping
21:10:30.367 [main] DEBUG org.hibernate.SQL -- drop table if exists owners cascade
21:10:30.368 [main] DEBUG org.hibernate.engine.jdbc.spi.SqlExceptionHelper -- SQL Warning
org.postgresql.util.PSQLWarning: table "owners" does not exist, skipping
	at org.postgresql.core.v3.QueryExecutorImpl.receiveNoticeResponse(QueryExecutorImpl.java:2732)
	at org.postgresql.core.v3.QueryExecutorImpl.processResults(QueryExecutorImpl.java:2431)
	at org.postgresql.core.v3.QueryExecutorImpl.execute(QueryExecutorImpl.java:368)
	at org.postgresql.jdbc.PgStatement.executeInternal(PgStatement.java:498)
	at org.postgresql.jdbc.PgStatement.execute(PgStatement.java:415)
	at org.postgresql.jdbc.PgStatement.executeWithFlags(PgStatement.java:335)
	at org.postgresql.jdbc.PgStatement.executeCachedSql(PgStatement.java:321)
	at org.postgresql.jdbc.PgStatement.executeWithFlags(PgStatement.java:297)
	at org.postgresql.jdbc.PgStatement.execute(PgStatement.java:292)
	at org.hibernate.tool.schema.internal.exec.GenerationTargetToDatabase.accept(GenerationTargetToDatabase.java:80)
	at org.hibernate.tool.schema.internal.Helper.applySqlString(Helper.java:233)
	at org.hibernate.tool.schema.internal.Helper.applySqlStrings(Helper.java:217)
	at org.hibernate.tool.schema.internal.SchemaDropperImpl.dropTables(SchemaDropperImpl.java:377)
	at org.hibernate.tool.schema.internal.SchemaDropperImpl.dropConstraintsTablesSequences(SchemaDropperImpl.java:253)
	at org.hibernate.tool.schema.internal.SchemaDropperImpl.dropFromMetadata(SchemaDropperImpl.java:215)
	at org.hibernate.tool.schema.internal.SchemaDropperImpl.performDrop(SchemaDropperImpl.java:185)
	at org.hibernate.tool.schema.internal.SchemaDropperImpl.doDrop(SchemaDropperImpl.java:155)
	at org.hibernate.tool.schema.internal.SchemaDropperImpl.doDrop(SchemaDropperImpl.java:115)
	at org.hibernate.tool.schema.spi.SchemaManagementToolCoordinator.performDatabaseAction(SchemaManagementToolCoordinator.java:244)
	at org.hibernate.tool.schema.spi.SchemaManagementToolCoordinator.lambda$process$5(SchemaManagementToolCoordinator.java:145)
	at java.base/java.util.HashMap.forEach(HashMap.java:1421)
	at org.hibernate.tool.schema.spi.SchemaManagementToolCoordinator.process(SchemaManagementToolCoordinator.java:142)
	at org.hibernate.boot.internal.SessionFactoryObserverForSchemaExport.sessionFactoryCreated(SessionFactoryObserverForSchemaExport.java:37)
	at org.hibernate.internal.SessionFactoryObserverChain.sessionFactoryCreated(SessionFactoryObserverChain.java:35)
	at org.hibernate.internal.SessionFactoryImpl.<init>(SessionFactoryImpl.java:315)
	at org.hibernate.boot.internal.SessionFactoryBuilderImpl.build(SessionFactoryBuilderImpl.java:450)
	at org.hibernate.cfg.Configuration.buildSessionFactory(Configuration.java:941)
	at org.hibernate.cfg.Configuration.buildSessionFactory(Configuration.java:960)
	at org.lab2.OwnerDAOTest.beforeAll(OwnerDAOTest.java:42)
	at java.base/jdk.internal.reflect.NativeMethodAccessorImpl.invoke0(Native Method)
	at java.base/jdk.internal.reflect.NativeMethodAccessorImpl.invoke(NativeMethodAccessorImpl.java:77)
	at java.base/jdk.internal.reflect.DelegatingMethodAccessorImpl.invoke(DelegatingMethodAccessorImpl.java:43)
	at java.base/java.lang.reflect.Method.invoke(Method.java:568)
	at org.junit.platform.commons.util.ReflectionUtils.invokeMethod(ReflectionUtils.java:775)
	at org.junit.platform.commons.support.ReflectionSupport.invokeMethod(ReflectionSupport.java:479)
	at org.junit.jupiter.engine.execution.MethodInvocation.proceed(MethodInvocation.java:60)
	at org.junit.jupiter.engine.execution.InvocationInterceptorChain$ValidatingInvocation.proceed(InvocationInterceptorChain.java:131)
	at org.junit.jupiter.engine.extension.TimeoutExtension.intercept(TimeoutExtension.java:161)
	at org.junit.jupiter.engine.extension.TimeoutExtension.interceptLifecycleMethod(TimeoutExtension.java:133)
	at org.junit.jupiter.engine.extension.TimeoutExtension.interceptBeforeAllMethod(TimeoutExtension.java:75)
	at org.junit.jupiter.engine.execution.InterceptingExecutableInvoker$ReflectiveInterceptorCall.lambda$ofVoidMethod$0(InterceptingExecutableInvoker.java:112)
	at org.junit.jupiter.engine.execution.InterceptingExecutableInvoker.lambda$invoke$0(InterceptingExecutableInvoker.java:94)
	at org.junit.jupiter.engine.execution.InvocationInterceptorChain$InterceptedInvocation.proceed(InvocationInterceptorChain.java:106)
	at org.junit.jupiter.engine.execution.InvocationInterceptorChain.proceed(InvocationInterceptorChain.java:64)
	at org.junit.jupiter.engine.execution.InvocationInterceptorChain.chainAndInvoke(InvocationInterceptorChain.java:45)
	at org.junit.jupiter.engine.execution.InvocationInterceptorChain.invoke(InvocationInterceptorChain.java:37)
	at org.junit.jupiter.engine.execution.InterceptingExecutableInvoker.invoke(InterceptingExecutableInvoker.java:93)
	at org.junit.jupiter.engine.execution.InterceptingExecutableInvoker.invoke(InterceptingExecutableInvoker.java:87)
	at org.junit.jupiter.engine.descriptor.ClassBasedTestDescriptor.lambda$invokeBeforeAllMethods$13(ClassBasedTestDescriptor.java:417)
	at org.junit.platform.engine.support.hierarchical.ThrowableCollector.execute(ThrowableCollector.java:73)
	at org.junit.jupiter.engine.descriptor.ClassBasedTestDescriptor.invokeBeforeAllMethods(ClassBasedTestDescriptor.java:415)
	at org.junit.jupiter.engine.descriptor.ClassBasedTestDescriptor.before(ClassBasedTestDescriptor.java:216)
	at org.junit.jupiter.engine.descriptor.ClassBasedTestDescriptor.before(ClassBasedTestDescriptor.java:84)
	at org.junit.platform.engine.support.hierarchical.NodeTestTask.lambda$executeRecursively$6(NodeTestTask.java:153)
	at org.junit.platform.engine.support.hierarchical.ThrowableCollector.execute(ThrowableCollector.java:73)
	at org.junit.platform.engine.support.hierarchical.NodeTestTask.lambda$executeRecursively$8(NodeTestTask.java:146)
	at org.junit.platform.engine.support.hierarchical.Node.around(Node.java:137)
	at org.junit.platform.engine.support.hierarchical.NodeTestTask.lambda$executeRecursively$9(NodeTestTask.java:144)
	at org.junit.platform.engine.support.hierarchical.ThrowableCollector.execute(ThrowableCollector.java:73)
	at org.junit.platform.engine.support.hierarchical.NodeTestTask.executeRecursively(NodeTestTask.java:143)
	at org.junit.platform.engine.support.hierarchical.NodeTestTask.execute(NodeTestTask.java:100)
	at java.base/java.util.ArrayList.forEach(ArrayList.java:1511)
	at org.junit.platform.engine.support.hierarchical.SameThreadHierarchicalTestExecutorService.invokeAll(SameThreadHierarchicalTestExecutorService.java:41)
	at org.junit.platform.engine.support.hierarchical.NodeTestTask.lambda$executeRecursively$6(NodeTestTask.java:160)
	at org.junit.platform.engine.support.hierarchical.ThrowableCollector.execute(ThrowableCollector.java:73)
	at org.junit.platform.engine.support.hierarchical.NodeTestTask.lambda$executeRecursively$8(NodeTestTask.java:146)
	at org.junit.platform.engine.support.hierarchical.Node.around(Node.java:137)
	at org.junit.platform.engine.support.hierarchical.NodeTestTask.lambda$executeRecursively$9(NodeTestTask.java:144)
	at org.junit.platform.engine.support.hierarchical.ThrowableCollector.execute(ThrowableCollector.java:73)
	at org.junit.platform.engine.support.hierarchical.NodeTestTask.executeRecursively(NodeTestTask.java:143)
	at org.junit.platform.engine.support.hierarchical.NodeTestTask.execute(NodeTestTask.java:100)
	at org.junit.platform.engine.support.hierarchical.SameThreadHierarchicalTestExecutorService.submit(SameThreadHierarchicalTestExecutorService.java:35)
	at org.junit.platform.engine.support.hierarchical.HierarchicalTestExecutor.execute(HierarchicalTestExecutor.java:57)
	at org.junit.platform.engine.support.hierarchical.HierarchicalTestEngine.execute(HierarchicalTestEngine.java:54)
	at org.junit.platform.launcher.core.EngineExecutionOrchestrator.execute(EngineExecutionOrchestrator.java:201)
	at org.junit.platform.launcher.core.EngineExecutionOrchestrator.execute(EngineExecutionOrchestrator.java:170)
	at org.junit.platform.launcher.core.EngineExecutionOrchestrator.execute(EngineExecutionOrchestrator.java:94)
	at org.junit.platform.launcher.core.EngineExecutionOrchestrator.lambda$execute$0(EngineExecutionOrchestrator.java:59)
	at org.junit.platform.launcher.core.EngineExecutionOrchestrator.withInterceptedStreams(EngineExecutionOrchestrator.java:142)
	at org.junit.platform.launcher.core.EngineExecutionOrchestrator.execute(EngineExecutionOrchestrator.java:58)
	at org.junit.platform.launcher.core.DefaultLauncher.execute(DefaultLauncher.java:103)
	at org.junit.platform.launcher.core.DefaultLauncher.execute(DefaultLauncher.java:85)
	at org.junit.platform.launcher.core.DelegatingLauncher.execute(DelegatingLauncher.java:47)
	at org.junit.platform.launcher.core.InterceptingLauncher.lambda$execute$1(InterceptingLauncher.java:39)
	at org.junit.platform.launcher.core.ClasspathAlignmentCheckingLauncherInterceptor.intercept(ClasspathAlignmentCheckingLauncherInterceptor.java:25)
	at org.junit.platform.launcher.core.InterceptingLauncher.execute(InterceptingLauncher.java:38)
	at org.junit.platform.launcher.core.DelegatingLauncher.execute(DelegatingLauncher.java:47)
	at org.apache.maven.surefire.junitplatform.LazyLauncher.execute(LazyLauncher.java:56)
	at org.apache.maven.surefire.junitplatform.JUnitPlatformProvider.execute(JUnitPlatformProvider.java:184)
	at org.apache.maven.surefire.junitplatform.JUnitPlatformProvider.invokeAllTests(JUnitPlatformProvider.java:148)
	at org.apache.maven.surefire.junitplatform.JUnitPlatformProvider.invoke(JUnitPlatformProvider.java:122)
	at org.apache.maven.surefire.booter.ForkedBooter.runSuitesInProcess(ForkedBooter.java:385)
	at org.apache.maven.surefire.booter.ForkedBooter.execute(ForkedBooter.java:162)
	at org.apache.maven.surefire.booter.ForkedBooter.run(ForkedBooter.java:507)
	at org.apache.maven.surefire.booter.ForkedBooter.main(ForkedBooter.java:495)
21:10:30.369 [main] WARN org.hibernate.engine.jdbc.spi.SqlExceptionHelper -- SQL Warning Code: 0, SQLState: 00000
21:10:30.369 [main] WARN org.hibernate.engine.jdbc.spi.SqlExceptionHelper -- table "owners" does not exist, skipping
21:10:30.369 [main] DEBUG org.hibernate.SQL -- drop table if exists pet_friends cascade
21:10:30.370 [main] DEBUG org.hibernate.engine.jdbc.spi.SqlExceptionHelper -- SQL Warning
org.postgresql.util.PSQLWarning: table "pet_friends" does not exist, skipping
	at org.postgresql.core.v3.QueryExecutorImpl.receiveNoticeResponse(QueryExecutorImpl.java:2732)
	at org.postgresql.core.v3.QueryExecutorImpl.processResults(QueryExecutorImpl.java:2431)
	at org.postgresql.core.v3.QueryExecutorImpl.execute(QueryExecutorImpl.java:368)
	at org.postgresql.jdbc.PgStatement.executeInternal(PgStatement.java:498)
	at org.postgresql.jdbc.PgStatement.execute(PgStatement.java:415)
	at org.postgresql.jdbc.PgStatement.executeWithFlags(PgStatement.java:335)
	at org.postgresql.jdbc.PgStatement.executeCachedSql(PgStatement.java:321)
	at org.postgresql.jdbc.PgStatement.executeWithFlags(PgStatement.java:297)
	at org.postgresql.jdbc.PgStatement.execute(PgStatement.java:292)
	at org.hibernate.tool.schema.internal.exec.GenerationTargetToDatabase.accept(GenerationTargetToDatabase.java:80)
	at org.hibernate.tool.schema.internal.Helper.applySqlString(Helper.java:233)
	at org.hibernate.tool.schema.internal.Helper.applySqlStrings(Helper.java:217)
	at org.hibernate.tool.schema.internal.SchemaDropperImpl.dropTables(SchemaDropperImpl.java:377)
	at org.hibernate.tool.schema.internal.SchemaDropperImpl.dropConstraintsTablesSequences(SchemaDropperImpl.java:253)
	at org.hibernate.tool.schema.internal.SchemaDropperImpl.dropFromMetadata(SchemaDropperImpl.java:215)
	at org.hibernate.tool.schema.internal.SchemaDropperImpl.performDrop(SchemaDropperImpl.java:185)
	at org.hibernate.tool.schema.internal.SchemaDropperImpl.doDrop(SchemaDropperImpl.java:155)
	at org.hibernate.tool.schema.internal.SchemaDropperImpl.doDrop(SchemaDropperImpl.java:115)
	at org.hibernate.tool.schema.spi.SchemaManagementToolCoordinator.performDatabaseAction(SchemaManagementToolCoordinator.java:244)
	at org.hibernate.tool.schema.spi.SchemaManagementToolCoordinator.lambda$process$5(SchemaManagementToolCoordinator.java:145)
	at java.base/java.util.HashMap.forEach(HashMap.java:1421)
	at org.hibernate.tool.schema.spi.SchemaManagementToolCoordinator.process(SchemaManagementToolCoordinator.java:142)
	at org.hibernate.boot.internal.SessionFactoryObserverForSchemaExport.sessionFactoryCreated(SessionFactoryObserverForSchemaExport.java:37)
	at org.hibernate.internal.SessionFactoryObserverChain.sessionFactoryCreated(SessionFactoryObserverChain.java:35)
	at org.hibernate.internal.SessionFactoryImpl.<init>(SessionFactoryImpl.java:315)
	at org.hibernate.boot.internal.SessionFactoryBuilderImpl.build(SessionFactoryBuilderImpl.java:450)
	at org.hibernate.cfg.Configuration.buildSessionFactory(Configuration.java:941)
	at org.hibernate.cfg.Configuration.buildSessionFactory(Configuration.java:960)
	at org.lab2.OwnerDAOTest.beforeAll(OwnerDAOTest.java:42)
	at java.base/jdk.internal.reflect.NativeMethodAccessorImpl.invoke0(Native Method)
	at java.base/jdk.internal.reflect.NativeMethodAccessorImpl.invoke(NativeMethodAccessorImpl.java:77)
	at java.base/jdk.internal.reflect.DelegatingMethodAccessorImpl.invoke(DelegatingMethodAccessorImpl.java:43)
	at java.base/java.lang.reflect.Method.invoke(Method.java:568)
	at org.junit.platform.commons.util.ReflectionUtils.invokeMethod(ReflectionUtils.java:775)
	at org.junit.platform.commons.support.ReflectionSupport.invokeMethod(ReflectionSupport.java:479)
	at org.junit.jupiter.engine.execution.MethodInvocation.proceed(MethodInvocation.java:60)
	at org.junit.jupiter.engine.execution.InvocationInterceptorChain$ValidatingInvocation.proceed(InvocationInterceptorChain.java:131)
	at org.junit.jupiter.engine.extension.TimeoutExtension.intercept(TimeoutExtension.java:161)
	at org.junit.jupiter.engine.extension.TimeoutExtension.interceptLifecycleMethod(TimeoutExtension.java:133)
	at org.junit.jupiter.engine.extension.TimeoutExtension.interceptBeforeAllMethod(TimeoutExtension.java:75)
	at org.junit.jupiter.engine.execution.InterceptingExecutableInvoker$ReflectiveInterceptorCall.lambda$ofVoidMethod$0(InterceptingExecutableInvoker.java:112)
	at org.junit.jupiter.engine.execution.InterceptingExecutableInvoker.lambda$invoke$0(InterceptingExecutableInvoker.java:94)
	at org.junit.jupiter.engine.execution.InvocationInterceptorChain$InterceptedInvocation.proceed(InvocationInterceptorChain.java:106)
	at org.junit.jupiter.engine.execution.InvocationInterceptorChain.proceed(InvocationInterceptorChain.java:64)
	at org.junit.jupiter.engine.execution.InvocationInterceptorChain.chainAndInvoke(InvocationInterceptorChain.java:45)
	at org.junit.jupiter.engine.execution.InvocationInterceptorChain.invoke(InvocationInterceptorChain.java:37)
	at org.junit.jupiter.engine.execution.InterceptingExecutableInvoker.invoke(InterceptingExecutableInvoker.java:93)
	at org.junit.jupiter.engine.execution.InterceptingExecutableInvoker.invoke(InterceptingExecutableInvoker.java:87)
	at org.junit.jupiter.engine.descriptor.ClassBasedTestDescriptor.lambda$invokeBeforeAllMethods$13(ClassBasedTestDescriptor.java:417)
	at org.junit.platform.engine.support.hierarchical.ThrowableCollector.execute(ThrowableCollector.java:73)
	at org.junit.jupiter.engine.descriptor.ClassBasedTestDescriptor.invokeBeforeAllMethods(ClassBasedTestDescriptor.java:415)
	at org.junit.jupiter.engine.descriptor.ClassBasedTestDescriptor.before(ClassBasedTestDescriptor.java:216)
	at org.junit.jupiter.engine.descriptor.ClassBasedTestDescriptor.before(ClassBasedTestDescriptor.java:84)
	at org.junit.platform.engine.support.hierarchical.NodeTestTask.lambda$executeRecursively$6(NodeTestTask.java:153)
	at org.junit.platform.engine.support.hierarchical.ThrowableCollector.execute(ThrowableCollector.java:73)
	at org.junit.platform.engine.support.hierarchical.NodeTestTask.lambda$executeRecursively$8(NodeTestTask.java:146)
	at org.junit.platform.engine.support.hierarchical.Node.around(Node.java:137)
	at org.junit.platform.engine.support.hierarchical.NodeTestTask.lambda$executeRecursively$9(NodeTestTask.java:144)
	at org.junit.platform.engine.support.hierarchical.ThrowableCollector.execute(ThrowableCollector.java:73)
	at org.junit.platform.engine.support.hierarchical.NodeTestTask.executeRecursively(NodeTestTask.java:143)
	at org.junit.platform.engine.support.hierarchical.NodeTestTask.execute(NodeTestTask.java:100)
	at java.base/java.util.ArrayList.forEach(ArrayList.java:1511)
	at org.junit.platform.engine.support.hierarchical.SameThreadHierarchicalTestExecutorService.invokeAll(SameThreadHierarchicalTestExecutorService.java:41)
	at org.junit.platform.engine.support.hierarchical.NodeTestTask.lambda$executeRecursively$6(NodeTestTask.java:160)
	at org.junit.platform.engine.support.hierarchical.ThrowableCollector.execute(ThrowableCollector.java:73)
	at org.junit.platform.engine.support.hierarchical.NodeTestTask.lambda$executeRecursively$8(NodeTestTask.java:146)
	at org.junit.platform.engine.support.hierarchical.Node.around(Node.java:137)
	at org.junit.platform.engine.support.hierarchical.NodeTestTask.lambda$executeRecursively$9(NodeTestTask.java:144)
	at org.junit.platform.engine.support.hierarchical.ThrowableCollector.execute(ThrowableCollector.java:73)
	at org.junit.platform.engine.support.hierarchical.NodeTestTask.executeRecursively(NodeTestTask.java:143)
	at org.junit.platform.engine.support.hierarchical.NodeTestTask.execute(NodeTestTask.java:100)
	at org.junit.platform.engine.support.hierarchical.SameThreadHierarchicalTestExecutorService.submit(SameThreadHierarchicalTestExecutorService.java:35)
	at org.junit.platform.engine.support.hierarchical.HierarchicalTestExecutor.execute(HierarchicalTestExecutor.java:57)
	at org.junit.platform.engine.support.hierarchical.HierarchicalTestEngine.execute(HierarchicalTestEngine.java:54)
	at org.junit.platform.launcher.core.EngineExecutionOrchestrator.execute(EngineExecutionOrchestrator.java:201)
	at org.junit.platform.launcher.core.EngineExecutionOrchestrator.execute(EngineExecutionOrchestrator.java:170)
	at org.junit.platform.launcher.core.EngineExecutionOrchestrator.execute(EngineExecutionOrchestrator.java:94)
	at org.junit.platform.launcher.core.EngineExecutionOrchestrator.lambda$execute$0(EngineExecutionOrchestrator.java:59)
	at org.junit.platform.launcher.core.EngineExecutionOrchestrator.withInterceptedStreams(EngineExecutionOrchestrator.java:142)
	at org.junit.platform.launcher.core.EngineExecutionOrchestrator.execute(EngineExecutionOrchestrator.java:58)
	at org.junit.platform.launcher.core.DefaultLauncher.execute(DefaultLauncher.java:103)
	at org.junit.platform.launcher.core.DefaultLauncher.execute(DefaultLauncher.java:85)
	at org.junit.platform.launcher.core.DelegatingLauncher.execute(DelegatingLauncher.java:47)
	at org.junit.platform.launcher.core.InterceptingLauncher.lambda$execute$1(InterceptingLauncher.java:39)
	at org.junit.platform.launcher.core.ClasspathAlignmentCheckingLauncherInterceptor.intercept(ClasspathAlignmentCheckingLauncherInterceptor.java:25)
	at org.junit.platform.launcher.core.InterceptingLauncher.execute(InterceptingLauncher.java:38)
	at org.junit.platform.launcher.core.DelegatingLauncher.execute(DelegatingLauncher.java:47)
	at org.apache.maven.surefire.junitplatform.LazyLauncher.execute(LazyLauncher.java:56)
	at org.apache.maven.surefire.junitplatform.JUnitPlatformProvider.execute(JUnitPlatformProvider.java:184)
	at org.apache.maven.surefire.junitplatform.JUnitPlatformProvider.invokeAllTests(JUnitPlatformProvider.java:148)
	at org.apache.maven.surefire.junitplatform.JUnitPlatformProvider.invoke(JUnitPlatformProvider.java:122)
	at org.apache.maven.surefire.booter.ForkedBooter.runSuitesInProcess(ForkedBooter.java:385)
	at org.apache.maven.surefire.booter.ForkedBooter.execute(ForkedBooter.java:162)
	at org.apache.maven.surefire.booter.ForkedBooter.run(ForkedBooter.java:507)
	at org.apache.maven.surefire.booter.ForkedBooter.main(ForkedBooter.java:495)
21:10:30.370 [main] WARN org.hibernate.engine.jdbc.spi.SqlExceptionHelper -- SQL Warning Code: 0, SQLState: 00000
21:10:30.370 [main] WARN org.hibernate.engine.jdbc.spi.SqlExceptionHelper -- table "pet_friends" does not exist, skipping
21:10:30.370 [main] DEBUG org.hibernate.SQL -- drop table if exists pets cascade
21:10:30.371 [main] DEBUG org.hibernate.engine.jdbc.spi.SqlExceptionHelper -- SQL Warning
org.postgresql.util.PSQLWarning: table "pets" does not exist, skipping
	at org.postgresql.core.v3.QueryExecutorImpl.receiveNoticeResponse(QueryExecutorImpl.java:2732)
	at org.postgresql.core.v3.QueryExecutorImpl.processResults(QueryExecutorImpl.java:2431)
	at org.postgresql.core.v3.QueryExecutorImpl.execute(QueryExecutorImpl.java:368)
	at org.postgresql.jdbc.PgStatement.executeInternal(PgStatement.java:498)
	at org.postgresql.jdbc.PgStatement.execute(PgStatement.java:415)
	at org.postgresql.jdbc.PgStatement.executeWithFlags(PgStatement.java:335)
	at org.postgresql.jdbc.PgStatement.executeCachedSql(PgStatement.java:321)
	at org.postgresql.jdbc.PgStatement.executeWithFlags(PgStatement.java:297)
	at org.postgresql.jdbc.PgStatement.execute(PgStatement.java:292)
	at org.hibernate.tool.schema.internal.exec.GenerationTargetToDatabase.accept(GenerationTargetToDatabase.java:80)
	at org.hibernate.tool.schema.internal.Helper.applySqlString(Helper.java:233)
	at org.hibernate.tool.schema.internal.Helper.applySqlStrings(Helper.java:217)
	at org.hibernate.tool.schema.internal.SchemaDropperImpl.dropTables(SchemaDropperImpl.java:377)
	at org.hibernate.tool.schema.internal.SchemaDropperImpl.dropConstraintsTablesSequences(SchemaDropperImpl.java:253)
	at org.hibernate.tool.schema.internal.SchemaDropperImpl.dropFromMetadata(SchemaDropperImpl.java:215)
	at org.hibernate.tool.schema.internal.SchemaDropperImpl.performDrop(SchemaDropperImpl.java:185)
	at org.hibernate.tool.schema.internal.SchemaDropperImpl.doDrop(SchemaDropperImpl.java:155)
	at org.hibernate.tool.schema.internal.SchemaDropperImpl.doDrop(SchemaDropperImpl.java:115)
	at org.hibernate.tool.schema.spi.SchemaManagementToolCoordinator.performDatabaseAction(SchemaManagementToolCoordinator.java:244)
	at org.hibernate.tool.schema.spi.SchemaManagementToolCoordinator.lambda$process$5(SchemaManagementToolCoordinator.java:145)
	at java.base/java.util.HashMap.forEach(HashMap.java:1421)
	at org.hibernate.tool.schema.spi.SchemaManagementToolCoordinator.process(SchemaManagementToolCoordinator.java:142)
	at org.hibernate.boot.internal.SessionFactoryObserverForSchemaExport.sessionFactoryCreated(SessionFactoryObserverForSchemaExport.java:37)
	at org.hibernate.internal.SessionFactoryObserverChain.sessionFactoryCreated(SessionFactoryObserverChain.java:35)
	at org.hibernate.internal.SessionFactoryImpl.<init>(SessionFactoryImpl.java:315)
	at org.hibernate.boot.internal.SessionFactoryBuilderImpl.build(SessionFactoryBuilderImpl.java:450)
	at org.hibernate.cfg.Configuration.buildSessionFactory(Configuration.java:941)
	at org.hibernate.cfg.Configuration.buildSessionFactory(Configuration.java:960)
	at org.lab2.OwnerDAOTest.beforeAll(OwnerDAOTest.java:42)
	at java.base/jdk.internal.reflect.NativeMethodAccessorImpl.invoke0(Native Method)
	at java.base/jdk.internal.reflect.NativeMethodAccessorImpl.invoke(NativeMethodAccessorImpl.java:77)
	at java.base/jdk.internal.reflect.DelegatingMethodAccessorImpl.invoke(DelegatingMethodAccessorImpl.java:43)
	at java.base/java.lang.reflect.Method.invoke(Method.java:568)
	at org.junit.platform.commons.util.ReflectionUtils.invokeMethod(ReflectionUtils.java:775)
	at org.junit.platform.commons.support.ReflectionSupport.invokeMethod(ReflectionSupport.java:479)
	at org.junit.jupiter.engine.execution.MethodInvocation.proceed(MethodInvocation.java:60)
	at org.junit.jupiter.engine.execution.InvocationInterceptorChain$ValidatingInvocation.proceed(InvocationInterceptorChain.java:131)
	at org.junit.jupiter.engine.extension.TimeoutExtension.intercept(TimeoutExtension.java:161)
	at org.junit.jupiter.engine.extension.TimeoutExtension.interceptLifecycleMethod(TimeoutExtension.java:133)
	at org.junit.jupiter.engine.extension.TimeoutExtension.interceptBeforeAllMethod(TimeoutExtension.java:75)
	at org.junit.jupiter.engine.execution.InterceptingExecutableInvoker$ReflectiveInterceptorCall.lambda$ofVoidMethod$0(InterceptingExecutableInvoker.java:112)
	at org.junit.jupiter.engine.execution.InterceptingExecutableInvoker.lambda$invoke$0(InterceptingExecutableInvoker.java:94)
	at org.junit.jupiter.engine.execution.InvocationInterceptorChain$InterceptedInvocation.proceed(InvocationInterceptorChain.java:106)
	at org.junit.jupiter.engine.execution.InvocationInterceptorChain.proceed(InvocationInterceptorChain.java:64)
	at org.junit.jupiter.engine.execution.InvocationInterceptorChain.chainAndInvoke(InvocationInterceptorChain.java:45)
	at org.junit.jupiter.engine.execution.InvocationInterceptorChain.invoke(InvocationInterceptorChain.java:37)
	at org.junit.jupiter.engine.execution.InterceptingExecutableInvoker.invoke(InterceptingExecutableInvoker.java:93)
	at org.junit.jupiter.engine.execution.InterceptingExecutableInvoker.invoke(InterceptingExecutableInvoker.java:87)
	at org.junit.jupiter.engine.descriptor.ClassBasedTestDescriptor.lambda$invokeBeforeAllMethods$13(ClassBasedTestDescriptor.java:417)
	at org.junit.platform.engine.support.hierarchical.ThrowableCollector.execute(ThrowableCollector.java:73)
	at org.junit.jupiter.engine.descriptor.ClassBasedTestDescriptor.invokeBeforeAllMethods(ClassBasedTestDescriptor.java:415)
	at org.junit.jupiter.engine.descriptor.ClassBasedTestDescriptor.before(ClassBasedTestDescriptor.java:216)
	at org.junit.jupiter.engine.descriptor.ClassBasedTestDescriptor.before(ClassBasedTestDescriptor.java:84)
	at org.junit.platform.engine.support.hierarchical.NodeTestTask.lambda$executeRecursively$6(NodeTestTask.java:153)
	at org.junit.platform.engine.support.hierarchical.ThrowableCollector.execute(ThrowableCollector.java:73)
	at org.junit.platform.engine.support.hierarchical.NodeTestTask.lambda$executeRecursively$8(NodeTestTask.java:146)
	at org.junit.platform.engine.support.hierarchical.Node.around(Node.java:137)
	at org.junit.platform.engine.support.hierarchical.NodeTestTask.lambda$executeRecursively$9(NodeTestTask.java:144)
	at org.junit.platform.engine.support.hierarchical.ThrowableCollector.execute(ThrowableCollector.java:73)
	at org.junit.platform.engine.support.hierarchical.NodeTestTask.executeRecursively(NodeTestTask.java:143)
	at org.junit.platform.engine.support.hierarchical.NodeTestTask.execute(NodeTestTask.java:100)
	at java.base/java.util.ArrayList.forEach(ArrayList.java:1511)
	at org.junit.platform.engine.support.hierarchical.SameThreadHierarchicalTestExecutorService.invokeAll(SameThreadHierarchicalTestExecutorService.java:41)
	at org.junit.platform.engine.support.hierarchical.NodeTestTask.lambda$executeRecursively$6(NodeTestTask.java:160)
	at org.junit.platform.engine.support.hierarchical.ThrowableCollector.execute(ThrowableCollector.java:73)
	at org.junit.platform.engine.support.hierarchical.NodeTestTask.lambda$executeRecursively$8(NodeTestTask.java:146)
	at org.junit.platform.engine.support.hierarchical.Node.around(Node.java:137)
	at org.junit.platform.engine.support.hierarchical.NodeTestTask.lambda$executeRecursively$9(NodeTestTask.java:144)
	at org.junit.platform.engine.support.hierarchical.ThrowableCollector.execute(ThrowableCollector.java:73)
	at org.junit.platform.engine.support.hierarchical.NodeTestTask.executeRecursively(NodeTestTask.java:143)
	at org.junit.platform.engine.support.hierarchical.NodeTestTask.execute(NodeTestTask.java:100)
	at org.junit.platform.engine.support.hierarchical.SameThreadHierarchicalTestExecutorService.submit(SameThreadHierarchicalTestExecutorService.java:35)
	at org.junit.platform.engine.support.hierarchical.HierarchicalTestExecutor.execute(HierarchicalTestExecutor.java:57)
	at org.junit.platform.engine.support.hierarchical.HierarchicalTestEngine.execute(HierarchicalTestEngine.java:54)
	at org.junit.platform.launcher.core.EngineExecutionOrchestrator.execute(EngineExecutionOrchestrator.java:201)
	at org.junit.platform.launcher.core.EngineExecutionOrchestrator.execute(EngineExecutionOrchestrator.java:170)
	at org.junit.platform.launcher.core.EngineExecutionOrchestrator.execute(EngineExecutionOrchestrator.java:94)
	at org.junit.platform.launcher.core.EngineExecutionOrchestrator.lambda$execute$0(EngineExecutionOrchestrator.java:59)
	at org.junit.platform.launcher.core.EngineExecutionOrchestrator.withInterceptedStreams(EngineExecutionOrchestrator.java:142)
	at org.junit.platform.launcher.core.EngineExecutionOrchestrator.execute(EngineExecutionOrchestrator.java:58)
	at org.junit.platform.launcher.core.DefaultLauncher.execute(DefaultLauncher.java:103)
	at org.junit.platform.launcher.core.DefaultLauncher.execute(DefaultLauncher.java:85)
	at org.junit.platform.launcher.core.DelegatingLauncher.execute(DelegatingLauncher.java:47)
	at org.junit.platform.launcher.core.InterceptingLauncher.lambda$execute$1(InterceptingLauncher.java:39)
	at org.junit.platform.launcher.core.ClasspathAlignmentCheckingLauncherInterceptor.intercept(ClasspathAlignmentCheckingLauncherInterceptor.java:25)
	at org.junit.platform.launcher.core.InterceptingLauncher.execute(InterceptingLauncher.java:38)
	at org.junit.platform.launcher.core.DelegatingLauncher.execute(DelegatingLauncher.java:47)
	at org.apache.maven.surefire.junitplatform.LazyLauncher.execute(LazyLauncher.java:56)
	at org.apache.maven.surefire.junitplatform.JUnitPlatformProvider.execute(JUnitPlatformProvider.java:184)
	at org.apache.maven.surefire.junitplatform.JUnitPlatformProvider.invokeAllTests(JUnitPlatformProvider.java:148)
	at org.apache.maven.surefire.junitplatform.JUnitPlatformProvider.invoke(JUnitPlatformProvider.java:122)
	at org.apache.maven.surefire.booter.ForkedBooter.runSuitesInProcess(ForkedBooter.java:385)
	at org.apache.maven.surefire.booter.ForkedBooter.execute(ForkedBooter.java:162)
	at org.apache.maven.surefire.booter.ForkedBooter.run(ForkedBooter.java:507)
	at org.apache.maven.surefire.booter.ForkedBooter.main(ForkedBooter.java:495)
21:10:30.371 [main] WARN org.hibernate.engine.jdbc.spi.SqlExceptionHelper -- SQL Warning Code: 0, SQLState: 00000
21:10:30.371 [main] WARN org.hibernate.engine.jdbc.spi.SqlExceptionHelper -- table "pets" does not exist, skipping
21:10:30.380 [main] DEBUG org.hibernate.SQL -- create table owners (birth_date date, id bigserial not null, name varchar(255) not null, primary key (id))
21:10:30.380 [main] INFO org.hibernate.orm.connections.access -- HHH10001501: Connection obtained from JdbcConnectionAccess [org.hibernate.engine.jdbc.env.internal.JdbcEnvironmentInitiator$ConnectionProviderJdbcConnectionAccess@25f7cc38] for (non-JTA) DDL execution was not in auto-commit mode; the Connection 'local transaction' will be committed and the Connection will be set into auto-commit mode.
21:10:30.387 [main] DEBUG org.hibernate.SQL -- create table pet_friends (friend_id bigint not null, pet_id bigint not null)
21:10:30.389 [main] DEBUG org.hibernate.SQL -- create table pets (birth_date date, id bigserial not null, owner_id bigint, breed varchar(255), color varchar(255) check (color in ('BLACK','WHITE','GRAY','ORANGE','BROWN')), name varchar(255) not null, primary key (id))
21:10:30.394 [main] DEBUG org.hibernate.SQL -- alter table if exists pet_friends add constraint FKj21rh4cx6gdb8rbslw8njk9mq foreign key (friend_id) references pets
21:10:30.396 [main] DEBUG org.hibernate.SQL -- alter table if exists pet_friends add constraint FKjgr10w16u32u1cuvdhqt28ud9 foreign key (pet_id) references pets
21:10:30.398 [main] DEBUG org.hibernate.SQL -- alter table if exists pets add constraint FK6teg4kcjcnjhduguft56wcfoa foreign key (owner_id) references owners
21:10:30.409 [main] DEBUG org.hibernate.internal.SessionFactoryRegistry -- Initializing SessionFactoryRegistry : org.hibernate.internal.SessionFactoryRegistry@571d0925
21:10:30.409 [main] DEBUG org.hibernate.internal.SessionFactoryRegistry -- Registering SessionFactory: 0cb2ad92-7ae7-4b0d-95c0-dbe1849fe6bb (<unnamed>)
21:10:30.409 [main] DEBUG org.hibernate.internal.SessionFactoryRegistry -- Not binding SessionFactory to JNDI, no JNDI name configured
21:10:30.409 [main] DEBUG org.hibernate.internal.SessionFactoryImpl -- Instantiated SessionFactory
21:10:30.447 [main] DEBUG org.testcontainers.utility.PrefixingImageNameSubstitutor -- No prefix is configured
21:10:30.448 [main] DEBUG org.testcontainers.utility.ImageNameSubstitutor -- Did not find a substitute image for postgres:15 (using image substitutor: DefaultImageNameSubstitutor (composite of 'ConfigurationFileImageNameSubstitutor' and 'PrefixingImageNameSubstitutor'))
21:10:30.448 [main] DEBUG org.testcontainers.images.AbstractImagePullPolicy -- Using locally available and not pulling image: postgres:15
21:10:30.448 [main] DEBUG tc.postgres:15 -- Starting container: postgres:15
21:10:30.448 [main] DEBUG tc.postgres:15 -- Trying to start container: postgres:15 (attempt 1/1)
21:10:30.448 [main] DEBUG tc.postgres:15 -- Starting container: postgres:15
21:10:30.448 [main] INFO tc.postgres:15 -- Creating container for image: postgres:15
21:10:30.448 [main] DEBUG org.testcontainers.utility.RegistryAuthLocator -- Looking up auth config for image: postgres:15 at registry: https://index.docker.io/v1/
21:10:30.448 [main] DEBUG org.testcontainers.utility.RegistryAuthLocator -- Cached auth found: [AuthConfig{username=asurz, password=hidden non-blank value, auth=blank, email=null, registryAddress=https://index.docker.io/v1/, registryToken=blank}]
21:10:30.448 [main] DEBUG org.testcontainers.dockerclient.AuthDelegatingDockerClientConfig -- Effective auth config [AuthConfig{username=asurz, password=hidden non-blank value, auth=blank, email=null, registryAddress=https://index.docker.io/v1/, registryToken=blank}]
21:10:30.448 [main] WARN tc.postgres:15 -- Reuse was requested but the environment does not support the reuse of containers
To enable reuse of containers, you must set 'testcontainers.reuse.enable=true' in a file located at C:\Users\76162\.testcontainers.properties
21:10:30.448 [main] DEBUG org.testcontainers.shaded.com.github.dockerjava.core.command.AbstrDockerCmd -- Cmd: org.testcontainers.shaded.com.github.dockerjava.core.command.CreateContainerCmdImpl@b841713[aliases=<null>,argsEscaped=<null>,attachStderr=<null>,attachStdin=<null>,attachStdout=<null>,authConfig=AuthConfig(username=asurz, email=null, registryAddress=https://index.docker.io/v1/, stackOrchestrator=null),cmd={postgres,-c,fsync=off},domainName=<null>,entrypoint=<null>,env={POSTGRES_USER=postgres,POSTGRES_PASSWORD=password,POSTGRES_DB=petdb},exposedPorts=ExposedPorts(exposedPorts=[5432/tcp]),healthcheck=<null>,hostConfig=HostConfig(binds=[], blkioWeight=null, blkioWeightDevice=null, blkioDeviceReadBps=null, blkioDeviceWriteBps=null, blkioDeviceReadIOps=null, blkioDeviceWriteIOps=null, memorySwappiness=null, nanoCPUs=null, capAdd=null, capDrop=null, containerIDFile=null, cpuPeriod=null, cpuRealtimePeriod=null, cpuRealtimeRuntime=null, cpuShares=null, cpuQuota=null, cpusetCpus=null, cpusetMems=null, devices=null, deviceCgroupRules=null, deviceRequests=null, diskQuota=null, dns=null, dnsOptions=null, dnsSearch=null, extraHosts=[], groupAdd=null, ipcMode=null, cgroup=null, links=[], logConfig=LogConfig(type=null, config=null), lxcConf=null, memory=null, memorySwap=null, memoryReservation=null, kernelMemory=null, networkMode=null, oomKillDisable=null, init=null, autoRemove=null, oomScoreAdj=null, portBindings={5432/tcp=[Lcom.github.dockerjava.api.model.Ports$Binding;@1d585fb}, privileged=null, publishAllPorts=null, readonlyRootfs=null, restartPolicy=null, ulimits=null, cpuCount=null, cpuPercent=null, ioMaximumIOps=null, ioMaximumBandwidth=null, volumesFrom=[], mounts=null, pidMode=null, isolation=null, securityOpts=null, storageOpt=null, cgroupParent=null, volumeDriver=null, shmSize=null, pidsLimit=null, runtime=null, tmpFs=null, utSMode=null, usernsMode=null, sysctls=null, consoleSize=null, cgroupnsMode=null),hostName=<null>,image=postgres:15,ipv4Address=<null>,ipv6Address=<null>,labels={org.testcontainers=true, org.testcontainers.lang=java, org.testcontainers.version=1.19.7, org.testcontainers.sessionId=2a607c29-9f73-4ad7-8e0e-ab764e999503},macAddress=<null>,name=<null>,networkDisabled=<null>,networkingConfig=<null>,onBuild=<null>,platform=<null>,portSpecs=<null>,shell=<null>,stdInOnce=<null>,stdinOpen=<null>,stopSignal=<null>,stopTimeout=<null>,tty=<null>,user=<null>,volumes=Volumes(volumes=[]),workingDir=<null>]
21:10:30.451 [main] DEBUG com.github.dockerjava.zerodep.shaded.org.apache.hc.client5.http.impl.classic.InternalHttpClient -- ex-00000013: preparing request execution
21:10:30.451 [main] DEBUG com.github.dockerjava.zerodep.shaded.org.apache.hc.client5.http.protocol.RequestAddCookies -- Cookie spec selected: strict
21:10:30.451 [main] DEBUG com.github.dockerjava.zerodep.shaded.org.apache.hc.client5.http.protocol.RequestAuthCache -- Auth cache not set in the context
21:10:30.451 [main] DEBUG com.github.dockerjava.zerodep.shaded.org.apache.hc.client5.http.impl.classic.ProtocolExec -- ex-00000013: target auth state: UNCHALLENGED
21:10:30.451 [main] DEBUG com.github.dockerjava.zerodep.shaded.org.apache.hc.client5.http.impl.classic.ProtocolExec -- ex-00000013: proxy auth state: UNCHALLENGED
21:10:30.451 [main] DEBUG com.github.dockerjava.zerodep.shaded.org.apache.hc.client5.http.impl.classic.ConnectExec -- ex-00000013: acquiring connection with route {}->npipe://localhost:2375
21:10:30.451 [main] DEBUG com.github.dockerjava.zerodep.shaded.org.apache.hc.client5.http.impl.classic.InternalHttpClient -- ex-00000013: acquiring endpoint (3 MINUTES)
21:10:30.451 [main] DEBUG com.github.dockerjava.zerodep.shaded.org.apache.hc.client5.http.impl.io.PoolingHttpClientConnectionManager -- ex-00000013: endpoint lease request (3 MINUTES) [route: {}->npipe://localhost:2375][total available: 1; route allocated: 1 of 2147483647; total allocated: 1 of 2147483647]
21:10:30.452 [main] DEBUG com.github.dockerjava.zerodep.shaded.org.apache.hc.client5.http.impl.io.PoolingHttpClientConnectionManager -- ex-00000013: endpoint leased [route: {}->npipe://localhost:2375][total available: 0; route allocated: 1 of 2147483647; total allocated: 1 of 2147483647]
21:10:30.452 [main] DEBUG com.github.dockerjava.zerodep.shaded.org.apache.hc.client5.http.impl.io.PoolingHttpClientConnectionManager -- ex-00000013: acquired ep-00000012
21:10:30.452 [main] DEBUG com.github.dockerjava.zerodep.shaded.org.apache.hc.client5.http.impl.classic.InternalHttpClient -- ex-00000013: acquired endpoint ep-00000012
21:10:30.452 [main] DEBUG com.github.dockerjava.zerodep.shaded.org.apache.hc.client5.http.impl.classic.MainClientExec -- ex-00000013: executing POST /v1.32/containers/create HTTP/1.1
21:10:30.452 [main] DEBUG com.github.dockerjava.zerodep.shaded.org.apache.hc.client5.http.impl.classic.InternalHttpClient -- ep-00000012: start execution ex-00000013
21:10:30.452 [main] DEBUG com.github.dockerjava.zerodep.shaded.org.apache.hc.client5.http.impl.io.PoolingHttpClientConnectionManager -- ep-00000012: executing exchange ex-00000013 over http-outgoing-2
21:10:30.452 [main] DEBUG com.github.dockerjava.zerodep.shaded.org.apache.hc.client5.http.headers -- http-outgoing-2 >> POST /v1.32/containers/create HTTP/1.1
21:10:30.452 [main] DEBUG com.github.dockerjava.zerodep.shaded.org.apache.hc.client5.http.headers -- http-outgoing-2 >> X-Registry-Auth: eyJ1c2VybmFtZSI6ImFzdXJ6IiwicGFzc3dvcmQiOiJkY2tyX3BhdF9uaTZadWI4LXBBdllVaWhBbi11YVhXZWUwc00iLCJlbWFpbCI6bnVsbCwic2VydmVyYWRkcmVzcyI6Imh0dHBzOi8vaW5kZXguZG9ja2VyLmlvL3YxLyIsImF1dGgiOm51bGwsInJlZ2lzdHJ5dG9rZW4iOm51bGwsImlkZW50aXR5dG9rZW4iOm51bGwsInN0YWNrT3JjaGVzdHJhdG9yIjpudWxsfQ==
21:10:30.452 [main] DEBUG com.github.dockerjava.zerodep.shaded.org.apache.hc.client5.http.headers -- http-outgoing-2 >> accept: application/json
21:10:30.452 [main] DEBUG com.github.dockerjava.zerodep.shaded.org.apache.hc.client5.http.headers -- http-outgoing-2 >> content-type: application/json
21:10:30.452 [main] DEBUG com.github.dockerjava.zerodep.shaded.org.apache.hc.client5.http.headers -- http-outgoing-2 >> x-tc-sid: 2a607c29-9f73-4ad7-8e0e-ab764e999503
21:10:30.452 [main] DEBUG com.github.dockerjava.zerodep.shaded.org.apache.hc.client5.http.headers -- http-outgoing-2 >> User-Agent: tc-java/1.19.7
21:10:30.452 [main] DEBUG com.github.dockerjava.zerodep.shaded.org.apache.hc.client5.http.headers -- http-outgoing-2 >> Accept-Encoding: gzip, x-gzip, deflate
21:10:30.452 [main] DEBUG com.github.dockerjava.zerodep.shaded.org.apache.hc.client5.http.headers -- http-outgoing-2 >> Content-Length: 2064
21:10:30.452 [main] DEBUG com.github.dockerjava.zerodep.shaded.org.apache.hc.client5.http.headers -- http-outgoing-2 >> Host: localhost:2375
21:10:30.452 [main] DEBUG com.github.dockerjava.zerodep.shaded.org.apache.hc.client5.http.headers -- http-outgoing-2 >> Connection: keep-alive
21:10:30.452 [main] DEBUG com.github.dockerjava.zerodep.shaded.org.apache.hc.client5.http.wire -- http-outgoing-2 >> "POST /v1.32/containers/create HTTP/1.1[\r][\n]"
21:10:30.452 [main] DEBUG com.github.dockerjava.zerodep.shaded.org.apache.hc.client5.http.wire -- http-outgoing-2 >> "X-Registry-Auth: eyJ1c2VybmFtZSI6ImFzdXJ6IiwicGFzc3dvcmQiOiJkY2tyX3BhdF9uaTZadWI4LXBBdllVaWhBbi11YVhXZWUwc00iLCJlbWFpbCI6bnVsbCwic2VydmVyYWRkcmVzcyI6Imh0dHBzOi8vaW5kZXguZG9ja2VyLmlvL3YxLyIsImF1dGgiOm51bGwsInJlZ2lzdHJ5dG9rZW4iOm51bGwsImlkZW50aXR5dG9rZW4iOm51bGwsInN0YWNrT3JjaGVzdHJhdG9yIjpudWxsfQ==[\r][\n]"
21:10:30.452 [main] DEBUG com.github.dockerjava.zerodep.shaded.org.apache.hc.client5.http.wire -- http-outgoing-2 >> "accept: application/json[\r][\n]"
21:10:30.452 [main] DEBUG com.github.dockerjava.zerodep.shaded.org.apache.hc.client5.http.wire -- http-outgoing-2 >> "content-type: application/json[\r][\n]"
21:10:30.452 [main] DEBUG com.github.dockerjava.zerodep.shaded.org.apache.hc.client5.http.wire -- http-outgoing-2 >> "x-tc-sid: 2a607c29-9f73-4ad7-8e0e-ab764e999503[\r][\n]"
21:10:30.452 [main] DEBUG com.github.dockerjava.zerodep.shaded.org.apache.hc.client5.http.wire -- http-outgoing-2 >> "User-Agent: tc-java/1.19.7[\r][\n]"
21:10:30.452 [main] DEBUG com.github.dockerjava.zerodep.shaded.org.apache.hc.client5.http.wire -- http-outgoing-2 >> "Accept-Encoding: gzip, x-gzip, deflate[\r][\n]"
21:10:30.452 [main] DEBUG com.github.dockerjava.zerodep.shaded.org.apache.hc.client5.http.wire -- http-outgoing-2 >> "Content-Length: 2064[\r][\n]"
21:10:30.452 [main] DEBUG com.github.dockerjava.zerodep.shaded.org.apache.hc.client5.http.wire -- http-outgoing-2 >> "Host: localhost:2375[\r][\n]"
21:10:30.452 [main] DEBUG com.github.dockerjava.zerodep.shaded.org.apache.hc.client5.http.wire -- http-outgoing-2 >> "Connection: keep-alive[\r][\n]"
21:10:30.459 [main] DEBUG com.github.dockerjava.zerodep.shaded.org.apache.hc.client5.http.wire -- http-outgoing-2 >> "[\r][\n]"
21:10:30.459 [main] DEBUG com.github.dockerjava.zerodep.shaded.org.apache.hc.client5.http.wire -- http-outgoing-2 >> "{"Hostname":null,"Domainname":null,"User":null,"AttachStdin":null,"AttachStdout":null,"AttachStderr":null,"PortSpecs":null,"Tty":null,"OpenStdin":null,"StdinOnce":null,"Env":["POSTGRES_USER=postgres","POSTGRES_PASSWORD=password","POSTGRES_DB=petdb"],"Cmd":["postgres","-c","fsync=off"],"Healthcheck":null,"ArgsEscaped":null,"Entrypoint":null,"Image":"postgres:15","Volumes":{},"WorkingDir":null,"MacAddress":null,"OnBuild":null,"NetworkDisabled":null,"ExposedPorts":{"5432/tcp":{}},"StopSignal":null,"StopTimeout":null,"HostConfig":{"Binds":[],"BlkioWeight":null,"BlkioWeightDevice":null,"BlkioDeviceReadBps":null,"BlkioDeviceWriteBps":null,"BlkioDeviceReadIOps":null,"BlkioDeviceWriteIOps":null,"MemorySwappiness":null,"NanoCpus":null,"CapAdd":null,"CapDrop":null,"ContainerIDFile":null,"CpuPeriod":null,"CpuRealtimePeriod":null,"CpuRealtimeRuntime":null,"CpuShares":null,"CpuQuota":null,"CpusetCpus":null,"CpusetMems":null,"Devices":null,"DeviceCgroupRules":null,"DeviceRequests":null,"DiskQuota":null,"Dns":null,"DnsOptions":null,"DnsSearch":null,"ExtraHosts":[],"GroupAdd":null,"IpcMode":null,"Cgroup":null,"Links":[],"LogConfig":null,"LxcConf":null,"Memory":null,"MemorySwap":null,"MemoryReservation":null,"KernelMemory":null,"NetworkMode":null,"OomKillDisable":null,"Init":null,"AutoRemove":null,"OomScoreAdj":null,"PortBindings":{"5432/tcp":[{"HostIp":"","HostPort":""}]},"Privileged":null,"PublishAllPorts":null,"ReadonlyRootfs":null,"RestartPolicy":null,"Ulimits":null,"CpuCount":null,"CpuPercent":null,"IOMaximumIOps":null,"IOMaximumBandwidth":null,"VolumesFrom":[],"Mounts":null,"PidMode":null,"Isolation":null,"SecurityOpt":null,"StorageOpt":null,"CgroupParent":null,"VolumeDriver":null,"ShmSize":null,"PidsLimit":null,"Runtime":null,"Tmpfs":null,"UTSMode":null,"UsernsMode":null,"Sysctls":null,"ConsoleSize":null,"CgroupnsMode":null},"Labels":{"org.testcontainers":"true","org.testcontainers.lang":"java","org.testcontainers.version":"1.19.7","org.testcontainers.sessionId":"2a607c29-9f73-4ad7-8e0e-ab764e999503"},"Shell":null,"NetworkingConfig":null}"
21:10:30.842 [main] DEBUG com.github.dockerjava.zerodep.shaded.org.apache.hc.client5.http.wire -- http-outgoing-2 << "HTTP/1.1 201 Created[\r][\n]"
21:10:30.843 [main] DEBUG com.github.dockerjava.zerodep.shaded.org.apache.hc.client5.http.wire -- http-outgoing-2 << "Api-Version: 1.47[\r][\n]"
21:10:30.843 [main] DEBUG com.github.dockerjava.zerodep.shaded.org.apache.hc.client5.http.wire -- http-outgoing-2 << "Content-Type: application/json[\r][\n]"
21:10:30.843 [main] DEBUG com.github.dockerjava.zerodep.shaded.org.apache.hc.client5.http.wire -- http-outgoing-2 << "Date: Fri, 09 May 2025 18:10:30 GMT[\r][\n]"
21:10:30.843 [main] DEBUG com.github.dockerjava.zerodep.shaded.org.apache.hc.client5.http.wire -- http-outgoing-2 << "Docker-Experimental: false[\r][\n]"
21:10:30.843 [main] DEBUG com.github.dockerjava.zerodep.shaded.org.apache.hc.client5.http.wire -- http-outgoing-2 << "Ostype: linux[\r][\n]"
21:10:30.843 [main] DEBUG com.github.dockerjava.zerodep.shaded.org.apache.hc.client5.http.wire -- http-outgoing-2 << "Server: Docker/27.3.1 (linux)[\r][\n]"
21:10:30.843 [main] DEBUG com.github.dockerjava.zerodep.shaded.org.apache.hc.client5.http.wire -- http-outgoing-2 << "Transfer-Encoding: chunked[\r][\n]"
21:10:30.843 [main] DEBUG com.github.dockerjava.zerodep.shaded.org.apache.hc.client5.http.wire -- http-outgoing-2 << "[\r][\n]"
21:10:30.843 [main] DEBUG com.github.dockerjava.zerodep.shaded.org.apache.hc.client5.http.headers -- http-outgoing-2 << HTTP/1.1 201 Created
21:10:30.843 [main] DEBUG com.github.dockerjava.zerodep.shaded.org.apache.hc.client5.http.headers -- http-outgoing-2 << Api-Version: 1.47
21:10:30.843 [main] DEBUG com.github.dockerjava.zerodep.shaded.org.apache.hc.client5.http.headers -- http-outgoing-2 << Content-Type: application/json
21:10:30.843 [main] DEBUG com.github.dockerjava.zerodep.shaded.org.apache.hc.client5.http.headers -- http-outgoing-2 << Date: Fri, 09 May 2025 18:10:30 GMT
21:10:30.843 [main] DEBUG com.github.dockerjava.zerodep.shaded.org.apache.hc.client5.http.headers -- http-outgoing-2 << Docker-Experimental: false
21:10:30.843 [main] DEBUG com.github.dockerjava.zerodep.shaded.org.apache.hc.client5.http.headers -- http-outgoing-2 << Ostype: linux
21:10:30.843 [main] DEBUG com.github.dockerjava.zerodep.shaded.org.apache.hc.client5.http.headers -- http-outgoing-2 << Server: Docker/27.3.1 (linux)
21:10:30.843 [main] DEBUG com.github.dockerjava.zerodep.shaded.org.apache.hc.client5.http.headers -- http-outgoing-2 << Transfer-Encoding: chunked
21:10:30.844 [main] DEBUG com.github.dockerjava.zerodep.shaded.org.apache.hc.client5.http.impl.classic.MainClientExec -- ex-00000013: connection can be kept alive for 3 MINUTES
21:10:30.844 [main] DEBUG com.github.dockerjava.zerodep.shaded.org.apache.hc.client5.http.wire -- http-outgoing-2 << "58[\r][\n]"
21:10:30.844 [main] DEBUG com.github.dockerjava.zerodep.shaded.org.apache.hc.client5.http.wire -- http-outgoing-2 << "{"Id":"19e247a3c356f3aaa864df104231944521fad30219e573ee85495acd7eafbbb4","Warnings":[]}[\n]"
21:10:30.844 [main] DEBUG com.github.dockerjava.zerodep.shaded.org.apache.hc.client5.http.wire -- http-outgoing-2 << "[\r][\n]"
21:10:30.844 [main] DEBUG com.github.dockerjava.zerodep.shaded.org.apache.hc.client5.http.wire -- http-outgoing-2 << "0[\r][\n]"
21:10:30.844 [main] DEBUG com.github.dockerjava.zerodep.shaded.org.apache.hc.client5.http.wire -- http-outgoing-2 << "[\r][\n]"
21:10:30.845 [main] DEBUG com.github.dockerjava.zerodep.shaded.org.apache.hc.client5.http.impl.classic.InternalHttpClient -- ep-00000012: releasing valid endpoint
21:10:30.845 [main] DEBUG com.github.dockerjava.zerodep.shaded.org.apache.hc.client5.http.impl.io.PoolingHttpClientConnectionManager -- ep-00000012: releasing endpoint
21:10:30.845 [main] DEBUG com.github.dockerjava.zerodep.shaded.org.apache.hc.client5.http.impl.io.PoolingHttpClientConnectionManager -- ep-00000012: connection http-outgoing-2 can be kept alive for 3 MINUTES
21:10:30.845 [main] DEBUG com.github.dockerjava.zerodep.shaded.org.apache.hc.client5.http.impl.io.PoolingHttpClientConnectionManager -- ep-00000012: connection released [route: {}->npipe://localhost:2375][total available: 1; route allocated: 1 of 2147483647; total allocated: 1 of 2147483647]
21:10:30.845 [main] INFO tc.postgres:15 -- Container postgres:15 is starting: 19e247a3c356f3aaa864df104231944521fad30219e573ee85495acd7eafbbb4
21:10:30.845 [main] DEBUG org.testcontainers.shaded.com.github.dockerjava.core.command.AbstrDockerCmd -- Cmd: 19e247a3c356f3aaa864df104231944521fad30219e573ee85495acd7eafbbb4
21:10:30.846 [main] DEBUG com.github.dockerjava.zerodep.shaded.org.apache.hc.client5.http.impl.classic.InternalHttpClient -- ex-00000014: preparing request execution
21:10:30.846 [main] DEBUG com.github.dockerjava.zerodep.shaded.org.apache.hc.client5.http.protocol.RequestAddCookies -- Cookie spec selected: strict
21:10:30.846 [main] DEBUG com.github.dockerjava.zerodep.shaded.org.apache.hc.client5.http.protocol.RequestAuthCache -- Auth cache not set in the context
21:10:30.846 [main] DEBUG com.github.dockerjava.zerodep.shaded.org.apache.hc.client5.http.impl.classic.ProtocolExec -- ex-00000014: target auth state: UNCHALLENGED
21:10:30.846 [main] DEBUG com.github.dockerjava.zerodep.shaded.org.apache.hc.client5.http.impl.classic.ProtocolExec -- ex-00000014: proxy auth state: UNCHALLENGED
21:10:30.846 [main] DEBUG com.github.dockerjava.zerodep.shaded.org.apache.hc.client5.http.impl.classic.ConnectExec -- ex-00000014: acquiring connection with route {}->npipe://localhost:2375
21:10:30.846 [main] DEBUG com.github.dockerjava.zerodep.shaded.org.apache.hc.client5.http.impl.classic.InternalHttpClient -- ex-00000014: acquiring endpoint (3 MINUTES)
21:10:30.846 [main] DEBUG com.github.dockerjava.zerodep.shaded.org.apache.hc.client5.http.impl.io.PoolingHttpClientConnectionManager -- ex-00000014: endpoint lease request (3 MINUTES) [route: {}->npipe://localhost:2375][total available: 1; route allocated: 1 of 2147483647; total allocated: 1 of 2147483647]
21:10:30.847 [main] DEBUG com.github.dockerjava.zerodep.shaded.org.apache.hc.client5.http.impl.io.PoolingHttpClientConnectionManager -- ex-00000014: endpoint leased [route: {}->npipe://localhost:2375][total available: 0; route allocated: 1 of 2147483647; total allocated: 1 of 2147483647]
21:10:30.847 [main] DEBUG com.github.dockerjava.zerodep.shaded.org.apache.hc.client5.http.impl.io.PoolingHttpClientConnectionManager -- ex-00000014: acquired ep-00000013
21:10:30.847 [main] DEBUG com.github.dockerjava.zerodep.shaded.org.apache.hc.client5.http.impl.classic.InternalHttpClient -- ex-00000014: acquired endpoint ep-00000013
21:10:30.847 [main] DEBUG com.github.dockerjava.zerodep.shaded.org.apache.hc.client5.http.impl.classic.MainClientExec -- ex-00000014: executing POST /v1.32/containers/19e247a3c356f3aaa864df104231944521fad30219e573ee85495acd7eafbbb4/start HTTP/1.1
21:10:30.847 [main] DEBUG com.github.dockerjava.zerodep.shaded.org.apache.hc.client5.http.impl.classic.InternalHttpClient -- ep-00000013: start execution ex-00000014
21:10:30.847 [main] DEBUG com.github.dockerjava.zerodep.shaded.org.apache.hc.client5.http.impl.io.PoolingHttpClientConnectionManager -- ep-00000013: executing exchange ex-00000014 over http-outgoing-2
21:10:30.847 [main] DEBUG com.github.dockerjava.zerodep.shaded.org.apache.hc.client5.http.headers -- http-outgoing-2 >> POST /v1.32/containers/19e247a3c356f3aaa864df104231944521fad30219e573ee85495acd7eafbbb4/start HTTP/1.1
21:10:30.847 [main] DEBUG com.github.dockerjava.zerodep.shaded.org.apache.hc.client5.http.headers -- http-outgoing-2 >> accept: application/json
21:10:30.847 [main] DEBUG com.github.dockerjava.zerodep.shaded.org.apache.hc.client5.http.headers -- http-outgoing-2 >> content-type: application/json
21:10:30.847 [main] DEBUG com.github.dockerjava.zerodep.shaded.org.apache.hc.client5.http.headers -- http-outgoing-2 >> x-tc-sid: 2a607c29-9f73-4ad7-8e0e-ab764e999503
21:10:30.847 [main] DEBUG com.github.dockerjava.zerodep.shaded.org.apache.hc.client5.http.headers -- http-outgoing-2 >> User-Agent: tc-java/1.19.7
21:10:30.847 [main] DEBUG com.github.dockerjava.zerodep.shaded.org.apache.hc.client5.http.headers -- http-outgoing-2 >> Accept-Encoding: gzip, x-gzip, deflate
21:10:30.847 [main] DEBUG com.github.dockerjava.zerodep.shaded.org.apache.hc.client5.http.headers -- http-outgoing-2 >> Host: localhost:2375
21:10:30.847 [main] DEBUG com.github.dockerjava.zerodep.shaded.org.apache.hc.client5.http.headers -- http-outgoing-2 >> Connection: keep-alive
21:10:30.847 [main] DEBUG com.github.dockerjava.zerodep.shaded.org.apache.hc.client5.http.wire -- http-outgoing-2 >> "POST /v1.32/containers/19e247a3c356f3aaa864df104231944521fad30219e573ee85495acd7eafbbb4/start HTTP/1.1[\r][\n]"
21:10:30.847 [main] DEBUG com.github.dockerjava.zerodep.shaded.org.apache.hc.client5.http.wire -- http-outgoing-2 >> "accept: application/json[\r][\n]"
21:10:30.847 [main] DEBUG com.github.dockerjava.zerodep.shaded.org.apache.hc.client5.http.wire -- http-outgoing-2 >> "content-type: application/json[\r][\n]"
21:10:30.847 [main] DEBUG com.github.dockerjava.zerodep.shaded.org.apache.hc.client5.http.wire -- http-outgoing-2 >> "x-tc-sid: 2a607c29-9f73-4ad7-8e0e-ab764e999503[\r][\n]"
21:10:30.847 [main] DEBUG com.github.dockerjava.zerodep.shaded.org.apache.hc.client5.http.wire -- http-outgoing-2 >> "User-Agent: tc-java/1.19.7[\r][\n]"
21:10:30.847 [main] DEBUG com.github.dockerjava.zerodep.shaded.org.apache.hc.client5.http.wire -- http-outgoing-2 >> "Accept-Encoding: gzip, x-gzip, deflate[\r][\n]"
21:10:30.847 [main] DEBUG com.github.dockerjava.zerodep.shaded.org.apache.hc.client5.http.wire -- http-outgoing-2 >> "Host: localhost:2375[\r][\n]"
21:10:30.847 [main] DEBUG com.github.dockerjava.zerodep.shaded.org.apache.hc.client5.http.wire -- http-outgoing-2 >> "Connection: keep-alive[\r][\n]"
21:10:30.847 [main] DEBUG com.github.dockerjava.zerodep.shaded.org.apache.hc.client5.http.wire -- http-outgoing-2 >> "[\r][\n]"
21:10:31.364 [main] DEBUG com.github.dockerjava.zerodep.shaded.org.apache.hc.client5.http.wire -- http-outgoing-2 << "HTTP/1.1 204 No Content[\r][\n]"
21:10:31.364 [main] DEBUG com.github.dockerjava.zerodep.shaded.org.apache.hc.client5.http.wire -- http-outgoing-2 << "Api-Version: 1.47[\r][\n]"
21:10:31.364 [main] DEBUG com.github.dockerjava.zerodep.shaded.org.apache.hc.client5.http.wire -- http-outgoing-2 << "Date: Fri, 09 May 2025 18:10:31 GMT[\r][\n]"
21:10:31.364 [main] DEBUG com.github.dockerjava.zerodep.shaded.org.apache.hc.client5.http.wire -- http-outgoing-2 << "Docker-Experimental: false[\r][\n]"
21:10:31.364 [main] DEBUG com.github.dockerjava.zerodep.shaded.org.apache.hc.client5.http.wire -- http-outgoing-2 << "Ostype: linux[\r][\n]"
21:10:31.364 [main] DEBUG com.github.dockerjava.zerodep.shaded.org.apache.hc.client5.http.wire -- http-outgoing-2 << "Server: Docker/27.3.1 (linux)[\r][\n]"
21:10:31.364 [main] DEBUG com.github.dockerjava.zerodep.shaded.org.apache.hc.client5.http.wire -- http-outgoing-2 << "[\r][\n]"
21:10:31.364 [main] DEBUG com.github.dockerjava.zerodep.shaded.org.apache.hc.client5.http.headers -- http-outgoing-2 << HTTP/1.1 204 No Content
21:10:31.364 [main] DEBUG com.github.dockerjava.zerodep.shaded.org.apache.hc.client5.http.headers -- http-outgoing-2 << Api-Version: 1.47
21:10:31.364 [main] DEBUG com.github.dockerjava.zerodep.shaded.org.apache.hc.client5.http.headers -- http-outgoing-2 << Date: Fri, 09 May 2025 18:10:31 GMT
21:10:31.364 [main] DEBUG com.github.dockerjava.zerodep.shaded.org.apache.hc.client5.http.headers -- http-outgoing-2 << Docker-Experimental: false
21:10:31.364 [main] DEBUG com.github.dockerjava.zerodep.shaded.org.apache.hc.client5.http.headers -- http-outgoing-2 << Ostype: linux
21:10:31.364 [main] DEBUG com.github.dockerjava.zerodep.shaded.org.apache.hc.client5.http.headers -- http-outgoing-2 << Server: Docker/27.3.1 (linux)
21:10:31.365 [main] DEBUG com.github.dockerjava.zerodep.shaded.org.apache.hc.client5.http.impl.classic.MainClientExec -- ex-00000014: connection can be kept alive for 3 MINUTES
21:10:31.366 [main] DEBUG com.github.dockerjava.zerodep.shaded.org.apache.hc.client5.http.impl.classic.InternalHttpClient -- ep-00000013: releasing valid endpoint
21:10:31.366 [main] DEBUG com.github.dockerjava.zerodep.shaded.org.apache.hc.client5.http.impl.io.PoolingHttpClientConnectionManager -- ep-00000013: releasing endpoint
21:10:31.366 [main] DEBUG com.github.dockerjava.zerodep.shaded.org.apache.hc.client5.http.impl.io.PoolingHttpClientConnectionManager -- ep-00000013: connection http-outgoing-2 can be kept alive for 3 MINUTES
21:10:31.366 [main] DEBUG com.github.dockerjava.zerodep.shaded.org.apache.hc.client5.http.impl.io.PoolingHttpClientConnectionManager -- ep-00000013: connection released [route: {}->npipe://localhost:2375][total available: 1; route allocated: 1 of 2147483647; total allocated: 1 of 2147483647]
21:10:31.366 [main] DEBUG org.testcontainers.shaded.com.github.dockerjava.core.command.AbstrDockerCmd -- Cmd: 19e247a3c356f3aaa864df104231944521fad30219e573ee85495acd7eafbbb4,false
21:10:31.367 [main] DEBUG org.testcontainers.shaded.com.github.dockerjava.core.exec.InspectContainerCmdExec -- GET: DefaultWebTarget{path=[/containers/19e247a3c356f3aaa864df104231944521fad30219e573ee85495acd7eafbbb4/json], queryParams={}}
21:10:31.367 [main] DEBUG com.github.dockerjava.zerodep.shaded.org.apache.hc.client5.http.impl.classic.InternalHttpClient -- ex-00000015: preparing request execution
21:10:31.367 [main] DEBUG com.github.dockerjava.zerodep.shaded.org.apache.hc.client5.http.protocol.RequestAddCookies -- Cookie spec selected: strict
21:10:31.367 [main] DEBUG com.github.dockerjava.zerodep.shaded.org.apache.hc.client5.http.protocol.RequestAuthCache -- Auth cache not set in the context
21:10:31.367 [main] DEBUG com.github.dockerjava.zerodep.shaded.org.apache.hc.client5.http.impl.classic.ProtocolExec -- ex-00000015: target auth state: UNCHALLENGED
21:10:31.367 [main] DEBUG com.github.dockerjava.zerodep.shaded.org.apache.hc.client5.http.impl.classic.ProtocolExec -- ex-00000015: proxy auth state: UNCHALLENGED
21:10:31.367 [main] DEBUG com.github.dockerjava.zerodep.shaded.org.apache.hc.client5.http.impl.classic.ConnectExec -- ex-00000015: acquiring connection with route {}->npipe://localhost:2375
21:10:31.367 [main] DEBUG com.github.dockerjava.zerodep.shaded.org.apache.hc.client5.http.impl.classic.InternalHttpClient -- ex-00000015: acquiring endpoint (3 MINUTES)
21:10:31.367 [main] DEBUG com.github.dockerjava.zerodep.shaded.org.apache.hc.client5.http.impl.io.PoolingHttpClientConnectionManager -- ex-00000015: endpoint lease request (3 MINUTES) [route: {}->npipe://localhost:2375][total available: 1; route allocated: 1 of 2147483647; total allocated: 1 of 2147483647]
21:10:31.368 [main] DEBUG com.github.dockerjava.zerodep.shaded.org.apache.hc.client5.http.impl.io.PoolingHttpClientConnectionManager -- ex-00000015: endpoint leased [route: {}->npipe://localhost:2375][total available: 0; route allocated: 1 of 2147483647; total allocated: 1 of 2147483647]
21:10:31.368 [main] DEBUG com.github.dockerjava.zerodep.shaded.org.apache.hc.client5.http.impl.io.PoolingHttpClientConnectionManager -- ex-00000015: acquired ep-00000014
21:10:31.368 [main] DEBUG com.github.dockerjava.zerodep.shaded.org.apache.hc.client5.http.impl.classic.InternalHttpClient -- ex-00000015: acquired endpoint ep-00000014
21:10:31.368 [main] DEBUG com.github.dockerjava.zerodep.shaded.org.apache.hc.client5.http.impl.classic.MainClientExec -- ex-00000015: executing GET /v1.32/containers/19e247a3c356f3aaa864df104231944521fad30219e573ee85495acd7eafbbb4/json HTTP/1.1
21:10:31.368 [main] DEBUG com.github.dockerjava.zerodep.shaded.org.apache.hc.client5.http.impl.classic.InternalHttpClient -- ep-00000014: start execution ex-00000015
21:10:31.368 [main] DEBUG com.github.dockerjava.zerodep.shaded.org.apache.hc.client5.http.impl.io.PoolingHttpClientConnectionManager -- ep-00000014: executing exchange ex-00000015 over http-outgoing-2
21:10:31.368 [main] DEBUG com.github.dockerjava.zerodep.shaded.org.apache.hc.client5.http.headers -- http-outgoing-2 >> GET /v1.32/containers/19e247a3c356f3aaa864df104231944521fad30219e573ee85495acd7eafbbb4/json HTTP/1.1
21:10:31.368 [main] DEBUG com.github.dockerjava.zerodep.shaded.org.apache.hc.client5.http.headers -- http-outgoing-2 >> accept: application/json
21:10:31.368 [main] DEBUG com.github.dockerjava.zerodep.shaded.org.apache.hc.client5.http.headers -- http-outgoing-2 >> x-tc-sid: 2a607c29-9f73-4ad7-8e0e-ab764e999503
21:10:31.368 [main] DEBUG com.github.dockerjava.zerodep.shaded.org.apache.hc.client5.http.headers -- http-outgoing-2 >> User-Agent: tc-java/1.19.7
21:10:31.368 [main] DEBUG com.github.dockerjava.zerodep.shaded.org.apache.hc.client5.http.headers -- http-outgoing-2 >> Accept-Encoding: gzip, x-gzip, deflate
21:10:31.368 [main] DEBUG com.github.dockerjava.zerodep.shaded.org.apache.hc.client5.http.headers -- http-outgoing-2 >> Host: localhost:2375
21:10:31.368 [main] DEBUG com.github.dockerjava.zerodep.shaded.org.apache.hc.client5.http.headers -- http-outgoing-2 >> Connection: keep-alive
21:10:31.368 [main] DEBUG com.github.dockerjava.zerodep.shaded.org.apache.hc.client5.http.wire -- http-outgoing-2 >> "GET /v1.32/containers/19e247a3c356f3aaa864df104231944521fad30219e573ee85495acd7eafbbb4/json HTTP/1.1[\r][\n]"
21:10:31.368 [main] DEBUG com.github.dockerjava.zerodep.shaded.org.apache.hc.client5.http.wire -- http-outgoing-2 >> "accept: application/json[\r][\n]"
21:10:31.368 [main] DEBUG com.github.dockerjava.zerodep.shaded.org.apache.hc.client5.http.wire -- http-outgoing-2 >> "x-tc-sid: 2a607c29-9f73-4ad7-8e0e-ab764e999503[\r][\n]"
21:10:31.368 [main] DEBUG com.github.dockerjava.zerodep.shaded.org.apache.hc.client5.http.wire -- http-outgoing-2 >> "User-Agent: tc-java/1.19.7[\r][\n]"
21:10:31.368 [main] DEBUG com.github.dockerjava.zerodep.shaded.org.apache.hc.client5.http.wire -- http-outgoing-2 >> "Accept-Encoding: gzip, x-gzip, deflate[\r][\n]"
21:10:31.368 [main] DEBUG com.github.dockerjava.zerodep.shaded.org.apache.hc.client5.http.wire -- http-outgoing-2 >> "Host: localhost:2375[\r][\n]"
21:10:31.368 [main] DEBUG com.github.dockerjava.zerodep.shaded.org.apache.hc.client5.http.wire -- http-outgoing-2 >> "Connection: keep-alive[\r][\n]"
21:10:31.368 [main] DEBUG com.github.dockerjava.zerodep.shaded.org.apache.hc.client5.http.wire -- http-outgoing-2 >> "[\r][\n]"
21:10:31.373 [main] DEBUG com.github.dockerjava.zerodep.shaded.org.apache.hc.client5.http.wire -- http-outgoing-2 << "HTTP/1.1 200 OK[\r][\n]"
21:10:31.373 [main] DEBUG com.github.dockerjava.zerodep.shaded.org.apache.hc.client5.http.wire -- http-outgoing-2 << "Api-Version: 1.47[\r][\n]"
21:10:31.373 [main] DEBUG com.github.dockerjava.zerodep.shaded.org.apache.hc.client5.http.wire -- http-outgoing-2 << "Content-Type: application/json[\r][\n]"
21:10:31.373 [main] DEBUG com.github.dockerjava.zerodep.shaded.org.apache.hc.client5.http.wire -- http-outgoing-2 << "Date: Fri, 09 May 2025 18:10:31 GMT[\r][\n]"
21:10:31.373 [main] DEBUG com.github.dockerjava.zerodep.shaded.org.apache.hc.client5.http.wire -- http-outgoing-2 << "Docker-Experimental: false[\r][\n]"
21:10:31.373 [main] DEBUG com.github.dockerjava.zerodep.shaded.org.apache.hc.client5.http.wire -- http-outgoing-2 << "Ostype: linux[\r][\n]"
21:10:31.374 [main] DEBUG com.github.dockerjava.zerodep.shaded.org.apache.hc.client5.http.wire -- http-outgoing-2 << "Server: Docker/27.3.1 (linux)[\r][\n]"
21:10:31.374 [main] DEBUG com.github.dockerjava.zerodep.shaded.org.apache.hc.client5.http.wire -- http-outgoing-2 << "Transfer-Encoding: chunked[\r][\n]"
21:10:31.374 [main] DEBUG com.github.dockerjava.zerodep.shaded.org.apache.hc.client5.http.wire -- http-outgoing-2 << "[\r][\n]"
21:10:31.374 [main] DEBUG com.github.dockerjava.zerodep.shaded.org.apache.hc.client5.http.headers -- http-outgoing-2 << HTTP/1.1 200 OK
21:10:31.374 [main] DEBUG com.github.dockerjava.zerodep.shaded.org.apache.hc.client5.http.headers -- http-outgoing-2 << Api-Version: 1.47
21:10:31.374 [main] DEBUG com.github.dockerjava.zerodep.shaded.org.apache.hc.client5.http.headers -- http-outgoing-2 << Content-Type: application/json
21:10:31.374 [main] DEBUG com.github.dockerjava.zerodep.shaded.org.apache.hc.client5.http.headers -- http-outgoing-2 << Date: Fri, 09 May 2025 18:10:31 GMT
21:10:31.374 [main] DEBUG com.github.dockerjava.zerodep.shaded.org.apache.hc.client5.http.headers -- http-outgoing-2 << Docker-Experimental: false
21:10:31.374 [main] DEBUG com.github.dockerjava.zerodep.shaded.org.apache.hc.client5.http.headers -- http-outgoing-2 << Ostype: linux
21:10:31.374 [main] DEBUG com.github.dockerjava.zerodep.shaded.org.apache.hc.client5.http.headers -- http-outgoing-2 << Server: Docker/27.3.1 (linux)
21:10:31.374 [main] DEBUG com.github.dockerjava.zerodep.shaded.org.apache.hc.client5.http.headers -- http-outgoing-2 << Transfer-Encoding: chunked
21:10:31.374 [main] DEBUG com.github.dockerjava.zerodep.shaded.org.apache.hc.client5.http.impl.classic.MainClientExec -- ex-00000015: connection can be kept alive for 3 MINUTES
21:10:31.375 [main] DEBUG com.github.dockerjava.zerodep.shaded.org.apache.hc.client5.http.wire -- http-outgoing-2 << "132e[\r][\n]"
21:10:31.376 [main] DEBUG com.github.dockerjava.zerodep.shaded.org.apache.hc.client5.http.wire -- http-outgoing-2 << "{"Id":"19e247a3c356f3aaa864df104231944521fad30219e573ee85495acd7eafbbb4","Created":"2025-05-09T18:10:30.536411731Z","Path":"docker-entrypoint.sh","Args":["postgres","-c","fsync=off"],"State":{"Status":"running","Running":true,"Paused":false,"Restarting":false,"OOMKilled":false,"Dead":false,"Pid":2044,"ExitCode":0,"Error":"","StartedAt":"2025-05-09T18:10:30.969097218Z","FinishedAt":"0001-01-01T00:00:00Z"},"Image":"sha256:fe45ed1a824b81c0c9c605890963b67501758ca8c946db89089c85ce0f88e974","ResolvConfPath":"/var/lib/docker/containers/19e247a3c356f3aaa864df104231944521fad30219e573ee85495acd7eafbbb4/resolv.conf","HostnamePath":"/var/lib/docker/containers/19e247a3c356f3aaa864df104231944521fad30219e573ee85495acd7eafbbb4/hostname","HostsPath":"/var/lib/docker/containers/19e247a3c356f3aaa864df104231944521fad30219e573ee85495acd7eafbbb4/hosts","LogPath":"/var/lib/docker/containers/19e247a3c356f3aaa864df104231944521fad30219e573ee85495acd7eafbbb4/19e247a3c356f3aaa864df104231944521fad30219e573ee85495acd7eafbbb4-json.log","Name":"/agitated_kalam","RestartCount":0,"Driver":"overlayfs","Platform":"linux","MountLabel":"","ProcessLabel":"","AppArmorProfile":"","ExecIDs":null,"HostConfig":{"Binds":[],"ContainerIDFile":"","LogConfig":{"Type":"json-file","Config":{}},"NetworkMode":"bridge","PortBindings":{"5432/tcp":[{"HostIp":"0.0.0.0","HostPort":"0"}]},"RestartPolicy":{"Name":"no","MaximumRetryCount":0},"AutoRemove":false,"VolumeDriver":"","VolumesFrom":[],"ConsoleSize":[0,0],"CapAdd":null,"CapDrop":null,"CgroupnsMode":"host","Dns":null,"DnsOptions":null,"DnsSearch":null,"ExtraHosts":[],"GroupAdd":null,"IpcMode":"shareable","Cgroup":"","Links":null,"OomScoreAdj":0,"PidMode":"","Privileged":false,"PublishAllPorts":false,"ReadonlyRootfs":false,"SecurityOpt":null,"UTSMode":"","UsernsMode":"","ShmSize":67108864,"Runtime":"runc","Isolation":"","CpuShares":0,"Memory":0,"NanoCpus":0,"CgroupParent":"","BlkioWeight":0,"BlkioWeightDevice":null,"BlkioDeviceReadBps":null,"BlkioDeviceWriteBps":null,"BlkioDeviceReadIOps":null,"BlkioDeviceWriteIOps":null,"CpuPeriod":0,"CpuQuota":0,"CpuRealtimePeriod":0,"CpuRealtimeRuntime":0,"CpusetCpus":"","CpusetMems":"","Devices":null,"DeviceCgroupRules":null,"DeviceRequests":null,"MemoryReservation":0,"MemorySwap":0,"MemorySwappiness":null,"OomKillDisable":false,"PidsLimit":null,"Ulimits":null,"CpuCount":0,"CpuPercent":0,"IOMaximumIOps":0,"IOMaximumBandwidth":0,"MaskedPaths":["/proc/asound","/proc/acpi","/proc/kcore","/proc/keys","/proc/latency_stats","/proc/timer_list","/proc/timer_stats","/proc/sched_debug","/proc/scsi","/sys/firmware","/sys/devices/virtual/powercap"],"ReadonlyPaths":["/proc/bus","/proc/fs","/proc/irq","/proc/sys","/proc/sysrq-trigger"]},"GraphDriver":{"Data":null,"Name":"overlayfs"},"Mounts":[{"Type":"volume","Name":"30413ef7a75de957c4882023f3dff48f8fe3e412514a6634ed16f1b4830afea6","Source":"/var/lib/docker/volumes/30413ef7a75de957c4882023f3dff48f8fe3e412514a6634ed16f1b4830afea6/_data","Destination":"/var/lib/postgresql/data","Driver":"local","Mode":"","RW":true,"Propagation":""}],"Config":{"Hostname":"19e247a3c356","Domainname":"","User":"","AttachStdin":false,"AttachStdout":false,"AttachStderr":false,"ExposedPorts":{"5432/tcp":{}},"Tty":false,"OpenStdin":false,"StdinOnce":false,"Env":["POSTGRES_USER=postgres","POSTGRES_PASSWORD=password","POSTGRES_DB=petdb","PATH=/usr/local/sbin:/usr/local/bin:/usr/sbin:/usr/bin:/sbin:/bin:/usr/lib/postgresql/15/bin","GOSU_VERSION=1.17","LANG=en_US.utf8","PG_MAJOR=15","PG_VERSION=15.12-1.pgdg120+1","PGDATA=/var/lib/postgresql/data"],"Cmd":["postgres","-c","fsync=off"],"Image":"postgres:15","Volumes":{"/var/lib/postgresql/data":{}},"WorkingDir":"","Entrypoint":["docker-entrypoint.sh"],"OnBuild":null,"Labels":{"org.testcontainers":"true","org.testcontainers.lang":"java","org.testcontainers.sessionId":"2a607c29-9f73-4ad7-8e0e-ab764e999503","org.testcontainers.version":"1.19.7"},"StopSignal":"SIGINT"},"NetworkSettings":{"Bridge":"","SandboxID":"6c378286c242f15e36c274d08af039b609de23adf77f45282f517be28fd26fbd","SandboxKey":"/var/run/docker/netns/6c378286c242","Por"
21:10:31.377 [main] DEBUG com.github.dockerjava.zerodep.shaded.org.apache.hc.client5.http.wire -- http-outgoing-2 << "ts":{"5432/tcp":[]},"HairpinMode":false,"LinkLocalIPv6Address":"","LinkLocalIPv6PrefixLen":0,"SecondaryIPAddresses":null,"SecondaryIPv6Addresses":null,"EndpointID":"96a9e768cec47b146947b57b3830d018c938a701dd2e8218423c1047252aa4c4","Gateway":"172.17.0.1","GlobalIPv6Address":"","GlobalIPv6PrefixLen":0,"IPAddress":"172.17.0.4","IPPrefixLen":16,"IPv6Gateway":"","MacAddress":"02:42:ac:11:00:04","Networks":{"bridge":{"IPAMConfig":null,"Links":null,"Aliases":null,"MacAddress":"02:42:ac:11:00:04","DriverOpts":null,"NetworkID":"f0594820a60c9d6c1293e01ac8a804eac606a0cdb0dcd01c085bc8a3a64632ab","EndpointID":"96a9e768cec47b146947b57b3830d018c938a701dd2e8218423c1047252aa4c4","Gateway":"172.17.0.1","IPAddress":"172.17.0.4","IPPrefixLen":16,"IPv6Gateway":"","GlobalIPv6Address":"","GlobalIPv6PrefixLen":0,"DNSNames":null}}}}[\n]"
21:10:31.379 [main] DEBUG com.github.dockerjava.zerodep.shaded.org.apache.hc.client5.http.wire -- http-outgoing-2 << "[\r][\n]"
21:10:31.379 [main] DEBUG com.github.dockerjava.zerodep.shaded.org.apache.hc.client5.http.wire -- http-outgoing-2 << "0[\r][\n]"
21:10:31.379 [main] DEBUG com.github.dockerjava.zerodep.shaded.org.apache.hc.client5.http.wire -- http-outgoing-2 << "[\r][\n]"
21:10:31.379 [main] DEBUG com.github.dockerjava.zerodep.shaded.org.apache.hc.client5.http.impl.classic.InternalHttpClient -- ep-00000014: releasing valid endpoint
21:10:31.379 [main] DEBUG com.github.dockerjava.zerodep.shaded.org.apache.hc.client5.http.impl.io.PoolingHttpClientConnectionManager -- ep-00000014: releasing endpoint
21:10:31.379 [main] DEBUG com.github.dockerjava.zerodep.shaded.org.apache.hc.client5.http.impl.io.PoolingHttpClientConnectionManager -- ep-00000014: connection http-outgoing-2 can be kept alive for 3 MINUTES
21:10:31.379 [main] DEBUG com.github.dockerjava.zerodep.shaded.org.apache.hc.client5.http.impl.io.PoolingHttpClientConnectionManager -- ep-00000014: connection released [route: {}->npipe://localhost:2375][total available: 1; route allocated: 1 of 2147483647; total allocated: 1 of 2147483647]
21:10:31.417 [main] DEBUG org.testcontainers.shaded.com.github.dockerjava.core.command.AbstrDockerCmd -- Cmd: 19e247a3c356f3aaa864df104231944521fad30219e573ee85495acd7eafbbb4,false
21:10:31.417 [main] DEBUG org.testcontainers.shaded.com.github.dockerjava.core.exec.InspectContainerCmdExec -- GET: DefaultWebTarget{path=[/containers/19e247a3c356f3aaa864df104231944521fad30219e573ee85495acd7eafbbb4/json], queryParams={}}
21:10:31.419 [main] DEBUG com.github.dockerjava.zerodep.shaded.org.apache.hc.client5.http.impl.classic.InternalHttpClient -- ex-00000016: preparing request execution
21:10:31.419 [main] DEBUG com.github.dockerjava.zerodep.shaded.org.apache.hc.client5.http.protocol.RequestAddCookies -- Cookie spec selected: strict
21:10:31.419 [main] DEBUG com.github.dockerjava.zerodep.shaded.org.apache.hc.client5.http.protocol.RequestAuthCache -- Auth cache not set in the context
21:10:31.419 [main] DEBUG com.github.dockerjava.zerodep.shaded.org.apache.hc.client5.http.impl.classic.ProtocolExec -- ex-00000016: target auth state: UNCHALLENGED
21:10:31.419 [main] DEBUG com.github.dockerjava.zerodep.shaded.org.apache.hc.client5.http.impl.classic.ProtocolExec -- ex-00000016: proxy auth state: UNCHALLENGED
21:10:31.419 [main] DEBUG com.github.dockerjava.zerodep.shaded.org.apache.hc.client5.http.impl.classic.ConnectExec -- ex-00000016: acquiring connection with route {}->npipe://localhost:2375
21:10:31.419 [main] DEBUG com.github.dockerjava.zerodep.shaded.org.apache.hc.client5.http.impl.classic.InternalHttpClient -- ex-00000016: acquiring endpoint (3 MINUTES)
21:10:31.420 [main] DEBUG com.github.dockerjava.zerodep.shaded.org.apache.hc.client5.http.impl.io.PoolingHttpClientConnectionManager -- ex-00000016: endpoint lease request (3 MINUTES) [route: {}->npipe://localhost:2375][total available: 1; route allocated: 1 of 2147483647; total allocated: 1 of 2147483647]
21:10:31.420 [main] DEBUG com.github.dockerjava.zerodep.shaded.org.apache.hc.client5.http.impl.io.PoolingHttpClientConnectionManager -- ex-00000016: endpoint leased [route: {}->npipe://localhost:2375][total available: 0; route allocated: 1 of 2147483647; total allocated: 1 of 2147483647]
21:10:31.420 [main] DEBUG com.github.dockerjava.zerodep.shaded.org.apache.hc.client5.http.impl.io.PoolingHttpClientConnectionManager -- ex-00000016: acquired ep-00000015
21:10:31.420 [main] DEBUG com.github.dockerjava.zerodep.shaded.org.apache.hc.client5.http.impl.classic.InternalHttpClient -- ex-00000016: acquired endpoint ep-00000015
21:10:31.420 [main] DEBUG com.github.dockerjava.zerodep.shaded.org.apache.hc.client5.http.impl.classic.MainClientExec -- ex-00000016: executing GET /v1.32/containers/19e247a3c356f3aaa864df104231944521fad30219e573ee85495acd7eafbbb4/json HTTP/1.1
21:10:31.420 [main] DEBUG com.github.dockerjava.zerodep.shaded.org.apache.hc.client5.http.impl.classic.InternalHttpClient -- ep-00000015: start execution ex-00000016
21:10:31.420 [main] DEBUG com.github.dockerjava.zerodep.shaded.org.apache.hc.client5.http.impl.io.PoolingHttpClientConnectionManager -- ep-00000015: executing exchange ex-00000016 over http-outgoing-2
21:10:31.420 [main] DEBUG com.github.dockerjava.zerodep.shaded.org.apache.hc.client5.http.headers -- http-outgoing-2 >> GET /v1.32/containers/19e247a3c356f3aaa864df104231944521fad30219e573ee85495acd7eafbbb4/json HTTP/1.1
21:10:31.420 [main] DEBUG com.github.dockerjava.zerodep.shaded.org.apache.hc.client5.http.headers -- http-outgoing-2 >> accept: application/json
21:10:31.420 [main] DEBUG com.github.dockerjava.zerodep.shaded.org.apache.hc.client5.http.headers -- http-outgoing-2 >> x-tc-sid: 2a607c29-9f73-4ad7-8e0e-ab764e999503
21:10:31.420 [main] DEBUG com.github.dockerjava.zerodep.shaded.org.apache.hc.client5.http.headers -- http-outgoing-2 >> User-Agent: tc-java/1.19.7
21:10:31.420 [main] DEBUG com.github.dockerjava.zerodep.shaded.org.apache.hc.client5.http.headers -- http-outgoing-2 >> Accept-Encoding: gzip, x-gzip, deflate
21:10:31.420 [main] DEBUG com.github.dockerjava.zerodep.shaded.org.apache.hc.client5.http.headers -- http-outgoing-2 >> Host: localhost:2375
21:10:31.420 [main] DEBUG com.github.dockerjava.zerodep.shaded.org.apache.hc.client5.http.headers -- http-outgoing-2 >> Connection: keep-alive
21:10:31.421 [main] DEBUG com.github.dockerjava.zerodep.shaded.org.apache.hc.client5.http.wire -- http-outgoing-2 >> "GET /v1.32/containers/19e247a3c356f3aaa864df104231944521fad30219e573ee85495acd7eafbbb4/json HTTP/1.1[\r][\n]"
21:10:31.421 [main] DEBUG com.github.dockerjava.zerodep.shaded.org.apache.hc.client5.http.wire -- http-outgoing-2 >> "accept: application/json[\r][\n]"
21:10:31.421 [main] DEBUG com.github.dockerjava.zerodep.shaded.org.apache.hc.client5.http.wire -- http-outgoing-2 >> "x-tc-sid: 2a607c29-9f73-4ad7-8e0e-ab764e999503[\r][\n]"
21:10:31.421 [main] DEBUG com.github.dockerjava.zerodep.shaded.org.apache.hc.client5.http.wire -- http-outgoing-2 >> "User-Agent: tc-java/1.19.7[\r][\n]"
21:10:31.421 [main] DEBUG com.github.dockerjava.zerodep.shaded.org.apache.hc.client5.http.wire -- http-outgoing-2 >> "Accept-Encoding: gzip, x-gzip, deflate[\r][\n]"
21:10:31.421 [main] DEBUG com.github.dockerjava.zerodep.shaded.org.apache.hc.client5.http.wire -- http-outgoing-2 >> "Host: localhost:2375[\r][\n]"
21:10:31.421 [main] DEBUG com.github.dockerjava.zerodep.shaded.org.apache.hc.client5.http.wire -- http-outgoing-2 >> "Connection: keep-alive[\r][\n]"
21:10:31.421 [main] DEBUG com.github.dockerjava.zerodep.shaded.org.apache.hc.client5.http.wire -- http-outgoing-2 >> "[\r][\n]"
21:10:31.426 [main] DEBUG com.github.dockerjava.zerodep.shaded.org.apache.hc.client5.http.wire -- http-outgoing-2 << "HTTP/1.1 200 OK[\r][\n]"
21:10:31.426 [main] DEBUG com.github.dockerjava.zerodep.shaded.org.apache.hc.client5.http.wire -- http-outgoing-2 << "Api-Version: 1.47[\r][\n]"
21:10:31.426 [main] DEBUG com.github.dockerjava.zerodep.shaded.org.apache.hc.client5.http.wire -- http-outgoing-2 << "Content-Type: application/json[\r][\n]"
21:10:31.426 [main] DEBUG com.github.dockerjava.zerodep.shaded.org.apache.hc.client5.http.wire -- http-outgoing-2 << "Date: Fri, 09 May 2025 18:10:31 GMT[\r][\n]"
21:10:31.426 [main] DEBUG com.github.dockerjava.zerodep.shaded.org.apache.hc.client5.http.wire -- http-outgoing-2 << "Docker-Experimental: false[\r][\n]"
21:10:31.426 [main] DEBUG com.github.dockerjava.zerodep.shaded.org.apache.hc.client5.http.wire -- http-outgoing-2 << "Ostype: linux[\r][\n]"
21:10:31.426 [main] DEBUG com.github.dockerjava.zerodep.shaded.org.apache.hc.client5.http.wire -- http-outgoing-2 << "Server: Docker/27.3.1 (linux)[\r][\n]"
21:10:31.426 [main] DEBUG com.github.dockerjava.zerodep.shaded.org.apache.hc.client5.http.wire -- http-outgoing-2 << "Transfer-Encoding: chunked[\r][\n]"
21:10:31.426 [main] DEBUG com.github.dockerjava.zerodep.shaded.org.apache.hc.client5.http.wire -- http-outgoing-2 << "[\r][\n]"
21:10:31.426 [main] DEBUG com.github.dockerjava.zerodep.shaded.org.apache.hc.client5.http.headers -- http-outgoing-2 << HTTP/1.1 200 OK
21:10:31.426 [main] DEBUG com.github.dockerjava.zerodep.shaded.org.apache.hc.client5.http.headers -- http-outgoing-2 << Api-Version: 1.47
21:10:31.426 [main] DEBUG com.github.dockerjava.zerodep.shaded.org.apache.hc.client5.http.headers -- http-outgoing-2 << Content-Type: application/json
21:10:31.426 [main] DEBUG com.github.dockerjava.zerodep.shaded.org.apache.hc.client5.http.headers -- http-outgoing-2 << Date: Fri, 09 May 2025 18:10:31 GMT
21:10:31.426 [main] DEBUG com.github.dockerjava.zerodep.shaded.org.apache.hc.client5.http.headers -- http-outgoing-2 << Docker-Experimental: false
21:10:31.426 [main] DEBUG com.github.dockerjava.zerodep.shaded.org.apache.hc.client5.http.headers -- http-outgoing-2 << Ostype: linux
21:10:31.426 [main] DEBUG com.github.dockerjava.zerodep.shaded.org.apache.hc.client5.http.headers -- http-outgoing-2 << Server: Docker/27.3.1 (linux)
21:10:31.426 [main] DEBUG com.github.dockerjava.zerodep.shaded.org.apache.hc.client5.http.headers -- http-outgoing-2 << Transfer-Encoding: chunked
21:10:31.426 [main] DEBUG com.github.dockerjava.zerodep.shaded.org.apache.hc.client5.http.impl.classic.MainClientExec -- ex-00000016: connection can be kept alive for 3 MINUTES
21:10:31.428 [main] DEBUG com.github.dockerjava.zerodep.shaded.org.apache.hc.client5.http.wire -- http-outgoing-2 << "1355[\r][\n]"
21:10:31.428 [main] DEBUG com.github.dockerjava.zerodep.shaded.org.apache.hc.client5.http.wire -- http-outgoing-2 << "{"Id":"19e247a3c356f3aaa864df104231944521fad30219e573ee85495acd7eafbbb4","Created":"2025-05-09T18:10:30.536411731Z","Path":"docker-entrypoint.sh","Args":["postgres","-c","fsync=off"],"State":{"Status":"running","Running":true,"Paused":false,"Restarting":false,"OOMKilled":false,"Dead":false,"Pid":2044,"ExitCode":0,"Error":"","StartedAt":"2025-05-09T18:10:30.969097218Z","FinishedAt":"0001-01-01T00:00:00Z"},"Image":"sha256:fe45ed1a824b81c0c9c605890963b67501758ca8c946db89089c85ce0f88e974","ResolvConfPath":"/var/lib/docker/containers/19e247a3c356f3aaa864df104231944521fad30219e573ee85495acd7eafbbb4/resolv.conf","HostnamePath":"/var/lib/docker/containers/19e247a3c356f3aaa864df104231944521fad30219e573ee85495acd7eafbbb4/hostname","HostsPath":"/var/lib/docker/containers/19e247a3c356f3aaa864df104231944521fad30219e573ee85495acd7eafbbb4/hosts","LogPath":"/var/lib/docker/containers/19e247a3c356f3aaa864df104231944521fad30219e573ee85495acd7eafbbb4/19e247a3c356f3aaa864df104231944521fad30219e573ee85495acd7eafbbb4-json.log","Name":"/agitated_kalam","RestartCount":0,"Driver":"overlayfs","Platform":"linux","MountLabel":"","ProcessLabel":"","AppArmorProfile":"","ExecIDs":null,"HostConfig":{"Binds":[],"ContainerIDFile":"","LogConfig":{"Type":"json-file","Config":{}},"NetworkMode":"bridge","PortBindings":{"5432/tcp":[{"HostIp":"0.0.0.0","HostPort":"0"}]},"RestartPolicy":{"Name":"no","MaximumRetryCount":0},"AutoRemove":false,"VolumeDriver":"","VolumesFrom":[],"ConsoleSize":[0,0],"CapAdd":null,"CapDrop":null,"CgroupnsMode":"host","Dns":null,"DnsOptions":null,"DnsSearch":null,"ExtraHosts":[],"GroupAdd":null,"IpcMode":"shareable","Cgroup":"","Links":null,"OomScoreAdj":0,"PidMode":"","Privileged":false,"PublishAllPorts":false,"ReadonlyRootfs":false,"SecurityOpt":null,"UTSMode":"","UsernsMode":"","ShmSize":67108864,"Runtime":"runc","Isolation":"","CpuShares":0,"Memory":0,"NanoCpus":0,"CgroupParent":"","BlkioWeight":0,"BlkioWeightDevice":null,"BlkioDeviceReadBps":null,"BlkioDeviceWriteBps":null,"BlkioDeviceReadIOps":null,"BlkioDeviceWriteIOps":null,"CpuPeriod":0,"CpuQuota":0,"CpuRealtimePeriod":0,"CpuRealtimeRuntime":0,"CpusetCpus":"","CpusetMems":"","Devices":null,"DeviceCgroupRules":null,"DeviceRequests":null,"MemoryReservation":0,"MemorySwap":0,"MemorySwappiness":null,"OomKillDisable":false,"PidsLimit":null,"Ulimits":null,"CpuCount":0,"CpuPercent":0,"IOMaximumIOps":0,"IOMaximumBandwidth":0,"MaskedPaths":["/proc/asound","/proc/acpi","/proc/kcore","/proc/keys","/proc/latency_stats","/proc/timer_list","/proc/timer_stats","/proc/sched_debug","/proc/scsi","/sys/firmware","/sys/devices/virtual/powercap"],"ReadonlyPaths":["/proc/bus","/proc/fs","/proc/irq","/proc/sys","/proc/sysrq-trigger"]},"GraphDriver":{"Data":null,"Name":"overlayfs"},"Mounts":[{"Type":"volume","Name":"30413ef7a75de957c4882023f3dff48f8fe3e412514a6634ed16f1b4830afea6","Source":"/var/lib/docker/volumes/30413ef7a75de957c4882023f3dff48f8fe3e412514a6634ed16f1b4830afea6/_data","Destination":"/var/lib/postgresql/data","Driver":"local","Mode":"","RW":true,"Propagation":""}],"Config":{"Hostname":"19e247a3c356","Domainname":"","User":"","AttachStdin":false,"AttachStdout":false,"AttachStderr":false,"ExposedPorts":{"5432/tcp":{}},"Tty":false,"OpenStdin":false,"StdinOnce":false,"Env":["POSTGRES_USER=postgres","POSTGRES_PASSWORD=password","POSTGRES_DB=petdb","PATH=/usr/local/sbin:/usr/local/bin:/usr/sbin:/usr/bin:/sbin:/bin:/usr/lib/postgresql/15/bin","GOSU_VERSION=1.17","LANG=en_US.utf8","PG_MAJOR=15","PG_VERSION=15.12-1.pgdg120+1","PGDATA=/var/lib/postgresql/data"],"Cmd":["postgres","-c","fsync=off"],"Image":"postgres:15","Volumes":{"/var/lib/postgresql/data":{}},"WorkingDir":"","Entrypoint":["docker-entrypoint.sh"],"OnBuild":null,"Labels":{"org.testcontainers":"true","org.testcontainers.lang":"java","org.testcontainers.sessionId":"2a607c29-9f73-4ad7-8e0e-ab764e999503","org.testcontainers.version":"1.19.7"},"StopSignal":"SIGINT"},"NetworkSettings":{"Bridge":"","SandboxID":"6c378286c242f15e36c274d08af039b609de23adf77f45282f517be28fd26fbd","SandboxKey":"/var/run/docker/netns/6c378286c242","Por"
21:10:31.430 [main] DEBUG com.github.dockerjava.zerodep.shaded.org.apache.hc.client5.http.wire -- http-outgoing-2 << "ts":{"5432/tcp":[{"HostIp":"0.0.0.0","HostPort":"49852"}]},"HairpinMode":false,"LinkLocalIPv6Address":"","LinkLocalIPv6PrefixLen":0,"SecondaryIPAddresses":null,"SecondaryIPv6Addresses":null,"EndpointID":"96a9e768cec47b146947b57b3830d018c938a701dd2e8218423c1047252aa4c4","Gateway":"172.17.0.1","GlobalIPv6Address":"","GlobalIPv6PrefixLen":0,"IPAddress":"172.17.0.4","IPPrefixLen":16,"IPv6Gateway":"","MacAddress":"02:42:ac:11:00:04","Networks":{"bridge":{"IPAMConfig":null,"Links":null,"Aliases":null,"MacAddress":"02:42:ac:11:00:04","DriverOpts":null,"NetworkID":"f0594820a60c9d6c1293e01ac8a804eac606a0cdb0dcd01c085bc8a3a64632ab","EndpointID":"96a9e768cec47b146947b57b3830d018c938a701dd2e8218423c1047252aa4c4","Gateway":"172.17.0.1","IPAddress":"172.17.0.4","IPPrefixLen":16,"IPv6Gateway":"","GlobalIPv6Address":"","GlobalIPv6PrefixLen":0,"DNSNames":null}}}}[\n]"
21:10:31.432 [main] DEBUG com.github.dockerjava.zerodep.shaded.org.apache.hc.client5.http.wire -- http-outgoing-2 << "[\r][\n]"
21:10:31.432 [main] DEBUG com.github.dockerjava.zerodep.shaded.org.apache.hc.client5.http.wire -- http-outgoing-2 << "0[\r][\n]"
21:10:31.432 [main] DEBUG com.github.dockerjava.zerodep.shaded.org.apache.hc.client5.http.wire -- http-outgoing-2 << "[\r][\n]"
21:10:31.432 [main] DEBUG com.github.dockerjava.zerodep.shaded.org.apache.hc.client5.http.impl.classic.InternalHttpClient -- ep-00000015: releasing valid endpoint
21:10:31.432 [main] DEBUG com.github.dockerjava.zerodep.shaded.org.apache.hc.client5.http.impl.io.PoolingHttpClientConnectionManager -- ep-00000015: releasing endpoint
21:10:31.432 [main] DEBUG com.github.dockerjava.zerodep.shaded.org.apache.hc.client5.http.impl.io.PoolingHttpClientConnectionManager -- ep-00000015: connection http-outgoing-2 can be kept alive for 3 MINUTES
21:10:31.432 [main] DEBUG com.github.dockerjava.zerodep.shaded.org.apache.hc.client5.http.impl.io.PoolingHttpClientConnectionManager -- ep-00000015: connection released [route: {}->npipe://localhost:2375][total available: 1; route allocated: 1 of 2147483647; total allocated: 1 of 2147483647]
21:10:31.432 [main] DEBUG org.testcontainers.shaded.com.github.dockerjava.core.command.AbstrDockerCmd -- Cmd: sha256:fe45ed1a824b81c0c9c605890963b67501758ca8c946db89089c85ce0f88e974
21:10:31.433 [main] DEBUG com.github.dockerjava.zerodep.shaded.org.apache.hc.client5.http.impl.classic.InternalHttpClient -- ex-00000017: preparing request execution
21:10:31.433 [main] DEBUG com.github.dockerjava.zerodep.shaded.org.apache.hc.client5.http.protocol.RequestAddCookies -- Cookie spec selected: strict
21:10:31.433 [main] DEBUG com.github.dockerjava.zerodep.shaded.org.apache.hc.client5.http.protocol.RequestAuthCache -- Auth cache not set in the context
21:10:31.433 [main] DEBUG com.github.dockerjava.zerodep.shaded.org.apache.hc.client5.http.impl.classic.ProtocolExec -- ex-00000017: target auth state: UNCHALLENGED
21:10:31.433 [main] DEBUG com.github.dockerjava.zerodep.shaded.org.apache.hc.client5.http.impl.classic.ProtocolExec -- ex-00000017: proxy auth state: UNCHALLENGED
21:10:31.442 [main] DEBUG com.github.dockerjava.zerodep.shaded.org.apache.hc.client5.http.impl.classic.ConnectExec -- ex-00000017: acquiring connection with route {}->npipe://localhost:2375
21:10:31.442 [main] DEBUG com.github.dockerjava.zerodep.shaded.org.apache.hc.client5.http.impl.classic.InternalHttpClient -- ex-00000017: acquiring endpoint (3 MINUTES)
21:10:31.442 [main] DEBUG com.github.dockerjava.zerodep.shaded.org.apache.hc.client5.http.impl.io.PoolingHttpClientConnectionManager -- ex-00000017: endpoint lease request (3 MINUTES) [route: {}->npipe://localhost:2375][total available: 1; route allocated: 1 of 2147483647; total allocated: 1 of 2147483647]
21:10:31.442 [main] DEBUG com.github.dockerjava.zerodep.shaded.org.apache.hc.client5.http.impl.io.PoolingHttpClientConnectionManager -- ex-00000017: endpoint leased [route: {}->npipe://localhost:2375][total available: 0; route allocated: 1 of 2147483647; total allocated: 1 of 2147483647]
21:10:31.443 [main] DEBUG com.github.dockerjava.zerodep.shaded.org.apache.hc.client5.http.impl.io.PoolingHttpClientConnectionManager -- ex-00000017: acquired ep-00000016
21:10:31.443 [main] DEBUG com.github.dockerjava.zerodep.shaded.org.apache.hc.client5.http.impl.classic.InternalHttpClient -- ex-00000017: acquired endpoint ep-00000016
21:10:31.443 [main] DEBUG com.github.dockerjava.zerodep.shaded.org.apache.hc.client5.http.impl.classic.MainClientExec -- ex-00000017: executing GET /v1.32/images/sha256:fe45ed1a824b81c0c9c605890963b67501758ca8c946db89089c85ce0f88e974/json HTTP/1.1
21:10:31.443 [main] DEBUG com.github.dockerjava.zerodep.shaded.org.apache.hc.client5.http.impl.classic.InternalHttpClient -- ep-00000016: start execution ex-00000017
21:10:31.443 [main] DEBUG com.github.dockerjava.zerodep.shaded.org.apache.hc.client5.http.impl.io.PoolingHttpClientConnectionManager -- ep-00000016: executing exchange ex-00000017 over http-outgoing-2
21:10:31.443 [main] DEBUG com.github.dockerjava.zerodep.shaded.org.apache.hc.client5.http.headers -- http-outgoing-2 >> GET /v1.32/images/sha256:fe45ed1a824b81c0c9c605890963b67501758ca8c946db89089c85ce0f88e974/json HTTP/1.1
21:10:31.443 [main] DEBUG com.github.dockerjava.zerodep.shaded.org.apache.hc.client5.http.headers -- http-outgoing-2 >> accept: application/json
21:10:31.443 [main] DEBUG com.github.dockerjava.zerodep.shaded.org.apache.hc.client5.http.headers -- http-outgoing-2 >> x-tc-sid: 2a607c29-9f73-4ad7-8e0e-ab764e999503
21:10:31.443 [main] DEBUG com.github.dockerjava.zerodep.shaded.org.apache.hc.client5.http.headers -- http-outgoing-2 >> User-Agent: tc-java/1.19.7
21:10:31.443 [main] DEBUG com.github.dockerjava.zerodep.shaded.org.apache.hc.client5.http.headers -- http-outgoing-2 >> Accept-Encoding: gzip, x-gzip, deflate
21:10:31.443 [main] DEBUG com.github.dockerjava.zerodep.shaded.org.apache.hc.client5.http.headers -- http-outgoing-2 >> Host: localhost:2375
21:10:31.443 [main] DEBUG com.github.dockerjava.zerodep.shaded.org.apache.hc.client5.http.headers -- http-outgoing-2 >> Connection: keep-alive
21:10:31.443 [main] DEBUG com.github.dockerjava.zerodep.shaded.org.apache.hc.client5.http.wire -- http-outgoing-2 >> "GET /v1.32/images/sha256:fe45ed1a824b81c0c9c605890963b67501758ca8c946db89089c85ce0f88e974/json HTTP/1.1[\r][\n]"
21:10:31.443 [main] DEBUG com.github.dockerjava.zerodep.shaded.org.apache.hc.client5.http.wire -- http-outgoing-2 >> "accept: application/json[\r][\n]"
21:10:31.443 [main] DEBUG com.github.dockerjava.zerodep.shaded.org.apache.hc.client5.http.wire -- http-outgoing-2 >> "x-tc-sid: 2a607c29-9f73-4ad7-8e0e-ab764e999503[\r][\n]"
21:10:31.443 [main] DEBUG com.github.dockerjava.zerodep.shaded.org.apache.hc.client5.http.wire -- http-outgoing-2 >> "User-Agent: tc-java/1.19.7[\r][\n]"
21:10:31.443 [main] DEBUG com.github.dockerjava.zerodep.shaded.org.apache.hc.client5.http.wire -- http-outgoing-2 >> "Accept-Encoding: gzip, x-gzip, deflate[\r][\n]"
21:10:31.443 [main] DEBUG com.github.dockerjava.zerodep.shaded.org.apache.hc.client5.http.wire -- http-outgoing-2 >> "Host: localhost:2375[\r][\n]"
21:10:31.443 [main] DEBUG com.github.dockerjava.zerodep.shaded.org.apache.hc.client5.http.wire -- http-outgoing-2 >> "Connection: keep-alive[\r][\n]"
21:10:31.443 [main] DEBUG com.github.dockerjava.zerodep.shaded.org.apache.hc.client5.http.wire -- http-outgoing-2 >> "[\r][\n]"
21:10:31.485 [main] DEBUG com.github.dockerjava.zerodep.shaded.org.apache.hc.client5.http.wire -- http-outgoing-2 << "HTTP/1.1 200 OK[\r][\n]"
21:10:31.485 [main] DEBUG com.github.dockerjava.zerodep.shaded.org.apache.hc.client5.http.wire -- http-outgoing-2 << "Api-Version: 1.47[\r][\n]"
21:10:31.485 [main] DEBUG com.github.dockerjava.zerodep.shaded.org.apache.hc.client5.http.wire -- http-outgoing-2 << "Content-Type: application/json[\r][\n]"
21:10:31.485 [main] DEBUG com.github.dockerjava.zerodep.shaded.org.apache.hc.client5.http.wire -- http-outgoing-2 << "Date: Fri, 09 May 2025 18:10:31 GMT[\r][\n]"
21:10:31.485 [main] DEBUG com.github.dockerjava.zerodep.shaded.org.apache.hc.client5.http.wire -- http-outgoing-2 << "Docker-Experimental: false[\r][\n]"
21:10:31.485 [main] DEBUG com.github.dockerjava.zerodep.shaded.org.apache.hc.client5.http.wire -- http-outgoing-2 << "Ostype: linux[\r][\n]"
21:10:31.485 [main] DEBUG com.github.dockerjava.zerodep.shaded.org.apache.hc.client5.http.wire -- http-outgoing-2 << "Server: Docker/27.3.1 (linux)[\r][\n]"
21:10:31.485 [main] DEBUG com.github.dockerjava.zerodep.shaded.org.apache.hc.client5.http.wire -- http-outgoing-2 << "Transfer-Encoding: chunked[\r][\n]"
21:10:31.485 [main] DEBUG com.github.dockerjava.zerodep.shaded.org.apache.hc.client5.http.wire -- http-outgoing-2 << "[\r][\n]"
21:10:31.485 [main] DEBUG com.github.dockerjava.zerodep.shaded.org.apache.hc.client5.http.headers -- http-outgoing-2 << HTTP/1.1 200 OK
21:10:31.485 [main] DEBUG com.github.dockerjava.zerodep.shaded.org.apache.hc.client5.http.headers -- http-outgoing-2 << Api-Version: 1.47
21:10:31.485 [main] DEBUG com.github.dockerjava.zerodep.shaded.org.apache.hc.client5.http.headers -- http-outgoing-2 << Content-Type: application/json
21:10:31.486 [main] DEBUG com.github.dockerjava.zerodep.shaded.org.apache.hc.client5.http.headers -- http-outgoing-2 << Date: Fri, 09 May 2025 18:10:31 GMT
21:10:31.486 [main] DEBUG com.github.dockerjava.zerodep.shaded.org.apache.hc.client5.http.headers -- http-outgoing-2 << Docker-Experimental: false
21:10:31.486 [main] DEBUG com.github.dockerjava.zerodep.shaded.org.apache.hc.client5.http.headers -- http-outgoing-2 << Ostype: linux
21:10:31.486 [main] DEBUG com.github.dockerjava.zerodep.shaded.org.apache.hc.client5.http.headers -- http-outgoing-2 << Server: Docker/27.3.1 (linux)
21:10:31.486 [main] DEBUG com.github.dockerjava.zerodep.shaded.org.apache.hc.client5.http.headers -- http-outgoing-2 << Transfer-Encoding: chunked
21:10:31.486 [main] DEBUG com.github.dockerjava.zerodep.shaded.org.apache.hc.client5.http.impl.classic.MainClientExec -- ex-00000017: connection can be kept alive for 3 MINUTES
21:10:31.487 [main] DEBUG com.github.dockerjava.zerodep.shaded.org.apache.hc.client5.http.wire -- http-outgoing-2 << "994[\r][\n]"
21:10:31.487 [main] DEBUG com.github.dockerjava.zerodep.shaded.org.apache.hc.client5.http.wire -- http-outgoing-2 << "{"Id":"sha256:fe45ed1a824b81c0c9c605890963b67501758ca8c946db89089c85ce0f88e974","RepoTags":["postgres:15"],"RepoDigests":["postgres@sha256:fe45ed1a824b81c0c9c605890963b67501758ca8c946db89089c85ce0f88e974"],"Parent":"","Comment":"buildkit.dockerfile.v0","Created":"2025-02-27T00:53:12Z","ContainerConfig":{"Hostname":"","Domainname":"","User":"","AttachStdin":false,"AttachStdout":false,"AttachStderr":false,"Tty":false,"OpenStdin":false,"StdinOnce":false,"Env":null,"Cmd":null,"Image":"","Volumes":null,"WorkingDir":"","Entrypoint":null,"OnBuild":null,"Labels":null},"DockerVersion":"27.3.1","Author":"","Config":{"Hostname":"","Domainname":"","User":"","AttachStdin":false,"AttachStdout":false,"AttachStderr":false,"ExposedPorts":{"5432/tcp":{}},"Tty":false,"OpenStdin":false,"StdinOnce":false,"Env":["PATH=/usr/local/sbin:/usr/local/bin:/usr/sbin:/usr/bin:/sbin:/bin:/usr/lib/postgresql/15/bin","GOSU_VERSION=1.17","LANG=en_US.utf8","PG_MAJOR=15","PG_VERSION=15.12-1.pgdg120+1","PGDATA=/var/lib/postgresql/data"],"Cmd":["postgres"],"Image":"","Volumes":{"/var/lib/postgresql/data":{}},"WorkingDir":"","Entrypoint":["docker-entrypoint.sh"],"OnBuild":null,"Labels":null,"StopSignal":"SIGINT"},"Architecture":"amd64","Os":"linux","Size":153180458,"VirtualSize":153180458,"GraphDriver":{"Data":null,"Name":"overlayfs"},"RootFS":{"Type":"layers","Layers":["sha256:ea680fbff095473bb8a6c867938d6d851e11ef0c177fce983ccc83440172bd72","sha256:928275a52011f37efb8f9d12d340886b4c73c50de85324b58a488c5f0fe2e4a9","sha256:994c988d555eaa037c66a5da3f43b8335671031b1b1590574bcc79e1ca318495","sha256:c63b1c4b361c45acab55b0a991ecf46583f791f549d562b22452b75fadad4690","sha256:291a0dc816996140b9953126b915a9dfd1aefb0068627ec963d1e76ca9913787","sha256:f9e44928140ed093a0d3585f113d2ddcf9b6f9bda7078350cd7e32bcbc92982e","sha256:745f928bd9efa29a3cb5a66f2d382080da38b26ff61f7dd2cb43b400b7a630ec","sha256:7fa6b6b6d1e345c2f576051a984901cdbaae907f8102234f5101bef2465956fa","sha256:3a3dc66802221cdc1cd5a5ee33fb444e139672ec1de7508105e7744c55816cc9","sha256:8af80c50dc51431264fdda364a04b16bf9f17a4e2749471fe748ddbd1392504f","sha256:1c140db8d23e408e121b4eac4007bd6c53cd29b72977f5322555cc9ff5edf477","sha256:62df236cee251ab83262566800692031b213c7a9f608c56631ac8974934a0b8a","sha256:14f4af5a8e1174d39963c10a549a68d5a4a4717fe7beea3f05b97698fdfd3348","sha256:125e3a4d82cefa3c30a7d31b900afef2fe668ed613b5444963fe5eba26396cdc"]},"Metadata":{"LastTagTime":"2025-04-12T13:12:51.060736496Z"}}[\n]"
21:10:31.487 [main] DEBUG com.github.dockerjava.zerodep.shaded.org.apache.hc.client5.http.wire -- http-outgoing-2 << "[\r][\n]"
21:10:31.487 [main] DEBUG com.github.dockerjava.zerodep.shaded.org.apache.hc.client5.http.wire -- http-outgoing-2 << "0[\r][\n]"
21:10:31.487 [main] DEBUG com.github.dockerjava.zerodep.shaded.org.apache.hc.client5.http.wire -- http-outgoing-2 << "[\r][\n]"
21:10:31.489 [main] DEBUG com.github.dockerjava.zerodep.shaded.org.apache.hc.client5.http.impl.classic.InternalHttpClient -- ep-00000016: releasing valid endpoint
21:10:31.489 [main] DEBUG com.github.dockerjava.zerodep.shaded.org.apache.hc.client5.http.impl.io.PoolingHttpClientConnectionManager -- ep-00000016: releasing endpoint
21:10:31.489 [main] DEBUG com.github.dockerjava.zerodep.shaded.org.apache.hc.client5.http.impl.io.PoolingHttpClientConnectionManager -- ep-00000016: connection http-outgoing-2 can be kept alive for 3 MINUTES
21:10:31.489 [main] DEBUG com.github.dockerjava.zerodep.shaded.org.apache.hc.client5.http.impl.io.PoolingHttpClientConnectionManager -- ep-00000016: connection released [route: {}->npipe://localhost:2375][total available: 1; route allocated: 1 of 2147483647; total allocated: 1 of 2147483647]
21:10:31.489 [main] DEBUG org.testcontainers.shaded.com.github.dockerjava.core.command.AbstrDockerCmd -- Cmd: 
21:10:31.489 [main] DEBUG com.github.dockerjava.zerodep.shaded.org.apache.hc.client5.http.impl.classic.InternalHttpClient -- ex-00000018: preparing request execution
21:10:31.489 [main] DEBUG com.github.dockerjava.zerodep.shaded.org.apache.hc.client5.http.protocol.RequestAddCookies -- Cookie spec selected: strict
21:10:31.489 [main] DEBUG com.github.dockerjava.zerodep.shaded.org.apache.hc.client5.http.protocol.RequestAuthCache -- Auth cache not set in the context
21:10:31.489 [main] DEBUG com.github.dockerjava.zerodep.shaded.org.apache.hc.client5.http.impl.classic.ProtocolExec -- ex-00000018: target auth state: UNCHALLENGED
21:10:31.489 [main] DEBUG com.github.dockerjava.zerodep.shaded.org.apache.hc.client5.http.impl.classic.ProtocolExec -- ex-00000018: proxy auth state: UNCHALLENGED
21:10:31.489 [main] DEBUG com.github.dockerjava.zerodep.shaded.org.apache.hc.client5.http.impl.classic.ConnectExec -- ex-00000018: acquiring connection with route {}->npipe://localhost:2375
21:10:31.489 [main] DEBUG com.github.dockerjava.zerodep.shaded.org.apache.hc.client5.http.impl.classic.InternalHttpClient -- ex-00000018: acquiring endpoint (3 MINUTES)
21:10:31.490 [main] DEBUG com.github.dockerjava.zerodep.shaded.org.apache.hc.client5.http.impl.io.PoolingHttpClientConnectionManager -- ex-00000018: endpoint lease request (3 MINUTES) [route: {}->npipe://localhost:2375][total available: 1; route allocated: 1 of 2147483647; total allocated: 1 of 2147483647]
21:10:31.490 [main] DEBUG com.github.dockerjava.zerodep.shaded.org.apache.hc.client5.http.impl.io.PoolingHttpClientConnectionManager -- ex-00000018: endpoint leased [route: {}->npipe://localhost:2375][total available: 0; route allocated: 1 of 2147483647; total allocated: 1 of 2147483647]
21:10:31.490 [main] DEBUG com.github.dockerjava.zerodep.shaded.org.apache.hc.client5.http.impl.io.PoolingHttpClientConnectionManager -- ex-00000018: acquired ep-00000017
21:10:31.490 [main] DEBUG com.github.dockerjava.zerodep.shaded.org.apache.hc.client5.http.impl.classic.InternalHttpClient -- ex-00000018: acquired endpoint ep-00000017
21:10:31.490 [main] DEBUG com.github.dockerjava.zerodep.shaded.org.apache.hc.client5.http.impl.classic.MainClientExec -- ex-00000018: executing GET /v1.32/version HTTP/1.1
21:10:31.490 [main] DEBUG com.github.dockerjava.zerodep.shaded.org.apache.hc.client5.http.impl.classic.InternalHttpClient -- ep-00000017: start execution ex-00000018
21:10:31.490 [main] DEBUG com.github.dockerjava.zerodep.shaded.org.apache.hc.client5.http.impl.io.PoolingHttpClientConnectionManager -- ep-00000017: executing exchange ex-00000018 over http-outgoing-2
21:10:31.490 [main] DEBUG com.github.dockerjava.zerodep.shaded.org.apache.hc.client5.http.headers -- http-outgoing-2 >> GET /v1.32/version HTTP/1.1
21:10:31.490 [main] DEBUG com.github.dockerjava.zerodep.shaded.org.apache.hc.client5.http.headers -- http-outgoing-2 >> accept: application/json
21:10:31.490 [main] DEBUG com.github.dockerjava.zerodep.shaded.org.apache.hc.client5.http.headers -- http-outgoing-2 >> x-tc-sid: 2a607c29-9f73-4ad7-8e0e-ab764e999503
21:10:31.490 [main] DEBUG com.github.dockerjava.zerodep.shaded.org.apache.hc.client5.http.headers -- http-outgoing-2 >> User-Agent: tc-java/1.19.7
21:10:31.490 [main] DEBUG com.github.dockerjava.zerodep.shaded.org.apache.hc.client5.http.headers -- http-outgoing-2 >> Accept-Encoding: gzip, x-gzip, deflate
21:10:31.490 [main] DEBUG com.github.dockerjava.zerodep.shaded.org.apache.hc.client5.http.headers -- http-outgoing-2 >> Host: localhost:2375
21:10:31.490 [main] DEBUG com.github.dockerjava.zerodep.shaded.org.apache.hc.client5.http.headers -- http-outgoing-2 >> Connection: keep-alive
21:10:31.490 [main] DEBUG com.github.dockerjava.zerodep.shaded.org.apache.hc.client5.http.wire -- http-outgoing-2 >> "GET /v1.32/version HTTP/1.1[\r][\n]"
21:10:31.490 [main] DEBUG com.github.dockerjava.zerodep.shaded.org.apache.hc.client5.http.wire -- http-outgoing-2 >> "accept: application/json[\r][\n]"
21:10:31.490 [main] DEBUG com.github.dockerjava.zerodep.shaded.org.apache.hc.client5.http.wire -- http-outgoing-2 >> "x-tc-sid: 2a607c29-9f73-4ad7-8e0e-ab764e999503[\r][\n]"
21:10:31.490 [main] DEBUG com.github.dockerjava.zerodep.shaded.org.apache.hc.client5.http.wire -- http-outgoing-2 >> "User-Agent: tc-java/1.19.7[\r][\n]"
21:10:31.490 [main] DEBUG com.github.dockerjava.zerodep.shaded.org.apache.hc.client5.http.wire -- http-outgoing-2 >> "Accept-Encoding: gzip, x-gzip, deflate[\r][\n]"
21:10:31.490 [main] DEBUG com.github.dockerjava.zerodep.shaded.org.apache.hc.client5.http.wire -- http-outgoing-2 >> "Host: localhost:2375[\r][\n]"
21:10:31.490 [main] DEBUG com.github.dockerjava.zerodep.shaded.org.apache.hc.client5.http.wire -- http-outgoing-2 >> "Connection: keep-alive[\r][\n]"
21:10:31.490 [main] DEBUG com.github.dockerjava.zerodep.shaded.org.apache.hc.client5.http.wire -- http-outgoing-2 >> "[\r][\n]"
21:10:31.505 [main] DEBUG com.github.dockerjava.zerodep.shaded.org.apache.hc.client5.http.wire -- http-outgoing-2 << "HTTP/1.1 200 OK[\r][\n]"
21:10:31.505 [main] DEBUG com.github.dockerjava.zerodep.shaded.org.apache.hc.client5.http.wire -- http-outgoing-2 << "Api-Version: 1.47[\r][\n]"
21:10:31.505 [main] DEBUG com.github.dockerjava.zerodep.shaded.org.apache.hc.client5.http.wire -- http-outgoing-2 << "Content-Type: application/json[\r][\n]"
21:10:31.505 [main] DEBUG com.github.dockerjava.zerodep.shaded.org.apache.hc.client5.http.wire -- http-outgoing-2 << "Date: Fri, 09 May 2025 18:10:31 GMT[\r][\n]"
21:10:31.505 [main] DEBUG com.github.dockerjava.zerodep.shaded.org.apache.hc.client5.http.wire -- http-outgoing-2 << "Docker-Experimental: false[\r][\n]"
21:10:31.505 [main] DEBUG com.github.dockerjava.zerodep.shaded.org.apache.hc.client5.http.wire -- http-outgoing-2 << "Ostype: linux[\r][\n]"
21:10:31.505 [main] DEBUG com.github.dockerjava.zerodep.shaded.org.apache.hc.client5.http.wire -- http-outgoing-2 << "Server: Docker/27.3.1 (linux)[\r][\n]"
21:10:31.505 [main] DEBUG com.github.dockerjava.zerodep.shaded.org.apache.hc.client5.http.wire -- http-outgoing-2 << "Transfer-Encoding: chunked[\r][\n]"
21:10:31.505 [main] DEBUG com.github.dockerjava.zerodep.shaded.org.apache.hc.client5.http.wire -- http-outgoing-2 << "[\r][\n]"
21:10:31.506 [main] DEBUG com.github.dockerjava.zerodep.shaded.org.apache.hc.client5.http.headers -- http-outgoing-2 << HTTP/1.1 200 OK
21:10:31.506 [main] DEBUG com.github.dockerjava.zerodep.shaded.org.apache.hc.client5.http.headers -- http-outgoing-2 << Api-Version: 1.47
21:10:31.506 [main] DEBUG com.github.dockerjava.zerodep.shaded.org.apache.hc.client5.http.headers -- http-outgoing-2 << Content-Type: application/json
21:10:31.506 [main] DEBUG com.github.dockerjava.zerodep.shaded.org.apache.hc.client5.http.headers -- http-outgoing-2 << Date: Fri, 09 May 2025 18:10:31 GMT
21:10:31.506 [main] DEBUG com.github.dockerjava.zerodep.shaded.org.apache.hc.client5.http.headers -- http-outgoing-2 << Docker-Experimental: false
21:10:31.506 [main] DEBUG com.github.dockerjava.zerodep.shaded.org.apache.hc.client5.http.headers -- http-outgoing-2 << Ostype: linux
21:10:31.506 [main] DEBUG com.github.dockerjava.zerodep.shaded.org.apache.hc.client5.http.headers -- http-outgoing-2 << Server: Docker/27.3.1 (linux)
21:10:31.506 [main] DEBUG com.github.dockerjava.zerodep.shaded.org.apache.hc.client5.http.headers -- http-outgoing-2 << Transfer-Encoding: chunked
21:10:31.506 [main] DEBUG com.github.dockerjava.zerodep.shaded.org.apache.hc.client5.http.impl.classic.MainClientExec -- ex-00000018: connection can be kept alive for 3 MINUTES
21:10:31.506 [main] DEBUG com.github.dockerjava.zerodep.shaded.org.apache.hc.client5.http.wire -- http-outgoing-2 << "35f[\r][\n]"
21:10:31.507 [main] DEBUG com.github.dockerjava.zerodep.shaded.org.apache.hc.client5.http.wire -- http-outgoing-2 << "{"Platform":{"Name":"Docker Desktop 4.36.0 (175267)"},"Components":[{"Name":"Engine","Version":"27.3.1","Details":{"ApiVersion":"1.47","Arch":"amd64","BuildTime":"2024-09-20T11:41:11.000000000+00:00","Experimental":"false","GitCommit":"41ca978","GoVersion":"go1.22.7","KernelVersion":"5.15.167.4-microsoft-standard-WSL2","MinAPIVersion":"1.24","Os":"linux"}},{"Name":"containerd","Version":"1.7.21","Details":{"GitCommit":"472731909fa34bd7bc9c087e4c27943f9835f111"}},{"Name":"runc","Version":"1.1.13","Details":{"GitCommit":"v1.1.13-0-g58aa920"}},{"Name":"docker-init","Version":"0.19.0","Details":{"GitCommit":"de40ad0"}}],"Version":"27.3.1","ApiVersion":"1.47","MinAPIVersion":"1.24","GitCommit":"41ca978","GoVersion":"go1.22.7","Os":"linux","Arch":"amd64","KernelVersion":"5.15.167.4-microsoft-standard-WSL2","BuildTime":"2024-09-20T11:41:11.000000000+00:00"}[\n]"
21:10:31.507 [main] DEBUG com.github.dockerjava.zerodep.shaded.org.apache.hc.client5.http.wire -- http-outgoing-2 << "[\r][\n]"
21:10:31.507 [main] DEBUG com.github.dockerjava.zerodep.shaded.org.apache.hc.client5.http.wire -- http-outgoing-2 << "0[\r][\n]"
21:10:31.507 [main] DEBUG com.github.dockerjava.zerodep.shaded.org.apache.hc.client5.http.wire -- http-outgoing-2 << "[\r][\n]"
21:10:31.508 [main] DEBUG com.github.dockerjava.zerodep.shaded.org.apache.hc.client5.http.impl.classic.InternalHttpClient -- ep-00000017: releasing valid endpoint
21:10:31.508 [main] DEBUG com.github.dockerjava.zerodep.shaded.org.apache.hc.client5.http.impl.io.PoolingHttpClientConnectionManager -- ep-00000017: releasing endpoint
21:10:31.508 [main] DEBUG com.github.dockerjava.zerodep.shaded.org.apache.hc.client5.http.impl.io.PoolingHttpClientConnectionManager -- ep-00000017: connection http-outgoing-2 can be kept alive for 3 MINUTES
21:10:31.508 [main] DEBUG com.github.dockerjava.zerodep.shaded.org.apache.hc.client5.http.impl.io.PoolingHttpClientConnectionManager -- ep-00000017: connection released [route: {}->npipe://localhost:2375][total available: 1; route allocated: 1 of 2147483647; total allocated: 1 of 2147483647]
21:10:31.512 [docker-java-stream-1411200062] DEBUG com.github.dockerjava.zerodep.shaded.org.apache.hc.client5.http.impl.classic.InternalHttpClient -- ex-00000019: preparing request execution
21:10:31.513 [docker-java-stream-1411200062] DEBUG com.github.dockerjava.zerodep.shaded.org.apache.hc.client5.http.protocol.RequestAddCookies -- Cookie spec selected: strict
21:10:31.513 [docker-java-stream-1411200062] DEBUG com.github.dockerjava.zerodep.shaded.org.apache.hc.client5.http.protocol.RequestAuthCache -- Auth cache not set in the context
21:10:31.513 [docker-java-stream-1411200062] DEBUG com.github.dockerjava.zerodep.shaded.org.apache.hc.client5.http.impl.classic.ProtocolExec -- ex-00000019: target auth state: UNCHALLENGED
21:10:31.513 [docker-java-stream-1411200062] DEBUG com.github.dockerjava.zerodep.shaded.org.apache.hc.client5.http.impl.classic.ProtocolExec -- ex-00000019: proxy auth state: UNCHALLENGED
21:10:31.513 [docker-java-stream-1411200062] DEBUG com.github.dockerjava.zerodep.shaded.org.apache.hc.client5.http.impl.classic.ConnectExec -- ex-00000019: acquiring connection with route {}->npipe://localhost:2375
21:10:31.513 [docker-java-stream-1411200062] DEBUG com.github.dockerjava.zerodep.shaded.org.apache.hc.client5.http.impl.classic.InternalHttpClient -- ex-00000019: acquiring endpoint (3 MINUTES)
21:10:31.513 [docker-java-stream-1411200062] DEBUG com.github.dockerjava.zerodep.shaded.org.apache.hc.client5.http.impl.io.PoolingHttpClientConnectionManager -- ex-00000019: endpoint lease request (3 MINUTES) [route: {}->npipe://localhost:2375][total available: 1; route allocated: 1 of 2147483647; total allocated: 1 of 2147483647]
21:10:31.513 [docker-java-stream-1411200062] DEBUG com.github.dockerjava.zerodep.shaded.org.apache.hc.client5.http.impl.io.PoolingHttpClientConnectionManager -- ex-00000019: endpoint leased [route: {}->npipe://localhost:2375][total available: 0; route allocated: 1 of 2147483647; total allocated: 1 of 2147483647]
21:10:31.513 [docker-java-stream-1411200062] DEBUG com.github.dockerjava.zerodep.shaded.org.apache.hc.client5.http.impl.io.PoolingHttpClientConnectionManager -- ex-00000019: acquired ep-00000018
21:10:31.513 [docker-java-stream-1411200062] DEBUG com.github.dockerjava.zerodep.shaded.org.apache.hc.client5.http.impl.classic.InternalHttpClient -- ex-00000019: acquired endpoint ep-00000018
21:10:31.513 [docker-java-stream-1411200062] DEBUG com.github.dockerjava.zerodep.shaded.org.apache.hc.client5.http.impl.classic.MainClientExec -- ex-00000019: executing GET /v1.32/containers/19e247a3c356f3aaa864df104231944521fad30219e573ee85495acd7eafbbb4/logs?stdout=true&stderr=true&follow=true&since=0 HTTP/1.1
21:10:31.513 [docker-java-stream-1411200062] DEBUG com.github.dockerjava.zerodep.shaded.org.apache.hc.client5.http.impl.classic.InternalHttpClient -- ep-00000018: start execution ex-00000019
21:10:31.513 [docker-java-stream-1411200062] DEBUG com.github.dockerjava.zerodep.shaded.org.apache.hc.client5.http.impl.io.PoolingHttpClientConnectionManager -- ep-00000018: executing exchange ex-00000019 over http-outgoing-2
21:10:31.514 [docker-java-stream-1411200062] DEBUG com.github.dockerjava.zerodep.shaded.org.apache.hc.client5.http.headers -- http-outgoing-2 >> GET /v1.32/containers/19e247a3c356f3aaa864df104231944521fad30219e573ee85495acd7eafbbb4/logs?stdout=true&stderr=true&follow=true&since=0 HTTP/1.1
21:10:31.514 [docker-java-stream-1411200062] DEBUG com.github.dockerjava.zerodep.shaded.org.apache.hc.client5.http.headers -- http-outgoing-2 >> x-tc-sid: 2a607c29-9f73-4ad7-8e0e-ab764e999503
21:10:31.514 [docker-java-stream-1411200062] DEBUG com.github.dockerjava.zerodep.shaded.org.apache.hc.client5.http.headers -- http-outgoing-2 >> User-Agent: tc-java/1.19.7
21:10:31.514 [docker-java-stream-1411200062] DEBUG com.github.dockerjava.zerodep.shaded.org.apache.hc.client5.http.headers -- http-outgoing-2 >> Accept-Encoding: gzip, x-gzip, deflate
21:10:31.514 [docker-java-stream-1411200062] DEBUG com.github.dockerjava.zerodep.shaded.org.apache.hc.client5.http.headers -- http-outgoing-2 >> Host: localhost:2375
21:10:31.514 [docker-java-stream-1411200062] DEBUG com.github.dockerjava.zerodep.shaded.org.apache.hc.client5.http.headers -- http-outgoing-2 >> Connection: keep-alive
21:10:31.514 [docker-java-stream-1411200062] DEBUG com.github.dockerjava.zerodep.shaded.org.apache.hc.client5.http.wire -- http-outgoing-2 >> "GET /v1.32/containers/19e247a3c356f3aaa864df104231944521fad30219e573ee85495acd7eafbbb4/logs?stdout=true&stderr=true&follow=true&since=0 HTTP/1.1[\r][\n]"
21:10:31.514 [docker-java-stream-1411200062] DEBUG com.github.dockerjava.zerodep.shaded.org.apache.hc.client5.http.wire -- http-outgoing-2 >> "x-tc-sid: 2a607c29-9f73-4ad7-8e0e-ab764e999503[\r][\n]"
21:10:31.514 [docker-java-stream-1411200062] DEBUG com.github.dockerjava.zerodep.shaded.org.apache.hc.client5.http.wire -- http-outgoing-2 >> "User-Agent: tc-java/1.19.7[\r][\n]"
21:10:31.514 [docker-java-stream-1411200062] DEBUG com.github.dockerjava.zerodep.shaded.org.apache.hc.client5.http.wire -- http-outgoing-2 >> "Accept-Encoding: gzip, x-gzip, deflate[\r][\n]"
21:10:31.514 [docker-java-stream-1411200062] DEBUG com.github.dockerjava.zerodep.shaded.org.apache.hc.client5.http.wire -- http-outgoing-2 >> "Host: localhost:2375[\r][\n]"
21:10:31.514 [docker-java-stream-1411200062] DEBUG com.github.dockerjava.zerodep.shaded.org.apache.hc.client5.http.wire -- http-outgoing-2 >> "Connection: keep-alive[\r][\n]"
21:10:31.514 [docker-java-stream-1411200062] DEBUG com.github.dockerjava.zerodep.shaded.org.apache.hc.client5.http.wire -- http-outgoing-2 >> "[\r][\n]"
21:10:31.519 [docker-java-stream-1411200062] DEBUG com.github.dockerjava.zerodep.shaded.org.apache.hc.client5.http.wire -- http-outgoing-2 << "HTTP/1.1 200 OK[\r][\n]"
21:10:31.519 [docker-java-stream-1411200062] DEBUG com.github.dockerjava.zerodep.shaded.org.apache.hc.client5.http.wire -- http-outgoing-2 << "Api-Version: 1.47[\r][\n]"
21:10:31.519 [docker-java-stream-1411200062] DEBUG com.github.dockerjava.zerodep.shaded.org.apache.hc.client5.http.wire -- http-outgoing-2 << "Content-Type: application/vnd.docker.raw-stream[\r][\n]"
21:10:31.519 [docker-java-stream-1411200062] DEBUG com.github.dockerjava.zerodep.shaded.org.apache.hc.client5.http.wire -- http-outgoing-2 << "Date: Fri, 09 May 2025 18:10:31 GMT[\r][\n]"
21:10:31.519 [docker-java-stream-1411200062] DEBUG com.github.dockerjava.zerodep.shaded.org.apache.hc.client5.http.wire -- http-outgoing-2 << "Docker-Experimental: false[\r][\n]"
21:10:31.519 [docker-java-stream-1411200062] DEBUG com.github.dockerjava.zerodep.shaded.org.apache.hc.client5.http.wire -- http-outgoing-2 << "Ostype: linux[\r][\n]"
21:10:31.519 [docker-java-stream-1411200062] DEBUG com.github.dockerjava.zerodep.shaded.org.apache.hc.client5.http.wire -- http-outgoing-2 << "Server: Docker/27.3.1 (linux)[\r][\n]"
21:10:31.519 [docker-java-stream-1411200062] DEBUG com.github.dockerjava.zerodep.shaded.org.apache.hc.client5.http.wire -- http-outgoing-2 << "Transfer-Encoding: chunked[\r][\n]"
21:10:31.519 [docker-java-stream-1411200062] DEBUG com.github.dockerjava.zerodep.shaded.org.apache.hc.client5.http.wire -- http-outgoing-2 << "[\r][\n]"
21:10:31.519 [docker-java-stream-1411200062] DEBUG com.github.dockerjava.zerodep.shaded.org.apache.hc.client5.http.headers -- http-outgoing-2 << HTTP/1.1 200 OK
21:10:31.519 [docker-java-stream-1411200062] DEBUG com.github.dockerjava.zerodep.shaded.org.apache.hc.client5.http.headers -- http-outgoing-2 << Api-Version: 1.47
21:10:31.519 [docker-java-stream-1411200062] DEBUG com.github.dockerjava.zerodep.shaded.org.apache.hc.client5.http.headers -- http-outgoing-2 << Content-Type: application/vnd.docker.raw-stream
21:10:31.519 [docker-java-stream-1411200062] DEBUG com.github.dockerjava.zerodep.shaded.org.apache.hc.client5.http.headers -- http-outgoing-2 << Date: Fri, 09 May 2025 18:10:31 GMT
21:10:31.519 [docker-java-stream-1411200062] DEBUG com.github.dockerjava.zerodep.shaded.org.apache.hc.client5.http.headers -- http-outgoing-2 << Docker-Experimental: false
21:10:31.519 [docker-java-stream-1411200062] DEBUG com.github.dockerjava.zerodep.shaded.org.apache.hc.client5.http.headers -- http-outgoing-2 << Ostype: linux
21:10:31.519 [docker-java-stream-1411200062] DEBUG com.github.dockerjava.zerodep.shaded.org.apache.hc.client5.http.headers -- http-outgoing-2 << Server: Docker/27.3.1 (linux)
21:10:31.519 [docker-java-stream-1411200062] DEBUG com.github.dockerjava.zerodep.shaded.org.apache.hc.client5.http.headers -- http-outgoing-2 << Transfer-Encoding: chunked
21:10:31.519 [docker-java-stream-1411200062] DEBUG com.github.dockerjava.zerodep.shaded.org.apache.hc.client5.http.impl.classic.MainClientExec -- ex-00000019: connection can be kept alive for 3 MINUTES
21:10:31.545 [docker-java-stream-1411200062] DEBUG com.github.dockerjava.zerodep.shaded.org.apache.hc.client5.http.wire -- http-outgoing-2 << "93[\r][\n]"
21:10:31.545 [docker-java-stream-1411200062] DEBUG com.github.dockerjava.zerodep.shaded.org.apache.hc.client5.http.wire -- http-outgoing-2 << "[0x1][0x0][0x0][0x0][0x0][0x0][0x0]NThe files belonging to this database system will be owned by user "postgres".[\n]"
21:10:31.545 [docker-java-stream-1411200062] DEBUG com.github.dockerjava.zerodep.shaded.org.apache.hc.client5.http.wire -- http-outgoing-2 << "[0x1][0x0][0x0][0x0][0x0][0x0][0x0],This user must also own the server process.[\n]"
21:10:31.545 [docker-java-stream-1411200062] DEBUG com.github.dockerjava.zerodep.shaded.org.apache.hc.client5.http.wire -- http-outgoing-2 << "[0x1][0x0][0x0][0x0][0x0][0x0][0x0][0x1][\n]"
21:10:31.545 [docker-java-stream-1411200062] DEBUG com.github.dockerjava.zerodep.shaded.org.apache.hc.client5.http.wire -- http-outgoing-2 << "[\r][\n]"
21:10:31.546 [main] DEBUG org.testcontainers.containers.output.WaitingConsumer -- STDOUT: The files belonging to this database system will be owned by user "postgres".
21:10:31.546 [main] DEBUG org.testcontainers.containers.output.WaitingConsumer -- STDOUT: 
21:10:31.546 [main] DEBUG org.testcontainers.containers.output.WaitingConsumer -- STDOUT: This user must also own the server process.
21:10:31.549 [docker-java-stream-1411200062] DEBUG com.github.dockerjava.zerodep.shaded.org.apache.hc.client5.http.wire -- http-outgoing-2 << "16a[\r][\n]"
21:10:31.549 [docker-java-stream-1411200062] DEBUG com.github.dockerjava.zerodep.shaded.org.apache.hc.client5.http.wire -- http-outgoing-2 << "[0x1][0x0][0x0][0x0][0x0][0x0][0x0]CThe database cluster will be initialized with locale "en_US.utf8".[\n]"
21:10:31.549 [docker-java-stream-1411200062] DEBUG com.github.dockerjava.zerodep.shaded.org.apache.hc.client5.http.wire -- http-outgoing-2 << "[0x1][0x0][0x0][0x0][0x0][0x0][0x0]BThe default database encoding has accordingly been set to "UTF8".[\n]"
21:10:31.549 [docker-java-stream-1411200062] DEBUG com.github.dockerjava.zerodep.shaded.org.apache.hc.client5.http.wire -- http-outgoing-2 << "[0x1][0x0][0x0][0x0][0x0][0x0][0x0]@The default text search configuration will be set to "english".[\n]"
21:10:31.549 [docker-java-stream-1411200062] DEBUG com.github.dockerjava.zerodep.shaded.org.apache.hc.client5.http.wire -- http-outgoing-2 << "[0x1][0x0][0x0][0x0][0x0][0x0][0x0][0x1][\n]"
21:10:31.549 [docker-java-stream-1411200062] DEBUG com.github.dockerjava.zerodep.shaded.org.apache.hc.client5.http.wire -- http-outgoing-2 << "[0x1][0x0][0x0][0x0][0x0][0x0][0x0]"Data page checksums are disabled.[\n]"
21:10:31.549 [docker-java-stream-1411200062] DEBUG com.github.dockerjava.zerodep.shaded.org.apache.hc.client5.http.wire -- http-outgoing-2 << "[0x1][0x0][0x0][0x0][0x0][0x0][0x0][0x1][\n]"
21:10:31.549 [docker-java-stream-1411200062] DEBUG com.github.dockerjava.zerodep.shaded.org.apache.hc.client5.http.wire -- http-outgoing-2 << "[0x1][0x0][0x0][0x0][0x0][0x0][0x0]Ifixing permissions on existing directory /var/lib/postgresql/data ... ok[\n]"
21:10:31.549 [docker-java-stream-1411200062] DEBUG com.github.dockerjava.zerodep.shaded.org.apache.hc.client5.http.wire -- http-outgoing-2 << "[\r][\n]"
21:10:31.557 [main] DEBUG org.testcontainers.containers.output.WaitingConsumer -- STDOUT: fixing permissions on existing directory /var/lib/postgresql/data ... ok
21:10:31.557 [main] DEBUG org.testcontainers.containers.output.WaitingConsumer -- STDOUT: 
21:10:31.557 [main] DEBUG org.testcontainers.containers.output.WaitingConsumer -- STDOUT: Data page checksums are disabled.
21:10:31.557 [main] DEBUG org.testcontainers.containers.output.WaitingConsumer -- STDOUT: 
21:10:31.557 [main] DEBUG org.testcontainers.containers.output.WaitingConsumer -- STDOUT: The default text search configuration will be set to "english".
21:10:31.558 [main] DEBUG org.testcontainers.containers.output.WaitingConsumer -- STDOUT: The default database encoding has accordingly been set to "UTF8".
21:10:31.558 [main] DEBUG org.testcontainers.containers.output.WaitingConsumer -- STDOUT: The database cluster will be initialized with locale "en_US.utf8".
21:10:31.603 [docker-java-stream-1411200062] DEBUG com.github.dockerjava.zerodep.shaded.org.apache.hc.client5.http.wire -- http-outgoing-2 << "68[\r][\n]"
21:10:31.604 [docker-java-stream-1411200062] DEBUG com.github.dockerjava.zerodep.shaded.org.apache.hc.client5.http.wire -- http-outgoing-2 << "[0x1][0x0][0x0][0x0][0x0][0x0][0x0][0x1f]creating subdirectories ... ok[\n]"
21:10:31.604 [docker-java-stream-1411200062] DEBUG com.github.dockerjava.zerodep.shaded.org.apache.hc.client5.http.wire -- http-outgoing-2 << "[0x1][0x0][0x0][0x0][0x0][0x0][0x0]9selecting dynamic shared memory implementation ... posix[\n]"
21:10:31.604 [docker-java-stream-1411200062] DEBUG com.github.dockerjava.zerodep.shaded.org.apache.hc.client5.http.wire -- http-outgoing-2 << "[\r][\n]"
21:10:31.604 [main] DEBUG org.testcontainers.containers.output.WaitingConsumer -- STDOUT: creating subdirectories ... ok
21:10:31.604 [main] DEBUG org.testcontainers.containers.output.WaitingConsumer -- STDOUT: selecting dynamic shared memory implementation ... posix
21:10:31.860 [docker-java-stream-1411200062] DEBUG com.github.dockerjava.zerodep.shaded.org.apache.hc.client5.http.wire -- http-outgoing-2 << "32[\r][\n]"
21:10:31.860 [docker-java-stream-1411200062] DEBUG com.github.dockerjava.zerodep.shaded.org.apache.hc.client5.http.wire -- http-outgoing-2 << "[0x1][0x0][0x0][0x0][0x0][0x0][0x0]*selecting default max_connections ... 100[\n]"
21:10:31.860 [docker-java-stream-1411200062] DEBUG com.github.dockerjava.zerodep.shaded.org.apache.hc.client5.http.wire -- http-outgoing-2 << "[\r][\n]"
21:10:31.866 [main] DEBUG org.testcontainers.containers.output.WaitingConsumer -- STDOUT: selecting default max_connections ... 100
21:10:31.891 [docker-java-stream-1411200062] DEBUG com.github.dockerjava.zerodep.shaded.org.apache.hc.client5.http.wire -- http-outgoing-2 << "33[\r][\n]"
21:10:31.891 [docker-java-stream-1411200062] DEBUG com.github.dockerjava.zerodep.shaded.org.apache.hc.client5.http.wire -- http-outgoing-2 << "[0x1][0x0][0x0][0x0][0x0][0x0][0x0]+selecting default shared_buffers ... 128MB[\n]"
21:10:31.891 [docker-java-stream-1411200062] DEBUG com.github.dockerjava.zerodep.shaded.org.apache.hc.client5.http.wire -- http-outgoing-2 << "[\r][\n]"
21:10:31.892 [main] DEBUG org.testcontainers.containers.output.WaitingConsumer -- STDOUT: selecting default shared_buffers ... 128MB
21:10:31.912 [docker-java-stream-1411200062] DEBUG com.github.dockerjava.zerodep.shaded.org.apache.hc.client5.http.wire -- http-outgoing-2 << "30[\r][\n]"
21:10:31.913 [docker-java-stream-1411200062] DEBUG com.github.dockerjava.zerodep.shaded.org.apache.hc.client5.http.wire -- http-outgoing-2 << "[0x1][0x0][0x0][0x0][0x0][0x0][0x0](selecting default time zone ... Etc/UTC[\n]"
21:10:31.913 [docker-java-stream-1411200062] DEBUG com.github.dockerjava.zerodep.shaded.org.apache.hc.client5.http.wire -- http-outgoing-2 << "[\r][\n]"
21:10:31.913 [main] DEBUG org.testcontainers.containers.output.WaitingConsumer -- STDOUT: selecting default time zone ... Etc/UTC
21:10:31.946 [docker-java-stream-1411200062] DEBUG com.github.dockerjava.zerodep.shaded.org.apache.hc.client5.http.wire -- http-outgoing-2 << "2c[\r][\n]"
21:10:31.946 [docker-java-stream-1411200062] DEBUG com.github.dockerjava.zerodep.shaded.org.apache.hc.client5.http.wire -- http-outgoing-2 << "[0x1][0x0][0x0][0x0][0x0][0x0][0x0]$creating configuration files ... ok[\n]"
21:10:31.946 [docker-java-stream-1411200062] DEBUG com.github.dockerjava.zerodep.shaded.org.apache.hc.client5.http.wire -- http-outgoing-2 << "[\r][\n]"
21:10:31.946 [main] DEBUG org.testcontainers.containers.output.WaitingConsumer -- STDOUT: creating configuration files ... ok
21:10:32.309 [docker-java-stream-1411200062] DEBUG com.github.dockerjava.zerodep.shaded.org.apache.hc.client5.http.wire -- http-outgoing-2 << "28[\r][\n]"
21:10:32.309 [docker-java-stream-1411200062] DEBUG com.github.dockerjava.zerodep.shaded.org.apache.hc.client5.http.wire -- http-outgoing-2 << "[0x1][0x0][0x0][0x0][0x0][0x0][0x0] running bootstrap script ... ok[\n]"
21:10:32.309 [docker-java-stream-1411200062] DEBUG com.github.dockerjava.zerodep.shaded.org.apache.hc.client5.http.wire -- http-outgoing-2 << "[\r][\n]"
21:10:32.309 [main] DEBUG org.testcontainers.containers.output.WaitingConsumer -- STDOUT: running bootstrap script ... ok
21:10:32.882 [docker-java-stream-1411200062] DEBUG com.github.dockerjava.zerodep.shaded.org.apache.hc.client5.http.wire -- http-outgoing-2 << "38[\r][\n]"
21:10:32.882 [docker-java-stream-1411200062] DEBUG com.github.dockerjava.zerodep.shaded.org.apache.hc.client5.http.wire -- http-outgoing-2 << "[0x1][0x0][0x0][0x0][0x0][0x0][0x0]0performing post-bootstrap initialization ... ok[\n]"
21:10:32.882 [docker-java-stream-1411200062] DEBUG com.github.dockerjava.zerodep.shaded.org.apache.hc.client5.http.wire -- http-outgoing-2 << "[\r][\n]"
21:10:32.882 [main] DEBUG org.testcontainers.containers.output.WaitingConsumer -- STDOUT: performing post-bootstrap initialization ... ok
21:10:33.007 [docker-java-stream-1411200062] DEBUG com.github.dockerjava.zerodep.shaded.org.apache.hc.client5.http.wire -- http-outgoing-2 << "1ad[\r][\n]"
21:10:33.007 [docker-java-stream-1411200062] DEBUG com.github.dockerjava.zerodep.shaded.org.apache.hc.client5.http.wire -- http-outgoing-2 << "[0x2][0x0][0x0][0x0][0x0][0x0][0x0]Ginitdb: warning: enabling "trust" authentication for local connections[\n]"
21:10:33.007 [docker-java-stream-1411200062] DEBUG com.github.dockerjava.zerodep.shaded.org.apache.hc.client5.http.wire -- http-outgoing-2 << "[0x2][0x0][0x0][0x0][0x0][0x0][0x0][0xffffff90]initdb: hint: You can change this by editing pg_hba.conf or using the option -A, or --auth-local and --auth-host, the next time you run initdb.[\n]"
21:10:33.007 [docker-java-stream-1411200062] DEBUG com.github.dockerjava.zerodep.shaded.org.apache.hc.client5.http.wire -- http-outgoing-2 << "[0x1][0x0][0x0][0x0][0x0][0x0][0x0][0x1c]syncing data to disk ... ok[\n]"
21:10:33.007 [docker-java-stream-1411200062] DEBUG com.github.dockerjava.zerodep.shaded.org.apache.hc.client5.http.wire -- http-outgoing-2 << "[0x1][0x0][0x0][0x0][0x0][0x0][0x0][0x1][\n]"
21:10:33.007 [docker-java-stream-1411200062] DEBUG com.github.dockerjava.zerodep.shaded.org.apache.hc.client5.http.wire -- http-outgoing-2 << "[0x1][0x0][0x0][0x0][0x0][0x0][0x0][0x1][\n]"
21:10:33.007 [docker-java-stream-1411200062] DEBUG com.github.dockerjava.zerodep.shaded.org.apache.hc.client5.http.wire -- http-outgoing-2 << "[0x1][0x0][0x0][0x0][0x0][0x0][0x0]6Success. You can now start the database server using:[\n]"
21:10:33.007 [docker-java-stream-1411200062] DEBUG com.github.dockerjava.zerodep.shaded.org.apache.hc.client5.http.wire -- http-outgoing-2 << "[0x1][0x0][0x0][0x0][0x0][0x0][0x0][0x1][\n]"
21:10:33.008 [docker-java-stream-1411200062] DEBUG com.github.dockerjava.zerodep.shaded.org.apache.hc.client5.http.wire -- http-outgoing-2 << "[0x1][0x0][0x0][0x0][0x0][0x0][0x0]8    pg_ctl -D /var/lib/postgresql/data -l logfile start[\n]"
21:10:33.008 [docker-java-stream-1411200062] DEBUG com.github.dockerjava.zerodep.shaded.org.apache.hc.client5.http.wire -- http-outgoing-2 << "[0x1][0x0][0x0][0x0][0x0][0x0][0x0][0x1][\n]"
21:10:33.008 [docker-java-stream-1411200062] DEBUG com.github.dockerjava.zerodep.shaded.org.apache.hc.client5.http.wire -- http-outgoing-2 << "[\r][\n]"
21:10:33.008 [main] DEBUG org.testcontainers.containers.output.WaitingConsumer -- STDERR: initdb: warning: enabling "trust" authentication for local connections
21:10:33.008 [main] DEBUG org.testcontainers.containers.output.WaitingConsumer -- STDOUT: 
21:10:33.008 [main] DEBUG org.testcontainers.containers.output.WaitingConsumer -- STDOUT:     pg_ctl -D /var/lib/postgresql/data -l logfile start
21:10:33.008 [main] DEBUG org.testcontainers.containers.output.WaitingConsumer -- STDOUT: 
21:10:33.008 [main] DEBUG org.testcontainers.containers.output.WaitingConsumer -- STDOUT: Success. You can now start the database server using:
21:10:33.008 [main] DEBUG org.testcontainers.containers.output.WaitingConsumer -- STDOUT: 
21:10:33.008 [main] DEBUG org.testcontainers.containers.output.WaitingConsumer -- STDOUT: 
21:10:33.008 [main] DEBUG org.testcontainers.containers.output.WaitingConsumer -- STDOUT: syncing data to disk ... ok
21:10:33.008 [main] DEBUG org.testcontainers.containers.output.WaitingConsumer -- STDERR: initdb: hint: You can change this by editing pg_hba.conf or using the option -A, or --auth-local and --auth-host, the next time you run initdb.
21:10:33.054 [docker-java-stream-1411200062] DEBUG com.github.dockerjava.zerodep.shaded.org.apache.hc.client5.http.wire -- http-outgoing-2 << "139[\r][\n]"
21:10:33.055 [docker-java-stream-1411200062] DEBUG com.github.dockerjava.zerodep.shaded.org.apache.hc.client5.http.wire -- http-outgoing-2 << "[0x1][0x0][0x0][0x0][0x0][0x0][0x0][0xffffffc5]waiting for server to start....2025-05-09 18:10:33.097 UTC [47] LOG:  starting PostgreSQL 15.12 (Debian 15.12-1.pgdg120+1) on x86_64-pc-linux-gnu, compiled by gcc (Debian 12.2.0-14) 12.2.0, 64-bit[\n]"
21:10:33.055 [docker-java-stream-1411200062] DEBUG com.github.dockerjava.zerodep.shaded.org.apache.hc.client5.http.wire -- http-outgoing-2 << "[0x1][0x0][0x0][0x0][0x0][0x0][0x0]d2025-05-09 18:10:33.097 UTC [47] LOG:  listening on Unix socket "/var/run/postgresql/.s.PGSQL.5432"[\n]"
21:10:33.055 [docker-java-stream-1411200062] DEBUG com.github.dockerjava.zerodep.shaded.org.apache.hc.client5.http.wire -- http-outgoing-2 << "[\r][\n]"
21:10:33.055 [main] DEBUG org.testcontainers.containers.output.WaitingConsumer -- STDOUT: waiting for server to start....2025-05-09 18:10:33.097 UTC [47] LOG:  starting PostgreSQL 15.12 (Debian 15.12-1.pgdg120+1) on x86_64-pc-linux-gnu, compiled by gcc (Debian 12.2.0-14) 12.2.0, 64-bit
21:10:33.055 [main] DEBUG org.testcontainers.containers.output.WaitingConsumer -- STDOUT: 2025-05-09 18:10:33.097 UTC [47] LOG:  listening on Unix socket "/var/run/postgresql/.s.PGSQL.5432"
21:10:33.056 [docker-java-stream-1411200062] DEBUG com.github.dockerjava.zerodep.shaded.org.apache.hc.client5.http.wire -- http-outgoing-2 << "68[\r][\n]"
21:10:33.056 [docker-java-stream-1411200062] DEBUG com.github.dockerjava.zerodep.shaded.org.apache.hc.client5.http.wire -- http-outgoing-2 << "[0x1][0x0][0x0][0x0][0x0][0x0][0x0]`2025-05-09 18:10:33.100 UTC [50] LOG:  database system was shut down at 2025-05-09 18:10:32 UTC[\n]"
21:10:33.056 [docker-java-stream-1411200062] DEBUG com.github.dockerjava.zerodep.shaded.org.apache.hc.client5.http.wire -- http-outgoing-2 << "[\r][\n]"
21:10:33.060 [docker-java-stream-1411200062] DEBUG com.github.dockerjava.zerodep.shaded.org.apache.hc.client5.http.wire -- http-outgoing-2 << "5e[\r][\n]"
21:10:33.061 [docker-java-stream-1411200062] DEBUG com.github.dockerjava.zerodep.shaded.org.apache.hc.client5.http.wire -- http-outgoing-2 << "[0x1][0x0][0x0][0x0][0x0][0x0][0x0]V2025-05-09 18:10:33.103 UTC [47] LOG:  database system is ready to accept connections[\n]"
21:10:33.061 [docker-java-stream-1411200062] DEBUG com.github.dockerjava.zerodep.shaded.org.apache.hc.client5.http.wire -- http-outgoing-2 << "[\r][\n]"
21:10:33.076 [main] DEBUG org.testcontainers.containers.output.WaitingConsumer -- STDOUT: 2025-05-09 18:10:33.103 UTC [47] LOG:  database system is ready to accept connections
21:10:33.076 [main] DEBUG org.testcontainers.containers.output.WaitingConsumer -- STDOUT: 2025-05-09 18:10:33.100 UTC [50] LOG:  database system was shut down at 2025-05-09 18:10:32 UTC
21:10:33.136 [docker-java-stream-1411200062] DEBUG com.github.dockerjava.zerodep.shaded.org.apache.hc.client5.http.wire -- http-outgoing-2 << "25[\r][\n]"
21:10:33.136 [docker-java-stream-1411200062] DEBUG com.github.dockerjava.zerodep.shaded.org.apache.hc.client5.http.wire -- http-outgoing-2 << "[0x1][0x0][0x0][0x0][0x0][0x0][0x0][0x6] done[\n]"
21:10:33.136 [docker-java-stream-1411200062] DEBUG com.github.dockerjava.zerodep.shaded.org.apache.hc.client5.http.wire -- http-outgoing-2 << "[0x1][0x0][0x0][0x0][0x0][0x0][0x0][0xf]server started[\n]"
21:10:33.136 [docker-java-stream-1411200062] DEBUG com.github.dockerjava.zerodep.shaded.org.apache.hc.client5.http.wire -- http-outgoing-2 << "[\r][\n]"
21:10:33.137 [main] DEBUG org.testcontainers.containers.output.WaitingConsumer -- STDOUT:  done
21:10:33.137 [main] DEBUG org.testcontainers.containers.output.WaitingConsumer -- STDOUT: server started
21:10:33.264 [docker-java-stream-1411200062] DEBUG com.github.dockerjava.zerodep.shaded.org.apache.hc.client5.http.wire -- http-outgoing-2 << "18[\r][\n]"
21:10:33.264 [docker-java-stream-1411200062] DEBUG com.github.dockerjava.zerodep.shaded.org.apache.hc.client5.http.wire -- http-outgoing-2 << "[0x1][0x0][0x0][0x0][0x0][0x0][0x0][0x10]CREATE DATABASE[\n]"
21:10:33.264 [docker-java-stream-1411200062] DEBUG com.github.dockerjava.zerodep.shaded.org.apache.hc.client5.http.wire -- http-outgoing-2 << "[\r][\n]"
21:10:33.264 [docker-java-stream-1411200062] DEBUG com.github.dockerjava.zerodep.shaded.org.apache.hc.client5.http.wire -- http-outgoing-2 << "12[\r][\n]"
21:10:33.264 [docker-java-stream-1411200062] DEBUG com.github.dockerjava.zerodep.shaded.org.apache.hc.client5.http.wire -- http-outgoing-2 << "[0x1][0x0][0x0][0x0][0x0][0x0][0x0][0x1][\n]"
21:10:33.264 [docker-java-stream-1411200062] DEBUG com.github.dockerjava.zerodep.shaded.org.apache.hc.client5.http.wire -- http-outgoing-2 << "[0x1][0x0][0x0][0x0][0x0][0x0][0x0][0x1][\n]"
21:10:33.264 [docker-java-stream-1411200062] DEBUG com.github.dockerjava.zerodep.shaded.org.apache.hc.client5.http.wire -- http-outgoing-2 << "[\r][\n]"
21:10:33.264 [docker-java-stream-1411200062] DEBUG com.github.dockerjava.zerodep.shaded.org.apache.hc.client5.http.wire -- http-outgoing-2 << "5d[\r][\n]"
21:10:33.264 [docker-java-stream-1411200062] DEBUG com.github.dockerjava.zerodep.shaded.org.apache.hc.client5.http.wire -- http-outgoing-2 << "[0x1][0x0][0x0][0x0][0x0][0x0][0x0]L/usr/local/bin/docker-entrypoint.sh: ignoring /docker-entrypoint-initdb.d/*[\n]"
21:10:33.264 [docker-java-stream-1411200062] DEBUG com.github.dockerjava.zerodep.shaded.org.apache.hc.client5.http.wire -- http-outgoing-2 << "[0x1][0x0][0x0][0x0][0x0][0x0][0x0][0x1][\n]"
21:10:33.264 [docker-java-stream-1411200062] DEBUG com.github.dockerjava.zerodep.shaded.org.apache.hc.client5.http.wire -- http-outgoing-2 << "[\r][\n]"
21:10:33.265 [docker-java-stream-1411200062] DEBUG com.github.dockerjava.zerodep.shaded.org.apache.hc.client5.http.wire -- http-outgoing-2 << "c1[\r][\n]"
21:10:33.265 [docker-java-stream-1411200062] DEBUG com.github.dockerjava.zerodep.shaded.org.apache.hc.client5.http.wire -- http-outgoing-2 << "[0x1][0x0][0x0][0x0][0x0][0x0][0x0]hwaiting for server to shut down...2025-05-09 18:10:33.310 UTC [47] LOG:  received fast shutdown request[\n]"
21:10:33.265 [docker-java-stream-1411200062] DEBUG com.github.dockerjava.zerodep.shaded.org.apache.hc.client5.http.wire -- http-outgoing-2 << "[0x1][0x0][0x0][0x0][0x0][0x0][0x0]I.2025-05-09 18:10:33.310 UTC [47] LOG:  aborting any active transactions[\n]"
21:10:33.265 [docker-java-stream-1411200062] DEBUG com.github.dockerjava.zerodep.shaded.org.apache.hc.client5.http.wire -- http-outgoing-2 << "[\r][\n]"
21:10:33.269 [docker-java-stream-1411200062] DEBUG com.github.dockerjava.zerodep.shaded.org.apache.hc.client5.http.wire -- http-outgoing-2 << "115[\r][\n]"
21:10:33.269 [docker-java-stream-1411200062] DEBUG com.github.dockerjava.zerodep.shaded.org.apache.hc.client5.http.wire -- http-outgoing-2 << "[0x1][0x0][0x0][0x0][0x0][0x0][0x0]y2025-05-09 18:10:33.313 UTC [47] LOG:  background worker "logical replication launcher" (PID 53) exited with exit code 1[\n]"
21:10:33.269 [docker-java-stream-1411200062] DEBUG com.github.dockerjava.zerodep.shaded.org.apache.hc.client5.http.wire -- http-outgoing-2 << "[0x1][0x0][0x0][0x0][0x0][0x0][0x0]52025-05-09 18:10:33.313 UTC [48] LOG:  shutting down[\n]"
21:10:33.269 [docker-java-stream-1411200062] DEBUG com.github.dockerjava.zerodep.shaded.org.apache.hc.client5.http.wire -- http-outgoing-2 << "[0x1][0x0][0x0][0x0][0x0][0x0][0x0]O2025-05-09 18:10:33.313 UTC [48] LOG:  checkpoint starting: shutdown immediate[\n]"
21:10:33.269 [docker-java-stream-1411200062] DEBUG com.github.dockerjava.zerodep.shaded.org.apache.hc.client5.http.wire -- http-outgoing-2 << "[\r][\n]"
21:10:33.276 [docker-java-stream-1411200062] DEBUG com.github.dockerjava.zerodep.shaded.org.apache.hc.client5.http.wire -- http-outgoing-2 << "109[\r][\n]"
21:10:33.276 [docker-java-stream-1411200062] DEBUG com.github.dockerjava.zerodep.shaded.org.apache.hc.client5.http.wire -- http-outgoing-2 << "[0x1][0x0][0x0][0x0][0x0][0x0][0x1][0x1]2025-05-09 18:10:33.320 UTC [48] LOG:  checkpoint complete: wrote 918 buffers (5.6%); 0 WAL file(s) added, 0 removed, 0 recycled; write=0.007 s, sync=0.001 s, total=0.008 s; sync files=0, longest=0.000 s, average=0.000 s; distance=4222 kB, estimate=4222 kB[\n]"
21:10:33.276 [docker-java-stream-1411200062] DEBUG com.github.dockerjava.zerodep.shaded.org.apache.hc.client5.http.wire -- http-outgoing-2 << "[\r][\n]"
21:10:33.278 [main] DEBUG org.testcontainers.containers.output.WaitingConsumer -- STDOUT: 2025-05-09 18:10:33.320 UTC [48] LOG:  checkpoint complete: wrote 918 buffers (5.6%); 0 WAL file(s) added, 0 removed, 0 recycled; write=0.007 s, sync=0.001 s, total=0.008 s; sync files=0, longest=0.000 s, average=0.000 s; distance=4222 kB, estimate=4222 kB
21:10:33.278 [main] DEBUG org.testcontainers.containers.output.WaitingConsumer -- STDOUT: 2025-05-09 18:10:33.313 UTC [48] LOG:  checkpoint starting: shutdown immediate
21:10:33.278 [main] DEBUG org.testcontainers.containers.output.WaitingConsumer -- STDOUT: 2025-05-09 18:10:33.313 UTC [48] LOG:  shutting down
21:10:33.278 [main] DEBUG org.testcontainers.containers.output.WaitingConsumer -- STDOUT: 2025-05-09 18:10:33.313 UTC [47] LOG:  background worker "logical replication launcher" (PID 53) exited with exit code 1
21:10:33.278 [main] DEBUG org.testcontainers.containers.output.WaitingConsumer -- STDOUT: .2025-05-09 18:10:33.310 UTC [47] LOG:  aborting any active transactions
21:10:33.278 [main] DEBUG org.testcontainers.containers.output.WaitingConsumer -- STDOUT: waiting for server to shut down...2025-05-09 18:10:33.310 UTC [47] LOG:  received fast shutdown request
21:10:33.278 [main] DEBUG org.testcontainers.containers.output.WaitingConsumer -- STDOUT: 
21:10:33.278 [main] DEBUG org.testcontainers.containers.output.WaitingConsumer -- STDOUT: /usr/local/bin/docker-entrypoint.sh: ignoring /docker-entrypoint-initdb.d/*
21:10:33.278 [main] DEBUG org.testcontainers.containers.output.WaitingConsumer -- STDOUT: 
21:10:33.278 [main] DEBUG org.testcontainers.containers.output.WaitingConsumer -- STDOUT: 
21:10:33.278 [main] DEBUG org.testcontainers.containers.output.WaitingConsumer -- STDOUT: CREATE DATABASE
21:10:33.282 [docker-java-stream-1411200062] DEBUG com.github.dockerjava.zerodep.shaded.org.apache.hc.client5.http.wire -- http-outgoing-2 << "4c[\r][\n]"
21:10:33.282 [docker-java-stream-1411200062] DEBUG com.github.dockerjava.zerodep.shaded.org.apache.hc.client5.http.wire -- http-outgoing-2 << "[0x1][0x0][0x0][0x0][0x0][0x0][0x0]D2025-05-09 18:10:33.326 UTC [47] LOG:  database system is shut down[\n]"
21:10:33.282 [docker-java-stream-1411200062] DEBUG com.github.dockerjava.zerodep.shaded.org.apache.hc.client5.http.wire -- http-outgoing-2 << "[\r][\n]"
21:10:33.293 [main] DEBUG org.testcontainers.containers.output.WaitingConsumer -- STDOUT: 2025-05-09 18:10:33.326 UTC [47] LOG:  database system is shut down
21:10:33.367 [docker-java-stream-1411200062] DEBUG com.github.dockerjava.zerodep.shaded.org.apache.hc.client5.http.wire -- http-outgoing-2 << "25[\r][\n]"
21:10:33.367 [docker-java-stream-1411200062] DEBUG com.github.dockerjava.zerodep.shaded.org.apache.hc.client5.http.wire -- http-outgoing-2 << "[0x1][0x0][0x0][0x0][0x0][0x0][0x0][0x6] done[\n]"
21:10:33.367 [docker-java-stream-1411200062] DEBUG com.github.dockerjava.zerodep.shaded.org.apache.hc.client5.http.wire -- http-outgoing-2 << "[0x1][0x0][0x0][0x0][0x0][0x0][0x0][0xf]server stopped[\n]"
21:10:33.367 [docker-java-stream-1411200062] DEBUG com.github.dockerjava.zerodep.shaded.org.apache.hc.client5.http.wire -- http-outgoing-2 << "[\r][\n]"
21:10:33.367 [main] DEBUG org.testcontainers.containers.output.WaitingConsumer -- STDOUT: server stopped
21:10:33.367 [main] DEBUG org.testcontainers.containers.output.WaitingConsumer -- STDOUT:  done
21:10:33.368 [docker-java-stream-1411200062] DEBUG com.github.dockerjava.zerodep.shaded.org.apache.hc.client5.http.wire -- http-outgoing-2 << "50[\r][\n]"
21:10:33.368 [docker-java-stream-1411200062] DEBUG com.github.dockerjava.zerodep.shaded.org.apache.hc.client5.http.wire -- http-outgoing-2 << "[0x1][0x0][0x0][0x0][0x0][0x0][0x0][0x1][\n]"
21:10:33.368 [docker-java-stream-1411200062] DEBUG com.github.dockerjava.zerodep.shaded.org.apache.hc.client5.http.wire -- http-outgoing-2 << "[0x1][0x0][0x0][0x0][0x0][0x0][0x0]6PostgreSQL init process complete; ready for start up.[\n]"
21:10:33.368 [docker-java-stream-1411200062] DEBUG com.github.dockerjava.zerodep.shaded.org.apache.hc.client5.http.wire -- http-outgoing-2 << "[0x1][0x0][0x0][0x0][0x0][0x0][0x0][0x1][\n]"
21:10:33.368 [docker-java-stream-1411200062] DEBUG com.github.dockerjava.zerodep.shaded.org.apache.hc.client5.http.wire -- http-outgoing-2 << "[\r][\n]"
21:10:33.385 [main] DEBUG org.testcontainers.containers.output.WaitingConsumer -- STDOUT: 
21:10:33.385 [main] DEBUG org.testcontainers.containers.output.WaitingConsumer -- STDOUT: PostgreSQL init process complete; ready for start up.
21:10:33.385 [main] DEBUG org.testcontainers.containers.output.WaitingConsumer -- STDOUT: 
21:10:33.387 [docker-java-stream-1411200062] DEBUG com.github.dockerjava.zerodep.shaded.org.apache.hc.client5.http.wire -- http-outgoing-2 << "1cd[\r][\n]"
21:10:33.387 [docker-java-stream-1411200062] DEBUG com.github.dockerjava.zerodep.shaded.org.apache.hc.client5.http.wire -- http-outgoing-2 << "[0x2][0x0][0x0][0x0][0x0][0x0][0x0][0xffffffa5]2025-05-09 18:10:33.430 UTC [1] LOG:  starting PostgreSQL 15.12 (Debian 15.12-1.pgdg120+1) on x86_64-pc-linux-gnu, compiled by gcc (Debian 12.2.0-14) 12.2.0, 64-bit[\n]"
21:10:33.387 [docker-java-stream-1411200062] DEBUG com.github.dockerjava.zerodep.shaded.org.apache.hc.client5.http.wire -- http-outgoing-2 << "[0x2][0x0][0x0][0x0][0x0][0x0][0x0]U2025-05-09 18:10:33.430 UTC [1] LOG:  listening on IPv4 address "0.0.0.0", port 5432[\n]"
21:10:33.387 [docker-java-stream-1411200062] DEBUG com.github.dockerjava.zerodep.shaded.org.apache.hc.client5.http.wire -- http-outgoing-2 << "[0x2][0x0][0x0][0x0][0x0][0x0][0x0]P2025-05-09 18:10:33.430 UTC [1] LOG:  listening on IPv6 address "::", port 5432[\n]"
21:10:33.387 [docker-java-stream-1411200062] DEBUG com.github.dockerjava.zerodep.shaded.org.apache.hc.client5.http.wire -- http-outgoing-2 << "[0x2][0x0][0x0][0x0][0x0][0x0][0x0]c2025-05-09 18:10:33.430 UTC [1] LOG:  listening on Unix socket "/var/run/postgresql/.s.PGSQL.5432"[\n]"
21:10:33.387 [docker-java-stream-1411200062] DEBUG com.github.dockerjava.zerodep.shaded.org.apache.hc.client5.http.wire -- http-outgoing-2 << "[\r][\n]"
21:10:33.389 [docker-java-stream-1411200062] DEBUG com.github.dockerjava.zerodep.shaded.org.apache.hc.client5.http.wire -- http-outgoing-2 << "68[\r][\n]"
21:10:33.389 [docker-java-stream-1411200062] DEBUG com.github.dockerjava.zerodep.shaded.org.apache.hc.client5.http.wire -- http-outgoing-2 << "[0x2][0x0][0x0][0x0][0x0][0x0][0x0]`2025-05-09 18:10:33.433 UTC [63] LOG:  database system was shut down at 2025-05-09 18:10:33 UTC[\n]"
21:10:33.389 [docker-java-stream-1411200062] DEBUG com.github.dockerjava.zerodep.shaded.org.apache.hc.client5.http.wire -- http-outgoing-2 << "[\r][\n]"
21:10:33.392 [docker-java-stream-1411200062] DEBUG com.github.dockerjava.zerodep.shaded.org.apache.hc.client5.http.wire -- http-outgoing-2 << "5d[\r][\n]"
21:10:33.392 [docker-java-stream-1411200062] DEBUG com.github.dockerjava.zerodep.shaded.org.apache.hc.client5.http.wire -- http-outgoing-2 << "[0x2][0x0][0x0][0x0][0x0][0x0][0x0]U2025-05-09 18:10:33.438 UTC [1] LOG:  database system is ready to accept connections[\n]"
21:10:33.392 [docker-java-stream-1411200062] DEBUG com.github.dockerjava.zerodep.shaded.org.apache.hc.client5.http.wire -- http-outgoing-2 << "[\r][\n]"
21:10:33.400 [main] DEBUG org.testcontainers.containers.output.WaitingConsumer -- STDERR: 2025-05-09 18:10:33.438 UTC [1] LOG:  database system is ready to accept connections
21:10:33.400 [main] DEBUG com.github.dockerjava.zerodep.shaded.org.apache.hc.client5.http.impl.classic.InternalHttpClient -- ep-00000018: cancel
21:10:33.400 [main] DEBUG com.github.dockerjava.zerodep.shaded.org.apache.hc.client5.http.impl.io.DefaultManagedHttpClientConnection -- http-outgoing-2: close connection IMMEDIATE
21:10:33.400 [main] DEBUG com.github.dockerjava.zerodep.shaded.org.apache.hc.client5.http.impl.classic.InternalHttpClient -- ep-00000018: endpoint closed
21:10:33.401 [main] DEBUG com.github.dockerjava.zerodep.shaded.org.apache.hc.client5.http.impl.classic.InternalHttpClient -- ep-00000018: discarding endpoint
21:10:33.401 [docker-java-stream-1411200062] DEBUG com.github.dockerjava.zerodep.shaded.org.apache.hc.client5.http.wire -- http-outgoing-2 << "end of stream"
21:10:33.401 [main] DEBUG com.github.dockerjava.zerodep.shaded.org.apache.hc.client5.http.impl.io.PoolingHttpClientConnectionManager -- ep-00000018: releasing endpoint
21:10:33.401 [main] DEBUG com.github.dockerjava.zerodep.shaded.org.apache.hc.client5.http.impl.io.PoolingHttpClientConnectionManager -- ep-00000018: connection is not kept alive
21:10:33.401 [main] DEBUG com.github.dockerjava.zerodep.shaded.org.apache.hc.client5.http.impl.io.PoolingHttpClientConnectionManager -- ep-00000018: connection released [route: {}->npipe://localhost:2375][total available: 0; route allocated: 0 of 2147483647; total allocated: 0 of 2147483647]
21:10:33.401 [docker-java-stream-1411200062] DEBUG com.github.dockerjava.zerodep.shaded.org.apache.hc.client5.http.wire -- http-outgoing-2 << "[read] I/O error: java.nio.channels.ClosedChannelException"
21:10:33.401 [main] DEBUG com.github.dockerjava.zerodep.shaded.org.apache.hc.client5.http.wire -- http-outgoing-2 << "[read] I/O error: java.nio.channels.ClosedChannelException"
21:10:33.401 [docker-java-stream-1411200062] DEBUG com.github.dockerjava.zerodep.ApacheDockerHttpClientImpl$ApacheResponse -- Failed to close the response
java.io.IOException: java.nio.channels.ClosedChannelException
	at java.base/java.nio.channels.Channels$2.read(Channels.java:240)
	at com.github.dockerjava.zerodep.shaded.org.apache.hc.client5.http.impl.io.LoggingInputStream.read(LoggingInputStream.java:81)
	at com.github.dockerjava.zerodep.shaded.org.apache.hc.core5.http.impl.io.SessionInputBufferImpl.fillBuffer(SessionInputBufferImpl.java:149)
	at com.github.dockerjava.zerodep.shaded.org.apache.hc.core5.http.impl.io.SessionInputBufferImpl.readLine(SessionInputBufferImpl.java:280)
	at com.github.dockerjava.zerodep.shaded.org.apache.hc.core5.http.impl.io.ChunkedInputStream.getChunkSize(ChunkedInputStream.java:261)
	at com.github.dockerjava.zerodep.shaded.org.apache.hc.core5.http.impl.io.ChunkedInputStream.nextChunk(ChunkedInputStream.java:222)
	at com.github.dockerjava.zerodep.shaded.org.apache.hc.core5.http.impl.io.ChunkedInputStream.read(ChunkedInputStream.java:147)
	at com.github.dockerjava.zerodep.shaded.org.apache.hc.core5.http.impl.io.ChunkedInputStream.close(ChunkedInputStream.java:314)
	at com.github.dockerjava.zerodep.shaded.org.apache.hc.core5.io.Closer.close(Closer.java:48)
	at com.github.dockerjava.zerodep.shaded.org.apache.hc.core5.http.impl.io.IncomingHttpEntity.close(IncomingHttpEntity.java:111)
	at com.github.dockerjava.zerodep.shaded.org.apache.hc.core5.http.io.entity.HttpEntityWrapper.close(HttpEntityWrapper.java:120)
	at com.github.dockerjava.zerodep.shaded.org.apache.hc.core5.io.Closer.close(Closer.java:48)
	at com.github.dockerjava.zerodep.shaded.org.apache.hc.core5.http.message.BasicClassicHttpResponse.close(BasicClassicHttpResponse.java:93)
	at com.github.dockerjava.zerodep.shaded.org.apache.hc.client5.http.impl.classic.CloseableHttpResponse.close(CloseableHttpResponse.java:200)
	at com.github.dockerjava.zerodep.ApacheDockerHttpClientImpl$ApacheResponse.close(ApacheDockerHttpClientImpl.java:271)
	at org.testcontainers.shaded.com.github.dockerjava.core.DefaultInvocationBuilder.lambda$executeAndStream$1(DefaultInvocationBuilder.java:277)
	at java.base/java.lang.Thread.run(Thread.java:842)
Caused by: java.nio.channels.ClosedChannelException: null
	at java.base/sun.nio.ch.WindowsAsynchronousFileChannelImpl.implRead(WindowsAsynchronousFileChannelImpl.java:516)
	at java.base/sun.nio.ch.AsynchronousFileChannelImpl.read(AsynchronousFileChannelImpl.java:229)
	at com.github.dockerjava.transport.NamedPipeSocket$AsynchronousFileByteChannel.read(NamedPipeSocket.java:117)
	at java.base/java.nio.channels.Channels$2.read(Channels.java:238)
	... 16 common frames omitted
21:10:33.401 [main] DEBUG com.github.dockerjava.zerodep.ApacheDockerHttpClientImpl$ApacheResponse -- Failed to close the response
java.io.IOException: java.nio.channels.ClosedChannelException
	at java.base/java.nio.channels.Channels$2.read(Channels.java:240)
	at com.github.dockerjava.zerodep.shaded.org.apache.hc.client5.http.impl.io.LoggingInputStream.read(LoggingInputStream.java:81)
	at com.github.dockerjava.zerodep.shaded.org.apache.hc.core5.http.impl.io.SessionInputBufferImpl.fillBuffer(SessionInputBufferImpl.java:149)
	at com.github.dockerjava.zerodep.shaded.org.apache.hc.core5.http.impl.io.SessionInputBufferImpl.readLine(SessionInputBufferImpl.java:280)
	at com.github.dockerjava.zerodep.shaded.org.apache.hc.core5.http.impl.io.ChunkedInputStream.getChunkSize(ChunkedInputStream.java:261)
	at com.github.dockerjava.zerodep.shaded.org.apache.hc.core5.http.impl.io.ChunkedInputStream.nextChunk(ChunkedInputStream.java:222)
	at com.github.dockerjava.zerodep.shaded.org.apache.hc.core5.http.impl.io.ChunkedInputStream.read(ChunkedInputStream.java:147)
	at com.github.dockerjava.zerodep.shaded.org.apache.hc.core5.http.impl.io.ChunkedInputStream.close(ChunkedInputStream.java:314)
	at com.github.dockerjava.zerodep.shaded.org.apache.hc.core5.io.Closer.close(Closer.java:48)
	at com.github.dockerjava.zerodep.shaded.org.apache.hc.core5.http.impl.io.IncomingHttpEntity.close(IncomingHttpEntity.java:111)
	at com.github.dockerjava.zerodep.shaded.org.apache.hc.core5.http.io.entity.HttpEntityWrapper.close(HttpEntityWrapper.java:120)
	at com.github.dockerjava.zerodep.shaded.org.apache.hc.core5.io.Closer.close(Closer.java:48)
	at com.github.dockerjava.zerodep.shaded.org.apache.hc.core5.http.message.BasicClassicHttpResponse.close(BasicClassicHttpResponse.java:93)
	at com.github.dockerjava.zerodep.shaded.org.apache.hc.client5.http.impl.classic.CloseableHttpResponse.close(CloseableHttpResponse.java:200)
	at com.github.dockerjava.zerodep.ApacheDockerHttpClientImpl$ApacheResponse.close(ApacheDockerHttpClientImpl.java:271)
	at org.testcontainers.shaded.com.github.dockerjava.core.DefaultInvocationBuilder.lambda$null$0(DefaultInvocationBuilder.java:272)
	at com.github.dockerjava.api.async.ResultCallbackTemplate.close(ResultCallbackTemplate.java:77)
	at org.testcontainers.containers.output.FrameConsumerResultCallback.close(FrameConsumerResultCallback.java:69)
	at org.testcontainers.containers.wait.strategy.LogMessageWaitStrategy.waitUntilReady(LogMessageWaitStrategy.java:49)
	at org.testcontainers.containers.wait.strategy.AbstractWaitStrategy.waitUntilReady(AbstractWaitStrategy.java:52)
	at org.testcontainers.containers.PostgreSQLContainer.waitUntilContainerStarted(PostgreSQLContainer.java:149)
	at org.testcontainers.containers.GenericContainer.tryStart(GenericContainer.java:500)
	at org.testcontainers.containers.GenericContainer.lambda$doStart$0(GenericContainer.java:354)
	at org.rnorth.ducttape.unreliables.Unreliables.retryUntilSuccess(Unreliables.java:81)
	at org.testcontainers.containers.GenericContainer.doStart(GenericContainer.java:344)
	at org.testcontainers.containers.GenericContainer.start(GenericContainer.java:330)
	at Utils.Util.getEntityManagerFactory(Util.java:25)
	at org.lab2.OwnerDAOImpl.save(OwnerDAOImpl.java:16)
	at org.lab2.OwnerDAOTest.testDeleteOwner(OwnerDAOTest.java:135)
	at java.base/jdk.internal.reflect.NativeMethodAccessorImpl.invoke0(Native Method)
	at java.base/jdk.internal.reflect.NativeMethodAccessorImpl.invoke(NativeMethodAccessorImpl.java:77)
	at java.base/jdk.internal.reflect.DelegatingMethodAccessorImpl.invoke(DelegatingMethodAccessorImpl.java:43)
	at java.base/java.lang.reflect.Method.invoke(Method.java:568)
	at org.junit.platform.commons.util.ReflectionUtils.invokeMethod(ReflectionUtils.java:775)
	at org.junit.platform.commons.support.ReflectionSupport.invokeMethod(ReflectionSupport.java:479)
	at org.junit.jupiter.engine.execution.MethodInvocation.proceed(MethodInvocation.java:60)
	at org.junit.jupiter.engine.execution.InvocationInterceptorChain$ValidatingInvocation.proceed(InvocationInterceptorChain.java:131)
	at org.junit.jupiter.engine.extension.TimeoutExtension.intercept(TimeoutExtension.java:161)
	at org.junit.jupiter.engine.extension.TimeoutExtension.interceptTestableMethod(TimeoutExtension.java:152)
	at org.junit.jupiter.engine.extension.TimeoutExtension.interceptTestMethod(TimeoutExtension.java:91)
	at org.junit.jupiter.engine.execution.InterceptingExecutableInvoker$ReflectiveInterceptorCall.lambda$ofVoidMethod$0(InterceptingExecutableInvoker.java:112)
	at org.junit.jupiter.engine.execution.InterceptingExecutableInvoker.lambda$invoke$0(InterceptingExecutableInvoker.java:94)
	at org.junit.jupiter.engine.execution.InvocationInterceptorChain$InterceptedInvocation.proceed(InvocationInterceptorChain.java:106)
	at org.junit.jupiter.engine.execution.InvocationInterceptorChain.proceed(InvocationInterceptorChain.java:64)
	at org.junit.jupiter.engine.execution.InvocationInterceptorChain.chainAndInvoke(InvocationInterceptorChain.java:45)
	at org.junit.jupiter.engine.execution.InvocationInterceptorChain.invoke(InvocationInterceptorChain.java:37)
	at org.junit.jupiter.engine.execution.InterceptingExecutableInvoker.invoke(InterceptingExecutableInvoker.java:93)
	at org.junit.jupiter.engine.execution.InterceptingExecutableInvoker.invoke(InterceptingExecutableInvoker.java:87)
	at org.junit.jupiter.engine.descriptor.TestMethodTestDescriptor.lambda$invokeTestMethod$7(TestMethodTestDescriptor.java:216)
	at org.junit.platform.engine.support.hierarchical.ThrowableCollector.execute(ThrowableCollector.java:73)
	at org.junit.jupiter.engine.descriptor.TestMethodTestDescriptor.invokeTestMethod(TestMethodTestDescriptor.java:212)
	at org.junit.jupiter.engine.descriptor.TestMethodTestDescriptor.execute(TestMethodTestDescriptor.java:137)
	at org.junit.jupiter.engine.descriptor.TestMethodTestDescriptor.execute(TestMethodTestDescriptor.java:69)
	at org.junit.platform.engine.support.hierarchical.NodeTestTask.lambda$executeRecursively$6(NodeTestTask.java:156)
	at org.junit.platform.engine.support.hierarchical.ThrowableCollector.execute(ThrowableCollector.java:73)
	at org.junit.platform.engine.support.hierarchical.NodeTestTask.lambda$executeRecursively$8(NodeTestTask.java:146)
	at org.junit.platform.engine.support.hierarchical.Node.around(Node.java:137)
	at org.junit.platform.engine.support.hierarchical.NodeTestTask.lambda$executeRecursively$9(NodeTestTask.java:144)
	at org.junit.platform.engine.support.hierarchical.ThrowableCollector.execute(ThrowableCollector.java:73)
	at org.junit.platform.engine.support.hierarchical.NodeTestTask.executeRecursively(NodeTestTask.java:143)
	at org.junit.platform.engine.support.hierarchical.NodeTestTask.execute(NodeTestTask.java:100)
	at java.base/java.util.ArrayList.forEach(ArrayList.java:1511)
	at org.junit.platform.engine.support.hierarchical.SameThreadHierarchicalTestExecutorService.invokeAll(SameThreadHierarchicalTestExecutorService.java:41)
	at org.junit.platform.engine.support.hierarchical.NodeTestTask.lambda$executeRecursively$6(NodeTestTask.java:160)
	at org.junit.platform.engine.support.hierarchical.ThrowableCollector.execute(ThrowableCollector.java:73)
	at org.junit.platform.engine.support.hierarchical.NodeTestTask.lambda$executeRecursively$8(NodeTestTask.java:146)
	at org.junit.platform.engine.support.hierarchical.Node.around(Node.java:137)
	at org.junit.platform.engine.support.hierarchical.NodeTestTask.lambda$executeRecursively$9(NodeTestTask.java:144)
	at org.junit.platform.engine.support.hierarchical.ThrowableCollector.execute(ThrowableCollector.java:73)
	at org.junit.platform.engine.support.hierarchical.NodeTestTask.executeRecursively(NodeTestTask.java:143)
	at org.junit.platform.engine.support.hierarchical.NodeTestTask.execute(NodeTestTask.java:100)
	at java.base/java.util.ArrayList.forEach(ArrayList.java:1511)
	at org.junit.platform.engine.support.hierarchical.SameThreadHierarchicalTestExecutorService.invokeAll(SameThreadHierarchicalTestExecutorService.java:41)
	at org.junit.platform.engine.support.hierarchical.NodeTestTask.lambda$executeRecursively$6(NodeTestTask.java:160)
	at org.junit.platform.engine.support.hierarchical.ThrowableCollector.execute(ThrowableCollector.java:73)
	at org.junit.platform.engine.support.hierarchical.NodeTestTask.lambda$executeRecursively$8(NodeTestTask.java:146)
	at org.junit.platform.engine.support.hierarchical.Node.around(Node.java:137)
	at org.junit.platform.engine.support.hierarchical.NodeTestTask.lambda$executeRecursively$9(NodeTestTask.java:144)
	at org.junit.platform.engine.support.hierarchical.ThrowableCollector.execute(ThrowableCollector.java:73)
	at org.junit.platform.engine.support.hierarchical.NodeTestTask.executeRecursively(NodeTestTask.java:143)
	at org.junit.platform.engine.support.hierarchical.NodeTestTask.execute(NodeTestTask.java:100)
	at org.junit.platform.engine.support.hierarchical.SameThreadHierarchicalTestExecutorService.submit(SameThreadHierarchicalTestExecutorService.java:35)
	at org.junit.platform.engine.support.hierarchical.HierarchicalTestExecutor.execute(HierarchicalTestExecutor.java:57)
	at org.junit.platform.engine.support.hierarchical.HierarchicalTestEngine.execute(HierarchicalTestEngine.java:54)
	at org.junit.platform.launcher.core.EngineExecutionOrchestrator.execute(EngineExecutionOrchestrator.java:201)
	at org.junit.platform.launcher.core.EngineExecutionOrchestrator.execute(EngineExecutionOrchestrator.java:170)
	at org.junit.platform.launcher.core.EngineExecutionOrchestrator.execute(EngineExecutionOrchestrator.java:94)
	at org.junit.platform.launcher.core.EngineExecutionOrchestrator.lambda$execute$0(EngineExecutionOrchestrator.java:59)
	at org.junit.platform.launcher.core.EngineExecutionOrchestrator.withInterceptedStreams(EngineExecutionOrchestrator.java:142)
	at org.junit.platform.launcher.core.EngineExecutionOrchestrator.execute(EngineExecutionOrchestrator.java:58)
	at org.junit.platform.launcher.core.DefaultLauncher.execute(DefaultLauncher.java:103)
	at org.junit.platform.launcher.core.DefaultLauncher.execute(DefaultLauncher.java:85)
	at org.junit.platform.launcher.core.DelegatingLauncher.execute(DelegatingLauncher.java:47)
	at org.junit.platform.launcher.core.InterceptingLauncher.lambda$execute$1(InterceptingLauncher.java:39)
	at org.junit.platform.launcher.core.ClasspathAlignmentCheckingLauncherInterceptor.intercept(ClasspathAlignmentCheckingLauncherInterceptor.java:25)
	at org.junit.platform.launcher.core.InterceptingLauncher.execute(InterceptingLauncher.java:38)
	at org.junit.platform.launcher.core.DelegatingLauncher.execute(DelegatingLauncher.java:47)
	at org.apache.maven.surefire.junitplatform.LazyLauncher.execute(LazyLauncher.java:56)
	at org.apache.maven.surefire.junitplatform.JUnitPlatformProvider.execute(JUnitPlatformProvider.java:184)
	at org.apache.maven.surefire.junitplatform.JUnitPlatformProvider.invokeAllTests(JUnitPlatformProvider.java:148)
	at org.apache.maven.surefire.junitplatform.JUnitPlatformProvider.invoke(JUnitPlatformProvider.java:122)
	at org.apache.maven.surefire.booter.ForkedBooter.runSuitesInProcess(ForkedBooter.java:385)
	at org.apache.maven.surefire.booter.ForkedBooter.execute(ForkedBooter.java:162)
	at org.apache.maven.surefire.booter.ForkedBooter.run(ForkedBooter.java:507)
	at org.apache.maven.surefire.booter.ForkedBooter.main(ForkedBooter.java:495)
Caused by: java.nio.channels.ClosedChannelException: null
	at java.base/sun.nio.ch.WindowsAsynchronousFileChannelImpl.implRead(WindowsAsynchronousFileChannelImpl.java:516)
	at java.base/sun.nio.ch.AsynchronousFileChannelImpl.read(AsynchronousFileChannelImpl.java:229)
	at com.github.dockerjava.transport.NamedPipeSocket$AsynchronousFileByteChannel.read(NamedPipeSocket.java:117)
	at java.base/java.nio.channels.Channels$2.read(Channels.java:238)
	... 104 common frames omitted
21:10:33.402 [main] INFO tc.postgres:15 -- Container postgres:15 started in PT2.9539057S
21:10:33.402 [main] INFO tc.postgres:15 -- Container is started (JDBC URL: jdbc:postgresql://localhost:49852/petdb?loggerLevel=OFF)
JDBC URL: jdbc:postgresql://localhost:49852/petdb?loggerLevel=OFF
21:10:33.402 [main] DEBUG org.testcontainers.shaded.com.github.dockerjava.core.command.AbstrDockerCmd -- Cmd: 19e247a3c356f3aaa864df104231944521fad30219e573ee85495acd7eafbbb4,false
21:10:33.403 [main] DEBUG org.testcontainers.shaded.com.github.dockerjava.core.exec.InspectContainerCmdExec -- GET: DefaultWebTarget{path=[/containers/19e247a3c356f3aaa864df104231944521fad30219e573ee85495acd7eafbbb4/json], queryParams={}}
21:10:33.403 [main] DEBUG com.github.dockerjava.zerodep.shaded.org.apache.hc.client5.http.impl.classic.InternalHttpClient -- ex-0000001A: preparing request execution
21:10:33.403 [main] DEBUG com.github.dockerjava.zerodep.shaded.org.apache.hc.client5.http.protocol.RequestAddCookies -- Cookie spec selected: strict
21:10:33.403 [main] DEBUG com.github.dockerjava.zerodep.shaded.org.apache.hc.client5.http.protocol.RequestAuthCache -- Auth cache not set in the context
21:10:33.403 [main] DEBUG com.github.dockerjava.zerodep.shaded.org.apache.hc.client5.http.impl.classic.ProtocolExec -- ex-0000001A: target auth state: UNCHALLENGED
21:10:33.403 [main] DEBUG com.github.dockerjava.zerodep.shaded.org.apache.hc.client5.http.impl.classic.ProtocolExec -- ex-0000001A: proxy auth state: UNCHALLENGED
21:10:33.403 [main] DEBUG com.github.dockerjava.zerodep.shaded.org.apache.hc.client5.http.impl.classic.ConnectExec -- ex-0000001A: acquiring connection with route {}->npipe://localhost:2375
21:10:33.403 [main] DEBUG com.github.dockerjava.zerodep.shaded.org.apache.hc.client5.http.impl.classic.InternalHttpClient -- ex-0000001A: acquiring endpoint (3 MINUTES)
21:10:33.403 [main] DEBUG com.github.dockerjava.zerodep.shaded.org.apache.hc.client5.http.impl.io.PoolingHttpClientConnectionManager -- ex-0000001A: endpoint lease request (3 MINUTES) [route: {}->npipe://localhost:2375][total available: 0; route allocated: 0 of 2147483647; total allocated: 0 of 2147483647]
21:10:33.403 [main] DEBUG com.github.dockerjava.zerodep.shaded.org.apache.hc.client5.http.impl.io.PoolingHttpClientConnectionManager -- ex-0000001A: endpoint leased [route: {}->npipe://localhost:2375][total available: 0; route allocated: 1 of 2147483647; total allocated: 1 of 2147483647]
21:10:33.403 [main] DEBUG com.github.dockerjava.zerodep.shaded.org.apache.hc.client5.http.impl.io.PoolingHttpClientConnectionManager -- ex-0000001A: acquired ep-00000019
21:10:33.403 [main] DEBUG com.github.dockerjava.zerodep.shaded.org.apache.hc.client5.http.impl.classic.InternalHttpClient -- ex-0000001A: acquired endpoint ep-00000019
21:10:33.403 [main] DEBUG com.github.dockerjava.zerodep.shaded.org.apache.hc.client5.http.impl.classic.ConnectExec -- ex-0000001A: opening connection {}->npipe://localhost:2375
21:10:33.403 [main] DEBUG com.github.dockerjava.zerodep.shaded.org.apache.hc.client5.http.impl.classic.InternalHttpClient -- ep-00000019: connecting endpoint (3 MINUTES)
21:10:33.403 [main] DEBUG com.github.dockerjava.zerodep.shaded.org.apache.hc.client5.http.impl.io.PoolingHttpClientConnectionManager -- ep-00000019: connecting endpoint to npipe://localhost:2375 (3 MINUTES)
21:10:33.404 [main] DEBUG com.github.dockerjava.zerodep.shaded.org.apache.hc.client5.http.impl.io.DefaultHttpClientConnectionOperator -- http-outgoing-3: connecting to localhost/127.0.0.1:2375
21:10:33.405 [main] DEBUG com.github.dockerjava.zerodep.shaded.org.apache.hc.client5.http.impl.io.DefaultHttpClientConnectionOperator -- http-outgoing-3: connection established 
21:10:33.405 [main] DEBUG com.github.dockerjava.zerodep.shaded.org.apache.hc.client5.http.impl.io.PoolingHttpClientConnectionManager -- ep-00000019: connected http-outgoing-3
21:10:33.405 [main] DEBUG com.github.dockerjava.zerodep.shaded.org.apache.hc.client5.http.impl.classic.InternalHttpClient -- ep-00000019: endpoint connected
21:10:33.405 [main] DEBUG com.github.dockerjava.zerodep.shaded.org.apache.hc.client5.http.impl.classic.MainClientExec -- ex-0000001A: executing GET /v1.32/containers/19e247a3c356f3aaa864df104231944521fad30219e573ee85495acd7eafbbb4/json HTTP/1.1
21:10:33.405 [main] DEBUG com.github.dockerjava.zerodep.shaded.org.apache.hc.client5.http.impl.classic.InternalHttpClient -- ep-00000019: start execution ex-0000001A
21:10:33.405 [main] DEBUG com.github.dockerjava.zerodep.shaded.org.apache.hc.client5.http.impl.io.PoolingHttpClientConnectionManager -- ep-00000019: executing exchange ex-0000001A over http-outgoing-3
21:10:33.405 [main] DEBUG com.github.dockerjava.zerodep.shaded.org.apache.hc.client5.http.headers -- http-outgoing-3 >> GET /v1.32/containers/19e247a3c356f3aaa864df104231944521fad30219e573ee85495acd7eafbbb4/json HTTP/1.1
21:10:33.405 [main] DEBUG com.github.dockerjava.zerodep.shaded.org.apache.hc.client5.http.headers -- http-outgoing-3 >> accept: application/json
21:10:33.405 [main] DEBUG com.github.dockerjava.zerodep.shaded.org.apache.hc.client5.http.headers -- http-outgoing-3 >> x-tc-sid: 2a607c29-9f73-4ad7-8e0e-ab764e999503
21:10:33.405 [main] DEBUG com.github.dockerjava.zerodep.shaded.org.apache.hc.client5.http.headers -- http-outgoing-3 >> User-Agent: tc-java/1.19.7
21:10:33.405 [main] DEBUG com.github.dockerjava.zerodep.shaded.org.apache.hc.client5.http.headers -- http-outgoing-3 >> Accept-Encoding: gzip, x-gzip, deflate
21:10:33.405 [main] DEBUG com.github.dockerjava.zerodep.shaded.org.apache.hc.client5.http.headers -- http-outgoing-3 >> Host: localhost:2375
21:10:33.405 [main] DEBUG com.github.dockerjava.zerodep.shaded.org.apache.hc.client5.http.headers -- http-outgoing-3 >> Connection: keep-alive
21:10:33.405 [main] DEBUG com.github.dockerjava.zerodep.shaded.org.apache.hc.client5.http.wire -- http-outgoing-3 >> "GET /v1.32/containers/19e247a3c356f3aaa864df104231944521fad30219e573ee85495acd7eafbbb4/json HTTP/1.1[\r][\n]"
21:10:33.405 [main] DEBUG com.github.dockerjava.zerodep.shaded.org.apache.hc.client5.http.wire -- http-outgoing-3 >> "accept: application/json[\r][\n]"
21:10:33.405 [main] DEBUG com.github.dockerjava.zerodep.shaded.org.apache.hc.client5.http.wire -- http-outgoing-3 >> "x-tc-sid: 2a607c29-9f73-4ad7-8e0e-ab764e999503[\r][\n]"
21:10:33.405 [main] DEBUG com.github.dockerjava.zerodep.shaded.org.apache.hc.client5.http.wire -- http-outgoing-3 >> "User-Agent: tc-java/1.19.7[\r][\n]"
21:10:33.405 [main] DEBUG com.github.dockerjava.zerodep.shaded.org.apache.hc.client5.http.wire -- http-outgoing-3 >> "Accept-Encoding: gzip, x-gzip, deflate[\r][\n]"
21:10:33.405 [main] DEBUG com.github.dockerjava.zerodep.shaded.org.apache.hc.client5.http.wire -- http-outgoing-3 >> "Host: localhost:2375[\r][\n]"
21:10:33.405 [main] DEBUG com.github.dockerjava.zerodep.shaded.org.apache.hc.client5.http.wire -- http-outgoing-3 >> "Connection: keep-alive[\r][\n]"
21:10:33.405 [main] DEBUG com.github.dockerjava.zerodep.shaded.org.apache.hc.client5.http.wire -- http-outgoing-3 >> "[\r][\n]"
21:10:33.408 [main] DEBUG com.github.dockerjava.zerodep.shaded.org.apache.hc.client5.http.wire -- http-outgoing-3 << "HTTP/1.1 200 OK[\r][\n]"
21:10:33.408 [main] DEBUG com.github.dockerjava.zerodep.shaded.org.apache.hc.client5.http.wire -- http-outgoing-3 << "Api-Version: 1.47[\r][\n]"
21:10:33.408 [main] DEBUG com.github.dockerjava.zerodep.shaded.org.apache.hc.client5.http.wire -- http-outgoing-3 << "Content-Type: application/json[\r][\n]"
21:10:33.408 [main] DEBUG com.github.dockerjava.zerodep.shaded.org.apache.hc.client5.http.wire -- http-outgoing-3 << "Date: Fri, 09 May 2025 18:10:33 GMT[\r][\n]"
21:10:33.408 [main] DEBUG com.github.dockerjava.zerodep.shaded.org.apache.hc.client5.http.wire -- http-outgoing-3 << "Docker-Experimental: false[\r][\n]"
21:10:33.408 [main] DEBUG com.github.dockerjava.zerodep.shaded.org.apache.hc.client5.http.wire -- http-outgoing-3 << "Ostype: linux[\r][\n]"
21:10:33.408 [main] DEBUG com.github.dockerjava.zerodep.shaded.org.apache.hc.client5.http.wire -- http-outgoing-3 << "Server: Docker/27.3.1 (linux)[\r][\n]"
21:10:33.408 [main] DEBUG com.github.dockerjava.zerodep.shaded.org.apache.hc.client5.http.wire -- http-outgoing-3 << "Transfer-Encoding: chunked[\r][\n]"
21:10:33.408 [main] DEBUG com.github.dockerjava.zerodep.shaded.org.apache.hc.client5.http.wire -- http-outgoing-3 << "[\r][\n]"
21:10:33.408 [main] DEBUG com.github.dockerjava.zerodep.shaded.org.apache.hc.client5.http.headers -- http-outgoing-3 << HTTP/1.1 200 OK
21:10:33.408 [main] DEBUG com.github.dockerjava.zerodep.shaded.org.apache.hc.client5.http.headers -- http-outgoing-3 << Api-Version: 1.47
21:10:33.408 [main] DEBUG com.github.dockerjava.zerodep.shaded.org.apache.hc.client5.http.headers -- http-outgoing-3 << Content-Type: application/json
21:10:33.408 [main] DEBUG com.github.dockerjava.zerodep.shaded.org.apache.hc.client5.http.headers -- http-outgoing-3 << Date: Fri, 09 May 2025 18:10:33 GMT
21:10:33.408 [main] DEBUG com.github.dockerjava.zerodep.shaded.org.apache.hc.client5.http.headers -- http-outgoing-3 << Docker-Experimental: false
21:10:33.408 [main] DEBUG com.github.dockerjava.zerodep.shaded.org.apache.hc.client5.http.headers -- http-outgoing-3 << Ostype: linux
21:10:33.408 [main] DEBUG com.github.dockerjava.zerodep.shaded.org.apache.hc.client5.http.headers -- http-outgoing-3 << Server: Docker/27.3.1 (linux)
21:10:33.408 [main] DEBUG com.github.dockerjava.zerodep.shaded.org.apache.hc.client5.http.headers -- http-outgoing-3 << Transfer-Encoding: chunked
21:10:33.408 [main] DEBUG com.github.dockerjava.zerodep.shaded.org.apache.hc.client5.http.impl.classic.MainClientExec -- ex-0000001A: connection can be kept alive for 3 MINUTES
21:10:33.409 [main] DEBUG com.github.dockerjava.zerodep.shaded.org.apache.hc.client5.http.wire -- http-outgoing-3 << "1355[\r][\n]"
21:10:33.409 [main] DEBUG com.github.dockerjava.zerodep.shaded.org.apache.hc.client5.http.wire -- http-outgoing-3 << "{"Id":"19e247a3c356f3aaa864df104231944521fad30219e573ee85495acd7eafbbb4","Created":"2025-05-09T18:10:30.536411731Z","Path":"docker-entrypoint.sh","Args":["postgres","-c","fsync=off"],"State":{"Status":"running","Running":true,"Paused":false,"Restarting":false,"OOMKilled":false,"Dead":false,"Pid":2044,"ExitCode":0,"Error":"","StartedAt":"2025-05-09T18:10:30.969097218Z","FinishedAt":"0001-01-01T00:00:00Z"},"Image":"sha256:fe45ed1a824b81c0c9c605890963b67501758ca8c946db89089c85ce0f88e974","ResolvConfPath":"/var/lib/docker/containers/19e247a3c356f3aaa864df104231944521fad30219e573ee85495acd7eafbbb4/resolv.conf","HostnamePath":"/var/lib/docker/containers/19e247a3c356f3aaa864df104231944521fad30219e573ee85495acd7eafbbb4/hostname","HostsPath":"/var/lib/docker/containers/19e247a3c356f3aaa864df104231944521fad30219e573ee85495acd7eafbbb4/hosts","LogPath":"/var/lib/docker/containers/19e247a3c356f3aaa864df104231944521fad30219e573ee85495acd7eafbbb4/19e247a3c356f3aaa864df104231944521fad30219e573ee85495acd7eafbbb4-json.log","Name":"/agitated_kalam","RestartCount":0,"Driver":"overlayfs","Platform":"linux","MountLabel":"","ProcessLabel":"","AppArmorProfile":"","ExecIDs":null,"HostConfig":{"Binds":[],"ContainerIDFile":"","LogConfig":{"Type":"json-file","Config":{}},"NetworkMode":"bridge","PortBindings":{"5432/tcp":[{"HostIp":"0.0.0.0","HostPort":"0"}]},"RestartPolicy":{"Name":"no","MaximumRetryCount":0},"AutoRemove":false,"VolumeDriver":"","VolumesFrom":[],"ConsoleSize":[0,0],"CapAdd":null,"CapDrop":null,"CgroupnsMode":"host","Dns":null,"DnsOptions":null,"DnsSearch":null,"ExtraHosts":[],"GroupAdd":null,"IpcMode":"shareable","Cgroup":"","Links":null,"OomScoreAdj":0,"PidMode":"","Privileged":false,"PublishAllPorts":false,"ReadonlyRootfs":false,"SecurityOpt":null,"UTSMode":"","UsernsMode":"","ShmSize":67108864,"Runtime":"runc","Isolation":"","CpuShares":0,"Memory":0,"NanoCpus":0,"CgroupParent":"","BlkioWeight":0,"BlkioWeightDevice":null,"BlkioDeviceReadBps":null,"BlkioDeviceWriteBps":null,"BlkioDeviceReadIOps":null,"BlkioDeviceWriteIOps":null,"CpuPeriod":0,"CpuQuota":0,"CpuRealtimePeriod":0,"CpuRealtimeRuntime":0,"CpusetCpus":"","CpusetMems":"","Devices":null,"DeviceCgroupRules":null,"DeviceRequests":null,"MemoryReservation":0,"MemorySwap":0,"MemorySwappiness":null,"OomKillDisable":false,"PidsLimit":null,"Ulimits":null,"CpuCount":0,"CpuPercent":0,"IOMaximumIOps":0,"IOMaximumBandwidth":0,"MaskedPaths":["/proc/asound","/proc/acpi","/proc/kcore","/proc/keys","/proc/latency_stats","/proc/timer_list","/proc/timer_stats","/proc/sched_debug","/proc/scsi","/sys/firmware","/sys/devices/virtual/powercap"],"ReadonlyPaths":["/proc/bus","/proc/fs","/proc/irq","/proc/sys","/proc/sysrq-trigger"]},"GraphDriver":{"Data":null,"Name":"overlayfs"},"Mounts":[{"Type":"volume","Name":"30413ef7a75de957c4882023f3dff48f8fe3e412514a6634ed16f1b4830afea6","Source":"/var/lib/docker/volumes/30413ef7a75de957c4882023f3dff48f8fe3e412514a6634ed16f1b4830afea6/_data","Destination":"/var/lib/postgresql/data","Driver":"local","Mode":"","RW":true,"Propagation":""}],"Config":{"Hostname":"19e247a3c356","Domainname":"","User":"","AttachStdin":false,"AttachStdout":false,"AttachStderr":false,"ExposedPorts":{"5432/tcp":{}},"Tty":false,"OpenStdin":false,"StdinOnce":false,"Env":["POSTGRES_USER=postgres","POSTGRES_PASSWORD=password","POSTGRES_DB=petdb","PATH=/usr/local/sbin:/usr/local/bin:/usr/sbin:/usr/bin:/sbin:/bin:/usr/lib/postgresql/15/bin","GOSU_VERSION=1.17","LANG=en_US.utf8","PG_MAJOR=15","PG_VERSION=15.12-1.pgdg120+1","PGDATA=/var/lib/postgresql/data"],"Cmd":["postgres","-c","fsync=off"],"Image":"postgres:15","Volumes":{"/var/lib/postgresql/data":{}},"WorkingDir":"","Entrypoint":["docker-entrypoint.sh"],"OnBuild":null,"Labels":{"org.testcontainers":"true","org.testcontainers.lang":"java","org.testcontainers.sessionId":"2a607c29-9f73-4ad7-8e0e-ab764e999503","org.testcontainers.version":"1.19.7"},"StopSignal":"SIGINT"},"NetworkSettings":{"Bridge":"","SandboxID":"6c378286c242f15e36c274d08af039b609de23adf77f45282f517be28fd26fbd","SandboxKey":"/var/run/docker/netns/6c378286c242","Por"
21:10:33.410 [main] DEBUG com.github.dockerjava.zerodep.shaded.org.apache.hc.client5.http.wire -- http-outgoing-3 << "ts":{"5432/tcp":[{"HostIp":"0.0.0.0","HostPort":"49852"}]},"HairpinMode":false,"LinkLocalIPv6Address":"","LinkLocalIPv6PrefixLen":0,"SecondaryIPAddresses":null,"SecondaryIPv6Addresses":null,"EndpointID":"96a9e768cec47b146947b57b3830d018c938a701dd2e8218423c1047252aa4c4","Gateway":"172.17.0.1","GlobalIPv6Address":"","GlobalIPv6PrefixLen":0,"IPAddress":"172.17.0.4","IPPrefixLen":16,"IPv6Gateway":"","MacAddress":"02:42:ac:11:00:04","Networks":{"bridge":{"IPAMConfig":null,"Links":null,"Aliases":null,"MacAddress":"02:42:ac:11:00:04","DriverOpts":null,"NetworkID":"f0594820a60c9d6c1293e01ac8a804eac606a0cdb0dcd01c085bc8a3a64632ab","EndpointID":"96a9e768cec47b146947b57b3830d018c938a701dd2e8218423c1047252aa4c4","Gateway":"172.17.0.1","IPAddress":"172.17.0.4","IPPrefixLen":16,"IPv6Gateway":"","GlobalIPv6Address":"","GlobalIPv6PrefixLen":0,"DNSNames":null}}}}[\n]"
21:10:33.411 [main] DEBUG com.github.dockerjava.zerodep.shaded.org.apache.hc.client5.http.wire -- http-outgoing-3 << "[\r][\n]"
21:10:33.411 [main] DEBUG com.github.dockerjava.zerodep.shaded.org.apache.hc.client5.http.wire -- http-outgoing-3 << "0[\r][\n]"
21:10:33.411 [main] DEBUG com.github.dockerjava.zerodep.shaded.org.apache.hc.client5.http.wire -- http-outgoing-3 << "[\r][\n]"
21:10:33.411 [main] DEBUG com.github.dockerjava.zerodep.shaded.org.apache.hc.client5.http.impl.classic.InternalHttpClient -- ep-00000019: releasing valid endpoint
21:10:33.411 [main] DEBUG com.github.dockerjava.zerodep.shaded.org.apache.hc.client5.http.impl.io.PoolingHttpClientConnectionManager -- ep-00000019: releasing endpoint
21:10:33.412 [main] DEBUG com.github.dockerjava.zerodep.shaded.org.apache.hc.client5.http.impl.io.PoolingHttpClientConnectionManager -- ep-00000019: connection http-outgoing-3 can be kept alive for 3 MINUTES
21:10:33.412 [main] DEBUG com.github.dockerjava.zerodep.shaded.org.apache.hc.client5.http.impl.io.PoolingHttpClientConnectionManager -- ep-00000019: connection released [route: {}->npipe://localhost:2375][total available: 1; route allocated: 1 of 2147483647; total allocated: 1 of 2147483647]
Container running: true
21:10:33.629 [main] DEBUG org.hibernate.jpa.HibernatePersistenceProvider -- Located and parsed 1 persistence units; checking each
21:10:33.629 [main] DEBUG org.hibernate.jpa.HibernatePersistenceProvider -- Checking persistence-unit [name=pet_persistence_unit, explicit-provider=org.hibernate.jpa.HibernatePersistenceProvider] against incoming persistence unit name [pet_persistence_unit]
21:10:33.630 [main] DEBUG org.hibernate.jpa.boot.spi.ProviderChecker -- Persistence-unit [pet_persistence_unit] requested PersistenceProvider [org.hibernate.jpa.HibernatePersistenceProvider]
21:10:33.636 [main] DEBUG org.hibernate.jpa.internal.util.LogHelper -- PersistenceUnitInfo [
	name: pet_persistence_unit
	persistence provider classname: org.hibernate.jpa.HibernatePersistenceProvider
	classloader: null
	excludeUnlistedClasses: false
	JTA datasource: null
	Non JTA datasource: null
	Transaction type: RESOURCE_LOCAL
	PU root URL: file:/C:/Users/76162/IdeaProjects/SkyWhyWaIker/Lab2/DAO/target/classes/
	Shared Cache Mode: null
	Validation Mode: null
	Jar files URLs []
	Managed classes names [
		org.lab2.Owners.Owner
		org.lab2.Pets.Pet]
	Mapping files names []
	Properties [
		javax.persistence.jdbc.user: postgres
		hibernate.dialect: org.hibernate.dialect.PostgreSQLDialect
		javax.persistence.jdbc.url: jdbc:postgresql://localhost:5432/pets
		hibernate.format_sql: true
		javax.persistence.jdbc.driver: org.postgresql.Driver
		hibernate.connection.username: postgres
		hibernate.hbm2ddl.auto: create-drop
		hibernate.connection.url: jdbc:postgresql://localhost:49852/petdb?loggerLevel=OFF
		hibernate.connection.password: password
		hibernate.show_sql: true
		javax.persistence.jdbc.password: Pofigict2005]
21:10:33.636 [main] DEBUG org.hibernate.integrator.internal.IntegratorServiceImpl -- Adding Integrator [org.hibernate.boot.beanvalidation.BeanValidationIntegrator].
21:10:33.636 [main] DEBUG org.hibernate.integrator.internal.IntegratorServiceImpl -- Adding Integrator [org.hibernate.cache.internal.CollectionCacheInvalidator].
21:10:33.641 [main] WARN org.hibernate.orm.deprecation -- HHH90000021: Encountered deprecated setting [javax.persistence.jdbc.driver], use [jakarta.persistence.jdbc.driver] instead
21:10:33.643 [main] DEBUG org.hibernate.orm.idgen.factory -- Ignoring CDI for resolving IdentifierGenerator instances as extended or delayed CDI support was enabled
21:10:33.644 [main] DEBUG org.hibernate.orm.idgen.factory -- Registering IdentifierGenerator strategy [uuid2] -> [org.hibernate.id.UUIDGenerator]
21:10:33.644 [main] DEBUG org.hibernate.orm.idgen.factory -- Registering IdentifierGenerator strategy [guid] -> [org.hibernate.id.GUIDGenerator]
21:10:33.644 [main] DEBUG org.hibernate.orm.idgen.factory -- Registering IdentifierGenerator strategy [uuid] -> [org.hibernate.id.UUIDHexGenerator]
21:10:33.644 [main] DEBUG org.hibernate.orm.idgen.factory -- Registering IdentifierGenerator strategy [uuid.hex] -> [org.hibernate.id.UUIDHexGenerator]
21:10:33.644 [main] DEBUG org.hibernate.orm.idgen.factory -- Registering IdentifierGenerator strategy [assigned] -> [org.hibernate.id.Assigned]
21:10:33.644 [main] DEBUG org.hibernate.orm.idgen.factory -- Registering IdentifierGenerator strategy [identity] -> [org.hibernate.id.IdentityGenerator]
21:10:33.644 [main] DEBUG org.hibernate.orm.idgen.factory -- Registering IdentifierGenerator strategy [select] -> [org.hibernate.id.SelectGenerator]
21:10:33.644 [main] DEBUG org.hibernate.orm.idgen.factory -- Registering IdentifierGenerator strategy [sequence] -> [org.hibernate.id.enhanced.SequenceStyleGenerator]
21:10:33.644 [main] DEBUG org.hibernate.orm.idgen.factory -- Registering IdentifierGenerator strategy [increment] -> [org.hibernate.id.IncrementGenerator]
21:10:33.644 [main] DEBUG org.hibernate.orm.idgen.factory -- Registering IdentifierGenerator strategy [foreign] -> [org.hibernate.id.ForeignGenerator]
21:10:33.644 [main] DEBUG org.hibernate.orm.idgen.factory -- Registering IdentifierGenerator strategy [enhanced-sequence] -> [org.hibernate.id.enhanced.SequenceStyleGenerator]
21:10:33.644 [main] DEBUG org.hibernate.orm.idgen.factory -- Registering IdentifierGenerator strategy [enhanced-table] -> [org.hibernate.id.enhanced.TableGenerator]
21:10:33.644 [main] DEBUG org.hibernate.cache.internal.RegionFactoryInitiator -- Cannot default RegionFactory based on registered strategies as `[]` RegionFactory strategies were registered
21:10:33.644 [main] INFO org.hibernate.cache.internal.RegionFactoryInitiator -- HHH000026: Second-level cache disabled
21:10:33.645 [main] DEBUG org.hibernate.type.BasicTypeRegistry -- Adding type registration boolean -> org.hibernate.type.BasicTypeReference@55e3d6c3
21:10:33.645 [main] DEBUG org.hibernate.type.BasicTypeRegistry -- Adding type registration boolean -> org.hibernate.type.BasicTypeReference@55e3d6c3
21:10:33.645 [main] DEBUG org.hibernate.type.BasicTypeRegistry -- Adding type registration java.lang.Boolean -> org.hibernate.type.BasicTypeReference@55e3d6c3
21:10:33.645 [main] DEBUG org.hibernate.type.BasicTypeRegistry -- Adding type registration numeric_boolean -> org.hibernate.type.BasicTypeReference@30e6a763
21:10:33.645 [main] DEBUG org.hibernate.type.BasicTypeRegistry -- Adding type registration org.hibernate.type.NumericBooleanConverter -> org.hibernate.type.BasicTypeReference@30e6a763
21:10:33.645 [main] DEBUG org.hibernate.type.BasicTypeRegistry -- Adding type registration true_false -> org.hibernate.type.BasicTypeReference@4c48fe92
21:10:33.645 [main] DEBUG org.hibernate.type.BasicTypeRegistry -- Adding type registration org.hibernate.type.TrueFalseConverter -> org.hibernate.type.BasicTypeReference@4c48fe92
21:10:33.645 [main] DEBUG org.hibernate.type.BasicTypeRegistry -- Adding type registration yes_no -> org.hibernate.type.BasicTypeReference@732c9b5c
21:10:33.645 [main] DEBUG org.hibernate.type.BasicTypeRegistry -- Adding type registration org.hibernate.type.YesNoConverter -> org.hibernate.type.BasicTypeReference@732c9b5c
21:10:33.645 [main] DEBUG org.hibernate.type.BasicTypeRegistry -- Adding type registration byte -> org.hibernate.type.BasicTypeReference@38320e34
21:10:33.645 [main] DEBUG org.hibernate.type.BasicTypeRegistry -- Adding type registration byte -> org.hibernate.type.BasicTypeReference@38320e34
21:10:33.645 [main] DEBUG org.hibernate.type.BasicTypeRegistry -- Adding type registration java.lang.Byte -> org.hibernate.type.BasicTypeReference@38320e34
21:10:33.645 [main] DEBUG org.hibernate.type.BasicTypeRegistry -- Adding type registration binary -> org.hibernate.type.BasicTypeReference@3d6a6bee
21:10:33.645 [main] DEBUG org.hibernate.type.BasicTypeRegistry -- Adding type registration byte[] -> org.hibernate.type.BasicTypeReference@3d6a6bee
21:10:33.645 [main] DEBUG org.hibernate.type.BasicTypeRegistry -- Adding type registration [B -> org.hibernate.type.BasicTypeReference@3d6a6bee
21:10:33.645 [main] DEBUG org.hibernate.type.BasicTypeRegistry -- Adding type registration binary_wrapper -> org.hibernate.type.BasicTypeReference@36ddaebf
21:10:33.645 [main] DEBUG org.hibernate.type.BasicTypeRegistry -- Adding type registration wrapper-binary -> org.hibernate.type.BasicTypeReference@36ddaebf
21:10:33.645 [main] DEBUG org.hibernate.type.BasicTypeRegistry -- Adding type registration image -> org.hibernate.type.BasicTypeReference@213c3543
21:10:33.645 [main] DEBUG org.hibernate.type.BasicTypeRegistry -- Adding type registration blob -> org.hibernate.type.BasicTypeReference@9d7ccfe
21:10:33.645 [main] DEBUG org.hibernate.type.BasicTypeRegistry -- Adding type registration java.sql.Blob -> org.hibernate.type.BasicTypeReference@9d7ccfe
21:10:33.645 [main] DEBUG org.hibernate.type.BasicTypeRegistry -- Adding type registration materialized_blob -> org.hibernate.type.BasicTypeReference@670ce331
21:10:33.645 [main] DEBUG org.hibernate.type.BasicTypeRegistry -- Adding type registration materialized_blob_wrapper -> org.hibernate.type.BasicTypeReference@3cff0139
21:10:33.645 [main] DEBUG org.hibernate.type.BasicTypeRegistry -- Adding type registration short -> org.hibernate.type.BasicTypeReference@7c29adc8
21:10:33.645 [main] DEBUG org.hibernate.type.BasicTypeRegistry -- Adding type registration short -> org.hibernate.type.BasicTypeReference@7c29adc8
21:10:33.645 [main] DEBUG org.hibernate.type.BasicTypeRegistry -- Adding type registration java.lang.Short -> org.hibernate.type.BasicTypeReference@7c29adc8
21:10:33.645 [main] DEBUG org.hibernate.type.BasicTypeRegistry -- Adding type registration integer -> org.hibernate.type.BasicTypeReference@4b2e3e8f
21:10:33.645 [main] DEBUG org.hibernate.type.BasicTypeRegistry -- Adding type registration int -> org.hibernate.type.BasicTypeReference@4b2e3e8f
21:10:33.645 [main] DEBUG org.hibernate.type.BasicTypeRegistry -- Adding type registration java.lang.Integer -> org.hibernate.type.BasicTypeReference@4b2e3e8f
21:10:33.645 [main] DEBUG org.hibernate.type.BasicTypeRegistry -- Adding type registration long -> org.hibernate.type.BasicTypeReference@4bbb49b0
21:10:33.645 [main] DEBUG org.hibernate.type.BasicTypeRegistry -- Adding type registration long -> org.hibernate.type.BasicTypeReference@4bbb49b0
21:10:33.645 [main] DEBUG org.hibernate.type.BasicTypeRegistry -- Adding type registration java.lang.Long -> org.hibernate.type.BasicTypeReference@4bbb49b0
21:10:33.645 [main] DEBUG org.hibernate.type.BasicTypeRegistry -- Adding type registration float -> org.hibernate.type.BasicTypeReference@f096f37
21:10:33.645 [main] DEBUG org.hibernate.type.BasicTypeRegistry -- Adding type registration float -> org.hibernate.type.BasicTypeReference@f096f37
21:10:33.645 [main] DEBUG org.hibernate.type.BasicTypeRegistry -- Adding type registration java.lang.Float -> org.hibernate.type.BasicTypeReference@f096f37
21:10:33.645 [main] DEBUG org.hibernate.type.BasicTypeRegistry -- Adding type registration double -> org.hibernate.type.BasicTypeReference@3effd4f3
21:10:33.645 [main] DEBUG org.hibernate.type.BasicTypeRegistry -- Adding type registration double -> org.hibernate.type.BasicTypeReference@3effd4f3
21:10:33.645 [main] DEBUG org.hibernate.type.BasicTypeRegistry -- Adding type registration java.lang.Double -> org.hibernate.type.BasicTypeReference@3effd4f3
21:10:33.645 [main] DEBUG org.hibernate.type.BasicTypeRegistry -- Adding type registration big_integer -> org.hibernate.type.BasicTypeReference@41f4fe5
21:10:33.645 [main] DEBUG org.hibernate.type.BasicTypeRegistry -- Adding type registration java.math.BigInteger -> org.hibernate.type.BasicTypeReference@41f4fe5
21:10:33.645 [main] DEBUG org.hibernate.type.BasicTypeRegistry -- Adding type registration big_decimal -> org.hibernate.type.BasicTypeReference@15f8701f
21:10:33.645 [main] DEBUG org.hibernate.type.BasicTypeRegistry -- Adding type registration java.math.BigDecimal -> org.hibernate.type.BasicTypeReference@15f8701f
21:10:33.645 [main] DEBUG org.hibernate.type.BasicTypeRegistry -- Adding type registration character -> org.hibernate.type.BasicTypeReference@514cd540
21:10:33.645 [main] DEBUG org.hibernate.type.BasicTypeRegistry -- Adding type registration char -> org.hibernate.type.BasicTypeReference@514cd540
21:10:33.645 [main] DEBUG org.hibernate.type.BasicTypeRegistry -- Adding type registration java.lang.Character -> org.hibernate.type.BasicTypeReference@514cd540
21:10:33.645 [main] DEBUG org.hibernate.type.BasicTypeRegistry -- Adding type registration character_nchar -> org.hibernate.type.BasicTypeReference@11d4dbd6
21:10:33.645 [main] DEBUG org.hibernate.type.BasicTypeRegistry -- Adding type registration string -> org.hibernate.type.BasicTypeReference@6f4ade6e
21:10:33.645 [main] DEBUG org.hibernate.type.BasicTypeRegistry -- Adding type registration java.lang.String -> org.hibernate.type.BasicTypeReference@6f4ade6e
21:10:33.645 [main] DEBUG org.hibernate.type.BasicTypeRegistry -- Adding type registration nstring -> org.hibernate.type.BasicTypeReference@39e43310
21:10:33.645 [main] DEBUG org.hibernate.type.BasicTypeRegistry -- Adding type registration characters -> org.hibernate.type.BasicTypeReference@eb507b9
21:10:33.645 [main] DEBUG org.hibernate.type.BasicTypeRegistry -- Adding type registration char[] -> org.hibernate.type.BasicTypeReference@eb507b9
21:10:33.645 [main] DEBUG org.hibernate.type.BasicTypeRegistry -- Adding type registration [C -> org.hibernate.type.BasicTypeReference@eb507b9
21:10:33.645 [main] DEBUG org.hibernate.type.BasicTypeRegistry -- Adding type registration wrapper-characters -> org.hibernate.type.BasicTypeReference@390877d2
21:10:33.645 [main] DEBUG org.hibernate.type.BasicTypeRegistry -- Adding type registration text -> org.hibernate.type.BasicTypeReference@86733
21:10:33.645 [main] DEBUG org.hibernate.type.BasicTypeRegistry -- Adding type registration ntext -> org.hibernate.type.BasicTypeReference@186cb891
21:10:33.645 [main] DEBUG org.hibernate.type.BasicTypeRegistry -- Adding type registration clob -> org.hibernate.type.BasicTypeReference@3ec2ecea
21:10:33.645 [main] DEBUG org.hibernate.type.BasicTypeRegistry -- Adding type registration java.sql.Clob -> org.hibernate.type.BasicTypeReference@3ec2ecea
21:10:33.645 [main] DEBUG org.hibernate.type.BasicTypeRegistry -- Adding type registration nclob -> org.hibernate.type.BasicTypeReference@440eaa07
21:10:33.645 [main] DEBUG org.hibernate.type.BasicTypeRegistry -- Adding type registration java.sql.NClob -> org.hibernate.type.BasicTypeReference@440eaa07
21:10:33.645 [main] DEBUG org.hibernate.type.BasicTypeRegistry -- Adding type registration materialized_clob -> org.hibernate.type.BasicTypeReference@7fc7c4a
21:10:33.645 [main] DEBUG org.hibernate.type.BasicTypeRegistry -- Adding type registration materialized_clob_char_array -> org.hibernate.type.BasicTypeReference@7aa9e414
21:10:33.645 [main] DEBUG org.hibernate.type.BasicTypeRegistry -- Adding type registration materialized_clob_character_array -> org.hibernate.type.BasicTypeReference@53a5e217
21:10:33.645 [main] DEBUG org.hibernate.type.BasicTypeRegistry -- Adding type registration materialized_nclob -> org.hibernate.type.BasicTypeReference@624a24f6
21:10:33.645 [main] DEBUG org.hibernate.type.BasicTypeRegistry -- Adding type registration materialized_nclob_character_array -> org.hibernate.type.BasicTypeReference@6b00ad9
21:10:33.645 [main] DEBUG org.hibernate.type.BasicTypeRegistry -- Adding type registration materialized_nclob_char_array -> org.hibernate.type.BasicTypeReference@338cc75f
21:10:33.645 [main] DEBUG org.hibernate.type.BasicTypeRegistry -- Adding type registration Duration -> org.hibernate.type.BasicTypeReference@4f453e63
21:10:33.645 [main] DEBUG org.hibernate.type.BasicTypeRegistry -- Adding type registration java.time.Duration -> org.hibernate.type.BasicTypeReference@4f453e63
21:10:33.645 [main] DEBUG org.hibernate.type.BasicTypeRegistry -- Adding type registration LocalDateTime -> org.hibernate.type.BasicTypeReference@7c9bdee9
21:10:33.646 [main] DEBUG org.hibernate.type.BasicTypeRegistry -- Adding type registration java.time.LocalDateTime -> org.hibernate.type.BasicTypeReference@7c9bdee9
21:10:33.646 [main] DEBUG org.hibernate.type.BasicTypeRegistry -- Adding type registration LocalDate -> org.hibernate.type.BasicTypeReference@7afbf561
21:10:33.646 [main] DEBUG org.hibernate.type.BasicTypeRegistry -- Adding type registration java.time.LocalDate -> org.hibernate.type.BasicTypeReference@7afbf561
21:10:33.646 [main] DEBUG org.hibernate.type.BasicTypeRegistry -- Adding type registration LocalTime -> org.hibernate.type.BasicTypeReference@2f98635e
21:10:33.646 [main] DEBUG org.hibernate.type.BasicTypeRegistry -- Adding type registration java.time.LocalTime -> org.hibernate.type.BasicTypeReference@2f98635e
21:10:33.646 [main] DEBUG org.hibernate.type.BasicTypeRegistry -- Adding type registration OffsetDateTime -> org.hibernate.type.BasicTypeReference@49c8f6e8
21:10:33.646 [main] DEBUG org.hibernate.type.BasicTypeRegistry -- Adding type registration java.time.OffsetDateTime -> org.hibernate.type.BasicTypeReference@49c8f6e8
21:10:33.646 [main] DEBUG org.hibernate.type.BasicTypeRegistry -- Adding type registration OffsetDateTimeWithTimezone -> org.hibernate.type.BasicTypeReference@6b0615ae
21:10:33.646 [main] DEBUG org.hibernate.type.BasicTypeRegistry -- Adding type registration OffsetDateTimeWithoutTimezone -> org.hibernate.type.BasicTypeReference@4e73b552
21:10:33.646 [main] DEBUG org.hibernate.type.BasicTypeRegistry -- Adding type registration OffsetTime -> org.hibernate.type.BasicTypeReference@221dad51
21:10:33.646 [main] DEBUG org.hibernate.type.BasicTypeRegistry -- Adding type registration java.time.OffsetTime -> org.hibernate.type.BasicTypeReference@221dad51
21:10:33.646 [main] DEBUG org.hibernate.type.BasicTypeRegistry -- Adding type registration OffsetTimeUtc -> org.hibernate.type.BasicTypeReference@2cec704c
21:10:33.646 [main] DEBUG org.hibernate.type.BasicTypeRegistry -- Adding type registration OffsetTimeWithTimezone -> org.hibernate.type.BasicTypeReference@771cbb1a
21:10:33.646 [main] DEBUG org.hibernate.type.BasicTypeRegistry -- Adding type registration OffsetTimeWithoutTimezone -> org.hibernate.type.BasicTypeReference@2416498e
21:10:33.646 [main] DEBUG org.hibernate.type.BasicTypeRegistry -- Adding type registration ZonedDateTime -> org.hibernate.type.BasicTypeReference@6b2e0f78
21:10:33.646 [main] DEBUG org.hibernate.type.BasicTypeRegistry -- Adding type registration java.time.ZonedDateTime -> org.hibernate.type.BasicTypeReference@6b2e0f78
21:10:33.646 [main] DEBUG org.hibernate.type.BasicTypeRegistry -- Adding type registration ZonedDateTimeWithTimezone -> org.hibernate.type.BasicTypeReference@240f6c41
21:10:33.646 [main] DEBUG org.hibernate.type.BasicTypeRegistry -- Adding type registration ZonedDateTimeWithoutTimezone -> org.hibernate.type.BasicTypeReference@3659d7b1
21:10:33.646 [main] DEBUG org.hibernate.type.BasicTypeRegistry -- Adding type registration date -> org.hibernate.type.BasicTypeReference@2015b2cd
21:10:33.646 [main] DEBUG org.hibernate.type.BasicTypeRegistry -- Adding type registration java.sql.Date -> org.hibernate.type.BasicTypeReference@2015b2cd
21:10:33.646 [main] DEBUG org.hibernate.type.BasicTypeRegistry -- Adding type registration time -> org.hibernate.type.BasicTypeReference@3bdb2c78
21:10:33.646 [main] DEBUG org.hibernate.type.BasicTypeRegistry -- Adding type registration java.sql.Time -> org.hibernate.type.BasicTypeReference@3bdb2c78
21:10:33.646 [main] DEBUG org.hibernate.type.BasicTypeRegistry -- Adding type registration timestamp -> org.hibernate.type.BasicTypeReference@64693226
21:10:33.646 [main] DEBUG org.hibernate.type.BasicTypeRegistry -- Adding type registration java.sql.Timestamp -> org.hibernate.type.BasicTypeReference@64693226
21:10:33.646 [main] DEBUG org.hibernate.type.BasicTypeRegistry -- Adding type registration java.util.Date -> org.hibernate.type.BasicTypeReference@64693226
21:10:33.646 [main] DEBUG org.hibernate.type.BasicTypeRegistry -- Adding type registration calendar -> org.hibernate.type.BasicTypeReference@1c758545
21:10:33.646 [main] DEBUG org.hibernate.type.BasicTypeRegistry -- Adding type registration java.util.Calendar -> org.hibernate.type.BasicTypeReference@1c758545
21:10:33.646 [main] DEBUG org.hibernate.type.BasicTypeRegistry -- Adding type registration java.util.GregorianCalendar -> org.hibernate.type.BasicTypeReference@1c758545
21:10:33.646 [main] DEBUG org.hibernate.type.BasicTypeRegistry -- Adding type registration calendar_date -> org.hibernate.type.BasicTypeReference@117bcfdc
21:10:33.646 [main] DEBUG org.hibernate.type.BasicTypeRegistry -- Adding type registration calendar_time -> org.hibernate.type.BasicTypeReference@73a19967
21:10:33.646 [main] DEBUG org.hibernate.type.BasicTypeRegistry -- Adding type registration instant -> org.hibernate.type.BasicTypeReference@5e746d37
21:10:33.646 [main] DEBUG org.hibernate.type.BasicTypeRegistry -- Adding type registration java.time.Instant -> org.hibernate.type.BasicTypeReference@5e746d37
21:10:33.646 [main] DEBUG org.hibernate.type.BasicTypeRegistry -- Adding type registration uuid -> org.hibernate.type.BasicTypeReference@6e1b9411
21:10:33.646 [main] DEBUG org.hibernate.type.BasicTypeRegistry -- Adding type registration java.util.UUID -> org.hibernate.type.BasicTypeReference@6e1b9411
21:10:33.646 [main] DEBUG org.hibernate.type.BasicTypeRegistry -- Adding type registration pg-uuid -> org.hibernate.type.BasicTypeReference@6e1b9411
21:10:33.646 [main] DEBUG org.hibernate.type.BasicTypeRegistry -- Adding type registration uuid-binary -> org.hibernate.type.BasicTypeReference@21d1b321
21:10:33.646 [main] DEBUG org.hibernate.type.BasicTypeRegistry -- Adding type registration uuid-char -> org.hibernate.type.BasicTypeReference@5ec46cdd
21:10:33.646 [main] DEBUG org.hibernate.type.BasicTypeRegistry -- Adding type registration class -> org.hibernate.type.BasicTypeReference@2324bfe7
21:10:33.646 [main] DEBUG org.hibernate.type.BasicTypeRegistry -- Adding type registration java.lang.Class -> org.hibernate.type.BasicTypeReference@2324bfe7
21:10:33.646 [main] DEBUG org.hibernate.type.BasicTypeRegistry -- Adding type registration currency -> org.hibernate.type.BasicTypeReference@112d1c8e
21:10:33.646 [main] DEBUG org.hibernate.type.BasicTypeRegistry -- Adding type registration Currency -> org.hibernate.type.BasicTypeReference@112d1c8e
21:10:33.646 [main] DEBUG org.hibernate.type.BasicTypeRegistry -- Adding type registration java.util.Currency -> org.hibernate.type.BasicTypeReference@112d1c8e
21:10:33.646 [main] DEBUG org.hibernate.type.BasicTypeRegistry -- Adding type registration locale -> org.hibernate.type.BasicTypeReference@3d49fd31
21:10:33.646 [main] DEBUG org.hibernate.type.BasicTypeRegistry -- Adding type registration java.util.Locale -> org.hibernate.type.BasicTypeReference@3d49fd31
21:10:33.646 [main] DEBUG org.hibernate.type.BasicTypeRegistry -- Adding type registration serializable -> org.hibernate.type.BasicTypeReference@4016ccc1
21:10:33.646 [main] DEBUG org.hibernate.type.BasicTypeRegistry -- Adding type registration java.io.Serializable -> org.hibernate.type.BasicTypeReference@4016ccc1
21:10:33.646 [main] DEBUG org.hibernate.type.BasicTypeRegistry -- Adding type registration timezone -> org.hibernate.type.BasicTypeReference@46cb98a3
21:10:33.646 [main] DEBUG org.hibernate.type.BasicTypeRegistry -- Adding type registration java.util.TimeZone -> org.hibernate.type.BasicTypeReference@46cb98a3
21:10:33.646 [main] DEBUG org.hibernate.type.BasicTypeRegistry -- Adding type registration ZoneOffset -> org.hibernate.type.BasicTypeReference@3ffb3598
21:10:33.646 [main] DEBUG org.hibernate.type.BasicTypeRegistry -- Adding type registration java.time.ZoneOffset -> org.hibernate.type.BasicTypeReference@3ffb3598
21:10:33.646 [main] DEBUG org.hibernate.type.BasicTypeRegistry -- Adding type registration url -> org.hibernate.type.BasicTypeReference@4da9f723
21:10:33.646 [main] DEBUG org.hibernate.type.BasicTypeRegistry -- Adding type registration java.net.URL -> org.hibernate.type.BasicTypeReference@4da9f723
21:10:33.646 [main] DEBUG org.hibernate.type.BasicTypeRegistry -- Adding type registration vector -> org.hibernate.type.BasicTypeReference@3b2f4a93
21:10:33.646 [main] DEBUG org.hibernate.type.BasicTypeRegistry -- Adding type registration row_version -> org.hibernate.type.BasicTypeReference@213bd3d5
21:10:33.646 [main] DEBUG org.hibernate.type.BasicTypeRegistry -- Adding type registration object -> org.hibernate.type.JavaObjectType@51ce6f85
21:10:33.646 [main] DEBUG org.hibernate.type.BasicTypeRegistry -- Adding type registration java.lang.Object -> org.hibernate.type.JavaObjectType@51ce6f85
21:10:33.646 [main] DEBUG org.hibernate.type.BasicTypeRegistry -- Adding type registration null -> org.hibernate.type.NullType@10acd6
21:10:33.646 [main] DEBUG org.hibernate.type.BasicTypeRegistry -- Adding type registration imm_date -> org.hibernate.type.BasicTypeReference@5604b85
21:10:33.646 [main] DEBUG org.hibernate.type.BasicTypeRegistry -- Adding type registration imm_time -> org.hibernate.type.BasicTypeReference@5df7a065
21:10:33.646 [main] DEBUG org.hibernate.type.BasicTypeRegistry -- Adding type registration imm_timestamp -> org.hibernate.type.BasicTypeReference@3f45dfec
21:10:33.646 [main] DEBUG org.hibernate.type.BasicTypeRegistry -- Adding type registration imm_calendar -> org.hibernate.type.BasicTypeReference@7c69e1e1
21:10:33.646 [main] DEBUG org.hibernate.type.BasicTypeRegistry -- Adding type registration imm_calendar_date -> org.hibernate.type.BasicTypeReference@7b52b18a
21:10:33.646 [main] DEBUG org.hibernate.type.BasicTypeRegistry -- Adding type registration imm_calendar_time -> org.hibernate.type.BasicTypeReference@1bc6c20d
21:10:33.646 [main] DEBUG org.hibernate.type.BasicTypeRegistry -- Adding type registration imm_binary -> org.hibernate.type.BasicTypeReference@aedc426
21:10:33.646 [main] DEBUG org.hibernate.type.BasicTypeRegistry -- Adding type registration imm_serializable -> org.hibernate.type.BasicTypeReference@39b85a73
21:10:33.649 [main] DEBUG org.hibernate.boot.internal.BootstrapContextImpl -- Injecting ScanEnvironment [org.hibernate.jpa.boot.internal.StandardJpaScanEnvironmentImpl@71468613] into BootstrapContext; was [null]
21:10:33.649 [main] DEBUG org.hibernate.boot.internal.BootstrapContextImpl -- Injecting ScanOptions [org.hibernate.boot.archive.scan.internal.StandardScanOptions@13f4048e] into BootstrapContext; was [org.hibernate.boot.archive.scan.internal.StandardScanOptions@5477d90e]
21:10:33.719 [main] DEBUG org.hibernate.boot.internal.BootstrapContextImpl -- Injecting JPA temp ClassLoader [null] into BootstrapContext; was [null]
21:10:33.719 [main] DEBUG org.hibernate.boot.internal.ClassLoaderAccessImpl -- ClassLoaderAccessImpl#injectTempClassLoader(null) [was null]
21:10:33.720 [main] WARN org.hibernate.orm.connections.pooling -- HHH10001002: Using built-in connection pool (not intended for production use)
21:10:33.721 [main] INFO org.hibernate.orm.connections.pooling -- HHH10001005: Loaded JDBC driver class: org.postgresql.Driver
21:10:33.721 [main] INFO org.hibernate.orm.connections.pooling -- HHH10001012: Connecting with JDBC URL [jdbc:postgresql://localhost:49852/petdb?loggerLevel=OFF]
21:10:33.721 [main] INFO org.hibernate.orm.connections.pooling -- HHH10001001: Connection properties: {password=password, user=postgres}
21:10:33.721 [main] INFO org.hibernate.orm.connections.pooling -- HHH10001003: Autocommit mode: false
21:10:33.721 [main] DEBUG org.hibernate.orm.connections.pooling -- Initializing Connection pool with 1 Connections
21:10:33.721 [main] INFO org.hibernate.orm.connections.pooling -- HHH10001115: Connection pool size: 20 (min=1)
21:10:33.744 [main] DEBUG org.hibernate.engine.jdbc.env.internal.JdbcEnvironmentInitiator -- Database ->
       name : PostgreSQL
    version : 15.12 (Debian 15.12-1.pgdg120+1)
      major : 15
      minor : 12
21:10:33.744 [main] DEBUG org.hibernate.engine.jdbc.env.internal.JdbcEnvironmentInitiator -- Driver ->
       name : PostgreSQL JDBC Driver
    version : 42.6.0
      major : 42
      minor : 6
21:10:33.744 [main] DEBUG org.hibernate.engine.jdbc.env.internal.JdbcEnvironmentInitiator -- JDBC version : 4.2
21:10:33.749 [main] WARN org.hibernate.orm.deprecation -- HHH90000025: PostgreSQLDialect does not need to be specified explicitly using 'hibernate.dialect' (remove the property setting and it will be selected by default)
21:10:33.749 [main] DEBUG org.hibernate.orm.dialect -- HHH035001: Using dialect: org.hibernate.dialect.PostgreSQLDialect, version: 15.12
21:10:33.749 [main] DEBUG org.hibernate.engine.jdbc.env.spi.IdentifierHelperBuilder -- JDBC driver metadata reported database stores quoted identifiers in neither upper, lower nor mixed case
21:10:33.752 [main] DEBUG org.hibernate.orm.jdbc.lob -- HHH10010004: Disabling contextual LOB creation as Dialect reported it is not supported
21:10:33.753 [main] DEBUG org.hibernate.type.descriptor.sql.spi.DdlTypeRegistry -- addDescriptor(2003, org.hibernate.type.descriptor.sql.internal.ArrayDdlTypeImpl@3f64d943) replaced previous registration(org.hibernate.type.descriptor.sql.internal.ArrayDdlTypeImpl@105ffc58)
21:10:33.753 [main] DEBUG org.hibernate.type.descriptor.sql.spi.DdlTypeRegistry -- addDescriptor(6, org.hibernate.type.descriptor.sql.internal.CapacityDependentDdlType@68454ed5) replaced previous registration(org.hibernate.type.descriptor.sql.internal.DdlTypeImpl@6d2db15b)
21:10:33.753 [main] DEBUG org.hibernate.type.descriptor.jdbc.spi.JdbcTypeRegistry -- addDescriptor(2004, BlobTypeDescriptor(BLOB_BINDING)) replaced previous registration(BlobTypeDescriptor(DEFAULT))
21:10:33.753 [main] DEBUG org.hibernate.type.descriptor.jdbc.spi.JdbcTypeRegistry -- addDescriptor(2005, ClobTypeDescriptor(CLOB_BINDING)) replaced previous registration(ClobTypeDescriptor(DEFAULT))
21:10:33.753 [main] DEBUG org.hibernate.type.BasicTypeRegistry -- Adding type registration JAVA_OBJECT -> org.hibernate.type.JavaObjectType@749ad37c
21:10:33.754 [main] DEBUG org.hibernate.type.BasicTypeRegistry -- Adding type registration java.lang.Object -> org.hibernate.type.JavaObjectType@749ad37c
21:10:33.754 [main] DEBUG org.hibernate.type.BasicTypeRegistry -- Type registration key [java.lang.Object] overrode previous entry : `org.hibernate.type.JavaObjectType@51ce6f85`
21:10:33.754 [main] DEBUG org.hibernate.type.BasicTypeRegistry -- Adding type registration org.hibernate.type.DurationType -> basicType@25(java.time.Duration,2)
21:10:33.754 [main] DEBUG org.hibernate.type.BasicTypeRegistry -- Adding type registration Duration -> basicType@25(java.time.Duration,2)
21:10:33.754 [main] DEBUG org.hibernate.type.BasicTypeRegistry -- Adding type registration java.time.Duration -> basicType@25(java.time.Duration,2)
21:10:33.754 [main] DEBUG org.hibernate.type.BasicTypeRegistry -- Adding type registration org.hibernate.type.OffsetDateTimeType -> basicType@26(java.time.OffsetDateTime,3003)
21:10:33.754 [main] DEBUG org.hibernate.type.BasicTypeRegistry -- Adding type registration OffsetDateTime -> basicType@26(java.time.OffsetDateTime,3003)
21:10:33.754 [main] DEBUG org.hibernate.type.BasicTypeRegistry -- Adding type registration java.time.OffsetDateTime -> basicType@26(java.time.OffsetDateTime,3003)
21:10:33.754 [main] DEBUG org.hibernate.type.BasicTypeRegistry -- Adding type registration org.hibernate.type.ZonedDateTimeType -> basicType@27(java.time.ZonedDateTime,3003)
21:10:33.754 [main] DEBUG org.hibernate.type.BasicTypeRegistry -- Adding type registration ZonedDateTime -> basicType@27(java.time.ZonedDateTime,3003)
21:10:33.754 [main] DEBUG org.hibernate.type.BasicTypeRegistry -- Adding type registration java.time.ZonedDateTime -> basicType@27(java.time.ZonedDateTime,3003)
21:10:33.754 [main] DEBUG org.hibernate.type.BasicTypeRegistry -- Adding type registration org.hibernate.type.OffsetTimeType -> basicType@28(java.time.OffsetTime,3007)
21:10:33.754 [main] DEBUG org.hibernate.type.BasicTypeRegistry -- Adding type registration OffsetTime -> basicType@28(java.time.OffsetTime,3007)
21:10:33.754 [main] DEBUG org.hibernate.type.BasicTypeRegistry -- Adding type registration java.time.OffsetTime -> basicType@28(java.time.OffsetTime,3007)
21:10:33.754 [main] DEBUG org.hibernate.type.spi.TypeConfiguration$Scope -- Scoping TypeConfiguration [org.hibernate.type.spi.TypeConfiguration@1b485c8b] to MetadataBuildingContext [org.hibernate.boot.internal.MetadataBuildingContextRootImpl@59b98ad1]
21:10:33.754 [main] DEBUG org.hibernate.boot.model.relational.Namespace -- Created database namespace [logicalName=Name{catalog=null, schema=null}, physicalName=Name{catalog=null, schema=null}]
21:10:33.755 [main] DEBUG org.hibernate.boot.model.internal.EntityBinder -- Binding entity from annotated class: org.lab2.Owners.Owner
21:10:33.756 [main] DEBUG org.hibernate.boot.model.internal.EntityBinder -- Import with entity name Owner
21:10:33.756 [main] DEBUG org.hibernate.boot.model.internal.EntityBinder -- Bind entity org.lab2.Owners.Owner on table owners
21:10:33.757 [main] DEBUG org.hibernate.boot.model.internal.AnnotatedColumn -- Binding column: AnnotatedDiscriminatorColumn(column='DTYPE')
21:10:33.758 [main] DEBUG org.hibernate.boot.model.internal.AnnotatedColumn -- Binding column: AnnotatedColumn()
21:10:33.758 [main] DEBUG org.hibernate.boot.internal.ClassLoaderAccessImpl -- Not known whether passed class name [org.lab2.Owners.Owner] is safe
21:10:33.758 [main] DEBUG org.hibernate.boot.internal.ClassLoaderAccessImpl -- No temp ClassLoader provided; using live ClassLoader for loading potentially unsafe class : org.lab2.Owners.Owner
21:10:33.758 [main] DEBUG org.hibernate.boot.model.internal.PropertyBinder -- MetadataSourceProcessor property id with lazy=false
21:10:33.758 [main] DEBUG org.hibernate.boot.model.internal.AbstractPropertyHolder -- Attempting to locate auto-apply AttributeConverter for property [org.lab2.Owners.Owner:id]
21:10:33.758 [main] DEBUG org.hibernate.boot.model.internal.BasicValueBinder -- building BasicValue for id
21:10:33.758 [main] DEBUG org.hibernate.mapping.BasicValue -- Skipping column re-registration: owners.id
21:10:33.758 [main] DEBUG org.hibernate.boot.model.internal.PropertyBinder -- Building property id
21:10:33.758 [main] DEBUG org.hibernate.boot.model.internal.BinderHelper -- #makeIdGenerator(BasicValue([Column(id)]), id, identity, , ...)
21:10:33.758 [main] DEBUG org.hibernate.boot.model.internal.AnnotatedColumn -- Binding column: AnnotatedColumn(column='birth_date')
21:10:33.758 [main] DEBUG org.hibernate.boot.model.internal.PropertyBinder -- MetadataSourceProcessor property birthDate with lazy=false
21:10:33.758 [main] DEBUG org.hibernate.boot.model.internal.AbstractPropertyHolder -- Attempting to locate auto-apply AttributeConverter for property [org.lab2.Owners.Owner:birthDate]
21:10:33.759 [main] DEBUG org.hibernate.boot.model.internal.BasicValueBinder -- building BasicValue for birthDate
21:10:33.759 [main] DEBUG org.hibernate.mapping.BasicValue -- Skipping column re-registration: owners.birth_date
21:10:33.759 [main] DEBUG org.hibernate.boot.model.internal.PropertyBinder -- Building property birthDate
21:10:33.759 [main] DEBUG org.hibernate.boot.model.internal.AnnotatedColumn -- Binding column: AnnotatedColumn()
21:10:33.759 [main] DEBUG org.hibernate.boot.model.internal.PropertyBinder -- MetadataSourceProcessor property name with lazy=false
21:10:33.759 [main] DEBUG org.hibernate.boot.model.internal.AbstractPropertyHolder -- Attempting to locate auto-apply AttributeConverter for property [org.lab2.Owners.Owner:name]
21:10:33.759 [main] DEBUG org.hibernate.boot.model.internal.BasicValueBinder -- building BasicValue for name
21:10:33.759 [main] DEBUG org.hibernate.mapping.BasicValue -- Skipping column re-registration: owners.name
21:10:33.759 [main] DEBUG org.hibernate.boot.model.internal.PropertyBinder -- Building property name
21:10:33.759 [main] DEBUG org.hibernate.boot.model.internal.AnnotatedColumn -- Binding column: AnnotatedJoinColumn()
21:10:33.759 [main] DEBUG org.hibernate.boot.model.internal.AnnotatedColumn -- Binding column: AnnotatedColumn()
21:10:33.759 [main] DEBUG org.hibernate.boot.model.internal.AnnotatedColumn -- Binding column: IndexColumn(column='pets_ORDER')
21:10:33.759 [main] DEBUG org.hibernate.boot.model.internal.AnnotatedColumn -- Binding column: AnnotatedColumn()
21:10:33.760 [main] DEBUG org.hibernate.boot.model.internal.AnnotatedColumn -- Binding column: AnnotatedColumn(column='pets_KEY')
21:10:33.760 [main] DEBUG org.hibernate.boot.model.internal.AnnotatedColumn -- Binding column: AnnotatedJoinColumn(column='pets_KEY')
21:10:33.760 [main] DEBUG org.hibernate.boot.model.internal.AnnotatedColumn -- Binding column: AnnotatedJoinColumn()
21:10:33.760 [main] DEBUG org.hibernate.boot.model.internal.AnnotatedColumn -- Binding column: AnnotatedJoinColumn()
21:10:33.760 [main] DEBUG org.hibernate.boot.model.internal.CollectionBinder -- Collection role: org.lab2.Owners.Owner.pets
21:10:33.760 [main] DEBUG org.hibernate.boot.model.internal.PropertyBinder -- Building property pets
21:10:33.761 [main] DEBUG org.hibernate.boot.registry.classloading.internal.ClassLoaderServiceImpl -- HHH000194: Package not found or wo package-info.java: org.lab2.Owners
21:10:33.761 [main] DEBUG org.hibernate.boot.model.internal.EntityBinder -- Binding entity from annotated class: org.lab2.Pets.Pet
21:10:33.762 [main] DEBUG org.hibernate.boot.model.internal.EntityBinder -- Import with entity name Pet
21:10:33.762 [main] DEBUG org.hibernate.boot.model.internal.EntityBinder -- Bind entity org.lab2.Pets.Pet on table pets
21:10:33.762 [main] DEBUG org.hibernate.boot.model.internal.AnnotatedColumn -- Binding column: AnnotatedDiscriminatorColumn(column='DTYPE')
21:10:33.763 [main] DEBUG org.hibernate.boot.model.internal.AnnotatedColumn -- Binding column: AnnotatedColumn()
21:10:33.763 [main] DEBUG org.hibernate.boot.internal.ClassLoaderAccessImpl -- Not known whether passed class name [org.lab2.Pets.Pet] is safe
21:10:33.763 [main] DEBUG org.hibernate.boot.internal.ClassLoaderAccessImpl -- No temp ClassLoader provided; using live ClassLoader for loading potentially unsafe class : org.lab2.Pets.Pet
21:10:33.763 [main] DEBUG org.hibernate.boot.model.internal.PropertyBinder -- MetadataSourceProcessor property id with lazy=false
21:10:33.763 [main] DEBUG org.hibernate.boot.model.internal.AbstractPropertyHolder -- Attempting to locate auto-apply AttributeConverter for property [org.lab2.Pets.Pet:id]
21:10:33.763 [main] DEBUG org.hibernate.boot.model.internal.BasicValueBinder -- building BasicValue for id
21:10:33.763 [main] DEBUG org.hibernate.mapping.BasicValue -- Skipping column re-registration: pets.id
21:10:33.764 [main] DEBUG org.hibernate.boot.model.internal.PropertyBinder -- Building property id
21:10:33.764 [main] DEBUG org.hibernate.boot.model.internal.BinderHelper -- #makeIdGenerator(BasicValue([Column(id)]), id, identity, , ...)
21:10:33.764 [main] DEBUG org.hibernate.boot.model.internal.AnnotatedColumn -- Binding column: AnnotatedColumn(column='birth_date')
21:10:33.764 [main] DEBUG org.hibernate.boot.model.internal.PropertyBinder -- MetadataSourceProcessor property birthDate with lazy=false
21:10:33.764 [main] DEBUG org.hibernate.boot.model.internal.AbstractPropertyHolder -- Attempting to locate auto-apply AttributeConverter for property [org.lab2.Pets.Pet:birthDate]
21:10:33.764 [main] DEBUG org.hibernate.boot.model.internal.BasicValueBinder -- building BasicValue for birthDate
21:10:33.764 [main] DEBUG org.hibernate.mapping.BasicValue -- Skipping column re-registration: pets.birth_date
21:10:33.764 [main] DEBUG org.hibernate.boot.model.internal.PropertyBinder -- Building property birthDate
21:10:33.764 [main] DEBUG org.hibernate.boot.model.internal.AnnotatedColumn -- Binding column: AnnotatedColumn()
21:10:33.764 [main] DEBUG org.hibernate.boot.model.internal.PropertyBinder -- MetadataSourceProcessor property breed with lazy=false
21:10:33.764 [main] DEBUG org.hibernate.boot.model.internal.AbstractPropertyHolder -- Attempting to locate auto-apply AttributeConverter for property [org.lab2.Pets.Pet:breed]
21:10:33.764 [main] DEBUG org.hibernate.boot.model.internal.BasicValueBinder -- building BasicValue for breed
21:10:33.764 [main] DEBUG org.hibernate.mapping.BasicValue -- Skipping column re-registration: pets.breed
21:10:33.764 [main] DEBUG org.hibernate.boot.model.internal.PropertyBinder -- Building property breed
21:10:33.765 [main] DEBUG org.hibernate.boot.model.internal.AnnotatedColumn -- Binding column: AnnotatedColumn()
21:10:33.765 [main] DEBUG org.hibernate.boot.model.internal.PropertyBinder -- MetadataSourceProcessor property color with lazy=false
21:10:33.765 [main] DEBUG org.hibernate.boot.model.internal.AbstractPropertyHolder -- Attempting to locate auto-apply AttributeConverter for property [org.lab2.Pets.Pet:color]
21:10:33.765 [main] DEBUG org.hibernate.boot.model.internal.BasicValueBinder -- building BasicValue for color
21:10:33.765 [main] DEBUG org.hibernate.mapping.BasicValue -- Skipping column re-registration: pets.color
21:10:33.765 [main] DEBUG org.hibernate.boot.model.internal.PropertyBinder -- Building property color
21:10:33.765 [main] DEBUG org.hibernate.boot.model.internal.AnnotatedColumn -- Binding column: IndexColumn(column='friends_ORDER')
21:10:33.766 [main] DEBUG org.hibernate.boot.model.internal.AnnotatedColumn -- Binding column: AnnotatedColumn()
21:10:33.766 [main] DEBUG org.hibernate.boot.model.internal.AnnotatedColumn -- Binding column: AnnotatedColumn(column='friends_KEY')
21:10:33.766 [main] DEBUG org.hibernate.boot.model.internal.AnnotatedColumn -- Binding column: AnnotatedJoinColumn(column='friends_KEY')
21:10:33.766 [main] DEBUG org.hibernate.boot.model.internal.AnnotatedColumn -- Binding column: AnnotatedJoinColumn(column='pet_id')
21:10:33.766 [main] DEBUG org.hibernate.boot.model.internal.AnnotatedColumn -- Binding column: AnnotatedJoinColumn(column='friend_id')
21:10:33.766 [main] DEBUG org.hibernate.boot.model.internal.CollectionBinder -- Collection role: org.lab2.Pets.Pet.friends
21:10:33.766 [main] DEBUG org.hibernate.boot.model.internal.PropertyBinder -- Building property friends
21:10:33.766 [main] DEBUG org.hibernate.boot.model.internal.AnnotatedColumn -- Binding column: AnnotatedColumn()
21:10:33.766 [main] DEBUG org.hibernate.boot.model.internal.PropertyBinder -- MetadataSourceProcessor property name with lazy=false
21:10:33.766 [main] DEBUG org.hibernate.boot.model.internal.AbstractPropertyHolder -- Attempting to locate auto-apply AttributeConverter for property [org.lab2.Pets.Pet:name]
21:10:33.766 [main] DEBUG org.hibernate.boot.model.internal.BasicValueBinder -- building BasicValue for name
21:10:33.766 [main] DEBUG org.hibernate.mapping.BasicValue -- Skipping column re-registration: pets.name
21:10:33.766 [main] DEBUG org.hibernate.boot.model.internal.PropertyBinder -- Building property name
21:10:33.767 [main] DEBUG org.hibernate.boot.model.internal.AnnotatedColumn -- Binding column: AnnotatedJoinColumn(column='owner_id')
21:10:33.767 [main] DEBUG org.hibernate.boot.model.internal.AnnotatedColumn -- Binding column: AnnotatedColumn()
21:10:33.767 [main] DEBUG org.hibernate.boot.model.internal.PropertyBinder -- Building property owner
21:10:33.768 [main] DEBUG org.hibernate.boot.registry.classloading.internal.ClassLoaderServiceImpl -- HHH000194: Package not found or wo package-info.java: org.lab2.Pets
21:10:33.769 [main] DEBUG org.hibernate.boot.model.internal.BasicValueBinder -- Starting `BasicValueBinder#fillSimpleValue` for id
21:10:33.769 [main] DEBUG org.hibernate.boot.model.internal.BasicValueBinder -- Starting `BasicValueBinder#fillSimpleValue` for birthDate
21:10:33.769 [main] DEBUG org.hibernate.boot.model.internal.BasicValueBinder -- Starting `BasicValueBinder#fillSimpleValue` for name
21:10:33.769 [main] DEBUG org.hibernate.boot.model.internal.BasicValueBinder -- Starting `BasicValueBinder#fillSimpleValue` for id
21:10:33.769 [main] DEBUG org.hibernate.boot.model.internal.BasicValueBinder -- Starting `BasicValueBinder#fillSimpleValue` for birthDate
21:10:33.769 [main] DEBUG org.hibernate.boot.model.internal.BasicValueBinder -- Starting `BasicValueBinder#fillSimpleValue` for breed
21:10:33.769 [main] DEBUG org.hibernate.boot.model.internal.BasicValueBinder -- Starting `BasicValueBinder#fillSimpleValue` for color
21:10:33.769 [main] DEBUG org.hibernate.boot.model.internal.BasicValueBinder -- Starting `BasicValueBinder#fillSimpleValue` for name
21:10:33.770 [main] DEBUG org.hibernate.mapping.PrimaryKey -- Forcing column [id] to be non-null as it is part of the primary key for table [owners]
21:10:33.770 [main] DEBUG org.hibernate.mapping.PrimaryKey -- Forcing column [id] to be non-null as it is part of the primary key for table [pets]
21:10:33.770 [main] DEBUG org.hibernate.boot.model.internal.CollectionSecondPass -- Second pass for collection: org.lab2.Pets.Pet.friends
21:10:33.770 [main] DEBUG org.hibernate.boot.model.internal.CollectionBinder -- Binding a ManyToMany: org.lab2.Pets.Pet.friends
21:10:33.771 [main] DEBUG org.hibernate.boot.registry.classloading.internal.ClassLoaderServiceImpl -- HHH000194: Package not found or wo package-info.java: org.lab2.Pets
21:10:33.772 [main] DEBUG org.hibernate.boot.model.internal.CollectionSecondPass -- Mapped collection key: pet_id, element: friend_id
21:10:33.772 [main] DEBUG org.hibernate.boot.model.internal.CollectionSecondPass -- Second pass for collection: org.lab2.Owners.Owner.pets
21:10:33.772 [main] DEBUG org.hibernate.boot.model.internal.CollectionBinder -- Binding a OneToMany: org.lab2.Owners.Owner.pets through a foreign key
21:10:33.772 [main] DEBUG org.hibernate.boot.model.internal.CollectionBinder -- Mapping collection: org.lab2.Owners.Owner.pets -> pets
21:10:33.772 [main] DEBUG org.hibernate.boot.model.internal.TableBinder -- Retrieving property org.lab2.Pets.Pet.owner
21:10:33.772 [main] DEBUG org.hibernate.boot.model.internal.CollectionSecondPass -- Mapped collection key: owner_id, one-to-many: org.lab2.Pets.Pet
21:10:33.772 [main] DEBUG org.hibernate.boot.internal.InFlightMetadataCollectorImpl -- Resolving reference to class: org.lab2.Pets.Pet
21:10:33.773 [main] DEBUG org.hibernate.boot.internal.InFlightMetadataCollectorImpl -- Resolving reference to class: org.lab2.Pets.Pet
21:10:33.773 [main] DEBUG org.hibernate.boot.internal.InFlightMetadataCollectorImpl -- Resolving reference to class: org.lab2.Owners.Owner
21:10:33.777 [main] DEBUG org.hibernate.boot.internal.InFlightMetadataCollectorImpl -- Resolving reference to class: org.lab2.Pets.Pet
21:10:33.777 [main] DEBUG org.hibernate.boot.internal.InFlightMetadataCollectorImpl -- Resolving reference to class: org.lab2.Pets.Pet
21:10:33.777 [main] DEBUG org.hibernate.boot.internal.InFlightMetadataCollectorImpl -- Resolving reference to class: org.lab2.Owners.Owner
21:10:33.778 [main] DEBUG org.hibernate.bytecode.internal.BytecodeProviderInitiator -- HHH000021: Bytecode provider: bytebuddy
21:10:33.780 [main] DEBUG org.hibernate.internal.SessionFactoryImpl -- Building session factory
21:10:33.785 [main] DEBUG org.hibernate.service.internal.SessionFactoryServiceRegistryImpl -- EventListenerRegistry access via ServiceRegistry is deprecated.  Use `sessionFactory.getEventEngine().getListenerRegistry()` instead
21:10:33.785 [main] DEBUG org.hibernate.internal.SessionFactoryImpl -- Instantiating SessionFactory with settings: {hibernate.format_sql=true, java.specification.version=17, sun.cpu.isalist=amd64, sun.jnu.encoding=Cp1252, hibernate.dialect=org.hibernate.dialect.PostgreSQLDialect, java.class.path=C:\Users\76162\IdeaProjects\SkyWhyWaIker\Lab2\DAO\target\test-classes;C:\Users\76162\IdeaProjects\SkyWhyWaIker\Lab2\DAO\target\classes;C:\Users\76162\.m2\repository\org\hibernate\orm\hibernate-core\6.4.0.Final\hibernate-core-6.4.0.Final.jar;C:\Users\76162\.m2\repository\jakarta\transaction\jakarta.transaction-api\2.0.1\jakarta.transaction-api-2.0.1.jar;C:\Users\76162\.m2\repository\org\jboss\logging\jboss-logging\3.5.0.Final\jboss-logging-3.5.0.Final.jar;C:\Users\76162\.m2\repository\org\hibernate\common\hibernate-commons-annotations\6.0.6.Final\hibernate-commons-annotations-6.0.6.Final.jar;C:\Users\76162\.m2\repository\io\smallrye\jandex\3.1.2\jandex-3.1.2.jar;C:\Users\76162\.m2\repository\com\fasterxml\classmate\1.5.1\classmate-1.5.1.jar;C:\Users\76162\.m2\repository\net\bytebuddy\byte-buddy\1.14.7\byte-buddy-1.14.7.jar;C:\Users\76162\.m2\repository\jakarta\xml\bind\jakarta.xml.bind-api\4.0.0\jakarta.xml.bind-api-4.0.0.jar;C:\Users\76162\.m2\repository\jakarta\activation\jakarta.activation-api\2.1.0\jakarta.activation-api-2.1.0.jar;C:\Users\76162\.m2\repository\org\glassfish\jaxb\jaxb-runtime\4.0.2\jaxb-runtime-4.0.2.jar;C:\Users\76162\.m2\repository\org\glassfish\jaxb\jaxb-core\4.0.2\jaxb-core-4.0.2.jar;C:\Users\76162\.m2\repository\org\eclipse\angus\angus-activation\2.0.0\angus-activation-2.0.0.jar;C:\Users\76162\.m2\repository\org\glassfish\jaxb\txw2\4.0.2\txw2-4.0.2.jar;C:\Users\76162\.m2\repository\com\sun\istack\istack-commons-runtime\4.1.1\istack-commons-runtime-4.1.1.jar;C:\Users\76162\.m2\repository\jakarta\inject\jakarta.inject-api\2.0.1\jakarta.inject-api-2.0.1.jar;C:\Users\76162\.m2\repository\org\antlr\antlr4-runtime\4.13.0\antlr4-runtime-4.13.0.jar;C:\Users\76162\.m2\repository\org\postgresql\postgresql\42.6.0\postgresql-42.6.0.jar;C:\Users\76162\.m2\repository\org\checkerframework\checker-qual\3.31.0\checker-qual-3.31.0.jar;C:\Users\76162\.m2\repository\jakarta\persistence\jakarta.persistence-api\3.1.0\jakarta.persistence-api-3.1.0.jar;C:\Users\76162\IdeaProjects\SkyWhyWaIker\Lab2\Models\target\Models-1.0-SNAPSHOT.jar;C:\Users\76162\.m2\repository\org\testcontainers\postgresql\1.19.7\postgresql-1.19.7.jar;C:\Users\76162\.m2\repository\org\testcontainers\jdbc\1.19.7\jdbc-1.19.7.jar;C:\Users\76162\.m2\repository\org\testcontainers\database-commons\1.19.7\database-commons-1.19.7.jar;C:\Users\76162\.m2\repository\org\testcontainers\junit-jupiter\1.19.7\junit-jupiter-1.19.7.jar;C:\Users\76162\.m2\repository\org\testcontainers\testcontainers\1.19.7\testcontainers-1.19.7.jar;C:\Users\76162\.m2\repository\junit\junit\4.13.2\junit-4.13.2.jar;C:\Users\76162\.m2\repository\org\hamcrest\hamcrest-core\1.3\hamcrest-core-1.3.jar;C:\Users\76162\.m2\repository\org\apache\commons\commons-compress\1.24.0\commons-compress-1.24.0.jar;C:\Users\76162\.m2\repository\org\rnorth\duct-tape\duct-tape\1.0.8\duct-tape-1.0.8.jar;C:\Users\76162\.m2\repository\org\jetbrains\annotations\17.0.0\annotations-17.0.0.jar;C:\Users\76162\.m2\repository\com\github\docker-java\docker-java-api\3.3.6\docker-java-api-3.3.6.jar;C:\Users\76162\.m2\repository\com\fasterxml\jackson\core\jackson-annotations\2.10.3\jackson-annotations-2.10.3.jar;C:\Users\76162\.m2\repository\com\github\docker-java\docker-java-transport-zerodep\3.3.6\docker-java-transport-zerodep-3.3.6.jar;C:\Users\76162\.m2\repository\com\github\docker-java\docker-java-transport\3.3.6\docker-java-transport-3.3.6.jar;C:\Users\76162\.m2\repository\net\java\dev\jna\jna\5.13.0\jna-5.13.0.jar;C:\Users\76162\.m2\repository\org\junit\jupiter\junit-jupiter-api\5.12.0\junit-jupiter-api-5.12.0.jar;C:\Users\76162\.m2\repository\org\opentest4j\opentest4j\1.3.0\opentest4j-1.3.0.jar;C:\Users\76162\.m2\repository\org\junit\platform\junit-platform-commons\1.12.0\junit-platform-commons-1.12.0.jar;C:\Users\76162\.m2\repository\org\apiguardian\apiguardian-api\1.1.2\apiguardian-api-1.1.2.jar;C:\Users\76162\.m2\repository\ch\qos\logback\logback-classic\1.4.14\logback-classic-1.4.14.jar;C:\Users\76162\.m2\repository\ch\qos\logback\logback-core\1.4.14\logback-core-1.4.14.jar;C:\Users\76162\.m2\repository\org\slf4j\slf4j-api\2.0.7\slf4j-api-2.0.7.jar;, java.vm.vendor=Oracle Corporation, sun.arch.data.model=64, user.variant=, java.vendor.url=https://java.oracle.com/, user.timezone=Europe/Moscow, javax.persistence.jdbc.url=jdbc:postgresql://localhost:49852/petdb?loggerLevel=OFF, javax.persistence.jdbc.user=****, java.vm.specification.version=17, os.name=Windows 10, jakarta.persistence.jdbc.password=****, sun.java.launcher=SUN_STANDARD, user.country=RU, local.setting.IS_JTA_TXN_COORD=false, sun.boot.library.path=C:\Program Files\Java\jdk-17\bin, sun.java.command=C:\Users\76162\AppData\Local\Temp\surefire12613025883795592595\surefirebooter-20250509211017833_3.jar C:\Users\76162\AppData\Local\Temp\surefire12613025883795592595 2025-05-09T21-10-13_563-jvmRun1 surefire-20250509211017833_1tmp surefire_0-20250509211017833_2tmp, jdk.debug=release, surefire.test.class.path=C:\Users\76162\IdeaProjects\SkyWhyWaIker\Lab2\DAO\target\test-classes;C:\Users\76162\IdeaProjects\SkyWhyWaIker\Lab2\DAO\target\classes;C:\Users\76162\.m2\repository\org\hibernate\orm\hibernate-core\6.4.0.Final\hibernate-core-6.4.0.Final.jar;C:\Users\76162\.m2\repository\jakarta\transaction\jakarta.transaction-api\2.0.1\jakarta.transaction-api-2.0.1.jar;C:\Users\76162\.m2\repository\org\jboss\logging\jboss-logging\3.5.0.Final\jboss-logging-3.5.0.Final.jar;C:\Users\76162\.m2\repository\org\hibernate\common\hibernate-commons-annotations\6.0.6.Final\hibernate-commons-annotations-6.0.6.Final.jar;C:\Users\76162\.m2\repository\io\smallrye\jandex\3.1.2\jandex-3.1.2.jar;C:\Users\76162\.m2\repository\com\fasterxml\classmate\1.5.1\classmate-1.5.1.jar;C:\Users\76162\.m2\repository\net\bytebuddy\byte-buddy\1.14.7\byte-buddy-1.14.7.jar;C:\Users\76162\.m2\repository\jakarta\xml\bind\jakarta.xml.bind-api\4.0.0\jakarta.xml.bind-api-4.0.0.jar;C:\Users\76162\.m2\repository\jakarta\activation\jakarta.activation-api\2.1.0\jakarta.activation-api-2.1.0.jar;C:\Users\76162\.m2\repository\org\glassfish\jaxb\jaxb-runtime\4.0.2\jaxb-runtime-4.0.2.jar;C:\Users\76162\.m2\repository\org\glassfish\jaxb\jaxb-core\4.0.2\jaxb-core-4.0.2.jar;C:\Users\76162\.m2\repository\org\eclipse\angus\angus-activation\2.0.0\angus-activation-2.0.0.jar;C:\Users\76162\.m2\repository\org\glassfish\jaxb\txw2\4.0.2\txw2-4.0.2.jar;C:\Users\76162\.m2\repository\com\sun\istack\istack-commons-runtime\4.1.1\istack-commons-runtime-4.1.1.jar;C:\Users\76162\.m2\repository\jakarta\inject\jakarta.inject-api\2.0.1\jakarta.inject-api-2.0.1.jar;C:\Users\76162\.m2\repository\org\antlr\antlr4-runtime\4.13.0\antlr4-runtime-4.13.0.jar;C:\Users\76162\.m2\repository\org\postgresql\postgresql\42.6.0\postgresql-42.6.0.jar;C:\Users\76162\.m2\repository\org\checkerframework\checker-qual\3.31.0\checker-qual-3.31.0.jar;C:\Users\76162\.m2\repository\jakarta\persistence\jakarta.persistence-api\3.1.0\jakarta.persistence-api-3.1.0.jar;C:\Users\76162\IdeaProjects\SkyWhyWaIker\Lab2\Models\target\Models-1.0-SNAPSHOT.jar;C:\Users\76162\.m2\repository\org\testcontainers\postgresql\1.19.7\postgresql-1.19.7.jar;C:\Users\76162\.m2\repository\org\testcontainers\jdbc\1.19.7\jdbc-1.19.7.jar;C:\Users\76162\.m2\repository\org\testcontainers\database-commons\1.19.7\database-commons-1.19.7.jar;C:\Users\76162\.m2\repository\org\testcontainers\junit-jupiter\1.19.7\junit-jupiter-1.19.7.jar;C:\Users\76162\.m2\repository\org\testcontainers\testcontainers\1.19.7\testcontainers-1.19.7.jar;C:\Users\76162\.m2\repository\junit\junit\4.13.2\junit-4.13.2.jar;C:\Users\76162\.m2\repository\org\hamcrest\hamcrest-core\1.3\hamcrest-core-1.3.jar;C:\Users\76162\.m2\repository\org\apache\commons\commons-compress\1.24.0\commons-compress-1.24.0.jar;C:\Users\76162\.m2\repository\org\rnorth\duct-tape\duct-tape\1.0.8\duct-tape-1.0.8.jar;C:\Users\76162\.m2\repository\org\jetbrains\annotations\17.0.0\annotations-17.0.0.jar;C:\Users\76162\.m2\repository\com\github\docker-java\docker-java-api\3.3.6\docker-java-api-3.3.6.jar;C:\Users\76162\.m2\repository\com\fasterxml\jackson\core\jackson-annotations\2.10.3\jackson-annotations-2.10.3.jar;C:\Users\76162\.m2\repository\com\github\docker-java\docker-java-transport-zerodep\3.3.6\docker-java-transport-zerodep-3.3.6.jar;C:\Users\76162\.m2\repository\com\github\docker-java\docker-java-transport\3.3.6\docker-java-transport-3.3.6.jar;C:\Users\76162\.m2\repository\net\java\dev\jna\jna\5.13.0\jna-5.13.0.jar;C:\Users\76162\.m2\repository\org\junit\jupiter\junit-jupiter-api\5.12.0\junit-jupiter-api-5.12.0.jar;C:\Users\76162\.m2\repository\org\opentest4j\opentest4j\1.3.0\opentest4j-1.3.0.jar;C:\Users\76162\.m2\repository\org\junit\platform\junit-platform-commons\1.12.0\junit-platform-commons-1.12.0.jar;C:\Users\76162\.m2\repository\org\apiguardian\apiguardian-api\1.1.2\apiguardian-api-1.1.2.jar;C:\Users\76162\.m2\repository\ch\qos\logback\logback-classic\1.4.14\logback-classic-1.4.14.jar;C:\Users\76162\.m2\repository\ch\qos\logback\logback-core\1.4.14\logback-core-1.4.14.jar;C:\Users\76162\.m2\repository\org\slf4j\slf4j-api\2.0.7\slf4j-api-2.0.7.jar;, jakarta.persistence.jdbc.driver=org.postgresql.Driver, sun.cpu.endian=little, user.home=C:\Users\76162, user.language=ru, java.specification.vendor=Oracle Corporation, java.version.date=2024-07-16, java.home=C:\Program Files\Java\jdk-17, file.separator=\, basedir=C:\Users\76162\IdeaProjects\SkyWhyWaIker\Lab2\DAO, java.vm.compressedOopsMode=32-bit, jakarta.persistence.jdbc.user=****, line.separator=
, hibernate.persistenceUnitName=pet_persistence_unit, java.vm.specification.vendor=Oracle Corporation, java.specification.name=Java Platform API Specification, hibernate.transaction.coordinator_class=class org.hibernate.resource.transaction.backend.jdbc.internal.JdbcResourceLocalTransactionCoordinatorBuilderImpl, javax.persistence.jdbc.driver=org.postgresql.Driver, surefire.real.class.path=C:\Users\76162\AppData\Local\Temp\surefire12613025883795592595\surefirebooter-20250509211017833_3.jar, hibernate.hbm2ddl.auto=create-drop, user.script=, sun.management.compiler=HotSpot 64-Bit Tiered Compilers, java.runtime.version=17.0.12+8-LTS-286, user.name=76162, path.separator=;, hibernate.connection.username=****, os.version=10.0, java.runtime.name=Java(TM) SE Runtime Environment, hibernate.connection.url=jdbc:postgresql://localhost:49852/petdb?loggerLevel=OFF, file.encoding=Cp1252, java.vm.name=Java HotSpot(TM) 64-Bit Server VM, hibernate.show_sql=true, localRepository=C:\Users\76162\.m2\repository, hibernate.connection.driver_class=org.postgresql.Driver, java.vendor.url.bug=https://bugreport.java.com/bugreport/, java.io.tmpdir=C:\Users\76162\AppData\Local\Temp\, java.version=17.0.12, user.dir=C:\Users\76162\IdeaProjects\SkyWhyWaIker\Lab2\DAO, os.arch=amd64, java.vm.specification.name=Java Virtual Machine Specification, hibernate.connection.password=****, sun.os.patch.level=, jakarta.persistence.jdbc.url=jdbc:postgresql://localhost:49852/petdb?loggerLevel=OFF, hibernate.boot.CfgXmlAccessService.key=org.hibernate.boot.registry.StandardServiceRegistryBuilder$1@398f0516, native.encoding=Cp1252, java.library.path=C:\Program Files\Java\jdk-17\bin;C:\Windows\Sun\Java\bin;C:\Windows\system32;C:\Windows;C:\Program Files\Common Files\Oracle\Java\javapath;C:\Program Files (x86)\Common Files\Oracle\Java\java8path;C:\Program Files (x86)\Common Files\Oracle\Java\javapath;C:\Windows\system32;C:\Windows;C:\Windows\System32\Wbem;C:\Windows\System32\WindowsPowerShell\v1.0\;C:\Windows\System32\OpenSSH\;C:\Program Files\dotnet\;C:\Program Files\Docker\Docker\resources\bin;C:\Program Files\Git\cmd;C:\Program Files\Apache\Maven\bin;C:\Program Files\Java\jre1.8.0_441\bin;C:\Users\76162\AppData\Local\Microsoft\WindowsApps;C:\Users\76162\AppData\Local\JetBrains\Toolbox\scripts;C:\Users\76162\AppData\Local\GitHubDesktop\bin;C:\Users\76162\.dotnet\tools;%Intellij IDEA%;C:\Users\76162\AppData\Local\Programs\Microsoft VS Code\bin;., java.vendor=Oracle Corporation, java.vm.info=mixed mode, sharing, java.vm.version=17.0.12+8-LTS-286, sun.io.unicode.encoding=UnicodeLittle, javax.persistence.jdbc.password=****, java.class.version=61.0}
21:10:33.786 [main] DEBUG org.hibernate.internal.SessionFactoryImpl -- Session factory constructed with filter configurations : {}
21:10:33.790 [main] DEBUG org.hibernate.query.sqm.function.SqmFunctionRegistry -- Registered SqmFunctionTemplate [NamedSqmFunctionTemplate(max)] under max; prior registration was null
21:10:33.790 [main] DEBUG org.hibernate.query.sqm.function.SqmFunctionRegistry -- Registered SqmFunctionTemplate [NamedSqmFunctionTemplate(min)] under min; prior registration was null
21:10:33.791 [main] DEBUG org.hibernate.query.sqm.function.SqmFunctionRegistry -- Registered SqmFunctionTemplate [NamedSqmFunctionTemplate(sum)] under sum; prior registration was null
21:10:33.791 [main] DEBUG org.hibernate.query.sqm.function.SqmFunctionRegistry -- Registered SqmFunctionTemplate [NamedSqmFunctionTemplate(avg)] under avg; prior registration was null
21:10:33.791 [main] DEBUG org.hibernate.query.sqm.function.SqmFunctionRegistry -- Registered SqmFunctionTemplate [org.hibernate.dialect.function.CountFunction@4a7db5a] under count; prior registration was null
21:10:33.791 [main] DEBUG org.hibernate.query.sqm.function.SqmFunctionRegistry -- Registered SqmFunctionTemplate [org.hibernate.dialect.function.EveryAnyEmulation@56b66a26] under every; prior registration was null
21:10:33.791 [main] DEBUG org.hibernate.query.sqm.function.SqmFunctionRegistry -- Registered SqmFunctionTemplate [org.hibernate.dialect.function.EveryAnyEmulation@158e6fc2] under any; prior registration was null
21:10:33.791 [main] DEBUG org.hibernate.query.sqm.function.SqmFunctionRegistry -- Registered SqmFunctionTemplate [NamedSqmFunctionTemplate(floor)] under floor; prior registration was null
21:10:33.791 [main] DEBUG org.hibernate.query.sqm.function.SqmFunctionRegistry -- Registered SqmFunctionTemplate [NamedSqmFunctionTemplate(ceiling)] under ceiling; prior registration was null
21:10:33.791 [main] DEBUG org.hibernate.query.sqm.function.SqmFunctionRegistry -- Registered SqmFunctionTemplate [NamedSqmFunctionTemplate(mod)] under mod; prior registration was null
21:10:33.791 [main] DEBUG org.hibernate.query.sqm.function.SqmFunctionRegistry -- Registered SqmFunctionTemplate [NamedSqmFunctionTemplate(abs)] under abs; prior registration was null
21:10:33.791 [main] DEBUG org.hibernate.query.sqm.function.SqmFunctionRegistry -- Registered SqmFunctionTemplate [NamedSqmFunctionTemplate(sign)] under sign; prior registration was null
21:10:33.791 [main] DEBUG org.hibernate.query.sqm.function.SqmFunctionRegistry -- Registered SqmFunctionTemplate [NamedSqmFunctionTemplate(sqrt)] under sqrt; prior registration was null
21:10:33.791 [main] DEBUG org.hibernate.query.sqm.function.SqmFunctionRegistry -- Registered SqmFunctionTemplate [NamedSqmFunctionTemplate(ln)] under ln; prior registration was null
21:10:33.791 [main] DEBUG org.hibernate.query.sqm.function.SqmFunctionRegistry -- Registered SqmFunctionTemplate [NamedSqmFunctionTemplate(exp)] under exp; prior registration was null
21:10:33.791 [main] DEBUG org.hibernate.query.sqm.function.SqmFunctionRegistry -- Registered SqmFunctionTemplate [NamedSqmFunctionTemplate(power)] under power; prior registration was null
21:10:33.791 [main] DEBUG org.hibernate.query.sqm.function.SqmFunctionRegistry -- Registered SqmFunctionTemplate [NamedSqmFunctionTemplate(round)] under round; prior registration was null
21:10:33.791 [main] DEBUG org.hibernate.query.sqm.function.SqmFunctionRegistry -- Registered SqmFunctionTemplate [NamedSqmFunctionTemplate(sin)] under sin; prior registration was null
21:10:33.791 [main] DEBUG org.hibernate.query.sqm.function.SqmFunctionRegistry -- Registered SqmFunctionTemplate [NamedSqmFunctionTemplate(cos)] under cos; prior registration was null
21:10:33.791 [main] DEBUG org.hibernate.query.sqm.function.SqmFunctionRegistry -- Registered SqmFunctionTemplate [NamedSqmFunctionTemplate(tan)] under tan; prior registration was null
21:10:33.791 [main] DEBUG org.hibernate.query.sqm.function.SqmFunctionRegistry -- Registered SqmFunctionTemplate [NamedSqmFunctionTemplate(asin)] under asin; prior registration was null
21:10:33.791 [main] DEBUG org.hibernate.query.sqm.function.SqmFunctionRegistry -- Registered SqmFunctionTemplate [NamedSqmFunctionTemplate(acos)] under acos; prior registration was null
21:10:33.791 [main] DEBUG org.hibernate.query.sqm.function.SqmFunctionRegistry -- Registered SqmFunctionTemplate [NamedSqmFunctionTemplate(atan)] under atan; prior registration was null
21:10:33.791 [main] DEBUG org.hibernate.query.sqm.function.SqmFunctionRegistry -- Registered SqmFunctionTemplate [NamedSqmFunctionTemplate(atan2)] under atan2; prior registration was null
21:10:33.791 [main] DEBUG org.hibernate.query.sqm.function.SqmFunctionRegistry -- Registered SqmFunctionTemplate [org.hibernate.query.sqm.function.PatternBasedSqmFunctionDescriptor@54687fd0] under sinh; prior registration was null
21:10:33.791 [main] DEBUG org.hibernate.query.sqm.function.SqmFunctionRegistry -- Registered SqmFunctionTemplate [org.hibernate.query.sqm.function.PatternBasedSqmFunctionDescriptor@6eaf030c] under cosh; prior registration was null
21:10:33.791 [main] DEBUG org.hibernate.query.sqm.function.SqmFunctionRegistry -- Registered SqmFunctionTemplate [org.hibernate.query.sqm.function.PatternBasedSqmFunctionDescriptor@b2da3a5] under tanh; prior registration was null
21:10:33.791 [main] DEBUG org.hibernate.query.sqm.function.SqmFunctionRegistry -- Registered SqmFunctionTemplate [org.hibernate.query.sqm.function.PatternBasedSqmFunctionDescriptor@6dbb3d7d] under pi; prior registration was null
21:10:33.791 [main] DEBUG org.hibernate.query.sqm.function.SqmFunctionRegistry -- Registered SqmFunctionTemplate [org.hibernate.query.sqm.function.PatternBasedSqmFunctionDescriptor@7a3a49e5] under log; prior registration was null
21:10:33.791 [main] DEBUG org.hibernate.query.sqm.function.SqmFunctionRegistry -- Registered SqmFunctionTemplate [NamedSqmFunctionTemplate(coalesce)] under coalesce; prior registration was null
21:10:33.791 [main] DEBUG org.hibernate.query.sqm.function.SqmFunctionRegistry -- Registered SqmFunctionTemplate [NamedSqmFunctionTemplate(nullif)] under nullif; prior registration was null
21:10:33.791 [main] DEBUG org.hibernate.query.sqm.function.SqmFunctionRegistry -- Registered SqmFunctionTemplate [NamedSqmFunctionTemplate(left)] under left; prior registration was null
21:10:33.791 [main] DEBUG org.hibernate.query.sqm.function.SqmFunctionRegistry -- Registered SqmFunctionTemplate [NamedSqmFunctionTemplate(right)] under right; prior registration was null
21:10:33.791 [main] DEBUG org.hibernate.query.sqm.function.SqmFunctionRegistry -- Registered SqmFunctionTemplate [NamedSqmFunctionTemplate(replace)] under replace; prior registration was null
21:10:33.791 [main] DEBUG org.hibernate.query.sqm.function.SqmFunctionRegistry -- Registered SqmFunctionTemplate [NamedSqmFunctionTemplate(concat)] under concat; prior registration was null
21:10:33.791 [main] DEBUG org.hibernate.query.sqm.function.SqmFunctionRegistry -- Registered SqmFunctionTemplate [NamedSqmFunctionTemplate(lower)] under lower; prior registration was null
21:10:33.791 [main] DEBUG org.hibernate.query.sqm.function.SqmFunctionRegistry -- Registered SqmFunctionTemplate [NamedSqmFunctionTemplate(upper)] under upper; prior registration was null
21:10:33.791 [main] DEBUG org.hibernate.query.sqm.function.SqmFunctionRegistry -- Registered SqmFunctionTemplate [NamedSqmFunctionTemplate(substring)] under substring; prior registration was null
21:10:33.791 [main] DEBUG org.hibernate.query.sqm.function.SqmFunctionRegistry -- Registered SqmFunctionTemplate [NamedSqmFunctionTemplate(locate)] under locate; prior registration was null
21:10:33.791 [main] DEBUG org.hibernate.query.sqm.function.SqmFunctionRegistry -- Registered SqmFunctionTemplate [NamedSqmFunctionTemplate(character_length)] under character_length; prior registration was null
21:10:33.791 [main] DEBUG org.hibernate.query.sqm.function.SqmFunctionRegistry -- Registering alternate key : length -> character_length
21:10:33.791 [main] DEBUG org.hibernate.query.sqm.function.SqmFunctionRegistry -- Registered SqmFunctionTemplate [org.hibernate.dialect.function.LocatePositionEmulation@6c1b82cd] under position; prior registration was null
21:10:33.791 [main] DEBUG org.hibernate.query.sqm.function.SqmFunctionRegistry -- Registered SqmFunctionTemplate [org.hibernate.dialect.function.InsertSubstringOverlayEmulation@acd3460] under overlay; prior registration was null
21:10:33.792 [main] DEBUG org.hibernate.query.sqm.function.SqmFunctionRegistry -- Registered SqmFunctionTemplate [org.hibernate.dialect.function.TrimFunction@3ea9a091] under trim; prior registration was null
21:10:33.792 [main] DEBUG org.hibernate.query.sqm.function.SqmFunctionRegistry -- Registered SqmFunctionTemplate [org.hibernate.dialect.function.CastFunction@16f4a3c0] under cast; prior registration was null
21:10:33.792 [main] DEBUG org.hibernate.query.sqm.function.SqmFunctionRegistry -- Registered SqmFunctionTemplate [org.hibernate.query.sqm.function.PatternBasedSqmFunctionDescriptor@26495639] under collate; prior registration was null
21:10:33.792 [main] DEBUG org.hibernate.query.sqm.function.SqmFunctionRegistry -- Registered SqmFunctionTemplate [org.hibernate.dialect.function.ExtractFunction@45c408a4] under extract; prior registration was null
21:10:33.792 [main] DEBUG org.hibernate.query.sqm.function.SqmFunctionRegistry -- Registered SqmFunctionTemplate [NamedSqmFunctionTemplate(least)] under least; prior registration was null
21:10:33.792 [main] DEBUG org.hibernate.query.sqm.function.SqmFunctionRegistry -- Registered SqmFunctionTemplate [NamedSqmFunctionTemplate(greatest)] under greatest; prior registration was null
21:10:33.792 [main] DEBUG org.hibernate.query.sqm.function.SqmFunctionRegistry -- Registered SqmFunctionTemplate [org.hibernate.dialect.function.CoalesceIfnullEmulation@369a95a5] under ifnull; prior registration was null
21:10:33.792 [main] DEBUG org.hibernate.query.sqm.function.SqmFunctionRegistry -- Registered SqmFunctionTemplate [NamedSqmFunctionTemplate(lpad)] under lpad; prior registration was null
21:10:33.792 [main] DEBUG org.hibernate.query.sqm.function.SqmFunctionRegistry -- Registered SqmFunctionTemplate [NamedSqmFunctionTemplate(rpad)] under rpad; prior registration was null
21:10:33.792 [main] DEBUG org.hibernate.query.sqm.function.SqmFunctionRegistry -- Registered SqmFunctionTemplate [org.hibernate.dialect.function.LpadRpadPadEmulation@543da15] under pad; prior registration was null
21:10:33.792 [main] DEBUG org.hibernate.query.sqm.function.SqmFunctionRegistry -- Registered SqmFunctionTemplate [org.hibernate.dialect.function.CastStrEmulation@69d7bc1a] under str; prior registration was null
21:10:33.792 [main] DEBUG org.hibernate.query.sqm.function.SqmFunctionRegistry -- Registered SqmFunctionTemplate [org.hibernate.dialect.function.FormatFunction@cb318ac] under format; prior registration was null
21:10:33.792 [main] DEBUG org.hibernate.query.sqm.function.SqmFunctionRegistry -- Registered SqmFunctionTemplate [org.hibernate.dialect.function.TimestampaddFunction@6e668322] under timestampadd; prior registration was null
21:10:33.792 [main] DEBUG org.hibernate.query.sqm.function.SqmFunctionRegistry -- Registered SqmFunctionTemplate [org.hibernate.dialect.function.TimestampdiffFunction@75ee6f89] under timestampdiff; prior registration was null
21:10:33.792 [main] DEBUG org.hibernate.query.sqm.function.SqmFunctionRegistry -- Registering alternate key : dateadd -> timestampadd
21:10:33.792 [main] DEBUG org.hibernate.query.sqm.function.SqmFunctionRegistry -- Registering alternate key : datediff -> timestampdiff
21:10:33.792 [main] DEBUG org.hibernate.query.sqm.function.SqmFunctionRegistry -- Registered SqmFunctionTemplate [org.hibernate.dialect.function.CurrentFunction@210d3a42] under current_date; prior registration was null
21:10:33.792 [main] DEBUG org.hibernate.query.sqm.function.SqmFunctionRegistry -- Registered SqmFunctionTemplate [org.hibernate.dialect.function.CurrentFunction@356f20b7] under current_time; prior registration was null
21:10:33.792 [main] DEBUG org.hibernate.query.sqm.function.SqmFunctionRegistry -- Registered SqmFunctionTemplate [org.hibernate.dialect.function.CurrentFunction@6f4adaab] under current_timestamp; prior registration was null
21:10:33.792 [main] DEBUG org.hibernate.query.sqm.function.SqmFunctionRegistry -- Registering alternate key : current date -> current_date
21:10:33.792 [main] DEBUG org.hibernate.query.sqm.function.SqmFunctionRegistry -- Registering alternate key : current time -> current_time
21:10:33.792 [main] DEBUG org.hibernate.query.sqm.function.SqmFunctionRegistry -- Registering alternate key : current timestamp -> current_timestamp
21:10:33.792 [main] DEBUG org.hibernate.query.sqm.function.SqmFunctionRegistry -- Registered SqmFunctionTemplate [org.hibernate.dialect.function.CurrentFunction@69de72ec] under local_date; prior registration was null
21:10:33.792 [main] DEBUG org.hibernate.query.sqm.function.SqmFunctionRegistry -- Registered SqmFunctionTemplate [org.hibernate.dialect.function.CurrentFunction@21c99abf] under local_time; prior registration was null
21:10:33.792 [main] DEBUG org.hibernate.query.sqm.function.SqmFunctionRegistry -- Registered SqmFunctionTemplate [org.hibernate.dialect.function.CurrentFunction@6d6f6ca9] under local_datetime; prior registration was null
21:10:33.792 [main] DEBUG org.hibernate.query.sqm.function.SqmFunctionRegistry -- Registered SqmFunctionTemplate [org.hibernate.dialect.function.CurrentFunction@54496c2d] under offset_datetime; prior registration was null
21:10:33.792 [main] DEBUG org.hibernate.query.sqm.function.SqmFunctionRegistry -- Registering alternate key : local date -> local_date
21:10:33.792 [main] DEBUG org.hibernate.query.sqm.function.SqmFunctionRegistry -- Registering alternate key : local time -> local_time
21:10:33.792 [main] DEBUG org.hibernate.query.sqm.function.SqmFunctionRegistry -- Registering alternate key : local datetime -> local_datetime
21:10:33.792 [main] DEBUG org.hibernate.query.sqm.function.SqmFunctionRegistry -- Registering alternate key : offset datetime -> offset_datetime
21:10:33.792 [main] DEBUG org.hibernate.query.sqm.function.SqmFunctionRegistry -- Registered SqmFunctionTemplate [org.hibernate.dialect.function.CurrentFunction@4e1a3d5a] under instant; prior registration was null
21:10:33.792 [main] DEBUG org.hibernate.query.sqm.function.SqmFunctionRegistry -- Registering alternate key : current_instant -> instant
21:10:33.792 [main] DEBUG org.hibernate.query.sqm.function.SqmFunctionRegistry -- Registered SqmFunctionTemplate [org.hibernate.dialect.function.SqlFunction@236b4a44] under sql; prior registration was null
21:10:33.792 [main] DEBUG org.hibernate.query.sqm.function.SqmFunctionRegistry -- Registered SqmFunctionTemplate [NamedSqmFunctionTemplate(cot)] under cot; prior registration was null
21:10:33.792 [main] DEBUG org.hibernate.query.sqm.function.SqmFunctionRegistry -- Registered SqmFunctionTemplate [NamedSqmFunctionTemplate(radians)] under radians; prior registration was null
21:10:33.792 [main] DEBUG org.hibernate.query.sqm.function.SqmFunctionRegistry -- Registered SqmFunctionTemplate [NamedSqmFunctionTemplate(degrees)] under degrees; prior registration was null
21:10:33.792 [main] DEBUG org.hibernate.query.sqm.function.SqmFunctionRegistry -- Registered SqmFunctionTemplate [NamedSqmFunctionTemplate(log)] under log; prior registration was org.hibernate.query.sqm.function.PatternBasedSqmFunctionDescriptor@7a3a49e5
21:10:33.793 [main] DEBUG org.hibernate.query.sqm.function.SqmFunctionRegistry -- Registered SqmFunctionTemplate [org.hibernate.query.sqm.function.PatternBasedSqmFunctionDescriptor@35f760a4] under mod; prior registration was NamedSqmFunctionTemplate(mod)
21:10:33.793 [main] DEBUG org.hibernate.query.sqm.function.SqmFunctionRegistry -- Registered SqmFunctionTemplate [NamedSqmFunctionTemplate(log10)] under log10; prior registration was null
21:10:33.793 [main] DEBUG org.hibernate.query.sqm.function.SqmFunctionRegistry -- Registered SqmFunctionTemplate [NamedSqmFunctionTemplate(tanh)] under tanh; prior registration was org.hibernate.query.sqm.function.PatternBasedSqmFunctionDescriptor@b2da3a5
21:10:33.793 [main] DEBUG org.hibernate.query.sqm.function.SqmFunctionRegistry -- Registered SqmFunctionTemplate [NamedSqmFunctionTemplate(sinh)] under sinh; prior registration was org.hibernate.query.sqm.function.PatternBasedSqmFunctionDescriptor@54687fd0
21:10:33.793 [main] DEBUG org.hibernate.query.sqm.function.SqmFunctionRegistry -- Registered SqmFunctionTemplate [NamedSqmFunctionTemplate(cosh)] under cosh; prior registration was org.hibernate.query.sqm.function.PatternBasedSqmFunctionDescriptor@6eaf030c
21:10:33.793 [main] DEBUG org.hibernate.query.sqm.function.SqmFunctionRegistry -- Registered SqmFunctionTemplate [NamedSqmFunctionTemplate(acosh)] under acosh; prior registration was null
21:10:33.793 [main] DEBUG org.hibernate.query.sqm.function.SqmFunctionRegistry -- Registered SqmFunctionTemplate [NamedSqmFunctionTemplate(asinh)] under asinh; prior registration was null
21:10:33.793 [main] DEBUG org.hibernate.query.sqm.function.SqmFunctionRegistry -- Registered SqmFunctionTemplate [NamedSqmFunctionTemplate(atanh)] under atanh; prior registration was null
21:10:33.793 [main] DEBUG org.hibernate.query.sqm.function.SqmFunctionRegistry -- Registered SqmFunctionTemplate [NamedSqmFunctionTemplate(cbrt)] under cbrt; prior registration was null
21:10:33.793 [main] DEBUG org.hibernate.query.sqm.function.SqmFunctionRegistry -- Registered SqmFunctionTemplate [NamedSqmFunctionTemplate(pi)] under pi; prior registration was org.hibernate.query.sqm.function.PatternBasedSqmFunctionDescriptor@6dbb3d7d
21:10:33.793 [main] DEBUG org.hibernate.query.sqm.function.SqmFunctionRegistry -- Registered SqmFunctionTemplate [NamedSqmFunctionTemplate(ltrim)] under ltrim; prior registration was null
21:10:33.793 [main] DEBUG org.hibernate.query.sqm.function.SqmFunctionRegistry -- Registered SqmFunctionTemplate [NamedSqmFunctionTemplate(rtrim)] under rtrim; prior registration was null
21:10:33.793 [main] DEBUG org.hibernate.query.sqm.function.SqmFunctionRegistry -- Registered SqmFunctionTemplate [NamedSqmFunctionTemplate(repeat)] under repeat; prior registration was null
21:10:33.793 [main] DEBUG org.hibernate.query.sqm.function.SqmFunctionRegistry -- Registered SqmFunctionTemplate [NamedSqmFunctionTemplate(md5)] under md5; prior registration was null
21:10:33.793 [main] DEBUG org.hibernate.query.sqm.function.SqmFunctionRegistry -- Registered SqmFunctionTemplate [NamedSqmFunctionTemplate(initcap)] under initcap; prior registration was null
21:10:33.793 [main] DEBUG org.hibernate.query.sqm.function.SqmFunctionRegistry -- Registered SqmFunctionTemplate [NamedSqmFunctionTemplate(substr)] under substr; prior registration was null
21:10:33.793 [main] DEBUG org.hibernate.query.sqm.function.SqmFunctionRegistry -- Registered SqmFunctionTemplate [NamedSqmFunctionTemplate(substr)] under substring; prior registration was NamedSqmFunctionTemplate(substring)
21:10:33.793 [main] DEBUG org.hibernate.query.sqm.function.SqmFunctionRegistry -- Registered SqmFunctionTemplate [NamedSqmFunctionTemplate(translate)] under translate; prior registration was null
21:10:33.793 [main] DEBUG org.hibernate.query.sqm.function.SqmFunctionRegistry -- Registered SqmFunctionTemplate [NamedSqmFunctionTemplate(to_number)] under to_number; prior registration was null
21:10:33.793 [main] DEBUG org.hibernate.query.sqm.function.SqmFunctionRegistry -- Registered SqmFunctionTemplate [NamedSqmFunctionTemplate(to_char)] under to_char; prior registration was null
21:10:33.793 [main] DEBUG org.hibernate.query.sqm.function.SqmFunctionRegistry -- Registered SqmFunctionTemplate [NamedSqmFunctionTemplate(to_date)] under to_date; prior registration was null
21:10:33.793 [main] DEBUG org.hibernate.query.sqm.function.SqmFunctionRegistry -- Registered SqmFunctionTemplate [NamedSqmFunctionTemplate(to_timestamp)] under to_timestamp; prior registration was null
21:10:33.793 [main] DEBUG org.hibernate.query.sqm.function.SqmFunctionRegistry -- Registered SqmFunctionTemplate [org.hibernate.dialect.function.ConcatPipeFunction@2ac05a33] under concat; prior registration was NamedSqmFunctionTemplate(concat)
21:10:33.793 [main] DEBUG org.hibernate.query.sqm.function.SqmFunctionRegistry -- Registered SqmFunctionTemplate [NamedSqmFunctionTemplate(localtime)] under localtime; prior registration was null
21:10:33.793 [main] DEBUG org.hibernate.query.sqm.function.SqmFunctionRegistry -- Registered SqmFunctionTemplate [NamedSqmFunctionTemplate(localtimestamp)] under localtimestamp; prior registration was null
21:10:33.793 [main] DEBUG org.hibernate.query.sqm.function.SqmFunctionRegistry -- Registered SqmFunctionTemplate [NamedSqmFunctionTemplate(localtime)] under local_time; prior registration was org.hibernate.dialect.function.CurrentFunction@21c99abf
21:10:33.793 [main] DEBUG org.hibernate.query.sqm.function.SqmFunctionRegistry -- Registered SqmFunctionTemplate [NamedSqmFunctionTemplate(localtimestamp)] under local_datetime; prior registration was org.hibernate.dialect.function.CurrentFunction@6d6f6ca9
21:10:33.793 [main] DEBUG org.hibernate.query.sqm.function.SqmFunctionRegistry -- Registered SqmFunctionTemplate [org.hibernate.dialect.function.LengthFunction@35af52dc] under character_length; prior registration was NamedSqmFunctionTemplate(character_length)
21:10:33.793 [main] DEBUG org.hibernate.query.sqm.function.SqmFunctionRegistry -- Registering alternate key : length -> character_length
21:10:33.793 [main] DEBUG org.hibernate.query.sqm.function.SqmFunctionRegistry -- Registered SqmFunctionTemplate [org.hibernate.dialect.function.LengthFunction@4cef0747] under bit_length; prior registration was null
21:10:33.793 [main] DEBUG org.hibernate.query.sqm.function.SqmFunctionRegistry -- Registered SqmFunctionTemplate [org.hibernate.dialect.function.LengthFunction@4213bc3e] under octet_length; prior registration was null
21:10:33.793 [main] DEBUG org.hibernate.query.sqm.function.SqmFunctionRegistry -- Registered SqmFunctionTemplate [NamedSqmFunctionTemplate(ascii)] under ascii; prior registration was null
21:10:33.793 [main] DEBUG org.hibernate.query.sqm.function.SqmFunctionRegistry -- Registered SqmFunctionTemplate [NamedSqmFunctionTemplate(chr)] under chr; prior registration was null
21:10:33.793 [main] DEBUG org.hibernate.query.sqm.function.SqmFunctionRegistry -- Registering alternate key : char -> chr
21:10:33.793 [main] DEBUG org.hibernate.query.sqm.function.SqmFunctionRegistry -- Registered SqmFunctionTemplate [org.hibernate.query.sqm.function.PatternBasedSqmFunctionDescriptor@6aaa678d] under position; prior registration was org.hibernate.dialect.function.LocatePositionEmulation@6c1b82cd
21:10:33.793 [main] DEBUG org.hibernate.query.sqm.function.SqmFunctionRegistry -- Registered SqmFunctionTemplate [org.hibernate.query.sqm.function.PatternBasedSqmFunctionDescriptor@25dcf1b6] under bitand; prior registration was null
21:10:33.793 [main] DEBUG org.hibernate.query.sqm.function.SqmFunctionRegistry -- Registered SqmFunctionTemplate [org.hibernate.query.sqm.function.PatternBasedSqmFunctionDescriptor@113d0f75] under bitor; prior registration was null
21:10:33.793 [main] DEBUG org.hibernate.query.sqm.function.SqmFunctionRegistry -- Registered SqmFunctionTemplate [org.hibernate.query.sqm.function.PatternBasedSqmFunctionDescriptor@4e10a320] under bitxor; prior registration was null
21:10:33.793 [main] DEBUG org.hibernate.query.sqm.function.SqmFunctionRegistry -- Registered SqmFunctionTemplate [org.hibernate.query.sqm.function.PatternBasedSqmFunctionDescriptor@773f3360] under bitnot; prior registration was null
21:10:33.793 [main] DEBUG org.hibernate.query.sqm.function.SqmFunctionRegistry -- Registered SqmFunctionTemplate [NamedSqmFunctionTemplate(bit_and)] under bit_and; prior registration was null
21:10:33.793 [main] DEBUG org.hibernate.query.sqm.function.SqmFunctionRegistry -- Registered SqmFunctionTemplate [NamedSqmFunctionTemplate(bit_or)] under bit_or; prior registration was null
21:10:33.793 [main] DEBUG org.hibernate.query.sqm.function.SqmFunctionRegistry -- Registered SqmFunctionTemplate [NamedSqmFunctionTemplate(bool_and)] under bool_and; prior registration was null
21:10:33.793 [main] DEBUG org.hibernate.query.sqm.function.SqmFunctionRegistry -- Registering alternate key : every -> bool_and
21:10:33.793 [main] DEBUG org.hibernate.query.sqm.function.SqmFunctionRegistry -- Registered SqmFunctionTemplate [NamedSqmFunctionTemplate(bool_or)] under bool_or; prior registration was null
21:10:33.793 [main] DEBUG org.hibernate.query.sqm.function.SqmFunctionRegistry -- Registering alternate key : any -> bool_or
21:10:33.793 [main] DEBUG org.hibernate.query.sqm.function.SqmFunctionRegistry -- Registered SqmFunctionTemplate [org.hibernate.query.sqm.function.PatternBasedSqmFunctionDescriptor@352c3d70] under median; prior registration was null
21:10:33.793 [main] DEBUG org.hibernate.query.sqm.function.SqmFunctionRegistry -- Registered SqmFunctionTemplate [NamedSqmFunctionTemplate(stddev)] under stddev; prior registration was null
21:10:33.793 [main] DEBUG org.hibernate.query.sqm.function.SqmFunctionRegistry -- Registered SqmFunctionTemplate [NamedSqmFunctionTemplate(stddev_pop)] under stddev_pop; prior registration was null
21:10:33.794 [main] DEBUG org.hibernate.query.sqm.function.SqmFunctionRegistry -- Registered SqmFunctionTemplate [NamedSqmFunctionTemplate(stddev_samp)] under stddev_samp; prior registration was null
21:10:33.794 [main] DEBUG org.hibernate.query.sqm.function.SqmFunctionRegistry -- Registered SqmFunctionTemplate [NamedSqmFunctionTemplate(variance)] under variance; prior registration was null
21:10:33.794 [main] DEBUG org.hibernate.query.sqm.function.SqmFunctionRegistry -- Registered SqmFunctionTemplate [NamedSqmFunctionTemplate(var_pop)] under var_pop; prior registration was null
21:10:33.794 [main] DEBUG org.hibernate.query.sqm.function.SqmFunctionRegistry -- Registered SqmFunctionTemplate [NamedSqmFunctionTemplate(var_samp)] under var_samp; prior registration was null
21:10:33.794 [main] DEBUG org.hibernate.query.sqm.function.SqmFunctionRegistry -- Registered SqmFunctionTemplate [NamedSqmFunctionTemplate(covar_pop)] under covar_pop; prior registration was null
21:10:33.794 [main] DEBUG org.hibernate.query.sqm.function.SqmFunctionRegistry -- Registered SqmFunctionTemplate [NamedSqmFunctionTemplate(covar_samp)] under covar_samp; prior registration was null
21:10:33.794 [main] DEBUG org.hibernate.query.sqm.function.SqmFunctionRegistry -- Registered SqmFunctionTemplate [NamedSqmFunctionTemplate(corr)] under corr; prior registration was null
21:10:33.794 [main] DEBUG org.hibernate.query.sqm.function.SqmFunctionRegistry -- Registered SqmFunctionTemplate [NamedSqmFunctionTemplate(regr_avgx)] under regr_avgx; prior registration was null
21:10:33.794 [main] DEBUG org.hibernate.query.sqm.function.SqmFunctionRegistry -- Registered SqmFunctionTemplate [NamedSqmFunctionTemplate(regr_avgy)] under regr_avgy; prior registration was null
21:10:33.794 [main] DEBUG org.hibernate.query.sqm.function.SqmFunctionRegistry -- Registered SqmFunctionTemplate [NamedSqmFunctionTemplate(regr_count)] under regr_count; prior registration was null
21:10:33.794 [main] DEBUG org.hibernate.query.sqm.function.SqmFunctionRegistry -- Registered SqmFunctionTemplate [NamedSqmFunctionTemplate(regr_intercept)] under regr_intercept; prior registration was null
21:10:33.794 [main] DEBUG org.hibernate.query.sqm.function.SqmFunctionRegistry -- Registered SqmFunctionTemplate [NamedSqmFunctionTemplate(regr_r2)] under regr_r2; prior registration was null
21:10:33.794 [main] DEBUG org.hibernate.query.sqm.function.SqmFunctionRegistry -- Registered SqmFunctionTemplate [NamedSqmFunctionTemplate(regr_slope)] under regr_slope; prior registration was null
21:10:33.794 [main] DEBUG org.hibernate.query.sqm.function.SqmFunctionRegistry -- Registered SqmFunctionTemplate [NamedSqmFunctionTemplate(regr_sxx)] under regr_sxx; prior registration was null
21:10:33.794 [main] DEBUG org.hibernate.query.sqm.function.SqmFunctionRegistry -- Registered SqmFunctionTemplate [NamedSqmFunctionTemplate(regr_sxy)] under regr_sxy; prior registration was null
21:10:33.794 [main] DEBUG org.hibernate.query.sqm.function.SqmFunctionRegistry -- Registered SqmFunctionTemplate [NamedSqmFunctionTemplate(regr_syy)] under regr_syy; prior registration was null
21:10:33.795 [main] DEBUG org.hibernate.query.sqm.function.SqmFunctionRegistry -- Registered SqmFunctionTemplate [org.hibernate.query.sqm.function.PatternBasedSqmFunctionDescriptor@4c13ca07] under insert; prior registration was null
21:10:33.795 [main] DEBUG org.hibernate.query.sqm.function.SqmFunctionRegistry -- Registered SqmFunctionTemplate [org.hibernate.query.sqm.function.MultipatternSqmFunctionDescriptor@7d17906] under overlay; prior registration was org.hibernate.dialect.function.InsertSubstringOverlayEmulation@acd3460
21:10:33.795 [main] DEBUG org.hibernate.query.sqm.function.SqmFunctionRegistry -- Registered SqmFunctionTemplate [NamedSqmFunctionTemplate(soundex)] under soundex; prior registration was null
21:10:33.795 [main] DEBUG org.hibernate.query.sqm.function.SqmFunctionRegistry -- Registered SqmFunctionTemplate [org.hibernate.query.sqm.function.MultipatternSqmFunctionDescriptor@97beeaf] under locate; prior registration was NamedSqmFunctionTemplate(locate)
21:10:33.795 [main] DEBUG org.hibernate.query.sqm.function.SqmFunctionRegistry -- Registered SqmFunctionTemplate [NamedSqmFunctionTemplate(row_number)] under row_number; prior registration was null
21:10:33.795 [main] DEBUG org.hibernate.query.sqm.function.SqmFunctionRegistry -- Registered SqmFunctionTemplate [NamedSqmFunctionTemplate(lag)] under lag; prior registration was null
21:10:33.795 [main] DEBUG org.hibernate.query.sqm.function.SqmFunctionRegistry -- Registered SqmFunctionTemplate [NamedSqmFunctionTemplate(lead)] under lead; prior registration was null
21:10:33.795 [main] DEBUG org.hibernate.query.sqm.function.SqmFunctionRegistry -- Registered SqmFunctionTemplate [NamedSqmFunctionTemplate(first_value)] under first_value; prior registration was null
21:10:33.795 [main] DEBUG org.hibernate.query.sqm.function.SqmFunctionRegistry -- Registered SqmFunctionTemplate [NamedSqmFunctionTemplate(last_value)] under last_value; prior registration was null
21:10:33.795 [main] DEBUG org.hibernate.query.sqm.function.SqmFunctionRegistry -- Registered SqmFunctionTemplate [NamedSqmFunctionTemplate(nth_value)] under nth_value; prior registration was null
21:10:33.795 [main] DEBUG org.hibernate.query.sqm.function.SqmFunctionRegistry -- Registered SqmFunctionTemplate [org.hibernate.dialect.function.ListaggStringAggEmulation@5d68954d] under listagg; prior registration was null
21:10:33.795 [main] DEBUG org.hibernate.query.sqm.function.SqmFunctionRegistry -- Registered SqmFunctionTemplate [org.hibernate.dialect.function.array.PostgreSQLArrayConstructorFunction@f793f15] under array; prior registration was null
21:10:33.795 [main] DEBUG org.hibernate.query.sqm.function.SqmFunctionRegistry -- Registered SqmFunctionTemplate [org.hibernate.dialect.function.array.PostgreSQLArrayConstructorFunction@3ec7eb5] under array_list; prior registration was null
21:10:33.795 [main] DEBUG org.hibernate.query.sqm.function.SqmFunctionRegistry -- Registered SqmFunctionTemplate [org.hibernate.dialect.function.array.ArrayAggFunction@5534e6f1] under array_agg; prior registration was null
21:10:33.795 [main] DEBUG org.hibernate.query.sqm.function.SqmFunctionRegistry -- Registered SqmFunctionTemplate [org.hibernate.dialect.function.array.PostgreSQLArrayPositionFunction@4c6fc3e7] under array_position; prior registration was null
21:10:33.795 [main] DEBUG org.hibernate.query.sqm.function.SqmFunctionRegistry -- Registered SqmFunctionTemplate [org.hibernate.dialect.function.array.PostgreSQLArrayPositionsFunction@aa8dce8] under array_positions; prior registration was null
21:10:33.795 [main] DEBUG org.hibernate.query.sqm.function.SqmFunctionRegistry -- Registered SqmFunctionTemplate [org.hibernate.dialect.function.array.PostgreSQLArrayPositionsFunction@6ad112de] under array_positions_list; prior registration was null
21:10:33.795 [main] DEBUG org.hibernate.query.sqm.function.SqmFunctionRegistry -- Registered SqmFunctionTemplate [org.hibernate.query.sqm.function.PatternBasedSqmFunctionDescriptor@18a0721b] under array_length; prior registration was null
21:10:33.795 [main] DEBUG org.hibernate.query.sqm.function.SqmFunctionRegistry -- Registered SqmFunctionTemplate [org.hibernate.dialect.function.array.PostgreSQLArrayConcatFunction@2ae2fa13] under array_concat; prior registration was null
21:10:33.795 [main] DEBUG org.hibernate.query.sqm.function.SqmFunctionRegistry -- Registered SqmFunctionTemplate [org.hibernate.dialect.function.array.PostgreSQLArrayConcatElementFunction@66e12c3b] under array_prepend; prior registration was null
21:10:33.795 [main] DEBUG org.hibernate.query.sqm.function.SqmFunctionRegistry -- Registered SqmFunctionTemplate [org.hibernate.dialect.function.array.PostgreSQLArrayConcatElementFunction@44485db] under array_append; prior registration was null
21:10:33.795 [main] DEBUG org.hibernate.query.sqm.function.SqmFunctionRegistry -- Registered SqmFunctionTemplate [org.hibernate.dialect.function.array.ArrayContainsOperatorFunction@1f6f0fe2] under array_contains; prior registration was null
21:10:33.795 [main] DEBUG org.hibernate.query.sqm.function.SqmFunctionRegistry -- Registered SqmFunctionTemplate [org.hibernate.dialect.function.array.ArrayContainsOperatorFunction@22604c7e] under array_contains_nullable; prior registration was null
21:10:33.796 [main] DEBUG org.hibernate.query.sqm.function.SqmFunctionRegistry -- Registered SqmFunctionTemplate [org.hibernate.dialect.function.array.ArrayOverlapsOperatorFunction@4d8f2cfd] under array_overlaps; prior registration was null
21:10:33.796 [main] DEBUG org.hibernate.query.sqm.function.SqmFunctionRegistry -- Registered SqmFunctionTemplate [org.hibernate.dialect.function.array.ArrayOverlapsOperatorFunction@6d4502ca] under array_overlaps_nullable; prior registration was null
21:10:33.796 [main] DEBUG org.hibernate.query.sqm.function.SqmFunctionRegistry -- Registered SqmFunctionTemplate [org.hibernate.query.sqm.function.PatternBasedSqmFunctionDescriptor@ab2009f] under array_get; prior registration was null
21:10:33.796 [main] DEBUG org.hibernate.query.sqm.function.SqmFunctionRegistry -- Registered SqmFunctionTemplate [org.hibernate.dialect.function.array.ArraySetUnnestFunction@2a11ae0b] under array_set; prior registration was null
21:10:33.796 [main] DEBUG org.hibernate.query.sqm.function.SqmFunctionRegistry -- Registered SqmFunctionTemplate [NamedSqmFunctionTemplate(array_remove)] under array_remove; prior registration was null
21:10:33.796 [main] DEBUG org.hibernate.query.sqm.function.SqmFunctionRegistry -- Registered SqmFunctionTemplate [org.hibernate.dialect.function.array.ArrayRemoveIndexUnnestFunction@1e4d8770] under array_remove_index; prior registration was null
21:10:33.796 [main] DEBUG org.hibernate.query.sqm.function.SqmFunctionRegistry -- Registered SqmFunctionTemplate [org.hibernate.query.sqm.function.PatternBasedSqmFunctionDescriptor@5b5b9521] under array_slice; prior registration was null
21:10:33.796 [main] DEBUG org.hibernate.query.sqm.function.SqmFunctionRegistry -- Registered SqmFunctionTemplate [NamedSqmFunctionTemplate(array_replace)] under array_replace; prior registration was null
21:10:33.796 [main] DEBUG org.hibernate.query.sqm.function.SqmFunctionRegistry -- Registered SqmFunctionTemplate [org.hibernate.query.sqm.function.PatternBasedSqmFunctionDescriptor@41f7c02d] under array_trim; prior registration was null
21:10:33.796 [main] DEBUG org.hibernate.query.sqm.function.SqmFunctionRegistry -- Registered SqmFunctionTemplate [org.hibernate.dialect.function.array.PostgreSQLArrayFillFunction@66314fee] under array_fill; prior registration was null
21:10:33.796 [main] DEBUG org.hibernate.query.sqm.function.SqmFunctionRegistry -- Registered SqmFunctionTemplate [org.hibernate.dialect.function.array.PostgreSQLArrayFillFunction@14b5325f] under array_fill_list; prior registration was null
21:10:33.796 [main] DEBUG org.hibernate.query.sqm.function.SqmFunctionRegistry -- Registered SqmFunctionTemplate [org.hibernate.dialect.function.array.ArrayToStringFunction@13404f75] under array_to_string; prior registration was null
21:10:33.796 [main] DEBUG org.hibernate.query.sqm.function.SqmFunctionRegistry -- Registered SqmFunctionTemplate [NamedSqmFunctionTemplate(make_date)] under make_date; prior registration was null
21:10:33.796 [main] DEBUG org.hibernate.query.sqm.function.SqmFunctionRegistry -- Registered SqmFunctionTemplate [NamedSqmFunctionTemplate(make_time)] under make_time; prior registration was null
21:10:33.796 [main] DEBUG org.hibernate.query.sqm.function.SqmFunctionRegistry -- Registered SqmFunctionTemplate [NamedSqmFunctionTemplate(make_timestamp)] under make_timestamp; prior registration was null
21:10:33.796 [main] DEBUG org.hibernate.query.sqm.function.SqmFunctionRegistry -- Registered SqmFunctionTemplate [NamedSqmFunctionTemplate(make_timestamptz)] under make_timestamptz; prior registration was null
21:10:33.796 [main] DEBUG org.hibernate.query.sqm.function.SqmFunctionRegistry -- Registered SqmFunctionTemplate [org.hibernate.dialect.function.InverseDistributionFunction@6cc90398] under mode; prior registration was null
21:10:33.796 [main] DEBUG org.hibernate.query.sqm.function.SqmFunctionRegistry -- Registered SqmFunctionTemplate [org.hibernate.dialect.function.InverseDistributionFunction@6b6fd0] under percentile_cont; prior registration was null
21:10:33.796 [main] DEBUG org.hibernate.query.sqm.function.SqmFunctionRegistry -- Registered SqmFunctionTemplate [org.hibernate.dialect.function.InverseDistributionFunction@3d718248] under percentile_disc; prior registration was null
21:10:33.797 [main] DEBUG org.hibernate.query.sqm.function.SqmFunctionRegistry -- Registered SqmFunctionTemplate [org.hibernate.dialect.function.HypotheticalSetFunction@2cdb5974] under rank; prior registration was null
21:10:33.797 [main] DEBUG org.hibernate.query.sqm.function.SqmFunctionRegistry -- Registered SqmFunctionTemplate [org.hibernate.dialect.function.HypotheticalSetFunction@8aa5ab4] under dense_rank; prior registration was null
21:10:33.797 [main] DEBUG org.hibernate.query.sqm.function.SqmFunctionRegistry -- Registered SqmFunctionTemplate [org.hibernate.dialect.function.HypotheticalSetFunction@53e4a19e] under percent_rank; prior registration was null
21:10:33.797 [main] DEBUG org.hibernate.query.sqm.function.SqmFunctionRegistry -- Registered SqmFunctionTemplate [org.hibernate.dialect.function.HypotheticalSetFunction@62360a68] under cume_dist; prior registration was null
21:10:33.797 [main] DEBUG org.hibernate.query.sqm.function.SqmFunctionRegistry -- Registered SqmFunctionTemplate [org.hibernate.dialect.function.PostgreSQLMinMaxFunction@1450ffa3] under min; prior registration was NamedSqmFunctionTemplate(min)
21:10:33.797 [main] DEBUG org.hibernate.query.sqm.function.SqmFunctionRegistry -- Registered SqmFunctionTemplate [org.hibernate.dialect.function.PostgreSQLMinMaxFunction@4e756867] under max; prior registration was NamedSqmFunctionTemplate(max)
21:10:33.797 [main] DEBUG org.hibernate.query.sqm.function.SqmFunctionRegistry -- Registered SqmFunctionTemplate [org.hibernate.dialect.function.PostgreSQLTruncRoundFunction@38ebc866] under round; prior registration was NamedSqmFunctionTemplate(round)
21:10:33.797 [main] DEBUG org.hibernate.query.sqm.function.SqmFunctionRegistry -- Registered SqmFunctionTemplate [org.hibernate.dialect.function.PostgreSQLTruncFunction@6adcf059] under trunc; prior registration was null
21:10:33.797 [main] DEBUG org.hibernate.query.sqm.function.SqmFunctionRegistry -- Registering alternate key : truncate -> trunc
21:10:33.797 [main] DEBUG org.hibernate.query.sqm.function.SqmFunctionRegistry -- Registered SqmFunctionTemplate [org.hibernate.query.sqm.function.PatternBasedSqmFunctionDescriptor@7962a746] under date_trunc; prior registration was null
21:10:33.797 [main] DEBUG org.hibernate.HQL_FUNCTIONS -- abs(NUMERIC arg)
21:10:33.798 [main] DEBUG org.hibernate.HQL_FUNCTIONS -- Double acos(NUMERIC arg)
21:10:33.798 [main] DEBUG org.hibernate.HQL_FUNCTIONS -- Double acosh(NUMERIC arg)
21:10:33.798 [main] DEBUG org.hibernate.HQL_FUNCTIONS -- Boolean any(BOOLEAN predicate)
21:10:33.798 [main] DEBUG org.hibernate.HQL_FUNCTIONS -- array( ... )
21:10:33.798 [main] DEBUG org.hibernate.HQL_FUNCTIONS -- array_agg(arg)
21:10:33.798 [main] DEBUG org.hibernate.HQL_FUNCTIONS -- array_append( ... )
21:10:33.798 [main] DEBUG org.hibernate.HQL_FUNCTIONS -- array_concat( ... )
21:10:33.798 [main] DEBUG org.hibernate.HQL_FUNCTIONS -- Boolean array_contains(ARRAY haystackArray, OBJECT needleElementOrArray)
21:10:33.798 [main] DEBUG org.hibernate.HQL_FUNCTIONS -- Boolean array_contains_nullable(ARRAY haystackArray, OBJECT needleElementOrArray)
21:10:33.798 [main] DEBUG org.hibernate.HQL_FUNCTIONS -- array_fill(OBJECT element, INTEGER elementCount)
21:10:33.798 [main] DEBUG org.hibernate.HQL_FUNCTIONS -- array_fill_list(OBJECT element, INTEGER elementCount)
21:10:33.798 [main] DEBUG org.hibernate.HQL_FUNCTIONS -- array_get(ARRAY array, INTEGER index)
21:10:33.798 [main] DEBUG org.hibernate.HQL_FUNCTIONS -- Integer array_length(ARRAY array)
21:10:33.798 [main] DEBUG org.hibernate.HQL_FUNCTIONS -- array_list( ... )
21:10:33.798 [main] DEBUG org.hibernate.HQL_FUNCTIONS -- Boolean array_overlaps(ARRAY array0, OBJECT array1)
21:10:33.798 [main] DEBUG org.hibernate.HQL_FUNCTIONS -- Boolean array_overlaps_nullable(ARRAY array0, OBJECT array1)
21:10:33.798 [main] DEBUG org.hibernate.HQL_FUNCTIONS -- Integer array_position(ARRAY array, OBJECT element[, INTEGER startPosition])
21:10:33.798 [main] DEBUG org.hibernate.HQL_FUNCTIONS -- int[] array_positions(ARRAY array, OBJECT element)
21:10:33.798 [main] DEBUG org.hibernate.HQL_FUNCTIONS -- List array_positions_list(ARRAY array, OBJECT element)
21:10:33.798 [main] DEBUG org.hibernate.HQL_FUNCTIONS -- array_prepend( ... )
21:10:33.798 [main] DEBUG org.hibernate.HQL_FUNCTIONS -- array_remove( ... )
21:10:33.798 [main] DEBUG org.hibernate.HQL_FUNCTIONS -- array_remove_index( ... )
21:10:33.798 [main] DEBUG org.hibernate.HQL_FUNCTIONS -- array_replace(ARRAY array, OBJECT old, OBJECT new)
21:10:33.798 [main] DEBUG org.hibernate.HQL_FUNCTIONS -- array_set( ... )
21:10:33.798 [main] DEBUG org.hibernate.HQL_FUNCTIONS -- array_slice(ARRAY array, INTEGER start, INTEGER end)
21:10:33.798 [main] DEBUG org.hibernate.HQL_FUNCTIONS -- String array_to_string( ... )
21:10:33.798 [main] DEBUG org.hibernate.HQL_FUNCTIONS -- array_trim(ARRAY array, INTEGER elementsToRemove)
21:10:33.798 [main] DEBUG org.hibernate.HQL_FUNCTIONS -- Integer ascii(STRING arg)
21:10:33.798 [main] DEBUG org.hibernate.HQL_FUNCTIONS -- Double asin(NUMERIC arg)
21:10:33.798 [main] DEBUG org.hibernate.HQL_FUNCTIONS -- Double asinh(NUMERIC arg)
21:10:33.798 [main] DEBUG org.hibernate.HQL_FUNCTIONS -- Double atan(NUMERIC arg)
21:10:33.798 [main] DEBUG org.hibernate.HQL_FUNCTIONS -- Double atan2(NUMERIC arg0, NUMERIC arg1)
21:10:33.798 [main] DEBUG org.hibernate.HQL_FUNCTIONS -- Double atanh(NUMERIC arg)
21:10:33.798 [main] DEBUG org.hibernate.HQL_FUNCTIONS -- avg(arg)
21:10:33.798 [main] DEBUG org.hibernate.HQL_FUNCTIONS -- bit_and(arg)
21:10:33.798 [main] DEBUG org.hibernate.HQL_FUNCTIONS -- Integer bit_length(STRING_OR_CLOB arg)
21:10:33.798 [main] DEBUG org.hibernate.HQL_FUNCTIONS -- bit_or(arg)
21:10:33.798 [main] DEBUG org.hibernate.HQL_FUNCTIONS -- bitand(arg0, arg1)
21:10:33.798 [main] DEBUG org.hibernate.HQL_FUNCTIONS -- bitnot(arg)
21:10:33.798 [main] DEBUG org.hibernate.HQL_FUNCTIONS -- bitor(arg0, arg1)
21:10:33.798 [main] DEBUG org.hibernate.HQL_FUNCTIONS -- bitxor(arg0, arg1)
21:10:33.798 [main] DEBUG org.hibernate.HQL_FUNCTIONS -- Boolean bool_and(BOOLEAN predicate)
21:10:33.798 [main] DEBUG org.hibernate.HQL_FUNCTIONS -- Boolean bool_or(BOOLEAN predicate)
21:10:33.798 [main] DEBUG org.hibernate.HQL_FUNCTIONS -- cast(arg as Type)
21:10:33.798 [main] DEBUG org.hibernate.HQL_FUNCTIONS -- Double cbrt(NUMERIC arg)
21:10:33.798 [main] DEBUG org.hibernate.HQL_FUNCTIONS -- ceiling(NUMERIC arg)
21:10:33.798 [main] DEBUG org.hibernate.HQL_FUNCTIONS -- Character char(INTEGER arg)
21:10:33.798 [main] DEBUG org.hibernate.HQL_FUNCTIONS -- Integer character_length(STRING_OR_CLOB arg)
21:10:33.798 [main] DEBUG org.hibernate.HQL_FUNCTIONS -- Character chr(INTEGER arg)
21:10:33.798 [main] DEBUG org.hibernate.HQL_FUNCTIONS -- coalesce(arg0[, arg1[, ...]])
21:10:33.798 [main] DEBUG org.hibernate.HQL_FUNCTIONS -- String collate(STRING string as COLLATION collation)
21:10:33.798 [main] DEBUG org.hibernate.HQL_FUNCTIONS -- (STRING string0[, STRING string1[, ...]])
21:10:33.798 [main] DEBUG org.hibernate.HQL_FUNCTIONS -- Double corr(NUMERIC arg0, NUMERIC arg1)
21:10:33.798 [main] DEBUG org.hibernate.HQL_FUNCTIONS -- Double cos(NUMERIC arg)
21:10:33.798 [main] DEBUG org.hibernate.HQL_FUNCTIONS -- Double cosh(NUMERIC arg)
21:10:33.798 [main] DEBUG org.hibernate.HQL_FUNCTIONS -- Double cot(NUMERIC arg)
21:10:33.798 [main] DEBUG org.hibernate.HQL_FUNCTIONS -- Long count([distinct ]{arg|*})
21:10:33.798 [main] DEBUG org.hibernate.HQL_FUNCTIONS -- Double covar_pop(NUMERIC arg0, NUMERIC arg1)
21:10:33.799 [main] DEBUG org.hibernate.HQL_FUNCTIONS -- Double covar_samp(NUMERIC arg0, NUMERIC arg1)
21:10:33.799 [main] DEBUG org.hibernate.HQL_FUNCTIONS -- Double cume_dist([arg0[, ...]])
21:10:33.799 [main] DEBUG org.hibernate.HQL_FUNCTIONS -- Date current date
21:10:33.799 [main] DEBUG org.hibernate.HQL_FUNCTIONS -- Time current time
21:10:33.799 [main] DEBUG org.hibernate.HQL_FUNCTIONS -- Timestamp current timestamp
21:10:33.799 [main] DEBUG org.hibernate.HQL_FUNCTIONS -- Date current_date
21:10:33.799 [main] DEBUG org.hibernate.HQL_FUNCTIONS -- Instant current_instant
21:10:33.799 [main] DEBUG org.hibernate.HQL_FUNCTIONS -- Time current_time
21:10:33.799 [main] DEBUG org.hibernate.HQL_FUNCTIONS -- Timestamp current_timestamp
21:10:33.799 [main] DEBUG org.hibernate.HQL_FUNCTIONS -- date_trunc(STRING field, TEMPORAL datetime)
21:10:33.799 [main] DEBUG org.hibernate.HQL_FUNCTIONS -- dateadd(TEMPORAL_UNIT field, INTEGER magnitude, TEMPORAL datetime)
21:10:33.799 [main] DEBUG org.hibernate.HQL_FUNCTIONS -- basicType@29(java.lang.Long,-5)|basicType@42(java.lang.Double,8) datediff(TEMPORAL_UNIT field, TEMPORAL start, TEMPORAL end)
21:10:33.799 [main] DEBUG org.hibernate.HQL_FUNCTIONS -- Double degrees(NUMERIC arg)
21:10:33.799 [main] DEBUG org.hibernate.HQL_FUNCTIONS -- Long dense_rank([arg0[, ...]])
21:10:33.799 [main] DEBUG org.hibernate.HQL_FUNCTIONS -- Boolean every(BOOLEAN predicate)
21:10:33.799 [main] DEBUG org.hibernate.HQL_FUNCTIONS -- Double exp(NUMERIC arg)
21:10:33.799 [main] DEBUG org.hibernate.HQL_FUNCTIONS -- extract(TEMPORAL_UNIT field from TEMPORAL arg)
21:10:33.799 [main] DEBUG org.hibernate.HQL_FUNCTIONS -- first_valueANY value
21:10:33.799 [main] DEBUG org.hibernate.HQL_FUNCTIONS -- floor(NUMERIC arg)
21:10:33.799 [main] DEBUG org.hibernate.HQL_FUNCTIONS -- String format(TEMPORAL datetime as STRING pattern)
21:10:33.799 [main] DEBUG org.hibernate.HQL_FUNCTIONS -- greatest(COMPARABLE arg0, COMPARABLE arg1[, arg2[, ...]])
21:10:33.799 [main] DEBUG org.hibernate.HQL_FUNCTIONS -- ifnull(arg0, arg1)
21:10:33.799 [main] DEBUG org.hibernate.HQL_FUNCTIONS -- String initcap(arg)
21:10:33.799 [main] DEBUG org.hibernate.HQL_FUNCTIONS -- String insert(STRING string, INTEGER start, INTEGER length, STRING replacement)
21:10:33.799 [main] DEBUG org.hibernate.HQL_FUNCTIONS -- Instant instant
21:10:33.799 [main] DEBUG org.hibernate.HQL_FUNCTIONS -- lagANY value[, INTEGER offset[, ANY default]]
21:10:33.799 [main] DEBUG org.hibernate.HQL_FUNCTIONS -- last_valueANY value
21:10:33.799 [main] DEBUG org.hibernate.HQL_FUNCTIONS -- leadANY value[, INTEGER offset[, ANY default]]
21:10:33.799 [main] DEBUG org.hibernate.HQL_FUNCTIONS -- least(COMPARABLE arg0, COMPARABLE arg1[, arg2[, ...]])
21:10:33.799 [main] DEBUG org.hibernate.HQL_FUNCTIONS -- String left(STRING string, INTEGER length)
21:10:33.799 [main] DEBUG org.hibernate.HQL_FUNCTIONS -- Integer length(STRING_OR_CLOB arg)
21:10:33.799 [main] DEBUG org.hibernate.HQL_FUNCTIONS -- String listagg(STRING arg0, STRING arg1)
21:10:33.799 [main] DEBUG org.hibernate.HQL_FUNCTIONS -- Double ln(NUMERIC arg)
21:10:33.799 [main] DEBUG org.hibernate.HQL_FUNCTIONS -- LocalDate local date
21:10:33.799 [main] DEBUG org.hibernate.HQL_FUNCTIONS -- LocalDateTime local datetime
21:10:33.799 [main] DEBUG org.hibernate.HQL_FUNCTIONS -- LocalTime local time
21:10:33.799 [main] DEBUG org.hibernate.HQL_FUNCTIONS -- LocalDate local_date
21:10:33.799 [main] DEBUG org.hibernate.HQL_FUNCTIONS -- LocalDateTime local_datetime
21:10:33.799 [main] DEBUG org.hibernate.HQL_FUNCTIONS -- LocalTime local_time
21:10:33.799 [main] DEBUG org.hibernate.HQL_FUNCTIONS -- Time localtime
21:10:33.799 [main] DEBUG org.hibernate.HQL_FUNCTIONS -- Timestamp localtimestamp
21:10:33.799 [main] DEBUG org.hibernate.HQL_FUNCTIONS -- Integer locate(STRING pattern, STRING string[, INTEGER start])
21:10:33.799 [main] DEBUG org.hibernate.HQL_FUNCTIONS -- Double log(NUMERIC arg0[, NUMERIC arg1])
21:10:33.799 [main] DEBUG org.hibernate.HQL_FUNCTIONS -- Double log10(NUMERIC arg)
21:10:33.799 [main] DEBUG org.hibernate.HQL_FUNCTIONS -- String lower(STRING string)
21:10:33.799 [main] DEBUG org.hibernate.HQL_FUNCTIONS -- String lpad(STRING string, INTEGER length[, STRING padding])
21:10:33.799 [main] DEBUG org.hibernate.HQL_FUNCTIONS -- String ltrim(STRING string[, STRING characters])
21:10:33.799 [main] DEBUG org.hibernate.HQL_FUNCTIONS -- Date make_date(INTEGER arg0, INTEGER arg1, INTEGER arg2)
21:10:33.799 [main] DEBUG org.hibernate.HQL_FUNCTIONS -- Time make_time(INTEGER arg0, INTEGER arg1, INTEGER arg2)
21:10:33.799 [main] DEBUG org.hibernate.HQL_FUNCTIONS -- Timestamp make_timestamp(INTEGER arg0, INTEGER arg1, INTEGER arg2, INTEGER arg3, INTEGER arg4, INTEGER arg5)
21:10:33.799 [main] DEBUG org.hibernate.HQL_FUNCTIONS -- Timestamp make_timestamptz(INTEGER arg0, INTEGER arg1, INTEGER arg2, INTEGER arg3, INTEGER arg4, INTEGER arg5[, INTEGER arg6])
21:10:33.799 [main] DEBUG org.hibernate.HQL_FUNCTIONS -- max(COMPARABLE arg)
21:10:33.799 [main] DEBUG org.hibernate.HQL_FUNCTIONS -- String md5(arg)
21:10:33.799 [main] DEBUG org.hibernate.HQL_FUNCTIONS -- Double median(NUMERIC arg)
21:10:33.799 [main] DEBUG org.hibernate.HQL_FUNCTIONS -- min(COMPARABLE arg)
21:10:33.799 [main] DEBUG org.hibernate.HQL_FUNCTIONS -- Integer mod(INTEGER arg0, INTEGER arg1)
21:10:33.799 [main] DEBUG org.hibernate.HQL_FUNCTIONS -- mode()
21:10:33.799 [main] DEBUG org.hibernate.HQL_FUNCTIONS -- nth_valueANY value, INTEGER nth
21:10:33.799 [main] DEBUG org.hibernate.HQL_FUNCTIONS -- nullif(arg0, arg1)
21:10:33.799 [main] DEBUG org.hibernate.HQL_FUNCTIONS -- Integer octet_length(STRING_OR_CLOB arg)
21:10:33.799 [main] DEBUG org.hibernate.HQL_FUNCTIONS -- OffsetDateTime offset datetime
21:10:33.799 [main] DEBUG org.hibernate.HQL_FUNCTIONS -- OffsetDateTime offset_datetime
21:10:33.799 [main] DEBUG org.hibernate.HQL_FUNCTIONS -- String overlay(string placing replacement from start[ for length])
21:10:33.799 [main] DEBUG org.hibernate.HQL_FUNCTIONS -- String pad(STRING string with INTEGER length {leading|trailing}[ STRING character])
21:10:33.800 [main] DEBUG org.hibernate.HQL_FUNCTIONS -- Double percent_rank([arg0[, ...]])
21:10:33.800 [main] DEBUG org.hibernate.HQL_FUNCTIONS -- percentile_cont(NUMERIC arg)
21:10:33.800 [main] DEBUG org.hibernate.HQL_FUNCTIONS -- percentile_disc(NUMERIC arg)
21:10:33.800 [main] DEBUG org.hibernate.HQL_FUNCTIONS -- Double pi
21:10:33.800 [main] DEBUG org.hibernate.HQL_FUNCTIONS -- Integer position(STRING pattern in STRING string)
21:10:33.800 [main] DEBUG org.hibernate.HQL_FUNCTIONS -- Double power(NUMERIC arg0, NUMERIC arg1)
21:10:33.800 [main] DEBUG org.hibernate.HQL_FUNCTIONS -- Double radians(NUMERIC arg)
21:10:33.800 [main] DEBUG org.hibernate.HQL_FUNCTIONS -- Long rank([arg0[, ...]])
21:10:33.800 [main] DEBUG org.hibernate.HQL_FUNCTIONS -- Double regr_avgx(NUMERIC arg0, NUMERIC arg1)
21:10:33.800 [main] DEBUG org.hibernate.HQL_FUNCTIONS -- Double regr_avgy(NUMERIC arg0, NUMERIC arg1)
21:10:33.800 [main] DEBUG org.hibernate.HQL_FUNCTIONS -- Double regr_count(NUMERIC arg0, NUMERIC arg1)
21:10:33.800 [main] DEBUG org.hibernate.HQL_FUNCTIONS -- Double regr_intercept(NUMERIC arg0, NUMERIC arg1)
21:10:33.800 [main] DEBUG org.hibernate.HQL_FUNCTIONS -- Double regr_r2(NUMERIC arg0, NUMERIC arg1)
21:10:33.800 [main] DEBUG org.hibernate.HQL_FUNCTIONS -- Double regr_slope(NUMERIC arg0, NUMERIC arg1)
21:10:33.800 [main] DEBUG org.hibernate.HQL_FUNCTIONS -- Double regr_sxx(NUMERIC arg0, NUMERIC arg1)
21:10:33.800 [main] DEBUG org.hibernate.HQL_FUNCTIONS -- Double regr_sxy(NUMERIC arg0, NUMERIC arg1)
21:10:33.800 [main] DEBUG org.hibernate.HQL_FUNCTIONS -- Double regr_syy(NUMERIC arg0, NUMERIC arg1)
21:10:33.800 [main] DEBUG org.hibernate.HQL_FUNCTIONS -- String repeat(STRING string, INTEGER times)
21:10:33.800 [main] DEBUG org.hibernate.HQL_FUNCTIONS -- String replace(STRING string, STRING pattern, STRING replacement)
21:10:33.800 [main] DEBUG org.hibernate.HQL_FUNCTIONS -- String right(STRING string, INTEGER length)
21:10:33.800 [main] DEBUG org.hibernate.HQL_FUNCTIONS -- round(NUMERIC number[, INTEGER places])
21:10:33.800 [main] DEBUG org.hibernate.HQL_FUNCTIONS -- Long row_number()
21:10:33.800 [main] DEBUG org.hibernate.HQL_FUNCTIONS -- String rpad(STRING string, INTEGER length[, STRING padding])
21:10:33.800 [main] DEBUG org.hibernate.HQL_FUNCTIONS -- String rtrim(STRING string[, STRING characters])
21:10:33.800 [main] DEBUG org.hibernate.HQL_FUNCTIONS -- Integer sign(NUMERIC arg)
21:10:33.800 [main] DEBUG org.hibernate.HQL_FUNCTIONS -- Double sin(NUMERIC arg)
21:10:33.800 [main] DEBUG org.hibernate.HQL_FUNCTIONS -- Double sinh(NUMERIC arg)
21:10:33.800 [main] DEBUG org.hibernate.HQL_FUNCTIONS -- String soundex(arg)
21:10:33.800 [main] DEBUG org.hibernate.HQL_FUNCTIONS -- Object sql
21:10:33.800 [main] DEBUG org.hibernate.HQL_FUNCTIONS -- Double sqrt(NUMERIC arg)
21:10:33.800 [main] DEBUG org.hibernate.HQL_FUNCTIONS -- Double stddev(NUMERIC arg)
21:10:33.800 [main] DEBUG org.hibernate.HQL_FUNCTIONS -- Double stddev_pop(NUMERIC arg)
21:10:33.800 [main] DEBUG org.hibernate.HQL_FUNCTIONS -- Double stddev_samp(NUMERIC arg)
21:10:33.800 [main] DEBUG org.hibernate.HQL_FUNCTIONS -- String str(arg)
21:10:33.800 [main] DEBUG org.hibernate.HQL_FUNCTIONS -- String substr(STRING string, INTEGER start[, INTEGER length])
21:10:33.800 [main] DEBUG org.hibernate.HQL_FUNCTIONS -- String substring(STRING string{ from|,} INTEGER start[{ for|,} INTEGER length])
21:10:33.800 [main] DEBUG org.hibernate.HQL_FUNCTIONS -- sum(arg)
21:10:33.800 [main] DEBUG org.hibernate.HQL_FUNCTIONS -- Double tan(NUMERIC arg)
21:10:33.800 [main] DEBUG org.hibernate.HQL_FUNCTIONS -- Double tanh(NUMERIC arg)
21:10:33.800 [main] DEBUG org.hibernate.HQL_FUNCTIONS -- timestampadd(TEMPORAL_UNIT field, INTEGER magnitude, TEMPORAL datetime)
21:10:33.800 [main] DEBUG org.hibernate.HQL_FUNCTIONS -- basicType@29(java.lang.Long,-5)|basicType@42(java.lang.Double,8) timestampdiff(TEMPORAL_UNIT field, TEMPORAL start, TEMPORAL end)
21:10:33.800 [main] DEBUG org.hibernate.HQL_FUNCTIONS -- String to_char(ANY arg0[, STRING arg1, STRING arg2])
21:10:33.800 [main] DEBUG org.hibernate.HQL_FUNCTIONS -- Date to_date(STRING arg0[, STRING arg1, STRING arg2])
21:10:33.800 [main] DEBUG org.hibernate.HQL_FUNCTIONS -- Double to_number(STRING arg0[, STRING arg1, STRING arg2])
21:10:33.800 [main] DEBUG org.hibernate.HQL_FUNCTIONS -- Timestamp to_timestamp(STRING arg0[, STRING arg1, STRING arg2])
21:10:33.800 [main] DEBUG org.hibernate.HQL_FUNCTIONS -- String translate(STRING arg0, STRING arg1, STRING arg2)
21:10:33.800 [main] DEBUG org.hibernate.HQL_FUNCTIONS -- String trim([[{leading|trailing|both} ][STRING arg0 ]from] STRING arg1)
21:10:33.800 [main] DEBUG org.hibernate.HQL_FUNCTIONS -- trunc( ... )
21:10:33.801 [main] DEBUG org.hibernate.HQL_FUNCTIONS -- truncate( ... )
21:10:33.801 [main] DEBUG org.hibernate.HQL_FUNCTIONS -- String upper(STRING string)
21:10:33.801 [main] DEBUG org.hibernate.HQL_FUNCTIONS -- Double var_pop(NUMERIC arg)
21:10:33.801 [main] DEBUG org.hibernate.HQL_FUNCTIONS -- Double var_samp(NUMERIC arg)
21:10:33.801 [main] DEBUG org.hibernate.HQL_FUNCTIONS -- Double variance(NUMERIC arg)
21:10:33.801 [main] DEBUG org.hibernate.orm.query.plan.cache -- Starting QueryInterpretationCache(2048)
21:10:33.801 [main] DEBUG org.hibernate.service.internal.SessionFactoryServiceRegistryImpl -- EventListenerRegistry access via ServiceRegistry is deprecated.  Use `sessionFactory.getEventEngine().getListenerRegistry()` instead
21:10:33.801 [main] DEBUG org.hibernate.event.internal.EntityCopyObserverFactoryInitiator -- Configured EntityCopyObserver strategy: disallow
21:10:33.803 [main] DEBUG org.hibernate.ormbytecode.interceptor -- To-one property `org.lab2.Pets.Pet#owner` was mapped with LAZY + NO_PROXY but the class was not enhanced
21:10:33.803 [main] DEBUG org.hibernate.ormbytecode.interceptor -- To-one property `org.lab2.Pets.Pet#owner` was mapped with LAZY + NO_PROXY but the class was not enhanced
21:10:33.803 [main] DEBUG org.hibernate.boot.internal.ClassLoaderAccessImpl -- Not known whether passed class name [org.lab2.Pets.Pet] is safe
21:10:33.803 [main] DEBUG org.hibernate.boot.internal.ClassLoaderAccessImpl -- No temp ClassLoader provided; using live ClassLoader for loading potentially unsafe class : org.lab2.Pets.Pet
21:10:33.836 [main] DEBUG org.hibernate.bytecode.internal.bytebuddy.BytecodeProviderImpl -- HHH000513: Unable to create the ReflectionOptimizer for [org.lab2.Pets.Pet]: private accessor [birthDate]
21:10:33.836 [main] DEBUG org.hibernate.ormbytecode.interceptor -- To-one property `org.lab2.Pets.Pet#owner` was mapped with LAZY + NO_PROXY but the class was not enhanced
21:10:33.837 [main] DEBUG org.hibernate.boot.internal.ClassLoaderAccessImpl -- Not known whether passed class name [org.lab2.Owners.Owner] is safe
21:10:33.837 [main] DEBUG org.hibernate.boot.internal.ClassLoaderAccessImpl -- No temp ClassLoader provided; using live ClassLoader for loading potentially unsafe class : org.lab2.Owners.Owner
21:10:33.858 [main] DEBUG org.hibernate.bytecode.internal.bytebuddy.BytecodeProviderImpl -- HHH000513: Unable to create the ReflectionOptimizer for [org.lab2.Owners.Owner]: private accessor [birthDate]
21:10:33.859 [main] DEBUG org.hibernate.orm.jdbc.mutation -- Skipping collection (re)creation - org.lab2.Owners.Owner.pets
21:10:33.859 [main] DEBUG org.hibernate.orm.jdbc.mutation -- Skipping collection row deletions - org.lab2.Owners.Owner.pets
21:10:33.859 [main] DEBUG org.hibernate.orm.jdbc.mutation -- Skipping collection removals - org.lab2.Owners.Owner.pets
21:10:33.859 [main] DEBUG org.hibernate.orm.jdbc.mutation -- Skipping collection row updates - org.lab2.Pets.Pet.friends
21:10:33.861 [main] DEBUG org.hibernate.orm.model.mapping.creation -- Starting post-init callbacks
21:10:33.861 [main] DEBUG org.hibernate.orm.model.mapping.creation -- Starting PostInitCallbackEntry : PluralAttributeMapping( NavigableRole[org.lab2.Pets.Pet.friends#{element}]) - element descriptor
21:10:33.861 [main] DEBUG org.hibernate.orm.model.mapping.creation -- Starting PostInitCallbackEntry : PluralAttributeMapping(org.lab2.Pets.Pet.friends)#finishInitialization
21:10:33.861 [main] DEBUG org.hibernate.orm.model.mapping.creation -- Starting PostInitCallbackEntry : PluralAttributeMapping(org.lab2.Pets.Pet.friends) - key descriptor
21:10:33.861 [main] DEBUG org.hibernate.orm.model.mapping.creation -- Starting PostInitCallbackEntry : To-one key - NavigableRole[org.lab2.Pets.Pet.owner]
21:10:33.861 [main] DEBUG org.hibernate.orm.model.mapping.creation -- Starting PostInitCallbackEntry : Entity(org.lab2.Pets.Pet) `staticFetchableList` generator
21:10:33.861 [main] DEBUG org.hibernate.orm.model.mapping.creation -- Starting PostInitCallbackEntry : PluralAttributeMapping( NavigableRole[org.lab2.Owners.Owner.pets#{element}]) - element descriptor
21:10:33.861 [main] DEBUG org.hibernate.orm.model.mapping.creation -- Starting PostInitCallbackEntry : PluralAttributeMapping(org.lab2.Owners.Owner.pets)#finishInitialization
21:10:33.861 [main] DEBUG org.hibernate.orm.model.mapping.creation -- Starting PostInitCallbackEntry : PluralAttributeMapping(org.lab2.Owners.Owner.pets) - key descriptor
21:10:33.861 [main] DEBUG org.hibernate.orm.model.mapping.creation -- Starting PostInitCallbackEntry : Entity(org.lab2.Owners.Owner) `staticFetchableList` generator
21:10:33.861 [main] DEBUG org.hibernate.orm.model.mapping.creation -- Starting PostInitCallbackEntry : PluralAttributeMapping( NavigableRole[org.lab2.Owners.Owner.pets#{element}]) - element descriptor
21:10:33.863 [main] DEBUG org.hibernate.orm.sql.ast.create -- Created new SQL alias : p1_0
21:10:33.863 [main] DEBUG org.hibernate.orm.sql.ast.create -- Registration of TableGroup [StandardTableGroup(org.lab2.Pets.Pet)] with identifierForTableGroup [org.lab2.Pets.Pet] for NavigablePath [org.lab2.Pets.Pet] 
21:10:33.864 [main] DEBUG org.hibernate.orm.sql.ast.create -- Registration of TableGroup [org.hibernate.sql.ast.tree.from.LazyTableGroup@4ae958b0] with identifierForTableGroup [org.lab2.Pets.Pet.owner] for NavigablePath [org.lab2.Pets.Pet.owner] 
21:10:33.864 [main] DEBUG org.hibernate.orm.sql.ast.create -- Created new SQL alias : o1_0
21:10:33.865 [main] DEBUG org.hibernate.orm.results.graph.AST -- DomainResult Graph:
 \-EntityResultImpl [org.lab2.Pets.Pet]
 |  +-BasicFetch [org.lab2.Pets.Pet.birthDate]
 |  +-BasicFetch [org.lab2.Pets.Pet.breed]
 |  +-BasicFetch [org.lab2.Pets.Pet.color]
 |  +-DelayedCollectionFetch [org.lab2.Pets.Pet.friends]
 |  +-BasicFetch [org.lab2.Pets.Pet.name]
 |  \-EntityFetchJoinedImpl [org.lab2.Pets.Pet.owner]

21:10:33.865 [main] DEBUG org.hibernate.orm.sql.ast.tree -- SQL AST Tree:
    SelectStatement {
      FromClause {
        StandardTableGroup (p1 : org.lab2.Pets.Pet) {
          primaryTableReference : pets as p1_0
          TableGroupJoins {
            left  join LazyTableGroup (o1 : org.lab2.Pets.Pet.owner) {
              primaryTableReference : owners as o1_0
            }
          }
        }
      }
    }

21:10:33.865 [main] DEBUG org.hibernate.persister.entity.AbstractEntityPersister -- Static SQL for entity: org.lab2.Pets.Pet
21:10:33.865 [main] DEBUG org.hibernate.persister.entity.AbstractEntityPersister --  Version select: select id from pets where id=?
21:10:33.865 [main] DEBUG org.hibernate.persister.entity.AbstractEntityPersister --  Insert (0): insert into pets (birth_date,breed,color,name,owner_id) values (?,?,?,?,?)
21:10:33.865 [main] DEBUG org.hibernate.persister.entity.AbstractEntityPersister --  Update (0): update pets set birth_date=?,breed=?,color=?,name=?,owner_id=? where id=?
21:10:33.865 [main] DEBUG org.hibernate.persister.entity.AbstractEntityPersister --  Delete (0): delete from pets where id=?
21:10:33.865 [main] DEBUG org.hibernate.orm.sql.ast.create -- Created new SQL alias : o1_0
21:10:33.865 [main] DEBUG org.hibernate.orm.sql.ast.create -- Registration of TableGroup [StandardTableGroup(org.lab2.Owners.Owner)] with identifierForTableGroup [org.lab2.Owners.Owner] for NavigablePath [org.lab2.Owners.Owner] 
21:10:33.865 [main] DEBUG org.hibernate.orm.results.graph.AST -- DomainResult Graph:
 \-EntityResultImpl [org.lab2.Owners.Owner]
 |  +-BasicFetch [org.lab2.Owners.Owner.birthDate]
 |  +-BasicFetch [org.lab2.Owners.Owner.name]
 |  \-DelayedCollectionFetch [org.lab2.Owners.Owner.pets]

21:10:33.865 [main] DEBUG org.hibernate.orm.sql.ast.tree -- SQL AST Tree:
    SelectStatement {
      FromClause {
        StandardTableGroup (o1 : org.lab2.Owners.Owner) {
          primaryTableReference : owners as o1_0
        }
      }
    }

21:10:33.865 [main] DEBUG org.hibernate.persister.entity.AbstractEntityPersister -- Static SQL for entity: org.lab2.Owners.Owner
21:10:33.865 [main] DEBUG org.hibernate.persister.entity.AbstractEntityPersister --  Version select: select id from owners where id=?
21:10:33.865 [main] DEBUG org.hibernate.persister.entity.AbstractEntityPersister --  Insert (0): insert into owners (birth_date,name) values (?,?)
21:10:33.865 [main] DEBUG org.hibernate.persister.entity.AbstractEntityPersister --  Update (0): update owners set birth_date=?,name=? where id=?
21:10:33.865 [main] DEBUG org.hibernate.persister.entity.AbstractEntityPersister --  Delete (0): delete from owners where id=?
21:10:33.866 [main] DEBUG org.hibernate.orm.sql.ast.create -- Created new SQL alias : p1_0
21:10:33.866 [main] DEBUG org.hibernate.orm.sql.ast.create -- Registration of TableGroup [org.hibernate.sql.ast.tree.from.OneToManyTableGroup@459e120b] with identifierForTableGroup [org.lab2.Owners.Owner.pets] for NavigablePath [org.lab2.Owners.Owner.pets] 
21:10:33.866 [main] DEBUG org.hibernate.orm.sql.ast.create -- Registration of TableGroup [StandardTableGroup(org.lab2.Owners.Owner.pets.{element})] with identifierForTableGroup [org.lab2.Owners.Owner.pets.{element}] for NavigablePath [org.lab2.Owners.Owner.pets.{element}] 
21:10:33.866 [main] DEBUG org.hibernate.orm.sql.ast.create -- Registration of TableGroup [org.hibernate.sql.ast.tree.from.LazyTableGroup@fd69983] with identifierForTableGroup [org.lab2.Owners.Owner.pets.{element}.owner] for NavigablePath [org.lab2.Owners.Owner.pets.{element}.owner] 
21:10:33.866 [main] DEBUG org.hibernate.orm.results.graph.AST -- DomainResult Graph:
 \-CollectionDomainResult [org.lab2.Owners.Owner.pets]

21:10:33.866 [main] DEBUG org.hibernate.orm.sql.ast.tree -- SQL AST Tree:
    SelectStatement {
      FromClause {
        OneToManyTableGroup (p1 : org.lab2.Owners.Owner.pets) {
          primaryTableReference : pets as p1_0
          TableGroupJoins {
            left  join LazyTableGroup (o1 : org.lab2.Owners.Owner.pets.{element}.owner) {
            }
          }
        }
      }
    }

21:10:33.867 [main] DEBUG org.hibernate.orm.jdbc.mutation -- Static SQL for collection: org.lab2.Owners.Owner.pets
21:10:33.867 [main] DEBUG org.hibernate.orm.sql.ast.create -- Created new SQL alias : f1_0
21:10:33.867 [main] DEBUG org.hibernate.orm.sql.ast.create -- Registration of TableGroup [CollectionTableGroup(org.lab2.Pets.Pet.friends)] with identifierForTableGroup [org.lab2.Pets.Pet.friends] for NavigablePath [org.lab2.Pets.Pet.friends] 
21:10:33.867 [main] DEBUG org.hibernate.orm.sql.ast.create -- Registration of TableGroup [org.hibernate.sql.ast.tree.from.LazyTableGroup@126254ec] with identifierForTableGroup [org.lab2.Pets.Pet.friends.{element}] for NavigablePath [org.lab2.Pets.Pet.friends.{element}] 
21:10:33.867 [main] DEBUG org.hibernate.orm.sql.ast.create -- Created new SQL alias : f1_1
21:10:33.868 [main] DEBUG org.hibernate.orm.sql.ast.create -- Registration of TableGroup [org.hibernate.sql.ast.tree.from.LazyTableGroup@275902e1] with identifierForTableGroup [org.lab2.Pets.Pet.friends.{element}.owner] for NavigablePath [org.lab2.Pets.Pet.friends.{element}.owner] 
21:10:33.868 [main] DEBUG org.hibernate.orm.sql.ast.create -- Created new SQL alias : o1_0
21:10:33.869 [main] DEBUG org.hibernate.orm.results.graph.AST -- DomainResult Graph:
 \-CollectionDomainResult [org.lab2.Pets.Pet.friends]

21:10:33.869 [main] DEBUG org.hibernate.orm.sql.ast.tree -- SQL AST Tree:
    SelectStatement {
      FromClause {
        CollectionTableGroup (f1 : org.lab2.Pets.Pet.friends) {
          primaryTableReference : pet_friends as f1_0
          TableGroupJoins {
             join LazyTableGroup (f1 : org.lab2.Pets.Pet.friends.{element}) {
              primaryTableReference : pets as f1_1
              TableGroupJoins {
                left  join LazyTableGroup (o1 : org.lab2.Pets.Pet.friends.{element}.owner) {
                  primaryTableReference : owners as o1_0
                }
              }
            }
          }
        }
      }
    }

21:10:33.869 [main] DEBUG org.hibernate.orm.jdbc.mutation -- Static SQL for collection: org.lab2.Pets.Pet.friends
21:10:33.869 [main] DEBUG org.hibernate.orm.jdbc.mutation --  Row insert: insert into pet_friends (pet_id,friend_id) values (?,?)
21:10:33.870 [main] DEBUG org.hibernate.orm.jdbc.mutation --  Row delete: delete from pet_friends where pet_id=? and friend_id=?
21:10:33.870 [main] DEBUG org.hibernate.orm.jdbc.mutation --  One-shot delete: delete from pet_friends where pet_id=?
21:10:33.873 [main] DEBUG org.hibernate.engine.transaction.jta.platform.internal.JtaPlatformInitiator -- No JtaPlatform was specified, checking resolver
21:10:33.873 [main] DEBUG org.hibernate.engine.transaction.jta.platform.internal.JtaPlatformResolverInitiator -- No JtaPlatformResolver was specified, using default [org.hibernate.engine.transaction.jta.platform.internal.StandardJtaPlatformResolver]
21:10:33.881 [main] DEBUG org.hibernate.engine.transaction.jta.platform.internal.StandardJtaPlatformResolver -- Could not resolve JtaPlatform, using default [org.hibernate.engine.transaction.jta.platform.internal.NoJtaPlatform]
21:10:33.882 [main] INFO org.hibernate.engine.transaction.jta.platform.internal.JtaPlatformInitiator -- HHH000489: No JTA platform available (set 'hibernate.transaction.jta.platform' to enable JTA platform integration)
21:10:33.882 [main] DEBUG org.hibernate.type.spi.TypeConfiguration$Scope -- Scoping TypeConfiguration [org.hibernate.type.spi.TypeConfiguration@1b485c8b] to SessionFactoryImplementor [org.hibernate.internal.SessionFactoryImpl@2de7c84a]
21:10:33.882 [main] DEBUG org.hibernate.query.named.NamedObjectRepository -- Checking 0 named HQL queries
21:10:33.882 [main] DEBUG org.hibernate.query.named.NamedObjectRepository -- Checking 0 named SQL queries
21:10:33.882 [main] DEBUG org.hibernate.SQL -- 
    alter table if exists pet_friends 
       drop constraint if exists FKj21rh4cx6gdb8rbslw8njk9mq
Hibernate: 
    alter table if exists pet_friends 
       drop constraint if exists FKj21rh4cx6gdb8rbslw8njk9mq
21:10:33.882 [main] INFO org.hibernate.orm.connections.access -- HHH10001501: Connection obtained from JdbcConnectionAccess [org.hibernate.engine.jdbc.env.internal.JdbcEnvironmentInitiator$ConnectionProviderJdbcConnectionAccess@4182a651] for (non-JTA) DDL execution was not in auto-commit mode; the Connection 'local transaction' will be committed and the Connection will be set into auto-commit mode.
21:10:33.885 [main] DEBUG org.hibernate.engine.jdbc.spi.SqlExceptionHelper -- SQL Warning
org.postgresql.util.PSQLWarning: relation "pet_friends" does not exist, skipping
	at org.postgresql.core.v3.QueryExecutorImpl.receiveNoticeResponse(QueryExecutorImpl.java:2732)
	at org.postgresql.core.v3.QueryExecutorImpl.processResults(QueryExecutorImpl.java:2431)
	at org.postgresql.core.v3.QueryExecutorImpl.execute(QueryExecutorImpl.java:368)
	at org.postgresql.jdbc.PgStatement.executeInternal(PgStatement.java:498)
	at org.postgresql.jdbc.PgStatement.execute(PgStatement.java:415)
	at org.postgresql.jdbc.PgStatement.executeWithFlags(PgStatement.java:335)
	at org.postgresql.jdbc.PgStatement.executeCachedSql(PgStatement.java:321)
	at org.postgresql.jdbc.PgStatement.executeWithFlags(PgStatement.java:297)
	at org.postgresql.jdbc.PgStatement.execute(PgStatement.java:292)
	at org.hibernate.tool.schema.internal.exec.GenerationTargetToDatabase.accept(GenerationTargetToDatabase.java:80)
	at org.hibernate.tool.schema.internal.Helper.applySqlString(Helper.java:233)
	at org.hibernate.tool.schema.internal.Helper.applySqlStrings(Helper.java:217)
	at org.hibernate.tool.schema.internal.SchemaDropperImpl.applyConstraintDropping(SchemaDropperImpl.java:470)
	at org.hibernate.tool.schema.internal.SchemaDropperImpl.dropConstraintsTablesSequences(SchemaDropperImpl.java:242)
	at org.hibernate.tool.schema.internal.SchemaDropperImpl.dropFromMetadata(SchemaDropperImpl.java:215)
	at org.hibernate.tool.schema.internal.SchemaDropperImpl.performDrop(SchemaDropperImpl.java:185)
	at org.hibernate.tool.schema.internal.SchemaDropperImpl.doDrop(SchemaDropperImpl.java:155)
	at org.hibernate.tool.schema.internal.SchemaDropperImpl.doDrop(SchemaDropperImpl.java:115)
	at org.hibernate.tool.schema.spi.SchemaManagementToolCoordinator.performDatabaseAction(SchemaManagementToolCoordinator.java:244)
	at org.hibernate.tool.schema.spi.SchemaManagementToolCoordinator.lambda$process$5(SchemaManagementToolCoordinator.java:145)
	at java.base/java.util.HashMap.forEach(HashMap.java:1421)
	at org.hibernate.tool.schema.spi.SchemaManagementToolCoordinator.process(SchemaManagementToolCoordinator.java:142)
	at org.hibernate.boot.internal.SessionFactoryObserverForSchemaExport.sessionFactoryCreated(SessionFactoryObserverForSchemaExport.java:37)
	at org.hibernate.internal.SessionFactoryObserverChain.sessionFactoryCreated(SessionFactoryObserverChain.java:35)
	at org.hibernate.internal.SessionFactoryImpl.<init>(SessionFactoryImpl.java:315)
	at org.hibernate.boot.internal.SessionFactoryBuilderImpl.build(SessionFactoryBuilderImpl.java:450)
	at org.hibernate.jpa.boot.internal.EntityManagerFactoryBuilderImpl.build(EntityManagerFactoryBuilderImpl.java:1507)
	at org.hibernate.jpa.HibernatePersistenceProvider.createEntityManagerFactory(HibernatePersistenceProvider.java:55)
	at jakarta.persistence.Persistence.createEntityManagerFactory(Persistence.java:80)
	at Utils.Util.getEntityManagerFactory(Util.java:40)
	at org.lab2.OwnerDAOImpl.save(OwnerDAOImpl.java:16)
	at org.lab2.OwnerDAOTest.testDeleteOwner(OwnerDAOTest.java:135)
	at java.base/jdk.internal.reflect.NativeMethodAccessorImpl.invoke0(Native Method)
	at java.base/jdk.internal.reflect.NativeMethodAccessorImpl.invoke(NativeMethodAccessorImpl.java:77)
	at java.base/jdk.internal.reflect.DelegatingMethodAccessorImpl.invoke(DelegatingMethodAccessorImpl.java:43)
	at java.base/java.lang.reflect.Method.invoke(Method.java:568)
	at org.junit.platform.commons.util.ReflectionUtils.invokeMethod(ReflectionUtils.java:775)
	at org.junit.platform.commons.support.ReflectionSupport.invokeMethod(ReflectionSupport.java:479)
	at org.junit.jupiter.engine.execution.MethodInvocation.proceed(MethodInvocation.java:60)
	at org.junit.jupiter.engine.execution.InvocationInterceptorChain$ValidatingInvocation.proceed(InvocationInterceptorChain.java:131)
	at org.junit.jupiter.engine.extension.TimeoutExtension.intercept(TimeoutExtension.java:161)
	at org.junit.jupiter.engine.extension.TimeoutExtension.interceptTestableMethod(TimeoutExtension.java:152)
	at org.junit.jupiter.engine.extension.TimeoutExtension.interceptTestMethod(TimeoutExtension.java:91)
	at org.junit.jupiter.engine.execution.InterceptingExecutableInvoker$ReflectiveInterceptorCall.lambda$ofVoidMethod$0(InterceptingExecutableInvoker.java:112)
	at org.junit.jupiter.engine.execution.InterceptingExecutableInvoker.lambda$invoke$0(InterceptingExecutableInvoker.java:94)
	at org.junit.jupiter.engine.execution.InvocationInterceptorChain$InterceptedInvocation.proceed(InvocationInterceptorChain.java:106)
	at org.junit.jupiter.engine.execution.InvocationInterceptorChain.proceed(InvocationInterceptorChain.java:64)
	at org.junit.jupiter.engine.execution.InvocationInterceptorChain.chainAndInvoke(InvocationInterceptorChain.java:45)
	at org.junit.jupiter.engine.execution.InvocationInterceptorChain.invoke(InvocationInterceptorChain.java:37)
	at org.junit.jupiter.engine.execution.InterceptingExecutableInvoker.invoke(InterceptingExecutableInvoker.java:93)
	at org.junit.jupiter.engine.execution.InterceptingExecutableInvoker.invoke(InterceptingExecutableInvoker.java:87)
	at org.junit.jupiter.engine.descriptor.TestMethodTestDescriptor.lambda$invokeTestMethod$7(TestMethodTestDescriptor.java:216)
	at org.junit.platform.engine.support.hierarchical.ThrowableCollector.execute(ThrowableCollector.java:73)
	at org.junit.jupiter.engine.descriptor.TestMethodTestDescriptor.invokeTestMethod(TestMethodTestDescriptor.java:212)
	at org.junit.jupiter.engine.descriptor.TestMethodTestDescriptor.execute(TestMethodTestDescriptor.java:137)
	at org.junit.jupiter.engine.descriptor.TestMethodTestDescriptor.execute(TestMethodTestDescriptor.java:69)
	at org.junit.platform.engine.support.hierarchical.NodeTestTask.lambda$executeRecursively$6(NodeTestTask.java:156)
	at org.junit.platform.engine.support.hierarchical.ThrowableCollector.execute(ThrowableCollector.java:73)
	at org.junit.platform.engine.support.hierarchical.NodeTestTask.lambda$executeRecursively$8(NodeTestTask.java:146)
	at org.junit.platform.engine.support.hierarchical.Node.around(Node.java:137)
	at org.junit.platform.engine.support.hierarchical.NodeTestTask.lambda$executeRecursively$9(NodeTestTask.java:144)
	at org.junit.platform.engine.support.hierarchical.ThrowableCollector.execute(ThrowableCollector.java:73)
	at org.junit.platform.engine.support.hierarchical.NodeTestTask.executeRecursively(NodeTestTask.java:143)
	at org.junit.platform.engine.support.hierarchical.NodeTestTask.execute(NodeTestTask.java:100)
	at java.base/java.util.ArrayList.forEach(ArrayList.java:1511)
	at org.junit.platform.engine.support.hierarchical.SameThreadHierarchicalTestExecutorService.invokeAll(SameThreadHierarchicalTestExecutorService.java:41)
	at org.junit.platform.engine.support.hierarchical.NodeTestTask.lambda$executeRecursively$6(NodeTestTask.java:160)
	at org.junit.platform.engine.support.hierarchical.ThrowableCollector.execute(ThrowableCollector.java:73)
	at org.junit.platform.engine.support.hierarchical.NodeTestTask.lambda$executeRecursively$8(NodeTestTask.java:146)
	at org.junit.platform.engine.support.hierarchical.Node.around(Node.java:137)
	at org.junit.platform.engine.support.hierarchical.NodeTestTask.lambda$executeRecursively$9(NodeTestTask.java:144)
	at org.junit.platform.engine.support.hierarchical.ThrowableCollector.execute(ThrowableCollector.java:73)
	at org.junit.platform.engine.support.hierarchical.NodeTestTask.executeRecursively(NodeTestTask.java:143)
	at org.junit.platform.engine.support.hierarchical.NodeTestTask.execute(NodeTestTask.java:100)
	at java.base/java.util.ArrayList.forEach(ArrayList.java:1511)
	at org.junit.platform.engine.support.hierarchical.SameThreadHierarchicalTestExecutorService.invokeAll(SameThreadHierarchicalTestExecutorService.java:41)
	at org.junit.platform.engine.support.hierarchical.NodeTestTask.lambda$executeRecursively$6(NodeTestTask.java:160)
	at org.junit.platform.engine.support.hierarchical.ThrowableCollector.execute(ThrowableCollector.java:73)
	at org.junit.platform.engine.support.hierarchical.NodeTestTask.lambda$executeRecursively$8(NodeTestTask.java:146)
	at org.junit.platform.engine.support.hierarchical.Node.around(Node.java:137)
	at org.junit.platform.engine.support.hierarchical.NodeTestTask.lambda$executeRecursively$9(NodeTestTask.java:144)
	at org.junit.platform.engine.support.hierarchical.ThrowableCollector.execute(ThrowableCollector.java:73)
	at org.junit.platform.engine.support.hierarchical.NodeTestTask.executeRecursively(NodeTestTask.java:143)
	at org.junit.platform.engine.support.hierarchical.NodeTestTask.execute(NodeTestTask.java:100)
	at org.junit.platform.engine.support.hierarchical.SameThreadHierarchicalTestExecutorService.submit(SameThreadHierarchicalTestExecutorService.java:35)
	at org.junit.platform.engine.support.hierarchical.HierarchicalTestExecutor.execute(HierarchicalTestExecutor.java:57)
	at org.junit.platform.engine.support.hierarchical.HierarchicalTestEngine.execute(HierarchicalTestEngine.java:54)
	at org.junit.platform.launcher.core.EngineExecutionOrchestrator.execute(EngineExecutionOrchestrator.java:201)
	at org.junit.platform.launcher.core.EngineExecutionOrchestrator.execute(EngineExecutionOrchestrator.java:170)
	at org.junit.platform.launcher.core.EngineExecutionOrchestrator.execute(EngineExecutionOrchestrator.java:94)
	at org.junit.platform.launcher.core.EngineExecutionOrchestrator.lambda$execute$0(EngineExecutionOrchestrator.java:59)
	at org.junit.platform.launcher.core.EngineExecutionOrchestrator.withInterceptedStreams(EngineExecutionOrchestrator.java:142)
	at org.junit.platform.launcher.core.EngineExecutionOrchestrator.execute(EngineExecutionOrchestrator.java:58)
	at org.junit.platform.launcher.core.DefaultLauncher.execute(DefaultLauncher.java:103)
	at org.junit.platform.launcher.core.DefaultLauncher.execute(DefaultLauncher.java:85)
	at org.junit.platform.launcher.core.DelegatingLauncher.execute(DelegatingLauncher.java:47)
	at org.junit.platform.launcher.core.InterceptingLauncher.lambda$execute$1(InterceptingLauncher.java:39)
	at org.junit.platform.launcher.core.ClasspathAlignmentCheckingLauncherInterceptor.intercept(ClasspathAlignmentCheckingLauncherInterceptor.java:25)
	at org.junit.platform.launcher.core.InterceptingLauncher.execute(InterceptingLauncher.java:38)
	at org.junit.platform.launcher.core.DelegatingLauncher.execute(DelegatingLauncher.java:47)
	at org.apache.maven.surefire.junitplatform.LazyLauncher.execute(LazyLauncher.java:56)
	at org.apache.maven.surefire.junitplatform.JUnitPlatformProvider.execute(JUnitPlatformProvider.java:184)
	at org.apache.maven.surefire.junitplatform.JUnitPlatformProvider.invokeAllTests(JUnitPlatformProvider.java:148)
	at org.apache.maven.surefire.junitplatform.JUnitPlatformProvider.invoke(JUnitPlatformProvider.java:122)
	at org.apache.maven.surefire.booter.ForkedBooter.runSuitesInProcess(ForkedBooter.java:385)
	at org.apache.maven.surefire.booter.ForkedBooter.execute(ForkedBooter.java:162)
	at org.apache.maven.surefire.booter.ForkedBooter.run(ForkedBooter.java:507)
	at org.apache.maven.surefire.booter.ForkedBooter.main(ForkedBooter.java:495)
21:10:33.886 [main] WARN org.hibernate.engine.jdbc.spi.SqlExceptionHelper -- SQL Warning Code: 0, SQLState: 00000
21:10:33.886 [main] WARN org.hibernate.engine.jdbc.spi.SqlExceptionHelper -- relation "pet_friends" does not exist, skipping
21:10:33.886 [main] DEBUG org.hibernate.SQL -- 
    alter table if exists pet_friends 
       drop constraint if exists FKjgr10w16u32u1cuvdhqt28ud9
Hibernate: 
    alter table if exists pet_friends 
       drop constraint if exists FKjgr10w16u32u1cuvdhqt28ud9
21:10:33.888 [main] DEBUG org.hibernate.engine.jdbc.spi.SqlExceptionHelper -- SQL Warning
org.postgresql.util.PSQLWarning: relation "pet_friends" does not exist, skipping
	at org.postgresql.core.v3.QueryExecutorImpl.receiveNoticeResponse(QueryExecutorImpl.java:2732)
	at org.postgresql.core.v3.QueryExecutorImpl.processResults(QueryExecutorImpl.java:2431)
	at org.postgresql.core.v3.QueryExecutorImpl.execute(QueryExecutorImpl.java:368)
	at org.postgresql.jdbc.PgStatement.executeInternal(PgStatement.java:498)
	at org.postgresql.jdbc.PgStatement.execute(PgStatement.java:415)
	at org.postgresql.jdbc.PgStatement.executeWithFlags(PgStatement.java:335)
	at org.postgresql.jdbc.PgStatement.executeCachedSql(PgStatement.java:321)
	at org.postgresql.jdbc.PgStatement.executeWithFlags(PgStatement.java:297)
	at org.postgresql.jdbc.PgStatement.execute(PgStatement.java:292)
	at org.hibernate.tool.schema.internal.exec.GenerationTargetToDatabase.accept(GenerationTargetToDatabase.java:80)
	at org.hibernate.tool.schema.internal.Helper.applySqlString(Helper.java:233)
	at org.hibernate.tool.schema.internal.Helper.applySqlStrings(Helper.java:217)
	at org.hibernate.tool.schema.internal.SchemaDropperImpl.applyConstraintDropping(SchemaDropperImpl.java:470)
	at org.hibernate.tool.schema.internal.SchemaDropperImpl.dropConstraintsTablesSequences(SchemaDropperImpl.java:242)
	at org.hibernate.tool.schema.internal.SchemaDropperImpl.dropFromMetadata(SchemaDropperImpl.java:215)
	at org.hibernate.tool.schema.internal.SchemaDropperImpl.performDrop(SchemaDropperImpl.java:185)
	at org.hibernate.tool.schema.internal.SchemaDropperImpl.doDrop(SchemaDropperImpl.java:155)
	at org.hibernate.tool.schema.internal.SchemaDropperImpl.doDrop(SchemaDropperImpl.java:115)
	at org.hibernate.tool.schema.spi.SchemaManagementToolCoordinator.performDatabaseAction(SchemaManagementToolCoordinator.java:244)
	at org.hibernate.tool.schema.spi.SchemaManagementToolCoordinator.lambda$process$5(SchemaManagementToolCoordinator.java:145)
	at java.base/java.util.HashMap.forEach(HashMap.java:1421)
	at org.hibernate.tool.schema.spi.SchemaManagementToolCoordinator.process(SchemaManagementToolCoordinator.java:142)
	at org.hibernate.boot.internal.SessionFactoryObserverForSchemaExport.sessionFactoryCreated(SessionFactoryObserverForSchemaExport.java:37)
	at org.hibernate.internal.SessionFactoryObserverChain.sessionFactoryCreated(SessionFactoryObserverChain.java:35)
	at org.hibernate.internal.SessionFactoryImpl.<init>(SessionFactoryImpl.java:315)
	at org.hibernate.boot.internal.SessionFactoryBuilderImpl.build(SessionFactoryBuilderImpl.java:450)
	at org.hibernate.jpa.boot.internal.EntityManagerFactoryBuilderImpl.build(EntityManagerFactoryBuilderImpl.java:1507)
	at org.hibernate.jpa.HibernatePersistenceProvider.createEntityManagerFactory(HibernatePersistenceProvider.java:55)
	at jakarta.persistence.Persistence.createEntityManagerFactory(Persistence.java:80)
	at Utils.Util.getEntityManagerFactory(Util.java:40)
	at org.lab2.OwnerDAOImpl.save(OwnerDAOImpl.java:16)
	at org.lab2.OwnerDAOTest.testDeleteOwner(OwnerDAOTest.java:135)
	at java.base/jdk.internal.reflect.NativeMethodAccessorImpl.invoke0(Native Method)
	at java.base/jdk.internal.reflect.NativeMethodAccessorImpl.invoke(NativeMethodAccessorImpl.java:77)
	at java.base/jdk.internal.reflect.DelegatingMethodAccessorImpl.invoke(DelegatingMethodAccessorImpl.java:43)
	at java.base/java.lang.reflect.Method.invoke(Method.java:568)
	at org.junit.platform.commons.util.ReflectionUtils.invokeMethod(ReflectionUtils.java:775)
	at org.junit.platform.commons.support.ReflectionSupport.invokeMethod(ReflectionSupport.java:479)
	at org.junit.jupiter.engine.execution.MethodInvocation.proceed(MethodInvocation.java:60)
	at org.junit.jupiter.engine.execution.InvocationInterceptorChain$ValidatingInvocation.proceed(InvocationInterceptorChain.java:131)
	at org.junit.jupiter.engine.extension.TimeoutExtension.intercept(TimeoutExtension.java:161)
	at org.junit.jupiter.engine.extension.TimeoutExtension.interceptTestableMethod(TimeoutExtension.java:152)
	at org.junit.jupiter.engine.extension.TimeoutExtension.interceptTestMethod(TimeoutExtension.java:91)
	at org.junit.jupiter.engine.execution.InterceptingExecutableInvoker$ReflectiveInterceptorCall.lambda$ofVoidMethod$0(InterceptingExecutableInvoker.java:112)
	at org.junit.jupiter.engine.execution.InterceptingExecutableInvoker.lambda$invoke$0(InterceptingExecutableInvoker.java:94)
	at org.junit.jupiter.engine.execution.InvocationInterceptorChain$InterceptedInvocation.proceed(InvocationInterceptorChain.java:106)
	at org.junit.jupiter.engine.execution.InvocationInterceptorChain.proceed(InvocationInterceptorChain.java:64)
	at org.junit.jupiter.engine.execution.InvocationInterceptorChain.chainAndInvoke(InvocationInterceptorChain.java:45)
	at org.junit.jupiter.engine.execution.InvocationInterceptorChain.invoke(InvocationInterceptorChain.java:37)
	at org.junit.jupiter.engine.execution.InterceptingExecutableInvoker.invoke(InterceptingExecutableInvoker.java:93)
	at org.junit.jupiter.engine.execution.InterceptingExecutableInvoker.invoke(InterceptingExecutableInvoker.java:87)
	at org.junit.jupiter.engine.descriptor.TestMethodTestDescriptor.lambda$invokeTestMethod$7(TestMethodTestDescriptor.java:216)
	at org.junit.platform.engine.support.hierarchical.ThrowableCollector.execute(ThrowableCollector.java:73)
	at org.junit.jupiter.engine.descriptor.TestMethodTestDescriptor.invokeTestMethod(TestMethodTestDescriptor.java:212)
	at org.junit.jupiter.engine.descriptor.TestMethodTestDescriptor.execute(TestMethodTestDescriptor.java:137)
	at org.junit.jupiter.engine.descriptor.TestMethodTestDescriptor.execute(TestMethodTestDescriptor.java:69)
	at org.junit.platform.engine.support.hierarchical.NodeTestTask.lambda$executeRecursively$6(NodeTestTask.java:156)
	at org.junit.platform.engine.support.hierarchical.ThrowableCollector.execute(ThrowableCollector.java:73)
	at org.junit.platform.engine.support.hierarchical.NodeTestTask.lambda$executeRecursively$8(NodeTestTask.java:146)
	at org.junit.platform.engine.support.hierarchical.Node.around(Node.java:137)
	at org.junit.platform.engine.support.hierarchical.NodeTestTask.lambda$executeRecursively$9(NodeTestTask.java:144)
	at org.junit.platform.engine.support.hierarchical.ThrowableCollector.execute(ThrowableCollector.java:73)
	at org.junit.platform.engine.support.hierarchical.NodeTestTask.executeRecursively(NodeTestTask.java:143)
	at org.junit.platform.engine.support.hierarchical.NodeTestTask.execute(NodeTestTask.java:100)
	at java.base/java.util.ArrayList.forEach(ArrayList.java:1511)
	at org.junit.platform.engine.support.hierarchical.SameThreadHierarchicalTestExecutorService.invokeAll(SameThreadHierarchicalTestExecutorService.java:41)
	at org.junit.platform.engine.support.hierarchical.NodeTestTask.lambda$executeRecursively$6(NodeTestTask.java:160)
	at org.junit.platform.engine.support.hierarchical.ThrowableCollector.execute(ThrowableCollector.java:73)
	at org.junit.platform.engine.support.hierarchical.NodeTestTask.lambda$executeRecursively$8(NodeTestTask.java:146)
	at org.junit.platform.engine.support.hierarchical.Node.around(Node.java:137)
	at org.junit.platform.engine.support.hierarchical.NodeTestTask.lambda$executeRecursively$9(NodeTestTask.java:144)
	at org.junit.platform.engine.support.hierarchical.ThrowableCollector.execute(ThrowableCollector.java:73)
	at org.junit.platform.engine.support.hierarchical.NodeTestTask.executeRecursively(NodeTestTask.java:143)
	at org.junit.platform.engine.support.hierarchical.NodeTestTask.execute(NodeTestTask.java:100)
	at java.base/java.util.ArrayList.forEach(ArrayList.java:1511)
	at org.junit.platform.engine.support.hierarchical.SameThreadHierarchicalTestExecutorService.invokeAll(SameThreadHierarchicalTestExecutorService.java:41)
	at org.junit.platform.engine.support.hierarchical.NodeTestTask.lambda$executeRecursively$6(NodeTestTask.java:160)
	at org.junit.platform.engine.support.hierarchical.ThrowableCollector.execute(ThrowableCollector.java:73)
	at org.junit.platform.engine.support.hierarchical.NodeTestTask.lambda$executeRecursively$8(NodeTestTask.java:146)
	at org.junit.platform.engine.support.hierarchical.Node.around(Node.java:137)
	at org.junit.platform.engine.support.hierarchical.NodeTestTask.lambda$executeRecursively$9(NodeTestTask.java:144)
	at org.junit.platform.engine.support.hierarchical.ThrowableCollector.execute(ThrowableCollector.java:73)
	at org.junit.platform.engine.support.hierarchical.NodeTestTask.executeRecursively(NodeTestTask.java:143)
	at org.junit.platform.engine.support.hierarchical.NodeTestTask.execute(NodeTestTask.java:100)
	at org.junit.platform.engine.support.hierarchical.SameThreadHierarchicalTestExecutorService.submit(SameThreadHierarchicalTestExecutorService.java:35)
	at org.junit.platform.engine.support.hierarchical.HierarchicalTestExecutor.execute(HierarchicalTestExecutor.java:57)
	at org.junit.platform.engine.support.hierarchical.HierarchicalTestEngine.execute(HierarchicalTestEngine.java:54)
	at org.junit.platform.launcher.core.EngineExecutionOrchestrator.execute(EngineExecutionOrchestrator.java:201)
	at org.junit.platform.launcher.core.EngineExecutionOrchestrator.execute(EngineExecutionOrchestrator.java:170)
	at org.junit.platform.launcher.core.EngineExecutionOrchestrator.execute(EngineExecutionOrchestrator.java:94)
	at org.junit.platform.launcher.core.EngineExecutionOrchestrator.lambda$execute$0(EngineExecutionOrchestrator.java:59)
	at org.junit.platform.launcher.core.EngineExecutionOrchestrator.withInterceptedStreams(EngineExecutionOrchestrator.java:142)
	at org.junit.platform.launcher.core.EngineExecutionOrchestrator.execute(EngineExecutionOrchestrator.java:58)
	at org.junit.platform.launcher.core.DefaultLauncher.execute(DefaultLauncher.java:103)
	at org.junit.platform.launcher.core.DefaultLauncher.execute(DefaultLauncher.java:85)
	at org.junit.platform.launcher.core.DelegatingLauncher.execute(DelegatingLauncher.java:47)
	at org.junit.platform.launcher.core.InterceptingLauncher.lambda$execute$1(InterceptingLauncher.java:39)
	at org.junit.platform.launcher.core.ClasspathAlignmentCheckingLauncherInterceptor.intercept(ClasspathAlignmentCheckingLauncherInterceptor.java:25)
	at org.junit.platform.launcher.core.InterceptingLauncher.execute(InterceptingLauncher.java:38)
	at org.junit.platform.launcher.core.DelegatingLauncher.execute(DelegatingLauncher.java:47)
	at org.apache.maven.surefire.junitplatform.LazyLauncher.execute(LazyLauncher.java:56)
	at org.apache.maven.surefire.junitplatform.JUnitPlatformProvider.execute(JUnitPlatformProvider.java:184)
	at org.apache.maven.surefire.junitplatform.JUnitPlatformProvider.invokeAllTests(JUnitPlatformProvider.java:148)
	at org.apache.maven.surefire.junitplatform.JUnitPlatformProvider.invoke(JUnitPlatformProvider.java:122)
	at org.apache.maven.surefire.booter.ForkedBooter.runSuitesInProcess(ForkedBooter.java:385)
	at org.apache.maven.surefire.booter.ForkedBooter.execute(ForkedBooter.java:162)
	at org.apache.maven.surefire.booter.ForkedBooter.run(ForkedBooter.java:507)
	at org.apache.maven.surefire.booter.ForkedBooter.main(ForkedBooter.java:495)
21:10:33.889 [main] WARN org.hibernate.engine.jdbc.spi.SqlExceptionHelper -- SQL Warning Code: 0, SQLState: 00000
21:10:33.889 [main] WARN org.hibernate.engine.jdbc.spi.SqlExceptionHelper -- relation "pet_friends" does not exist, skipping
21:10:33.889 [main] DEBUG org.hibernate.SQL -- 
    alter table if exists pets 
       drop constraint if exists FK6teg4kcjcnjhduguft56wcfoa
Hibernate: 
    alter table if exists pets 
       drop constraint if exists FK6teg4kcjcnjhduguft56wcfoa
21:10:33.895 [main] DEBUG org.hibernate.engine.jdbc.spi.SqlExceptionHelper -- SQL Warning
org.postgresql.util.PSQLWarning: relation "pets" does not exist, skipping
	at org.postgresql.core.v3.QueryExecutorImpl.receiveNoticeResponse(QueryExecutorImpl.java:2732)
	at org.postgresql.core.v3.QueryExecutorImpl.processResults(QueryExecutorImpl.java:2431)
	at org.postgresql.core.v3.QueryExecutorImpl.execute(QueryExecutorImpl.java:368)
	at org.postgresql.jdbc.PgStatement.executeInternal(PgStatement.java:498)
	at org.postgresql.jdbc.PgStatement.execute(PgStatement.java:415)
	at org.postgresql.jdbc.PgStatement.executeWithFlags(PgStatement.java:335)
	at org.postgresql.jdbc.PgStatement.executeCachedSql(PgStatement.java:321)
	at org.postgresql.jdbc.PgStatement.executeWithFlags(PgStatement.java:297)
	at org.postgresql.jdbc.PgStatement.execute(PgStatement.java:292)
	at org.hibernate.tool.schema.internal.exec.GenerationTargetToDatabase.accept(GenerationTargetToDatabase.java:80)
	at org.hibernate.tool.schema.internal.Helper.applySqlString(Helper.java:233)
	at org.hibernate.tool.schema.internal.Helper.applySqlStrings(Helper.java:217)
	at org.hibernate.tool.schema.internal.SchemaDropperImpl.applyConstraintDropping(SchemaDropperImpl.java:470)
	at org.hibernate.tool.schema.internal.SchemaDropperImpl.dropConstraintsTablesSequences(SchemaDropperImpl.java:242)
	at org.hibernate.tool.schema.internal.SchemaDropperImpl.dropFromMetadata(SchemaDropperImpl.java:215)
	at org.hibernate.tool.schema.internal.SchemaDropperImpl.performDrop(SchemaDropperImpl.java:185)
	at org.hibernate.tool.schema.internal.SchemaDropperImpl.doDrop(SchemaDropperImpl.java:155)
	at org.hibernate.tool.schema.internal.SchemaDropperImpl.doDrop(SchemaDropperImpl.java:115)
	at org.hibernate.tool.schema.spi.SchemaManagementToolCoordinator.performDatabaseAction(SchemaManagementToolCoordinator.java:244)
	at org.hibernate.tool.schema.spi.SchemaManagementToolCoordinator.lambda$process$5(SchemaManagementToolCoordinator.java:145)
	at java.base/java.util.HashMap.forEach(HashMap.java:1421)
	at org.hibernate.tool.schema.spi.SchemaManagementToolCoordinator.process(SchemaManagementToolCoordinator.java:142)
	at org.hibernate.boot.internal.SessionFactoryObserverForSchemaExport.sessionFactoryCreated(SessionFactoryObserverForSchemaExport.java:37)
	at org.hibernate.internal.SessionFactoryObserverChain.sessionFactoryCreated(SessionFactoryObserverChain.java:35)
	at org.hibernate.internal.SessionFactoryImpl.<init>(SessionFactoryImpl.java:315)
	at org.hibernate.boot.internal.SessionFactoryBuilderImpl.build(SessionFactoryBuilderImpl.java:450)
	at org.hibernate.jpa.boot.internal.EntityManagerFactoryBuilderImpl.build(EntityManagerFactoryBuilderImpl.java:1507)
	at org.hibernate.jpa.HibernatePersistenceProvider.createEntityManagerFactory(HibernatePersistenceProvider.java:55)
	at jakarta.persistence.Persistence.createEntityManagerFactory(Persistence.java:80)
	at Utils.Util.getEntityManagerFactory(Util.java:40)
	at org.lab2.OwnerDAOImpl.save(OwnerDAOImpl.java:16)
	at org.lab2.OwnerDAOTest.testDeleteOwner(OwnerDAOTest.java:135)
	at java.base/jdk.internal.reflect.NativeMethodAccessorImpl.invoke0(Native Method)
	at java.base/jdk.internal.reflect.NativeMethodAccessorImpl.invoke(NativeMethodAccessorImpl.java:77)
	at java.base/jdk.internal.reflect.DelegatingMethodAccessorImpl.invoke(DelegatingMethodAccessorImpl.java:43)
	at java.base/java.lang.reflect.Method.invoke(Method.java:568)
	at org.junit.platform.commons.util.ReflectionUtils.invokeMethod(ReflectionUtils.java:775)
	at org.junit.platform.commons.support.ReflectionSupport.invokeMethod(ReflectionSupport.java:479)
	at org.junit.jupiter.engine.execution.MethodInvocation.proceed(MethodInvocation.java:60)
	at org.junit.jupiter.engine.execution.InvocationInterceptorChain$ValidatingInvocation.proceed(InvocationInterceptorChain.java:131)
	at org.junit.jupiter.engine.extension.TimeoutExtension.intercept(TimeoutExtension.java:161)
	at org.junit.jupiter.engine.extension.TimeoutExtension.interceptTestableMethod(TimeoutExtension.java:152)
	at org.junit.jupiter.engine.extension.TimeoutExtension.interceptTestMethod(TimeoutExtension.java:91)
	at org.junit.jupiter.engine.execution.InterceptingExecutableInvoker$ReflectiveInterceptorCall.lambda$ofVoidMethod$0(InterceptingExecutableInvoker.java:112)
	at org.junit.jupiter.engine.execution.InterceptingExecutableInvoker.lambda$invoke$0(InterceptingExecutableInvoker.java:94)
	at org.junit.jupiter.engine.execution.InvocationInterceptorChain$InterceptedInvocation.proceed(InvocationInterceptorChain.java:106)
	at org.junit.jupiter.engine.execution.InvocationInterceptorChain.proceed(InvocationInterceptorChain.java:64)
	at org.junit.jupiter.engine.execution.InvocationInterceptorChain.chainAndInvoke(InvocationInterceptorChain.java:45)
	at org.junit.jupiter.engine.execution.InvocationInterceptorChain.invoke(InvocationInterceptorChain.java:37)
	at org.junit.jupiter.engine.execution.InterceptingExecutableInvoker.invoke(InterceptingExecutableInvoker.java:93)
	at org.junit.jupiter.engine.execution.InterceptingExecutableInvoker.invoke(InterceptingExecutableInvoker.java:87)
	at org.junit.jupiter.engine.descriptor.TestMethodTestDescriptor.lambda$invokeTestMethod$7(TestMethodTestDescriptor.java:216)
	at org.junit.platform.engine.support.hierarchical.ThrowableCollector.execute(ThrowableCollector.java:73)
	at org.junit.jupiter.engine.descriptor.TestMethodTestDescriptor.invokeTestMethod(TestMethodTestDescriptor.java:212)
	at org.junit.jupiter.engine.descriptor.TestMethodTestDescriptor.execute(TestMethodTestDescriptor.java:137)
	at org.junit.jupiter.engine.descriptor.TestMethodTestDescriptor.execute(TestMethodTestDescriptor.java:69)
	at org.junit.platform.engine.support.hierarchical.NodeTestTask.lambda$executeRecursively$6(NodeTestTask.java:156)
	at org.junit.platform.engine.support.hierarchical.ThrowableCollector.execute(ThrowableCollector.java:73)
	at org.junit.platform.engine.support.hierarchical.NodeTestTask.lambda$executeRecursively$8(NodeTestTask.java:146)
	at org.junit.platform.engine.support.hierarchical.Node.around(Node.java:137)
	at org.junit.platform.engine.support.hierarchical.NodeTestTask.lambda$executeRecursively$9(NodeTestTask.java:144)
	at org.junit.platform.engine.support.hierarchical.ThrowableCollector.execute(ThrowableCollector.java:73)
	at org.junit.platform.engine.support.hierarchical.NodeTestTask.executeRecursively(NodeTestTask.java:143)
	at org.junit.platform.engine.support.hierarchical.NodeTestTask.execute(NodeTestTask.java:100)
	at java.base/java.util.ArrayList.forEach(ArrayList.java:1511)
	at org.junit.platform.engine.support.hierarchical.SameThreadHierarchicalTestExecutorService.invokeAll(SameThreadHierarchicalTestExecutorService.java:41)
	at org.junit.platform.engine.support.hierarchical.NodeTestTask.lambda$executeRecursively$6(NodeTestTask.java:160)
	at org.junit.platform.engine.support.hierarchical.ThrowableCollector.execute(ThrowableCollector.java:73)
	at org.junit.platform.engine.support.hierarchical.NodeTestTask.lambda$executeRecursively$8(NodeTestTask.java:146)
	at org.junit.platform.engine.support.hierarchical.Node.around(Node.java:137)
	at org.junit.platform.engine.support.hierarchical.NodeTestTask.lambda$executeRecursively$9(NodeTestTask.java:144)
	at org.junit.platform.engine.support.hierarchical.ThrowableCollector.execute(ThrowableCollector.java:73)
	at org.junit.platform.engine.support.hierarchical.NodeTestTask.executeRecursively(NodeTestTask.java:143)
	at org.junit.platform.engine.support.hierarchical.NodeTestTask.execute(NodeTestTask.java:100)
	at java.base/java.util.ArrayList.forEach(ArrayList.java:1511)
	at org.junit.platform.engine.support.hierarchical.SameThreadHierarchicalTestExecutorService.invokeAll(SameThreadHierarchicalTestExecutorService.java:41)
	at org.junit.platform.engine.support.hierarchical.NodeTestTask.lambda$executeRecursively$6(NodeTestTask.java:160)
	at org.junit.platform.engine.support.hierarchical.ThrowableCollector.execute(ThrowableCollector.java:73)
	at org.junit.platform.engine.support.hierarchical.NodeTestTask.lambda$executeRecursively$8(NodeTestTask.java:146)
	at org.junit.platform.engine.support.hierarchical.Node.around(Node.java:137)
	at org.junit.platform.engine.support.hierarchical.NodeTestTask.lambda$executeRecursively$9(NodeTestTask.java:144)
	at org.junit.platform.engine.support.hierarchical.ThrowableCollector.execute(ThrowableCollector.java:73)
	at org.junit.platform.engine.support.hierarchical.NodeTestTask.executeRecursively(NodeTestTask.java:143)
	at org.junit.platform.engine.support.hierarchical.NodeTestTask.execute(NodeTestTask.java:100)
	at org.junit.platform.engine.support.hierarchical.SameThreadHierarchicalTestExecutorService.submit(SameThreadHierarchicalTestExecutorService.java:35)
	at org.junit.platform.engine.support.hierarchical.HierarchicalTestExecutor.execute(HierarchicalTestExecutor.java:57)
	at org.junit.platform.engine.support.hierarchical.HierarchicalTestEngine.execute(HierarchicalTestEngine.java:54)
	at org.junit.platform.launcher.core.EngineExecutionOrchestrator.execute(EngineExecutionOrchestrator.java:201)
	at org.junit.platform.launcher.core.EngineExecutionOrchestrator.execute(EngineExecutionOrchestrator.java:170)
	at org.junit.platform.launcher.core.EngineExecutionOrchestrator.execute(EngineExecutionOrchestrator.java:94)
	at org.junit.platform.launcher.core.EngineExecutionOrchestrator.lambda$execute$0(EngineExecutionOrchestrator.java:59)
	at org.junit.platform.launcher.core.EngineExecutionOrchestrator.withInterceptedStreams(EngineExecutionOrchestrator.java:142)
	at org.junit.platform.launcher.core.EngineExecutionOrchestrator.execute(EngineExecutionOrchestrator.java:58)
	at org.junit.platform.launcher.core.DefaultLauncher.execute(DefaultLauncher.java:103)
	at org.junit.platform.launcher.core.DefaultLauncher.execute(DefaultLauncher.java:85)
	at org.junit.platform.launcher.core.DelegatingLauncher.execute(DelegatingLauncher.java:47)
	at org.junit.platform.launcher.core.InterceptingLauncher.lambda$execute$1(InterceptingLauncher.java:39)
	at org.junit.platform.launcher.core.ClasspathAlignmentCheckingLauncherInterceptor.intercept(ClasspathAlignmentCheckingLauncherInterceptor.java:25)
	at org.junit.platform.launcher.core.InterceptingLauncher.execute(InterceptingLauncher.java:38)
	at org.junit.platform.launcher.core.DelegatingLauncher.execute(DelegatingLauncher.java:47)
	at org.apache.maven.surefire.junitplatform.LazyLauncher.execute(LazyLauncher.java:56)
	at org.apache.maven.surefire.junitplatform.JUnitPlatformProvider.execute(JUnitPlatformProvider.java:184)
	at org.apache.maven.surefire.junitplatform.JUnitPlatformProvider.invokeAllTests(JUnitPlatformProvider.java:148)
	at org.apache.maven.surefire.junitplatform.JUnitPlatformProvider.invoke(JUnitPlatformProvider.java:122)
	at org.apache.maven.surefire.booter.ForkedBooter.runSuitesInProcess(ForkedBooter.java:385)
	at org.apache.maven.surefire.booter.ForkedBooter.execute(ForkedBooter.java:162)
	at org.apache.maven.surefire.booter.ForkedBooter.run(ForkedBooter.java:507)
	at org.apache.maven.surefire.booter.ForkedBooter.main(ForkedBooter.java:495)
21:10:33.896 [main] WARN org.hibernate.engine.jdbc.spi.SqlExceptionHelper -- SQL Warning Code: 0, SQLState: 00000
21:10:33.896 [main] WARN org.hibernate.engine.jdbc.spi.SqlExceptionHelper -- relation "pets" does not exist, skipping
21:10:33.896 [main] DEBUG org.hibernate.SQL -- 
    drop table if exists owners cascade
Hibernate: 
    drop table if exists owners cascade
21:10:33.899 [main] DEBUG org.hibernate.engine.jdbc.spi.SqlExceptionHelper -- SQL Warning
org.postgresql.util.PSQLWarning: table "owners" does not exist, skipping
	at org.postgresql.core.v3.QueryExecutorImpl.receiveNoticeResponse(QueryExecutorImpl.java:2732)
	at org.postgresql.core.v3.QueryExecutorImpl.processResults(QueryExecutorImpl.java:2431)
	at org.postgresql.core.v3.QueryExecutorImpl.execute(QueryExecutorImpl.java:368)
	at org.postgresql.jdbc.PgStatement.executeInternal(PgStatement.java:498)
	at org.postgresql.jdbc.PgStatement.execute(PgStatement.java:415)
	at org.postgresql.jdbc.PgStatement.executeWithFlags(PgStatement.java:335)
	at org.postgresql.jdbc.PgStatement.executeCachedSql(PgStatement.java:321)
	at org.postgresql.jdbc.PgStatement.executeWithFlags(PgStatement.java:297)
	at org.postgresql.jdbc.PgStatement.execute(PgStatement.java:292)
	at org.hibernate.tool.schema.internal.exec.GenerationTargetToDatabase.accept(GenerationTargetToDatabase.java:80)
	at org.hibernate.tool.schema.internal.Helper.applySqlString(Helper.java:233)
	at org.hibernate.tool.schema.internal.Helper.applySqlStrings(Helper.java:217)
	at org.hibernate.tool.schema.internal.SchemaDropperImpl.dropTables(SchemaDropperImpl.java:377)
	at org.hibernate.tool.schema.internal.SchemaDropperImpl.dropConstraintsTablesSequences(SchemaDropperImpl.java:253)
	at org.hibernate.tool.schema.internal.SchemaDropperImpl.dropFromMetadata(SchemaDropperImpl.java:215)
	at org.hibernate.tool.schema.internal.SchemaDropperImpl.performDrop(SchemaDropperImpl.java:185)
	at org.hibernate.tool.schema.internal.SchemaDropperImpl.doDrop(SchemaDropperImpl.java:155)
	at org.hibernate.tool.schema.internal.SchemaDropperImpl.doDrop(SchemaDropperImpl.java:115)
	at org.hibernate.tool.schema.spi.SchemaManagementToolCoordinator.performDatabaseAction(SchemaManagementToolCoordinator.java:244)
	at org.hibernate.tool.schema.spi.SchemaManagementToolCoordinator.lambda$process$5(SchemaManagementToolCoordinator.java:145)
	at java.base/java.util.HashMap.forEach(HashMap.java:1421)
	at org.hibernate.tool.schema.spi.SchemaManagementToolCoordinator.process(SchemaManagementToolCoordinator.java:142)
	at org.hibernate.boot.internal.SessionFactoryObserverForSchemaExport.sessionFactoryCreated(SessionFactoryObserverForSchemaExport.java:37)
	at org.hibernate.internal.SessionFactoryObserverChain.sessionFactoryCreated(SessionFactoryObserverChain.java:35)
	at org.hibernate.internal.SessionFactoryImpl.<init>(SessionFactoryImpl.java:315)
	at org.hibernate.boot.internal.SessionFactoryBuilderImpl.build(SessionFactoryBuilderImpl.java:450)
	at org.hibernate.jpa.boot.internal.EntityManagerFactoryBuilderImpl.build(EntityManagerFactoryBuilderImpl.java:1507)
	at org.hibernate.jpa.HibernatePersistenceProvider.createEntityManagerFactory(HibernatePersistenceProvider.java:55)
	at jakarta.persistence.Persistence.createEntityManagerFactory(Persistence.java:80)
	at Utils.Util.getEntityManagerFactory(Util.java:40)
	at org.lab2.OwnerDAOImpl.save(OwnerDAOImpl.java:16)
	at org.lab2.OwnerDAOTest.testDeleteOwner(OwnerDAOTest.java:135)
	at java.base/jdk.internal.reflect.NativeMethodAccessorImpl.invoke0(Native Method)
	at java.base/jdk.internal.reflect.NativeMethodAccessorImpl.invoke(NativeMethodAccessorImpl.java:77)
	at java.base/jdk.internal.reflect.DelegatingMethodAccessorImpl.invoke(DelegatingMethodAccessorImpl.java:43)
	at java.base/java.lang.reflect.Method.invoke(Method.java:568)
	at org.junit.platform.commons.util.ReflectionUtils.invokeMethod(ReflectionUtils.java:775)
	at org.junit.platform.commons.support.ReflectionSupport.invokeMethod(ReflectionSupport.java:479)
	at org.junit.jupiter.engine.execution.MethodInvocation.proceed(MethodInvocation.java:60)
	at org.junit.jupiter.engine.execution.InvocationInterceptorChain$ValidatingInvocation.proceed(InvocationInterceptorChain.java:131)
	at org.junit.jupiter.engine.extension.TimeoutExtension.intercept(TimeoutExtension.java:161)
	at org.junit.jupiter.engine.extension.TimeoutExtension.interceptTestableMethod(TimeoutExtension.java:152)
	at org.junit.jupiter.engine.extension.TimeoutExtension.interceptTestMethod(TimeoutExtension.java:91)
	at org.junit.jupiter.engine.execution.InterceptingExecutableInvoker$ReflectiveInterceptorCall.lambda$ofVoidMethod$0(InterceptingExecutableInvoker.java:112)
	at org.junit.jupiter.engine.execution.InterceptingExecutableInvoker.lambda$invoke$0(InterceptingExecutableInvoker.java:94)
	at org.junit.jupiter.engine.execution.InvocationInterceptorChain$InterceptedInvocation.proceed(InvocationInterceptorChain.java:106)
	at org.junit.jupiter.engine.execution.InvocationInterceptorChain.proceed(InvocationInterceptorChain.java:64)
	at org.junit.jupiter.engine.execution.InvocationInterceptorChain.chainAndInvoke(InvocationInterceptorChain.java:45)
	at org.junit.jupiter.engine.execution.InvocationInterceptorChain.invoke(InvocationInterceptorChain.java:37)
	at org.junit.jupiter.engine.execution.InterceptingExecutableInvoker.invoke(InterceptingExecutableInvoker.java:93)
	at org.junit.jupiter.engine.execution.InterceptingExecutableInvoker.invoke(InterceptingExecutableInvoker.java:87)
	at org.junit.jupiter.engine.descriptor.TestMethodTestDescriptor.lambda$invokeTestMethod$7(TestMethodTestDescriptor.java:216)
	at org.junit.platform.engine.support.hierarchical.ThrowableCollector.execute(ThrowableCollector.java:73)
	at org.junit.jupiter.engine.descriptor.TestMethodTestDescriptor.invokeTestMethod(TestMethodTestDescriptor.java:212)
	at org.junit.jupiter.engine.descriptor.TestMethodTestDescriptor.execute(TestMethodTestDescriptor.java:137)
	at org.junit.jupiter.engine.descriptor.TestMethodTestDescriptor.execute(TestMethodTestDescriptor.java:69)
	at org.junit.platform.engine.support.hierarchical.NodeTestTask.lambda$executeRecursively$6(NodeTestTask.java:156)
	at org.junit.platform.engine.support.hierarchical.ThrowableCollector.execute(ThrowableCollector.java:73)
	at org.junit.platform.engine.support.hierarchical.NodeTestTask.lambda$executeRecursively$8(NodeTestTask.java:146)
	at org.junit.platform.engine.support.hierarchical.Node.around(Node.java:137)
	at org.junit.platform.engine.support.hierarchical.NodeTestTask.lambda$executeRecursively$9(NodeTestTask.java:144)
	at org.junit.platform.engine.support.hierarchical.ThrowableCollector.execute(ThrowableCollector.java:73)
	at org.junit.platform.engine.support.hierarchical.NodeTestTask.executeRecursively(NodeTestTask.java:143)
	at org.junit.platform.engine.support.hierarchical.NodeTestTask.execute(NodeTestTask.java:100)
	at java.base/java.util.ArrayList.forEach(ArrayList.java:1511)
	at org.junit.platform.engine.support.hierarchical.SameThreadHierarchicalTestExecutorService.invokeAll(SameThreadHierarchicalTestExecutorService.java:41)
	at org.junit.platform.engine.support.hierarchical.NodeTestTask.lambda$executeRecursively$6(NodeTestTask.java:160)
	at org.junit.platform.engine.support.hierarchical.ThrowableCollector.execute(ThrowableCollector.java:73)
	at org.junit.platform.engine.support.hierarchical.NodeTestTask.lambda$executeRecursively$8(NodeTestTask.java:146)
	at org.junit.platform.engine.support.hierarchical.Node.around(Node.java:137)
	at org.junit.platform.engine.support.hierarchical.NodeTestTask.lambda$executeRecursively$9(NodeTestTask.java:144)
	at org.junit.platform.engine.support.hierarchical.ThrowableCollector.execute(ThrowableCollector.java:73)
	at org.junit.platform.engine.support.hierarchical.NodeTestTask.executeRecursively(NodeTestTask.java:143)
	at org.junit.platform.engine.support.hierarchical.NodeTestTask.execute(NodeTestTask.java:100)
	at java.base/java.util.ArrayList.forEach(ArrayList.java:1511)
	at org.junit.platform.engine.support.hierarchical.SameThreadHierarchicalTestExecutorService.invokeAll(SameThreadHierarchicalTestExecutorService.java:41)
	at org.junit.platform.engine.support.hierarchical.NodeTestTask.lambda$executeRecursively$6(NodeTestTask.java:160)
	at org.junit.platform.engine.support.hierarchical.ThrowableCollector.execute(ThrowableCollector.java:73)
	at org.junit.platform.engine.support.hierarchical.NodeTestTask.lambda$executeRecursively$8(NodeTestTask.java:146)
	at org.junit.platform.engine.support.hierarchical.Node.around(Node.java:137)
	at org.junit.platform.engine.support.hierarchical.NodeTestTask.lambda$executeRecursively$9(NodeTestTask.java:144)
	at org.junit.platform.engine.support.hierarchical.ThrowableCollector.execute(ThrowableCollector.java:73)
	at org.junit.platform.engine.support.hierarchical.NodeTestTask.executeRecursively(NodeTestTask.java:143)
	at org.junit.platform.engine.support.hierarchical.NodeTestTask.execute(NodeTestTask.java:100)
	at org.junit.platform.engine.support.hierarchical.SameThreadHierarchicalTestExecutorService.submit(SameThreadHierarchicalTestExecutorService.java:35)
	at org.junit.platform.engine.support.hierarchical.HierarchicalTestExecutor.execute(HierarchicalTestExecutor.java:57)
	at org.junit.platform.engine.support.hierarchical.HierarchicalTestEngine.execute(HierarchicalTestEngine.java:54)
	at org.junit.platform.launcher.core.EngineExecutionOrchestrator.execute(EngineExecutionOrchestrator.java:201)
	at org.junit.platform.launcher.core.EngineExecutionOrchestrator.execute(EngineExecutionOrchestrator.java:170)
	at org.junit.platform.launcher.core.EngineExecutionOrchestrator.execute(EngineExecutionOrchestrator.java:94)
	at org.junit.platform.launcher.core.EngineExecutionOrchestrator.lambda$execute$0(EngineExecutionOrchestrator.java:59)
	at org.junit.platform.launcher.core.EngineExecutionOrchestrator.withInterceptedStreams(EngineExecutionOrchestrator.java:142)
	at org.junit.platform.launcher.core.EngineExecutionOrchestrator.execute(EngineExecutionOrchestrator.java:58)
	at org.junit.platform.launcher.core.DefaultLauncher.execute(DefaultLauncher.java:103)
	at org.junit.platform.launcher.core.DefaultLauncher.execute(DefaultLauncher.java:85)
	at org.junit.platform.launcher.core.DelegatingLauncher.execute(DelegatingLauncher.java:47)
	at org.junit.platform.launcher.core.InterceptingLauncher.lambda$execute$1(InterceptingLauncher.java:39)
	at org.junit.platform.launcher.core.ClasspathAlignmentCheckingLauncherInterceptor.intercept(ClasspathAlignmentCheckingLauncherInterceptor.java:25)
	at org.junit.platform.launcher.core.InterceptingLauncher.execute(InterceptingLauncher.java:38)
	at org.junit.platform.launcher.core.DelegatingLauncher.execute(DelegatingLauncher.java:47)
	at org.apache.maven.surefire.junitplatform.LazyLauncher.execute(LazyLauncher.java:56)
	at org.apache.maven.surefire.junitplatform.JUnitPlatformProvider.execute(JUnitPlatformProvider.java:184)
	at org.apache.maven.surefire.junitplatform.JUnitPlatformProvider.invokeAllTests(JUnitPlatformProvider.java:148)
	at org.apache.maven.surefire.junitplatform.JUnitPlatformProvider.invoke(JUnitPlatformProvider.java:122)
	at org.apache.maven.surefire.booter.ForkedBooter.runSuitesInProcess(ForkedBooter.java:385)
	at org.apache.maven.surefire.booter.ForkedBooter.execute(ForkedBooter.java:162)
	at org.apache.maven.surefire.booter.ForkedBooter.run(ForkedBooter.java:507)
	at org.apache.maven.surefire.booter.ForkedBooter.main(ForkedBooter.java:495)
21:10:33.900 [main] WARN org.hibernate.engine.jdbc.spi.SqlExceptionHelper -- SQL Warning Code: 0, SQLState: 00000
21:10:33.900 [main] WARN org.hibernate.engine.jdbc.spi.SqlExceptionHelper -- table "owners" does not exist, skipping
21:10:33.900 [main] DEBUG org.hibernate.SQL -- 
    drop table if exists pet_friends cascade
Hibernate: 
    drop table if exists pet_friends cascade
21:10:33.903 [main] DEBUG org.hibernate.engine.jdbc.spi.SqlExceptionHelper -- SQL Warning
org.postgresql.util.PSQLWarning: table "pet_friends" does not exist, skipping
	at org.postgresql.core.v3.QueryExecutorImpl.receiveNoticeResponse(QueryExecutorImpl.java:2732)
	at org.postgresql.core.v3.QueryExecutorImpl.processResults(QueryExecutorImpl.java:2431)
	at org.postgresql.core.v3.QueryExecutorImpl.execute(QueryExecutorImpl.java:368)
	at org.postgresql.jdbc.PgStatement.executeInternal(PgStatement.java:498)
	at org.postgresql.jdbc.PgStatement.execute(PgStatement.java:415)
	at org.postgresql.jdbc.PgStatement.executeWithFlags(PgStatement.java:335)
	at org.postgresql.jdbc.PgStatement.executeCachedSql(PgStatement.java:321)
	at org.postgresql.jdbc.PgStatement.executeWithFlags(PgStatement.java:297)
	at org.postgresql.jdbc.PgStatement.execute(PgStatement.java:292)
	at org.hibernate.tool.schema.internal.exec.GenerationTargetToDatabase.accept(GenerationTargetToDatabase.java:80)
	at org.hibernate.tool.schema.internal.Helper.applySqlString(Helper.java:233)
	at org.hibernate.tool.schema.internal.Helper.applySqlStrings(Helper.java:217)
	at org.hibernate.tool.schema.internal.SchemaDropperImpl.dropTables(SchemaDropperImpl.java:377)
	at org.hibernate.tool.schema.internal.SchemaDropperImpl.dropConstraintsTablesSequences(SchemaDropperImpl.java:253)
	at org.hibernate.tool.schema.internal.SchemaDropperImpl.dropFromMetadata(SchemaDropperImpl.java:215)
	at org.hibernate.tool.schema.internal.SchemaDropperImpl.performDrop(SchemaDropperImpl.java:185)
	at org.hibernate.tool.schema.internal.SchemaDropperImpl.doDrop(SchemaDropperImpl.java:155)
	at org.hibernate.tool.schema.internal.SchemaDropperImpl.doDrop(SchemaDropperImpl.java:115)
	at org.hibernate.tool.schema.spi.SchemaManagementToolCoordinator.performDatabaseAction(SchemaManagementToolCoordinator.java:244)
	at org.hibernate.tool.schema.spi.SchemaManagementToolCoordinator.lambda$process$5(SchemaManagementToolCoordinator.java:145)
	at java.base/java.util.HashMap.forEach(HashMap.java:1421)
	at org.hibernate.tool.schema.spi.SchemaManagementToolCoordinator.process(SchemaManagementToolCoordinator.java:142)
	at org.hibernate.boot.internal.SessionFactoryObserverForSchemaExport.sessionFactoryCreated(SessionFactoryObserverForSchemaExport.java:37)
	at org.hibernate.internal.SessionFactoryObserverChain.sessionFactoryCreated(SessionFactoryObserverChain.java:35)
	at org.hibernate.internal.SessionFactoryImpl.<init>(SessionFactoryImpl.java:315)
	at org.hibernate.boot.internal.SessionFactoryBuilderImpl.build(SessionFactoryBuilderImpl.java:450)
	at org.hibernate.jpa.boot.internal.EntityManagerFactoryBuilderImpl.build(EntityManagerFactoryBuilderImpl.java:1507)
	at org.hibernate.jpa.HibernatePersistenceProvider.createEntityManagerFactory(HibernatePersistenceProvider.java:55)
	at jakarta.persistence.Persistence.createEntityManagerFactory(Persistence.java:80)
	at Utils.Util.getEntityManagerFactory(Util.java:40)
	at org.lab2.OwnerDAOImpl.save(OwnerDAOImpl.java:16)
	at org.lab2.OwnerDAOTest.testDeleteOwner(OwnerDAOTest.java:135)
	at java.base/jdk.internal.reflect.NativeMethodAccessorImpl.invoke0(Native Method)
	at java.base/jdk.internal.reflect.NativeMethodAccessorImpl.invoke(NativeMethodAccessorImpl.java:77)
	at java.base/jdk.internal.reflect.DelegatingMethodAccessorImpl.invoke(DelegatingMethodAccessorImpl.java:43)
	at java.base/java.lang.reflect.Method.invoke(Method.java:568)
	at org.junit.platform.commons.util.ReflectionUtils.invokeMethod(ReflectionUtils.java:775)
	at org.junit.platform.commons.support.ReflectionSupport.invokeMethod(ReflectionSupport.java:479)
	at org.junit.jupiter.engine.execution.MethodInvocation.proceed(MethodInvocation.java:60)
	at org.junit.jupiter.engine.execution.InvocationInterceptorChain$ValidatingInvocation.proceed(InvocationInterceptorChain.java:131)
	at org.junit.jupiter.engine.extension.TimeoutExtension.intercept(TimeoutExtension.java:161)
	at org.junit.jupiter.engine.extension.TimeoutExtension.interceptTestableMethod(TimeoutExtension.java:152)
	at org.junit.jupiter.engine.extension.TimeoutExtension.interceptTestMethod(TimeoutExtension.java:91)
	at org.junit.jupiter.engine.execution.InterceptingExecutableInvoker$ReflectiveInterceptorCall.lambda$ofVoidMethod$0(InterceptingExecutableInvoker.java:112)
	at org.junit.jupiter.engine.execution.InterceptingExecutableInvoker.lambda$invoke$0(InterceptingExecutableInvoker.java:94)
	at org.junit.jupiter.engine.execution.InvocationInterceptorChain$InterceptedInvocation.proceed(InvocationInterceptorChain.java:106)
	at org.junit.jupiter.engine.execution.InvocationInterceptorChain.proceed(InvocationInterceptorChain.java:64)
	at org.junit.jupiter.engine.execution.InvocationInterceptorChain.chainAndInvoke(InvocationInterceptorChain.java:45)
	at org.junit.jupiter.engine.execution.InvocationInterceptorChain.invoke(InvocationInterceptorChain.java:37)
	at org.junit.jupiter.engine.execution.InterceptingExecutableInvoker.invoke(InterceptingExecutableInvoker.java:93)
	at org.junit.jupiter.engine.execution.InterceptingExecutableInvoker.invoke(InterceptingExecutableInvoker.java:87)
	at org.junit.jupiter.engine.descriptor.TestMethodTestDescriptor.lambda$invokeTestMethod$7(TestMethodTestDescriptor.java:216)
	at org.junit.platform.engine.support.hierarchical.ThrowableCollector.execute(ThrowableCollector.java:73)
	at org.junit.jupiter.engine.descriptor.TestMethodTestDescriptor.invokeTestMethod(TestMethodTestDescriptor.java:212)
	at org.junit.jupiter.engine.descriptor.TestMethodTestDescriptor.execute(TestMethodTestDescriptor.java:137)
	at org.junit.jupiter.engine.descriptor.TestMethodTestDescriptor.execute(TestMethodTestDescriptor.java:69)
	at org.junit.platform.engine.support.hierarchical.NodeTestTask.lambda$executeRecursively$6(NodeTestTask.java:156)
	at org.junit.platform.engine.support.hierarchical.ThrowableCollector.execute(ThrowableCollector.java:73)
	at org.junit.platform.engine.support.hierarchical.NodeTestTask.lambda$executeRecursively$8(NodeTestTask.java:146)
	at org.junit.platform.engine.support.hierarchical.Node.around(Node.java:137)
	at org.junit.platform.engine.support.hierarchical.NodeTestTask.lambda$executeRecursively$9(NodeTestTask.java:144)
	at org.junit.platform.engine.support.hierarchical.ThrowableCollector.execute(ThrowableCollector.java:73)
	at org.junit.platform.engine.support.hierarchical.NodeTestTask.executeRecursively(NodeTestTask.java:143)
	at org.junit.platform.engine.support.hierarchical.NodeTestTask.execute(NodeTestTask.java:100)
	at java.base/java.util.ArrayList.forEach(ArrayList.java:1511)
	at org.junit.platform.engine.support.hierarchical.SameThreadHierarchicalTestExecutorService.invokeAll(SameThreadHierarchicalTestExecutorService.java:41)
	at org.junit.platform.engine.support.hierarchical.NodeTestTask.lambda$executeRecursively$6(NodeTestTask.java:160)
	at org.junit.platform.engine.support.hierarchical.ThrowableCollector.execute(ThrowableCollector.java:73)
	at org.junit.platform.engine.support.hierarchical.NodeTestTask.lambda$executeRecursively$8(NodeTestTask.java:146)
	at org.junit.platform.engine.support.hierarchical.Node.around(Node.java:137)
	at org.junit.platform.engine.support.hierarchical.NodeTestTask.lambda$executeRecursively$9(NodeTestTask.java:144)
	at org.junit.platform.engine.support.hierarchical.ThrowableCollector.execute(ThrowableCollector.java:73)
	at org.junit.platform.engine.support.hierarchical.NodeTestTask.executeRecursively(NodeTestTask.java:143)
	at org.junit.platform.engine.support.hierarchical.NodeTestTask.execute(NodeTestTask.java:100)
	at java.base/java.util.ArrayList.forEach(ArrayList.java:1511)
	at org.junit.platform.engine.support.hierarchical.SameThreadHierarchicalTestExecutorService.invokeAll(SameThreadHierarchicalTestExecutorService.java:41)
	at org.junit.platform.engine.support.hierarchical.NodeTestTask.lambda$executeRecursively$6(NodeTestTask.java:160)
	at org.junit.platform.engine.support.hierarchical.ThrowableCollector.execute(ThrowableCollector.java:73)
	at org.junit.platform.engine.support.hierarchical.NodeTestTask.lambda$executeRecursively$8(NodeTestTask.java:146)
	at org.junit.platform.engine.support.hierarchical.Node.around(Node.java:137)
	at org.junit.platform.engine.support.hierarchical.NodeTestTask.lambda$executeRecursively$9(NodeTestTask.java:144)
	at org.junit.platform.engine.support.hierarchical.ThrowableCollector.execute(ThrowableCollector.java:73)
	at org.junit.platform.engine.support.hierarchical.NodeTestTask.executeRecursively(NodeTestTask.java:143)
	at org.junit.platform.engine.support.hierarchical.NodeTestTask.execute(NodeTestTask.java:100)
	at org.junit.platform.engine.support.hierarchical.SameThreadHierarchicalTestExecutorService.submit(SameThreadHierarchicalTestExecutorService.java:35)
	at org.junit.platform.engine.support.hierarchical.HierarchicalTestExecutor.execute(HierarchicalTestExecutor.java:57)
	at org.junit.platform.engine.support.hierarchical.HierarchicalTestEngine.execute(HierarchicalTestEngine.java:54)
	at org.junit.platform.launcher.core.EngineExecutionOrchestrator.execute(EngineExecutionOrchestrator.java:201)
	at org.junit.platform.launcher.core.EngineExecutionOrchestrator.execute(EngineExecutionOrchestrator.java:170)
	at org.junit.platform.launcher.core.EngineExecutionOrchestrator.execute(EngineExecutionOrchestrator.java:94)
	at org.junit.platform.launcher.core.EngineExecutionOrchestrator.lambda$execute$0(EngineExecutionOrchestrator.java:59)
	at org.junit.platform.launcher.core.EngineExecutionOrchestrator.withInterceptedStreams(EngineExecutionOrchestrator.java:142)
	at org.junit.platform.launcher.core.EngineExecutionOrchestrator.execute(EngineExecutionOrchestrator.java:58)
	at org.junit.platform.launcher.core.DefaultLauncher.execute(DefaultLauncher.java:103)
	at org.junit.platform.launcher.core.DefaultLauncher.execute(DefaultLauncher.java:85)
	at org.junit.platform.launcher.core.DelegatingLauncher.execute(DelegatingLauncher.java:47)
	at org.junit.platform.launcher.core.InterceptingLauncher.lambda$execute$1(InterceptingLauncher.java:39)
	at org.junit.platform.launcher.core.ClasspathAlignmentCheckingLauncherInterceptor.intercept(ClasspathAlignmentCheckingLauncherInterceptor.java:25)
	at org.junit.platform.launcher.core.InterceptingLauncher.execute(InterceptingLauncher.java:38)
	at org.junit.platform.launcher.core.DelegatingLauncher.execute(DelegatingLauncher.java:47)
	at org.apache.maven.surefire.junitplatform.LazyLauncher.execute(LazyLauncher.java:56)
	at org.apache.maven.surefire.junitplatform.JUnitPlatformProvider.execute(JUnitPlatformProvider.java:184)
	at org.apache.maven.surefire.junitplatform.JUnitPlatformProvider.invokeAllTests(JUnitPlatformProvider.java:148)
	at org.apache.maven.surefire.junitplatform.JUnitPlatformProvider.invoke(JUnitPlatformProvider.java:122)
	at org.apache.maven.surefire.booter.ForkedBooter.runSuitesInProcess(ForkedBooter.java:385)
	at org.apache.maven.surefire.booter.ForkedBooter.execute(ForkedBooter.java:162)
	at org.apache.maven.surefire.booter.ForkedBooter.run(ForkedBooter.java:507)
	at org.apache.maven.surefire.booter.ForkedBooter.main(ForkedBooter.java:495)
21:10:33.903 [main] WARN org.hibernate.engine.jdbc.spi.SqlExceptionHelper -- SQL Warning Code: 0, SQLState: 00000
21:10:33.903 [main] WARN org.hibernate.engine.jdbc.spi.SqlExceptionHelper -- table "pet_friends" does not exist, skipping
21:10:33.903 [main] DEBUG org.hibernate.SQL -- 
    drop table if exists pets cascade
Hibernate: 
    drop table if exists pets cascade
21:10:33.905 [main] DEBUG org.hibernate.engine.jdbc.spi.SqlExceptionHelper -- SQL Warning
org.postgresql.util.PSQLWarning: table "pets" does not exist, skipping
	at org.postgresql.core.v3.QueryExecutorImpl.receiveNoticeResponse(QueryExecutorImpl.java:2732)
	at org.postgresql.core.v3.QueryExecutorImpl.processResults(QueryExecutorImpl.java:2431)
	at org.postgresql.core.v3.QueryExecutorImpl.execute(QueryExecutorImpl.java:368)
	at org.postgresql.jdbc.PgStatement.executeInternal(PgStatement.java:498)
	at org.postgresql.jdbc.PgStatement.execute(PgStatement.java:415)
	at org.postgresql.jdbc.PgStatement.executeWithFlags(PgStatement.java:335)
	at org.postgresql.jdbc.PgStatement.executeCachedSql(PgStatement.java:321)
	at org.postgresql.jdbc.PgStatement.executeWithFlags(PgStatement.java:297)
	at org.postgresql.jdbc.PgStatement.execute(PgStatement.java:292)
	at org.hibernate.tool.schema.internal.exec.GenerationTargetToDatabase.accept(GenerationTargetToDatabase.java:80)
	at org.hibernate.tool.schema.internal.Helper.applySqlString(Helper.java:233)
	at org.hibernate.tool.schema.internal.Helper.applySqlStrings(Helper.java:217)
	at org.hibernate.tool.schema.internal.SchemaDropperImpl.dropTables(SchemaDropperImpl.java:377)
	at org.hibernate.tool.schema.internal.SchemaDropperImpl.dropConstraintsTablesSequences(SchemaDropperImpl.java:253)
	at org.hibernate.tool.schema.internal.SchemaDropperImpl.dropFromMetadata(SchemaDropperImpl.java:215)
	at org.hibernate.tool.schema.internal.SchemaDropperImpl.performDrop(SchemaDropperImpl.java:185)
	at org.hibernate.tool.schema.internal.SchemaDropperImpl.doDrop(SchemaDropperImpl.java:155)
	at org.hibernate.tool.schema.internal.SchemaDropperImpl.doDrop(SchemaDropperImpl.java:115)
	at org.hibernate.tool.schema.spi.SchemaManagementToolCoordinator.performDatabaseAction(SchemaManagementToolCoordinator.java:244)
	at org.hibernate.tool.schema.spi.SchemaManagementToolCoordinator.lambda$process$5(SchemaManagementToolCoordinator.java:145)
	at java.base/java.util.HashMap.forEach(HashMap.java:1421)
	at org.hibernate.tool.schema.spi.SchemaManagementToolCoordinator.process(SchemaManagementToolCoordinator.java:142)
	at org.hibernate.boot.internal.SessionFactoryObserverForSchemaExport.sessionFactoryCreated(SessionFactoryObserverForSchemaExport.java:37)
	at org.hibernate.internal.SessionFactoryObserverChain.sessionFactoryCreated(SessionFactoryObserverChain.java:35)
	at org.hibernate.internal.SessionFactoryImpl.<init>(SessionFactoryImpl.java:315)
	at org.hibernate.boot.internal.SessionFactoryBuilderImpl.build(SessionFactoryBuilderImpl.java:450)
	at org.hibernate.jpa.boot.internal.EntityManagerFactoryBuilderImpl.build(EntityManagerFactoryBuilderImpl.java:1507)
	at org.hibernate.jpa.HibernatePersistenceProvider.createEntityManagerFactory(HibernatePersistenceProvider.java:55)
	at jakarta.persistence.Persistence.createEntityManagerFactory(Persistence.java:80)
	at Utils.Util.getEntityManagerFactory(Util.java:40)
	at org.lab2.OwnerDAOImpl.save(OwnerDAOImpl.java:16)
	at org.lab2.OwnerDAOTest.testDeleteOwner(OwnerDAOTest.java:135)
	at java.base/jdk.internal.reflect.NativeMethodAccessorImpl.invoke0(Native Method)
	at java.base/jdk.internal.reflect.NativeMethodAccessorImpl.invoke(NativeMethodAccessorImpl.java:77)
	at java.base/jdk.internal.reflect.DelegatingMethodAccessorImpl.invoke(DelegatingMethodAccessorImpl.java:43)
	at java.base/java.lang.reflect.Method.invoke(Method.java:568)
	at org.junit.platform.commons.util.ReflectionUtils.invokeMethod(ReflectionUtils.java:775)
	at org.junit.platform.commons.support.ReflectionSupport.invokeMethod(ReflectionSupport.java:479)
	at org.junit.jupiter.engine.execution.MethodInvocation.proceed(MethodInvocation.java:60)
	at org.junit.jupiter.engine.execution.InvocationInterceptorChain$ValidatingInvocation.proceed(InvocationInterceptorChain.java:131)
	at org.junit.jupiter.engine.extension.TimeoutExtension.intercept(TimeoutExtension.java:161)
	at org.junit.jupiter.engine.extension.TimeoutExtension.interceptTestableMethod(TimeoutExtension.java:152)
	at org.junit.jupiter.engine.extension.TimeoutExtension.interceptTestMethod(TimeoutExtension.java:91)
	at org.junit.jupiter.engine.execution.InterceptingExecutableInvoker$ReflectiveInterceptorCall.lambda$ofVoidMethod$0(InterceptingExecutableInvoker.java:112)
	at org.junit.jupiter.engine.execution.InterceptingExecutableInvoker.lambda$invoke$0(InterceptingExecutableInvoker.java:94)
	at org.junit.jupiter.engine.execution.InvocationInterceptorChain$InterceptedInvocation.proceed(InvocationInterceptorChain.java:106)
	at org.junit.jupiter.engine.execution.InvocationInterceptorChain.proceed(InvocationInterceptorChain.java:64)
	at org.junit.jupiter.engine.execution.InvocationInterceptorChain.chainAndInvoke(InvocationInterceptorChain.java:45)
	at org.junit.jupiter.engine.execution.InvocationInterceptorChain.invoke(InvocationInterceptorChain.java:37)
	at org.junit.jupiter.engine.execution.InterceptingExecutableInvoker.invoke(InterceptingExecutableInvoker.java:93)
	at org.junit.jupiter.engine.execution.InterceptingExecutableInvoker.invoke(InterceptingExecutableInvoker.java:87)
	at org.junit.jupiter.engine.descriptor.TestMethodTestDescriptor.lambda$invokeTestMethod$7(TestMethodTestDescriptor.java:216)
	at org.junit.platform.engine.support.hierarchical.ThrowableCollector.execute(ThrowableCollector.java:73)
	at org.junit.jupiter.engine.descriptor.TestMethodTestDescriptor.invokeTestMethod(TestMethodTestDescriptor.java:212)
	at org.junit.jupiter.engine.descriptor.TestMethodTestDescriptor.execute(TestMethodTestDescriptor.java:137)
	at org.junit.jupiter.engine.descriptor.TestMethodTestDescriptor.execute(TestMethodTestDescriptor.java:69)
	at org.junit.platform.engine.support.hierarchical.NodeTestTask.lambda$executeRecursively$6(NodeTestTask.java:156)
	at org.junit.platform.engine.support.hierarchical.ThrowableCollector.execute(ThrowableCollector.java:73)
	at org.junit.platform.engine.support.hierarchical.NodeTestTask.lambda$executeRecursively$8(NodeTestTask.java:146)
	at org.junit.platform.engine.support.hierarchical.Node.around(Node.java:137)
	at org.junit.platform.engine.support.hierarchical.NodeTestTask.lambda$executeRecursively$9(NodeTestTask.java:144)
	at org.junit.platform.engine.support.hierarchical.ThrowableCollector.execute(ThrowableCollector.java:73)
	at org.junit.platform.engine.support.hierarchical.NodeTestTask.executeRecursively(NodeTestTask.java:143)
	at org.junit.platform.engine.support.hierarchical.NodeTestTask.execute(NodeTestTask.java:100)
	at java.base/java.util.ArrayList.forEach(ArrayList.java:1511)
	at org.junit.platform.engine.support.hierarchical.SameThreadHierarchicalTestExecutorService.invokeAll(SameThreadHierarchicalTestExecutorService.java:41)
	at org.junit.platform.engine.support.hierarchical.NodeTestTask.lambda$executeRecursively$6(NodeTestTask.java:160)
	at org.junit.platform.engine.support.hierarchical.ThrowableCollector.execute(ThrowableCollector.java:73)
	at org.junit.platform.engine.support.hierarchical.NodeTestTask.lambda$executeRecursively$8(NodeTestTask.java:146)
	at org.junit.platform.engine.support.hierarchical.Node.around(Node.java:137)
	at org.junit.platform.engine.support.hierarchical.NodeTestTask.lambda$executeRecursively$9(NodeTestTask.java:144)
	at org.junit.platform.engine.support.hierarchical.ThrowableCollector.execute(ThrowableCollector.java:73)
	at org.junit.platform.engine.support.hierarchical.NodeTestTask.executeRecursively(NodeTestTask.java:143)
	at org.junit.platform.engine.support.hierarchical.NodeTestTask.execute(NodeTestTask.java:100)
	at java.base/java.util.ArrayList.forEach(ArrayList.java:1511)
	at org.junit.platform.engine.support.hierarchical.SameThreadHierarchicalTestExecutorService.invokeAll(SameThreadHierarchicalTestExecutorService.java:41)
	at org.junit.platform.engine.support.hierarchical.NodeTestTask.lambda$executeRecursively$6(NodeTestTask.java:160)
	at org.junit.platform.engine.support.hierarchical.ThrowableCollector.execute(ThrowableCollector.java:73)
	at org.junit.platform.engine.support.hierarchical.NodeTestTask.lambda$executeRecursively$8(NodeTestTask.java:146)
	at org.junit.platform.engine.support.hierarchical.Node.around(Node.java:137)
	at org.junit.platform.engine.support.hierarchical.NodeTestTask.lambda$executeRecursively$9(NodeTestTask.java:144)
	at org.junit.platform.engine.support.hierarchical.ThrowableCollector.execute(ThrowableCollector.java:73)
	at org.junit.platform.engine.support.hierarchical.NodeTestTask.executeRecursively(NodeTestTask.java:143)
	at org.junit.platform.engine.support.hierarchical.NodeTestTask.execute(NodeTestTask.java:100)
	at org.junit.platform.engine.support.hierarchical.SameThreadHierarchicalTestExecutorService.submit(SameThreadHierarchicalTestExecutorService.java:35)
	at org.junit.platform.engine.support.hierarchical.HierarchicalTestExecutor.execute(HierarchicalTestExecutor.java:57)
	at org.junit.platform.engine.support.hierarchical.HierarchicalTestEngine.execute(HierarchicalTestEngine.java:54)
	at org.junit.platform.launcher.core.EngineExecutionOrchestrator.execute(EngineExecutionOrchestrator.java:201)
	at org.junit.platform.launcher.core.EngineExecutionOrchestrator.execute(EngineExecutionOrchestrator.java:170)
	at org.junit.platform.launcher.core.EngineExecutionOrchestrator.execute(EngineExecutionOrchestrator.java:94)
	at org.junit.platform.launcher.core.EngineExecutionOrchestrator.lambda$execute$0(EngineExecutionOrchestrator.java:59)
	at org.junit.platform.launcher.core.EngineExecutionOrchestrator.withInterceptedStreams(EngineExecutionOrchestrator.java:142)
	at org.junit.platform.launcher.core.EngineExecutionOrchestrator.execute(EngineExecutionOrchestrator.java:58)
	at org.junit.platform.launcher.core.DefaultLauncher.execute(DefaultLauncher.java:103)
	at org.junit.platform.launcher.core.DefaultLauncher.execute(DefaultLauncher.java:85)
	at org.junit.platform.launcher.core.DelegatingLauncher.execute(DelegatingLauncher.java:47)
	at org.junit.platform.launcher.core.InterceptingLauncher.lambda$execute$1(InterceptingLauncher.java:39)
	at org.junit.platform.launcher.core.ClasspathAlignmentCheckingLauncherInterceptor.intercept(ClasspathAlignmentCheckingLauncherInterceptor.java:25)
	at org.junit.platform.launcher.core.InterceptingLauncher.execute(InterceptingLauncher.java:38)
	at org.junit.platform.launcher.core.DelegatingLauncher.execute(DelegatingLauncher.java:47)
	at org.apache.maven.surefire.junitplatform.LazyLauncher.execute(LazyLauncher.java:56)
	at org.apache.maven.surefire.junitplatform.JUnitPlatformProvider.execute(JUnitPlatformProvider.java:184)
	at org.apache.maven.surefire.junitplatform.JUnitPlatformProvider.invokeAllTests(JUnitPlatformProvider.java:148)
	at org.apache.maven.surefire.junitplatform.JUnitPlatformProvider.invoke(JUnitPlatformProvider.java:122)
	at org.apache.maven.surefire.booter.ForkedBooter.runSuitesInProcess(ForkedBooter.java:385)
	at org.apache.maven.surefire.booter.ForkedBooter.execute(ForkedBooter.java:162)
	at org.apache.maven.surefire.booter.ForkedBooter.run(ForkedBooter.java:507)
	at org.apache.maven.surefire.booter.ForkedBooter.main(ForkedBooter.java:495)
21:10:33.906 [main] WARN org.hibernate.engine.jdbc.spi.SqlExceptionHelper -- SQL Warning Code: 0, SQLState: 00000
21:10:33.906 [main] WARN org.hibernate.engine.jdbc.spi.SqlExceptionHelper -- table "pets" does not exist, skipping
21:10:33.906 [main] DEBUG org.hibernate.SQL -- 
    create table owners (
        birth_date date,
        id bigserial not null,
        name varchar(255) not null,
        primary key (id)
    )
Hibernate: 
    create table owners (
        birth_date date,
        id bigserial not null,
        name varchar(255) not null,
        primary key (id)
    )
21:10:33.906 [main] INFO org.hibernate.orm.connections.access -- HHH10001501: Connection obtained from JdbcConnectionAccess [org.hibernate.engine.jdbc.env.internal.JdbcEnvironmentInitiator$ConnectionProviderJdbcConnectionAccess@5b23c1f6] for (non-JTA) DDL execution was not in auto-commit mode; the Connection 'local transaction' will be committed and the Connection will be set into auto-commit mode.
21:10:33.914 [main] DEBUG org.hibernate.SQL -- 
    create table pet_friends (
        friend_id bigint not null,
        pet_id bigint not null
    )
Hibernate: 
    create table pet_friends (
        friend_id bigint not null,
        pet_id bigint not null
    )
21:10:33.917 [main] DEBUG org.hibernate.SQL -- 
    create table pets (
        birth_date date,
        id bigserial not null,
        owner_id bigint,
        breed varchar(255),
        color varchar(255) check (color in ('BLACK','WHITE','GRAY','ORANGE','BROWN')),
        name varchar(255) not null,
        primary key (id)
    )
Hibernate: 
    create table pets (
        birth_date date,
        id bigserial not null,
        owner_id bigint,
        breed varchar(255),
        color varchar(255) check (color in ('BLACK','WHITE','GRAY','ORANGE','BROWN')),
        name varchar(255) not null,
        primary key (id)
    )
21:10:33.923 [main] DEBUG org.hibernate.SQL -- 
    alter table if exists pet_friends 
       add constraint FKj21rh4cx6gdb8rbslw8njk9mq 
       foreign key (friend_id) 
       references pets
Hibernate: 
    alter table if exists pet_friends 
       add constraint FKj21rh4cx6gdb8rbslw8njk9mq 
       foreign key (friend_id) 
       references pets
21:10:33.927 [main] DEBUG org.hibernate.SQL -- 
    alter table if exists pet_friends 
       add constraint FKjgr10w16u32u1cuvdhqt28ud9 
       foreign key (pet_id) 
       references pets
Hibernate: 
    alter table if exists pet_friends 
       add constraint FKjgr10w16u32u1cuvdhqt28ud9 
       foreign key (pet_id) 
       references pets
21:10:33.932 [main] DEBUG org.hibernate.SQL -- 
    alter table if exists pets 
       add constraint FK6teg4kcjcnjhduguft56wcfoa 
       foreign key (owner_id) 
       references owners
Hibernate: 
    alter table if exists pets 
       add constraint FK6teg4kcjcnjhduguft56wcfoa 
       foreign key (owner_id) 
       references owners
21:10:33.939 [main] DEBUG org.hibernate.internal.SessionFactoryRegistry -- Registering SessionFactory: 89a6a8d6-0a52-4ac0-b826-ead510b349b8 (<unnamed>)
21:10:33.940 [main] DEBUG org.hibernate.internal.SessionFactoryRegistry -- Not binding SessionFactory to JNDI, no JNDI name configured
21:10:33.940 [main] DEBUG org.hibernate.internal.SessionFactoryImpl -- Instantiated SessionFactory
21:10:34.022 [main] DEBUG org.hibernate.stat.internal.StatisticsInitiator -- Statistics initialized [enabled=false]
21:10:34.038 [main] DEBUG org.hibernate.engine.transaction.internal.TransactionImpl -- On TransactionImpl creation, JpaCompliance#isJpaTransactionComplianceEnabled == false
21:10:34.039 [main] DEBUG org.hibernate.engine.transaction.internal.TransactionImpl -- begin
21:10:34.075 [main] DEBUG org.hibernate.engine.spi.ActionQueue -- Executing identity-insert immediately
21:10:34.091 [main] DEBUG org.hibernate.SQL -- 
    insert 
    into
        owners
        (birth_date, name) 
    values
        (?, ?)
Hibernate: 
    insert 
    into
        owners
        (birth_date, name) 
    values
        (?, ?)
21:10:34.112 [main] DEBUG org.hibernate.id.IdentifierGeneratorHelper -- Natively generated identity (org.lab2.Owners.Owner) : 1
21:10:34.113 [main] DEBUG org.hibernate.resource.jdbc.internal.ResourceRegistryStandardImpl -- HHH000387: ResultSet's statement was not registered
21:10:34.123 [main] DEBUG org.hibernate.resource.jdbc.internal.ResourceRegistryStandardImpl -- Exception clearing maxRows/queryTimeout [???? statement ??? ??????.]
21:10:34.130 [main] DEBUG org.hibernate.engine.transaction.internal.TransactionImpl -- committing
21:10:34.133 [main] DEBUG org.hibernate.event.internal.AbstractFlushingEventListener -- Processing flush-time cascades
21:10:34.134 [main] DEBUG org.hibernate.event.internal.AbstractFlushingEventListener -- Dirty checking collections
21:10:34.142 [main] DEBUG org.hibernate.engine.internal.Collections -- Collection found: [org.lab2.Owners.Owner.pets#1], was: [<unreferenced>] (initialized)
21:10:34.148 [main] DEBUG org.hibernate.event.internal.AbstractFlushingEventListener -- Flushed: 0 insertions, 0 updates, 0 deletions to 1 objects
21:10:34.148 [main] DEBUG org.hibernate.event.internal.AbstractFlushingEventListener -- Flushed: 1 (re)creations, 0 updates, 0 removals to 1 collections
21:10:34.150 [main] DEBUG org.hibernate.internal.util.EntityPrinter -- Listing entities:
21:10:34.151 [main] DEBUG org.hibernate.internal.util.EntityPrinter -- org.lab2.Owners.Owner{pets=[], name=????, id=1, birthDate=2000-01-01}
21:10:34.160 [main] DEBUG org.hibernate.resource.jdbc.internal.LogicalConnectionManagedImpl -- Initiating JDBC connection release from afterTransaction
21:10:34.161 [main] DEBUG org.hibernate.resource.jdbc.internal.LogicalConnectionManagedImpl -- Initiating JDBC connection release from afterTransaction
21:10:34.163 [main] DEBUG org.hibernate.engine.transaction.internal.TransactionImpl -- On TransactionImpl creation, JpaCompliance#isJpaTransactionComplianceEnabled == false
21:10:34.163 [main] DEBUG org.hibernate.engine.transaction.internal.TransactionImpl -- begin
21:10:34.202 [main] DEBUG org.hibernate.orm.sql.exec -- Skipping reading Query result cache data: cache-enabled = false, cache-mode = IGNORE
21:10:34.232 [main] DEBUG org.hibernate.orm.results -- Initializer list:
	  org.lab2.Owners.Owner.pets -> DelayedCollectionInitializer(org.lab2.Owners.Owner.pets)@326190931 (PluralAttribute(org.lab2.Owners.Owner.pets))
	  org.lab2.Owners.Owner -> EntityResultInitializer(org.lab2.Owners.Owner)@2011639997 (SingleTableEntityPersister(org.lab2.Owners.Owner))

21:10:34.242 [main] DEBUG org.hibernate.SQL -- 
    select
        o1_0.id,
        o1_0.birth_date,
        o1_0.name 
    from
        owners o1_0 
    where
        o1_0.id=?
Hibernate: 
    select
        o1_0.id,
        o1_0.birth_date,
        o1_0.name 
    from
        owners o1_0 
    where
        o1_0.id=?
21:10:34.261 [main] DEBUG org.hibernate.orm.results.loading.entity -- (EntityResultInitializer) Hydrated EntityKey (org.lab2.Owners.Owner): 1
21:10:34.261 [main] DEBUG org.hibernate.orm.results -- Extracted JDBC value [0] - [1]
21:10:34.262 [main] DEBUG org.hibernate.orm.results.loading.org.hibernate.orm.results.loading.collection -- (DelayedCollectionInitializer) Current row collection key : org.lab2.Owners.Owner.pets#1
21:10:34.263 [main] DEBUG org.hibernate.orm.results.loading.entity -- (EntityResultInitializer) Created new entity instance [org.lab2.Owners.Owner#1] : 2017890623
21:10:34.266 [main] DEBUG org.hibernate.orm.results -- Extracted JDBC value [1] - [2000-01-01]
21:10:34.266 [main] DEBUG org.hibernate.orm.results -- Extracted JDBC value [2] - [????]
21:10:34.269 [main] DEBUG org.hibernate.orm.results.loading.entity -- (EntityResultInitializer) Done materializing entityInstance : org.lab2.Owners.Owner#1
21:10:34.269 [main] DEBUG org.hibernate.orm.results.loading -- Calling top-level assembler (0 / 1) : org.hibernate.sql.results.graph.entity.internal.EntityAssembler@5ca4c88a
21:10:34.280 [main] DEBUG org.hibernate.orm.sql.exec -- Skipping reading Query result cache data: cache-enabled = false, cache-mode = IGNORE
21:10:34.294 [main] DEBUG org.hibernate.orm.results -- Initializer list:
	  org.lab2.Owners.Owner.pets -> BagInitializer(org.lab2.Owners.Owner.pets)@8149696 (PluralAttribute(org.lab2.Owners.Owner.pets))
	  org.lab2.Owners.Owner.pets.{element}.friends -> DelayedCollectionInitializer(org.lab2.Owners.Owner.pets.{element}.friends)@37590923 (PluralAttribute(org.lab2.Pets.Pet.friends))
	  org.lab2.Owners.Owner.pets.{element}.owner -> EntitySelectFetchInitializer(org.lab2.Owners.Owner.pets.{element}.owner)@1022823162 (ToOneAttributeMapping(NavigableRole[org.lab2.Pets.Pet.owner])@1725760738)
	  org.lab2.Owners.Owner.pets.{element} -> EntityJoinedFetchInitializer(org.lab2.Owners.Owner.pets.{element})@76933283 (EntityCollectionPart(org.lab2.Owners.Owner.pets#{element})@1786422901)

21:10:34.294 [main] DEBUG org.hibernate.SQL -- 
    select
        p1_0.owner_id,
        p1_0.id,
        p1_0.birth_date,
        p1_0.breed,
        p1_0.color,
        p1_0.name 
    from
        pets p1_0 
    where
        p1_0.owner_id=?
Hibernate: 
    select
        p1_0.owner_id,
        p1_0.id,
        p1_0.birth_date,
        p1_0.breed,
        p1_0.color,
        p1_0.name 
    from
        pets p1_0 
    where
        p1_0.owner_id=?
21:10:34.297 [main] DEBUG org.hibernate.sql.results.internal.ResultsHelper -- Collection fully initialized: [org.lab2.Owners.Owner.pets#1]
21:10:34.300 [main] DEBUG org.hibernate.engine.transaction.internal.TransactionImpl -- committing
21:10:34.300 [main] DEBUG org.hibernate.event.internal.AbstractFlushingEventListener -- Processing flush-time cascades
21:10:34.300 [main] DEBUG org.hibernate.event.internal.AbstractFlushingEventListener -- Dirty checking collections
21:10:34.300 [main] DEBUG org.hibernate.engine.internal.Collections -- Collection dereferenced: [org.lab2.Owners.Owner.pets#1]
21:10:34.302 [main] DEBUG org.hibernate.event.internal.AbstractFlushingEventListener -- Flushed: 0 insertions, 0 updates, 1 deletions to 1 objects
21:10:34.302 [main] DEBUG org.hibernate.event.internal.AbstractFlushingEventListener -- Flushed: 0 (re)creations, 0 updates, 1 removals to 1 collections
21:10:34.302 [main] DEBUG org.hibernate.internal.util.EntityPrinter -- Listing entities:
21:10:34.302 [main] DEBUG org.hibernate.internal.util.EntityPrinter -- org.lab2.Owners.Owner{pets=[], name=????, id=1, birthDate=2000-01-01}
21:10:34.313 [main] DEBUG org.hibernate.SQL -- 
    delete 
    from
        owners 
    where
        id=?
Hibernate: 
    delete 
    from
        owners 
    where
        id=?
21:10:34.321 [main] DEBUG org.hibernate.resource.jdbc.internal.LogicalConnectionManagedImpl -- Initiating JDBC connection release from afterTransaction
21:10:34.321 [main] DEBUG org.hibernate.resource.jdbc.internal.LogicalConnectionManagedImpl -- Initiating JDBC connection release from afterTransaction
21:10:34.322 [main] DEBUG org.hibernate.orm.sql.exec -- Skipping reading Query result cache data: cache-enabled = false, cache-mode = IGNORE
21:10:34.322 [main] DEBUG org.hibernate.orm.results -- Initializer list:
	  org.lab2.Owners.Owner.pets -> DelayedCollectionInitializer(org.lab2.Owners.Owner.pets)@1274089441 (PluralAttribute(org.lab2.Owners.Owner.pets))
	  org.lab2.Owners.Owner -> EntityResultInitializer(org.lab2.Owners.Owner)@1413295859 (SingleTableEntityPersister(org.lab2.Owners.Owner))

21:10:34.322 [main] DEBUG org.hibernate.SQL -- 
    select
        o1_0.id,
        o1_0.birth_date,
        o1_0.name 
    from
        owners o1_0 
    where
        o1_0.id=?
Hibernate: 
    select
        o1_0.id,
        o1_0.birth_date,
        o1_0.name 
    from
        owners o1_0 
    where
        o1_0.id=?
21:10:34.325 [main] DEBUG org.hibernate.resource.jdbc.internal.LogicalConnectionManagedImpl -- Initiating JDBC connection release from afterTransaction
]]></system-out>
  </testcase>
  <testcase name="testUpdateOwner" classname="org.lab2.OwnerDAOTest" time="0.074">
    <system-out><![CDATA[21:10:34.354 [main] DEBUG org.hibernate.engine.transaction.internal.TransactionImpl -- On TransactionImpl creation, JpaCompliance#isJpaTransactionComplianceEnabled == false
21:10:34.354 [main] DEBUG org.hibernate.engine.transaction.internal.TransactionImpl -- begin
21:10:34.355 [main] DEBUG org.hibernate.engine.spi.ActionQueue -- Executing identity-insert immediately
21:10:34.355 [main] DEBUG org.hibernate.SQL -- 
    insert 
    into
        owners
        (birth_date, name) 
    values
        (?, ?)
Hibernate: 
    insert 
    into
        owners
        (birth_date, name) 
    values
        (?, ?)
21:10:34.359 [main] DEBUG org.hibernate.id.IdentifierGeneratorHelper -- Natively generated identity (org.lab2.Owners.Owner) : 2
21:10:34.359 [main] DEBUG org.hibernate.resource.jdbc.internal.ResourceRegistryStandardImpl -- HHH000387: ResultSet's statement was not registered
21:10:34.359 [main] DEBUG org.hibernate.resource.jdbc.internal.ResourceRegistryStandardImpl -- Exception clearing maxRows/queryTimeout [???? statement ??? ??????.]
21:10:34.359 [main] DEBUG org.hibernate.engine.transaction.internal.TransactionImpl -- committing
21:10:34.359 [main] DEBUG org.hibernate.event.internal.AbstractFlushingEventListener -- Processing flush-time cascades
21:10:34.359 [main] DEBUG org.hibernate.event.internal.AbstractFlushingEventListener -- Dirty checking collections
21:10:34.359 [main] DEBUG org.hibernate.engine.internal.Collections -- Collection found: [org.lab2.Owners.Owner.pets#2], was: [<unreferenced>] (initialized)
21:10:34.360 [main] DEBUG org.hibernate.event.internal.AbstractFlushingEventListener -- Flushed: 0 insertions, 0 updates, 0 deletions to 1 objects
21:10:34.360 [main] DEBUG org.hibernate.event.internal.AbstractFlushingEventListener -- Flushed: 1 (re)creations, 0 updates, 0 removals to 1 collections
21:10:34.360 [main] DEBUG org.hibernate.internal.util.EntityPrinter -- Listing entities:
21:10:34.360 [main] DEBUG org.hibernate.internal.util.EntityPrinter -- org.lab2.Owners.Owner{pets=[], name=????, id=2, birthDate=2000-01-01}
21:10:34.362 [main] DEBUG org.hibernate.resource.jdbc.internal.LogicalConnectionManagedImpl -- Initiating JDBC connection release from afterTransaction
21:10:34.362 [main] DEBUG org.hibernate.resource.jdbc.internal.LogicalConnectionManagedImpl -- Initiating JDBC connection release from afterTransaction
21:10:34.362 [main] DEBUG org.hibernate.engine.transaction.internal.TransactionImpl -- On TransactionImpl creation, JpaCompliance#isJpaTransactionComplianceEnabled == false
21:10:34.362 [main] DEBUG org.hibernate.engine.transaction.internal.TransactionImpl -- begin
21:10:34.368 [main] DEBUG org.hibernate.orm.sql.ast.create -- Created new SQL alias : o1_0
21:10:34.368 [main] DEBUG org.hibernate.orm.sql.ast.create -- Registration of TableGroup [StandardTableGroup(org.lab2.Owners.Owner)] with identifierForTableGroup [org.lab2.Owners.Owner] for NavigablePath [org.lab2.Owners.Owner] 
21:10:34.370 [main] DEBUG org.hibernate.orm.sql.ast.create -- Created new SQL alias : p1_0
21:10:34.371 [main] DEBUG org.hibernate.orm.sql.ast.create -- Registration of TableGroup [org.hibernate.sql.ast.tree.from.OneToManyTableGroup@1ce2029b] with identifierForTableGroup [org.lab2.Owners.Owner.pets] for NavigablePath [org.lab2.Owners.Owner.pets] 
21:10:34.373 [main] DEBUG org.hibernate.orm.sql.ast.create -- Registration of TableGroup [StandardTableGroup(org.lab2.Owners.Owner.pets.{element})] with identifierForTableGroup [org.lab2.Owners.Owner.pets.{element}] for NavigablePath [org.lab2.Owners.Owner.pets.{element}] 
21:10:34.375 [main] DEBUG org.hibernate.orm.results.graph.AST -- DomainResult Graph:
 \-EntityResultImpl [org.lab2.Owners.Owner]
 |  +-BasicFetch [org.lab2.Owners.Owner.birthDate]
 |  +-BasicFetch [org.lab2.Owners.Owner.name]
 |  \-EagerCollectionFetch [org.lab2.Owners.Owner.pets]
 |  |  \-EntityFetchJoinedImpl [org.lab2.Owners.Owner.pets.{element}]

21:10:34.375 [main] DEBUG org.hibernate.orm.sql.ast.tree -- SQL AST Tree:
    SelectStatement {
      FromClause {
        StandardTableGroup (o1 : org.lab2.Owners.Owner) {
          primaryTableReference : owners as o1_0
          TableGroupJoins {
            left  join OneToManyTableGroup (p1 : org.lab2.Owners.Owner.pets) {
              primaryTableReference : pets as p1_0
            }
          }
        }
      }
    }

21:10:34.376 [main] DEBUG org.hibernate.orm.sql.exec -- Skipping reading Query result cache data: cache-enabled = false, cache-mode = IGNORE
21:10:34.378 [main] DEBUG org.hibernate.orm.results -- Initializer list:
	  org.lab2.Owners.Owner.pets -> BagInitializer(org.lab2.Owners.Owner.pets)@1142597550 (PluralAttribute(org.lab2.Owners.Owner.pets))
	  org.lab2.Owners.Owner -> EntityResultInitializer(org.lab2.Owners.Owner)@355777990 (SingleTableEntityPersister(org.lab2.Owners.Owner))
	  org.lab2.Owners.Owner.pets.{element}.friends -> DelayedCollectionInitializer(org.lab2.Owners.Owner.pets.{element}.friends)@1393007334 (PluralAttribute(org.lab2.Pets.Pet.friends))
	  org.lab2.Owners.Owner.pets.{element} -> EntityJoinedFetchInitializer(org.lab2.Owners.Owner.pets.{element})@1904923558 (EntityCollectionPart(org.lab2.Owners.Owner.pets#{element})@1786422901)

21:10:34.378 [main] DEBUG org.hibernate.SQL -- 
    select
        o1_0.id,
        o1_0.birth_date,
        o1_0.name,
        p1_0.owner_id,
        p1_0.id,
        p1_0.birth_date,
        p1_0.breed,
        p1_0.color,
        p1_0.name 
    from
        owners o1_0 
    left join
        pets p1_0 
            on o1_0.id=p1_0.owner_id 
    where
        o1_0.id=?
Hibernate: 
    select
        o1_0.id,
        o1_0.birth_date,
        o1_0.name,
        p1_0.owner_id,
        p1_0.id,
        p1_0.birth_date,
        p1_0.breed,
        p1_0.color,
        p1_0.name 
    from
        owners o1_0 
    left join
        pets p1_0 
            on o1_0.id=p1_0.owner_id 
    where
        o1_0.id=?
21:10:34.382 [main] DEBUG org.hibernate.orm.results -- Extracted JDBC value [4] - [null]
21:10:34.382 [main] DEBUG org.hibernate.orm.results.loading.entity -- (EntityJoinedFetchInitializer) EntityKey (org.lab2.Owners.Owner.pets.{element}) is null
21:10:34.382 [main] DEBUG org.hibernate.orm.results.loading.entity -- (EntityResultInitializer) Hydrated EntityKey (org.lab2.Owners.Owner): 2
21:10:34.382 [main] DEBUG org.hibernate.orm.results -- Extracted JDBC value [4] - [null]
21:10:34.382 [main] DEBUG org.hibernate.orm.results -- Extracted JDBC value [0] - [2]
21:10:34.382 [main] DEBUG org.hibernate.orm.results.loading.org.hibernate.orm.results.loading.collection -- (BagInitializer) Current row collection key : org.lab2.Owners.Owner.pets#2
21:10:34.382 [main] DEBUG org.hibernate.orm.results -- Extracted JDBC value [3] - [null]
21:10:34.382 [main] DEBUG org.hibernate.orm.results.loading.entity -- (EntityResultInitializer) Created new entity instance [org.lab2.Owners.Owner#2] : 1063847668
21:10:34.383 [main] DEBUG org.hibernate.orm.results.loading.org.hibernate.orm.results.loading.collection -- (BagInitializer) Created new collection wrapper [org.lab2.Owners.Owner.pets#2] : org.hibernate.collection.spi.PersistentBag@408544604
21:10:34.385 [main] DEBUG org.hibernate.orm.results.loading.org.hibernate.orm.results.loading.collection -- (BagInitializer) Responsible for loading collection [org.lab2.Owners.Owner.pets#2] : org.hibernate.collection.spi.PersistentBag@408544604
21:10:34.387 [main] DEBUG org.hibernate.orm.results -- Extracted JDBC value [1] - [2000-01-01]
21:10:34.387 [main] DEBUG org.hibernate.orm.results -- Extracted JDBC value [2] - [????]
21:10:34.387 [main] DEBUG org.hibernate.orm.results.loading.entity -- (EntityResultInitializer) Done materializing entityInstance : org.lab2.Owners.Owner#2
21:10:34.387 [main] DEBUG org.hibernate.orm.results.loading -- Calling top-level assembler (0 / 1) : org.hibernate.sql.results.graph.entity.internal.EntityAssembler@24258b54
21:10:34.387 [main] DEBUG org.hibernate.sql.results.internal.ResultsHelper -- Collection fully initialized: [org.lab2.Owners.Owner.pets#2]
21:10:34.388 [main] DEBUG org.hibernate.engine.spi.CollectionEntry -- Reset storedSnapshot to [] for CollectionEntry[org.lab2.Owners.Owner.pets#2]
21:10:34.388 [main] DEBUG org.hibernate.engine.transaction.internal.TransactionImpl -- committing
21:10:34.388 [main] DEBUG org.hibernate.event.internal.AbstractFlushingEventListener -- Processing flush-time cascades
21:10:34.388 [main] DEBUG org.hibernate.event.internal.AbstractFlushingEventListener -- Dirty checking collections
21:10:34.391 [main] DEBUG org.hibernate.engine.internal.Collections -- Collection found: [org.lab2.Owners.Owner.pets#2], was: [org.lab2.Owners.Owner.pets#2] (initialized)
21:10:34.391 [main] DEBUG org.hibernate.event.internal.AbstractFlushingEventListener -- Flushed: 0 insertions, 1 updates, 0 deletions to 1 objects
21:10:34.391 [main] DEBUG org.hibernate.event.internal.AbstractFlushingEventListener -- Flushed: 0 (re)creations, 0 updates, 0 removals to 1 collections
21:10:34.391 [main] DEBUG org.hibernate.internal.util.EntityPrinter -- Listing entities:
21:10:34.391 [main] DEBUG org.hibernate.internal.util.EntityPrinter -- org.lab2.Owners.Owner{pets=[], name=????, id=2, birthDate=2000-01-01}
21:10:34.397 [main] DEBUG org.hibernate.SQL -- 
    update
        owners 
    set
        birth_date=?,
        name=? 
    where
        id=?
Hibernate: 
    update
        owners 
    set
        birth_date=?,
        name=? 
    where
        id=?
21:10:34.412 [main] DEBUG org.hibernate.resource.jdbc.internal.LogicalConnectionManagedImpl -- Initiating JDBC connection release from afterTransaction
21:10:34.412 [main] DEBUG org.hibernate.resource.jdbc.internal.LogicalConnectionManagedImpl -- Initiating JDBC connection release from afterTransaction
21:10:34.412 [main] DEBUG org.hibernate.orm.sql.exec -- Skipping reading Query result cache data: cache-enabled = false, cache-mode = IGNORE
21:10:34.413 [main] DEBUG org.hibernate.orm.results -- Initializer list:
	  org.lab2.Owners.Owner.pets -> DelayedCollectionInitializer(org.lab2.Owners.Owner.pets)@199076007 (PluralAttribute(org.lab2.Owners.Owner.pets))
	  org.lab2.Owners.Owner -> EntityResultInitializer(org.lab2.Owners.Owner)@826884252 (SingleTableEntityPersister(org.lab2.Owners.Owner))

21:10:34.413 [main] DEBUG org.hibernate.SQL -- 
    select
        o1_0.id,
        o1_0.birth_date,
        o1_0.name 
    from
        owners o1_0 
    where
        o1_0.id=?
Hibernate: 
    select
        o1_0.id,
        o1_0.birth_date,
        o1_0.name 
    from
        owners o1_0 
    where
        o1_0.id=?
21:10:34.419 [main] DEBUG org.hibernate.orm.results.loading.entity -- (EntityResultInitializer) Hydrated EntityKey (org.lab2.Owners.Owner): 2
21:10:34.420 [main] DEBUG org.hibernate.orm.results -- Extracted JDBC value [0] - [2]
21:10:34.420 [main] DEBUG org.hibernate.orm.results.loading.org.hibernate.orm.results.loading.collection -- (DelayedCollectionInitializer) Current row collection key : org.lab2.Owners.Owner.pets#2
21:10:34.420 [main] DEBUG org.hibernate.orm.results.loading.entity -- (EntityResultInitializer) Created new entity instance [org.lab2.Owners.Owner#2] : 715099463
21:10:34.420 [main] DEBUG org.hibernate.orm.results -- Extracted JDBC value [1] - [2000-01-01]
21:10:34.420 [main] DEBUG org.hibernate.orm.results -- Extracted JDBC value [2] - [????]
21:10:34.420 [main] DEBUG org.hibernate.orm.results.loading.entity -- (EntityResultInitializer) Done materializing entityInstance : org.lab2.Owners.Owner#2
21:10:34.420 [main] DEBUG org.hibernate.orm.results.loading -- Calling top-level assembler (0 / 1) : org.hibernate.sql.results.graph.entity.internal.EntityAssembler@5d3f8661
21:10:34.420 [main] DEBUG org.hibernate.resource.jdbc.internal.LogicalConnectionManagedImpl -- Initiating JDBC connection release from afterTransaction
]]></system-out>
  </testcase>
  <testcase name="testGetOwnerById_InvalidId_ThrowsException" classname="org.lab2.OwnerDAOTest" time="0.004"/>
  <testcase name="testUpdateOwner_NullOwner_ThrowsException" classname="org.lab2.OwnerDAOTest" time="0.002"/>
  <testcase name="testAddOwner_EmptyName_ThrowsException" classname="org.lab2.OwnerDAOTest" time="0.001"/>
  <testcase name="testAddOwner" classname="org.lab2.OwnerDAOTest" time="0.035">
    <system-out><![CDATA[21:10:34.438 [main] DEBUG org.hibernate.engine.transaction.internal.TransactionImpl -- On TransactionImpl creation, JpaCompliance#isJpaTransactionComplianceEnabled == false
21:10:34.438 [main] DEBUG org.hibernate.engine.transaction.internal.TransactionImpl -- begin
21:10:34.439 [main] DEBUG org.hibernate.engine.spi.ActionQueue -- Executing identity-insert immediately
21:10:34.439 [main] DEBUG org.hibernate.SQL -- 
    insert 
    into
        owners
        (birth_date, name) 
    values
        (?, ?)
Hibernate: 
    insert 
    into
        owners
        (birth_date, name) 
    values
        (?, ?)
21:10:34.452 [main] DEBUG org.hibernate.id.IdentifierGeneratorHelper -- Natively generated identity (org.lab2.Owners.Owner) : 3
21:10:34.452 [main] DEBUG org.hibernate.resource.jdbc.internal.ResourceRegistryStandardImpl -- HHH000387: ResultSet's statement was not registered
21:10:34.452 [main] DEBUG org.hibernate.resource.jdbc.internal.ResourceRegistryStandardImpl -- Exception clearing maxRows/queryTimeout [???? statement ??? ??????.]
21:10:34.452 [main] DEBUG org.hibernate.engine.transaction.internal.TransactionImpl -- committing
21:10:34.452 [main] DEBUG org.hibernate.event.internal.AbstractFlushingEventListener -- Processing flush-time cascades
21:10:34.452 [main] DEBUG org.hibernate.event.internal.AbstractFlushingEventListener -- Dirty checking collections
21:10:34.453 [main] DEBUG org.hibernate.engine.internal.Collections -- Collection found: [org.lab2.Owners.Owner.pets#3], was: [<unreferenced>] (initialized)
21:10:34.453 [main] DEBUG org.hibernate.event.internal.AbstractFlushingEventListener -- Flushed: 0 insertions, 0 updates, 0 deletions to 1 objects
21:10:34.453 [main] DEBUG org.hibernate.event.internal.AbstractFlushingEventListener -- Flushed: 1 (re)creations, 0 updates, 0 removals to 1 collections
21:10:34.453 [main] DEBUG org.hibernate.internal.util.EntityPrinter -- Listing entities:
21:10:34.453 [main] DEBUG org.hibernate.internal.util.EntityPrinter -- org.lab2.Owners.Owner{pets=[], name=????, id=3, birthDate=2000-01-01}
21:10:34.456 [main] DEBUG org.hibernate.resource.jdbc.internal.LogicalConnectionManagedImpl -- Initiating JDBC connection release from afterTransaction
21:10:34.457 [main] DEBUG org.hibernate.resource.jdbc.internal.LogicalConnectionManagedImpl -- Initiating JDBC connection release from afterTransaction
21:10:34.457 [main] DEBUG org.hibernate.orm.sql.exec -- Skipping reading Query result cache data: cache-enabled = false, cache-mode = IGNORE
21:10:34.457 [main] DEBUG org.hibernate.orm.results -- Initializer list:
	  org.lab2.Owners.Owner.pets -> DelayedCollectionInitializer(org.lab2.Owners.Owner.pets)@1462452338 (PluralAttribute(org.lab2.Owners.Owner.pets))
	  org.lab2.Owners.Owner -> EntityResultInitializer(org.lab2.Owners.Owner)@841660110 (SingleTableEntityPersister(org.lab2.Owners.Owner))

21:10:34.457 [main] DEBUG org.hibernate.SQL -- 
    select
        o1_0.id,
        o1_0.birth_date,
        o1_0.name 
    from
        owners o1_0 
    where
        o1_0.id=?
Hibernate: 
    select
        o1_0.id,
        o1_0.birth_date,
        o1_0.name 
    from
        owners o1_0 
    where
        o1_0.id=?
21:10:34.461 [main] DEBUG org.hibernate.orm.results.loading.entity -- (EntityResultInitializer) Hydrated EntityKey (org.lab2.Owners.Owner): 3
21:10:34.461 [main] DEBUG org.hibernate.orm.results -- Extracted JDBC value [0] - [3]
21:10:34.461 [main] DEBUG org.hibernate.orm.results.loading.org.hibernate.orm.results.loading.collection -- (DelayedCollectionInitializer) Current row collection key : org.lab2.Owners.Owner.pets#3
21:10:34.461 [main] DEBUG org.hibernate.orm.results.loading.entity -- (EntityResultInitializer) Created new entity instance [org.lab2.Owners.Owner#3] : 1139678455
21:10:34.462 [main] DEBUG org.hibernate.orm.results -- Extracted JDBC value [1] - [2000-01-01]
21:10:34.462 [main] DEBUG org.hibernate.orm.results -- Extracted JDBC value [2] - [????]
21:10:34.462 [main] DEBUG org.hibernate.orm.results.loading.entity -- (EntityResultInitializer) Done materializing entityInstance : org.lab2.Owners.Owner#3
21:10:34.462 [main] DEBUG org.hibernate.orm.results.loading -- Calling top-level assembler (0 / 1) : org.hibernate.sql.results.graph.entity.internal.EntityAssembler@5b1f5fcc
21:10:34.462 [main] DEBUG org.hibernate.resource.jdbc.internal.LogicalConnectionManagedImpl -- Initiating JDBC connection release from afterTransaction
]]></system-out>
  </testcase>
  <testcase name="testDeleteOwner_InvalidId_ThrowsException" classname="org.lab2.OwnerDAOTest" time="0.002"/>
  <testcase name="testGetOwnerById" classname="org.lab2.OwnerDAOTest" time="0.062">
    <system-out><![CDATA[21:10:34.477 [main] DEBUG org.hibernate.engine.transaction.internal.TransactionImpl -- On TransactionImpl creation, JpaCompliance#isJpaTransactionComplianceEnabled == false
21:10:34.477 [main] DEBUG org.hibernate.engine.transaction.internal.TransactionImpl -- begin
21:10:34.477 [main] DEBUG org.hibernate.engine.spi.ActionQueue -- Executing identity-insert immediately
21:10:34.477 [main] DEBUG org.hibernate.SQL -- 
    insert 
    into
        owners
        (birth_date, name) 
    values
        (?, ?)
Hibernate: 
    insert 
    into
        owners
        (birth_date, name) 
    values
        (?, ?)
21:10:34.522 [main] DEBUG org.hibernate.id.IdentifierGeneratorHelper -- Natively generated identity (org.lab2.Owners.Owner) : 4
21:10:34.522 [main] DEBUG org.hibernate.resource.jdbc.internal.ResourceRegistryStandardImpl -- HHH000387: ResultSet's statement was not registered
21:10:34.522 [main] DEBUG org.hibernate.resource.jdbc.internal.ResourceRegistryStandardImpl -- Exception clearing maxRows/queryTimeout [???? statement ??? ??????.]
21:10:34.523 [main] DEBUG org.hibernate.engine.transaction.internal.TransactionImpl -- committing
21:10:34.523 [main] DEBUG org.hibernate.event.internal.AbstractFlushingEventListener -- Processing flush-time cascades
21:10:34.523 [main] DEBUG org.hibernate.event.internal.AbstractFlushingEventListener -- Dirty checking collections
21:10:34.523 [main] DEBUG org.hibernate.engine.internal.Collections -- Collection found: [org.lab2.Owners.Owner.pets#4], was: [<unreferenced>] (initialized)
21:10:34.523 [main] DEBUG org.hibernate.event.internal.AbstractFlushingEventListener -- Flushed: 0 insertions, 0 updates, 0 deletions to 1 objects
21:10:34.523 [main] DEBUG org.hibernate.event.internal.AbstractFlushingEventListener -- Flushed: 1 (re)creations, 0 updates, 0 removals to 1 collections
21:10:34.523 [main] DEBUG org.hibernate.internal.util.EntityPrinter -- Listing entities:
21:10:34.523 [main] DEBUG org.hibernate.internal.util.EntityPrinter -- org.lab2.Owners.Owner{pets=[], name=????, id=4, birthDate=2000-01-01}
21:10:34.530 [main] DEBUG org.hibernate.resource.jdbc.internal.LogicalConnectionManagedImpl -- Initiating JDBC connection release from afterTransaction
21:10:34.530 [main] DEBUG org.hibernate.resource.jdbc.internal.LogicalConnectionManagedImpl -- Initiating JDBC connection release from afterTransaction
21:10:34.530 [main] DEBUG org.hibernate.orm.sql.exec -- Skipping reading Query result cache data: cache-enabled = false, cache-mode = IGNORE
21:10:34.531 [main] DEBUG org.hibernate.orm.results -- Initializer list:
	  org.lab2.Owners.Owner.pets -> DelayedCollectionInitializer(org.lab2.Owners.Owner.pets)@1328225951 (PluralAttribute(org.lab2.Owners.Owner.pets))
	  org.lab2.Owners.Owner -> EntityResultInitializer(org.lab2.Owners.Owner)@2130299045 (SingleTableEntityPersister(org.lab2.Owners.Owner))

21:10:34.531 [main] DEBUG org.hibernate.SQL -- 
    select
        o1_0.id,
        o1_0.birth_date,
        o1_0.name 
    from
        owners o1_0 
    where
        o1_0.id=?
Hibernate: 
    select
        o1_0.id,
        o1_0.birth_date,
        o1_0.name 
    from
        owners o1_0 
    where
        o1_0.id=?
21:10:34.534 [main] DEBUG org.hibernate.orm.results.loading.entity -- (EntityResultInitializer) Hydrated EntityKey (org.lab2.Owners.Owner): 4
21:10:34.535 [main] DEBUG org.hibernate.orm.results -- Extracted JDBC value [0] - [4]
21:10:34.535 [main] DEBUG org.hibernate.orm.results.loading.org.hibernate.orm.results.loading.collection -- (DelayedCollectionInitializer) Current row collection key : org.lab2.Owners.Owner.pets#4
21:10:34.535 [main] DEBUG org.hibernate.orm.results.loading.entity -- (EntityResultInitializer) Created new entity instance [org.lab2.Owners.Owner#4] : 474324008
21:10:34.535 [main] DEBUG org.hibernate.orm.results -- Extracted JDBC value [1] - [2000-01-01]
21:10:34.535 [main] DEBUG org.hibernate.orm.results -- Extracted JDBC value [2] - [????]
21:10:34.536 [main] DEBUG org.hibernate.orm.results.loading.entity -- (EntityResultInitializer) Done materializing entityInstance : org.lab2.Owners.Owner#4
21:10:34.536 [main] DEBUG org.hibernate.orm.results.loading -- Calling top-level assembler (0 / 1) : org.hibernate.sql.results.graph.entity.internal.EntityAssembler@4a3509b0
21:10:34.536 [main] DEBUG org.hibernate.resource.jdbc.internal.LogicalConnectionManagedImpl -- Initiating JDBC connection release from afterTransaction
]]></system-out>
  </testcase>
  <testcase name="testFindAllOwners" classname="org.lab2.OwnerDAOTest" time="0.687">
    <system-out><![CDATA[21:10:34.541 [main] DEBUG org.hibernate.engine.transaction.internal.TransactionImpl -- On TransactionImpl creation, JpaCompliance#isJpaTransactionComplianceEnabled == false
21:10:34.541 [main] DEBUG org.hibernate.engine.transaction.internal.TransactionImpl -- begin
21:10:34.542 [main] DEBUG org.hibernate.engine.spi.ActionQueue -- Executing identity-insert immediately
21:10:34.542 [main] DEBUG org.hibernate.SQL -- 
    insert 
    into
        owners
        (birth_date, name) 
    values
        (?, ?)
Hibernate: 
    insert 
    into
        owners
        (birth_date, name) 
    values
        (?, ?)
21:10:34.546 [main] DEBUG org.hibernate.id.IdentifierGeneratorHelper -- Natively generated identity (org.lab2.Owners.Owner) : 5
21:10:34.546 [main] DEBUG org.hibernate.resource.jdbc.internal.ResourceRegistryStandardImpl -- HHH000387: ResultSet's statement was not registered
21:10:34.546 [main] DEBUG org.hibernate.resource.jdbc.internal.ResourceRegistryStandardImpl -- Exception clearing maxRows/queryTimeout [???? statement ??? ??????.]
21:10:34.547 [main] DEBUG org.hibernate.engine.transaction.internal.TransactionImpl -- committing
21:10:34.547 [main] DEBUG org.hibernate.event.internal.AbstractFlushingEventListener -- Processing flush-time cascades
21:10:34.547 [main] DEBUG org.hibernate.event.internal.AbstractFlushingEventListener -- Dirty checking collections
21:10:34.547 [main] DEBUG org.hibernate.engine.internal.Collections -- Collection found: [org.lab2.Owners.Owner.pets#5], was: [<unreferenced>] (initialized)
21:10:34.547 [main] DEBUG org.hibernate.event.internal.AbstractFlushingEventListener -- Flushed: 0 insertions, 0 updates, 0 deletions to 1 objects
21:10:34.547 [main] DEBUG org.hibernate.event.internal.AbstractFlushingEventListener -- Flushed: 1 (re)creations, 0 updates, 0 removals to 1 collections
21:10:34.547 [main] DEBUG org.hibernate.internal.util.EntityPrinter -- Listing entities:
21:10:34.547 [main] DEBUG org.hibernate.internal.util.EntityPrinter -- org.lab2.Owners.Owner{pets=[], name=????, id=5, birthDate=2000-01-01}
21:10:34.549 [main] DEBUG org.hibernate.resource.jdbc.internal.LogicalConnectionManagedImpl -- Initiating JDBC connection release from afterTransaction
21:10:34.549 [main] DEBUG org.hibernate.resource.jdbc.internal.LogicalConnectionManagedImpl -- Initiating JDBC connection release from afterTransaction
21:10:34.550 [main] DEBUG org.hibernate.engine.transaction.internal.TransactionImpl -- On TransactionImpl creation, JpaCompliance#isJpaTransactionComplianceEnabled == false
21:10:34.550 [main] DEBUG org.hibernate.engine.transaction.internal.TransactionImpl -- begin
21:10:34.550 [main] DEBUG org.hibernate.engine.spi.ActionQueue -- Executing identity-insert immediately
21:10:34.550 [main] DEBUG org.hibernate.SQL -- 
    insert 
    into
        owners
        (birth_date, name) 
    values
        (?, ?)
Hibernate: 
    insert 
    into
        owners
        (birth_date, name) 
    values
        (?, ?)
21:10:34.555 [main] DEBUG org.hibernate.id.IdentifierGeneratorHelper -- Natively generated identity (org.lab2.Owners.Owner) : 6
21:10:34.555 [main] DEBUG org.hibernate.resource.jdbc.internal.ResourceRegistryStandardImpl -- HHH000387: ResultSet's statement was not registered
21:10:34.555 [main] DEBUG org.hibernate.resource.jdbc.internal.ResourceRegistryStandardImpl -- Exception clearing maxRows/queryTimeout [???? statement ??? ??????.]
21:10:34.555 [main] DEBUG org.hibernate.engine.transaction.internal.TransactionImpl -- committing
21:10:34.556 [main] DEBUG org.hibernate.event.internal.AbstractFlushingEventListener -- Processing flush-time cascades
21:10:34.556 [main] DEBUG org.hibernate.event.internal.AbstractFlushingEventListener -- Dirty checking collections
21:10:34.556 [main] DEBUG org.hibernate.engine.internal.Collections -- Collection found: [org.lab2.Owners.Owner.pets#6], was: [<unreferenced>] (initialized)
21:10:34.556 [main] DEBUG org.hibernate.event.internal.AbstractFlushingEventListener -- Flushed: 0 insertions, 0 updates, 0 deletions to 1 objects
21:10:34.556 [main] DEBUG org.hibernate.event.internal.AbstractFlushingEventListener -- Flushed: 1 (re)creations, 0 updates, 0 removals to 1 collections
21:10:34.556 [main] DEBUG org.hibernate.internal.util.EntityPrinter -- Listing entities:
21:10:34.556 [main] DEBUG org.hibernate.internal.util.EntityPrinter -- org.lab2.Owners.Owner{pets=[], name=????, id=6, birthDate=1995-05-15}
21:10:34.558 [main] DEBUG org.hibernate.resource.jdbc.internal.LogicalConnectionManagedImpl -- Initiating JDBC connection release from afterTransaction
21:10:34.558 [main] DEBUG org.hibernate.resource.jdbc.internal.LogicalConnectionManagedImpl -- Initiating JDBC connection release from afterTransaction
21:10:34.562 [main] DEBUG org.hibernate.orm.query.hql -- HQL : SELECT c FROM Owner c
21:10:35.087 [main] DEBUG org.hibernate.orm.query.sqm.ast -- SqmStatement Tree :
    -> [select]
      -> [query-spec]
        -> [select]
          -> [selection]
            -> [root] - `org.lab2.Owners.Owner(c)`
            <- [root] - `org.lab2.Owners.Owner(c)`
          <- [selection]
        <- [select]
        -> [from]
          -> [root] - `org.lab2.Owners.Owner(c)`
          <- [root] - `org.lab2.Owners.Owner(c)`
        <- [from]
      <- [query-spec]
    <- [select]

21:10:35.191 [main] DEBUG org.hibernate.orm.sql.ast.create -- Created new SQL alias : o1_0
21:10:35.192 [main] DEBUG org.hibernate.orm.sql.ast.create -- Registration of TableGroup [StandardTableGroup(org.lab2.Owners.Owner(c))] with identifierForTableGroup [org.lab2.Owners.Owner] for NavigablePath [org.lab2.Owners.Owner] 
21:10:35.205 [main] DEBUG org.hibernate.orm.results.graph.AST -- DomainResult Graph:
 \-EntityResultImpl [org.lab2.Owners.Owner(c)]
 |  +-BasicFetch [org.lab2.Owners.Owner(c).birthDate]
 |  +-BasicFetch [org.lab2.Owners.Owner(c).name]
 |  \-DelayedCollectionFetch [org.lab2.Owners.Owner(c).pets]

21:10:35.205 [main] DEBUG org.hibernate.orm.sql.ast.tree -- SQL AST Tree:
    SelectStatement {
      FromClause {
        StandardTableGroup (o1 : org.lab2.Owners.Owner(c)) {
          primaryTableReference : owners as o1_0
        }
      }
    }

21:10:35.208 [main] DEBUG org.hibernate.orm.sql.exec -- Skipping reading Query result cache data: cache-enabled = false, cache-mode = NORMAL
21:10:35.208 [main] DEBUG org.hibernate.orm.results -- Initializer list:
	  org.lab2.Owners.Owner(c).pets -> DelayedCollectionInitializer(org.lab2.Owners.Owner(c).pets)@1155317988 (PluralAttribute(org.lab2.Owners.Owner.pets))
	  org.lab2.Owners.Owner(c) -> EntityResultInitializer(org.lab2.Owners.Owner(c))@555019034 (SingleTableEntityPersister(org.lab2.Owners.Owner))

21:10:35.208 [main] DEBUG org.hibernate.SQL -- 
    select
        o1_0.id,
        o1_0.birth_date,
        o1_0.name 
    from
        owners o1_0
Hibernate: 
    select
        o1_0.id,
        o1_0.birth_date,
        o1_0.name 
    from
        owners o1_0
21:10:35.213 [main] DEBUG org.hibernate.orm.results -- Extracted JDBC value [0] - [2]
21:10:35.213 [main] DEBUG org.hibernate.orm.results.loading.entity -- (EntityResultInitializer) Hydrated EntityKey (org.lab2.Owners.Owner(c)): 2
21:10:35.213 [main] DEBUG org.hibernate.orm.results -- Extracted JDBC value [0] - [2]
21:10:35.213 [main] DEBUG org.hibernate.orm.results.loading.org.hibernate.orm.results.loading.collection -- (DelayedCollectionInitializer) Current row collection key : org.lab2.Owners.Owner(c).pets#2
21:10:35.213 [main] DEBUG org.hibernate.orm.results.loading.entity -- (EntityResultInitializer) Created new entity instance [org.lab2.Owners.Owner(c)#2] : 1009195400
21:10:35.215 [main] DEBUG org.hibernate.orm.results -- Extracted JDBC value [1] - [2000-01-01]
21:10:35.215 [main] DEBUG org.hibernate.orm.results -- Extracted JDBC value [2] - [????]
21:10:35.215 [main] DEBUG org.hibernate.orm.results.loading.entity -- (EntityResultInitializer) Done materializing entityInstance : org.lab2.Owners.Owner(c)#2
21:10:35.215 [main] DEBUG org.hibernate.orm.results.loading -- Calling top-level assembler (0 / 1) : org.hibernate.sql.results.graph.entity.internal.EntityAssembler@25b83dce
21:10:35.215 [main] DEBUG org.hibernate.orm.results -- Extracted JDBC value [0] - [3]
21:10:35.215 [main] DEBUG org.hibernate.orm.results.loading.entity -- (EntityResultInitializer) Hydrated EntityKey (org.lab2.Owners.Owner(c)): 3
21:10:35.215 [main] DEBUG org.hibernate.orm.results -- Extracted JDBC value [0] - [3]
21:10:35.215 [main] DEBUG org.hibernate.orm.results.loading.org.hibernate.orm.results.loading.collection -- (DelayedCollectionInitializer) Current row collection key : org.lab2.Owners.Owner(c).pets#3
21:10:35.216 [main] DEBUG org.hibernate.orm.results.loading.entity -- (EntityResultInitializer) Created new entity instance [org.lab2.Owners.Owner(c)#3] : 1959627861
21:10:35.216 [main] DEBUG org.hibernate.orm.results -- Extracted JDBC value [1] - [2000-01-01]
21:10:35.216 [main] DEBUG org.hibernate.orm.results -- Extracted JDBC value [2] - [????]
21:10:35.216 [main] DEBUG org.hibernate.orm.results.loading.entity -- (EntityResultInitializer) Done materializing entityInstance : org.lab2.Owners.Owner(c)#3
21:10:35.216 [main] DEBUG org.hibernate.orm.results.loading -- Calling top-level assembler (0 / 1) : org.hibernate.sql.results.graph.entity.internal.EntityAssembler@25b83dce
21:10:35.216 [main] DEBUG org.hibernate.orm.results -- Extracted JDBC value [0] - [4]
21:10:35.216 [main] DEBUG org.hibernate.orm.results.loading.entity -- (EntityResultInitializer) Hydrated EntityKey (org.lab2.Owners.Owner(c)): 4
21:10:35.217 [main] DEBUG org.hibernate.orm.results -- Extracted JDBC value [0] - [4]
21:10:35.217 [main] DEBUG org.hibernate.orm.results.loading.org.hibernate.orm.results.loading.collection -- (DelayedCollectionInitializer) Current row collection key : org.lab2.Owners.Owner(c).pets#4
21:10:35.217 [main] DEBUG org.hibernate.orm.results.loading.entity -- (EntityResultInitializer) Created new entity instance [org.lab2.Owners.Owner(c)#4] : 1172527629
21:10:35.217 [main] DEBUG org.hibernate.orm.results -- Extracted JDBC value [1] - [2000-01-01]
21:10:35.217 [main] DEBUG org.hibernate.orm.results -- Extracted JDBC value [2] - [????]
21:10:35.217 [main] DEBUG org.hibernate.orm.results.loading.entity -- (EntityResultInitializer) Done materializing entityInstance : org.lab2.Owners.Owner(c)#4
21:10:35.217 [main] DEBUG org.hibernate.orm.results.loading -- Calling top-level assembler (0 / 1) : org.hibernate.sql.results.graph.entity.internal.EntityAssembler@25b83dce
21:10:35.218 [main] DEBUG org.hibernate.orm.results -- Extracted JDBC value [0] - [5]
21:10:35.218 [main] DEBUG org.hibernate.orm.results.loading.entity -- (EntityResultInitializer) Hydrated EntityKey (org.lab2.Owners.Owner(c)): 5
21:10:35.218 [main] DEBUG org.hibernate.orm.results -- Extracted JDBC value [0] - [5]
21:10:35.218 [main] DEBUG org.hibernate.orm.results.loading.org.hibernate.orm.results.loading.collection -- (DelayedCollectionInitializer) Current row collection key : org.lab2.Owners.Owner(c).pets#5
21:10:35.218 [main] DEBUG org.hibernate.orm.results.loading.entity -- (EntityResultInitializer) Created new entity instance [org.lab2.Owners.Owner(c)#5] : 963036793
21:10:35.218 [main] DEBUG org.hibernate.orm.results -- Extracted JDBC value [1] - [2000-01-01]
21:10:35.218 [main] DEBUG org.hibernate.orm.results -- Extracted JDBC value [2] - [????]
21:10:35.218 [main] DEBUG org.hibernate.orm.results.loading.entity -- (EntityResultInitializer) Done materializing entityInstance : org.lab2.Owners.Owner(c)#5
21:10:35.218 [main] DEBUG org.hibernate.orm.results.loading -- Calling top-level assembler (0 / 1) : org.hibernate.sql.results.graph.entity.internal.EntityAssembler@25b83dce
21:10:35.219 [main] DEBUG org.hibernate.orm.results -- Extracted JDBC value [0] - [6]
21:10:35.219 [main] DEBUG org.hibernate.orm.results.loading.entity -- (EntityResultInitializer) Hydrated EntityKey (org.lab2.Owners.Owner(c)): 6
21:10:35.219 [main] DEBUG org.hibernate.orm.results -- Extracted JDBC value [0] - [6]
21:10:35.219 [main] DEBUG org.hibernate.orm.results.loading.org.hibernate.orm.results.loading.collection -- (DelayedCollectionInitializer) Current row collection key : org.lab2.Owners.Owner(c).pets#6
21:10:35.219 [main] DEBUG org.hibernate.orm.results.loading.entity -- (EntityResultInitializer) Created new entity instance [org.lab2.Owners.Owner(c)#6] : 960858222
21:10:35.219 [main] DEBUG org.hibernate.orm.results -- Extracted JDBC value [1] - [1995-05-15]
21:10:35.219 [main] DEBUG org.hibernate.orm.results -- Extracted JDBC value [2] - [????]
21:10:35.219 [main] DEBUG org.hibernate.orm.results.loading.entity -- (EntityResultInitializer) Done materializing entityInstance : org.lab2.Owners.Owner(c)#6
21:10:35.219 [main] DEBUG org.hibernate.orm.results.loading -- Calling top-level assembler (0 / 1) : org.hibernate.sql.results.graph.entity.internal.EntityAssembler@25b83dce
21:10:35.221 [main] DEBUG org.hibernate.resource.jdbc.internal.LogicalConnectionManagedImpl -- Initiating JDBC connection release from afterTransaction
21:10:35.224 [main] DEBUG org.hibernate.resource.jdbc.internal.LogicalConnectionManagedImpl -- Initiating JDBC connection release from afterTransaction
]]></system-out>
  </testcase>
  <testcase name="testAddOwner_NullOwner_ThrowsException" classname="org.lab2.OwnerDAOTest" time="0.001"/>
  <testcase name="testUpdateOwner_NoId_ThrowsException" classname="org.lab2.OwnerDAOTest" time="0.002"/>
</testsuite>