<?xml version="1.0" encoding="UTF-8"?>
<testsuite xmlns:xsi="http://www.w3.org/2001/XMLSchema-instance" xsi:noNamespaceSchemaLocation="https://maven.apache.org/surefire/maven-surefire-plugin/xsd/surefire-test-report-3.0.xsd" version="3.0" name="org.lab2.PetDAOTest" time="4.566" tests="11" errors="0" skipped="0" failures="0">
  <properties>
    <property name="java.specification.version" value="17"/>
    <property name="sun.cpu.isalist" value="amd64"/>
    <property name="sun.jnu.encoding" value="Cp1252"/>
    <property name="java.class.path" value="C:\Users\76162\IdeaProjects\SkyWhyWaIker\Lab2\DAO\target\test-classes;C:\Users\76162\IdeaProjects\SkyWhyWaIker\Lab2\DAO\target\classes;C:\Users\76162\.m2\repository\org\hibernate\orm\hibernate-core\6.4.0.Final\hibernate-core-6.4.0.Final.jar;C:\Users\76162\.m2\repository\jakarta\transaction\jakarta.transaction-api\2.0.1\jakarta.transaction-api-2.0.1.jar;C:\Users\76162\.m2\repository\org\jboss\logging\jboss-logging\3.5.0.Final\jboss-logging-3.5.0.Final.jar;C:\Users\76162\.m2\repository\org\hibernate\common\hibernate-commons-annotations\6.0.6.Final\hibernate-commons-annotations-6.0.6.Final.jar;C:\Users\76162\.m2\repository\io\smallrye\jandex\3.1.2\jandex-3.1.2.jar;C:\Users\76162\.m2\repository\com\fasterxml\classmate\1.5.1\classmate-1.5.1.jar;C:\Users\76162\.m2\repository\net\bytebuddy\byte-buddy\1.14.7\byte-buddy-1.14.7.jar;C:\Users\76162\.m2\repository\jakarta\xml\bind\jakarta.xml.bind-api\4.0.0\jakarta.xml.bind-api-4.0.0.jar;C:\Users\76162\.m2\repository\jakarta\activation\jakarta.activation-api\2.1.0\jakarta.activation-api-2.1.0.jar;C:\Users\76162\.m2\repository\org\glassfish\jaxb\jaxb-runtime\4.0.2\jaxb-runtime-4.0.2.jar;C:\Users\76162\.m2\repository\org\glassfish\jaxb\jaxb-core\4.0.2\jaxb-core-4.0.2.jar;C:\Users\76162\.m2\repository\org\eclipse\angus\angus-activation\2.0.0\angus-activation-2.0.0.jar;C:\Users\76162\.m2\repository\org\glassfish\jaxb\txw2\4.0.2\txw2-4.0.2.jar;C:\Users\76162\.m2\repository\com\sun\istack\istack-commons-runtime\4.1.1\istack-commons-runtime-4.1.1.jar;C:\Users\76162\.m2\repository\jakarta\inject\jakarta.inject-api\2.0.1\jakarta.inject-api-2.0.1.jar;C:\Users\76162\.m2\repository\org\antlr\antlr4-runtime\4.13.0\antlr4-runtime-4.13.0.jar;C:\Users\76162\.m2\repository\org\postgresql\postgresql\42.6.0\postgresql-42.6.0.jar;C:\Users\76162\.m2\repository\org\checkerframework\checker-qual\3.31.0\checker-qual-3.31.0.jar;C:\Users\76162\.m2\repository\jakarta\persistence\jakarta.persistence-api\3.1.0\jakarta.persistence-api-3.1.0.jar;C:\Users\76162\IdeaProjects\SkyWhyWaIker\Lab2\Models\target\Models-1.0-SNAPSHOT.jar;C:\Users\76162\.m2\repository\org\testcontainers\postgresql\1.19.7\postgresql-1.19.7.jar;C:\Users\76162\.m2\repository\org\testcontainers\jdbc\1.19.7\jdbc-1.19.7.jar;C:\Users\76162\.m2\repository\org\testcontainers\database-commons\1.19.7\database-commons-1.19.7.jar;C:\Users\76162\.m2\repository\org\testcontainers\junit-jupiter\1.19.7\junit-jupiter-1.19.7.jar;C:\Users\76162\.m2\repository\org\testcontainers\testcontainers\1.19.7\testcontainers-1.19.7.jar;C:\Users\76162\.m2\repository\junit\junit\4.13.2\junit-4.13.2.jar;C:\Users\76162\.m2\repository\org\hamcrest\hamcrest-core\1.3\hamcrest-core-1.3.jar;C:\Users\76162\.m2\repository\org\apache\commons\commons-compress\1.24.0\commons-compress-1.24.0.jar;C:\Users\76162\.m2\repository\org\rnorth\duct-tape\duct-tape\1.0.8\duct-tape-1.0.8.jar;C:\Users\76162\.m2\repository\org\jetbrains\annotations\17.0.0\annotations-17.0.0.jar;C:\Users\76162\.m2\repository\com\github\docker-java\docker-java-api\3.3.6\docker-java-api-3.3.6.jar;C:\Users\76162\.m2\repository\com\fasterxml\jackson\core\jackson-annotations\2.10.3\jackson-annotations-2.10.3.jar;C:\Users\76162\.m2\repository\com\github\docker-java\docker-java-transport-zerodep\3.3.6\docker-java-transport-zerodep-3.3.6.jar;C:\Users\76162\.m2\repository\com\github\docker-java\docker-java-transport\3.3.6\docker-java-transport-3.3.6.jar;C:\Users\76162\.m2\repository\net\java\dev\jna\jna\5.13.0\jna-5.13.0.jar;C:\Users\76162\.m2\repository\org\junit\jupiter\junit-jupiter-api\5.12.0\junit-jupiter-api-5.12.0.jar;C:\Users\76162\.m2\repository\org\opentest4j\opentest4j\1.3.0\opentest4j-1.3.0.jar;C:\Users\76162\.m2\repository\org\junit\platform\junit-platform-commons\1.12.0\junit-platform-commons-1.12.0.jar;C:\Users\76162\.m2\repository\org\apiguardian\apiguardian-api\1.1.2\apiguardian-api-1.1.2.jar;C:\Users\76162\.m2\repository\ch\qos\logback\logback-classic\1.4.14\logback-classic-1.4.14.jar;C:\Users\76162\.m2\repository\ch\qos\logback\logback-core\1.4.14\logback-core-1.4.14.jar;C:\Users\76162\.m2\repository\org\slf4j\slf4j-api\2.0.7\slf4j-api-2.0.7.jar;"/>
    <property name="java.vm.vendor" value="Oracle Corporation"/>
    <property name="sun.arch.data.model" value="64"/>
    <property name="user.variant" value=""/>
    <property name="java.vendor.url" value="https://java.oracle.com/"/>
    <property name="user.timezone" value="Europe/Moscow"/>
    <property name="os.name" value="Windows 10"/>
    <property name="java.vm.specification.version" value="17"/>
    <property name="sun.java.launcher" value="SUN_STANDARD"/>
    <property name="user.country" value="RU"/>
    <property name="sun.boot.library.path" value="C:\Program Files\Java\jdk-17\bin"/>
    <property name="sun.java.command" value="C:\Users\76162\AppData\Local\Temp\surefire12613025883795592595\surefirebooter-20250509211017833_3.jar C:\Users\76162\AppData\Local\Temp\surefire12613025883795592595 2025-05-09T21-10-13_563-jvmRun1 surefire-20250509211017833_1tmp surefire_0-20250509211017833_2tmp"/>
    <property name="jdk.debug" value="release"/>
    <property name="surefire.test.class.path" value="C:\Users\76162\IdeaProjects\SkyWhyWaIker\Lab2\DAO\target\test-classes;C:\Users\76162\IdeaProjects\SkyWhyWaIker\Lab2\DAO\target\classes;C:\Users\76162\.m2\repository\org\hibernate\orm\hibernate-core\6.4.0.Final\hibernate-core-6.4.0.Final.jar;C:\Users\76162\.m2\repository\jakarta\transaction\jakarta.transaction-api\2.0.1\jakarta.transaction-api-2.0.1.jar;C:\Users\76162\.m2\repository\org\jboss\logging\jboss-logging\3.5.0.Final\jboss-logging-3.5.0.Final.jar;C:\Users\76162\.m2\repository\org\hibernate\common\hibernate-commons-annotations\6.0.6.Final\hibernate-commons-annotations-6.0.6.Final.jar;C:\Users\76162\.m2\repository\io\smallrye\jandex\3.1.2\jandex-3.1.2.jar;C:\Users\76162\.m2\repository\com\fasterxml\classmate\1.5.1\classmate-1.5.1.jar;C:\Users\76162\.m2\repository\net\bytebuddy\byte-buddy\1.14.7\byte-buddy-1.14.7.jar;C:\Users\76162\.m2\repository\jakarta\xml\bind\jakarta.xml.bind-api\4.0.0\jakarta.xml.bind-api-4.0.0.jar;C:\Users\76162\.m2\repository\jakarta\activation\jakarta.activation-api\2.1.0\jakarta.activation-api-2.1.0.jar;C:\Users\76162\.m2\repository\org\glassfish\jaxb\jaxb-runtime\4.0.2\jaxb-runtime-4.0.2.jar;C:\Users\76162\.m2\repository\org\glassfish\jaxb\jaxb-core\4.0.2\jaxb-core-4.0.2.jar;C:\Users\76162\.m2\repository\org\eclipse\angus\angus-activation\2.0.0\angus-activation-2.0.0.jar;C:\Users\76162\.m2\repository\org\glassfish\jaxb\txw2\4.0.2\txw2-4.0.2.jar;C:\Users\76162\.m2\repository\com\sun\istack\istack-commons-runtime\4.1.1\istack-commons-runtime-4.1.1.jar;C:\Users\76162\.m2\repository\jakarta\inject\jakarta.inject-api\2.0.1\jakarta.inject-api-2.0.1.jar;C:\Users\76162\.m2\repository\org\antlr\antlr4-runtime\4.13.0\antlr4-runtime-4.13.0.jar;C:\Users\76162\.m2\repository\org\postgresql\postgresql\42.6.0\postgresql-42.6.0.jar;C:\Users\76162\.m2\repository\org\checkerframework\checker-qual\3.31.0\checker-qual-3.31.0.jar;C:\Users\76162\.m2\repository\jakarta\persistence\jakarta.persistence-api\3.1.0\jakarta.persistence-api-3.1.0.jar;C:\Users\76162\IdeaProjects\SkyWhyWaIker\Lab2\Models\target\Models-1.0-SNAPSHOT.jar;C:\Users\76162\.m2\repository\org\testcontainers\postgresql\1.19.7\postgresql-1.19.7.jar;C:\Users\76162\.m2\repository\org\testcontainers\jdbc\1.19.7\jdbc-1.19.7.jar;C:\Users\76162\.m2\repository\org\testcontainers\database-commons\1.19.7\database-commons-1.19.7.jar;C:\Users\76162\.m2\repository\org\testcontainers\junit-jupiter\1.19.7\junit-jupiter-1.19.7.jar;C:\Users\76162\.m2\repository\org\testcontainers\testcontainers\1.19.7\testcontainers-1.19.7.jar;C:\Users\76162\.m2\repository\junit\junit\4.13.2\junit-4.13.2.jar;C:\Users\76162\.m2\repository\org\hamcrest\hamcrest-core\1.3\hamcrest-core-1.3.jar;C:\Users\76162\.m2\repository\org\apache\commons\commons-compress\1.24.0\commons-compress-1.24.0.jar;C:\Users\76162\.m2\repository\org\rnorth\duct-tape\duct-tape\1.0.8\duct-tape-1.0.8.jar;C:\Users\76162\.m2\repository\org\jetbrains\annotations\17.0.0\annotations-17.0.0.jar;C:\Users\76162\.m2\repository\com\github\docker-java\docker-java-api\3.3.6\docker-java-api-3.3.6.jar;C:\Users\76162\.m2\repository\com\fasterxml\jackson\core\jackson-annotations\2.10.3\jackson-annotations-2.10.3.jar;C:\Users\76162\.m2\repository\com\github\docker-java\docker-java-transport-zerodep\3.3.6\docker-java-transport-zerodep-3.3.6.jar;C:\Users\76162\.m2\repository\com\github\docker-java\docker-java-transport\3.3.6\docker-java-transport-3.3.6.jar;C:\Users\76162\.m2\repository\net\java\dev\jna\jna\5.13.0\jna-5.13.0.jar;C:\Users\76162\.m2\repository\org\junit\jupiter\junit-jupiter-api\5.12.0\junit-jupiter-api-5.12.0.jar;C:\Users\76162\.m2\repository\org\opentest4j\opentest4j\1.3.0\opentest4j-1.3.0.jar;C:\Users\76162\.m2\repository\org\junit\platform\junit-platform-commons\1.12.0\junit-platform-commons-1.12.0.jar;C:\Users\76162\.m2\repository\org\apiguardian\apiguardian-api\1.1.2\apiguardian-api-1.1.2.jar;C:\Users\76162\.m2\repository\ch\qos\logback\logback-classic\1.4.14\logback-classic-1.4.14.jar;C:\Users\76162\.m2\repository\ch\qos\logback\logback-core\1.4.14\logback-core-1.4.14.jar;C:\Users\76162\.m2\repository\org\slf4j\slf4j-api\2.0.7\slf4j-api-2.0.7.jar;"/>
    <property name="sun.cpu.endian" value="little"/>
    <property name="user.home" value="C:\Users\76162"/>
    <property name="user.language" value="ru"/>
    <property name="java.specification.vendor" value="Oracle Corporation"/>
    <property name="java.version.date" value="2024-07-16"/>
    <property name="java.home" value="C:\Program Files\Java\jdk-17"/>
    <property name="file.separator" value="\"/>
    <property name="basedir" value="C:\Users\76162\IdeaProjects\SkyWhyWaIker\Lab2\DAO"/>
    <property name="java.vm.compressedOopsMode" value="32-bit"/>
    <property name="line.separator" value="&#10;"/>
    <property name="java.vm.specification.vendor" value="Oracle Corporation"/>
    <property name="java.specification.name" value="Java Platform API Specification"/>
    <property name="surefire.real.class.path" value="C:\Users\76162\AppData\Local\Temp\surefire12613025883795592595\surefirebooter-20250509211017833_3.jar"/>
    <property name="user.script" value=""/>
    <property name="sun.management.compiler" value="HotSpot 64-Bit Tiered Compilers"/>
    <property name="java.runtime.version" value="17.0.12+8-LTS-286"/>
    <property name="user.name" value="76162"/>
    <property name="path.separator" value=";"/>
    <property name="os.version" value="10.0"/>
    <property name="java.runtime.name" value="Java(TM) SE Runtime Environment"/>
    <property name="file.encoding" value="Cp1252"/>
    <property name="java.vm.name" value="Java HotSpot(TM) 64-Bit Server VM"/>
    <property name="localRepository" value="C:\Users\76162\.m2\repository"/>
    <property name="java.vendor.url.bug" value="https://bugreport.java.com/bugreport/"/>
    <property name="java.io.tmpdir" value="C:\Users\76162\AppData\Local\Temp\"/>
    <property name="java.version" value="17.0.12"/>
    <property name="user.dir" value="C:\Users\76162\IdeaProjects\SkyWhyWaIker\Lab2\DAO"/>
    <property name="os.arch" value="amd64"/>
    <property name="java.vm.specification.name" value="Java Virtual Machine Specification"/>
    <property name="sun.os.patch.level" value=""/>
    <property name="native.encoding" value="Cp1252"/>
    <property name="java.library.path" value="C:\Program Files\Java\jdk-17\bin;C:\Windows\Sun\Java\bin;C:\Windows\system32;C:\Windows;C:\Program Files\Common Files\Oracle\Java\javapath;C:\Program Files (x86)\Common Files\Oracle\Java\java8path;C:\Program Files (x86)\Common Files\Oracle\Java\javapath;C:\Windows\system32;C:\Windows;C:\Windows\System32\Wbem;C:\Windows\System32\WindowsPowerShell\v1.0\;C:\Windows\System32\OpenSSH\;C:\Program Files\dotnet\;C:\Program Files\Docker\Docker\resources\bin;C:\Program Files\Git\cmd;C:\Program Files\Apache\Maven\bin;C:\Program Files\Java\jre1.8.0_441\bin;C:\Users\76162\AppData\Local\Microsoft\WindowsApps;C:\Users\76162\AppData\Local\JetBrains\Toolbox\scripts;C:\Users\76162\AppData\Local\GitHubDesktop\bin;C:\Users\76162\.dotnet\tools;%Intellij IDEA%;C:\Users\76162\AppData\Local\Programs\Microsoft VS Code\bin;."/>
    <property name="java.vm.info" value="mixed mode, sharing"/>
    <property name="java.vendor" value="Oracle Corporation"/>
    <property name="java.vm.version" value="17.0.12+8-LTS-286"/>
    <property name="sun.io.unicode.encoding" value="UnicodeLittle"/>
    <property name="java.class.version" value="61.0"/>
  </properties>
  <testcase name="testGetPetById_InvalidId_ThrowsException" classname="org.lab2.PetDAOTest" time="0.003">
    <system-out><![CDATA[21:10:38.066 [main] DEBUG org.testcontainers.utility.PrefixingImageNameSubstitutor -- No prefix is configured
21:10:38.066 [main] DEBUG org.testcontainers.utility.ImageNameSubstitutor -- Did not find a substitute image for postgres:17 (using image substitutor: DefaultImageNameSubstitutor (composite of 'ConfigurationFileImageNameSubstitutor' and 'PrefixingImageNameSubstitutor'))
21:10:38.066 [main] DEBUG org.testcontainers.images.AbstractImagePullPolicy -- Using locally available and not pulling image: postgres:17
21:10:38.066 [main] DEBUG tc.postgres:17 -- Starting container: postgres:17
21:10:38.066 [main] DEBUG tc.postgres:17 -- Trying to start container: postgres:17 (attempt 1/1)
21:10:38.066 [main] DEBUG tc.postgres:17 -- Starting container: postgres:17
21:10:38.066 [main] INFO tc.postgres:17 -- Creating container for image: postgres:17
21:10:38.067 [main] DEBUG org.testcontainers.utility.RegistryAuthLocator -- Looking up auth config for image: postgres:17 at registry: https://index.docker.io/v1/
21:10:38.067 [main] DEBUG org.testcontainers.utility.RegistryAuthLocator -- Cached auth found: [AuthConfig{username=asurz, password=hidden non-blank value, auth=blank, email=null, registryAddress=https://index.docker.io/v1/, registryToken=blank}]
21:10:38.067 [main] DEBUG org.testcontainers.dockerclient.AuthDelegatingDockerClientConfig -- Effective auth config [AuthConfig{username=asurz, password=hidden non-blank value, auth=blank, email=null, registryAddress=https://index.docker.io/v1/, registryToken=blank}]
21:10:38.067 [main] WARN tc.postgres:17 -- Reuse was requested but the environment does not support the reuse of containers
To enable reuse of containers, you must set 'testcontainers.reuse.enable=true' in a file located at C:\Users\76162\.testcontainers.properties
21:10:38.067 [main] DEBUG org.testcontainers.shaded.com.github.dockerjava.core.command.AbstrDockerCmd -- Cmd: org.testcontainers.shaded.com.github.dockerjava.core.command.CreateContainerCmdImpl@5c459194[aliases=<null>,argsEscaped=<null>,attachStderr=<null>,attachStdin=<null>,attachStdout=<null>,authConfig=AuthConfig(username=asurz, email=null, registryAddress=https://index.docker.io/v1/, stackOrchestrator=null),cmd={postgres,-c,fsync=off},domainName=<null>,entrypoint=<null>,env={POSTGRES_USER=postgres,POSTGRES_PASSWORD=Pofigict2005,POSTGRES_DB=pets},exposedPorts=ExposedPorts(exposedPorts=[5432/tcp]),healthcheck=<null>,hostConfig=HostConfig(binds=[], blkioWeight=null, blkioWeightDevice=null, blkioDeviceReadBps=null, blkioDeviceWriteBps=null, blkioDeviceReadIOps=null, blkioDeviceWriteIOps=null, memorySwappiness=null, nanoCPUs=null, capAdd=null, capDrop=null, containerIDFile=null, cpuPeriod=null, cpuRealtimePeriod=null, cpuRealtimeRuntime=null, cpuShares=null, cpuQuota=null, cpusetCpus=null, cpusetMems=null, devices=null, deviceCgroupRules=null, deviceRequests=null, diskQuota=null, dns=null, dnsOptions=null, dnsSearch=null, extraHosts=[], groupAdd=null, ipcMode=null, cgroup=null, links=[], logConfig=LogConfig(type=null, config=null), lxcConf=null, memory=null, memorySwap=null, memoryReservation=null, kernelMemory=null, networkMode=null, oomKillDisable=null, init=null, autoRemove=null, oomScoreAdj=null, portBindings={5432/tcp=[Lcom.github.dockerjava.api.model.Ports$Binding;@6a7fc4c1}, privileged=null, publishAllPorts=null, readonlyRootfs=null, restartPolicy=null, ulimits=null, cpuCount=null, cpuPercent=null, ioMaximumIOps=null, ioMaximumBandwidth=null, volumesFrom=[], mounts=null, pidMode=null, isolation=null, securityOpts=null, storageOpt=null, cgroupParent=null, volumeDriver=null, shmSize=null, pidsLimit=null, runtime=null, tmpFs=null, utSMode=null, usernsMode=null, sysctls=null, consoleSize=null, cgroupnsMode=null),hostName=<null>,image=postgres:17,ipv4Address=<null>,ipv6Address=<null>,labels={org.testcontainers=true, org.testcontainers.lang=java, org.testcontainers.version=1.19.7, org.testcontainers.sessionId=2a607c29-9f73-4ad7-8e0e-ab764e999503},macAddress=<null>,name=<null>,networkDisabled=<null>,networkingConfig=<null>,onBuild=<null>,platform=<null>,portSpecs=<null>,shell=<null>,stdInOnce=<null>,stdinOpen=<null>,stopSignal=<null>,stopTimeout=<null>,tty=<null>,user=<null>,volumes=Volumes(volumes=[]),workingDir=<null>]
21:10:38.072 [main] DEBUG com.github.dockerjava.zerodep.shaded.org.apache.hc.client5.http.impl.classic.InternalHttpClient -- ex-0000001F: preparing request execution
21:10:38.072 [main] DEBUG com.github.dockerjava.zerodep.shaded.org.apache.hc.client5.http.protocol.RequestAddCookies -- Cookie spec selected: strict
21:10:38.072 [main] DEBUG com.github.dockerjava.zerodep.shaded.org.apache.hc.client5.http.protocol.RequestAuthCache -- Auth cache not set in the context
21:10:38.072 [main] DEBUG com.github.dockerjava.zerodep.shaded.org.apache.hc.client5.http.impl.classic.ProtocolExec -- ex-0000001F: target auth state: UNCHALLENGED
21:10:38.072 [main] DEBUG com.github.dockerjava.zerodep.shaded.org.apache.hc.client5.http.impl.classic.ProtocolExec -- ex-0000001F: proxy auth state: UNCHALLENGED
21:10:38.072 [main] DEBUG com.github.dockerjava.zerodep.shaded.org.apache.hc.client5.http.impl.classic.ConnectExec -- ex-0000001F: acquiring connection with route {}->npipe://localhost:2375
21:10:38.072 [main] DEBUG com.github.dockerjava.zerodep.shaded.org.apache.hc.client5.http.impl.classic.InternalHttpClient -- ex-0000001F: acquiring endpoint (3 MINUTES)
21:10:38.072 [main] DEBUG com.github.dockerjava.zerodep.shaded.org.apache.hc.client5.http.impl.io.PoolingHttpClientConnectionManager -- ex-0000001F: endpoint lease request (3 MINUTES) [route: {}->npipe://localhost:2375][total available: 1; route allocated: 1 of 2147483647; total allocated: 1 of 2147483647]
21:10:38.072 [main] DEBUG com.github.dockerjava.zerodep.shaded.org.apache.hc.client5.http.impl.io.PoolingHttpClientConnectionManager -- ex-0000001F: endpoint leased [route: {}->npipe://localhost:2375][total available: 0; route allocated: 1 of 2147483647; total allocated: 1 of 2147483647]
21:10:38.072 [main] DEBUG com.github.dockerjava.zerodep.shaded.org.apache.hc.client5.http.impl.io.PoolingHttpClientConnectionManager -- ex-0000001F: acquired ep-0000001E
21:10:38.072 [main] DEBUG com.github.dockerjava.zerodep.shaded.org.apache.hc.client5.http.impl.classic.InternalHttpClient -- ex-0000001F: acquired endpoint ep-0000001E
21:10:38.072 [main] DEBUG com.github.dockerjava.zerodep.shaded.org.apache.hc.client5.http.impl.classic.MainClientExec -- ex-0000001F: executing POST /v1.32/containers/create HTTP/1.1
21:10:38.072 [main] DEBUG com.github.dockerjava.zerodep.shaded.org.apache.hc.client5.http.impl.classic.InternalHttpClient -- ep-0000001E: start execution ex-0000001F
21:10:38.072 [main] DEBUG com.github.dockerjava.zerodep.shaded.org.apache.hc.client5.http.impl.io.PoolingHttpClientConnectionManager -- ep-0000001E: executing exchange ex-0000001F over http-outgoing-3
21:10:38.072 [main] DEBUG com.github.dockerjava.zerodep.shaded.org.apache.hc.client5.http.headers -- http-outgoing-3 >> POST /v1.32/containers/create HTTP/1.1
21:10:38.072 [main] DEBUG com.github.dockerjava.zerodep.shaded.org.apache.hc.client5.http.headers -- http-outgoing-3 >> X-Registry-Auth: eyJ1c2VybmFtZSI6ImFzdXJ6IiwicGFzc3dvcmQiOiJkY2tyX3BhdF9uaTZadWI4LXBBdllVaWhBbi11YVhXZWUwc00iLCJlbWFpbCI6bnVsbCwic2VydmVyYWRkcmVzcyI6Imh0dHBzOi8vaW5kZXguZG9ja2VyLmlvL3YxLyIsImF1dGgiOm51bGwsInJlZ2lzdHJ5dG9rZW4iOm51bGwsImlkZW50aXR5dG9rZW4iOm51bGwsInN0YWNrT3JjaGVzdHJhdG9yIjpudWxsfQ==
21:10:38.072 [main] DEBUG com.github.dockerjava.zerodep.shaded.org.apache.hc.client5.http.headers -- http-outgoing-3 >> accept: application/json
21:10:38.072 [main] DEBUG com.github.dockerjava.zerodep.shaded.org.apache.hc.client5.http.headers -- http-outgoing-3 >> content-type: application/json
21:10:38.072 [main] DEBUG com.github.dockerjava.zerodep.shaded.org.apache.hc.client5.http.headers -- http-outgoing-3 >> x-tc-sid: 2a607c29-9f73-4ad7-8e0e-ab764e999503
21:10:38.072 [main] DEBUG com.github.dockerjava.zerodep.shaded.org.apache.hc.client5.http.headers -- http-outgoing-3 >> User-Agent: tc-java/1.19.7
21:10:38.072 [main] DEBUG com.github.dockerjava.zerodep.shaded.org.apache.hc.client5.http.headers -- http-outgoing-3 >> Accept-Encoding: gzip, x-gzip, deflate
21:10:38.072 [main] DEBUG com.github.dockerjava.zerodep.shaded.org.apache.hc.client5.http.headers -- http-outgoing-3 >> Content-Length: 2067
21:10:38.072 [main] DEBUG com.github.dockerjava.zerodep.shaded.org.apache.hc.client5.http.headers -- http-outgoing-3 >> Host: localhost:2375
21:10:38.072 [main] DEBUG com.github.dockerjava.zerodep.shaded.org.apache.hc.client5.http.headers -- http-outgoing-3 >> Connection: keep-alive
21:10:38.073 [main] DEBUG com.github.dockerjava.zerodep.shaded.org.apache.hc.client5.http.wire -- http-outgoing-3 >> "POST /v1.32/containers/create HTTP/1.1[\r][\n]"
21:10:38.073 [main] DEBUG com.github.dockerjava.zerodep.shaded.org.apache.hc.client5.http.wire -- http-outgoing-3 >> "X-Registry-Auth: eyJ1c2VybmFtZSI6ImFzdXJ6IiwicGFzc3dvcmQiOiJkY2tyX3BhdF9uaTZadWI4LXBBdllVaWhBbi11YVhXZWUwc00iLCJlbWFpbCI6bnVsbCwic2VydmVyYWRkcmVzcyI6Imh0dHBzOi8vaW5kZXguZG9ja2VyLmlvL3YxLyIsImF1dGgiOm51bGwsInJlZ2lzdHJ5dG9rZW4iOm51bGwsImlkZW50aXR5dG9rZW4iOm51bGwsInN0YWNrT3JjaGVzdHJhdG9yIjpudWxsfQ==[\r][\n]"
21:10:38.073 [main] DEBUG com.github.dockerjava.zerodep.shaded.org.apache.hc.client5.http.wire -- http-outgoing-3 >> "accept: application/json[\r][\n]"
21:10:38.073 [main] DEBUG com.github.dockerjava.zerodep.shaded.org.apache.hc.client5.http.wire -- http-outgoing-3 >> "content-type: application/json[\r][\n]"
21:10:38.073 [main] DEBUG com.github.dockerjava.zerodep.shaded.org.apache.hc.client5.http.wire -- http-outgoing-3 >> "x-tc-sid: 2a607c29-9f73-4ad7-8e0e-ab764e999503[\r][\n]"
21:10:38.073 [main] DEBUG com.github.dockerjava.zerodep.shaded.org.apache.hc.client5.http.wire -- http-outgoing-3 >> "User-Agent: tc-java/1.19.7[\r][\n]"
21:10:38.073 [main] DEBUG com.github.dockerjava.zerodep.shaded.org.apache.hc.client5.http.wire -- http-outgoing-3 >> "Accept-Encoding: gzip, x-gzip, deflate[\r][\n]"
21:10:38.073 [main] DEBUG com.github.dockerjava.zerodep.shaded.org.apache.hc.client5.http.wire -- http-outgoing-3 >> "Content-Length: 2067[\r][\n]"
21:10:38.073 [main] DEBUG com.github.dockerjava.zerodep.shaded.org.apache.hc.client5.http.wire -- http-outgoing-3 >> "Host: localhost:2375[\r][\n]"
21:10:38.073 [main] DEBUG com.github.dockerjava.zerodep.shaded.org.apache.hc.client5.http.wire -- http-outgoing-3 >> "Connection: keep-alive[\r][\n]"
21:10:38.073 [main] DEBUG com.github.dockerjava.zerodep.shaded.org.apache.hc.client5.http.wire -- http-outgoing-3 >> "[\r][\n]"
21:10:38.073 [main] DEBUG com.github.dockerjava.zerodep.shaded.org.apache.hc.client5.http.wire -- http-outgoing-3 >> "{"Hostname":null,"Domainname":null,"User":null,"AttachStdin":null,"AttachStdout":null,"AttachStderr":null,"PortSpecs":null,"Tty":null,"OpenStdin":null,"StdinOnce":null,"Env":["POSTGRES_USER=postgres","POSTGRES_PASSWORD=Pofigict2005","POSTGRES_DB=pets"],"Cmd":["postgres","-c","fsync=off"],"Healthcheck":null,"ArgsEscaped":null,"Entrypoint":null,"Image":"postgres:17","Volumes":{},"WorkingDir":null,"MacAddress":null,"OnBuild":null,"NetworkDisabled":null,"ExposedPorts":{"5432/tcp":{}},"StopSignal":null,"StopTimeout":null,"HostConfig":{"Binds":[],"BlkioWeight":null,"BlkioWeightDevice":null,"BlkioDeviceReadBps":null,"BlkioDeviceWriteBps":null,"BlkioDeviceReadIOps":null,"BlkioDeviceWriteIOps":null,"MemorySwappiness":null,"NanoCpus":null,"CapAdd":null,"CapDrop":null,"ContainerIDFile":null,"CpuPeriod":null,"CpuRealtimePeriod":null,"CpuRealtimeRuntime":null,"CpuShares":null,"CpuQuota":null,"CpusetCpus":null,"CpusetMems":null,"Devices":null,"DeviceCgroupRules":null,"DeviceRequests":null,"DiskQuota":null,"Dns":null,"DnsOptions":null,"DnsSearch":null,"ExtraHosts":[],"GroupAdd":null,"IpcMode":null,"Cgroup":null,"Links":[],"LogConfig":null,"LxcConf":null,"Memory":null,"MemorySwap":null,"MemoryReservation":null,"KernelMemory":null,"NetworkMode":null,"OomKillDisable":null,"Init":null,"AutoRemove":null,"OomScoreAdj":null,"PortBindings":{"5432/tcp":[{"HostIp":"","HostPort":""}]},"Privileged":null,"PublishAllPorts":null,"ReadonlyRootfs":null,"RestartPolicy":null,"Ulimits":null,"CpuCount":null,"CpuPercent":null,"IOMaximumIOps":null,"IOMaximumBandwidth":null,"VolumesFrom":[],"Mounts":null,"PidMode":null,"Isolation":null,"SecurityOpt":null,"StorageOpt":null,"CgroupParent":null,"VolumeDriver":null,"ShmSize":null,"PidsLimit":null,"Runtime":null,"Tmpfs":null,"UTSMode":null,"UsernsMode":null,"Sysctls":null,"ConsoleSize":null,"CgroupnsMode":null},"Labels":{"org.testcontainers":"true","org.testcontainers.lang":"java","org.testcontainers.version":"1.19.7","org.testcontainers.sessionId":"2a607c29-9f73-4ad7-8e0e-ab764e999503"},"Shell":null,"NetworkingConfig":null}"
21:10:38.426 [main] DEBUG com.github.dockerjava.zerodep.shaded.org.apache.hc.client5.http.wire -- http-outgoing-3 << "HTTP/1.1 201 Created[\r][\n]"
21:10:38.426 [main] DEBUG com.github.dockerjava.zerodep.shaded.org.apache.hc.client5.http.wire -- http-outgoing-3 << "Api-Version: 1.47[\r][\n]"
21:10:38.427 [main] DEBUG com.github.dockerjava.zerodep.shaded.org.apache.hc.client5.http.wire -- http-outgoing-3 << "Content-Type: application/json[\r][\n]"
21:10:38.427 [main] DEBUG com.github.dockerjava.zerodep.shaded.org.apache.hc.client5.http.wire -- http-outgoing-3 << "Date: Fri, 09 May 2025 18:10:38 GMT[\r][\n]"
21:10:38.427 [main] DEBUG com.github.dockerjava.zerodep.shaded.org.apache.hc.client5.http.wire -- http-outgoing-3 << "Docker-Experimental: false[\r][\n]"
21:10:38.427 [main] DEBUG com.github.dockerjava.zerodep.shaded.org.apache.hc.client5.http.wire -- http-outgoing-3 << "Ostype: linux[\r][\n]"
21:10:38.427 [main] DEBUG com.github.dockerjava.zerodep.shaded.org.apache.hc.client5.http.wire -- http-outgoing-3 << "Server: Docker/27.3.1 (linux)[\r][\n]"
21:10:38.427 [main] DEBUG com.github.dockerjava.zerodep.shaded.org.apache.hc.client5.http.wire -- http-outgoing-3 << "Transfer-Encoding: chunked[\r][\n]"
21:10:38.427 [main] DEBUG com.github.dockerjava.zerodep.shaded.org.apache.hc.client5.http.wire -- http-outgoing-3 << "[\r][\n]"
21:10:38.427 [main] DEBUG com.github.dockerjava.zerodep.shaded.org.apache.hc.client5.http.headers -- http-outgoing-3 << HTTP/1.1 201 Created
21:10:38.427 [main] DEBUG com.github.dockerjava.zerodep.shaded.org.apache.hc.client5.http.headers -- http-outgoing-3 << Api-Version: 1.47
21:10:38.427 [main] DEBUG com.github.dockerjava.zerodep.shaded.org.apache.hc.client5.http.headers -- http-outgoing-3 << Content-Type: application/json
21:10:38.427 [main] DEBUG com.github.dockerjava.zerodep.shaded.org.apache.hc.client5.http.headers -- http-outgoing-3 << Date: Fri, 09 May 2025 18:10:38 GMT
21:10:38.427 [main] DEBUG com.github.dockerjava.zerodep.shaded.org.apache.hc.client5.http.headers -- http-outgoing-3 << Docker-Experimental: false
21:10:38.427 [main] DEBUG com.github.dockerjava.zerodep.shaded.org.apache.hc.client5.http.headers -- http-outgoing-3 << Ostype: linux
21:10:38.427 [main] DEBUG com.github.dockerjava.zerodep.shaded.org.apache.hc.client5.http.headers -- http-outgoing-3 << Server: Docker/27.3.1 (linux)
21:10:38.427 [main] DEBUG com.github.dockerjava.zerodep.shaded.org.apache.hc.client5.http.headers -- http-outgoing-3 << Transfer-Encoding: chunked
21:10:38.427 [main] DEBUG com.github.dockerjava.zerodep.shaded.org.apache.hc.client5.http.impl.classic.MainClientExec -- ex-0000001F: connection can be kept alive for 3 MINUTES
21:10:38.427 [main] DEBUG com.github.dockerjava.zerodep.shaded.org.apache.hc.client5.http.wire -- http-outgoing-3 << "58[\r][\n]"
21:10:38.428 [main] DEBUG com.github.dockerjava.zerodep.shaded.org.apache.hc.client5.http.wire -- http-outgoing-3 << "{"Id":"4c13c1d3efcfb61cf4017fb71ddaac890a7f22763748289083a8aeb6ed2ab6cd","Warnings":[]}[\n]"
21:10:38.428 [main] DEBUG com.github.dockerjava.zerodep.shaded.org.apache.hc.client5.http.wire -- http-outgoing-3 << "[\r][\n]"
21:10:38.428 [main] DEBUG com.github.dockerjava.zerodep.shaded.org.apache.hc.client5.http.wire -- http-outgoing-3 << "0[\r][\n]"
21:10:38.428 [main] DEBUG com.github.dockerjava.zerodep.shaded.org.apache.hc.client5.http.wire -- http-outgoing-3 << "[\r][\n]"
21:10:38.428 [main] DEBUG com.github.dockerjava.zerodep.shaded.org.apache.hc.client5.http.impl.classic.InternalHttpClient -- ep-0000001E: releasing valid endpoint
21:10:38.428 [main] DEBUG com.github.dockerjava.zerodep.shaded.org.apache.hc.client5.http.impl.io.PoolingHttpClientConnectionManager -- ep-0000001E: releasing endpoint
21:10:38.428 [main] DEBUG com.github.dockerjava.zerodep.shaded.org.apache.hc.client5.http.impl.io.PoolingHttpClientConnectionManager -- ep-0000001E: connection http-outgoing-3 can be kept alive for 3 MINUTES
21:10:38.428 [main] DEBUG com.github.dockerjava.zerodep.shaded.org.apache.hc.client5.http.impl.io.PoolingHttpClientConnectionManager -- ep-0000001E: connection released [route: {}->npipe://localhost:2375][total available: 1; route allocated: 1 of 2147483647; total allocated: 1 of 2147483647]
21:10:38.428 [main] INFO tc.postgres:17 -- Container postgres:17 is starting: 4c13c1d3efcfb61cf4017fb71ddaac890a7f22763748289083a8aeb6ed2ab6cd
21:10:38.429 [main] DEBUG org.testcontainers.shaded.com.github.dockerjava.core.command.AbstrDockerCmd -- Cmd: 4c13c1d3efcfb61cf4017fb71ddaac890a7f22763748289083a8aeb6ed2ab6cd
21:10:38.429 [main] DEBUG com.github.dockerjava.zerodep.shaded.org.apache.hc.client5.http.impl.classic.InternalHttpClient -- ex-00000020: preparing request execution
21:10:38.429 [main] DEBUG com.github.dockerjava.zerodep.shaded.org.apache.hc.client5.http.protocol.RequestAddCookies -- Cookie spec selected: strict
21:10:38.429 [main] DEBUG com.github.dockerjava.zerodep.shaded.org.apache.hc.client5.http.protocol.RequestAuthCache -- Auth cache not set in the context
21:10:38.429 [main] DEBUG com.github.dockerjava.zerodep.shaded.org.apache.hc.client5.http.impl.classic.ProtocolExec -- ex-00000020: target auth state: UNCHALLENGED
21:10:38.429 [main] DEBUG com.github.dockerjava.zerodep.shaded.org.apache.hc.client5.http.impl.classic.ProtocolExec -- ex-00000020: proxy auth state: UNCHALLENGED
21:10:38.429 [main] DEBUG com.github.dockerjava.zerodep.shaded.org.apache.hc.client5.http.impl.classic.ConnectExec -- ex-00000020: acquiring connection with route {}->npipe://localhost:2375
21:10:38.429 [main] DEBUG com.github.dockerjava.zerodep.shaded.org.apache.hc.client5.http.impl.classic.InternalHttpClient -- ex-00000020: acquiring endpoint (3 MINUTES)
21:10:38.429 [main] DEBUG com.github.dockerjava.zerodep.shaded.org.apache.hc.client5.http.impl.io.PoolingHttpClientConnectionManager -- ex-00000020: endpoint lease request (3 MINUTES) [route: {}->npipe://localhost:2375][total available: 1; route allocated: 1 of 2147483647; total allocated: 1 of 2147483647]
21:10:38.430 [main] DEBUG com.github.dockerjava.zerodep.shaded.org.apache.hc.client5.http.impl.io.PoolingHttpClientConnectionManager -- ex-00000020: endpoint leased [route: {}->npipe://localhost:2375][total available: 0; route allocated: 1 of 2147483647; total allocated: 1 of 2147483647]
21:10:38.430 [main] DEBUG com.github.dockerjava.zerodep.shaded.org.apache.hc.client5.http.impl.io.PoolingHttpClientConnectionManager -- ex-00000020: acquired ep-0000001F
21:10:38.430 [main] DEBUG com.github.dockerjava.zerodep.shaded.org.apache.hc.client5.http.impl.classic.InternalHttpClient -- ex-00000020: acquired endpoint ep-0000001F
21:10:38.430 [main] DEBUG com.github.dockerjava.zerodep.shaded.org.apache.hc.client5.http.impl.classic.MainClientExec -- ex-00000020: executing POST /v1.32/containers/4c13c1d3efcfb61cf4017fb71ddaac890a7f22763748289083a8aeb6ed2ab6cd/start HTTP/1.1
21:10:38.430 [main] DEBUG com.github.dockerjava.zerodep.shaded.org.apache.hc.client5.http.impl.classic.InternalHttpClient -- ep-0000001F: start execution ex-00000020
21:10:38.430 [main] DEBUG com.github.dockerjava.zerodep.shaded.org.apache.hc.client5.http.impl.io.PoolingHttpClientConnectionManager -- ep-0000001F: executing exchange ex-00000020 over http-outgoing-3
21:10:38.430 [main] DEBUG com.github.dockerjava.zerodep.shaded.org.apache.hc.client5.http.headers -- http-outgoing-3 >> POST /v1.32/containers/4c13c1d3efcfb61cf4017fb71ddaac890a7f22763748289083a8aeb6ed2ab6cd/start HTTP/1.1
21:10:38.430 [main] DEBUG com.github.dockerjava.zerodep.shaded.org.apache.hc.client5.http.headers -- http-outgoing-3 >> accept: application/json
21:10:38.430 [main] DEBUG com.github.dockerjava.zerodep.shaded.org.apache.hc.client5.http.headers -- http-outgoing-3 >> content-type: application/json
21:10:38.430 [main] DEBUG com.github.dockerjava.zerodep.shaded.org.apache.hc.client5.http.headers -- http-outgoing-3 >> x-tc-sid: 2a607c29-9f73-4ad7-8e0e-ab764e999503
21:10:38.430 [main] DEBUG com.github.dockerjava.zerodep.shaded.org.apache.hc.client5.http.headers -- http-outgoing-3 >> User-Agent: tc-java/1.19.7
21:10:38.430 [main] DEBUG com.github.dockerjava.zerodep.shaded.org.apache.hc.client5.http.headers -- http-outgoing-3 >> Accept-Encoding: gzip, x-gzip, deflate
21:10:38.430 [main] DEBUG com.github.dockerjava.zerodep.shaded.org.apache.hc.client5.http.headers -- http-outgoing-3 >> Host: localhost:2375
21:10:38.430 [main] DEBUG com.github.dockerjava.zerodep.shaded.org.apache.hc.client5.http.headers -- http-outgoing-3 >> Connection: keep-alive
21:10:38.430 [main] DEBUG com.github.dockerjava.zerodep.shaded.org.apache.hc.client5.http.wire -- http-outgoing-3 >> "POST /v1.32/containers/4c13c1d3efcfb61cf4017fb71ddaac890a7f22763748289083a8aeb6ed2ab6cd/start HTTP/1.1[\r][\n]"
21:10:38.430 [main] DEBUG com.github.dockerjava.zerodep.shaded.org.apache.hc.client5.http.wire -- http-outgoing-3 >> "accept: application/json[\r][\n]"
21:10:38.430 [main] DEBUG com.github.dockerjava.zerodep.shaded.org.apache.hc.client5.http.wire -- http-outgoing-3 >> "content-type: application/json[\r][\n]"
21:10:38.430 [main] DEBUG com.github.dockerjava.zerodep.shaded.org.apache.hc.client5.http.wire -- http-outgoing-3 >> "x-tc-sid: 2a607c29-9f73-4ad7-8e0e-ab764e999503[\r][\n]"
21:10:38.430 [main] DEBUG com.github.dockerjava.zerodep.shaded.org.apache.hc.client5.http.wire -- http-outgoing-3 >> "User-Agent: tc-java/1.19.7[\r][\n]"
21:10:38.430 [main] DEBUG com.github.dockerjava.zerodep.shaded.org.apache.hc.client5.http.wire -- http-outgoing-3 >> "Accept-Encoding: gzip, x-gzip, deflate[\r][\n]"
21:10:38.430 [main] DEBUG com.github.dockerjava.zerodep.shaded.org.apache.hc.client5.http.wire -- http-outgoing-3 >> "Host: localhost:2375[\r][\n]"
21:10:38.430 [main] DEBUG com.github.dockerjava.zerodep.shaded.org.apache.hc.client5.http.wire -- http-outgoing-3 >> "Connection: keep-alive[\r][\n]"
21:10:38.430 [main] DEBUG com.github.dockerjava.zerodep.shaded.org.apache.hc.client5.http.wire -- http-outgoing-3 >> "[\r][\n]"
21:10:39.697 [main] DEBUG com.github.dockerjava.zerodep.shaded.org.apache.hc.client5.http.wire -- http-outgoing-3 << "HTTP/1.1 204 No Content[\r][\n]"
21:10:39.697 [main] DEBUG com.github.dockerjava.zerodep.shaded.org.apache.hc.client5.http.wire -- http-outgoing-3 << "Api-Version: 1.47[\r][\n]"
21:10:39.697 [main] DEBUG com.github.dockerjava.zerodep.shaded.org.apache.hc.client5.http.wire -- http-outgoing-3 << "Date: Fri, 09 May 2025 18:10:39 GMT[\r][\n]"
21:10:39.697 [main] DEBUG com.github.dockerjava.zerodep.shaded.org.apache.hc.client5.http.wire -- http-outgoing-3 << "Docker-Experimental: false[\r][\n]"
21:10:39.697 [main] DEBUG com.github.dockerjava.zerodep.shaded.org.apache.hc.client5.http.wire -- http-outgoing-3 << "Ostype: linux[\r][\n]"
21:10:39.697 [main] DEBUG com.github.dockerjava.zerodep.shaded.org.apache.hc.client5.http.wire -- http-outgoing-3 << "Server: Docker/27.3.1 (linux)[\r][\n]"
21:10:39.697 [main] DEBUG com.github.dockerjava.zerodep.shaded.org.apache.hc.client5.http.wire -- http-outgoing-3 << "[\r][\n]"
21:10:39.697 [main] DEBUG com.github.dockerjava.zerodep.shaded.org.apache.hc.client5.http.headers -- http-outgoing-3 << HTTP/1.1 204 No Content
21:10:39.697 [main] DEBUG com.github.dockerjava.zerodep.shaded.org.apache.hc.client5.http.headers -- http-outgoing-3 << Api-Version: 1.47
21:10:39.697 [main] DEBUG com.github.dockerjava.zerodep.shaded.org.apache.hc.client5.http.headers -- http-outgoing-3 << Date: Fri, 09 May 2025 18:10:39 GMT
21:10:39.697 [main] DEBUG com.github.dockerjava.zerodep.shaded.org.apache.hc.client5.http.headers -- http-outgoing-3 << Docker-Experimental: false
21:10:39.697 [main] DEBUG com.github.dockerjava.zerodep.shaded.org.apache.hc.client5.http.headers -- http-outgoing-3 << Ostype: linux
21:10:39.697 [main] DEBUG com.github.dockerjava.zerodep.shaded.org.apache.hc.client5.http.headers -- http-outgoing-3 << Server: Docker/27.3.1 (linux)
21:10:39.698 [main] DEBUG com.github.dockerjava.zerodep.shaded.org.apache.hc.client5.http.impl.classic.MainClientExec -- ex-00000020: connection can be kept alive for 3 MINUTES
21:10:39.698 [main] DEBUG com.github.dockerjava.zerodep.shaded.org.apache.hc.client5.http.impl.classic.InternalHttpClient -- ep-0000001F: releasing valid endpoint
21:10:39.698 [main] DEBUG com.github.dockerjava.zerodep.shaded.org.apache.hc.client5.http.impl.io.PoolingHttpClientConnectionManager -- ep-0000001F: releasing endpoint
21:10:39.699 [main] DEBUG com.github.dockerjava.zerodep.shaded.org.apache.hc.client5.http.impl.io.PoolingHttpClientConnectionManager -- ep-0000001F: connection http-outgoing-3 can be kept alive for 3 MINUTES
21:10:39.699 [main] DEBUG com.github.dockerjava.zerodep.shaded.org.apache.hc.client5.http.impl.io.PoolingHttpClientConnectionManager -- ep-0000001F: connection released [route: {}->npipe://localhost:2375][total available: 1; route allocated: 1 of 2147483647; total allocated: 1 of 2147483647]
21:10:39.701 [main] DEBUG org.testcontainers.shaded.com.github.dockerjava.core.command.AbstrDockerCmd -- Cmd: 4c13c1d3efcfb61cf4017fb71ddaac890a7f22763748289083a8aeb6ed2ab6cd,false
21:10:39.701 [main] DEBUG org.testcontainers.shaded.com.github.dockerjava.core.exec.InspectContainerCmdExec -- GET: DefaultWebTarget{path=[/containers/4c13c1d3efcfb61cf4017fb71ddaac890a7f22763748289083a8aeb6ed2ab6cd/json], queryParams={}}
21:10:39.702 [main] DEBUG com.github.dockerjava.zerodep.shaded.org.apache.hc.client5.http.impl.classic.InternalHttpClient -- ex-00000021: preparing request execution
21:10:39.702 [main] DEBUG com.github.dockerjava.zerodep.shaded.org.apache.hc.client5.http.protocol.RequestAddCookies -- Cookie spec selected: strict
21:10:39.702 [main] DEBUG com.github.dockerjava.zerodep.shaded.org.apache.hc.client5.http.protocol.RequestAuthCache -- Auth cache not set in the context
21:10:39.702 [main] DEBUG com.github.dockerjava.zerodep.shaded.org.apache.hc.client5.http.impl.classic.ProtocolExec -- ex-00000021: target auth state: UNCHALLENGED
21:10:39.702 [main] DEBUG com.github.dockerjava.zerodep.shaded.org.apache.hc.client5.http.impl.classic.ProtocolExec -- ex-00000021: proxy auth state: UNCHALLENGED
21:10:39.702 [main] DEBUG com.github.dockerjava.zerodep.shaded.org.apache.hc.client5.http.impl.classic.ConnectExec -- ex-00000021: acquiring connection with route {}->npipe://localhost:2375
21:10:39.702 [main] DEBUG com.github.dockerjava.zerodep.shaded.org.apache.hc.client5.http.impl.classic.InternalHttpClient -- ex-00000021: acquiring endpoint (3 MINUTES)
21:10:39.702 [main] DEBUG com.github.dockerjava.zerodep.shaded.org.apache.hc.client5.http.impl.io.PoolingHttpClientConnectionManager -- ex-00000021: endpoint lease request (3 MINUTES) [route: {}->npipe://localhost:2375][total available: 1; route allocated: 1 of 2147483647; total allocated: 1 of 2147483647]
21:10:39.702 [main] DEBUG com.github.dockerjava.zerodep.shaded.org.apache.hc.client5.http.impl.io.PoolingHttpClientConnectionManager -- ex-00000021: endpoint leased [route: {}->npipe://localhost:2375][total available: 0; route allocated: 1 of 2147483647; total allocated: 1 of 2147483647]
21:10:39.702 [main] DEBUG com.github.dockerjava.zerodep.shaded.org.apache.hc.client5.http.impl.io.PoolingHttpClientConnectionManager -- ex-00000021: acquired ep-00000020
21:10:39.702 [main] DEBUG com.github.dockerjava.zerodep.shaded.org.apache.hc.client5.http.impl.classic.InternalHttpClient -- ex-00000021: acquired endpoint ep-00000020
21:10:39.702 [main] DEBUG com.github.dockerjava.zerodep.shaded.org.apache.hc.client5.http.impl.classic.MainClientExec -- ex-00000021: executing GET /v1.32/containers/4c13c1d3efcfb61cf4017fb71ddaac890a7f22763748289083a8aeb6ed2ab6cd/json HTTP/1.1
21:10:39.702 [main] DEBUG com.github.dockerjava.zerodep.shaded.org.apache.hc.client5.http.impl.classic.InternalHttpClient -- ep-00000020: start execution ex-00000021
21:10:39.702 [main] DEBUG com.github.dockerjava.zerodep.shaded.org.apache.hc.client5.http.impl.io.PoolingHttpClientConnectionManager -- ep-00000020: executing exchange ex-00000021 over http-outgoing-3
21:10:39.703 [main] DEBUG com.github.dockerjava.zerodep.shaded.org.apache.hc.client5.http.headers -- http-outgoing-3 >> GET /v1.32/containers/4c13c1d3efcfb61cf4017fb71ddaac890a7f22763748289083a8aeb6ed2ab6cd/json HTTP/1.1
21:10:39.703 [main] DEBUG com.github.dockerjava.zerodep.shaded.org.apache.hc.client5.http.headers -- http-outgoing-3 >> accept: application/json
21:10:39.703 [main] DEBUG com.github.dockerjava.zerodep.shaded.org.apache.hc.client5.http.headers -- http-outgoing-3 >> x-tc-sid: 2a607c29-9f73-4ad7-8e0e-ab764e999503
21:10:39.703 [main] DEBUG com.github.dockerjava.zerodep.shaded.org.apache.hc.client5.http.headers -- http-outgoing-3 >> User-Agent: tc-java/1.19.7
21:10:39.703 [main] DEBUG com.github.dockerjava.zerodep.shaded.org.apache.hc.client5.http.headers -- http-outgoing-3 >> Accept-Encoding: gzip, x-gzip, deflate
21:10:39.703 [main] DEBUG com.github.dockerjava.zerodep.shaded.org.apache.hc.client5.http.headers -- http-outgoing-3 >> Host: localhost:2375
21:10:39.703 [main] DEBUG com.github.dockerjava.zerodep.shaded.org.apache.hc.client5.http.headers -- http-outgoing-3 >> Connection: keep-alive
21:10:39.703 [main] DEBUG com.github.dockerjava.zerodep.shaded.org.apache.hc.client5.http.wire -- http-outgoing-3 >> "GET /v1.32/containers/4c13c1d3efcfb61cf4017fb71ddaac890a7f22763748289083a8aeb6ed2ab6cd/json HTTP/1.1[\r][\n]"
21:10:39.703 [main] DEBUG com.github.dockerjava.zerodep.shaded.org.apache.hc.client5.http.wire -- http-outgoing-3 >> "accept: application/json[\r][\n]"
21:10:39.703 [main] DEBUG com.github.dockerjava.zerodep.shaded.org.apache.hc.client5.http.wire -- http-outgoing-3 >> "x-tc-sid: 2a607c29-9f73-4ad7-8e0e-ab764e999503[\r][\n]"
21:10:39.703 [main] DEBUG com.github.dockerjava.zerodep.shaded.org.apache.hc.client5.http.wire -- http-outgoing-3 >> "User-Agent: tc-java/1.19.7[\r][\n]"
21:10:39.703 [main] DEBUG com.github.dockerjava.zerodep.shaded.org.apache.hc.client5.http.wire -- http-outgoing-3 >> "Accept-Encoding: gzip, x-gzip, deflate[\r][\n]"
21:10:39.703 [main] DEBUG com.github.dockerjava.zerodep.shaded.org.apache.hc.client5.http.wire -- http-outgoing-3 >> "Host: localhost:2375[\r][\n]"
21:10:39.703 [main] DEBUG com.github.dockerjava.zerodep.shaded.org.apache.hc.client5.http.wire -- http-outgoing-3 >> "Connection: keep-alive[\r][\n]"
21:10:39.703 [main] DEBUG com.github.dockerjava.zerodep.shaded.org.apache.hc.client5.http.wire -- http-outgoing-3 >> "[\r][\n]"
21:10:39.707 [main] DEBUG com.github.dockerjava.zerodep.shaded.org.apache.hc.client5.http.wire -- http-outgoing-3 << "HTTP/1.1 200 OK[\r][\n]"
21:10:39.707 [main] DEBUG com.github.dockerjava.zerodep.shaded.org.apache.hc.client5.http.wire -- http-outgoing-3 << "Api-Version: 1.47[\r][\n]"
21:10:39.707 [main] DEBUG com.github.dockerjava.zerodep.shaded.org.apache.hc.client5.http.wire -- http-outgoing-3 << "Content-Type: application/json[\r][\n]"
21:10:39.707 [main] DEBUG com.github.dockerjava.zerodep.shaded.org.apache.hc.client5.http.wire -- http-outgoing-3 << "Date: Fri, 09 May 2025 18:10:39 GMT[\r][\n]"
21:10:39.707 [main] DEBUG com.github.dockerjava.zerodep.shaded.org.apache.hc.client5.http.wire -- http-outgoing-3 << "Docker-Experimental: false[\r][\n]"
21:10:39.707 [main] DEBUG com.github.dockerjava.zerodep.shaded.org.apache.hc.client5.http.wire -- http-outgoing-3 << "Ostype: linux[\r][\n]"
21:10:39.707 [main] DEBUG com.github.dockerjava.zerodep.shaded.org.apache.hc.client5.http.wire -- http-outgoing-3 << "Server: Docker/27.3.1 (linux)[\r][\n]"
21:10:39.707 [main] DEBUG com.github.dockerjava.zerodep.shaded.org.apache.hc.client5.http.wire -- http-outgoing-3 << "Transfer-Encoding: chunked[\r][\n]"
21:10:39.707 [main] DEBUG com.github.dockerjava.zerodep.shaded.org.apache.hc.client5.http.wire -- http-outgoing-3 << "[\r][\n]"
21:10:39.708 [main] DEBUG com.github.dockerjava.zerodep.shaded.org.apache.hc.client5.http.headers -- http-outgoing-3 << HTTP/1.1 200 OK
21:10:39.708 [main] DEBUG com.github.dockerjava.zerodep.shaded.org.apache.hc.client5.http.headers -- http-outgoing-3 << Api-Version: 1.47
21:10:39.708 [main] DEBUG com.github.dockerjava.zerodep.shaded.org.apache.hc.client5.http.headers -- http-outgoing-3 << Content-Type: application/json
21:10:39.708 [main] DEBUG com.github.dockerjava.zerodep.shaded.org.apache.hc.client5.http.headers -- http-outgoing-3 << Date: Fri, 09 May 2025 18:10:39 GMT
21:10:39.708 [main] DEBUG com.github.dockerjava.zerodep.shaded.org.apache.hc.client5.http.headers -- http-outgoing-3 << Docker-Experimental: false
21:10:39.708 [main] DEBUG com.github.dockerjava.zerodep.shaded.org.apache.hc.client5.http.headers -- http-outgoing-3 << Ostype: linux
21:10:39.708 [main] DEBUG com.github.dockerjava.zerodep.shaded.org.apache.hc.client5.http.headers -- http-outgoing-3 << Server: Docker/27.3.1 (linux)
21:10:39.708 [main] DEBUG com.github.dockerjava.zerodep.shaded.org.apache.hc.client5.http.headers -- http-outgoing-3 << Transfer-Encoding: chunked
21:10:39.708 [main] DEBUG com.github.dockerjava.zerodep.shaded.org.apache.hc.client5.http.impl.classic.MainClientExec -- ex-00000021: connection can be kept alive for 3 MINUTES
21:10:39.711 [main] DEBUG com.github.dockerjava.zerodep.shaded.org.apache.hc.client5.http.wire -- http-outgoing-3 << "1331[\r][\n]"
21:10:39.711 [main] DEBUG com.github.dockerjava.zerodep.shaded.org.apache.hc.client5.http.wire -- http-outgoing-3 << "{"Id":"4c13c1d3efcfb61cf4017fb71ddaac890a7f22763748289083a8aeb6ed2ab6cd","Created":"2025-05-09T18:10:38.313228474Z","Path":"docker-entrypoint.sh","Args":["postgres","-c","fsync=off"],"State":{"Status":"running","Running":true,"Paused":false,"Restarting":false,"OOMKilled":false,"Dead":false,"Pid":2200,"ExitCode":0,"Error":"","StartedAt":"2025-05-09T18:10:39.420529709Z","FinishedAt":"0001-01-01T00:00:00Z"},"Image":"sha256:fe3f571d128e8efadcd8b2fde0e2b73ebab6dbec33f6bfe69d98c682c7d8f7bd","ResolvConfPath":"/var/lib/docker/containers/4c13c1d3efcfb61cf4017fb71ddaac890a7f22763748289083a8aeb6ed2ab6cd/resolv.conf","HostnamePath":"/var/lib/docker/containers/4c13c1d3efcfb61cf4017fb71ddaac890a7f22763748289083a8aeb6ed2ab6cd/hostname","HostsPath":"/var/lib/docker/containers/4c13c1d3efcfb61cf4017fb71ddaac890a7f22763748289083a8aeb6ed2ab6cd/hosts","LogPath":"/var/lib/docker/containers/4c13c1d3efcfb61cf4017fb71ddaac890a7f22763748289083a8aeb6ed2ab6cd/4c13c1d3efcfb61cf4017fb71ddaac890a7f22763748289083a8aeb6ed2ab6cd-json.log","Name":"/naughty_elgamal","RestartCount":0,"Driver":"overlayfs","Platform":"linux","MountLabel":"","ProcessLabel":"","AppArmorProfile":"","ExecIDs":null,"HostConfig":{"Binds":[],"ContainerIDFile":"","LogConfig":{"Type":"json-file","Config":{}},"NetworkMode":"bridge","PortBindings":{"5432/tcp":[{"HostIp":"0.0.0.0","HostPort":"0"}]},"RestartPolicy":{"Name":"no","MaximumRetryCount":0},"AutoRemove":false,"VolumeDriver":"","VolumesFrom":[],"ConsoleSize":[0,0],"CapAdd":null,"CapDrop":null,"CgroupnsMode":"host","Dns":null,"DnsOptions":null,"DnsSearch":null,"ExtraHosts":[],"GroupAdd":null,"IpcMode":"shareable","Cgroup":"","Links":null,"OomScoreAdj":0,"PidMode":"","Privileged":false,"PublishAllPorts":false,"ReadonlyRootfs":false,"SecurityOpt":null,"UTSMode":"","UsernsMode":"","ShmSize":67108864,"Runtime":"runc","Isolation":"","CpuShares":0,"Memory":0,"NanoCpus":0,"CgroupParent":"","BlkioWeight":0,"BlkioWeightDevice":null,"BlkioDeviceReadBps":null,"BlkioDeviceWriteBps":null,"BlkioDeviceReadIOps":null,"BlkioDeviceWriteIOps":null,"CpuPeriod":0,"CpuQuota":0,"CpuRealtimePeriod":0,"CpuRealtimeRuntime":0,"CpusetCpus":"","CpusetMems":"","Devices":null,"DeviceCgroupRules":null,"DeviceRequests":null,"MemoryReservation":0,"MemorySwap":0,"MemorySwappiness":null,"OomKillDisable":false,"PidsLimit":null,"Ulimits":null,"CpuCount":0,"CpuPercent":0,"IOMaximumIOps":0,"IOMaximumBandwidth":0,"MaskedPaths":["/proc/asound","/proc/acpi","/proc/kcore","/proc/keys","/proc/latency_stats","/proc/timer_list","/proc/timer_stats","/proc/sched_debug","/proc/scsi","/sys/firmware","/sys/devices/virtual/powercap"],"ReadonlyPaths":["/proc/bus","/proc/fs","/proc/irq","/proc/sys","/proc/sysrq-trigger"]},"GraphDriver":{"Data":null,"Name":"overlayfs"},"Mounts":[{"Type":"volume","Name":"6a14552fd3c06236547b94d7a460cae53b1aef7823c3b0ffb9d4d23cac5367a6","Source":"/var/lib/docker/volumes/6a14552fd3c06236547b94d7a460cae53b1aef7823c3b0ffb9d4d23cac5367a6/_data","Destination":"/var/lib/postgresql/data","Driver":"local","Mode":"","RW":true,"Propagation":""}],"Config":{"Hostname":"4c13c1d3efcf","Domainname":"","User":"","AttachStdin":false,"AttachStdout":false,"AttachStderr":false,"ExposedPorts":{"5432/tcp":{}},"Tty":false,"OpenStdin":false,"StdinOnce":false,"Env":["POSTGRES_USER=postgres","POSTGRES_PASSWORD=Pofigict2005","POSTGRES_DB=pets","PATH=/usr/local/sbin:/usr/local/bin:/usr/sbin:/usr/bin:/sbin:/bin:/usr/lib/postgresql/17/bin","GOSU_VERSION=1.17","LANG=en_US.utf8","PG_MAJOR=17","PG_VERSION=17.4-1.pgdg120+2","PGDATA=/var/lib/postgresql/data"],"Cmd":["postgres","-c","fsync=off"],"Image":"postgres:17","Volumes":{"/var/lib/postgresql/data":{}},"WorkingDir":"","Entrypoint":["docker-entrypoint.sh"],"OnBuild":null,"Labels":{"org.testcontainers":"true","org.testcontainers.lang":"java","org.testcontainers.sessionId":"2a607c29-9f73-4ad7-8e0e-ab764e999503","org.testcontainers.version":"1.19.7"},"StopSignal":"SIGINT"},"NetworkSettings":{"Bridge":"","SandboxID":"c6bc5d9f52c2d019ce66803d8913775f04f883a3842fa4fedb9c200b5bd102bf","SandboxKey":"/var/run/docker/netns/c6bc5d9f52c2",""
21:10:39.712 [main] DEBUG com.github.dockerjava.zerodep.shaded.org.apache.hc.client5.http.wire -- http-outgoing-3 << "Ports":{"5432/tcp":[]},"HairpinMode":false,"LinkLocalIPv6Address":"","LinkLocalIPv6PrefixLen":0,"SecondaryIPAddresses":null,"SecondaryIPv6Addresses":null,"EndpointID":"94bed83c9c5eeeeece7bf1da9777bff824c20732edf819d85e67bcf6221536c9","Gateway":"172.17.0.1","GlobalIPv6Address":"","GlobalIPv6PrefixLen":0,"IPAddress":"172.17.0.3","IPPrefixLen":16,"IPv6Gateway":"","MacAddress":"02:42:ac:11:00:03","Networks":{"bridge":{"IPAMConfig":null,"Links":null,"Aliases":null,"MacAddress":"02:42:ac:11:00:03","DriverOpts":null,"NetworkID":"f0594820a60c9d6c1293e01ac8a804eac606a0cdb0dcd01c085bc8a3a64632ab","EndpointID":"94bed83c9c5eeeeece7bf1da9777bff824c20732edf819d85e67bcf6221536c9","Gateway":"172.17.0.1","IPAddress":"172.17.0.3","IPPrefixLen":16,"IPv6Gateway":"","GlobalIPv6Address":"","GlobalIPv6PrefixLen":0,"DNSNames":null}}}}[\n]"
21:10:39.713 [main] DEBUG com.github.dockerjava.zerodep.shaded.org.apache.hc.client5.http.wire -- http-outgoing-3 << "[\r][\n]"
21:10:39.713 [main] DEBUG com.github.dockerjava.zerodep.shaded.org.apache.hc.client5.http.wire -- http-outgoing-3 << "0[\r][\n]"
21:10:39.713 [main] DEBUG com.github.dockerjava.zerodep.shaded.org.apache.hc.client5.http.wire -- http-outgoing-3 << "[\r][\n]"
21:10:39.714 [main] DEBUG com.github.dockerjava.zerodep.shaded.org.apache.hc.client5.http.impl.classic.InternalHttpClient -- ep-00000020: releasing valid endpoint
21:10:39.714 [main] DEBUG com.github.dockerjava.zerodep.shaded.org.apache.hc.client5.http.impl.io.PoolingHttpClientConnectionManager -- ep-00000020: releasing endpoint
21:10:39.714 [main] DEBUG com.github.dockerjava.zerodep.shaded.org.apache.hc.client5.http.impl.io.PoolingHttpClientConnectionManager -- ep-00000020: connection http-outgoing-3 can be kept alive for 3 MINUTES
21:10:39.714 [main] DEBUG com.github.dockerjava.zerodep.shaded.org.apache.hc.client5.http.impl.io.PoolingHttpClientConnectionManager -- ep-00000020: connection released [route: {}->npipe://localhost:2375][total available: 1; route allocated: 1 of 2147483647; total allocated: 1 of 2147483647]
21:10:39.750 [main] DEBUG org.testcontainers.shaded.com.github.dockerjava.core.command.AbstrDockerCmd -- Cmd: 4c13c1d3efcfb61cf4017fb71ddaac890a7f22763748289083a8aeb6ed2ab6cd,false
21:10:39.750 [main] DEBUG org.testcontainers.shaded.com.github.dockerjava.core.exec.InspectContainerCmdExec -- GET: DefaultWebTarget{path=[/containers/4c13c1d3efcfb61cf4017fb71ddaac890a7f22763748289083a8aeb6ed2ab6cd/json], queryParams={}}
21:10:39.751 [main] DEBUG com.github.dockerjava.zerodep.shaded.org.apache.hc.client5.http.impl.classic.InternalHttpClient -- ex-00000022: preparing request execution
21:10:39.751 [main] DEBUG com.github.dockerjava.zerodep.shaded.org.apache.hc.client5.http.protocol.RequestAddCookies -- Cookie spec selected: strict
21:10:39.751 [main] DEBUG com.github.dockerjava.zerodep.shaded.org.apache.hc.client5.http.protocol.RequestAuthCache -- Auth cache not set in the context
21:10:39.751 [main] DEBUG com.github.dockerjava.zerodep.shaded.org.apache.hc.client5.http.impl.classic.ProtocolExec -- ex-00000022: target auth state: UNCHALLENGED
21:10:39.751 [main] DEBUG com.github.dockerjava.zerodep.shaded.org.apache.hc.client5.http.impl.classic.ProtocolExec -- ex-00000022: proxy auth state: UNCHALLENGED
21:10:39.751 [main] DEBUG com.github.dockerjava.zerodep.shaded.org.apache.hc.client5.http.impl.classic.ConnectExec -- ex-00000022: acquiring connection with route {}->npipe://localhost:2375
21:10:39.751 [main] DEBUG com.github.dockerjava.zerodep.shaded.org.apache.hc.client5.http.impl.classic.InternalHttpClient -- ex-00000022: acquiring endpoint (3 MINUTES)
21:10:39.751 [main] DEBUG com.github.dockerjava.zerodep.shaded.org.apache.hc.client5.http.impl.io.PoolingHttpClientConnectionManager -- ex-00000022: endpoint lease request (3 MINUTES) [route: {}->npipe://localhost:2375][total available: 1; route allocated: 1 of 2147483647; total allocated: 1 of 2147483647]
21:10:39.751 [main] DEBUG com.github.dockerjava.zerodep.shaded.org.apache.hc.client5.http.impl.io.PoolingHttpClientConnectionManager -- ex-00000022: endpoint leased [route: {}->npipe://localhost:2375][total available: 0; route allocated: 1 of 2147483647; total allocated: 1 of 2147483647]
21:10:39.751 [main] DEBUG com.github.dockerjava.zerodep.shaded.org.apache.hc.client5.http.impl.io.PoolingHttpClientConnectionManager -- ex-00000022: acquired ep-00000021
21:10:39.751 [main] DEBUG com.github.dockerjava.zerodep.shaded.org.apache.hc.client5.http.impl.classic.InternalHttpClient -- ex-00000022: acquired endpoint ep-00000021
21:10:39.751 [main] DEBUG com.github.dockerjava.zerodep.shaded.org.apache.hc.client5.http.impl.classic.MainClientExec -- ex-00000022: executing GET /v1.32/containers/4c13c1d3efcfb61cf4017fb71ddaac890a7f22763748289083a8aeb6ed2ab6cd/json HTTP/1.1
21:10:39.751 [main] DEBUG com.github.dockerjava.zerodep.shaded.org.apache.hc.client5.http.impl.classic.InternalHttpClient -- ep-00000021: start execution ex-00000022
21:10:39.751 [main] DEBUG com.github.dockerjava.zerodep.shaded.org.apache.hc.client5.http.impl.io.PoolingHttpClientConnectionManager -- ep-00000021: executing exchange ex-00000022 over http-outgoing-3
21:10:39.751 [main] DEBUG com.github.dockerjava.zerodep.shaded.org.apache.hc.client5.http.headers -- http-outgoing-3 >> GET /v1.32/containers/4c13c1d3efcfb61cf4017fb71ddaac890a7f22763748289083a8aeb6ed2ab6cd/json HTTP/1.1
21:10:39.751 [main] DEBUG com.github.dockerjava.zerodep.shaded.org.apache.hc.client5.http.headers -- http-outgoing-3 >> accept: application/json
21:10:39.751 [main] DEBUG com.github.dockerjava.zerodep.shaded.org.apache.hc.client5.http.headers -- http-outgoing-3 >> x-tc-sid: 2a607c29-9f73-4ad7-8e0e-ab764e999503
21:10:39.751 [main] DEBUG com.github.dockerjava.zerodep.shaded.org.apache.hc.client5.http.headers -- http-outgoing-3 >> User-Agent: tc-java/1.19.7
21:10:39.751 [main] DEBUG com.github.dockerjava.zerodep.shaded.org.apache.hc.client5.http.headers -- http-outgoing-3 >> Accept-Encoding: gzip, x-gzip, deflate
21:10:39.751 [main] DEBUG com.github.dockerjava.zerodep.shaded.org.apache.hc.client5.http.headers -- http-outgoing-3 >> Host: localhost:2375
21:10:39.751 [main] DEBUG com.github.dockerjava.zerodep.shaded.org.apache.hc.client5.http.headers -- http-outgoing-3 >> Connection: keep-alive
21:10:39.751 [main] DEBUG com.github.dockerjava.zerodep.shaded.org.apache.hc.client5.http.wire -- http-outgoing-3 >> "GET /v1.32/containers/4c13c1d3efcfb61cf4017fb71ddaac890a7f22763748289083a8aeb6ed2ab6cd/json HTTP/1.1[\r][\n]"
21:10:39.751 [main] DEBUG com.github.dockerjava.zerodep.shaded.org.apache.hc.client5.http.wire -- http-outgoing-3 >> "accept: application/json[\r][\n]"
21:10:39.751 [main] DEBUG com.github.dockerjava.zerodep.shaded.org.apache.hc.client5.http.wire -- http-outgoing-3 >> "x-tc-sid: 2a607c29-9f73-4ad7-8e0e-ab764e999503[\r][\n]"
21:10:39.751 [main] DEBUG com.github.dockerjava.zerodep.shaded.org.apache.hc.client5.http.wire -- http-outgoing-3 >> "User-Agent: tc-java/1.19.7[\r][\n]"
21:10:39.751 [main] DEBUG com.github.dockerjava.zerodep.shaded.org.apache.hc.client5.http.wire -- http-outgoing-3 >> "Accept-Encoding: gzip, x-gzip, deflate[\r][\n]"
21:10:39.751 [main] DEBUG com.github.dockerjava.zerodep.shaded.org.apache.hc.client5.http.wire -- http-outgoing-3 >> "Host: localhost:2375[\r][\n]"
21:10:39.751 [main] DEBUG com.github.dockerjava.zerodep.shaded.org.apache.hc.client5.http.wire -- http-outgoing-3 >> "Connection: keep-alive[\r][\n]"
21:10:39.751 [main] DEBUG com.github.dockerjava.zerodep.shaded.org.apache.hc.client5.http.wire -- http-outgoing-3 >> "[\r][\n]"
21:10:39.757 [main] DEBUG com.github.dockerjava.zerodep.shaded.org.apache.hc.client5.http.wire -- http-outgoing-3 << "HTTP/1.1 200 OK[\r][\n]"
21:10:39.757 [main] DEBUG com.github.dockerjava.zerodep.shaded.org.apache.hc.client5.http.wire -- http-outgoing-3 << "Api-Version: 1.47[\r][\n]"
21:10:39.757 [main] DEBUG com.github.dockerjava.zerodep.shaded.org.apache.hc.client5.http.wire -- http-outgoing-3 << "Content-Type: application/json[\r][\n]"
21:10:39.758 [main] DEBUG com.github.dockerjava.zerodep.shaded.org.apache.hc.client5.http.wire -- http-outgoing-3 << "Date: Fri, 09 May 2025 18:10:39 GMT[\r][\n]"
21:10:39.758 [main] DEBUG com.github.dockerjava.zerodep.shaded.org.apache.hc.client5.http.wire -- http-outgoing-3 << "Docker-Experimental: false[\r][\n]"
21:10:39.758 [main] DEBUG com.github.dockerjava.zerodep.shaded.org.apache.hc.client5.http.wire -- http-outgoing-3 << "Ostype: linux[\r][\n]"
21:10:39.758 [main] DEBUG com.github.dockerjava.zerodep.shaded.org.apache.hc.client5.http.wire -- http-outgoing-3 << "Server: Docker/27.3.1 (linux)[\r][\n]"
21:10:39.758 [main] DEBUG com.github.dockerjava.zerodep.shaded.org.apache.hc.client5.http.wire -- http-outgoing-3 << "Transfer-Encoding: chunked[\r][\n]"
21:10:39.758 [main] DEBUG com.github.dockerjava.zerodep.shaded.org.apache.hc.client5.http.wire -- http-outgoing-3 << "[\r][\n]"
21:10:39.758 [main] DEBUG com.github.dockerjava.zerodep.shaded.org.apache.hc.client5.http.headers -- http-outgoing-3 << HTTP/1.1 200 OK
21:10:39.758 [main] DEBUG com.github.dockerjava.zerodep.shaded.org.apache.hc.client5.http.headers -- http-outgoing-3 << Api-Version: 1.47
21:10:39.758 [main] DEBUG com.github.dockerjava.zerodep.shaded.org.apache.hc.client5.http.headers -- http-outgoing-3 << Content-Type: application/json
21:10:39.758 [main] DEBUG com.github.dockerjava.zerodep.shaded.org.apache.hc.client5.http.headers -- http-outgoing-3 << Date: Fri, 09 May 2025 18:10:39 GMT
21:10:39.758 [main] DEBUG com.github.dockerjava.zerodep.shaded.org.apache.hc.client5.http.headers -- http-outgoing-3 << Docker-Experimental: false
21:10:39.758 [main] DEBUG com.github.dockerjava.zerodep.shaded.org.apache.hc.client5.http.headers -- http-outgoing-3 << Ostype: linux
21:10:39.758 [main] DEBUG com.github.dockerjava.zerodep.shaded.org.apache.hc.client5.http.headers -- http-outgoing-3 << Server: Docker/27.3.1 (linux)
21:10:39.758 [main] DEBUG com.github.dockerjava.zerodep.shaded.org.apache.hc.client5.http.headers -- http-outgoing-3 << Transfer-Encoding: chunked
21:10:39.758 [main] DEBUG com.github.dockerjava.zerodep.shaded.org.apache.hc.client5.http.impl.classic.MainClientExec -- ex-00000022: connection can be kept alive for 3 MINUTES
21:10:39.760 [main] DEBUG com.github.dockerjava.zerodep.shaded.org.apache.hc.client5.http.wire -- http-outgoing-3 << "1358[\r][\n]"
21:10:39.760 [main] DEBUG com.github.dockerjava.zerodep.shaded.org.apache.hc.client5.http.wire -- http-outgoing-3 << "{"Id":"4c13c1d3efcfb61cf4017fb71ddaac890a7f22763748289083a8aeb6ed2ab6cd","Created":"2025-05-09T18:10:38.313228474Z","Path":"docker-entrypoint.sh","Args":["postgres","-c","fsync=off"],"State":{"Status":"running","Running":true,"Paused":false,"Restarting":false,"OOMKilled":false,"Dead":false,"Pid":2200,"ExitCode":0,"Error":"","StartedAt":"2025-05-09T18:10:39.420529709Z","FinishedAt":"0001-01-01T00:00:00Z"},"Image":"sha256:fe3f571d128e8efadcd8b2fde0e2b73ebab6dbec33f6bfe69d98c682c7d8f7bd","ResolvConfPath":"/var/lib/docker/containers/4c13c1d3efcfb61cf4017fb71ddaac890a7f22763748289083a8aeb6ed2ab6cd/resolv.conf","HostnamePath":"/var/lib/docker/containers/4c13c1d3efcfb61cf4017fb71ddaac890a7f22763748289083a8aeb6ed2ab6cd/hostname","HostsPath":"/var/lib/docker/containers/4c13c1d3efcfb61cf4017fb71ddaac890a7f22763748289083a8aeb6ed2ab6cd/hosts","LogPath":"/var/lib/docker/containers/4c13c1d3efcfb61cf4017fb71ddaac890a7f22763748289083a8aeb6ed2ab6cd/4c13c1d3efcfb61cf4017fb71ddaac890a7f22763748289083a8aeb6ed2ab6cd-json.log","Name":"/naughty_elgamal","RestartCount":0,"Driver":"overlayfs","Platform":"linux","MountLabel":"","ProcessLabel":"","AppArmorProfile":"","ExecIDs":null,"HostConfig":{"Binds":[],"ContainerIDFile":"","LogConfig":{"Type":"json-file","Config":{}},"NetworkMode":"bridge","PortBindings":{"5432/tcp":[{"HostIp":"0.0.0.0","HostPort":"0"}]},"RestartPolicy":{"Name":"no","MaximumRetryCount":0},"AutoRemove":false,"VolumeDriver":"","VolumesFrom":[],"ConsoleSize":[0,0],"CapAdd":null,"CapDrop":null,"CgroupnsMode":"host","Dns":null,"DnsOptions":null,"DnsSearch":null,"ExtraHosts":[],"GroupAdd":null,"IpcMode":"shareable","Cgroup":"","Links":null,"OomScoreAdj":0,"PidMode":"","Privileged":false,"PublishAllPorts":false,"ReadonlyRootfs":false,"SecurityOpt":null,"UTSMode":"","UsernsMode":"","ShmSize":67108864,"Runtime":"runc","Isolation":"","CpuShares":0,"Memory":0,"NanoCpus":0,"CgroupParent":"","BlkioWeight":0,"BlkioWeightDevice":null,"BlkioDeviceReadBps":null,"BlkioDeviceWriteBps":null,"BlkioDeviceReadIOps":null,"BlkioDeviceWriteIOps":null,"CpuPeriod":0,"CpuQuota":0,"CpuRealtimePeriod":0,"CpuRealtimeRuntime":0,"CpusetCpus":"","CpusetMems":"","Devices":null,"DeviceCgroupRules":null,"DeviceRequests":null,"MemoryReservation":0,"MemorySwap":0,"MemorySwappiness":null,"OomKillDisable":false,"PidsLimit":null,"Ulimits":null,"CpuCount":0,"CpuPercent":0,"IOMaximumIOps":0,"IOMaximumBandwidth":0,"MaskedPaths":["/proc/asound","/proc/acpi","/proc/kcore","/proc/keys","/proc/latency_stats","/proc/timer_list","/proc/timer_stats","/proc/sched_debug","/proc/scsi","/sys/firmware","/sys/devices/virtual/powercap"],"ReadonlyPaths":["/proc/bus","/proc/fs","/proc/irq","/proc/sys","/proc/sysrq-trigger"]},"GraphDriver":{"Data":null,"Name":"overlayfs"},"Mounts":[{"Type":"volume","Name":"6a14552fd3c06236547b94d7a460cae53b1aef7823c3b0ffb9d4d23cac5367a6","Source":"/var/lib/docker/volumes/6a14552fd3c06236547b94d7a460cae53b1aef7823c3b0ffb9d4d23cac5367a6/_data","Destination":"/var/lib/postgresql/data","Driver":"local","Mode":"","RW":true,"Propagation":""}],"Config":{"Hostname":"4c13c1d3efcf","Domainname":"","User":"","AttachStdin":false,"AttachStdout":false,"AttachStderr":false,"ExposedPorts":{"5432/tcp":{}},"Tty":false,"OpenStdin":false,"StdinOnce":false,"Env":["POSTGRES_USER=postgres","POSTGRES_PASSWORD=Pofigict2005","POSTGRES_DB=pets","PATH=/usr/local/sbin:/usr/local/bin:/usr/sbin:/usr/bin:/sbin:/bin:/usr/lib/postgresql/17/bin","GOSU_VERSION=1.17","LANG=en_US.utf8","PG_MAJOR=17","PG_VERSION=17.4-1.pgdg120+2","PGDATA=/var/lib/postgresql/data"],"Cmd":["postgres","-c","fsync=off"],"Image":"postgres:17","Volumes":{"/var/lib/postgresql/data":{}},"WorkingDir":"","Entrypoint":["docker-entrypoint.sh"],"OnBuild":null,"Labels":{"org.testcontainers":"true","org.testcontainers.lang":"java","org.testcontainers.sessionId":"2a607c29-9f73-4ad7-8e0e-ab764e999503","org.testcontainers.version":"1.19.7"},"StopSignal":"SIGINT"},"NetworkSettings":{"Bridge":"","SandboxID":"c6bc5d9f52c2d019ce66803d8913775f04f883a3842fa4fedb9c200b5bd102bf","SandboxKey":"/var/run/docker/netns/c6bc5d9f52c2",""
21:10:39.761 [main] DEBUG com.github.dockerjava.zerodep.shaded.org.apache.hc.client5.http.wire -- http-outgoing-3 << "Ports":{"5432/tcp":[{"HostIp":"0.0.0.0","HostPort":"49864"}]},"HairpinMode":false,"LinkLocalIPv6Address":"","LinkLocalIPv6PrefixLen":0,"SecondaryIPAddresses":null,"SecondaryIPv6Addresses":null,"EndpointID":"94bed83c9c5eeeeece7bf1da9777bff824c20732edf819d85e67bcf6221536c9","Gateway":"172.17.0.1","GlobalIPv6Address":"","GlobalIPv6PrefixLen":0,"IPAddress":"172.17.0.3","IPPrefixLen":16,"IPv6Gateway":"","MacAddress":"02:42:ac:11:00:03","Networks":{"bridge":{"IPAMConfig":null,"Links":null,"Aliases":null,"MacAddress":"02:42:ac:11:00:03","DriverOpts":null,"NetworkID":"f0594820a60c9d6c1293e01ac8a804eac606a0cdb0dcd01c085bc8a3a64632ab","EndpointID":"94bed83c9c5eeeeece7bf1da9777bff824c20732edf819d85e67bcf6221536c9","Gateway":"172.17.0.1","IPAddress":"172.17.0.3","IPPrefixLen":16,"IPv6Gateway":"","GlobalIPv6Address":"","GlobalIPv6PrefixLen":0,"DNSNames":null}}}}[\n]"
21:10:39.762 [main] DEBUG com.github.dockerjava.zerodep.shaded.org.apache.hc.client5.http.wire -- http-outgoing-3 << "[\r][\n]"
21:10:39.762 [main] DEBUG com.github.dockerjava.zerodep.shaded.org.apache.hc.client5.http.wire -- http-outgoing-3 << "0[\r][\n]"
21:10:39.762 [main] DEBUG com.github.dockerjava.zerodep.shaded.org.apache.hc.client5.http.wire -- http-outgoing-3 << "[\r][\n]"
21:10:39.762 [main] DEBUG com.github.dockerjava.zerodep.shaded.org.apache.hc.client5.http.impl.classic.InternalHttpClient -- ep-00000021: releasing valid endpoint
21:10:39.762 [main] DEBUG com.github.dockerjava.zerodep.shaded.org.apache.hc.client5.http.impl.io.PoolingHttpClientConnectionManager -- ep-00000021: releasing endpoint
21:10:39.762 [main] DEBUG com.github.dockerjava.zerodep.shaded.org.apache.hc.client5.http.impl.io.PoolingHttpClientConnectionManager -- ep-00000021: connection http-outgoing-3 can be kept alive for 3 MINUTES
21:10:39.762 [main] DEBUG com.github.dockerjava.zerodep.shaded.org.apache.hc.client5.http.impl.io.PoolingHttpClientConnectionManager -- ep-00000021: connection released [route: {}->npipe://localhost:2375][total available: 1; route allocated: 1 of 2147483647; total allocated: 1 of 2147483647]
21:10:39.762 [main] DEBUG org.testcontainers.shaded.com.github.dockerjava.core.command.AbstrDockerCmd -- Cmd: sha256:fe3f571d128e8efadcd8b2fde0e2b73ebab6dbec33f6bfe69d98c682c7d8f7bd
21:10:39.763 [main] DEBUG com.github.dockerjava.zerodep.shaded.org.apache.hc.client5.http.impl.classic.InternalHttpClient -- ex-00000023: preparing request execution
21:10:39.763 [main] DEBUG com.github.dockerjava.zerodep.shaded.org.apache.hc.client5.http.protocol.RequestAddCookies -- Cookie spec selected: strict
21:10:39.763 [main] DEBUG com.github.dockerjava.zerodep.shaded.org.apache.hc.client5.http.protocol.RequestAuthCache -- Auth cache not set in the context
21:10:39.763 [main] DEBUG com.github.dockerjava.zerodep.shaded.org.apache.hc.client5.http.impl.classic.ProtocolExec -- ex-00000023: target auth state: UNCHALLENGED
21:10:39.763 [main] DEBUG com.github.dockerjava.zerodep.shaded.org.apache.hc.client5.http.impl.classic.ProtocolExec -- ex-00000023: proxy auth state: UNCHALLENGED
21:10:39.763 [main] DEBUG com.github.dockerjava.zerodep.shaded.org.apache.hc.client5.http.impl.classic.ConnectExec -- ex-00000023: acquiring connection with route {}->npipe://localhost:2375
21:10:39.763 [main] DEBUG com.github.dockerjava.zerodep.shaded.org.apache.hc.client5.http.impl.classic.InternalHttpClient -- ex-00000023: acquiring endpoint (3 MINUTES)
21:10:39.763 [main] DEBUG com.github.dockerjava.zerodep.shaded.org.apache.hc.client5.http.impl.io.PoolingHttpClientConnectionManager -- ex-00000023: endpoint lease request (3 MINUTES) [route: {}->npipe://localhost:2375][total available: 1; route allocated: 1 of 2147483647; total allocated: 1 of 2147483647]
21:10:39.763 [main] DEBUG com.github.dockerjava.zerodep.shaded.org.apache.hc.client5.http.impl.io.PoolingHttpClientConnectionManager -- ex-00000023: endpoint leased [route: {}->npipe://localhost:2375][total available: 0; route allocated: 1 of 2147483647; total allocated: 1 of 2147483647]
21:10:39.763 [main] DEBUG com.github.dockerjava.zerodep.shaded.org.apache.hc.client5.http.impl.io.PoolingHttpClientConnectionManager -- ex-00000023: acquired ep-00000022
21:10:39.763 [main] DEBUG com.github.dockerjava.zerodep.shaded.org.apache.hc.client5.http.impl.classic.InternalHttpClient -- ex-00000023: acquired endpoint ep-00000022
21:10:39.763 [main] DEBUG com.github.dockerjava.zerodep.shaded.org.apache.hc.client5.http.impl.classic.MainClientExec -- ex-00000023: executing GET /v1.32/images/sha256:fe3f571d128e8efadcd8b2fde0e2b73ebab6dbec33f6bfe69d98c682c7d8f7bd/json HTTP/1.1
21:10:39.763 [main] DEBUG com.github.dockerjava.zerodep.shaded.org.apache.hc.client5.http.impl.classic.InternalHttpClient -- ep-00000022: start execution ex-00000023
21:10:39.763 [main] DEBUG com.github.dockerjava.zerodep.shaded.org.apache.hc.client5.http.impl.io.PoolingHttpClientConnectionManager -- ep-00000022: executing exchange ex-00000023 over http-outgoing-3
21:10:39.763 [main] DEBUG com.github.dockerjava.zerodep.shaded.org.apache.hc.client5.http.headers -- http-outgoing-3 >> GET /v1.32/images/sha256:fe3f571d128e8efadcd8b2fde0e2b73ebab6dbec33f6bfe69d98c682c7d8f7bd/json HTTP/1.1
21:10:39.763 [main] DEBUG com.github.dockerjava.zerodep.shaded.org.apache.hc.client5.http.headers -- http-outgoing-3 >> accept: application/json
21:10:39.763 [main] DEBUG com.github.dockerjava.zerodep.shaded.org.apache.hc.client5.http.headers -- http-outgoing-3 >> x-tc-sid: 2a607c29-9f73-4ad7-8e0e-ab764e999503
21:10:39.763 [main] DEBUG com.github.dockerjava.zerodep.shaded.org.apache.hc.client5.http.headers -- http-outgoing-3 >> User-Agent: tc-java/1.19.7
21:10:39.763 [main] DEBUG com.github.dockerjava.zerodep.shaded.org.apache.hc.client5.http.headers -- http-outgoing-3 >> Accept-Encoding: gzip, x-gzip, deflate
21:10:39.763 [main] DEBUG com.github.dockerjava.zerodep.shaded.org.apache.hc.client5.http.headers -- http-outgoing-3 >> Host: localhost:2375
21:10:39.763 [main] DEBUG com.github.dockerjava.zerodep.shaded.org.apache.hc.client5.http.headers -- http-outgoing-3 >> Connection: keep-alive
21:10:39.763 [main] DEBUG com.github.dockerjava.zerodep.shaded.org.apache.hc.client5.http.wire -- http-outgoing-3 >> "GET /v1.32/images/sha256:fe3f571d128e8efadcd8b2fde0e2b73ebab6dbec33f6bfe69d98c682c7d8f7bd/json HTTP/1.1[\r][\n]"
21:10:39.763 [main] DEBUG com.github.dockerjava.zerodep.shaded.org.apache.hc.client5.http.wire -- http-outgoing-3 >> "accept: application/json[\r][\n]"
21:10:39.763 [main] DEBUG com.github.dockerjava.zerodep.shaded.org.apache.hc.client5.http.wire -- http-outgoing-3 >> "x-tc-sid: 2a607c29-9f73-4ad7-8e0e-ab764e999503[\r][\n]"
21:10:39.763 [main] DEBUG com.github.dockerjava.zerodep.shaded.org.apache.hc.client5.http.wire -- http-outgoing-3 >> "User-Agent: tc-java/1.19.7[\r][\n]"
21:10:39.763 [main] DEBUG com.github.dockerjava.zerodep.shaded.org.apache.hc.client5.http.wire -- http-outgoing-3 >> "Accept-Encoding: gzip, x-gzip, deflate[\r][\n]"
21:10:39.763 [main] DEBUG com.github.dockerjava.zerodep.shaded.org.apache.hc.client5.http.wire -- http-outgoing-3 >> "Host: localhost:2375[\r][\n]"
21:10:39.763 [main] DEBUG com.github.dockerjava.zerodep.shaded.org.apache.hc.client5.http.wire -- http-outgoing-3 >> "Connection: keep-alive[\r][\n]"
21:10:39.763 [main] DEBUG com.github.dockerjava.zerodep.shaded.org.apache.hc.client5.http.wire -- http-outgoing-3 >> "[\r][\n]"
21:10:39.800 [main] DEBUG com.github.dockerjava.zerodep.shaded.org.apache.hc.client5.http.wire -- http-outgoing-3 << "HTTP/1.1 200 OK[\r][\n]"
21:10:39.800 [main] DEBUG com.github.dockerjava.zerodep.shaded.org.apache.hc.client5.http.wire -- http-outgoing-3 << "Api-Version: 1.47[\r][\n]"
21:10:39.800 [main] DEBUG com.github.dockerjava.zerodep.shaded.org.apache.hc.client5.http.wire -- http-outgoing-3 << "Content-Type: application/json[\r][\n]"
21:10:39.800 [main] DEBUG com.github.dockerjava.zerodep.shaded.org.apache.hc.client5.http.wire -- http-outgoing-3 << "Date: Fri, 09 May 2025 18:10:39 GMT[\r][\n]"
21:10:39.800 [main] DEBUG com.github.dockerjava.zerodep.shaded.org.apache.hc.client5.http.wire -- http-outgoing-3 << "Docker-Experimental: false[\r][\n]"
21:10:39.800 [main] DEBUG com.github.dockerjava.zerodep.shaded.org.apache.hc.client5.http.wire -- http-outgoing-3 << "Ostype: linux[\r][\n]"
21:10:39.800 [main] DEBUG com.github.dockerjava.zerodep.shaded.org.apache.hc.client5.http.wire -- http-outgoing-3 << "Server: Docker/27.3.1 (linux)[\r][\n]"
21:10:39.800 [main] DEBUG com.github.dockerjava.zerodep.shaded.org.apache.hc.client5.http.wire -- http-outgoing-3 << "Transfer-Encoding: chunked[\r][\n]"
21:10:39.800 [main] DEBUG com.github.dockerjava.zerodep.shaded.org.apache.hc.client5.http.wire -- http-outgoing-3 << "[\r][\n]"
21:10:39.800 [main] DEBUG com.github.dockerjava.zerodep.shaded.org.apache.hc.client5.http.headers -- http-outgoing-3 << HTTP/1.1 200 OK
21:10:39.800 [main] DEBUG com.github.dockerjava.zerodep.shaded.org.apache.hc.client5.http.headers -- http-outgoing-3 << Api-Version: 1.47
21:10:39.800 [main] DEBUG com.github.dockerjava.zerodep.shaded.org.apache.hc.client5.http.headers -- http-outgoing-3 << Content-Type: application/json
21:10:39.800 [main] DEBUG com.github.dockerjava.zerodep.shaded.org.apache.hc.client5.http.headers -- http-outgoing-3 << Date: Fri, 09 May 2025 18:10:39 GMT
21:10:39.800 [main] DEBUG com.github.dockerjava.zerodep.shaded.org.apache.hc.client5.http.headers -- http-outgoing-3 << Docker-Experimental: false
21:10:39.800 [main] DEBUG com.github.dockerjava.zerodep.shaded.org.apache.hc.client5.http.headers -- http-outgoing-3 << Ostype: linux
21:10:39.800 [main] DEBUG com.github.dockerjava.zerodep.shaded.org.apache.hc.client5.http.headers -- http-outgoing-3 << Server: Docker/27.3.1 (linux)
21:10:39.800 [main] DEBUG com.github.dockerjava.zerodep.shaded.org.apache.hc.client5.http.headers -- http-outgoing-3 << Transfer-Encoding: chunked
21:10:39.800 [main] DEBUG com.github.dockerjava.zerodep.shaded.org.apache.hc.client5.http.impl.classic.MainClientExec -- ex-00000023: connection can be kept alive for 3 MINUTES
21:10:39.801 [main] DEBUG com.github.dockerjava.zerodep.shaded.org.apache.hc.client5.http.wire -- http-outgoing-3 << "993[\r][\n]"
21:10:39.801 [main] DEBUG com.github.dockerjava.zerodep.shaded.org.apache.hc.client5.http.wire -- http-outgoing-3 << "{"Id":"sha256:fe3f571d128e8efadcd8b2fde0e2b73ebab6dbec33f6bfe69d98c682c7d8f7bd","RepoTags":["postgres:17"],"RepoDigests":["postgres@sha256:fe3f571d128e8efadcd8b2fde0e2b73ebab6dbec33f6bfe69d98c682c7d8f7bd"],"Parent":"","Comment":"buildkit.dockerfile.v0","Created":"2025-02-27T00:53:12Z","ContainerConfig":{"Hostname":"","Domainname":"","User":"","AttachStdin":false,"AttachStdout":false,"AttachStderr":false,"Tty":false,"OpenStdin":false,"StdinOnce":false,"Env":null,"Cmd":null,"Image":"","Volumes":null,"WorkingDir":"","Entrypoint":null,"OnBuild":null,"Labels":null},"DockerVersion":"27.3.1","Author":"","Config":{"Hostname":"","Domainname":"","User":"","AttachStdin":false,"AttachStdout":false,"AttachStderr":false,"ExposedPorts":{"5432/tcp":{}},"Tty":false,"OpenStdin":false,"StdinOnce":false,"Env":["PATH=/usr/local/sbin:/usr/local/bin:/usr/sbin:/usr/bin:/sbin:/bin:/usr/lib/postgresql/17/bin","GOSU_VERSION=1.17","LANG=en_US.utf8","PG_MAJOR=17","PG_VERSION=17.4-1.pgdg120+2","PGDATA=/var/lib/postgresql/data"],"Cmd":["postgres"],"Image":"","Volumes":{"/var/lib/postgresql/data":{}},"WorkingDir":"","Entrypoint":["docker-entrypoint.sh"],"OnBuild":null,"Labels":null,"StopSignal":"SIGINT"},"Architecture":"amd64","Os":"linux","Size":156311477,"VirtualSize":156311477,"GraphDriver":{"Data":null,"Name":"overlayfs"},"RootFS":{"Type":"layers","Layers":["sha256:ea680fbff095473bb8a6c867938d6d851e11ef0c177fce983ccc83440172bd72","sha256:f176843a935e0975a8f03d07a145284baeeb63e84d2512537a37f3b1d52c3b29","sha256:862238bb2be47e9cb13f3f5240485e4af80514da2a26e1f43357ad643300f64e","sha256:f747a30e880f275c2dabe0fb6605e3704c59ba444ccdb86c066b48b651ab5879","sha256:635fb3176498a1fe063ef2a1885f81f620117cecaad4c22650e82cac4ce25f0a","sha256:6f710ddc9374073d9c983452535bf33f375091151d5e300de999dc671012cbea","sha256:f830447537abea08f3b7a16359e0f9479a5b04d4ab010adb7fb848bf82a93087","sha256:717e08d7d953068aefd48c70eb28d1be5d67f5618c32ceff50eae284de027973","sha256:b4d84475de44b478a164b3fefce0b88ba5b0a434b4f0b86cfe1082d6139f20b5","sha256:0d669016763db2713eeed6a019dccf1aaea2c67320eaf2143c8f56a58df93fbf","sha256:03ab6c80a339f76bfd74c0d29ed9a00cc64f0fa0db4f926c72af63329f632b53","sha256:1da9f465413d16a93996271a5fdcda4789936a2b311f1ae27069bc97cdb48b3c","sha256:b860bbb68b82ba6fd32c06ae465a0c960bb0a5fd075fd99b7e9104fd65d51044","sha256:79f3c1176f8202946d43c84bcda40dd7763b230839815e65b5632148d1a44716"]},"Metadata":{"LastTagTime":"2025-04-12T06:47:12.539878029Z"}}[\n]"
21:10:39.801 [main] DEBUG com.github.dockerjava.zerodep.shaded.org.apache.hc.client5.http.wire -- http-outgoing-3 << "[\r][\n]"
21:10:39.801 [main] DEBUG com.github.dockerjava.zerodep.shaded.org.apache.hc.client5.http.wire -- http-outgoing-3 << "0[\r][\n]"
21:10:39.801 [main] DEBUG com.github.dockerjava.zerodep.shaded.org.apache.hc.client5.http.wire -- http-outgoing-3 << "[\r][\n]"
21:10:39.802 [main] DEBUG com.github.dockerjava.zerodep.shaded.org.apache.hc.client5.http.impl.classic.InternalHttpClient -- ep-00000022: releasing valid endpoint
21:10:39.802 [main] DEBUG com.github.dockerjava.zerodep.shaded.org.apache.hc.client5.http.impl.io.PoolingHttpClientConnectionManager -- ep-00000022: releasing endpoint
21:10:39.803 [main] DEBUG com.github.dockerjava.zerodep.shaded.org.apache.hc.client5.http.impl.io.PoolingHttpClientConnectionManager -- ep-00000022: connection http-outgoing-3 can be kept alive for 3 MINUTES
21:10:39.803 [main] DEBUG com.github.dockerjava.zerodep.shaded.org.apache.hc.client5.http.impl.io.PoolingHttpClientConnectionManager -- ep-00000022: connection released [route: {}->npipe://localhost:2375][total available: 1; route allocated: 1 of 2147483647; total allocated: 1 of 2147483647]
21:10:39.803 [main] DEBUG org.testcontainers.shaded.com.github.dockerjava.core.command.AbstrDockerCmd -- Cmd: 
21:10:39.803 [main] DEBUG com.github.dockerjava.zerodep.shaded.org.apache.hc.client5.http.impl.classic.InternalHttpClient -- ex-00000024: preparing request execution
21:10:39.803 [main] DEBUG com.github.dockerjava.zerodep.shaded.org.apache.hc.client5.http.protocol.RequestAddCookies -- Cookie spec selected: strict
21:10:39.803 [main] DEBUG com.github.dockerjava.zerodep.shaded.org.apache.hc.client5.http.protocol.RequestAuthCache -- Auth cache not set in the context
21:10:39.803 [main] DEBUG com.github.dockerjava.zerodep.shaded.org.apache.hc.client5.http.impl.classic.ProtocolExec -- ex-00000024: target auth state: UNCHALLENGED
21:10:39.803 [main] DEBUG com.github.dockerjava.zerodep.shaded.org.apache.hc.client5.http.impl.classic.ProtocolExec -- ex-00000024: proxy auth state: UNCHALLENGED
21:10:39.803 [main] DEBUG com.github.dockerjava.zerodep.shaded.org.apache.hc.client5.http.impl.classic.ConnectExec -- ex-00000024: acquiring connection with route {}->npipe://localhost:2375
21:10:39.803 [main] DEBUG com.github.dockerjava.zerodep.shaded.org.apache.hc.client5.http.impl.classic.InternalHttpClient -- ex-00000024: acquiring endpoint (3 MINUTES)
21:10:39.804 [main] DEBUG com.github.dockerjava.zerodep.shaded.org.apache.hc.client5.http.impl.io.PoolingHttpClientConnectionManager -- ex-00000024: endpoint lease request (3 MINUTES) [route: {}->npipe://localhost:2375][total available: 1; route allocated: 1 of 2147483647; total allocated: 1 of 2147483647]
21:10:39.804 [main] DEBUG com.github.dockerjava.zerodep.shaded.org.apache.hc.client5.http.impl.io.PoolingHttpClientConnectionManager -- ex-00000024: endpoint leased [route: {}->npipe://localhost:2375][total available: 0; route allocated: 1 of 2147483647; total allocated: 1 of 2147483647]
21:10:39.804 [main] DEBUG com.github.dockerjava.zerodep.shaded.org.apache.hc.client5.http.impl.io.PoolingHttpClientConnectionManager -- ex-00000024: acquired ep-00000023
21:10:39.804 [main] DEBUG com.github.dockerjava.zerodep.shaded.org.apache.hc.client5.http.impl.classic.InternalHttpClient -- ex-00000024: acquired endpoint ep-00000023
21:10:39.804 [main] DEBUG com.github.dockerjava.zerodep.shaded.org.apache.hc.client5.http.impl.classic.MainClientExec -- ex-00000024: executing GET /v1.32/version HTTP/1.1
21:10:39.804 [main] DEBUG com.github.dockerjava.zerodep.shaded.org.apache.hc.client5.http.impl.classic.InternalHttpClient -- ep-00000023: start execution ex-00000024
21:10:39.804 [main] DEBUG com.github.dockerjava.zerodep.shaded.org.apache.hc.client5.http.impl.io.PoolingHttpClientConnectionManager -- ep-00000023: executing exchange ex-00000024 over http-outgoing-3
21:10:39.804 [main] DEBUG com.github.dockerjava.zerodep.shaded.org.apache.hc.client5.http.headers -- http-outgoing-3 >> GET /v1.32/version HTTP/1.1
21:10:39.804 [main] DEBUG com.github.dockerjava.zerodep.shaded.org.apache.hc.client5.http.headers -- http-outgoing-3 >> accept: application/json
21:10:39.804 [main] DEBUG com.github.dockerjava.zerodep.shaded.org.apache.hc.client5.http.headers -- http-outgoing-3 >> x-tc-sid: 2a607c29-9f73-4ad7-8e0e-ab764e999503
21:10:39.804 [main] DEBUG com.github.dockerjava.zerodep.shaded.org.apache.hc.client5.http.headers -- http-outgoing-3 >> User-Agent: tc-java/1.19.7
21:10:39.804 [main] DEBUG com.github.dockerjava.zerodep.shaded.org.apache.hc.client5.http.headers -- http-outgoing-3 >> Accept-Encoding: gzip, x-gzip, deflate
21:10:39.804 [main] DEBUG com.github.dockerjava.zerodep.shaded.org.apache.hc.client5.http.headers -- http-outgoing-3 >> Host: localhost:2375
21:10:39.804 [main] DEBUG com.github.dockerjava.zerodep.shaded.org.apache.hc.client5.http.headers -- http-outgoing-3 >> Connection: keep-alive
21:10:39.804 [main] DEBUG com.github.dockerjava.zerodep.shaded.org.apache.hc.client5.http.wire -- http-outgoing-3 >> "GET /v1.32/version HTTP/1.1[\r][\n]"
21:10:39.804 [main] DEBUG com.github.dockerjava.zerodep.shaded.org.apache.hc.client5.http.wire -- http-outgoing-3 >> "accept: application/json[\r][\n]"
21:10:39.804 [main] DEBUG com.github.dockerjava.zerodep.shaded.org.apache.hc.client5.http.wire -- http-outgoing-3 >> "x-tc-sid: 2a607c29-9f73-4ad7-8e0e-ab764e999503[\r][\n]"
21:10:39.804 [main] DEBUG com.github.dockerjava.zerodep.shaded.org.apache.hc.client5.http.wire -- http-outgoing-3 >> "User-Agent: tc-java/1.19.7[\r][\n]"
21:10:39.804 [main] DEBUG com.github.dockerjava.zerodep.shaded.org.apache.hc.client5.http.wire -- http-outgoing-3 >> "Accept-Encoding: gzip, x-gzip, deflate[\r][\n]"
21:10:39.804 [main] DEBUG com.github.dockerjava.zerodep.shaded.org.apache.hc.client5.http.wire -- http-outgoing-3 >> "Host: localhost:2375[\r][\n]"
21:10:39.804 [main] DEBUG com.github.dockerjava.zerodep.shaded.org.apache.hc.client5.http.wire -- http-outgoing-3 >> "Connection: keep-alive[\r][\n]"
21:10:39.804 [main] DEBUG com.github.dockerjava.zerodep.shaded.org.apache.hc.client5.http.wire -- http-outgoing-3 >> "[\r][\n]"
21:10:39.818 [main] DEBUG com.github.dockerjava.zerodep.shaded.org.apache.hc.client5.http.wire -- http-outgoing-3 << "HTTP/1.1 200 OK[\r][\n]"
21:10:39.818 [main] DEBUG com.github.dockerjava.zerodep.shaded.org.apache.hc.client5.http.wire -- http-outgoing-3 << "Api-Version: 1.47[\r][\n]"
21:10:39.819 [main] DEBUG com.github.dockerjava.zerodep.shaded.org.apache.hc.client5.http.wire -- http-outgoing-3 << "Content-Type: application/json[\r][\n]"
21:10:39.819 [main] DEBUG com.github.dockerjava.zerodep.shaded.org.apache.hc.client5.http.wire -- http-outgoing-3 << "Date: Fri, 09 May 2025 18:10:39 GMT[\r][\n]"
21:10:39.819 [main] DEBUG com.github.dockerjava.zerodep.shaded.org.apache.hc.client5.http.wire -- http-outgoing-3 << "Docker-Experimental: false[\r][\n]"
21:10:39.819 [main] DEBUG com.github.dockerjava.zerodep.shaded.org.apache.hc.client5.http.wire -- http-outgoing-3 << "Ostype: linux[\r][\n]"
21:10:39.819 [main] DEBUG com.github.dockerjava.zerodep.shaded.org.apache.hc.client5.http.wire -- http-outgoing-3 << "Server: Docker/27.3.1 (linux)[\r][\n]"
21:10:39.819 [main] DEBUG com.github.dockerjava.zerodep.shaded.org.apache.hc.client5.http.wire -- http-outgoing-3 << "Transfer-Encoding: chunked[\r][\n]"
21:10:39.819 [main] DEBUG com.github.dockerjava.zerodep.shaded.org.apache.hc.client5.http.wire -- http-outgoing-3 << "[\r][\n]"
21:10:39.819 [main] DEBUG com.github.dockerjava.zerodep.shaded.org.apache.hc.client5.http.headers -- http-outgoing-3 << HTTP/1.1 200 OK
21:10:39.819 [main] DEBUG com.github.dockerjava.zerodep.shaded.org.apache.hc.client5.http.headers -- http-outgoing-3 << Api-Version: 1.47
21:10:39.819 [main] DEBUG com.github.dockerjava.zerodep.shaded.org.apache.hc.client5.http.headers -- http-outgoing-3 << Content-Type: application/json
21:10:39.819 [main] DEBUG com.github.dockerjava.zerodep.shaded.org.apache.hc.client5.http.headers -- http-outgoing-3 << Date: Fri, 09 May 2025 18:10:39 GMT
21:10:39.819 [main] DEBUG com.github.dockerjava.zerodep.shaded.org.apache.hc.client5.http.headers -- http-outgoing-3 << Docker-Experimental: false
21:10:39.819 [main] DEBUG com.github.dockerjava.zerodep.shaded.org.apache.hc.client5.http.headers -- http-outgoing-3 << Ostype: linux
21:10:39.819 [main] DEBUG com.github.dockerjava.zerodep.shaded.org.apache.hc.client5.http.headers -- http-outgoing-3 << Server: Docker/27.3.1 (linux)
21:10:39.819 [main] DEBUG com.github.dockerjava.zerodep.shaded.org.apache.hc.client5.http.headers -- http-outgoing-3 << Transfer-Encoding: chunked
21:10:39.819 [main] DEBUG com.github.dockerjava.zerodep.shaded.org.apache.hc.client5.http.impl.classic.MainClientExec -- ex-00000024: connection can be kept alive for 3 MINUTES
21:10:39.819 [main] DEBUG com.github.dockerjava.zerodep.shaded.org.apache.hc.client5.http.wire -- http-outgoing-3 << "35f[\r][\n]"
21:10:39.820 [main] DEBUG com.github.dockerjava.zerodep.shaded.org.apache.hc.client5.http.wire -- http-outgoing-3 << "{"Platform":{"Name":"Docker Desktop 4.36.0 (175267)"},"Components":[{"Name":"Engine","Version":"27.3.1","Details":{"ApiVersion":"1.47","Arch":"amd64","BuildTime":"2024-09-20T11:41:11.000000000+00:00","Experimental":"false","GitCommit":"41ca978","GoVersion":"go1.22.7","KernelVersion":"5.15.167.4-microsoft-standard-WSL2","MinAPIVersion":"1.24","Os":"linux"}},{"Name":"containerd","Version":"1.7.21","Details":{"GitCommit":"472731909fa34bd7bc9c087e4c27943f9835f111"}},{"Name":"runc","Version":"1.1.13","Details":{"GitCommit":"v1.1.13-0-g58aa920"}},{"Name":"docker-init","Version":"0.19.0","Details":{"GitCommit":"de40ad0"}}],"Version":"27.3.1","ApiVersion":"1.47","MinAPIVersion":"1.24","GitCommit":"41ca978","GoVersion":"go1.22.7","Os":"linux","Arch":"amd64","KernelVersion":"5.15.167.4-microsoft-standard-WSL2","BuildTime":"2024-09-20T11:41:11.000000000+00:00"}[\n]"
21:10:39.820 [main] DEBUG com.github.dockerjava.zerodep.shaded.org.apache.hc.client5.http.wire -- http-outgoing-3 << "[\r][\n]"
21:10:39.820 [main] DEBUG com.github.dockerjava.zerodep.shaded.org.apache.hc.client5.http.wire -- http-outgoing-3 << "0[\r][\n]"
21:10:39.820 [main] DEBUG com.github.dockerjava.zerodep.shaded.org.apache.hc.client5.http.wire -- http-outgoing-3 << "[\r][\n]"
21:10:39.820 [main] DEBUG com.github.dockerjava.zerodep.shaded.org.apache.hc.client5.http.impl.classic.InternalHttpClient -- ep-00000023: releasing valid endpoint
21:10:39.820 [main] DEBUG com.github.dockerjava.zerodep.shaded.org.apache.hc.client5.http.impl.io.PoolingHttpClientConnectionManager -- ep-00000023: releasing endpoint
21:10:39.820 [main] DEBUG com.github.dockerjava.zerodep.shaded.org.apache.hc.client5.http.impl.io.PoolingHttpClientConnectionManager -- ep-00000023: connection http-outgoing-3 can be kept alive for 3 MINUTES
21:10:39.820 [main] DEBUG com.github.dockerjava.zerodep.shaded.org.apache.hc.client5.http.impl.io.PoolingHttpClientConnectionManager -- ep-00000023: connection released [route: {}->npipe://localhost:2375][total available: 1; route allocated: 1 of 2147483647; total allocated: 1 of 2147483647]
21:10:39.827 [docker-java-stream-1873660600] DEBUG com.github.dockerjava.zerodep.shaded.org.apache.hc.client5.http.impl.classic.InternalHttpClient -- ex-00000025: preparing request execution
21:10:39.828 [docker-java-stream-1873660600] DEBUG com.github.dockerjava.zerodep.shaded.org.apache.hc.client5.http.protocol.RequestAddCookies -- Cookie spec selected: strict
21:10:39.828 [docker-java-stream-1873660600] DEBUG com.github.dockerjava.zerodep.shaded.org.apache.hc.client5.http.protocol.RequestAuthCache -- Auth cache not set in the context
21:10:39.828 [docker-java-stream-1873660600] DEBUG com.github.dockerjava.zerodep.shaded.org.apache.hc.client5.http.impl.classic.ProtocolExec -- ex-00000025: target auth state: UNCHALLENGED
21:10:39.828 [docker-java-stream-1873660600] DEBUG com.github.dockerjava.zerodep.shaded.org.apache.hc.client5.http.impl.classic.ProtocolExec -- ex-00000025: proxy auth state: UNCHALLENGED
21:10:39.828 [docker-java-stream-1873660600] DEBUG com.github.dockerjava.zerodep.shaded.org.apache.hc.client5.http.impl.classic.ConnectExec -- ex-00000025: acquiring connection with route {}->npipe://localhost:2375
21:10:39.828 [docker-java-stream-1873660600] DEBUG com.github.dockerjava.zerodep.shaded.org.apache.hc.client5.http.impl.classic.InternalHttpClient -- ex-00000025: acquiring endpoint (3 MINUTES)
21:10:39.828 [docker-java-stream-1873660600] DEBUG com.github.dockerjava.zerodep.shaded.org.apache.hc.client5.http.impl.io.PoolingHttpClientConnectionManager -- ex-00000025: endpoint lease request (3 MINUTES) [route: {}->npipe://localhost:2375][total available: 1; route allocated: 1 of 2147483647; total allocated: 1 of 2147483647]
21:10:39.828 [docker-java-stream-1873660600] DEBUG com.github.dockerjava.zerodep.shaded.org.apache.hc.client5.http.impl.io.PoolingHttpClientConnectionManager -- ex-00000025: endpoint leased [route: {}->npipe://localhost:2375][total available: 0; route allocated: 1 of 2147483647; total allocated: 1 of 2147483647]
21:10:39.828 [docker-java-stream-1873660600] DEBUG com.github.dockerjava.zerodep.shaded.org.apache.hc.client5.http.impl.io.PoolingHttpClientConnectionManager -- ex-00000025: acquired ep-00000024
21:10:39.828 [docker-java-stream-1873660600] DEBUG com.github.dockerjava.zerodep.shaded.org.apache.hc.client5.http.impl.classic.InternalHttpClient -- ex-00000025: acquired endpoint ep-00000024
21:10:39.829 [docker-java-stream-1873660600] DEBUG com.github.dockerjava.zerodep.shaded.org.apache.hc.client5.http.impl.classic.MainClientExec -- ex-00000025: executing GET /v1.32/containers/4c13c1d3efcfb61cf4017fb71ddaac890a7f22763748289083a8aeb6ed2ab6cd/logs?stdout=true&stderr=true&follow=true&since=0 HTTP/1.1
21:10:39.829 [docker-java-stream-1873660600] DEBUG com.github.dockerjava.zerodep.shaded.org.apache.hc.client5.http.impl.classic.InternalHttpClient -- ep-00000024: start execution ex-00000025
21:10:39.829 [docker-java-stream-1873660600] DEBUG com.github.dockerjava.zerodep.shaded.org.apache.hc.client5.http.impl.io.PoolingHttpClientConnectionManager -- ep-00000024: executing exchange ex-00000025 over http-outgoing-3
21:10:39.829 [docker-java-stream-1873660600] DEBUG com.github.dockerjava.zerodep.shaded.org.apache.hc.client5.http.headers -- http-outgoing-3 >> GET /v1.32/containers/4c13c1d3efcfb61cf4017fb71ddaac890a7f22763748289083a8aeb6ed2ab6cd/logs?stdout=true&stderr=true&follow=true&since=0 HTTP/1.1
21:10:39.829 [docker-java-stream-1873660600] DEBUG com.github.dockerjava.zerodep.shaded.org.apache.hc.client5.http.headers -- http-outgoing-3 >> x-tc-sid: 2a607c29-9f73-4ad7-8e0e-ab764e999503
21:10:39.829 [docker-java-stream-1873660600] DEBUG com.github.dockerjava.zerodep.shaded.org.apache.hc.client5.http.headers -- http-outgoing-3 >> User-Agent: tc-java/1.19.7
21:10:39.829 [docker-java-stream-1873660600] DEBUG com.github.dockerjava.zerodep.shaded.org.apache.hc.client5.http.headers -- http-outgoing-3 >> Accept-Encoding: gzip, x-gzip, deflate
21:10:39.829 [docker-java-stream-1873660600] DEBUG com.github.dockerjava.zerodep.shaded.org.apache.hc.client5.http.headers -- http-outgoing-3 >> Host: localhost:2375
21:10:39.829 [docker-java-stream-1873660600] DEBUG com.github.dockerjava.zerodep.shaded.org.apache.hc.client5.http.headers -- http-outgoing-3 >> Connection: keep-alive
21:10:39.829 [docker-java-stream-1873660600] DEBUG com.github.dockerjava.zerodep.shaded.org.apache.hc.client5.http.wire -- http-outgoing-3 >> "GET /v1.32/containers/4c13c1d3efcfb61cf4017fb71ddaac890a7f22763748289083a8aeb6ed2ab6cd/logs?stdout=true&stderr=true&follow=true&since=0 HTTP/1.1[\r][\n]"
21:10:39.829 [docker-java-stream-1873660600] DEBUG com.github.dockerjava.zerodep.shaded.org.apache.hc.client5.http.wire -- http-outgoing-3 >> "x-tc-sid: 2a607c29-9f73-4ad7-8e0e-ab764e999503[\r][\n]"
21:10:39.829 [docker-java-stream-1873660600] DEBUG com.github.dockerjava.zerodep.shaded.org.apache.hc.client5.http.wire -- http-outgoing-3 >> "User-Agent: tc-java/1.19.7[\r][\n]"
21:10:39.829 [docker-java-stream-1873660600] DEBUG com.github.dockerjava.zerodep.shaded.org.apache.hc.client5.http.wire -- http-outgoing-3 >> "Accept-Encoding: gzip, x-gzip, deflate[\r][\n]"
21:10:39.829 [docker-java-stream-1873660600] DEBUG com.github.dockerjava.zerodep.shaded.org.apache.hc.client5.http.wire -- http-outgoing-3 >> "Host: localhost:2375[\r][\n]"
21:10:39.829 [docker-java-stream-1873660600] DEBUG com.github.dockerjava.zerodep.shaded.org.apache.hc.client5.http.wire -- http-outgoing-3 >> "Connection: keep-alive[\r][\n]"
21:10:39.829 [docker-java-stream-1873660600] DEBUG com.github.dockerjava.zerodep.shaded.org.apache.hc.client5.http.wire -- http-outgoing-3 >> "[\r][\n]"
21:10:39.834 [docker-java-stream-1873660600] DEBUG com.github.dockerjava.zerodep.shaded.org.apache.hc.client5.http.wire -- http-outgoing-3 << "HTTP/1.1 200 OK[\r][\n]"
21:10:39.835 [docker-java-stream-1873660600] DEBUG com.github.dockerjava.zerodep.shaded.org.apache.hc.client5.http.wire -- http-outgoing-3 << "Api-Version: 1.47[\r][\n]"
21:10:39.835 [docker-java-stream-1873660600] DEBUG com.github.dockerjava.zerodep.shaded.org.apache.hc.client5.http.wire -- http-outgoing-3 << "Content-Type: application/vnd.docker.raw-stream[\r][\n]"
21:10:39.835 [docker-java-stream-1873660600] DEBUG com.github.dockerjava.zerodep.shaded.org.apache.hc.client5.http.wire -- http-outgoing-3 << "Date: Fri, 09 May 2025 18:10:39 GMT[\r][\n]"
21:10:39.835 [docker-java-stream-1873660600] DEBUG com.github.dockerjava.zerodep.shaded.org.apache.hc.client5.http.wire -- http-outgoing-3 << "Docker-Experimental: false[\r][\n]"
21:10:39.835 [docker-java-stream-1873660600] DEBUG com.github.dockerjava.zerodep.shaded.org.apache.hc.client5.http.wire -- http-outgoing-3 << "Ostype: linux[\r][\n]"
21:10:39.835 [docker-java-stream-1873660600] DEBUG com.github.dockerjava.zerodep.shaded.org.apache.hc.client5.http.wire -- http-outgoing-3 << "Server: Docker/27.3.1 (linux)[\r][\n]"
21:10:39.835 [docker-java-stream-1873660600] DEBUG com.github.dockerjava.zerodep.shaded.org.apache.hc.client5.http.wire -- http-outgoing-3 << "Transfer-Encoding: chunked[\r][\n]"
21:10:39.835 [docker-java-stream-1873660600] DEBUG com.github.dockerjava.zerodep.shaded.org.apache.hc.client5.http.wire -- http-outgoing-3 << "[\r][\n]"
21:10:39.835 [docker-java-stream-1873660600] DEBUG com.github.dockerjava.zerodep.shaded.org.apache.hc.client5.http.headers -- http-outgoing-3 << HTTP/1.1 200 OK
21:10:39.835 [docker-java-stream-1873660600] DEBUG com.github.dockerjava.zerodep.shaded.org.apache.hc.client5.http.headers -- http-outgoing-3 << Api-Version: 1.47
21:10:39.835 [docker-java-stream-1873660600] DEBUG com.github.dockerjava.zerodep.shaded.org.apache.hc.client5.http.headers -- http-outgoing-3 << Content-Type: application/vnd.docker.raw-stream
21:10:39.835 [docker-java-stream-1873660600] DEBUG com.github.dockerjava.zerodep.shaded.org.apache.hc.client5.http.headers -- http-outgoing-3 << Date: Fri, 09 May 2025 18:10:39 GMT
21:10:39.835 [docker-java-stream-1873660600] DEBUG com.github.dockerjava.zerodep.shaded.org.apache.hc.client5.http.headers -- http-outgoing-3 << Docker-Experimental: false
21:10:39.835 [docker-java-stream-1873660600] DEBUG com.github.dockerjava.zerodep.shaded.org.apache.hc.client5.http.headers -- http-outgoing-3 << Ostype: linux
21:10:39.835 [docker-java-stream-1873660600] DEBUG com.github.dockerjava.zerodep.shaded.org.apache.hc.client5.http.headers -- http-outgoing-3 << Server: Docker/27.3.1 (linux)
21:10:39.835 [docker-java-stream-1873660600] DEBUG com.github.dockerjava.zerodep.shaded.org.apache.hc.client5.http.headers -- http-outgoing-3 << Transfer-Encoding: chunked
21:10:39.836 [docker-java-stream-1873660600] DEBUG com.github.dockerjava.zerodep.shaded.org.apache.hc.client5.http.impl.classic.MainClientExec -- ex-00000025: connection can be kept alive for 3 MINUTES
21:10:39.836 [docker-java-stream-1873660600] DEBUG com.github.dockerjava.zerodep.shaded.org.apache.hc.client5.http.wire -- http-outgoing-3 << "2ce[\r][\n]"
21:10:39.836 [docker-java-stream-1873660600] DEBUG com.github.dockerjava.zerodep.shaded.org.apache.hc.client5.http.wire -- http-outgoing-3 << "[0x1][0x0][0x0][0x0][0x0][0x0][0x0]NThe files belonging to this database system will be owned by user "postgres".[\n]"
21:10:39.836 [docker-java-stream-1873660600] DEBUG com.github.dockerjava.zerodep.shaded.org.apache.hc.client5.http.wire -- http-outgoing-3 << "[0x1][0x0][0x0][0x0][0x0][0x0][0x0],This user must also own the server process.[\n]"
21:10:39.836 [docker-java-stream-1873660600] DEBUG com.github.dockerjava.zerodep.shaded.org.apache.hc.client5.http.wire -- http-outgoing-3 << "[0x1][0x0][0x0][0x0][0x0][0x0][0x0][0x1][\n]"
21:10:39.836 [docker-java-stream-1873660600] DEBUG com.github.dockerjava.zerodep.shaded.org.apache.hc.client5.http.wire -- http-outgoing-3 << "[0x1][0x0][0x0][0x0][0x0][0x0][0x0]CThe database cluster will be initialized with locale "en_US.utf8".[\n]"
21:10:39.836 [docker-java-stream-1873660600] DEBUG com.github.dockerjava.zerodep.shaded.org.apache.hc.client5.http.wire -- http-outgoing-3 << "[0x1][0x0][0x0][0x0][0x0][0x0][0x0]BThe default database encoding has accordingly been set to "UTF8".[\n]"
21:10:39.836 [docker-java-stream-1873660600] DEBUG com.github.dockerjava.zerodep.shaded.org.apache.hc.client5.http.wire -- http-outgoing-3 << "[0x1][0x0][0x0][0x0][0x0][0x0][0x0]@The default text search configuration will be set to "english".[\n]"
21:10:39.836 [docker-java-stream-1873660600] DEBUG com.github.dockerjava.zerodep.shaded.org.apache.hc.client5.http.wire -- http-outgoing-3 << "[0x1][0x0][0x0][0x0][0x0][0x0][0x0][0x1][\n]"
21:10:39.836 [docker-java-stream-1873660600] DEBUG com.github.dockerjava.zerodep.shaded.org.apache.hc.client5.http.wire -- http-outgoing-3 << "[0x1][0x0][0x0][0x0][0x0][0x0][0x0]"Data page checksums are disabled.[\n]"
21:10:39.836 [docker-java-stream-1873660600] DEBUG com.github.dockerjava.zerodep.shaded.org.apache.hc.client5.http.wire -- http-outgoing-3 << "[0x1][0x0][0x0][0x0][0x0][0x0][0x0][0x1][\n]"
21:10:39.836 [docker-java-stream-1873660600] DEBUG com.github.dockerjava.zerodep.shaded.org.apache.hc.client5.http.wire -- http-outgoing-3 << "[0x1][0x0][0x0][0x0][0x0][0x0][0x0]Ifixing permissions on existing directory /var/lib/postgresql/data ... ok[\n]"
21:10:39.836 [docker-java-stream-1873660600] DEBUG com.github.dockerjava.zerodep.shaded.org.apache.hc.client5.http.wire -- http-outgoing-3 << "[0x1][0x0][0x0][0x0][0x0][0x0][0x0][0x1f]creating subdirectories ... ok[\n]"
21:10:39.836 [docker-java-stream-1873660600] DEBUG com.github.dockerjava.zerodep.shaded.org.apache.hc.client5.http.wire -- http-outgoing-3 << "[0x1][0x0][0x0][0x0][0x0][0x0][0x0]9selecting dynamic shared memory implementation ... posix[\n]"
21:10:39.836 [docker-java-stream-1873660600] DEBUG com.github.dockerjava.zerodep.shaded.org.apache.hc.client5.http.wire -- http-outgoing-3 << "[0x1][0x0][0x0][0x0][0x0][0x0][0x0],selecting default "max_connections" ... 100[\n]"
21:10:39.836 [docker-java-stream-1873660600] DEBUG com.github.dockerjava.zerodep.shaded.org.apache.hc.client5.http.wire -- http-outgoing-3 << "[0x1][0x0][0x0][0x0][0x0][0x0][0x0]-selecting default "shared_buffers" ... 128MB[\n]"
21:10:39.836 [docker-java-stream-1873660600] DEBUG com.github.dockerjava.zerodep.shaded.org.apache.hc.client5.http.wire -- http-outgoing-3 << "[\r][\n]"
21:10:39.836 [main] DEBUG org.testcontainers.containers.output.WaitingConsumer -- STDOUT: The files belonging to this database system will be owned by user "postgres".
21:10:39.837 [main] DEBUG org.testcontainers.containers.output.WaitingConsumer -- STDOUT: creating subdirectories ... ok
21:10:39.837 [main] DEBUG org.testcontainers.containers.output.WaitingConsumer -- STDOUT: selecting default "shared_buffers" ... 128MB
21:10:39.837 [main] DEBUG org.testcontainers.containers.output.WaitingConsumer -- STDOUT: selecting default "max_connections" ... 100
21:10:39.837 [main] DEBUG org.testcontainers.containers.output.WaitingConsumer -- STDOUT: selecting dynamic shared memory implementation ... posix
21:10:39.837 [main] DEBUG org.testcontainers.containers.output.WaitingConsumer -- STDOUT: fixing permissions on existing directory /var/lib/postgresql/data ... ok
21:10:39.837 [main] DEBUG org.testcontainers.containers.output.WaitingConsumer -- STDOUT: 
21:10:39.837 [main] DEBUG org.testcontainers.containers.output.WaitingConsumer -- STDOUT: Data page checksums are disabled.
21:10:39.837 [main] DEBUG org.testcontainers.containers.output.WaitingConsumer -- STDOUT: 
21:10:39.837 [main] DEBUG org.testcontainers.containers.output.WaitingConsumer -- STDOUT: The default text search configuration will be set to "english".
21:10:39.837 [main] DEBUG org.testcontainers.containers.output.WaitingConsumer -- STDOUT: The default database encoding has accordingly been set to "UTF8".
21:10:39.837 [main] DEBUG org.testcontainers.containers.output.WaitingConsumer -- STDOUT: The database cluster will be initialized with locale "en_US.utf8".
21:10:39.837 [main] DEBUG org.testcontainers.containers.output.WaitingConsumer -- STDOUT: 
21:10:39.837 [main] DEBUG org.testcontainers.containers.output.WaitingConsumer -- STDOUT: This user must also own the server process.
21:10:39.881 [docker-java-stream-1873660600] DEBUG com.github.dockerjava.zerodep.shaded.org.apache.hc.client5.http.wire -- http-outgoing-3 << "5c[\r][\n]"
21:10:39.881 [docker-java-stream-1873660600] DEBUG com.github.dockerjava.zerodep.shaded.org.apache.hc.client5.http.wire -- http-outgoing-3 << "[0x1][0x0][0x0][0x0][0x0][0x0][0x0](selecting default time zone ... Etc/UTC[\n]"
21:10:39.881 [docker-java-stream-1873660600] DEBUG com.github.dockerjava.zerodep.shaded.org.apache.hc.client5.http.wire -- http-outgoing-3 << "[0x1][0x0][0x0][0x0][0x0][0x0][0x0]$creating configuration files ... ok[\n]"
21:10:39.881 [docker-java-stream-1873660600] DEBUG com.github.dockerjava.zerodep.shaded.org.apache.hc.client5.http.wire -- http-outgoing-3 << "[\r][\n]"
21:10:39.882 [main] DEBUG org.testcontainers.containers.output.WaitingConsumer -- STDOUT: creating configuration files ... ok
21:10:39.882 [main] DEBUG org.testcontainers.containers.output.WaitingConsumer -- STDOUT: selecting default time zone ... Etc/UTC
21:10:40.178 [docker-java-stream-1873660600] DEBUG com.github.dockerjava.zerodep.shaded.org.apache.hc.client5.http.wire -- http-outgoing-3 << "28[\r][\n]"
21:10:40.178 [docker-java-stream-1873660600] DEBUG com.github.dockerjava.zerodep.shaded.org.apache.hc.client5.http.wire -- http-outgoing-3 << "[0x1][0x0][0x0][0x0][0x0][0x0][0x0] running bootstrap script ... ok[\n]"
21:10:40.178 [docker-java-stream-1873660600] DEBUG com.github.dockerjava.zerodep.shaded.org.apache.hc.client5.http.wire -- http-outgoing-3 << "[\r][\n]"
21:10:40.178 [main] DEBUG org.testcontainers.containers.output.WaitingConsumer -- STDOUT: running bootstrap script ... ok
21:10:40.703 [docker-java-stream-1873660600] DEBUG com.github.dockerjava.zerodep.shaded.org.apache.hc.client5.http.wire -- http-outgoing-3 << "38[\r][\n]"
21:10:40.703 [docker-java-stream-1873660600] DEBUG com.github.dockerjava.zerodep.shaded.org.apache.hc.client5.http.wire -- http-outgoing-3 << "[0x1][0x0][0x0][0x0][0x0][0x0][0x0]0performing post-bootstrap initialization ... ok[\n]"
21:10:40.703 [docker-java-stream-1873660600] DEBUG com.github.dockerjava.zerodep.shaded.org.apache.hc.client5.http.wire -- http-outgoing-3 << "[\r][\n]"
21:10:40.703 [main] DEBUG org.testcontainers.containers.output.WaitingConsumer -- STDOUT: performing post-bootstrap initialization ... ok
21:10:41.253 [docker-java-stream-1873660600] DEBUG com.github.dockerjava.zerodep.shaded.org.apache.hc.client5.http.wire -- http-outgoing-3 << "1ad[\r][\n]"
21:10:41.253 [docker-java-stream-1873660600] DEBUG com.github.dockerjava.zerodep.shaded.org.apache.hc.client5.http.wire -- http-outgoing-3 << "[0x2][0x0][0x0][0x0][0x0][0x0][0x0]Ginitdb: warning: enabling "trust" authentication for local connections[\n]"
21:10:41.253 [docker-java-stream-1873660600] DEBUG com.github.dockerjava.zerodep.shaded.org.apache.hc.client5.http.wire -- http-outgoing-3 << "[0x2][0x0][0x0][0x0][0x0][0x0][0x0][0xffffff90]initdb: hint: You can change this by editing pg_hba.conf or using the option -A, or --auth-local and --auth-host, the next time you run initdb.[\n]"
21:10:41.253 [docker-java-stream-1873660600] DEBUG com.github.dockerjava.zerodep.shaded.org.apache.hc.client5.http.wire -- http-outgoing-3 << "[0x1][0x0][0x0][0x0][0x0][0x0][0x0][0x1c]syncing data to disk ... ok[\n]"
21:10:41.253 [docker-java-stream-1873660600] DEBUG com.github.dockerjava.zerodep.shaded.org.apache.hc.client5.http.wire -- http-outgoing-3 << "[0x1][0x0][0x0][0x0][0x0][0x0][0x0][0x1][\n]"
21:10:41.253 [docker-java-stream-1873660600] DEBUG com.github.dockerjava.zerodep.shaded.org.apache.hc.client5.http.wire -- http-outgoing-3 << "[0x1][0x0][0x0][0x0][0x0][0x0][0x0][0x1][\n]"
21:10:41.253 [docker-java-stream-1873660600] DEBUG com.github.dockerjava.zerodep.shaded.org.apache.hc.client5.http.wire -- http-outgoing-3 << "[0x1][0x0][0x0][0x0][0x0][0x0][0x0]6Success. You can now start the database server using:[\n]"
21:10:41.253 [docker-java-stream-1873660600] DEBUG com.github.dockerjava.zerodep.shaded.org.apache.hc.client5.http.wire -- http-outgoing-3 << "[0x1][0x0][0x0][0x0][0x0][0x0][0x0][0x1][\n]"
21:10:41.253 [docker-java-stream-1873660600] DEBUG com.github.dockerjava.zerodep.shaded.org.apache.hc.client5.http.wire -- http-outgoing-3 << "[0x1][0x0][0x0][0x0][0x0][0x0][0x0]8    pg_ctl -D /var/lib/postgresql/data -l logfile start[\n]"
21:10:41.253 [docker-java-stream-1873660600] DEBUG com.github.dockerjava.zerodep.shaded.org.apache.hc.client5.http.wire -- http-outgoing-3 << "[0x1][0x0][0x0][0x0][0x0][0x0][0x0][0x1][\n]"
21:10:41.253 [docker-java-stream-1873660600] DEBUG com.github.dockerjava.zerodep.shaded.org.apache.hc.client5.http.wire -- http-outgoing-3 << "[\r][\n]"
21:10:41.253 [main] DEBUG org.testcontainers.containers.output.WaitingConsumer -- STDERR: initdb: warning: enabling "trust" authentication for local connections
21:10:41.253 [main] DEBUG org.testcontainers.containers.output.WaitingConsumer -- STDOUT: 
21:10:41.253 [main] DEBUG org.testcontainers.containers.output.WaitingConsumer -- STDOUT:     pg_ctl -D /var/lib/postgresql/data -l logfile start
21:10:41.253 [main] DEBUG org.testcontainers.containers.output.WaitingConsumer -- STDOUT: 
21:10:41.253 [main] DEBUG org.testcontainers.containers.output.WaitingConsumer -- STDOUT: Success. You can now start the database server using:
21:10:41.253 [main] DEBUG org.testcontainers.containers.output.WaitingConsumer -- STDOUT: 
21:10:41.253 [main] DEBUG org.testcontainers.containers.output.WaitingConsumer -- STDOUT: 
21:10:41.253 [main] DEBUG org.testcontainers.containers.output.WaitingConsumer -- STDOUT: syncing data to disk ... ok
21:10:41.253 [main] DEBUG org.testcontainers.containers.output.WaitingConsumer -- STDERR: initdb: hint: You can change this by editing pg_hba.conf or using the option -A, or --auth-local and --auth-host, the next time you run initdb.
21:10:41.295 [docker-java-stream-1873660600] DEBUG com.github.dockerjava.zerodep.shaded.org.apache.hc.client5.http.wire -- http-outgoing-3 << "137[\r][\n]"
21:10:41.295 [docker-java-stream-1873660600] DEBUG com.github.dockerjava.zerodep.shaded.org.apache.hc.client5.http.wire -- http-outgoing-3 << "[0x1][0x0][0x0][0x0][0x0][0x0][0x0][0xffffffc3]waiting for server to start....2025-05-09 18:10:41.344 UTC [48] LOG:  starting PostgreSQL 17.4 (Debian 17.4-1.pgdg120+2) on x86_64-pc-linux-gnu, compiled by gcc (Debian 12.2.0-14) 12.2.0, 64-bit[\n]"
21:10:41.295 [docker-java-stream-1873660600] DEBUG com.github.dockerjava.zerodep.shaded.org.apache.hc.client5.http.wire -- http-outgoing-3 << "[0x1][0x0][0x0][0x0][0x0][0x0][0x0]d2025-05-09 18:10:41.344 UTC [48] LOG:  listening on Unix socket "/var/run/postgresql/.s.PGSQL.5432"[\n]"
21:10:41.295 [docker-java-stream-1873660600] DEBUG com.github.dockerjava.zerodep.shaded.org.apache.hc.client5.http.wire -- http-outgoing-3 << "[\r][\n]"
21:10:41.295 [main] DEBUG org.testcontainers.containers.output.WaitingConsumer -- STDOUT: 2025-05-09 18:10:41.344 UTC [48] LOG:  listening on Unix socket "/var/run/postgresql/.s.PGSQL.5432"
21:10:41.295 [main] DEBUG org.testcontainers.containers.output.WaitingConsumer -- STDOUT: waiting for server to start....2025-05-09 18:10:41.344 UTC [48] LOG:  starting PostgreSQL 17.4 (Debian 17.4-1.pgdg120+2) on x86_64-pc-linux-gnu, compiled by gcc (Debian 12.2.0-14) 12.2.0, 64-bit
21:10:41.297 [docker-java-stream-1873660600] DEBUG com.github.dockerjava.zerodep.shaded.org.apache.hc.client5.http.wire -- http-outgoing-3 << "68[\r][\n]"
21:10:41.297 [docker-java-stream-1873660600] DEBUG com.github.dockerjava.zerodep.shaded.org.apache.hc.client5.http.wire -- http-outgoing-3 << "[0x1][0x0][0x0][0x0][0x0][0x0][0x0]`2025-05-09 18:10:41.346 UTC [51] LOG:  database system was shut down at 2025-05-09 18:10:40 UTC[\n]"
21:10:41.297 [docker-java-stream-1873660600] DEBUG com.github.dockerjava.zerodep.shaded.org.apache.hc.client5.http.wire -- http-outgoing-3 << "[\r][\n]"
21:10:41.300 [docker-java-stream-1873660600] DEBUG com.github.dockerjava.zerodep.shaded.org.apache.hc.client5.http.wire -- http-outgoing-3 << "5e[\r][\n]"
21:10:41.300 [docker-java-stream-1873660600] DEBUG com.github.dockerjava.zerodep.shaded.org.apache.hc.client5.http.wire -- http-outgoing-3 << "[0x1][0x0][0x0][0x0][0x0][0x0][0x0]V2025-05-09 18:10:41.350 UTC [48] LOG:  database system is ready to accept connections[\n]"
21:10:41.300 [docker-java-stream-1873660600] DEBUG com.github.dockerjava.zerodep.shaded.org.apache.hc.client5.http.wire -- http-outgoing-3 << "[\r][\n]"
21:10:41.318 [main] DEBUG org.testcontainers.containers.output.WaitingConsumer -- STDOUT: 2025-05-09 18:10:41.350 UTC [48] LOG:  database system is ready to accept connections
21:10:41.318 [main] DEBUG org.testcontainers.containers.output.WaitingConsumer -- STDOUT: 2025-05-09 18:10:41.346 UTC [51] LOG:  database system was shut down at 2025-05-09 18:10:40 UTC
21:10:41.379 [docker-java-stream-1873660600] DEBUG com.github.dockerjava.zerodep.shaded.org.apache.hc.client5.http.wire -- http-outgoing-3 << "25[\r][\n]"
21:10:41.379 [docker-java-stream-1873660600] DEBUG com.github.dockerjava.zerodep.shaded.org.apache.hc.client5.http.wire -- http-outgoing-3 << "[0x1][0x0][0x0][0x0][0x0][0x0][0x0][0x6] done[\n]"
21:10:41.379 [docker-java-stream-1873660600] DEBUG com.github.dockerjava.zerodep.shaded.org.apache.hc.client5.http.wire -- http-outgoing-3 << "[0x1][0x0][0x0][0x0][0x0][0x0][0x0][0xf]server started[\n]"
21:10:41.379 [docker-java-stream-1873660600] DEBUG com.github.dockerjava.zerodep.shaded.org.apache.hc.client5.http.wire -- http-outgoing-3 << "[\r][\n]"
21:10:41.379 [main] DEBUG org.testcontainers.containers.output.WaitingConsumer -- STDOUT:  done
21:10:41.379 [main] DEBUG org.testcontainers.containers.output.WaitingConsumer -- STDOUT: server started
21:10:41.483 [docker-java-stream-1873660600] DEBUG com.github.dockerjava.zerodep.shaded.org.apache.hc.client5.http.wire -- http-outgoing-3 << "18[\r][\n]"
21:10:41.483 [docker-java-stream-1873660600] DEBUG com.github.dockerjava.zerodep.shaded.org.apache.hc.client5.http.wire -- http-outgoing-3 << "[0x1][0x0][0x0][0x0][0x0][0x0][0x0][0x10]CREATE DATABASE[\n]"
21:10:41.483 [docker-java-stream-1873660600] DEBUG com.github.dockerjava.zerodep.shaded.org.apache.hc.client5.http.wire -- http-outgoing-3 << "[\r][\n]"
21:10:41.483 [main] DEBUG org.testcontainers.containers.output.WaitingConsumer -- STDOUT: CREATE DATABASE
21:10:41.484 [docker-java-stream-1873660600] DEBUG com.github.dockerjava.zerodep.shaded.org.apache.hc.client5.http.wire -- http-outgoing-3 << "6f[\r][\n]"
21:10:41.484 [docker-java-stream-1873660600] DEBUG com.github.dockerjava.zerodep.shaded.org.apache.hc.client5.http.wire -- http-outgoing-3 << "[0x1][0x0][0x0][0x0][0x0][0x0][0x0][0x1][\n]"
21:10:41.484 [docker-java-stream-1873660600] DEBUG com.github.dockerjava.zerodep.shaded.org.apache.hc.client5.http.wire -- http-outgoing-3 << "[0x1][0x0][0x0][0x0][0x0][0x0][0x0][0x1][\n]"
21:10:41.484 [docker-java-stream-1873660600] DEBUG com.github.dockerjava.zerodep.shaded.org.apache.hc.client5.http.wire -- http-outgoing-3 << "[0x1][0x0][0x0][0x0][0x0][0x0][0x0]L/usr/local/bin/docker-entrypoint.sh: ignoring /docker-entrypoint-initdb.d/*[\n]"
21:10:41.484 [docker-java-stream-1873660600] DEBUG com.github.dockerjava.zerodep.shaded.org.apache.hc.client5.http.wire -- http-outgoing-3 << "[0x1][0x0][0x0][0x0][0x0][0x0][0x0][0x1][\n]"
21:10:41.484 [docker-java-stream-1873660600] DEBUG com.github.dockerjava.zerodep.shaded.org.apache.hc.client5.http.wire -- http-outgoing-3 << "[\r][\n]"
21:10:41.485 [docker-java-stream-1873660600] DEBUG com.github.dockerjava.zerodep.shaded.org.apache.hc.client5.http.wire -- http-outgoing-3 << "c1[\r][\n]"
21:10:41.485 [docker-java-stream-1873660600] DEBUG com.github.dockerjava.zerodep.shaded.org.apache.hc.client5.http.wire -- http-outgoing-3 << "[0x1][0x0][0x0][0x0][0x0][0x0][0x0]iwaiting for server to shut down....2025-05-09 18:10:41.534 UTC [48] LOG:  received fast shutdown request[\n]"
21:10:41.485 [docker-java-stream-1873660600] DEBUG com.github.dockerjava.zerodep.shaded.org.apache.hc.client5.http.wire -- http-outgoing-3 << "[0x1][0x0][0x0][0x0][0x0][0x0][0x0]H2025-05-09 18:10:41.534 UTC [48] LOG:  aborting any active transactions[\n]"
21:10:41.485 [docker-java-stream-1873660600] DEBUG com.github.dockerjava.zerodep.shaded.org.apache.hc.client5.http.wire -- http-outgoing-3 << "[\r][\n]"
21:10:41.487 [docker-java-stream-1873660600] DEBUG com.github.dockerjava.zerodep.shaded.org.apache.hc.client5.http.wire -- http-outgoing-3 << "115[\r][\n]"
21:10:41.487 [docker-java-stream-1873660600] DEBUG com.github.dockerjava.zerodep.shaded.org.apache.hc.client5.http.wire -- http-outgoing-3 << "[0x1][0x0][0x0][0x0][0x0][0x0][0x0]y2025-05-09 18:10:41.536 UTC [48] LOG:  background worker "logical replication launcher" (PID 54) exited with exit code 1[\n]"
21:10:41.487 [docker-java-stream-1873660600] DEBUG com.github.dockerjava.zerodep.shaded.org.apache.hc.client5.http.wire -- http-outgoing-3 << "[0x1][0x0][0x0][0x0][0x0][0x0][0x0]52025-05-09 18:10:41.536 UTC [49] LOG:  shutting down[\n]"
21:10:41.487 [docker-java-stream-1873660600] DEBUG com.github.dockerjava.zerodep.shaded.org.apache.hc.client5.http.wire -- http-outgoing-3 << "[0x1][0x0][0x0][0x0][0x0][0x0][0x0]O2025-05-09 18:10:41.536 UTC [49] LOG:  checkpoint starting: shutdown immediate[\n]"
21:10:41.487 [docker-java-stream-1873660600] DEBUG com.github.dockerjava.zerodep.shaded.org.apache.hc.client5.http.wire -- http-outgoing-3 << "[\r][\n]"
21:10:41.492 [docker-java-stream-1873660600] DEBUG com.github.dockerjava.zerodep.shaded.org.apache.hc.client5.http.wire -- http-outgoing-3 << "12c[\r][\n]"
21:10:41.492 [docker-java-stream-1873660600] DEBUG com.github.dockerjava.zerodep.shaded.org.apache.hc.client5.http.wire -- http-outgoing-3 << "[0x1][0x0][0x0][0x0][0x0][0x0][0x1]$2025-05-09 18:10:41.542 UTC [49] LOG:  checkpoint complete: wrote 921 buffers (5.6%); 0 WAL file(s) added, 0 removed, 0 recycled; write=0.005 s, sync=0.001 s, total=0.006 s; sync files=0, longest=0.000 s, average=0.000 s; distance=4238 kB, estimate=4238 kB; lsn=0/1908978, redo lsn=0/1908978[\n]"
21:10:41.492 [docker-java-stream-1873660600] DEBUG com.github.dockerjava.zerodep.shaded.org.apache.hc.client5.http.wire -- http-outgoing-3 << "[\r][\n]"
21:10:41.498 [docker-java-stream-1873660600] DEBUG com.github.dockerjava.zerodep.shaded.org.apache.hc.client5.http.wire -- http-outgoing-3 << "4c[\r][\n]"
21:10:41.498 [docker-java-stream-1873660600] DEBUG com.github.dockerjava.zerodep.shaded.org.apache.hc.client5.http.wire -- http-outgoing-3 << "[0x1][0x0][0x0][0x0][0x0][0x0][0x0]D2025-05-09 18:10:41.547 UTC [48] LOG:  database system is shut down[\n]"
21:10:41.498 [docker-java-stream-1873660600] DEBUG com.github.dockerjava.zerodep.shaded.org.apache.hc.client5.http.wire -- http-outgoing-3 << "[\r][\n]"
21:10:41.503 [main] DEBUG org.testcontainers.containers.output.WaitingConsumer -- STDOUT: 2025-05-09 18:10:41.547 UTC [48] LOG:  database system is shut down
21:10:41.503 [main] DEBUG org.testcontainers.containers.output.WaitingConsumer -- STDOUT: 2025-05-09 18:10:41.542 UTC [49] LOG:  checkpoint complete: wrote 921 buffers (5.6%); 0 WAL file(s) added, 0 removed, 0 recycled; write=0.005 s, sync=0.001 s, total=0.006 s; sync files=0, longest=0.000 s, average=0.000 s; distance=4238 kB, estimate=4238 kB; lsn=0/1908978, redo lsn=0/1908978
21:10:41.503 [main] DEBUG org.testcontainers.containers.output.WaitingConsumer -- STDOUT: 2025-05-09 18:10:41.536 UTC [49] LOG:  checkpoint starting: shutdown immediate
21:10:41.503 [main] DEBUG org.testcontainers.containers.output.WaitingConsumer -- STDOUT: 2025-05-09 18:10:41.536 UTC [49] LOG:  shutting down
21:10:41.503 [main] DEBUG org.testcontainers.containers.output.WaitingConsumer -- STDOUT: 2025-05-09 18:10:41.536 UTC [48] LOG:  background worker "logical replication launcher" (PID 54) exited with exit code 1
21:10:41.503 [main] DEBUG org.testcontainers.containers.output.WaitingConsumer -- STDOUT: 2025-05-09 18:10:41.534 UTC [48] LOG:  aborting any active transactions
21:10:41.503 [main] DEBUG org.testcontainers.containers.output.WaitingConsumer -- STDOUT: waiting for server to shut down....2025-05-09 18:10:41.534 UTC [48] LOG:  received fast shutdown request
21:10:41.503 [main] DEBUG org.testcontainers.containers.output.WaitingConsumer -- STDOUT: 
21:10:41.503 [main] DEBUG org.testcontainers.containers.output.WaitingConsumer -- STDOUT: /usr/local/bin/docker-entrypoint.sh: ignoring /docker-entrypoint-initdb.d/*
21:10:41.503 [main] DEBUG org.testcontainers.containers.output.WaitingConsumer -- STDOUT: 
21:10:41.503 [main] DEBUG org.testcontainers.containers.output.WaitingConsumer -- STDOUT: 
21:10:41.586 [docker-java-stream-1873660600] DEBUG com.github.dockerjava.zerodep.shaded.org.apache.hc.client5.http.wire -- http-outgoing-3 << "25[\r][\n]"
21:10:41.586 [docker-java-stream-1873660600] DEBUG com.github.dockerjava.zerodep.shaded.org.apache.hc.client5.http.wire -- http-outgoing-3 << "[0x1][0x0][0x0][0x0][0x0][0x0][0x0][0x6] done[\n]"
21:10:41.586 [docker-java-stream-1873660600] DEBUG com.github.dockerjava.zerodep.shaded.org.apache.hc.client5.http.wire -- http-outgoing-3 << "[0x1][0x0][0x0][0x0][0x0][0x0][0x0][0xf]server stopped[\n]"
21:10:41.586 [docker-java-stream-1873660600] DEBUG com.github.dockerjava.zerodep.shaded.org.apache.hc.client5.http.wire -- http-outgoing-3 << "[\r][\n]"
21:10:41.586 [main] DEBUG org.testcontainers.containers.output.WaitingConsumer -- STDOUT: server stopped
21:10:41.586 [main] DEBUG org.testcontainers.containers.output.WaitingConsumer -- STDOUT:  done
21:10:41.588 [docker-java-stream-1873660600] DEBUG com.github.dockerjava.zerodep.shaded.org.apache.hc.client5.http.wire -- http-outgoing-3 << "50[\r][\n]"
21:10:41.588 [docker-java-stream-1873660600] DEBUG com.github.dockerjava.zerodep.shaded.org.apache.hc.client5.http.wire -- http-outgoing-3 << "[0x1][0x0][0x0][0x0][0x0][0x0][0x0][0x1][\n]"
21:10:41.588 [docker-java-stream-1873660600] DEBUG com.github.dockerjava.zerodep.shaded.org.apache.hc.client5.http.wire -- http-outgoing-3 << "[0x1][0x0][0x0][0x0][0x0][0x0][0x0]6PostgreSQL init process complete; ready for start up.[\n]"
21:10:41.588 [docker-java-stream-1873660600] DEBUG com.github.dockerjava.zerodep.shaded.org.apache.hc.client5.http.wire -- http-outgoing-3 << "[0x1][0x0][0x0][0x0][0x0][0x0][0x0][0x1][\n]"
21:10:41.588 [docker-java-stream-1873660600] DEBUG com.github.dockerjava.zerodep.shaded.org.apache.hc.client5.http.wire -- http-outgoing-3 << "[\r][\n]"
21:10:41.605 [docker-java-stream-1873660600] DEBUG com.github.dockerjava.zerodep.shaded.org.apache.hc.client5.http.wire -- http-outgoing-3 << "233[\r][\n]"
21:10:41.605 [docker-java-stream-1873660600] DEBUG com.github.dockerjava.zerodep.shaded.org.apache.hc.client5.http.wire -- http-outgoing-3 << "[0x2][0x0][0x0][0x0][0x0][0x0][0x0][0xffffffa3]2025-05-09 18:10:41.651 UTC [1] LOG:  starting PostgreSQL 17.4 (Debian 17.4-1.pgdg120+2) on x86_64-pc-linux-gnu, compiled by gcc (Debian 12.2.0-14) 12.2.0, 64-bit[\n]"
21:10:41.605 [docker-java-stream-1873660600] DEBUG com.github.dockerjava.zerodep.shaded.org.apache.hc.client5.http.wire -- http-outgoing-3 << "[0x2][0x0][0x0][0x0][0x0][0x0][0x0]U2025-05-09 18:10:41.651 UTC [1] LOG:  listening on IPv4 address "0.0.0.0", port 5432[\n]"
21:10:41.605 [docker-java-stream-1873660600] DEBUG com.github.dockerjava.zerodep.shaded.org.apache.hc.client5.http.wire -- http-outgoing-3 << "[0x2][0x0][0x0][0x0][0x0][0x0][0x0]P2025-05-09 18:10:41.651 UTC [1] LOG:  listening on IPv6 address "::", port 5432[\n]"
21:10:41.605 [docker-java-stream-1873660600] DEBUG com.github.dockerjava.zerodep.shaded.org.apache.hc.client5.http.wire -- http-outgoing-3 << "[0x2][0x0][0x0][0x0][0x0][0x0][0x0]c2025-05-09 18:10:41.651 UTC [1] LOG:  listening on Unix socket "/var/run/postgresql/.s.PGSQL.5432"[\n]"
21:10:41.605 [docker-java-stream-1873660600] DEBUG com.github.dockerjava.zerodep.shaded.org.apache.hc.client5.http.wire -- http-outgoing-3 << "[0x2][0x0][0x0][0x0][0x0][0x0][0x0]`2025-05-09 18:10:41.653 UTC [64] LOG:  database system was shut down at 2025-05-09 18:10:41 UTC[\n]"
21:10:41.605 [docker-java-stream-1873660600] DEBUG com.github.dockerjava.zerodep.shaded.org.apache.hc.client5.http.wire -- http-outgoing-3 << "[\r][\n]"
21:10:41.607 [docker-java-stream-1873660600] DEBUG com.github.dockerjava.zerodep.shaded.org.apache.hc.client5.http.wire -- http-outgoing-3 << "5d[\r][\n]"
21:10:41.607 [docker-java-stream-1873660600] DEBUG com.github.dockerjava.zerodep.shaded.org.apache.hc.client5.http.wire -- http-outgoing-3 << "[0x2][0x0][0x0][0x0][0x0][0x0][0x0]U2025-05-09 18:10:41.655 UTC [1] LOG:  database system is ready to accept connections[\n]"
21:10:41.607 [docker-java-stream-1873660600] DEBUG com.github.dockerjava.zerodep.shaded.org.apache.hc.client5.http.wire -- http-outgoing-3 << "[\r][\n]"
21:10:41.611 [main] DEBUG org.testcontainers.containers.output.WaitingConsumer -- STDERR: 2025-05-09 18:10:41.655 UTC [1] LOG:  database system is ready to accept connections
21:10:41.611 [main] DEBUG com.github.dockerjava.zerodep.shaded.org.apache.hc.client5.http.impl.classic.InternalHttpClient -- ep-00000024: cancel
21:10:41.611 [main] DEBUG com.github.dockerjava.zerodep.shaded.org.apache.hc.client5.http.impl.io.DefaultManagedHttpClientConnection -- http-outgoing-3: close connection IMMEDIATE
21:10:41.611 [docker-java-stream-1873660600] DEBUG com.github.dockerjava.zerodep.shaded.org.apache.hc.client5.http.wire -- http-outgoing-3 << "end of stream"
21:10:41.611 [docker-java-stream-1873660600] DEBUG com.github.dockerjava.zerodep.shaded.org.apache.hc.client5.http.wire -- http-outgoing-3 << "[read] I/O error: java.nio.channels.ClosedChannelException"
21:10:41.611 [docker-java-stream-1873660600] DEBUG com.github.dockerjava.zerodep.ApacheDockerHttpClientImpl$ApacheResponse -- Failed to close the response
java.io.IOException: java.nio.channels.ClosedChannelException
	at java.base/java.nio.channels.Channels$2.read(Channels.java:240)
	at com.github.dockerjava.zerodep.shaded.org.apache.hc.client5.http.impl.io.LoggingInputStream.read(LoggingInputStream.java:81)
	at com.github.dockerjava.zerodep.shaded.org.apache.hc.core5.http.impl.io.SessionInputBufferImpl.fillBuffer(SessionInputBufferImpl.java:149)
	at com.github.dockerjava.zerodep.shaded.org.apache.hc.core5.http.impl.io.SessionInputBufferImpl.readLine(SessionInputBufferImpl.java:280)
	at com.github.dockerjava.zerodep.shaded.org.apache.hc.core5.http.impl.io.ChunkedInputStream.getChunkSize(ChunkedInputStream.java:261)
	at com.github.dockerjava.zerodep.shaded.org.apache.hc.core5.http.impl.io.ChunkedInputStream.nextChunk(ChunkedInputStream.java:222)
	at com.github.dockerjava.zerodep.shaded.org.apache.hc.core5.http.impl.io.ChunkedInputStream.read(ChunkedInputStream.java:147)
	at com.github.dockerjava.zerodep.shaded.org.apache.hc.core5.http.impl.io.ChunkedInputStream.close(ChunkedInputStream.java:314)
	at com.github.dockerjava.zerodep.shaded.org.apache.hc.core5.io.Closer.close(Closer.java:48)
	at com.github.dockerjava.zerodep.shaded.org.apache.hc.core5.http.impl.io.IncomingHttpEntity.close(IncomingHttpEntity.java:111)
	at com.github.dockerjava.zerodep.shaded.org.apache.hc.core5.http.io.entity.HttpEntityWrapper.close(HttpEntityWrapper.java:120)
	at com.github.dockerjava.zerodep.shaded.org.apache.hc.core5.io.Closer.close(Closer.java:48)
	at com.github.dockerjava.zerodep.shaded.org.apache.hc.core5.http.message.BasicClassicHttpResponse.close(BasicClassicHttpResponse.java:93)
	at com.github.dockerjava.zerodep.shaded.org.apache.hc.client5.http.impl.classic.CloseableHttpResponse.close(CloseableHttpResponse.java:200)
	at com.github.dockerjava.zerodep.ApacheDockerHttpClientImpl$ApacheResponse.close(ApacheDockerHttpClientImpl.java:271)
	at org.testcontainers.shaded.com.github.dockerjava.core.DefaultInvocationBuilder.lambda$executeAndStream$1(DefaultInvocationBuilder.java:277)
	at java.base/java.lang.Thread.run(Thread.java:842)
Caused by: java.nio.channels.ClosedChannelException: null
	at java.base/sun.nio.ch.WindowsAsynchronousFileChannelImpl.implRead(WindowsAsynchronousFileChannelImpl.java:516)
	at java.base/sun.nio.ch.AsynchronousFileChannelImpl.read(AsynchronousFileChannelImpl.java:229)
	at com.github.dockerjava.transport.NamedPipeSocket$AsynchronousFileByteChannel.read(NamedPipeSocket.java:117)
	at java.base/java.nio.channels.Channels$2.read(Channels.java:238)
	... 16 common frames omitted
21:10:41.616 [main] DEBUG com.github.dockerjava.zerodep.shaded.org.apache.hc.client5.http.impl.classic.InternalHttpClient -- ep-00000024: endpoint closed
21:10:41.616 [main] DEBUG com.github.dockerjava.zerodep.shaded.org.apache.hc.client5.http.impl.classic.InternalHttpClient -- ep-00000024: discarding endpoint
21:10:41.616 [main] DEBUG com.github.dockerjava.zerodep.shaded.org.apache.hc.client5.http.impl.io.PoolingHttpClientConnectionManager -- ep-00000024: releasing endpoint
21:10:41.616 [main] DEBUG com.github.dockerjava.zerodep.shaded.org.apache.hc.client5.http.impl.io.PoolingHttpClientConnectionManager -- ep-00000024: connection is not kept alive
21:10:41.616 [main] DEBUG com.github.dockerjava.zerodep.shaded.org.apache.hc.client5.http.impl.io.PoolingHttpClientConnectionManager -- ep-00000024: connection released [route: {}->npipe://localhost:2375][total available: 0; route allocated: 0 of 2147483647; total allocated: 0 of 2147483647]
21:10:41.616 [main] INFO tc.postgres:17 -- Container postgres:17 started in PT3.5495165S
21:10:41.616 [main] INFO tc.postgres:17 -- Container is started (JDBC URL: jdbc:postgresql://localhost:49864/pets?loggerLevel=OFF)
21:10:41.616 [main] DEBUG org.testcontainers.shaded.com.github.dockerjava.core.command.AbstrDockerCmd -- Cmd: 4c13c1d3efcfb61cf4017fb71ddaac890a7f22763748289083a8aeb6ed2ab6cd,false
21:10:41.616 [main] DEBUG org.testcontainers.shaded.com.github.dockerjava.core.exec.InspectContainerCmdExec -- GET: DefaultWebTarget{path=[/containers/4c13c1d3efcfb61cf4017fb71ddaac890a7f22763748289083a8aeb6ed2ab6cd/json], queryParams={}}
21:10:41.616 [main] DEBUG com.github.dockerjava.zerodep.shaded.org.apache.hc.client5.http.impl.classic.InternalHttpClient -- ex-00000026: preparing request execution
21:10:41.617 [main] DEBUG com.github.dockerjava.zerodep.shaded.org.apache.hc.client5.http.protocol.RequestAddCookies -- Cookie spec selected: strict
21:10:41.617 [main] DEBUG com.github.dockerjava.zerodep.shaded.org.apache.hc.client5.http.protocol.RequestAuthCache -- Auth cache not set in the context
21:10:41.617 [main] DEBUG com.github.dockerjava.zerodep.shaded.org.apache.hc.client5.http.impl.classic.ProtocolExec -- ex-00000026: target auth state: UNCHALLENGED
21:10:41.617 [main] DEBUG com.github.dockerjava.zerodep.shaded.org.apache.hc.client5.http.impl.classic.ProtocolExec -- ex-00000026: proxy auth state: UNCHALLENGED
21:10:41.617 [main] DEBUG com.github.dockerjava.zerodep.shaded.org.apache.hc.client5.http.impl.classic.ConnectExec -- ex-00000026: acquiring connection with route {}->npipe://localhost:2375
21:10:41.617 [main] DEBUG com.github.dockerjava.zerodep.shaded.org.apache.hc.client5.http.impl.classic.InternalHttpClient -- ex-00000026: acquiring endpoint (3 MINUTES)
21:10:41.617 [main] DEBUG com.github.dockerjava.zerodep.shaded.org.apache.hc.client5.http.impl.io.PoolingHttpClientConnectionManager -- ex-00000026: endpoint lease request (3 MINUTES) [route: {}->npipe://localhost:2375][total available: 0; route allocated: 0 of 2147483647; total allocated: 0 of 2147483647]
21:10:41.617 [main] DEBUG com.github.dockerjava.zerodep.shaded.org.apache.hc.client5.http.impl.io.PoolingHttpClientConnectionManager -- ex-00000026: endpoint leased [route: {}->npipe://localhost:2375][total available: 0; route allocated: 1 of 2147483647; total allocated: 1 of 2147483647]
21:10:41.617 [main] DEBUG com.github.dockerjava.zerodep.shaded.org.apache.hc.client5.http.impl.io.PoolingHttpClientConnectionManager -- ex-00000026: acquired ep-00000025
21:10:41.617 [main] DEBUG com.github.dockerjava.zerodep.shaded.org.apache.hc.client5.http.impl.classic.InternalHttpClient -- ex-00000026: acquired endpoint ep-00000025
21:10:41.617 [main] DEBUG com.github.dockerjava.zerodep.shaded.org.apache.hc.client5.http.impl.classic.ConnectExec -- ex-00000026: opening connection {}->npipe://localhost:2375
21:10:41.617 [main] DEBUG com.github.dockerjava.zerodep.shaded.org.apache.hc.client5.http.impl.classic.InternalHttpClient -- ep-00000025: connecting endpoint (3 MINUTES)
21:10:41.617 [main] DEBUG com.github.dockerjava.zerodep.shaded.org.apache.hc.client5.http.impl.io.PoolingHttpClientConnectionManager -- ep-00000025: connecting endpoint to npipe://localhost:2375 (3 MINUTES)
21:10:41.617 [main] DEBUG com.github.dockerjava.zerodep.shaded.org.apache.hc.client5.http.impl.io.DefaultHttpClientConnectionOperator -- http-outgoing-4: connecting to localhost/127.0.0.1:2375
21:10:41.617 [main] DEBUG com.github.dockerjava.zerodep.shaded.org.apache.hc.client5.http.impl.io.DefaultHttpClientConnectionOperator -- http-outgoing-4: connection established 
21:10:41.617 [main] DEBUG com.github.dockerjava.zerodep.shaded.org.apache.hc.client5.http.impl.io.PoolingHttpClientConnectionManager -- ep-00000025: connected http-outgoing-4
21:10:41.617 [main] DEBUG com.github.dockerjava.zerodep.shaded.org.apache.hc.client5.http.impl.classic.InternalHttpClient -- ep-00000025: endpoint connected
21:10:41.617 [main] DEBUG com.github.dockerjava.zerodep.shaded.org.apache.hc.client5.http.impl.classic.MainClientExec -- ex-00000026: executing GET /v1.32/containers/4c13c1d3efcfb61cf4017fb71ddaac890a7f22763748289083a8aeb6ed2ab6cd/json HTTP/1.1
21:10:41.617 [main] DEBUG com.github.dockerjava.zerodep.shaded.org.apache.hc.client5.http.impl.classic.InternalHttpClient -- ep-00000025: start execution ex-00000026
21:10:41.617 [main] DEBUG com.github.dockerjava.zerodep.shaded.org.apache.hc.client5.http.impl.io.PoolingHttpClientConnectionManager -- ep-00000025: executing exchange ex-00000026 over http-outgoing-4
21:10:41.617 [main] DEBUG com.github.dockerjava.zerodep.shaded.org.apache.hc.client5.http.headers -- http-outgoing-4 >> GET /v1.32/containers/4c13c1d3efcfb61cf4017fb71ddaac890a7f22763748289083a8aeb6ed2ab6cd/json HTTP/1.1
21:10:41.618 [main] DEBUG com.github.dockerjava.zerodep.shaded.org.apache.hc.client5.http.headers -- http-outgoing-4 >> accept: application/json
21:10:41.618 [main] DEBUG com.github.dockerjava.zerodep.shaded.org.apache.hc.client5.http.headers -- http-outgoing-4 >> x-tc-sid: 2a607c29-9f73-4ad7-8e0e-ab764e999503
21:10:41.618 [main] DEBUG com.github.dockerjava.zerodep.shaded.org.apache.hc.client5.http.headers -- http-outgoing-4 >> User-Agent: tc-java/1.19.7
21:10:41.618 [main] DEBUG com.github.dockerjava.zerodep.shaded.org.apache.hc.client5.http.headers -- http-outgoing-4 >> Accept-Encoding: gzip, x-gzip, deflate
21:10:41.618 [main] DEBUG com.github.dockerjava.zerodep.shaded.org.apache.hc.client5.http.headers -- http-outgoing-4 >> Host: localhost:2375
21:10:41.618 [main] DEBUG com.github.dockerjava.zerodep.shaded.org.apache.hc.client5.http.headers -- http-outgoing-4 >> Connection: keep-alive
21:10:41.618 [main] DEBUG com.github.dockerjava.zerodep.shaded.org.apache.hc.client5.http.wire -- http-outgoing-4 >> "GET /v1.32/containers/4c13c1d3efcfb61cf4017fb71ddaac890a7f22763748289083a8aeb6ed2ab6cd/json HTTP/1.1[\r][\n]"
21:10:41.618 [main] DEBUG com.github.dockerjava.zerodep.shaded.org.apache.hc.client5.http.wire -- http-outgoing-4 >> "accept: application/json[\r][\n]"
21:10:41.618 [main] DEBUG com.github.dockerjava.zerodep.shaded.org.apache.hc.client5.http.wire -- http-outgoing-4 >> "x-tc-sid: 2a607c29-9f73-4ad7-8e0e-ab764e999503[\r][\n]"
21:10:41.618 [main] DEBUG com.github.dockerjava.zerodep.shaded.org.apache.hc.client5.http.wire -- http-outgoing-4 >> "User-Agent: tc-java/1.19.7[\r][\n]"
21:10:41.618 [main] DEBUG com.github.dockerjava.zerodep.shaded.org.apache.hc.client5.http.wire -- http-outgoing-4 >> "Accept-Encoding: gzip, x-gzip, deflate[\r][\n]"
21:10:41.618 [main] DEBUG com.github.dockerjava.zerodep.shaded.org.apache.hc.client5.http.wire -- http-outgoing-4 >> "Host: localhost:2375[\r][\n]"
21:10:41.618 [main] DEBUG com.github.dockerjava.zerodep.shaded.org.apache.hc.client5.http.wire -- http-outgoing-4 >> "Connection: keep-alive[\r][\n]"
21:10:41.618 [main] DEBUG com.github.dockerjava.zerodep.shaded.org.apache.hc.client5.http.wire -- http-outgoing-4 >> "[\r][\n]"
21:10:41.622 [main] DEBUG com.github.dockerjava.zerodep.shaded.org.apache.hc.client5.http.wire -- http-outgoing-4 << "HTTP/1.1 200 OK[\r][\n]"
21:10:41.622 [main] DEBUG com.github.dockerjava.zerodep.shaded.org.apache.hc.client5.http.wire -- http-outgoing-4 << "Api-Version: 1.47[\r][\n]"
21:10:41.622 [main] DEBUG com.github.dockerjava.zerodep.shaded.org.apache.hc.client5.http.wire -- http-outgoing-4 << "Content-Type: application/json[\r][\n]"
21:10:41.622 [main] DEBUG com.github.dockerjava.zerodep.shaded.org.apache.hc.client5.http.wire -- http-outgoing-4 << "Date: Fri, 09 May 2025 18:10:41 GMT[\r][\n]"
21:10:41.622 [main] DEBUG com.github.dockerjava.zerodep.shaded.org.apache.hc.client5.http.wire -- http-outgoing-4 << "Docker-Experimental: false[\r][\n]"
21:10:41.622 [main] DEBUG com.github.dockerjava.zerodep.shaded.org.apache.hc.client5.http.wire -- http-outgoing-4 << "Ostype: linux[\r][\n]"
21:10:41.622 [main] DEBUG com.github.dockerjava.zerodep.shaded.org.apache.hc.client5.http.wire -- http-outgoing-4 << "Server: Docker/27.3.1 (linux)[\r][\n]"
21:10:41.622 [main] DEBUG com.github.dockerjava.zerodep.shaded.org.apache.hc.client5.http.wire -- http-outgoing-4 << "Transfer-Encoding: chunked[\r][\n]"
21:10:41.622 [main] DEBUG com.github.dockerjava.zerodep.shaded.org.apache.hc.client5.http.wire -- http-outgoing-4 << "[\r][\n]"
21:10:41.622 [main] DEBUG com.github.dockerjava.zerodep.shaded.org.apache.hc.client5.http.headers -- http-outgoing-4 << HTTP/1.1 200 OK
21:10:41.622 [main] DEBUG com.github.dockerjava.zerodep.shaded.org.apache.hc.client5.http.headers -- http-outgoing-4 << Api-Version: 1.47
21:10:41.622 [main] DEBUG com.github.dockerjava.zerodep.shaded.org.apache.hc.client5.http.headers -- http-outgoing-4 << Content-Type: application/json
21:10:41.622 [main] DEBUG com.github.dockerjava.zerodep.shaded.org.apache.hc.client5.http.headers -- http-outgoing-4 << Date: Fri, 09 May 2025 18:10:41 GMT
21:10:41.622 [main] DEBUG com.github.dockerjava.zerodep.shaded.org.apache.hc.client5.http.headers -- http-outgoing-4 << Docker-Experimental: false
21:10:41.622 [main] DEBUG com.github.dockerjava.zerodep.shaded.org.apache.hc.client5.http.headers -- http-outgoing-4 << Ostype: linux
21:10:41.622 [main] DEBUG com.github.dockerjava.zerodep.shaded.org.apache.hc.client5.http.headers -- http-outgoing-4 << Server: Docker/27.3.1 (linux)
21:10:41.622 [main] DEBUG com.github.dockerjava.zerodep.shaded.org.apache.hc.client5.http.headers -- http-outgoing-4 << Transfer-Encoding: chunked
21:10:41.622 [main] DEBUG com.github.dockerjava.zerodep.shaded.org.apache.hc.client5.http.impl.classic.MainClientExec -- ex-00000026: connection can be kept alive for 3 MINUTES
21:10:41.624 [main] DEBUG com.github.dockerjava.zerodep.shaded.org.apache.hc.client5.http.wire -- http-outgoing-4 << "1358[\r][\n]"
21:10:41.624 [main] DEBUG com.github.dockerjava.zerodep.shaded.org.apache.hc.client5.http.wire -- http-outgoing-4 << "{"Id":"4c13c1d3efcfb61cf4017fb71ddaac890a7f22763748289083a8aeb6ed2ab6cd","Created":"2025-05-09T18:10:38.313228474Z","Path":"docker-entrypoint.sh","Args":["postgres","-c","fsync=off"],"State":{"Status":"running","Running":true,"Paused":false,"Restarting":false,"OOMKilled":false,"Dead":false,"Pid":2200,"ExitCode":0,"Error":"","StartedAt":"2025-05-09T18:10:39.420529709Z","FinishedAt":"0001-01-01T00:00:00Z"},"Image":"sha256:fe3f571d128e8efadcd8b2fde0e2b73ebab6dbec33f6bfe69d98c682c7d8f7bd","ResolvConfPath":"/var/lib/docker/containers/4c13c1d3efcfb61cf4017fb71ddaac890a7f22763748289083a8aeb6ed2ab6cd/resolv.conf","HostnamePath":"/var/lib/docker/containers/4c13c1d3efcfb61cf4017fb71ddaac890a7f22763748289083a8aeb6ed2ab6cd/hostname","HostsPath":"/var/lib/docker/containers/4c13c1d3efcfb61cf4017fb71ddaac890a7f22763748289083a8aeb6ed2ab6cd/hosts","LogPath":"/var/lib/docker/containers/4c13c1d3efcfb61cf4017fb71ddaac890a7f22763748289083a8aeb6ed2ab6cd/4c13c1d3efcfb61cf4017fb71ddaac890a7f22763748289083a8aeb6ed2ab6cd-json.log","Name":"/naughty_elgamal","RestartCount":0,"Driver":"overlayfs","Platform":"linux","MountLabel":"","ProcessLabel":"","AppArmorProfile":"","ExecIDs":null,"HostConfig":{"Binds":[],"ContainerIDFile":"","LogConfig":{"Type":"json-file","Config":{}},"NetworkMode":"bridge","PortBindings":{"5432/tcp":[{"HostIp":"0.0.0.0","HostPort":"0"}]},"RestartPolicy":{"Name":"no","MaximumRetryCount":0},"AutoRemove":false,"VolumeDriver":"","VolumesFrom":[],"ConsoleSize":[0,0],"CapAdd":null,"CapDrop":null,"CgroupnsMode":"host","Dns":null,"DnsOptions":null,"DnsSearch":null,"ExtraHosts":[],"GroupAdd":null,"IpcMode":"shareable","Cgroup":"","Links":null,"OomScoreAdj":0,"PidMode":"","Privileged":false,"PublishAllPorts":false,"ReadonlyRootfs":false,"SecurityOpt":null,"UTSMode":"","UsernsMode":"","ShmSize":67108864,"Runtime":"runc","Isolation":"","CpuShares":0,"Memory":0,"NanoCpus":0,"CgroupParent":"","BlkioWeight":0,"BlkioWeightDevice":null,"BlkioDeviceReadBps":null,"BlkioDeviceWriteBps":null,"BlkioDeviceReadIOps":null,"BlkioDeviceWriteIOps":null,"CpuPeriod":0,"CpuQuota":0,"CpuRealtimePeriod":0,"CpuRealtimeRuntime":0,"CpusetCpus":"","CpusetMems":"","Devices":null,"DeviceCgroupRules":null,"DeviceRequests":null,"MemoryReservation":0,"MemorySwap":0,"MemorySwappiness":null,"OomKillDisable":false,"PidsLimit":null,"Ulimits":null,"CpuCount":0,"CpuPercent":0,"IOMaximumIOps":0,"IOMaximumBandwidth":0,"MaskedPaths":["/proc/asound","/proc/acpi","/proc/kcore","/proc/keys","/proc/latency_stats","/proc/timer_list","/proc/timer_stats","/proc/sched_debug","/proc/scsi","/sys/firmware","/sys/devices/virtual/powercap"],"ReadonlyPaths":["/proc/bus","/proc/fs","/proc/irq","/proc/sys","/proc/sysrq-trigger"]},"GraphDriver":{"Data":null,"Name":"overlayfs"},"Mounts":[{"Type":"volume","Name":"6a14552fd3c06236547b94d7a460cae53b1aef7823c3b0ffb9d4d23cac5367a6","Source":"/var/lib/docker/volumes/6a14552fd3c06236547b94d7a460cae53b1aef7823c3b0ffb9d4d23cac5367a6/_data","Destination":"/var/lib/postgresql/data","Driver":"local","Mode":"","RW":true,"Propagation":""}],"Config":{"Hostname":"4c13c1d3efcf","Domainname":"","User":"","AttachStdin":false,"AttachStdout":false,"AttachStderr":false,"ExposedPorts":{"5432/tcp":{}},"Tty":false,"OpenStdin":false,"StdinOnce":false,"Env":["POSTGRES_USER=postgres","POSTGRES_PASSWORD=Pofigict2005","POSTGRES_DB=pets","PATH=/usr/local/sbin:/usr/local/bin:/usr/sbin:/usr/bin:/sbin:/bin:/usr/lib/postgresql/17/bin","GOSU_VERSION=1.17","LANG=en_US.utf8","PG_MAJOR=17","PG_VERSION=17.4-1.pgdg120+2","PGDATA=/var/lib/postgresql/data"],"Cmd":["postgres","-c","fsync=off"],"Image":"postgres:17","Volumes":{"/var/lib/postgresql/data":{}},"WorkingDir":"","Entrypoint":["docker-entrypoint.sh"],"OnBuild":null,"Labels":{"org.testcontainers":"true","org.testcontainers.lang":"java","org.testcontainers.sessionId":"2a607c29-9f73-4ad7-8e0e-ab764e999503","org.testcontainers.version":"1.19.7"},"StopSignal":"SIGINT"},"NetworkSettings":{"Bridge":"","SandboxID":"c6bc5d9f52c2d019ce66803d8913775f04f883a3842fa4fedb9c200b5bd102bf","SandboxKey":"/var/run/docker/netns/c6bc5d9f52c2",""
21:10:41.625 [main] DEBUG com.github.dockerjava.zerodep.shaded.org.apache.hc.client5.http.wire -- http-outgoing-4 << "Ports":{"5432/tcp":[{"HostIp":"0.0.0.0","HostPort":"49864"}]},"HairpinMode":false,"LinkLocalIPv6Address":"","LinkLocalIPv6PrefixLen":0,"SecondaryIPAddresses":null,"SecondaryIPv6Addresses":null,"EndpointID":"94bed83c9c5eeeeece7bf1da9777bff824c20732edf819d85e67bcf6221536c9","Gateway":"172.17.0.1","GlobalIPv6Address":"","GlobalIPv6PrefixLen":0,"IPAddress":"172.17.0.3","IPPrefixLen":16,"IPv6Gateway":"","MacAddress":"02:42:ac:11:00:03","Networks":{"bridge":{"IPAMConfig":null,"Links":null,"Aliases":null,"MacAddress":"02:42:ac:11:00:03","DriverOpts":null,"NetworkID":"f0594820a60c9d6c1293e01ac8a804eac606a0cdb0dcd01c085bc8a3a64632ab","EndpointID":"94bed83c9c5eeeeece7bf1da9777bff824c20732edf819d85e67bcf6221536c9","Gateway":"172.17.0.1","IPAddress":"172.17.0.3","IPPrefixLen":16,"IPv6Gateway":"","GlobalIPv6Address":"","GlobalIPv6PrefixLen":0,"DNSNames":null}}}}[\n]"
21:10:41.626 [main] DEBUG com.github.dockerjava.zerodep.shaded.org.apache.hc.client5.http.wire -- http-outgoing-4 << "[\r][\n]"
21:10:41.626 [main] DEBUG com.github.dockerjava.zerodep.shaded.org.apache.hc.client5.http.wire -- http-outgoing-4 << "0[\r][\n]"
21:10:41.626 [main] DEBUG com.github.dockerjava.zerodep.shaded.org.apache.hc.client5.http.wire -- http-outgoing-4 << "[\r][\n]"
21:10:41.626 [main] DEBUG com.github.dockerjava.zerodep.shaded.org.apache.hc.client5.http.impl.classic.InternalHttpClient -- ep-00000025: releasing valid endpoint
21:10:41.626 [main] DEBUG com.github.dockerjava.zerodep.shaded.org.apache.hc.client5.http.impl.io.PoolingHttpClientConnectionManager -- ep-00000025: releasing endpoint
21:10:41.626 [main] DEBUG com.github.dockerjava.zerodep.shaded.org.apache.hc.client5.http.impl.io.PoolingHttpClientConnectionManager -- ep-00000025: connection http-outgoing-4 can be kept alive for 3 MINUTES
21:10:41.626 [main] DEBUG com.github.dockerjava.zerodep.shaded.org.apache.hc.client5.http.impl.io.PoolingHttpClientConnectionManager -- ep-00000025: connection released [route: {}->npipe://localhost:2375][total available: 1; route allocated: 1 of 2147483647; total allocated: 1 of 2147483647]
PostgreSQL container running: true
JDBC URL: jdbc:postgresql://localhost:49864/pets?loggerLevel=OFF
21:10:41.627 [main] DEBUG org.hibernate.integrator.internal.IntegratorServiceImpl -- Adding Integrator [org.hibernate.boot.beanvalidation.BeanValidationIntegrator].
21:10:41.627 [main] DEBUG org.hibernate.integrator.internal.IntegratorServiceImpl -- Adding Integrator [org.hibernate.cache.internal.CollectionCacheInvalidator].
21:10:41.629 [main] DEBUG org.hibernate.cfg.Configuration -- Building session factory using internal StandardServiceRegistryBuilder
21:10:41.629 [main] DEBUG org.hibernate.cfg.Configuration -- Building session factory using provided StandardServiceRegistry
21:10:41.629 [main] DEBUG org.hibernate.orm.idgen.factory -- Ignoring CDI for resolving IdentifierGenerator instances as extended or delayed CDI support was enabled
21:10:41.630 [main] DEBUG org.hibernate.orm.idgen.factory -- Registering IdentifierGenerator strategy [uuid2] -> [org.hibernate.id.UUIDGenerator]
21:10:41.630 [main] DEBUG org.hibernate.orm.idgen.factory -- Registering IdentifierGenerator strategy [guid] -> [org.hibernate.id.GUIDGenerator]
21:10:41.630 [main] DEBUG org.hibernate.orm.idgen.factory -- Registering IdentifierGenerator strategy [uuid] -> [org.hibernate.id.UUIDHexGenerator]
21:10:41.630 [main] DEBUG org.hibernate.orm.idgen.factory -- Registering IdentifierGenerator strategy [uuid.hex] -> [org.hibernate.id.UUIDHexGenerator]
21:10:41.630 [main] DEBUG org.hibernate.orm.idgen.factory -- Registering IdentifierGenerator strategy [assigned] -> [org.hibernate.id.Assigned]
21:10:41.630 [main] DEBUG org.hibernate.orm.idgen.factory -- Registering IdentifierGenerator strategy [identity] -> [org.hibernate.id.IdentityGenerator]
21:10:41.630 [main] DEBUG org.hibernate.orm.idgen.factory -- Registering IdentifierGenerator strategy [select] -> [org.hibernate.id.SelectGenerator]
21:10:41.630 [main] DEBUG org.hibernate.orm.idgen.factory -- Registering IdentifierGenerator strategy [sequence] -> [org.hibernate.id.enhanced.SequenceStyleGenerator]
21:10:41.630 [main] DEBUG org.hibernate.orm.idgen.factory -- Registering IdentifierGenerator strategy [increment] -> [org.hibernate.id.IncrementGenerator]
21:10:41.630 [main] DEBUG org.hibernate.orm.idgen.factory -- Registering IdentifierGenerator strategy [foreign] -> [org.hibernate.id.ForeignGenerator]
21:10:41.630 [main] DEBUG org.hibernate.orm.idgen.factory -- Registering IdentifierGenerator strategy [enhanced-sequence] -> [org.hibernate.id.enhanced.SequenceStyleGenerator]
21:10:41.630 [main] DEBUG org.hibernate.orm.idgen.factory -- Registering IdentifierGenerator strategy [enhanced-table] -> [org.hibernate.id.enhanced.TableGenerator]
21:10:41.630 [main] DEBUG org.hibernate.cache.internal.RegionFactoryInitiator -- Cannot default RegionFactory based on registered strategies as `[]` RegionFactory strategies were registered
21:10:41.630 [main] INFO org.hibernate.cache.internal.RegionFactoryInitiator -- HHH000026: Second-level cache disabled
21:10:41.630 [main] DEBUG org.hibernate.type.BasicTypeRegistry -- Adding type registration boolean -> org.hibernate.type.BasicTypeReference@55e3d6c3
21:10:41.630 [main] DEBUG org.hibernate.type.BasicTypeRegistry -- Adding type registration boolean -> org.hibernate.type.BasicTypeReference@55e3d6c3
21:10:41.630 [main] DEBUG org.hibernate.type.BasicTypeRegistry -- Adding type registration java.lang.Boolean -> org.hibernate.type.BasicTypeReference@55e3d6c3
21:10:41.630 [main] DEBUG org.hibernate.type.BasicTypeRegistry -- Adding type registration numeric_boolean -> org.hibernate.type.BasicTypeReference@30e6a763
21:10:41.630 [main] DEBUG org.hibernate.type.BasicTypeRegistry -- Adding type registration org.hibernate.type.NumericBooleanConverter -> org.hibernate.type.BasicTypeReference@30e6a763
21:10:41.630 [main] DEBUG org.hibernate.type.BasicTypeRegistry -- Adding type registration true_false -> org.hibernate.type.BasicTypeReference@4c48fe92
21:10:41.630 [main] DEBUG org.hibernate.type.BasicTypeRegistry -- Adding type registration org.hibernate.type.TrueFalseConverter -> org.hibernate.type.BasicTypeReference@4c48fe92
21:10:41.630 [main] DEBUG org.hibernate.type.BasicTypeRegistry -- Adding type registration yes_no -> org.hibernate.type.BasicTypeReference@732c9b5c
21:10:41.630 [main] DEBUG org.hibernate.type.BasicTypeRegistry -- Adding type registration org.hibernate.type.YesNoConverter -> org.hibernate.type.BasicTypeReference@732c9b5c
21:10:41.630 [main] DEBUG org.hibernate.type.BasicTypeRegistry -- Adding type registration byte -> org.hibernate.type.BasicTypeReference@38320e34
21:10:41.630 [main] DEBUG org.hibernate.type.BasicTypeRegistry -- Adding type registration byte -> org.hibernate.type.BasicTypeReference@38320e34
21:10:41.630 [main] DEBUG org.hibernate.type.BasicTypeRegistry -- Adding type registration java.lang.Byte -> org.hibernate.type.BasicTypeReference@38320e34
21:10:41.630 [main] DEBUG org.hibernate.type.BasicTypeRegistry -- Adding type registration binary -> org.hibernate.type.BasicTypeReference@3d6a6bee
21:10:41.630 [main] DEBUG org.hibernate.type.BasicTypeRegistry -- Adding type registration byte[] -> org.hibernate.type.BasicTypeReference@3d6a6bee
21:10:41.630 [main] DEBUG org.hibernate.type.BasicTypeRegistry -- Adding type registration [B -> org.hibernate.type.BasicTypeReference@3d6a6bee
21:10:41.630 [main] DEBUG org.hibernate.type.BasicTypeRegistry -- Adding type registration binary_wrapper -> org.hibernate.type.BasicTypeReference@36ddaebf
21:10:41.630 [main] DEBUG org.hibernate.type.BasicTypeRegistry -- Adding type registration wrapper-binary -> org.hibernate.type.BasicTypeReference@36ddaebf
21:10:41.630 [main] DEBUG org.hibernate.type.BasicTypeRegistry -- Adding type registration image -> org.hibernate.type.BasicTypeReference@213c3543
21:10:41.630 [main] DEBUG org.hibernate.type.BasicTypeRegistry -- Adding type registration blob -> org.hibernate.type.BasicTypeReference@9d7ccfe
21:10:41.630 [main] DEBUG org.hibernate.type.BasicTypeRegistry -- Adding type registration java.sql.Blob -> org.hibernate.type.BasicTypeReference@9d7ccfe
21:10:41.630 [main] DEBUG org.hibernate.type.BasicTypeRegistry -- Adding type registration materialized_blob -> org.hibernate.type.BasicTypeReference@670ce331
21:10:41.630 [main] DEBUG org.hibernate.type.BasicTypeRegistry -- Adding type registration materialized_blob_wrapper -> org.hibernate.type.BasicTypeReference@3cff0139
21:10:41.630 [main] DEBUG org.hibernate.type.BasicTypeRegistry -- Adding type registration short -> org.hibernate.type.BasicTypeReference@7c29adc8
21:10:41.630 [main] DEBUG org.hibernate.type.BasicTypeRegistry -- Adding type registration short -> org.hibernate.type.BasicTypeReference@7c29adc8
21:10:41.630 [main] DEBUG org.hibernate.type.BasicTypeRegistry -- Adding type registration java.lang.Short -> org.hibernate.type.BasicTypeReference@7c29adc8
21:10:41.630 [main] DEBUG org.hibernate.type.BasicTypeRegistry -- Adding type registration integer -> org.hibernate.type.BasicTypeReference@4b2e3e8f
21:10:41.630 [main] DEBUG org.hibernate.type.BasicTypeRegistry -- Adding type registration int -> org.hibernate.type.BasicTypeReference@4b2e3e8f
21:10:41.630 [main] DEBUG org.hibernate.type.BasicTypeRegistry -- Adding type registration java.lang.Integer -> org.hibernate.type.BasicTypeReference@4b2e3e8f
21:10:41.630 [main] DEBUG org.hibernate.type.BasicTypeRegistry -- Adding type registration long -> org.hibernate.type.BasicTypeReference@4bbb49b0
21:10:41.630 [main] DEBUG org.hibernate.type.BasicTypeRegistry -- Adding type registration long -> org.hibernate.type.BasicTypeReference@4bbb49b0
21:10:41.630 [main] DEBUG org.hibernate.type.BasicTypeRegistry -- Adding type registration java.lang.Long -> org.hibernate.type.BasicTypeReference@4bbb49b0
21:10:41.630 [main] DEBUG org.hibernate.type.BasicTypeRegistry -- Adding type registration float -> org.hibernate.type.BasicTypeReference@f096f37
21:10:41.630 [main] DEBUG org.hibernate.type.BasicTypeRegistry -- Adding type registration float -> org.hibernate.type.BasicTypeReference@f096f37
21:10:41.630 [main] DEBUG org.hibernate.type.BasicTypeRegistry -- Adding type registration java.lang.Float -> org.hibernate.type.BasicTypeReference@f096f37
21:10:41.630 [main] DEBUG org.hibernate.type.BasicTypeRegistry -- Adding type registration double -> org.hibernate.type.BasicTypeReference@3effd4f3
21:10:41.630 [main] DEBUG org.hibernate.type.BasicTypeRegistry -- Adding type registration double -> org.hibernate.type.BasicTypeReference@3effd4f3
21:10:41.630 [main] DEBUG org.hibernate.type.BasicTypeRegistry -- Adding type registration java.lang.Double -> org.hibernate.type.BasicTypeReference@3effd4f3
21:10:41.630 [main] DEBUG org.hibernate.type.BasicTypeRegistry -- Adding type registration big_integer -> org.hibernate.type.BasicTypeReference@41f4fe5
21:10:41.630 [main] DEBUG org.hibernate.type.BasicTypeRegistry -- Adding type registration java.math.BigInteger -> org.hibernate.type.BasicTypeReference@41f4fe5
21:10:41.630 [main] DEBUG org.hibernate.type.BasicTypeRegistry -- Adding type registration big_decimal -> org.hibernate.type.BasicTypeReference@15f8701f
21:10:41.630 [main] DEBUG org.hibernate.type.BasicTypeRegistry -- Adding type registration java.math.BigDecimal -> org.hibernate.type.BasicTypeReference@15f8701f
21:10:41.630 [main] DEBUG org.hibernate.type.BasicTypeRegistry -- Adding type registration character -> org.hibernate.type.BasicTypeReference@514cd540
21:10:41.630 [main] DEBUG org.hibernate.type.BasicTypeRegistry -- Adding type registration char -> org.hibernate.type.BasicTypeReference@514cd540
21:10:41.630 [main] DEBUG org.hibernate.type.BasicTypeRegistry -- Adding type registration java.lang.Character -> org.hibernate.type.BasicTypeReference@514cd540
21:10:41.630 [main] DEBUG org.hibernate.type.BasicTypeRegistry -- Adding type registration character_nchar -> org.hibernate.type.BasicTypeReference@11d4dbd6
21:10:41.630 [main] DEBUG org.hibernate.type.BasicTypeRegistry -- Adding type registration string -> org.hibernate.type.BasicTypeReference@6f4ade6e
21:10:41.630 [main] DEBUG org.hibernate.type.BasicTypeRegistry -- Adding type registration java.lang.String -> org.hibernate.type.BasicTypeReference@6f4ade6e
21:10:41.630 [main] DEBUG org.hibernate.type.BasicTypeRegistry -- Adding type registration nstring -> org.hibernate.type.BasicTypeReference@39e43310
21:10:41.630 [main] DEBUG org.hibernate.type.BasicTypeRegistry -- Adding type registration characters -> org.hibernate.type.BasicTypeReference@eb507b9
21:10:41.630 [main] DEBUG org.hibernate.type.BasicTypeRegistry -- Adding type registration char[] -> org.hibernate.type.BasicTypeReference@eb507b9
21:10:41.630 [main] DEBUG org.hibernate.type.BasicTypeRegistry -- Adding type registration [C -> org.hibernate.type.BasicTypeReference@eb507b9
21:10:41.630 [main] DEBUG org.hibernate.type.BasicTypeRegistry -- Adding type registration wrapper-characters -> org.hibernate.type.BasicTypeReference@390877d2
21:10:41.630 [main] DEBUG org.hibernate.type.BasicTypeRegistry -- Adding type registration text -> org.hibernate.type.BasicTypeReference@86733
21:10:41.630 [main] DEBUG org.hibernate.type.BasicTypeRegistry -- Adding type registration ntext -> org.hibernate.type.BasicTypeReference@186cb891
21:10:41.630 [main] DEBUG org.hibernate.type.BasicTypeRegistry -- Adding type registration clob -> org.hibernate.type.BasicTypeReference@3ec2ecea
21:10:41.630 [main] DEBUG org.hibernate.type.BasicTypeRegistry -- Adding type registration java.sql.Clob -> org.hibernate.type.BasicTypeReference@3ec2ecea
21:10:41.630 [main] DEBUG org.hibernate.type.BasicTypeRegistry -- Adding type registration nclob -> org.hibernate.type.BasicTypeReference@440eaa07
21:10:41.630 [main] DEBUG org.hibernate.type.BasicTypeRegistry -- Adding type registration java.sql.NClob -> org.hibernate.type.BasicTypeReference@440eaa07
21:10:41.630 [main] DEBUG org.hibernate.type.BasicTypeRegistry -- Adding type registration materialized_clob -> org.hibernate.type.BasicTypeReference@7fc7c4a
21:10:41.630 [main] DEBUG org.hibernate.type.BasicTypeRegistry -- Adding type registration materialized_clob_char_array -> org.hibernate.type.BasicTypeReference@7aa9e414
21:10:41.630 [main] DEBUG org.hibernate.type.BasicTypeRegistry -- Adding type registration materialized_clob_character_array -> org.hibernate.type.BasicTypeReference@53a5e217
21:10:41.630 [main] DEBUG org.hibernate.type.BasicTypeRegistry -- Adding type registration materialized_nclob -> org.hibernate.type.BasicTypeReference@624a24f6
21:10:41.630 [main] DEBUG org.hibernate.type.BasicTypeRegistry -- Adding type registration materialized_nclob_character_array -> org.hibernate.type.BasicTypeReference@6b00ad9
21:10:41.630 [main] DEBUG org.hibernate.type.BasicTypeRegistry -- Adding type registration materialized_nclob_char_array -> org.hibernate.type.BasicTypeReference@338cc75f
21:10:41.630 [main] DEBUG org.hibernate.type.BasicTypeRegistry -- Adding type registration Duration -> org.hibernate.type.BasicTypeReference@4f453e63
21:10:41.630 [main] DEBUG org.hibernate.type.BasicTypeRegistry -- Adding type registration java.time.Duration -> org.hibernate.type.BasicTypeReference@4f453e63
21:10:41.630 [main] DEBUG org.hibernate.type.BasicTypeRegistry -- Adding type registration LocalDateTime -> org.hibernate.type.BasicTypeReference@7c9bdee9
21:10:41.630 [main] DEBUG org.hibernate.type.BasicTypeRegistry -- Adding type registration java.time.LocalDateTime -> org.hibernate.type.BasicTypeReference@7c9bdee9
21:10:41.630 [main] DEBUG org.hibernate.type.BasicTypeRegistry -- Adding type registration LocalDate -> org.hibernate.type.BasicTypeReference@7afbf561
21:10:41.630 [main] DEBUG org.hibernate.type.BasicTypeRegistry -- Adding type registration java.time.LocalDate -> org.hibernate.type.BasicTypeReference@7afbf561
21:10:41.630 [main] DEBUG org.hibernate.type.BasicTypeRegistry -- Adding type registration LocalTime -> org.hibernate.type.BasicTypeReference@2f98635e
21:10:41.630 [main] DEBUG org.hibernate.type.BasicTypeRegistry -- Adding type registration java.time.LocalTime -> org.hibernate.type.BasicTypeReference@2f98635e
21:10:41.630 [main] DEBUG org.hibernate.type.BasicTypeRegistry -- Adding type registration OffsetDateTime -> org.hibernate.type.BasicTypeReference@49c8f6e8
21:10:41.630 [main] DEBUG org.hibernate.type.BasicTypeRegistry -- Adding type registration java.time.OffsetDateTime -> org.hibernate.type.BasicTypeReference@49c8f6e8
21:10:41.630 [main] DEBUG org.hibernate.type.BasicTypeRegistry -- Adding type registration OffsetDateTimeWithTimezone -> org.hibernate.type.BasicTypeReference@6b0615ae
21:10:41.630 [main] DEBUG org.hibernate.type.BasicTypeRegistry -- Adding type registration OffsetDateTimeWithoutTimezone -> org.hibernate.type.BasicTypeReference@4e73b552
21:10:41.630 [main] DEBUG org.hibernate.type.BasicTypeRegistry -- Adding type registration OffsetTime -> org.hibernate.type.BasicTypeReference@221dad51
21:10:41.630 [main] DEBUG org.hibernate.type.BasicTypeRegistry -- Adding type registration java.time.OffsetTime -> org.hibernate.type.BasicTypeReference@221dad51
21:10:41.630 [main] DEBUG org.hibernate.type.BasicTypeRegistry -- Adding type registration OffsetTimeUtc -> org.hibernate.type.BasicTypeReference@2cec704c
21:10:41.630 [main] DEBUG org.hibernate.type.BasicTypeRegistry -- Adding type registration OffsetTimeWithTimezone -> org.hibernate.type.BasicTypeReference@771cbb1a
21:10:41.630 [main] DEBUG org.hibernate.type.BasicTypeRegistry -- Adding type registration OffsetTimeWithoutTimezone -> org.hibernate.type.BasicTypeReference@2416498e
21:10:41.630 [main] DEBUG org.hibernate.type.BasicTypeRegistry -- Adding type registration ZonedDateTime -> org.hibernate.type.BasicTypeReference@6b2e0f78
21:10:41.630 [main] DEBUG org.hibernate.type.BasicTypeRegistry -- Adding type registration java.time.ZonedDateTime -> org.hibernate.type.BasicTypeReference@6b2e0f78
21:10:41.630 [main] DEBUG org.hibernate.type.BasicTypeRegistry -- Adding type registration ZonedDateTimeWithTimezone -> org.hibernate.type.BasicTypeReference@240f6c41
21:10:41.630 [main] DEBUG org.hibernate.type.BasicTypeRegistry -- Adding type registration ZonedDateTimeWithoutTimezone -> org.hibernate.type.BasicTypeReference@3659d7b1
21:10:41.630 [main] DEBUG org.hibernate.type.BasicTypeRegistry -- Adding type registration date -> org.hibernate.type.BasicTypeReference@2015b2cd
21:10:41.630 [main] DEBUG org.hibernate.type.BasicTypeRegistry -- Adding type registration java.sql.Date -> org.hibernate.type.BasicTypeReference@2015b2cd
21:10:41.630 [main] DEBUG org.hibernate.type.BasicTypeRegistry -- Adding type registration time -> org.hibernate.type.BasicTypeReference@3bdb2c78
21:10:41.630 [main] DEBUG org.hibernate.type.BasicTypeRegistry -- Adding type registration java.sql.Time -> org.hibernate.type.BasicTypeReference@3bdb2c78
21:10:41.630 [main] DEBUG org.hibernate.type.BasicTypeRegistry -- Adding type registration timestamp -> org.hibernate.type.BasicTypeReference@64693226
21:10:41.630 [main] DEBUG org.hibernate.type.BasicTypeRegistry -- Adding type registration java.sql.Timestamp -> org.hibernate.type.BasicTypeReference@64693226
21:10:41.630 [main] DEBUG org.hibernate.type.BasicTypeRegistry -- Adding type registration java.util.Date -> org.hibernate.type.BasicTypeReference@64693226
21:10:41.630 [main] DEBUG org.hibernate.type.BasicTypeRegistry -- Adding type registration calendar -> org.hibernate.type.BasicTypeReference@1c758545
21:10:41.630 [main] DEBUG org.hibernate.type.BasicTypeRegistry -- Adding type registration java.util.Calendar -> org.hibernate.type.BasicTypeReference@1c758545
21:10:41.630 [main] DEBUG org.hibernate.type.BasicTypeRegistry -- Adding type registration java.util.GregorianCalendar -> org.hibernate.type.BasicTypeReference@1c758545
21:10:41.630 [main] DEBUG org.hibernate.type.BasicTypeRegistry -- Adding type registration calendar_date -> org.hibernate.type.BasicTypeReference@117bcfdc
21:10:41.630 [main] DEBUG org.hibernate.type.BasicTypeRegistry -- Adding type registration calendar_time -> org.hibernate.type.BasicTypeReference@73a19967
21:10:41.630 [main] DEBUG org.hibernate.type.BasicTypeRegistry -- Adding type registration instant -> org.hibernate.type.BasicTypeReference@5e746d37
21:10:41.630 [main] DEBUG org.hibernate.type.BasicTypeRegistry -- Adding type registration java.time.Instant -> org.hibernate.type.BasicTypeReference@5e746d37
21:10:41.631 [main] DEBUG org.hibernate.type.BasicTypeRegistry -- Adding type registration uuid -> org.hibernate.type.BasicTypeReference@6e1b9411
21:10:41.631 [main] DEBUG org.hibernate.type.BasicTypeRegistry -- Adding type registration java.util.UUID -> org.hibernate.type.BasicTypeReference@6e1b9411
21:10:41.631 [main] DEBUG org.hibernate.type.BasicTypeRegistry -- Adding type registration pg-uuid -> org.hibernate.type.BasicTypeReference@6e1b9411
21:10:41.631 [main] DEBUG org.hibernate.type.BasicTypeRegistry -- Adding type registration uuid-binary -> org.hibernate.type.BasicTypeReference@21d1b321
21:10:41.631 [main] DEBUG org.hibernate.type.BasicTypeRegistry -- Adding type registration uuid-char -> org.hibernate.type.BasicTypeReference@5ec46cdd
21:10:41.631 [main] DEBUG org.hibernate.type.BasicTypeRegistry -- Adding type registration class -> org.hibernate.type.BasicTypeReference@2324bfe7
21:10:41.631 [main] DEBUG org.hibernate.type.BasicTypeRegistry -- Adding type registration java.lang.Class -> org.hibernate.type.BasicTypeReference@2324bfe7
21:10:41.631 [main] DEBUG org.hibernate.type.BasicTypeRegistry -- Adding type registration currency -> org.hibernate.type.BasicTypeReference@112d1c8e
21:10:41.631 [main] DEBUG org.hibernate.type.BasicTypeRegistry -- Adding type registration Currency -> org.hibernate.type.BasicTypeReference@112d1c8e
21:10:41.631 [main] DEBUG org.hibernate.type.BasicTypeRegistry -- Adding type registration java.util.Currency -> org.hibernate.type.BasicTypeReference@112d1c8e
21:10:41.631 [main] DEBUG org.hibernate.type.BasicTypeRegistry -- Adding type registration locale -> org.hibernate.type.BasicTypeReference@3d49fd31
21:10:41.631 [main] DEBUG org.hibernate.type.BasicTypeRegistry -- Adding type registration java.util.Locale -> org.hibernate.type.BasicTypeReference@3d49fd31
21:10:41.631 [main] DEBUG org.hibernate.type.BasicTypeRegistry -- Adding type registration serializable -> org.hibernate.type.BasicTypeReference@4016ccc1
21:10:41.631 [main] DEBUG org.hibernate.type.BasicTypeRegistry -- Adding type registration java.io.Serializable -> org.hibernate.type.BasicTypeReference@4016ccc1
21:10:41.631 [main] DEBUG org.hibernate.type.BasicTypeRegistry -- Adding type registration timezone -> org.hibernate.type.BasicTypeReference@46cb98a3
21:10:41.631 [main] DEBUG org.hibernate.type.BasicTypeRegistry -- Adding type registration java.util.TimeZone -> org.hibernate.type.BasicTypeReference@46cb98a3
21:10:41.631 [main] DEBUG org.hibernate.type.BasicTypeRegistry -- Adding type registration ZoneOffset -> org.hibernate.type.BasicTypeReference@3ffb3598
21:10:41.631 [main] DEBUG org.hibernate.type.BasicTypeRegistry -- Adding type registration java.time.ZoneOffset -> org.hibernate.type.BasicTypeReference@3ffb3598
21:10:41.631 [main] DEBUG org.hibernate.type.BasicTypeRegistry -- Adding type registration url -> org.hibernate.type.BasicTypeReference@4da9f723
21:10:41.631 [main] DEBUG org.hibernate.type.BasicTypeRegistry -- Adding type registration java.net.URL -> org.hibernate.type.BasicTypeReference@4da9f723
21:10:41.631 [main] DEBUG org.hibernate.type.BasicTypeRegistry -- Adding type registration vector -> org.hibernate.type.BasicTypeReference@3b2f4a93
21:10:41.631 [main] DEBUG org.hibernate.type.BasicTypeRegistry -- Adding type registration row_version -> org.hibernate.type.BasicTypeReference@213bd3d5
21:10:41.631 [main] DEBUG org.hibernate.type.BasicTypeRegistry -- Adding type registration object -> org.hibernate.type.JavaObjectType@51ce6f85
21:10:41.631 [main] DEBUG org.hibernate.type.BasicTypeRegistry -- Adding type registration java.lang.Object -> org.hibernate.type.JavaObjectType@51ce6f85
21:10:41.631 [main] DEBUG org.hibernate.type.BasicTypeRegistry -- Adding type registration null -> org.hibernate.type.NullType@10acd6
21:10:41.631 [main] DEBUG org.hibernate.type.BasicTypeRegistry -- Adding type registration imm_date -> org.hibernate.type.BasicTypeReference@59ec5a0b
21:10:41.631 [main] DEBUG org.hibernate.type.BasicTypeRegistry -- Adding type registration imm_time -> org.hibernate.type.BasicTypeReference@29431f61
21:10:41.631 [main] DEBUG org.hibernate.type.BasicTypeRegistry -- Adding type registration imm_timestamp -> org.hibernate.type.BasicTypeReference@f98cff
21:10:41.631 [main] DEBUG org.hibernate.type.BasicTypeRegistry -- Adding type registration imm_calendar -> org.hibernate.type.BasicTypeReference@59c38af5
21:10:41.631 [main] DEBUG org.hibernate.type.BasicTypeRegistry -- Adding type registration imm_calendar_date -> org.hibernate.type.BasicTypeReference@6244afc4
21:10:41.631 [main] DEBUG org.hibernate.type.BasicTypeRegistry -- Adding type registration imm_calendar_time -> org.hibernate.type.BasicTypeReference@534d0cfa
21:10:41.631 [main] DEBUG org.hibernate.type.BasicTypeRegistry -- Adding type registration imm_binary -> org.hibernate.type.BasicTypeReference@1f1ffc18
21:10:41.631 [main] DEBUG org.hibernate.type.BasicTypeRegistry -- Adding type registration imm_serializable -> org.hibernate.type.BasicTypeReference@5a4e492c
21:10:41.634 [main] WARN org.hibernate.orm.connections.pooling -- HHH10001002: Using built-in connection pool (not intended for production use)
21:10:41.635 [main] INFO org.hibernate.orm.connections.pooling -- HHH10001005: Loaded JDBC driver class: org.postgresql.Driver
21:10:41.635 [main] INFO org.hibernate.orm.connections.pooling -- HHH10001012: Connecting with JDBC URL [jdbc:postgresql://localhost:49864/pets?loggerLevel=OFF]
21:10:41.635 [main] INFO org.hibernate.orm.connections.pooling -- HHH10001001: Connection properties: {password=Pofigict2005, user=postgres}
21:10:41.635 [main] INFO org.hibernate.orm.connections.pooling -- HHH10001003: Autocommit mode: false
21:10:41.635 [main] DEBUG org.hibernate.orm.connections.pooling -- Initializing Connection pool with 1 Connections
21:10:41.635 [main] INFO org.hibernate.orm.connections.pooling -- HHH10001115: Connection pool size: 20 (min=1)
21:10:41.655 [main] DEBUG org.hibernate.engine.jdbc.env.internal.JdbcEnvironmentInitiator -- Database ->
       name : PostgreSQL
    version : 17.4 (Debian 17.4-1.pgdg120+2)
      major : 17
      minor : 4
21:10:41.655 [main] DEBUG org.hibernate.engine.jdbc.env.internal.JdbcEnvironmentInitiator -- Driver ->
       name : PostgreSQL JDBC Driver
    version : 42.6.0
      major : 42
      minor : 6
21:10:41.655 [main] DEBUG org.hibernate.engine.jdbc.env.internal.JdbcEnvironmentInitiator -- JDBC version : 4.2
21:10:41.660 [main] WARN org.hibernate.orm.deprecation -- HHH90000025: PostgreSQLDialect does not need to be specified explicitly using 'hibernate.dialect' (remove the property setting and it will be selected by default)
21:10:41.660 [main] DEBUG org.hibernate.orm.dialect -- HHH035001: Using dialect: org.hibernate.dialect.PostgreSQLDialect, version: 17.4
21:10:41.660 [main] DEBUG org.hibernate.engine.jdbc.env.spi.IdentifierHelperBuilder -- JDBC driver metadata reported database stores quoted identifiers in neither upper, lower nor mixed case
21:10:41.663 [main] DEBUG org.hibernate.orm.jdbc.lob -- HHH10010004: Disabling contextual LOB creation as Dialect reported it is not supported
21:10:41.664 [main] DEBUG org.hibernate.type.descriptor.sql.spi.DdlTypeRegistry -- addDescriptor(2003, org.hibernate.type.descriptor.sql.internal.ArrayDdlTypeImpl@46bdc55e) replaced previous registration(org.hibernate.type.descriptor.sql.internal.ArrayDdlTypeImpl@6e12f38c)
21:10:41.664 [main] DEBUG org.hibernate.type.descriptor.sql.spi.DdlTypeRegistry -- addDescriptor(6, org.hibernate.type.descriptor.sql.internal.CapacityDependentDdlType@6c1a63f7) replaced previous registration(org.hibernate.type.descriptor.sql.internal.DdlTypeImpl@5a9baba8)
21:10:41.664 [main] DEBUG org.hibernate.type.descriptor.jdbc.spi.JdbcTypeRegistry -- addDescriptor(2004, BlobTypeDescriptor(BLOB_BINDING)) replaced previous registration(BlobTypeDescriptor(DEFAULT))
21:10:41.664 [main] DEBUG org.hibernate.type.descriptor.jdbc.spi.JdbcTypeRegistry -- addDescriptor(2005, ClobTypeDescriptor(CLOB_BINDING)) replaced previous registration(ClobTypeDescriptor(DEFAULT))
21:10:41.664 [main] DEBUG org.hibernate.type.BasicTypeRegistry -- Adding type registration JAVA_OBJECT -> org.hibernate.type.JavaObjectType@72240290
21:10:41.664 [main] DEBUG org.hibernate.type.BasicTypeRegistry -- Adding type registration java.lang.Object -> org.hibernate.type.JavaObjectType@72240290
21:10:41.664 [main] DEBUG org.hibernate.type.BasicTypeRegistry -- Type registration key [java.lang.Object] overrode previous entry : `org.hibernate.type.JavaObjectType@51ce6f85`
21:10:41.665 [main] DEBUG org.hibernate.type.BasicTypeRegistry -- Adding type registration org.hibernate.type.DurationType -> basicType@49(java.time.Duration,2)
21:10:41.665 [main] DEBUG org.hibernate.type.BasicTypeRegistry -- Adding type registration Duration -> basicType@49(java.time.Duration,2)
21:10:41.665 [main] DEBUG org.hibernate.type.BasicTypeRegistry -- Adding type registration java.time.Duration -> basicType@49(java.time.Duration,2)
21:10:41.665 [main] DEBUG org.hibernate.type.BasicTypeRegistry -- Adding type registration org.hibernate.type.OffsetDateTimeType -> basicType@50(java.time.OffsetDateTime,3003)
21:10:41.665 [main] DEBUG org.hibernate.type.BasicTypeRegistry -- Adding type registration OffsetDateTime -> basicType@50(java.time.OffsetDateTime,3003)
21:10:41.665 [main] DEBUG org.hibernate.type.BasicTypeRegistry -- Adding type registration java.time.OffsetDateTime -> basicType@50(java.time.OffsetDateTime,3003)
21:10:41.665 [main] DEBUG org.hibernate.type.BasicTypeRegistry -- Adding type registration org.hibernate.type.ZonedDateTimeType -> basicType@51(java.time.ZonedDateTime,3003)
21:10:41.665 [main] DEBUG org.hibernate.type.BasicTypeRegistry -- Adding type registration ZonedDateTime -> basicType@51(java.time.ZonedDateTime,3003)
21:10:41.665 [main] DEBUG org.hibernate.type.BasicTypeRegistry -- Adding type registration java.time.ZonedDateTime -> basicType@51(java.time.ZonedDateTime,3003)
21:10:41.665 [main] DEBUG org.hibernate.type.BasicTypeRegistry -- Adding type registration org.hibernate.type.OffsetTimeType -> basicType@52(java.time.OffsetTime,3007)
21:10:41.665 [main] DEBUG org.hibernate.type.BasicTypeRegistry -- Adding type registration OffsetTime -> basicType@52(java.time.OffsetTime,3007)
21:10:41.665 [main] DEBUG org.hibernate.type.BasicTypeRegistry -- Adding type registration java.time.OffsetTime -> basicType@52(java.time.OffsetTime,3007)
21:10:41.665 [main] DEBUG org.hibernate.type.spi.TypeConfiguration$Scope -- Scoping TypeConfiguration [org.hibernate.type.spi.TypeConfiguration@b5311cb] to MetadataBuildingContext [org.hibernate.boot.internal.MetadataBuildingContextRootImpl@34e9de8d]
21:10:41.665 [main] DEBUG org.hibernate.boot.model.relational.Namespace -- Created database namespace [logicalName=Name{catalog=null, schema=null}, physicalName=Name{catalog=null, schema=null}]
21:10:41.666 [main] DEBUG org.hibernate.boot.model.internal.EntityBinder -- Binding entity from annotated class: org.lab2.Pets.Pet
21:10:41.667 [main] DEBUG org.hibernate.boot.model.internal.EntityBinder -- Import with entity name Pet
21:10:41.667 [main] DEBUG org.hibernate.boot.model.internal.EntityBinder -- Bind entity org.lab2.Pets.Pet on table pets
21:10:41.667 [main] DEBUG org.hibernate.boot.model.internal.AnnotatedColumn -- Binding column: AnnotatedDiscriminatorColumn(column='DTYPE')
21:10:41.668 [main] DEBUG org.hibernate.boot.model.internal.AnnotatedColumn -- Binding column: AnnotatedColumn()
21:10:41.668 [main] DEBUG org.hibernate.boot.internal.ClassLoaderAccessImpl -- Not known whether passed class name [org.lab2.Pets.Pet] is safe
21:10:41.668 [main] DEBUG org.hibernate.boot.internal.ClassLoaderAccessImpl -- No temp ClassLoader provided; using live ClassLoader for loading potentially unsafe class : org.lab2.Pets.Pet
21:10:41.668 [main] DEBUG org.hibernate.boot.model.internal.PropertyBinder -- MetadataSourceProcessor property id with lazy=false
21:10:41.668 [main] DEBUG org.hibernate.boot.model.internal.AbstractPropertyHolder -- Attempting to locate auto-apply AttributeConverter for property [org.lab2.Pets.Pet:id]
21:10:41.668 [main] DEBUG org.hibernate.boot.model.internal.BasicValueBinder -- building BasicValue for id
21:10:41.668 [main] DEBUG org.hibernate.mapping.BasicValue -- Skipping column re-registration: pets.id
21:10:41.668 [main] DEBUG org.hibernate.boot.model.internal.PropertyBinder -- Building property id
21:10:41.668 [main] DEBUG org.hibernate.boot.model.internal.BinderHelper -- #makeIdGenerator(BasicValue([Column(id)]), id, identity, , ...)
21:10:41.669 [main] DEBUG org.hibernate.boot.model.internal.AnnotatedColumn -- Binding column: AnnotatedColumn(column='birth_date')
21:10:41.669 [main] DEBUG org.hibernate.boot.model.internal.PropertyBinder -- MetadataSourceProcessor property birthDate with lazy=false
21:10:41.669 [main] DEBUG org.hibernate.boot.model.internal.AbstractPropertyHolder -- Attempting to locate auto-apply AttributeConverter for property [org.lab2.Pets.Pet:birthDate]
21:10:41.669 [main] DEBUG org.hibernate.boot.model.internal.BasicValueBinder -- building BasicValue for birthDate
21:10:41.669 [main] DEBUG org.hibernate.mapping.BasicValue -- Skipping column re-registration: pets.birth_date
21:10:41.669 [main] DEBUG org.hibernate.boot.model.internal.PropertyBinder -- Building property birthDate
21:10:41.669 [main] DEBUG org.hibernate.boot.model.internal.AnnotatedColumn -- Binding column: AnnotatedColumn()
21:10:41.669 [main] DEBUG org.hibernate.boot.model.internal.PropertyBinder -- MetadataSourceProcessor property breed with lazy=false
21:10:41.669 [main] DEBUG org.hibernate.boot.model.internal.AbstractPropertyHolder -- Attempting to locate auto-apply AttributeConverter for property [org.lab2.Pets.Pet:breed]
21:10:41.669 [main] DEBUG org.hibernate.boot.model.internal.BasicValueBinder -- building BasicValue for breed
21:10:41.669 [main] DEBUG org.hibernate.mapping.BasicValue -- Skipping column re-registration: pets.breed
21:10:41.669 [main] DEBUG org.hibernate.boot.model.internal.PropertyBinder -- Building property breed
21:10:41.669 [main] DEBUG org.hibernate.boot.model.internal.AnnotatedColumn -- Binding column: AnnotatedColumn()
21:10:41.669 [main] DEBUG org.hibernate.boot.model.internal.PropertyBinder -- MetadataSourceProcessor property color with lazy=false
21:10:41.669 [main] DEBUG org.hibernate.boot.model.internal.AbstractPropertyHolder -- Attempting to locate auto-apply AttributeConverter for property [org.lab2.Pets.Pet:color]
21:10:41.669 [main] DEBUG org.hibernate.boot.model.internal.BasicValueBinder -- building BasicValue for color
21:10:41.669 [main] DEBUG org.hibernate.mapping.BasicValue -- Skipping column re-registration: pets.color
21:10:41.669 [main] DEBUG org.hibernate.boot.model.internal.PropertyBinder -- Building property color
21:10:41.670 [main] DEBUG org.hibernate.boot.model.internal.AnnotatedColumn -- Binding column: IndexColumn(column='friends_ORDER')
21:10:41.670 [main] DEBUG org.hibernate.boot.model.internal.AnnotatedColumn -- Binding column: AnnotatedColumn()
21:10:41.670 [main] DEBUG org.hibernate.boot.model.internal.AnnotatedColumn -- Binding column: AnnotatedColumn(column='friends_KEY')
21:10:41.670 [main] DEBUG org.hibernate.boot.model.internal.AnnotatedColumn -- Binding column: AnnotatedJoinColumn(column='friends_KEY')
21:10:41.670 [main] DEBUG org.hibernate.boot.model.internal.AnnotatedColumn -- Binding column: AnnotatedJoinColumn(column='pet_id')
21:10:41.670 [main] DEBUG org.hibernate.boot.model.internal.AnnotatedColumn -- Binding column: AnnotatedJoinColumn(column='friend_id')
21:10:41.670 [main] DEBUG org.hibernate.boot.model.internal.CollectionBinder -- Collection role: org.lab2.Pets.Pet.friends
21:10:41.670 [main] DEBUG org.hibernate.boot.model.internal.PropertyBinder -- Building property friends
21:10:41.670 [main] DEBUG org.hibernate.boot.model.internal.AnnotatedColumn -- Binding column: AnnotatedColumn()
21:10:41.671 [main] DEBUG org.hibernate.boot.model.internal.PropertyBinder -- MetadataSourceProcessor property name with lazy=false
21:10:41.671 [main] DEBUG org.hibernate.boot.model.internal.AbstractPropertyHolder -- Attempting to locate auto-apply AttributeConverter for property [org.lab2.Pets.Pet:name]
21:10:41.671 [main] DEBUG org.hibernate.boot.model.internal.BasicValueBinder -- building BasicValue for name
21:10:41.671 [main] DEBUG org.hibernate.mapping.BasicValue -- Skipping column re-registration: pets.name
21:10:41.671 [main] DEBUG org.hibernate.boot.model.internal.PropertyBinder -- Building property name
21:10:41.671 [main] DEBUG org.hibernate.boot.model.internal.AnnotatedColumn -- Binding column: AnnotatedJoinColumn(column='owner_id')
21:10:41.671 [main] DEBUG org.hibernate.boot.model.internal.AnnotatedColumn -- Binding column: AnnotatedColumn()
21:10:41.671 [main] DEBUG org.hibernate.boot.model.internal.PropertyBinder -- Building property owner
21:10:41.672 [main] DEBUG org.hibernate.boot.registry.classloading.internal.ClassLoaderServiceImpl -- HHH000194: Package not found or wo package-info.java: org.lab2.Pets
21:10:41.672 [main] DEBUG org.hibernate.boot.model.internal.EntityBinder -- Binding entity from annotated class: org.lab2.Owners.Owner
21:10:41.672 [main] DEBUG org.hibernate.boot.model.internal.EntityBinder -- Import with entity name Owner
21:10:41.673 [main] DEBUG org.hibernate.boot.model.internal.EntityBinder -- Bind entity org.lab2.Owners.Owner on table owners
21:10:41.673 [main] DEBUG org.hibernate.boot.model.internal.AnnotatedColumn -- Binding column: AnnotatedDiscriminatorColumn(column='DTYPE')
21:10:41.673 [main] DEBUG org.hibernate.boot.model.internal.AnnotatedColumn -- Binding column: AnnotatedColumn()
21:10:41.673 [main] DEBUG org.hibernate.boot.internal.ClassLoaderAccessImpl -- Not known whether passed class name [org.lab2.Owners.Owner] is safe
21:10:41.673 [main] DEBUG org.hibernate.boot.internal.ClassLoaderAccessImpl -- No temp ClassLoader provided; using live ClassLoader for loading potentially unsafe class : org.lab2.Owners.Owner
21:10:41.673 [main] DEBUG org.hibernate.boot.model.internal.PropertyBinder -- MetadataSourceProcessor property id with lazy=false
21:10:41.673 [main] DEBUG org.hibernate.boot.model.internal.AbstractPropertyHolder -- Attempting to locate auto-apply AttributeConverter for property [org.lab2.Owners.Owner:id]
21:10:41.673 [main] DEBUG org.hibernate.boot.model.internal.BasicValueBinder -- building BasicValue for id
21:10:41.673 [main] DEBUG org.hibernate.mapping.BasicValue -- Skipping column re-registration: owners.id
21:10:41.673 [main] DEBUG org.hibernate.boot.model.internal.PropertyBinder -- Building property id
21:10:41.674 [main] DEBUG org.hibernate.boot.model.internal.BinderHelper -- #makeIdGenerator(BasicValue([Column(id)]), id, identity, , ...)
21:10:41.674 [main] DEBUG org.hibernate.boot.model.internal.AnnotatedColumn -- Binding column: AnnotatedColumn(column='birth_date')
21:10:41.674 [main] DEBUG org.hibernate.boot.model.internal.PropertyBinder -- MetadataSourceProcessor property birthDate with lazy=false
21:10:41.674 [main] DEBUG org.hibernate.boot.model.internal.AbstractPropertyHolder -- Attempting to locate auto-apply AttributeConverter for property [org.lab2.Owners.Owner:birthDate]
21:10:41.674 [main] DEBUG org.hibernate.boot.model.internal.BasicValueBinder -- building BasicValue for birthDate
21:10:41.674 [main] DEBUG org.hibernate.mapping.BasicValue -- Skipping column re-registration: owners.birth_date
21:10:41.674 [main] DEBUG org.hibernate.boot.model.internal.PropertyBinder -- Building property birthDate
21:10:41.674 [main] DEBUG org.hibernate.boot.model.internal.AnnotatedColumn -- Binding column: AnnotatedColumn()
21:10:41.674 [main] DEBUG org.hibernate.boot.model.internal.PropertyBinder -- MetadataSourceProcessor property name with lazy=false
21:10:41.674 [main] DEBUG org.hibernate.boot.model.internal.AbstractPropertyHolder -- Attempting to locate auto-apply AttributeConverter for property [org.lab2.Owners.Owner:name]
21:10:41.674 [main] DEBUG org.hibernate.boot.model.internal.BasicValueBinder -- building BasicValue for name
21:10:41.674 [main] DEBUG org.hibernate.mapping.BasicValue -- Skipping column re-registration: owners.name
21:10:41.674 [main] DEBUG org.hibernate.boot.model.internal.PropertyBinder -- Building property name
21:10:41.674 [main] DEBUG org.hibernate.boot.model.internal.AnnotatedColumn -- Binding column: AnnotatedJoinColumn()
21:10:41.674 [main] DEBUG org.hibernate.boot.model.internal.AnnotatedColumn -- Binding column: AnnotatedColumn()
21:10:41.674 [main] DEBUG org.hibernate.boot.model.internal.AnnotatedColumn -- Binding column: IndexColumn(column='pets_ORDER')
21:10:41.675 [main] DEBUG org.hibernate.boot.model.internal.AnnotatedColumn -- Binding column: AnnotatedColumn()
21:10:41.675 [main] DEBUG org.hibernate.boot.model.internal.AnnotatedColumn -- Binding column: AnnotatedColumn(column='pets_KEY')
21:10:41.675 [main] DEBUG org.hibernate.boot.model.internal.AnnotatedColumn -- Binding column: AnnotatedJoinColumn(column='pets_KEY')
21:10:41.675 [main] DEBUG org.hibernate.boot.model.internal.AnnotatedColumn -- Binding column: AnnotatedJoinColumn()
21:10:41.675 [main] DEBUG org.hibernate.boot.model.internal.AnnotatedColumn -- Binding column: AnnotatedJoinColumn()
21:10:41.675 [main] DEBUG org.hibernate.boot.model.internal.CollectionBinder -- Collection role: org.lab2.Owners.Owner.pets
21:10:41.675 [main] DEBUG org.hibernate.boot.model.internal.PropertyBinder -- Building property pets
21:10:41.675 [main] DEBUG org.hibernate.boot.registry.classloading.internal.ClassLoaderServiceImpl -- HHH000194: Package not found or wo package-info.java: org.lab2.Owners
21:10:41.676 [main] DEBUG org.hibernate.boot.model.internal.BasicValueBinder -- Starting `BasicValueBinder#fillSimpleValue` for id
21:10:41.676 [main] DEBUG org.hibernate.boot.model.internal.BasicValueBinder -- Starting `BasicValueBinder#fillSimpleValue` for birthDate
21:10:41.676 [main] DEBUG org.hibernate.boot.model.internal.BasicValueBinder -- Starting `BasicValueBinder#fillSimpleValue` for breed
21:10:41.676 [main] DEBUG org.hibernate.boot.model.internal.BasicValueBinder -- Starting `BasicValueBinder#fillSimpleValue` for color
21:10:41.676 [main] DEBUG org.hibernate.boot.model.internal.BasicValueBinder -- Starting `BasicValueBinder#fillSimpleValue` for name
21:10:41.676 [main] DEBUG org.hibernate.boot.model.internal.BasicValueBinder -- Starting `BasicValueBinder#fillSimpleValue` for id
21:10:41.676 [main] DEBUG org.hibernate.boot.model.internal.BasicValueBinder -- Starting `BasicValueBinder#fillSimpleValue` for birthDate
21:10:41.676 [main] DEBUG org.hibernate.boot.model.internal.BasicValueBinder -- Starting `BasicValueBinder#fillSimpleValue` for name
21:10:41.676 [main] DEBUG org.hibernate.mapping.PrimaryKey -- Forcing column [id] to be non-null as it is part of the primary key for table [pets]
21:10:41.676 [main] DEBUG org.hibernate.mapping.PrimaryKey -- Forcing column [id] to be non-null as it is part of the primary key for table [owners]
21:10:41.676 [main] DEBUG org.hibernate.boot.model.internal.CollectionSecondPass -- Second pass for collection: org.lab2.Pets.Pet.friends
21:10:41.676 [main] DEBUG org.hibernate.boot.model.internal.CollectionBinder -- Binding a ManyToMany: org.lab2.Pets.Pet.friends
21:10:41.677 [main] DEBUG org.hibernate.boot.registry.classloading.internal.ClassLoaderServiceImpl -- HHH000194: Package not found or wo package-info.java: org.lab2.Pets
21:10:41.677 [main] DEBUG org.hibernate.boot.model.internal.CollectionSecondPass -- Mapped collection key: pet_id, element: friend_id
21:10:41.677 [main] DEBUG org.hibernate.boot.model.internal.CollectionSecondPass -- Second pass for collection: org.lab2.Owners.Owner.pets
21:10:41.677 [main] DEBUG org.hibernate.boot.model.internal.CollectionBinder -- Binding a OneToMany: org.lab2.Owners.Owner.pets through a foreign key
21:10:41.677 [main] DEBUG org.hibernate.boot.model.internal.CollectionBinder -- Mapping collection: org.lab2.Owners.Owner.pets -> pets
21:10:41.677 [main] DEBUG org.hibernate.boot.model.internal.TableBinder -- Retrieving property org.lab2.Pets.Pet.owner
21:10:41.677 [main] DEBUG org.hibernate.boot.model.internal.CollectionSecondPass -- Mapped collection key: owner_id, one-to-many: org.lab2.Pets.Pet
21:10:41.677 [main] DEBUG org.hibernate.boot.internal.InFlightMetadataCollectorImpl -- Resolving reference to class: org.lab2.Pets.Pet
21:10:41.677 [main] DEBUG org.hibernate.boot.internal.InFlightMetadataCollectorImpl -- Resolving reference to class: org.lab2.Pets.Pet
21:10:41.678 [main] DEBUG org.hibernate.boot.internal.InFlightMetadataCollectorImpl -- Resolving reference to class: org.lab2.Owners.Owner
21:10:41.679 [main] DEBUG org.hibernate.boot.internal.InFlightMetadataCollectorImpl -- Resolving reference to class: org.lab2.Pets.Pet
21:10:41.679 [main] DEBUG org.hibernate.boot.internal.InFlightMetadataCollectorImpl -- Resolving reference to class: org.lab2.Pets.Pet
21:10:41.679 [main] DEBUG org.hibernate.boot.internal.InFlightMetadataCollectorImpl -- Resolving reference to class: org.lab2.Owners.Owner
21:10:41.680 [main] DEBUG org.hibernate.bytecode.internal.BytecodeProviderInitiator -- HHH000021: Bytecode provider: bytebuddy
21:10:41.680 [main] DEBUG org.hibernate.internal.SessionFactoryImpl -- Building session factory
21:10:41.682 [main] DEBUG org.hibernate.service.internal.SessionFactoryServiceRegistryImpl -- EventListenerRegistry access via ServiceRegistry is deprecated.  Use `sessionFactory.getEventEngine().getListenerRegistry()` instead
21:10:41.682 [main] DEBUG org.hibernate.internal.SessionFactoryImpl -- Instantiating SessionFactory with settings: {java.specification.version=17, sun.cpu.isalist=amd64, sun.jnu.encoding=Cp1252, hibernate.dialect=org.hibernate.dialect.PostgreSQLDialect, java.class.path=C:\Users\76162\IdeaProjects\SkyWhyWaIker\Lab2\DAO\target\test-classes;C:\Users\76162\IdeaProjects\SkyWhyWaIker\Lab2\DAO\target\classes;C:\Users\76162\.m2\repository\org\hibernate\orm\hibernate-core\6.4.0.Final\hibernate-core-6.4.0.Final.jar;C:\Users\76162\.m2\repository\jakarta\transaction\jakarta.transaction-api\2.0.1\jakarta.transaction-api-2.0.1.jar;C:\Users\76162\.m2\repository\org\jboss\logging\jboss-logging\3.5.0.Final\jboss-logging-3.5.0.Final.jar;C:\Users\76162\.m2\repository\org\hibernate\common\hibernate-commons-annotations\6.0.6.Final\hibernate-commons-annotations-6.0.6.Final.jar;C:\Users\76162\.m2\repository\io\smallrye\jandex\3.1.2\jandex-3.1.2.jar;C:\Users\76162\.m2\repository\com\fasterxml\classmate\1.5.1\classmate-1.5.1.jar;C:\Users\76162\.m2\repository\net\bytebuddy\byte-buddy\1.14.7\byte-buddy-1.14.7.jar;C:\Users\76162\.m2\repository\jakarta\xml\bind\jakarta.xml.bind-api\4.0.0\jakarta.xml.bind-api-4.0.0.jar;C:\Users\76162\.m2\repository\jakarta\activation\jakarta.activation-api\2.1.0\jakarta.activation-api-2.1.0.jar;C:\Users\76162\.m2\repository\org\glassfish\jaxb\jaxb-runtime\4.0.2\jaxb-runtime-4.0.2.jar;C:\Users\76162\.m2\repository\org\glassfish\jaxb\jaxb-core\4.0.2\jaxb-core-4.0.2.jar;C:\Users\76162\.m2\repository\org\eclipse\angus\angus-activation\2.0.0\angus-activation-2.0.0.jar;C:\Users\76162\.m2\repository\org\glassfish\jaxb\txw2\4.0.2\txw2-4.0.2.jar;C:\Users\76162\.m2\repository\com\sun\istack\istack-commons-runtime\4.1.1\istack-commons-runtime-4.1.1.jar;C:\Users\76162\.m2\repository\jakarta\inject\jakarta.inject-api\2.0.1\jakarta.inject-api-2.0.1.jar;C:\Users\76162\.m2\repository\org\antlr\antlr4-runtime\4.13.0\antlr4-runtime-4.13.0.jar;C:\Users\76162\.m2\repository\org\postgresql\postgresql\42.6.0\postgresql-42.6.0.jar;C:\Users\76162\.m2\repository\org\checkerframework\checker-qual\3.31.0\checker-qual-3.31.0.jar;C:\Users\76162\.m2\repository\jakarta\persistence\jakarta.persistence-api\3.1.0\jakarta.persistence-api-3.1.0.jar;C:\Users\76162\IdeaProjects\SkyWhyWaIker\Lab2\Models\target\Models-1.0-SNAPSHOT.jar;C:\Users\76162\.m2\repository\org\testcontainers\postgresql\1.19.7\postgresql-1.19.7.jar;C:\Users\76162\.m2\repository\org\testcontainers\jdbc\1.19.7\jdbc-1.19.7.jar;C:\Users\76162\.m2\repository\org\testcontainers\database-commons\1.19.7\database-commons-1.19.7.jar;C:\Users\76162\.m2\repository\org\testcontainers\junit-jupiter\1.19.7\junit-jupiter-1.19.7.jar;C:\Users\76162\.m2\repository\org\testcontainers\testcontainers\1.19.7\testcontainers-1.19.7.jar;C:\Users\76162\.m2\repository\junit\junit\4.13.2\junit-4.13.2.jar;C:\Users\76162\.m2\repository\org\hamcrest\hamcrest-core\1.3\hamcrest-core-1.3.jar;C:\Users\76162\.m2\repository\org\apache\commons\commons-compress\1.24.0\commons-compress-1.24.0.jar;C:\Users\76162\.m2\repository\org\rnorth\duct-tape\duct-tape\1.0.8\duct-tape-1.0.8.jar;C:\Users\76162\.m2\repository\org\jetbrains\annotations\17.0.0\annotations-17.0.0.jar;C:\Users\76162\.m2\repository\com\github\docker-java\docker-java-api\3.3.6\docker-java-api-3.3.6.jar;C:\Users\76162\.m2\repository\com\fasterxml\jackson\core\jackson-annotations\2.10.3\jackson-annotations-2.10.3.jar;C:\Users\76162\.m2\repository\com\github\docker-java\docker-java-transport-zerodep\3.3.6\docker-java-transport-zerodep-3.3.6.jar;C:\Users\76162\.m2\repository\com\github\docker-java\docker-java-transport\3.3.6\docker-java-transport-3.3.6.jar;C:\Users\76162\.m2\repository\net\java\dev\jna\jna\5.13.0\jna-5.13.0.jar;C:\Users\76162\.m2\repository\org\junit\jupiter\junit-jupiter-api\5.12.0\junit-jupiter-api-5.12.0.jar;C:\Users\76162\.m2\repository\org\opentest4j\opentest4j\1.3.0\opentest4j-1.3.0.jar;C:\Users\76162\.m2\repository\org\junit\platform\junit-platform-commons\1.12.0\junit-platform-commons-1.12.0.jar;C:\Users\76162\.m2\repository\org\apiguardian\apiguardian-api\1.1.2\apiguardian-api-1.1.2.jar;C:\Users\76162\.m2\repository\ch\qos\logback\logback-classic\1.4.14\logback-classic-1.4.14.jar;C:\Users\76162\.m2\repository\ch\qos\logback\logback-core\1.4.14\logback-core-1.4.14.jar;C:\Users\76162\.m2\repository\org\slf4j\slf4j-api\2.0.7\slf4j-api-2.0.7.jar;, java.vm.vendor=Oracle Corporation, sun.arch.data.model=64, user.variant=, java.vendor.url=https://java.oracle.com/, user.timezone=Europe/Moscow, java.vm.specification.version=17, os.name=Windows 10, sun.java.launcher=SUN_STANDARD, user.country=RU, sun.boot.library.path=C:\Program Files\Java\jdk-17\bin, sun.java.command=C:\Users\76162\AppData\Local\Temp\surefire12613025883795592595\surefirebooter-20250509211017833_3.jar C:\Users\76162\AppData\Local\Temp\surefire12613025883795592595 2025-05-09T21-10-13_563-jvmRun1 surefire-20250509211017833_1tmp surefire_0-20250509211017833_2tmp, jdk.debug=release, surefire.test.class.path=C:\Users\76162\IdeaProjects\SkyWhyWaIker\Lab2\DAO\target\test-classes;C:\Users\76162\IdeaProjects\SkyWhyWaIker\Lab2\DAO\target\classes;C:\Users\76162\.m2\repository\org\hibernate\orm\hibernate-core\6.4.0.Final\hibernate-core-6.4.0.Final.jar;C:\Users\76162\.m2\repository\jakarta\transaction\jakarta.transaction-api\2.0.1\jakarta.transaction-api-2.0.1.jar;C:\Users\76162\.m2\repository\org\jboss\logging\jboss-logging\3.5.0.Final\jboss-logging-3.5.0.Final.jar;C:\Users\76162\.m2\repository\org\hibernate\common\hibernate-commons-annotations\6.0.6.Final\hibernate-commons-annotations-6.0.6.Final.jar;C:\Users\76162\.m2\repository\io\smallrye\jandex\3.1.2\jandex-3.1.2.jar;C:\Users\76162\.m2\repository\com\fasterxml\classmate\1.5.1\classmate-1.5.1.jar;C:\Users\76162\.m2\repository\net\bytebuddy\byte-buddy\1.14.7\byte-buddy-1.14.7.jar;C:\Users\76162\.m2\repository\jakarta\xml\bind\jakarta.xml.bind-api\4.0.0\jakarta.xml.bind-api-4.0.0.jar;C:\Users\76162\.m2\repository\jakarta\activation\jakarta.activation-api\2.1.0\jakarta.activation-api-2.1.0.jar;C:\Users\76162\.m2\repository\org\glassfish\jaxb\jaxb-runtime\4.0.2\jaxb-runtime-4.0.2.jar;C:\Users\76162\.m2\repository\org\glassfish\jaxb\jaxb-core\4.0.2\jaxb-core-4.0.2.jar;C:\Users\76162\.m2\repository\org\eclipse\angus\angus-activation\2.0.0\angus-activation-2.0.0.jar;C:\Users\76162\.m2\repository\org\glassfish\jaxb\txw2\4.0.2\txw2-4.0.2.jar;C:\Users\76162\.m2\repository\com\sun\istack\istack-commons-runtime\4.1.1\istack-commons-runtime-4.1.1.jar;C:\Users\76162\.m2\repository\jakarta\inject\jakarta.inject-api\2.0.1\jakarta.inject-api-2.0.1.jar;C:\Users\76162\.m2\repository\org\antlr\antlr4-runtime\4.13.0\antlr4-runtime-4.13.0.jar;C:\Users\76162\.m2\repository\org\postgresql\postgresql\42.6.0\postgresql-42.6.0.jar;C:\Users\76162\.m2\repository\org\checkerframework\checker-qual\3.31.0\checker-qual-3.31.0.jar;C:\Users\76162\.m2\repository\jakarta\persistence\jakarta.persistence-api\3.1.0\jakarta.persistence-api-3.1.0.jar;C:\Users\76162\IdeaProjects\SkyWhyWaIker\Lab2\Models\target\Models-1.0-SNAPSHOT.jar;C:\Users\76162\.m2\repository\org\testcontainers\postgresql\1.19.7\postgresql-1.19.7.jar;C:\Users\76162\.m2\repository\org\testcontainers\jdbc\1.19.7\jdbc-1.19.7.jar;C:\Users\76162\.m2\repository\org\testcontainers\database-commons\1.19.7\database-commons-1.19.7.jar;C:\Users\76162\.m2\repository\org\testcontainers\junit-jupiter\1.19.7\junit-jupiter-1.19.7.jar;C:\Users\76162\.m2\repository\org\testcontainers\testcontainers\1.19.7\testcontainers-1.19.7.jar;C:\Users\76162\.m2\repository\junit\junit\4.13.2\junit-4.13.2.jar;C:\Users\76162\.m2\repository\org\hamcrest\hamcrest-core\1.3\hamcrest-core-1.3.jar;C:\Users\76162\.m2\repository\org\apache\commons\commons-compress\1.24.0\commons-compress-1.24.0.jar;C:\Users\76162\.m2\repository\org\rnorth\duct-tape\duct-tape\1.0.8\duct-tape-1.0.8.jar;C:\Users\76162\.m2\repository\org\jetbrains\annotations\17.0.0\annotations-17.0.0.jar;C:\Users\76162\.m2\repository\com\github\docker-java\docker-java-api\3.3.6\docker-java-api-3.3.6.jar;C:\Users\76162\.m2\repository\com\fasterxml\jackson\core\jackson-annotations\2.10.3\jackson-annotations-2.10.3.jar;C:\Users\76162\.m2\repository\com\github\docker-java\docker-java-transport-zerodep\3.3.6\docker-java-transport-zerodep-3.3.6.jar;C:\Users\76162\.m2\repository\com\github\docker-java\docker-java-transport\3.3.6\docker-java-transport-3.3.6.jar;C:\Users\76162\.m2\repository\net\java\dev\jna\jna\5.13.0\jna-5.13.0.jar;C:\Users\76162\.m2\repository\org\junit\jupiter\junit-jupiter-api\5.12.0\junit-jupiter-api-5.12.0.jar;C:\Users\76162\.m2\repository\org\opentest4j\opentest4j\1.3.0\opentest4j-1.3.0.jar;C:\Users\76162\.m2\repository\org\junit\platform\junit-platform-commons\1.12.0\junit-platform-commons-1.12.0.jar;C:\Users\76162\.m2\repository\org\apiguardian\apiguardian-api\1.1.2\apiguardian-api-1.1.2.jar;C:\Users\76162\.m2\repository\ch\qos\logback\logback-classic\1.4.14\logback-classic-1.4.14.jar;C:\Users\76162\.m2\repository\ch\qos\logback\logback-core\1.4.14\logback-core-1.4.14.jar;C:\Users\76162\.m2\repository\org\slf4j\slf4j-api\2.0.7\slf4j-api-2.0.7.jar;, sun.cpu.endian=little, user.home=C:\Users\76162, user.language=ru, java.specification.vendor=Oracle Corporation, java.version.date=2024-07-16, java.home=C:\Program Files\Java\jdk-17, file.separator=\, basedir=C:\Users\76162\IdeaProjects\SkyWhyWaIker\Lab2\DAO, java.vm.compressedOopsMode=32-bit, line.separator=
, java.vm.specification.vendor=Oracle Corporation, java.specification.name=Java Platform API Specification, surefire.real.class.path=C:\Users\76162\AppData\Local\Temp\surefire12613025883795592595\surefirebooter-20250509211017833_3.jar, hibernate.hbm2ddl.auto=create-drop, user.script=, sun.management.compiler=HotSpot 64-Bit Tiered Compilers, java.runtime.version=17.0.12+8-LTS-286, user.name=76162, path.separator=;, hibernate.connection.username=****, os.version=10.0, java.runtime.name=Java(TM) SE Runtime Environment, hibernate.connection.url=jdbc:postgresql://localhost:49864/pets?loggerLevel=OFF, file.encoding=Cp1252, java.vm.name=Java HotSpot(TM) 64-Bit Server VM, localRepository=C:\Users\76162\.m2\repository, java.vendor.url.bug=https://bugreport.java.com/bugreport/, java.io.tmpdir=C:\Users\76162\AppData\Local\Temp\, java.version=17.0.12, user.dir=C:\Users\76162\IdeaProjects\SkyWhyWaIker\Lab2\DAO, os.arch=amd64, java.vm.specification.name=Java Virtual Machine Specification, hibernate.connection.password=****, sun.os.patch.level=, hibernate.boot.CfgXmlAccessService.key=org.hibernate.boot.cfgxml.spi.LoadedConfig@7c9512c6, native.encoding=Cp1252, java.library.path=C:\Program Files\Java\jdk-17\bin;C:\Windows\Sun\Java\bin;C:\Windows\system32;C:\Windows;C:\Program Files\Common Files\Oracle\Java\javapath;C:\Program Files (x86)\Common Files\Oracle\Java\java8path;C:\Program Files (x86)\Common Files\Oracle\Java\javapath;C:\Windows\system32;C:\Windows;C:\Windows\System32\Wbem;C:\Windows\System32\WindowsPowerShell\v1.0\;C:\Windows\System32\OpenSSH\;C:\Program Files\dotnet\;C:\Program Files\Docker\Docker\resources\bin;C:\Program Files\Git\cmd;C:\Program Files\Apache\Maven\bin;C:\Program Files\Java\jre1.8.0_441\bin;C:\Users\76162\AppData\Local\Microsoft\WindowsApps;C:\Users\76162\AppData\Local\JetBrains\Toolbox\scripts;C:\Users\76162\AppData\Local\GitHubDesktop\bin;C:\Users\76162\.dotnet\tools;%Intellij IDEA%;C:\Users\76162\AppData\Local\Programs\Microsoft VS Code\bin;., java.vendor=Oracle Corporation, java.vm.info=mixed mode, sharing, java.vm.version=17.0.12+8-LTS-286, sun.io.unicode.encoding=UnicodeLittle, java.class.version=61.0}
21:10:41.682 [main] DEBUG org.hibernate.internal.SessionFactoryImpl -- Session factory constructed with filter configurations : {}
21:10:41.683 [main] DEBUG org.hibernate.query.sqm.function.SqmFunctionRegistry -- Registered SqmFunctionTemplate [NamedSqmFunctionTemplate(max)] under max; prior registration was null
21:10:41.683 [main] DEBUG org.hibernate.query.sqm.function.SqmFunctionRegistry -- Registered SqmFunctionTemplate [NamedSqmFunctionTemplate(min)] under min; prior registration was null
21:10:41.683 [main] DEBUG org.hibernate.query.sqm.function.SqmFunctionRegistry -- Registered SqmFunctionTemplate [NamedSqmFunctionTemplate(sum)] under sum; prior registration was null
21:10:41.683 [main] DEBUG org.hibernate.query.sqm.function.SqmFunctionRegistry -- Registered SqmFunctionTemplate [NamedSqmFunctionTemplate(avg)] under avg; prior registration was null
21:10:41.683 [main] DEBUG org.hibernate.query.sqm.function.SqmFunctionRegistry -- Registered SqmFunctionTemplate [org.hibernate.dialect.function.CountFunction@4f65af91] under count; prior registration was null
21:10:41.683 [main] DEBUG org.hibernate.query.sqm.function.SqmFunctionRegistry -- Registered SqmFunctionTemplate [org.hibernate.dialect.function.EveryAnyEmulation@1b79df53] under every; prior registration was null
21:10:41.683 [main] DEBUG org.hibernate.query.sqm.function.SqmFunctionRegistry -- Registered SqmFunctionTemplate [org.hibernate.dialect.function.EveryAnyEmulation@8ee1404] under any; prior registration was null
21:10:41.683 [main] DEBUG org.hibernate.query.sqm.function.SqmFunctionRegistry -- Registered SqmFunctionTemplate [NamedSqmFunctionTemplate(floor)] under floor; prior registration was null
21:10:41.683 [main] DEBUG org.hibernate.query.sqm.function.SqmFunctionRegistry -- Registered SqmFunctionTemplate [NamedSqmFunctionTemplate(ceiling)] under ceiling; prior registration was null
21:10:41.683 [main] DEBUG org.hibernate.query.sqm.function.SqmFunctionRegistry -- Registered SqmFunctionTemplate [NamedSqmFunctionTemplate(mod)] under mod; prior registration was null
21:10:41.683 [main] DEBUG org.hibernate.query.sqm.function.SqmFunctionRegistry -- Registered SqmFunctionTemplate [NamedSqmFunctionTemplate(abs)] under abs; prior registration was null
21:10:41.683 [main] DEBUG org.hibernate.query.sqm.function.SqmFunctionRegistry -- Registered SqmFunctionTemplate [NamedSqmFunctionTemplate(sign)] under sign; prior registration was null
21:10:41.683 [main] DEBUG org.hibernate.query.sqm.function.SqmFunctionRegistry -- Registered SqmFunctionTemplate [NamedSqmFunctionTemplate(sqrt)] under sqrt; prior registration was null
21:10:41.683 [main] DEBUG org.hibernate.query.sqm.function.SqmFunctionRegistry -- Registered SqmFunctionTemplate [NamedSqmFunctionTemplate(ln)] under ln; prior registration was null
21:10:41.684 [main] DEBUG org.hibernate.query.sqm.function.SqmFunctionRegistry -- Registered SqmFunctionTemplate [NamedSqmFunctionTemplate(exp)] under exp; prior registration was null
21:10:41.684 [main] DEBUG org.hibernate.query.sqm.function.SqmFunctionRegistry -- Registered SqmFunctionTemplate [NamedSqmFunctionTemplate(power)] under power; prior registration was null
21:10:41.684 [main] DEBUG org.hibernate.query.sqm.function.SqmFunctionRegistry -- Registered SqmFunctionTemplate [NamedSqmFunctionTemplate(round)] under round; prior registration was null
21:10:41.684 [main] DEBUG org.hibernate.query.sqm.function.SqmFunctionRegistry -- Registered SqmFunctionTemplate [NamedSqmFunctionTemplate(sin)] under sin; prior registration was null
21:10:41.684 [main] DEBUG org.hibernate.query.sqm.function.SqmFunctionRegistry -- Registered SqmFunctionTemplate [NamedSqmFunctionTemplate(cos)] under cos; prior registration was null
21:10:41.684 [main] DEBUG org.hibernate.query.sqm.function.SqmFunctionRegistry -- Registered SqmFunctionTemplate [NamedSqmFunctionTemplate(tan)] under tan; prior registration was null
21:10:41.684 [main] DEBUG org.hibernate.query.sqm.function.SqmFunctionRegistry -- Registered SqmFunctionTemplate [NamedSqmFunctionTemplate(asin)] under asin; prior registration was null
21:10:41.684 [main] DEBUG org.hibernate.query.sqm.function.SqmFunctionRegistry -- Registered SqmFunctionTemplate [NamedSqmFunctionTemplate(acos)] under acos; prior registration was null
21:10:41.684 [main] DEBUG org.hibernate.query.sqm.function.SqmFunctionRegistry -- Registered SqmFunctionTemplate [NamedSqmFunctionTemplate(atan)] under atan; prior registration was null
21:10:41.684 [main] DEBUG org.hibernate.query.sqm.function.SqmFunctionRegistry -- Registered SqmFunctionTemplate [NamedSqmFunctionTemplate(atan2)] under atan2; prior registration was null
21:10:41.684 [main] DEBUG org.hibernate.query.sqm.function.SqmFunctionRegistry -- Registered SqmFunctionTemplate [org.hibernate.query.sqm.function.PatternBasedSqmFunctionDescriptor@5c3924fd] under sinh; prior registration was null
21:10:41.684 [main] DEBUG org.hibernate.query.sqm.function.SqmFunctionRegistry -- Registered SqmFunctionTemplate [org.hibernate.query.sqm.function.PatternBasedSqmFunctionDescriptor@3ec211cc] under cosh; prior registration was null
21:10:41.684 [main] DEBUG org.hibernate.query.sqm.function.SqmFunctionRegistry -- Registered SqmFunctionTemplate [org.hibernate.query.sqm.function.PatternBasedSqmFunctionDescriptor@6b94c200] under tanh; prior registration was null
21:10:41.684 [main] DEBUG org.hibernate.query.sqm.function.SqmFunctionRegistry -- Registered SqmFunctionTemplate [org.hibernate.query.sqm.function.PatternBasedSqmFunctionDescriptor@1322b542] under pi; prior registration was null
21:10:41.684 [main] DEBUG org.hibernate.query.sqm.function.SqmFunctionRegistry -- Registered SqmFunctionTemplate [org.hibernate.query.sqm.function.PatternBasedSqmFunctionDescriptor@6a97517] under log; prior registration was null
21:10:41.684 [main] DEBUG org.hibernate.query.sqm.function.SqmFunctionRegistry -- Registered SqmFunctionTemplate [NamedSqmFunctionTemplate(coalesce)] under coalesce; prior registration was null
21:10:41.684 [main] DEBUG org.hibernate.query.sqm.function.SqmFunctionRegistry -- Registered SqmFunctionTemplate [NamedSqmFunctionTemplate(nullif)] under nullif; prior registration was null
21:10:41.684 [main] DEBUG org.hibernate.query.sqm.function.SqmFunctionRegistry -- Registered SqmFunctionTemplate [NamedSqmFunctionTemplate(left)] under left; prior registration was null
21:10:41.684 [main] DEBUG org.hibernate.query.sqm.function.SqmFunctionRegistry -- Registered SqmFunctionTemplate [NamedSqmFunctionTemplate(right)] under right; prior registration was null
21:10:41.684 [main] DEBUG org.hibernate.query.sqm.function.SqmFunctionRegistry -- Registered SqmFunctionTemplate [NamedSqmFunctionTemplate(replace)] under replace; prior registration was null
21:10:41.684 [main] DEBUG org.hibernate.query.sqm.function.SqmFunctionRegistry -- Registered SqmFunctionTemplate [NamedSqmFunctionTemplate(concat)] under concat; prior registration was null
21:10:41.684 [main] DEBUG org.hibernate.query.sqm.function.SqmFunctionRegistry -- Registered SqmFunctionTemplate [NamedSqmFunctionTemplate(lower)] under lower; prior registration was null
21:10:41.684 [main] DEBUG org.hibernate.query.sqm.function.SqmFunctionRegistry -- Registered SqmFunctionTemplate [NamedSqmFunctionTemplate(upper)] under upper; prior registration was null
21:10:41.684 [main] DEBUG org.hibernate.query.sqm.function.SqmFunctionRegistry -- Registered SqmFunctionTemplate [NamedSqmFunctionTemplate(substring)] under substring; prior registration was null
21:10:41.684 [main] DEBUG org.hibernate.query.sqm.function.SqmFunctionRegistry -- Registered SqmFunctionTemplate [NamedSqmFunctionTemplate(locate)] under locate; prior registration was null
21:10:41.684 [main] DEBUG org.hibernate.query.sqm.function.SqmFunctionRegistry -- Registered SqmFunctionTemplate [NamedSqmFunctionTemplate(character_length)] under character_length; prior registration was null
21:10:41.684 [main] DEBUG org.hibernate.query.sqm.function.SqmFunctionRegistry -- Registering alternate key : length -> character_length
21:10:41.684 [main] DEBUG org.hibernate.query.sqm.function.SqmFunctionRegistry -- Registered SqmFunctionTemplate [org.hibernate.dialect.function.LocatePositionEmulation@284b487f] under position; prior registration was null
21:10:41.684 [main] DEBUG org.hibernate.query.sqm.function.SqmFunctionRegistry -- Registered SqmFunctionTemplate [org.hibernate.dialect.function.InsertSubstringOverlayEmulation@65021bb4] under overlay; prior registration was null
21:10:41.684 [main] DEBUG org.hibernate.query.sqm.function.SqmFunctionRegistry -- Registered SqmFunctionTemplate [org.hibernate.dialect.function.TrimFunction@630c3af3] under trim; prior registration was null
21:10:41.684 [main] DEBUG org.hibernate.query.sqm.function.SqmFunctionRegistry -- Registered SqmFunctionTemplate [org.hibernate.dialect.function.CastFunction@2e40ea48] under cast; prior registration was null
21:10:41.684 [main] DEBUG org.hibernate.query.sqm.function.SqmFunctionRegistry -- Registered SqmFunctionTemplate [org.hibernate.query.sqm.function.PatternBasedSqmFunctionDescriptor@5cba474f] under collate; prior registration was null
21:10:41.684 [main] DEBUG org.hibernate.query.sqm.function.SqmFunctionRegistry -- Registered SqmFunctionTemplate [org.hibernate.dialect.function.ExtractFunction@291028d7] under extract; prior registration was null
21:10:41.684 [main] DEBUG org.hibernate.query.sqm.function.SqmFunctionRegistry -- Registered SqmFunctionTemplate [NamedSqmFunctionTemplate(least)] under least; prior registration was null
21:10:41.684 [main] DEBUG org.hibernate.query.sqm.function.SqmFunctionRegistry -- Registered SqmFunctionTemplate [NamedSqmFunctionTemplate(greatest)] under greatest; prior registration was null
21:10:41.684 [main] DEBUG org.hibernate.query.sqm.function.SqmFunctionRegistry -- Registered SqmFunctionTemplate [org.hibernate.dialect.function.CoalesceIfnullEmulation@2b4954a4] under ifnull; prior registration was null
21:10:41.684 [main] DEBUG org.hibernate.query.sqm.function.SqmFunctionRegistry -- Registered SqmFunctionTemplate [NamedSqmFunctionTemplate(lpad)] under lpad; prior registration was null
21:10:41.684 [main] DEBUG org.hibernate.query.sqm.function.SqmFunctionRegistry -- Registered SqmFunctionTemplate [NamedSqmFunctionTemplate(rpad)] under rpad; prior registration was null
21:10:41.684 [main] DEBUG org.hibernate.query.sqm.function.SqmFunctionRegistry -- Registered SqmFunctionTemplate [org.hibernate.dialect.function.LpadRpadPadEmulation@2f2f92f] under pad; prior registration was null
21:10:41.684 [main] DEBUG org.hibernate.query.sqm.function.SqmFunctionRegistry -- Registered SqmFunctionTemplate [org.hibernate.dialect.function.CastStrEmulation@cfc4601] under str; prior registration was null
21:10:41.684 [main] DEBUG org.hibernate.query.sqm.function.SqmFunctionRegistry -- Registered SqmFunctionTemplate [org.hibernate.dialect.function.FormatFunction@240291d9] under format; prior registration was null
21:10:41.684 [main] DEBUG org.hibernate.query.sqm.function.SqmFunctionRegistry -- Registered SqmFunctionTemplate [org.hibernate.dialect.function.TimestampaddFunction@450f0d89] under timestampadd; prior registration was null
21:10:41.684 [main] DEBUG org.hibernate.query.sqm.function.SqmFunctionRegistry -- Registered SqmFunctionTemplate [org.hibernate.dialect.function.TimestampdiffFunction@50a1af86] under timestampdiff; prior registration was null
21:10:41.684 [main] DEBUG org.hibernate.query.sqm.function.SqmFunctionRegistry -- Registering alternate key : dateadd -> timestampadd
21:10:41.684 [main] DEBUG org.hibernate.query.sqm.function.SqmFunctionRegistry -- Registering alternate key : datediff -> timestampdiff
21:10:41.684 [main] DEBUG org.hibernate.query.sqm.function.SqmFunctionRegistry -- Registered SqmFunctionTemplate [org.hibernate.dialect.function.CurrentFunction@3e0327dd] under current_date; prior registration was null
21:10:41.684 [main] DEBUG org.hibernate.query.sqm.function.SqmFunctionRegistry -- Registered SqmFunctionTemplate [org.hibernate.dialect.function.CurrentFunction@ebff59d] under current_time; prior registration was null
21:10:41.684 [main] DEBUG org.hibernate.query.sqm.function.SqmFunctionRegistry -- Registered SqmFunctionTemplate [org.hibernate.dialect.function.CurrentFunction@3361d286] under current_timestamp; prior registration was null
21:10:41.684 [main] DEBUG org.hibernate.query.sqm.function.SqmFunctionRegistry -- Registering alternate key : current date -> current_date
21:10:41.684 [main] DEBUG org.hibernate.query.sqm.function.SqmFunctionRegistry -- Registering alternate key : current time -> current_time
21:10:41.684 [main] DEBUG org.hibernate.query.sqm.function.SqmFunctionRegistry -- Registering alternate key : current timestamp -> current_timestamp
21:10:41.684 [main] DEBUG org.hibernate.query.sqm.function.SqmFunctionRegistry -- Registered SqmFunctionTemplate [org.hibernate.dialect.function.CurrentFunction@6ee186f3] under local_date; prior registration was null
21:10:41.684 [main] DEBUG org.hibernate.query.sqm.function.SqmFunctionRegistry -- Registered SqmFunctionTemplate [org.hibernate.dialect.function.CurrentFunction@49fb693d] under local_time; prior registration was null
21:10:41.684 [main] DEBUG org.hibernate.query.sqm.function.SqmFunctionRegistry -- Registered SqmFunctionTemplate [org.hibernate.dialect.function.CurrentFunction@38197e82] under local_datetime; prior registration was null
21:10:41.684 [main] DEBUG org.hibernate.query.sqm.function.SqmFunctionRegistry -- Registered SqmFunctionTemplate [org.hibernate.dialect.function.CurrentFunction@5516ee5] under offset_datetime; prior registration was null
21:10:41.684 [main] DEBUG org.hibernate.query.sqm.function.SqmFunctionRegistry -- Registering alternate key : local date -> local_date
21:10:41.684 [main] DEBUG org.hibernate.query.sqm.function.SqmFunctionRegistry -- Registering alternate key : local time -> local_time
21:10:41.684 [main] DEBUG org.hibernate.query.sqm.function.SqmFunctionRegistry -- Registering alternate key : local datetime -> local_datetime
21:10:41.684 [main] DEBUG org.hibernate.query.sqm.function.SqmFunctionRegistry -- Registering alternate key : offset datetime -> offset_datetime
21:10:41.684 [main] DEBUG org.hibernate.query.sqm.function.SqmFunctionRegistry -- Registered SqmFunctionTemplate [org.hibernate.dialect.function.CurrentFunction@6765b6a2] under instant; prior registration was null
21:10:41.684 [main] DEBUG org.hibernate.query.sqm.function.SqmFunctionRegistry -- Registering alternate key : current_instant -> instant
21:10:41.684 [main] DEBUG org.hibernate.query.sqm.function.SqmFunctionRegistry -- Registered SqmFunctionTemplate [org.hibernate.dialect.function.SqlFunction@75c589f2] under sql; prior registration was null
21:10:41.684 [main] DEBUG org.hibernate.query.sqm.function.SqmFunctionRegistry -- Registered SqmFunctionTemplate [NamedSqmFunctionTemplate(cot)] under cot; prior registration was null
21:10:41.684 [main] DEBUG org.hibernate.query.sqm.function.SqmFunctionRegistry -- Registered SqmFunctionTemplate [NamedSqmFunctionTemplate(radians)] under radians; prior registration was null
21:10:41.684 [main] DEBUG org.hibernate.query.sqm.function.SqmFunctionRegistry -- Registered SqmFunctionTemplate [NamedSqmFunctionTemplate(degrees)] under degrees; prior registration was null
21:10:41.684 [main] DEBUG org.hibernate.query.sqm.function.SqmFunctionRegistry -- Registered SqmFunctionTemplate [NamedSqmFunctionTemplate(log)] under log; prior registration was org.hibernate.query.sqm.function.PatternBasedSqmFunctionDescriptor@6a97517
21:10:41.684 [main] DEBUG org.hibernate.query.sqm.function.SqmFunctionRegistry -- Registered SqmFunctionTemplate [org.hibernate.query.sqm.function.PatternBasedSqmFunctionDescriptor@6db04a6] under mod; prior registration was NamedSqmFunctionTemplate(mod)
21:10:41.684 [main] DEBUG org.hibernate.query.sqm.function.SqmFunctionRegistry -- Registered SqmFunctionTemplate [NamedSqmFunctionTemplate(log10)] under log10; prior registration was null
21:10:41.684 [main] DEBUG org.hibernate.query.sqm.function.SqmFunctionRegistry -- Registered SqmFunctionTemplate [NamedSqmFunctionTemplate(tanh)] under tanh; prior registration was org.hibernate.query.sqm.function.PatternBasedSqmFunctionDescriptor@6b94c200
21:10:41.684 [main] DEBUG org.hibernate.query.sqm.function.SqmFunctionRegistry -- Registered SqmFunctionTemplate [NamedSqmFunctionTemplate(sinh)] under sinh; prior registration was org.hibernate.query.sqm.function.PatternBasedSqmFunctionDescriptor@5c3924fd
21:10:41.684 [main] DEBUG org.hibernate.query.sqm.function.SqmFunctionRegistry -- Registered SqmFunctionTemplate [NamedSqmFunctionTemplate(cosh)] under cosh; prior registration was org.hibernate.query.sqm.function.PatternBasedSqmFunctionDescriptor@3ec211cc
21:10:41.684 [main] DEBUG org.hibernate.query.sqm.function.SqmFunctionRegistry -- Registered SqmFunctionTemplate [NamedSqmFunctionTemplate(acosh)] under acosh; prior registration was null
21:10:41.684 [main] DEBUG org.hibernate.query.sqm.function.SqmFunctionRegistry -- Registered SqmFunctionTemplate [NamedSqmFunctionTemplate(asinh)] under asinh; prior registration was null
21:10:41.684 [main] DEBUG org.hibernate.query.sqm.function.SqmFunctionRegistry -- Registered SqmFunctionTemplate [NamedSqmFunctionTemplate(atanh)] under atanh; prior registration was null
21:10:41.684 [main] DEBUG org.hibernate.query.sqm.function.SqmFunctionRegistry -- Registered SqmFunctionTemplate [NamedSqmFunctionTemplate(cbrt)] under cbrt; prior registration was null
21:10:41.684 [main] DEBUG org.hibernate.query.sqm.function.SqmFunctionRegistry -- Registered SqmFunctionTemplate [NamedSqmFunctionTemplate(pi)] under pi; prior registration was org.hibernate.query.sqm.function.PatternBasedSqmFunctionDescriptor@1322b542
21:10:41.684 [main] DEBUG org.hibernate.query.sqm.function.SqmFunctionRegistry -- Registered SqmFunctionTemplate [NamedSqmFunctionTemplate(ltrim)] under ltrim; prior registration was null
21:10:41.684 [main] DEBUG org.hibernate.query.sqm.function.SqmFunctionRegistry -- Registered SqmFunctionTemplate [NamedSqmFunctionTemplate(rtrim)] under rtrim; prior registration was null
21:10:41.684 [main] DEBUG org.hibernate.query.sqm.function.SqmFunctionRegistry -- Registered SqmFunctionTemplate [NamedSqmFunctionTemplate(repeat)] under repeat; prior registration was null
21:10:41.685 [main] DEBUG org.hibernate.query.sqm.function.SqmFunctionRegistry -- Registered SqmFunctionTemplate [NamedSqmFunctionTemplate(md5)] under md5; prior registration was null
21:10:41.685 [main] DEBUG org.hibernate.query.sqm.function.SqmFunctionRegistry -- Registered SqmFunctionTemplate [NamedSqmFunctionTemplate(initcap)] under initcap; prior registration was null
21:10:41.685 [main] DEBUG org.hibernate.query.sqm.function.SqmFunctionRegistry -- Registered SqmFunctionTemplate [NamedSqmFunctionTemplate(substr)] under substr; prior registration was null
21:10:41.685 [main] DEBUG org.hibernate.query.sqm.function.SqmFunctionRegistry -- Registered SqmFunctionTemplate [NamedSqmFunctionTemplate(substr)] under substring; prior registration was NamedSqmFunctionTemplate(substring)
21:10:41.685 [main] DEBUG org.hibernate.query.sqm.function.SqmFunctionRegistry -- Registered SqmFunctionTemplate [NamedSqmFunctionTemplate(translate)] under translate; prior registration was null
21:10:41.685 [main] DEBUG org.hibernate.query.sqm.function.SqmFunctionRegistry -- Registered SqmFunctionTemplate [NamedSqmFunctionTemplate(to_number)] under to_number; prior registration was null
21:10:41.685 [main] DEBUG org.hibernate.query.sqm.function.SqmFunctionRegistry -- Registered SqmFunctionTemplate [NamedSqmFunctionTemplate(to_char)] under to_char; prior registration was null
21:10:41.685 [main] DEBUG org.hibernate.query.sqm.function.SqmFunctionRegistry -- Registered SqmFunctionTemplate [NamedSqmFunctionTemplate(to_date)] under to_date; prior registration was null
21:10:41.685 [main] DEBUG org.hibernate.query.sqm.function.SqmFunctionRegistry -- Registered SqmFunctionTemplate [NamedSqmFunctionTemplate(to_timestamp)] under to_timestamp; prior registration was null
21:10:41.686 [main] DEBUG org.hibernate.query.sqm.function.SqmFunctionRegistry -- Registered SqmFunctionTemplate [org.hibernate.dialect.function.ConcatPipeFunction@8f374de] under concat; prior registration was NamedSqmFunctionTemplate(concat)
21:10:41.686 [main] DEBUG org.hibernate.query.sqm.function.SqmFunctionRegistry -- Registered SqmFunctionTemplate [NamedSqmFunctionTemplate(localtime)] under localtime; prior registration was null
21:10:41.686 [main] DEBUG org.hibernate.query.sqm.function.SqmFunctionRegistry -- Registered SqmFunctionTemplate [NamedSqmFunctionTemplate(localtimestamp)] under localtimestamp; prior registration was null
21:10:41.686 [main] DEBUG org.hibernate.query.sqm.function.SqmFunctionRegistry -- Registered SqmFunctionTemplate [NamedSqmFunctionTemplate(localtime)] under local_time; prior registration was org.hibernate.dialect.function.CurrentFunction@49fb693d
21:10:41.686 [main] DEBUG org.hibernate.query.sqm.function.SqmFunctionRegistry -- Registered SqmFunctionTemplate [NamedSqmFunctionTemplate(localtimestamp)] under local_datetime; prior registration was org.hibernate.dialect.function.CurrentFunction@38197e82
21:10:41.686 [main] DEBUG org.hibernate.query.sqm.function.SqmFunctionRegistry -- Registered SqmFunctionTemplate [org.hibernate.dialect.function.LengthFunction@426913c4] under character_length; prior registration was NamedSqmFunctionTemplate(character_length)
21:10:41.686 [main] DEBUG org.hibernate.query.sqm.function.SqmFunctionRegistry -- Registering alternate key : length -> character_length
21:10:41.686 [main] DEBUG org.hibernate.query.sqm.function.SqmFunctionRegistry -- Registered SqmFunctionTemplate [org.hibernate.dialect.function.LengthFunction@1bba9862] under bit_length; prior registration was null
21:10:41.686 [main] DEBUG org.hibernate.query.sqm.function.SqmFunctionRegistry -- Registered SqmFunctionTemplate [org.hibernate.dialect.function.LengthFunction@451a4187] under octet_length; prior registration was null
21:10:41.686 [main] DEBUG org.hibernate.query.sqm.function.SqmFunctionRegistry -- Registered SqmFunctionTemplate [NamedSqmFunctionTemplate(ascii)] under ascii; prior registration was null
21:10:41.686 [main] DEBUG org.hibernate.query.sqm.function.SqmFunctionRegistry -- Registered SqmFunctionTemplate [NamedSqmFunctionTemplate(chr)] under chr; prior registration was null
21:10:41.686 [main] DEBUG org.hibernate.query.sqm.function.SqmFunctionRegistry -- Registering alternate key : char -> chr
21:10:41.686 [main] DEBUG org.hibernate.query.sqm.function.SqmFunctionRegistry -- Registered SqmFunctionTemplate [org.hibernate.query.sqm.function.PatternBasedSqmFunctionDescriptor@565c887e] under position; prior registration was org.hibernate.dialect.function.LocatePositionEmulation@284b487f
21:10:41.686 [main] DEBUG org.hibernate.query.sqm.function.SqmFunctionRegistry -- Registered SqmFunctionTemplate [org.hibernate.query.sqm.function.PatternBasedSqmFunctionDescriptor@5c215642] under bitand; prior registration was null
21:10:41.686 [main] DEBUG org.hibernate.query.sqm.function.SqmFunctionRegistry -- Registered SqmFunctionTemplate [org.hibernate.query.sqm.function.PatternBasedSqmFunctionDescriptor@1317ac2c] under bitor; prior registration was null
21:10:41.686 [main] DEBUG org.hibernate.query.sqm.function.SqmFunctionRegistry -- Registered SqmFunctionTemplate [org.hibernate.query.sqm.function.PatternBasedSqmFunctionDescriptor@416c1b0] under bitxor; prior registration was null
21:10:41.686 [main] DEBUG org.hibernate.query.sqm.function.SqmFunctionRegistry -- Registered SqmFunctionTemplate [org.hibernate.query.sqm.function.PatternBasedSqmFunctionDescriptor@363ba634] under bitnot; prior registration was null
21:10:41.686 [main] DEBUG org.hibernate.query.sqm.function.SqmFunctionRegistry -- Registered SqmFunctionTemplate [NamedSqmFunctionTemplate(bit_and)] under bit_and; prior registration was null
21:10:41.686 [main] DEBUG org.hibernate.query.sqm.function.SqmFunctionRegistry -- Registered SqmFunctionTemplate [NamedSqmFunctionTemplate(bit_or)] under bit_or; prior registration was null
21:10:41.686 [main] DEBUG org.hibernate.query.sqm.function.SqmFunctionRegistry -- Registered SqmFunctionTemplate [NamedSqmFunctionTemplate(bool_and)] under bool_and; prior registration was null
21:10:41.686 [main] DEBUG org.hibernate.query.sqm.function.SqmFunctionRegistry -- Registering alternate key : every -> bool_and
21:10:41.686 [main] DEBUG org.hibernate.query.sqm.function.SqmFunctionRegistry -- Registered SqmFunctionTemplate [NamedSqmFunctionTemplate(bool_or)] under bool_or; prior registration was null
21:10:41.686 [main] DEBUG org.hibernate.query.sqm.function.SqmFunctionRegistry -- Registering alternate key : any -> bool_or
21:10:41.686 [main] DEBUG org.hibernate.query.sqm.function.SqmFunctionRegistry -- Registered SqmFunctionTemplate [org.hibernate.query.sqm.function.PatternBasedSqmFunctionDescriptor@60fe75f7] under median; prior registration was null
21:10:41.686 [main] DEBUG org.hibernate.query.sqm.function.SqmFunctionRegistry -- Registered SqmFunctionTemplate [NamedSqmFunctionTemplate(stddev)] under stddev; prior registration was null
21:10:41.686 [main] DEBUG org.hibernate.query.sqm.function.SqmFunctionRegistry -- Registered SqmFunctionTemplate [NamedSqmFunctionTemplate(stddev_pop)] under stddev_pop; prior registration was null
21:10:41.686 [main] DEBUG org.hibernate.query.sqm.function.SqmFunctionRegistry -- Registered SqmFunctionTemplate [NamedSqmFunctionTemplate(stddev_samp)] under stddev_samp; prior registration was null
21:10:41.686 [main] DEBUG org.hibernate.query.sqm.function.SqmFunctionRegistry -- Registered SqmFunctionTemplate [NamedSqmFunctionTemplate(variance)] under variance; prior registration was null
21:10:41.686 [main] DEBUG org.hibernate.query.sqm.function.SqmFunctionRegistry -- Registered SqmFunctionTemplate [NamedSqmFunctionTemplate(var_pop)] under var_pop; prior registration was null
21:10:41.686 [main] DEBUG org.hibernate.query.sqm.function.SqmFunctionRegistry -- Registered SqmFunctionTemplate [NamedSqmFunctionTemplate(var_samp)] under var_samp; prior registration was null
21:10:41.686 [main] DEBUG org.hibernate.query.sqm.function.SqmFunctionRegistry -- Registered SqmFunctionTemplate [NamedSqmFunctionTemplate(covar_pop)] under covar_pop; prior registration was null
21:10:41.686 [main] DEBUG org.hibernate.query.sqm.function.SqmFunctionRegistry -- Registered SqmFunctionTemplate [NamedSqmFunctionTemplate(covar_samp)] under covar_samp; prior registration was null
21:10:41.686 [main] DEBUG org.hibernate.query.sqm.function.SqmFunctionRegistry -- Registered SqmFunctionTemplate [NamedSqmFunctionTemplate(corr)] under corr; prior registration was null
21:10:41.686 [main] DEBUG org.hibernate.query.sqm.function.SqmFunctionRegistry -- Registered SqmFunctionTemplate [NamedSqmFunctionTemplate(regr_avgx)] under regr_avgx; prior registration was null
21:10:41.686 [main] DEBUG org.hibernate.query.sqm.function.SqmFunctionRegistry -- Registered SqmFunctionTemplate [NamedSqmFunctionTemplate(regr_avgy)] under regr_avgy; prior registration was null
21:10:41.686 [main] DEBUG org.hibernate.query.sqm.function.SqmFunctionRegistry -- Registered SqmFunctionTemplate [NamedSqmFunctionTemplate(regr_count)] under regr_count; prior registration was null
21:10:41.686 [main] DEBUG org.hibernate.query.sqm.function.SqmFunctionRegistry -- Registered SqmFunctionTemplate [NamedSqmFunctionTemplate(regr_intercept)] under regr_intercept; prior registration was null
21:10:41.686 [main] DEBUG org.hibernate.query.sqm.function.SqmFunctionRegistry -- Registered SqmFunctionTemplate [NamedSqmFunctionTemplate(regr_r2)] under regr_r2; prior registration was null
21:10:41.686 [main] DEBUG org.hibernate.query.sqm.function.SqmFunctionRegistry -- Registered SqmFunctionTemplate [NamedSqmFunctionTemplate(regr_slope)] under regr_slope; prior registration was null
21:10:41.686 [main] DEBUG org.hibernate.query.sqm.function.SqmFunctionRegistry -- Registered SqmFunctionTemplate [NamedSqmFunctionTemplate(regr_sxx)] under regr_sxx; prior registration was null
21:10:41.686 [main] DEBUG org.hibernate.query.sqm.function.SqmFunctionRegistry -- Registered SqmFunctionTemplate [NamedSqmFunctionTemplate(regr_sxy)] under regr_sxy; prior registration was null
21:10:41.686 [main] DEBUG org.hibernate.query.sqm.function.SqmFunctionRegistry -- Registered SqmFunctionTemplate [NamedSqmFunctionTemplate(regr_syy)] under regr_syy; prior registration was null
21:10:41.686 [main] DEBUG org.hibernate.query.sqm.function.SqmFunctionRegistry -- Registered SqmFunctionTemplate [org.hibernate.query.sqm.function.PatternBasedSqmFunctionDescriptor@4e26c308] under insert; prior registration was null
21:10:41.686 [main] DEBUG org.hibernate.query.sqm.function.SqmFunctionRegistry -- Registered SqmFunctionTemplate [org.hibernate.query.sqm.function.MultipatternSqmFunctionDescriptor@7c8f803d] under overlay; prior registration was org.hibernate.dialect.function.InsertSubstringOverlayEmulation@65021bb4
21:10:41.686 [main] DEBUG org.hibernate.query.sqm.function.SqmFunctionRegistry -- Registered SqmFunctionTemplate [NamedSqmFunctionTemplate(soundex)] under soundex; prior registration was null
21:10:41.686 [main] DEBUG org.hibernate.query.sqm.function.SqmFunctionRegistry -- Registered SqmFunctionTemplate [org.hibernate.query.sqm.function.MultipatternSqmFunctionDescriptor@176e839e] under locate; prior registration was NamedSqmFunctionTemplate(locate)
21:10:41.686 [main] DEBUG org.hibernate.query.sqm.function.SqmFunctionRegistry -- Registered SqmFunctionTemplate [NamedSqmFunctionTemplate(row_number)] under row_number; prior registration was null
21:10:41.686 [main] DEBUG org.hibernate.query.sqm.function.SqmFunctionRegistry -- Registered SqmFunctionTemplate [NamedSqmFunctionTemplate(lag)] under lag; prior registration was null
21:10:41.686 [main] DEBUG org.hibernate.query.sqm.function.SqmFunctionRegistry -- Registered SqmFunctionTemplate [NamedSqmFunctionTemplate(lead)] under lead; prior registration was null
21:10:41.686 [main] DEBUG org.hibernate.query.sqm.function.SqmFunctionRegistry -- Registered SqmFunctionTemplate [NamedSqmFunctionTemplate(first_value)] under first_value; prior registration was null
21:10:41.686 [main] DEBUG org.hibernate.query.sqm.function.SqmFunctionRegistry -- Registered SqmFunctionTemplate [NamedSqmFunctionTemplate(last_value)] under last_value; prior registration was null
21:10:41.686 [main] DEBUG org.hibernate.query.sqm.function.SqmFunctionRegistry -- Registered SqmFunctionTemplate [NamedSqmFunctionTemplate(nth_value)] under nth_value; prior registration was null
21:10:41.686 [main] DEBUG org.hibernate.query.sqm.function.SqmFunctionRegistry -- Registered SqmFunctionTemplate [org.hibernate.dialect.function.ListaggStringAggEmulation@4ac0d49] under listagg; prior registration was null
21:10:41.686 [main] DEBUG org.hibernate.query.sqm.function.SqmFunctionRegistry -- Registered SqmFunctionTemplate [org.hibernate.dialect.function.array.PostgreSQLArrayConstructorFunction@7c6ab057] under array; prior registration was null
21:10:41.686 [main] DEBUG org.hibernate.query.sqm.function.SqmFunctionRegistry -- Registered SqmFunctionTemplate [org.hibernate.dialect.function.array.PostgreSQLArrayConstructorFunction@7ce4498f] under array_list; prior registration was null
21:10:41.686 [main] DEBUG org.hibernate.query.sqm.function.SqmFunctionRegistry -- Registered SqmFunctionTemplate [org.hibernate.dialect.function.array.ArrayAggFunction@1f7557fe] under array_agg; prior registration was null
21:10:41.686 [main] DEBUG org.hibernate.query.sqm.function.SqmFunctionRegistry -- Registered SqmFunctionTemplate [org.hibernate.dialect.function.array.PostgreSQLArrayPositionFunction@7bd7d71c] under array_position; prior registration was null
21:10:41.686 [main] DEBUG org.hibernate.query.sqm.function.SqmFunctionRegistry -- Registered SqmFunctionTemplate [org.hibernate.dialect.function.array.PostgreSQLArrayPositionsFunction@52963839] under array_positions; prior registration was null
21:10:41.687 [main] DEBUG org.hibernate.query.sqm.function.SqmFunctionRegistry -- Registered SqmFunctionTemplate [org.hibernate.dialect.function.array.PostgreSQLArrayPositionsFunction@ce0bbd5] under array_positions_list; prior registration was null
21:10:41.687 [main] DEBUG org.hibernate.query.sqm.function.SqmFunctionRegistry -- Registered SqmFunctionTemplate [org.hibernate.query.sqm.function.PatternBasedSqmFunctionDescriptor@399fd710] under array_length; prior registration was null
21:10:41.687 [main] DEBUG org.hibernate.query.sqm.function.SqmFunctionRegistry -- Registered SqmFunctionTemplate [org.hibernate.dialect.function.array.PostgreSQLArrayConcatFunction@7c359808] under array_concat; prior registration was null
21:10:41.687 [main] DEBUG org.hibernate.query.sqm.function.SqmFunctionRegistry -- Registered SqmFunctionTemplate [org.hibernate.dialect.function.array.PostgreSQLArrayConcatElementFunction@1f013047] under array_prepend; prior registration was null
21:10:41.687 [main] DEBUG org.hibernate.query.sqm.function.SqmFunctionRegistry -- Registered SqmFunctionTemplate [org.hibernate.dialect.function.array.PostgreSQLArrayConcatElementFunction@16361e61] under array_append; prior registration was null
21:10:41.687 [main] DEBUG org.hibernate.query.sqm.function.SqmFunctionRegistry -- Registered SqmFunctionTemplate [org.hibernate.dialect.function.array.ArrayContainsOperatorFunction@51566ce0] under array_contains; prior registration was null
21:10:41.687 [main] DEBUG org.hibernate.query.sqm.function.SqmFunctionRegistry -- Registered SqmFunctionTemplate [org.hibernate.dialect.function.array.ArrayContainsOperatorFunction@1734b1a] under array_contains_nullable; prior registration was null
21:10:41.687 [main] DEBUG org.hibernate.query.sqm.function.SqmFunctionRegistry -- Registered SqmFunctionTemplate [org.hibernate.dialect.function.array.ArrayOverlapsOperatorFunction@17e6d07b] under array_overlaps; prior registration was null
21:10:41.687 [main] DEBUG org.hibernate.query.sqm.function.SqmFunctionRegistry -- Registered SqmFunctionTemplate [org.hibernate.dialect.function.array.ArrayOverlapsOperatorFunction@318511f0] under array_overlaps_nullable; prior registration was null
21:10:41.687 [main] DEBUG org.hibernate.query.sqm.function.SqmFunctionRegistry -- Registered SqmFunctionTemplate [org.hibernate.query.sqm.function.PatternBasedSqmFunctionDescriptor@53564a4c] under array_get; prior registration was null
21:10:41.687 [main] DEBUG org.hibernate.query.sqm.function.SqmFunctionRegistry -- Registered SqmFunctionTemplate [org.hibernate.dialect.function.array.ArraySetUnnestFunction@4866e0a7] under array_set; prior registration was null
21:10:41.687 [main] DEBUG org.hibernate.query.sqm.function.SqmFunctionRegistry -- Registered SqmFunctionTemplate [NamedSqmFunctionTemplate(array_remove)] under array_remove; prior registration was null
21:10:41.687 [main] DEBUG org.hibernate.query.sqm.function.SqmFunctionRegistry -- Registered SqmFunctionTemplate [org.hibernate.dialect.function.array.ArrayRemoveIndexUnnestFunction@69a294d8] under array_remove_index; prior registration was null
21:10:41.687 [main] DEBUG org.hibernate.query.sqm.function.SqmFunctionRegistry -- Registered SqmFunctionTemplate [org.hibernate.query.sqm.function.PatternBasedSqmFunctionDescriptor@70b1028d] under array_slice; prior registration was null
21:10:41.687 [main] DEBUG org.hibernate.query.sqm.function.SqmFunctionRegistry -- Registered SqmFunctionTemplate [NamedSqmFunctionTemplate(array_replace)] under array_replace; prior registration was null
21:10:41.687 [main] DEBUG org.hibernate.query.sqm.function.SqmFunctionRegistry -- Registered SqmFunctionTemplate [org.hibernate.query.sqm.function.PatternBasedSqmFunctionDescriptor@11d422fd] under array_trim; prior registration was null
21:10:41.687 [main] DEBUG org.hibernate.query.sqm.function.SqmFunctionRegistry -- Registered SqmFunctionTemplate [org.hibernate.dialect.function.array.PostgreSQLArrayFillFunction@6e489bb8] under array_fill; prior registration was null
21:10:41.687 [main] DEBUG org.hibernate.query.sqm.function.SqmFunctionRegistry -- Registered SqmFunctionTemplate [org.hibernate.dialect.function.array.PostgreSQLArrayFillFunction@1331d6fd] under array_fill_list; prior registration was null
21:10:41.687 [main] DEBUG org.hibernate.query.sqm.function.SqmFunctionRegistry -- Registered SqmFunctionTemplate [org.hibernate.dialect.function.array.ArrayToStringFunction@6b6c0b7c] under array_to_string; prior registration was null
21:10:41.687 [main] DEBUG org.hibernate.query.sqm.function.SqmFunctionRegistry -- Registered SqmFunctionTemplate [NamedSqmFunctionTemplate(make_date)] under make_date; prior registration was null
21:10:41.687 [main] DEBUG org.hibernate.query.sqm.function.SqmFunctionRegistry -- Registered SqmFunctionTemplate [NamedSqmFunctionTemplate(make_time)] under make_time; prior registration was null
21:10:41.687 [main] DEBUG org.hibernate.query.sqm.function.SqmFunctionRegistry -- Registered SqmFunctionTemplate [NamedSqmFunctionTemplate(make_timestamp)] under make_timestamp; prior registration was null
21:10:41.687 [main] DEBUG org.hibernate.query.sqm.function.SqmFunctionRegistry -- Registered SqmFunctionTemplate [NamedSqmFunctionTemplate(make_timestamptz)] under make_timestamptz; prior registration was null
21:10:41.687 [main] DEBUG org.hibernate.query.sqm.function.SqmFunctionRegistry -- Registered SqmFunctionTemplate [org.hibernate.dialect.function.InverseDistributionFunction@5b1f0f26] under mode; prior registration was null
21:10:41.687 [main] DEBUG org.hibernate.query.sqm.function.SqmFunctionRegistry -- Registered SqmFunctionTemplate [org.hibernate.dialect.function.InverseDistributionFunction@7120daa6] under percentile_cont; prior registration was null
21:10:41.687 [main] DEBUG org.hibernate.query.sqm.function.SqmFunctionRegistry -- Registered SqmFunctionTemplate [org.hibernate.dialect.function.InverseDistributionFunction@6cbb6c41] under percentile_disc; prior registration was null
21:10:41.687 [main] DEBUG org.hibernate.query.sqm.function.SqmFunctionRegistry -- Registered SqmFunctionTemplate [org.hibernate.dialect.function.HypotheticalSetFunction@6787bd41] under rank; prior registration was null
21:10:41.687 [main] DEBUG org.hibernate.query.sqm.function.SqmFunctionRegistry -- Registered SqmFunctionTemplate [org.hibernate.dialect.function.HypotheticalSetFunction@44c2e8a8] under dense_rank; prior registration was null
21:10:41.687 [main] DEBUG org.hibernate.query.sqm.function.SqmFunctionRegistry -- Registered SqmFunctionTemplate [org.hibernate.dialect.function.HypotheticalSetFunction@3340ff7c] under percent_rank; prior registration was null
21:10:41.687 [main] DEBUG org.hibernate.query.sqm.function.SqmFunctionRegistry -- Registered SqmFunctionTemplate [org.hibernate.dialect.function.HypotheticalSetFunction@42e4431] under cume_dist; prior registration was null
21:10:41.687 [main] DEBUG org.hibernate.query.sqm.function.SqmFunctionRegistry -- Registered SqmFunctionTemplate [org.hibernate.dialect.function.PostgreSQLMinMaxFunction@5e198c40] under min; prior registration was NamedSqmFunctionTemplate(min)
21:10:41.687 [main] DEBUG org.hibernate.query.sqm.function.SqmFunctionRegistry -- Registered SqmFunctionTemplate [org.hibernate.dialect.function.PostgreSQLMinMaxFunction@dcdb883] under max; prior registration was NamedSqmFunctionTemplate(max)
21:10:41.687 [main] DEBUG org.hibernate.query.sqm.function.SqmFunctionRegistry -- Registered SqmFunctionTemplate [org.hibernate.dialect.function.PostgreSQLTruncRoundFunction@39420d59] under round; prior registration was NamedSqmFunctionTemplate(round)
21:10:41.687 [main] DEBUG org.hibernate.query.sqm.function.SqmFunctionRegistry -- Registered SqmFunctionTemplate [org.hibernate.dialect.function.PostgreSQLTruncFunction@4fbbd98c] under trunc; prior registration was null
21:10:41.687 [main] DEBUG org.hibernate.query.sqm.function.SqmFunctionRegistry -- Registering alternate key : truncate -> trunc
21:10:41.687 [main] DEBUG org.hibernate.query.sqm.function.SqmFunctionRegistry -- Registered SqmFunctionTemplate [org.hibernate.query.sqm.function.PatternBasedSqmFunctionDescriptor@5dd227b7] under date_trunc; prior registration was null
21:10:41.688 [main] DEBUG org.hibernate.HQL_FUNCTIONS -- abs(NUMERIC arg)
21:10:41.688 [main] DEBUG org.hibernate.HQL_FUNCTIONS -- Double acos(NUMERIC arg)
21:10:41.688 [main] DEBUG org.hibernate.HQL_FUNCTIONS -- Double acosh(NUMERIC arg)
21:10:41.688 [main] DEBUG org.hibernate.HQL_FUNCTIONS -- Boolean any(BOOLEAN predicate)
21:10:41.688 [main] DEBUG org.hibernate.HQL_FUNCTIONS -- array( ... )
21:10:41.688 [main] DEBUG org.hibernate.HQL_FUNCTIONS -- array_agg(arg)
21:10:41.688 [main] DEBUG org.hibernate.HQL_FUNCTIONS -- array_append( ... )
21:10:41.688 [main] DEBUG org.hibernate.HQL_FUNCTIONS -- array_concat( ... )
21:10:41.688 [main] DEBUG org.hibernate.HQL_FUNCTIONS -- Boolean array_contains(ARRAY haystackArray, OBJECT needleElementOrArray)
21:10:41.688 [main] DEBUG org.hibernate.HQL_FUNCTIONS -- Boolean array_contains_nullable(ARRAY haystackArray, OBJECT needleElementOrArray)
21:10:41.688 [main] DEBUG org.hibernate.HQL_FUNCTIONS -- array_fill(OBJECT element, INTEGER elementCount)
21:10:41.688 [main] DEBUG org.hibernate.HQL_FUNCTIONS -- array_fill_list(OBJECT element, INTEGER elementCount)
21:10:41.688 [main] DEBUG org.hibernate.HQL_FUNCTIONS -- array_get(ARRAY array, INTEGER index)
21:10:41.688 [main] DEBUG org.hibernate.HQL_FUNCTIONS -- Integer array_length(ARRAY array)
21:10:41.688 [main] DEBUG org.hibernate.HQL_FUNCTIONS -- array_list( ... )
21:10:41.688 [main] DEBUG org.hibernate.HQL_FUNCTIONS -- Boolean array_overlaps(ARRAY array0, OBJECT array1)
21:10:41.688 [main] DEBUG org.hibernate.HQL_FUNCTIONS -- Boolean array_overlaps_nullable(ARRAY array0, OBJECT array1)
21:10:41.688 [main] DEBUG org.hibernate.HQL_FUNCTIONS -- Integer array_position(ARRAY array, OBJECT element[, INTEGER startPosition])
21:10:41.688 [main] DEBUG org.hibernate.HQL_FUNCTIONS -- int[] array_positions(ARRAY array, OBJECT element)
21:10:41.688 [main] DEBUG org.hibernate.HQL_FUNCTIONS -- List array_positions_list(ARRAY array, OBJECT element)
21:10:41.688 [main] DEBUG org.hibernate.HQL_FUNCTIONS -- array_prepend( ... )
21:10:41.688 [main] DEBUG org.hibernate.HQL_FUNCTIONS -- array_remove( ... )
21:10:41.688 [main] DEBUG org.hibernate.HQL_FUNCTIONS -- array_remove_index( ... )
21:10:41.688 [main] DEBUG org.hibernate.HQL_FUNCTIONS -- array_replace(ARRAY array, OBJECT old, OBJECT new)
21:10:41.688 [main] DEBUG org.hibernate.HQL_FUNCTIONS -- array_set( ... )
21:10:41.688 [main] DEBUG org.hibernate.HQL_FUNCTIONS -- array_slice(ARRAY array, INTEGER start, INTEGER end)
21:10:41.688 [main] DEBUG org.hibernate.HQL_FUNCTIONS -- String array_to_string( ... )
21:10:41.688 [main] DEBUG org.hibernate.HQL_FUNCTIONS -- array_trim(ARRAY array, INTEGER elementsToRemove)
21:10:41.688 [main] DEBUG org.hibernate.HQL_FUNCTIONS -- Integer ascii(STRING arg)
21:10:41.688 [main] DEBUG org.hibernate.HQL_FUNCTIONS -- Double asin(NUMERIC arg)
21:10:41.688 [main] DEBUG org.hibernate.HQL_FUNCTIONS -- Double asinh(NUMERIC arg)
21:10:41.688 [main] DEBUG org.hibernate.HQL_FUNCTIONS -- Double atan(NUMERIC arg)
21:10:41.688 [main] DEBUG org.hibernate.HQL_FUNCTIONS -- Double atan2(NUMERIC arg0, NUMERIC arg1)
21:10:41.688 [main] DEBUG org.hibernate.HQL_FUNCTIONS -- Double atanh(NUMERIC arg)
21:10:41.688 [main] DEBUG org.hibernate.HQL_FUNCTIONS -- avg(arg)
21:10:41.688 [main] DEBUG org.hibernate.HQL_FUNCTIONS -- bit_and(arg)
21:10:41.688 [main] DEBUG org.hibernate.HQL_FUNCTIONS -- Integer bit_length(STRING_OR_CLOB arg)
21:10:41.688 [main] DEBUG org.hibernate.HQL_FUNCTIONS -- bit_or(arg)
21:10:41.688 [main] DEBUG org.hibernate.HQL_FUNCTIONS -- bitand(arg0, arg1)
21:10:41.688 [main] DEBUG org.hibernate.HQL_FUNCTIONS -- bitnot(arg)
21:10:41.688 [main] DEBUG org.hibernate.HQL_FUNCTIONS -- bitor(arg0, arg1)
21:10:41.688 [main] DEBUG org.hibernate.HQL_FUNCTIONS -- bitxor(arg0, arg1)
21:10:41.688 [main] DEBUG org.hibernate.HQL_FUNCTIONS -- Boolean bool_and(BOOLEAN predicate)
21:10:41.688 [main] DEBUG org.hibernate.HQL_FUNCTIONS -- Boolean bool_or(BOOLEAN predicate)
21:10:41.688 [main] DEBUG org.hibernate.HQL_FUNCTIONS -- cast(arg as Type)
21:10:41.688 [main] DEBUG org.hibernate.HQL_FUNCTIONS -- Double cbrt(NUMERIC arg)
21:10:41.688 [main] DEBUG org.hibernate.HQL_FUNCTIONS -- ceiling(NUMERIC arg)
21:10:41.688 [main] DEBUG org.hibernate.HQL_FUNCTIONS -- Character char(INTEGER arg)
21:10:41.688 [main] DEBUG org.hibernate.HQL_FUNCTIONS -- Integer character_length(STRING_OR_CLOB arg)
21:10:41.688 [main] DEBUG org.hibernate.HQL_FUNCTIONS -- Character chr(INTEGER arg)
21:10:41.688 [main] DEBUG org.hibernate.HQL_FUNCTIONS -- coalesce(arg0[, arg1[, ...]])
21:10:41.688 [main] DEBUG org.hibernate.HQL_FUNCTIONS -- String collate(STRING string as COLLATION collation)
21:10:41.688 [main] DEBUG org.hibernate.HQL_FUNCTIONS -- (STRING string0[, STRING string1[, ...]])
21:10:41.688 [main] DEBUG org.hibernate.HQL_FUNCTIONS -- Double corr(NUMERIC arg0, NUMERIC arg1)
21:10:41.688 [main] DEBUG org.hibernate.HQL_FUNCTIONS -- Double cos(NUMERIC arg)
21:10:41.688 [main] DEBUG org.hibernate.HQL_FUNCTIONS -- Double cosh(NUMERIC arg)
21:10:41.688 [main] DEBUG org.hibernate.HQL_FUNCTIONS -- Double cot(NUMERIC arg)
21:10:41.688 [main] DEBUG org.hibernate.HQL_FUNCTIONS -- Long count([distinct ]{arg|*})
21:10:41.688 [main] DEBUG org.hibernate.HQL_FUNCTIONS -- Double covar_pop(NUMERIC arg0, NUMERIC arg1)
21:10:41.688 [main] DEBUG org.hibernate.HQL_FUNCTIONS -- Double covar_samp(NUMERIC arg0, NUMERIC arg1)
21:10:41.688 [main] DEBUG org.hibernate.HQL_FUNCTIONS -- Double cume_dist([arg0[, ...]])
21:10:41.688 [main] DEBUG org.hibernate.HQL_FUNCTIONS -- Date current date
21:10:41.688 [main] DEBUG org.hibernate.HQL_FUNCTIONS -- Time current time
21:10:41.688 [main] DEBUG org.hibernate.HQL_FUNCTIONS -- Timestamp current timestamp
21:10:41.688 [main] DEBUG org.hibernate.HQL_FUNCTIONS -- Date current_date
21:10:41.688 [main] DEBUG org.hibernate.HQL_FUNCTIONS -- Instant current_instant
21:10:41.688 [main] DEBUG org.hibernate.HQL_FUNCTIONS -- Time current_time
21:10:41.688 [main] DEBUG org.hibernate.HQL_FUNCTIONS -- Timestamp current_timestamp
21:10:41.688 [main] DEBUG org.hibernate.HQL_FUNCTIONS -- date_trunc(STRING field, TEMPORAL datetime)
21:10:41.688 [main] DEBUG org.hibernate.HQL_FUNCTIONS -- dateadd(TEMPORAL_UNIT field, INTEGER magnitude, TEMPORAL datetime)
21:10:41.688 [main] DEBUG org.hibernate.HQL_FUNCTIONS -- basicType@53(java.lang.Long,-5)|basicType@66(java.lang.Double,8) datediff(TEMPORAL_UNIT field, TEMPORAL start, TEMPORAL end)
21:10:41.688 [main] DEBUG org.hibernate.HQL_FUNCTIONS -- Double degrees(NUMERIC arg)
21:10:41.688 [main] DEBUG org.hibernate.HQL_FUNCTIONS -- Long dense_rank([arg0[, ...]])
21:10:41.688 [main] DEBUG org.hibernate.HQL_FUNCTIONS -- Boolean every(BOOLEAN predicate)
21:10:41.688 [main] DEBUG org.hibernate.HQL_FUNCTIONS -- Double exp(NUMERIC arg)
21:10:41.688 [main] DEBUG org.hibernate.HQL_FUNCTIONS -- extract(TEMPORAL_UNIT field from TEMPORAL arg)
21:10:41.688 [main] DEBUG org.hibernate.HQL_FUNCTIONS -- first_valueANY value
21:10:41.688 [main] DEBUG org.hibernate.HQL_FUNCTIONS -- floor(NUMERIC arg)
21:10:41.688 [main] DEBUG org.hibernate.HQL_FUNCTIONS -- String format(TEMPORAL datetime as STRING pattern)
21:10:41.688 [main] DEBUG org.hibernate.HQL_FUNCTIONS -- greatest(COMPARABLE arg0, COMPARABLE arg1[, arg2[, ...]])
21:10:41.688 [main] DEBUG org.hibernate.HQL_FUNCTIONS -- ifnull(arg0, arg1)
21:10:41.688 [main] DEBUG org.hibernate.HQL_FUNCTIONS -- String initcap(arg)
21:10:41.688 [main] DEBUG org.hibernate.HQL_FUNCTIONS -- String insert(STRING string, INTEGER start, INTEGER length, STRING replacement)
21:10:41.688 [main] DEBUG org.hibernate.HQL_FUNCTIONS -- Instant instant
21:10:41.688 [main] DEBUG org.hibernate.HQL_FUNCTIONS -- lagANY value[, INTEGER offset[, ANY default]]
21:10:41.688 [main] DEBUG org.hibernate.HQL_FUNCTIONS -- last_valueANY value
21:10:41.688 [main] DEBUG org.hibernate.HQL_FUNCTIONS -- leadANY value[, INTEGER offset[, ANY default]]
21:10:41.688 [main] DEBUG org.hibernate.HQL_FUNCTIONS -- least(COMPARABLE arg0, COMPARABLE arg1[, arg2[, ...]])
21:10:41.688 [main] DEBUG org.hibernate.HQL_FUNCTIONS -- String left(STRING string, INTEGER length)
21:10:41.688 [main] DEBUG org.hibernate.HQL_FUNCTIONS -- Integer length(STRING_OR_CLOB arg)
21:10:41.688 [main] DEBUG org.hibernate.HQL_FUNCTIONS -- String listagg(STRING arg0, STRING arg1)
21:10:41.688 [main] DEBUG org.hibernate.HQL_FUNCTIONS -- Double ln(NUMERIC arg)
21:10:41.688 [main] DEBUG org.hibernate.HQL_FUNCTIONS -- LocalDate local date
21:10:41.688 [main] DEBUG org.hibernate.HQL_FUNCTIONS -- LocalDateTime local datetime
21:10:41.688 [main] DEBUG org.hibernate.HQL_FUNCTIONS -- LocalTime local time
21:10:41.688 [main] DEBUG org.hibernate.HQL_FUNCTIONS -- LocalDate local_date
21:10:41.688 [main] DEBUG org.hibernate.HQL_FUNCTIONS -- LocalDateTime local_datetime
21:10:41.688 [main] DEBUG org.hibernate.HQL_FUNCTIONS -- LocalTime local_time
21:10:41.688 [main] DEBUG org.hibernate.HQL_FUNCTIONS -- Time localtime
21:10:41.688 [main] DEBUG org.hibernate.HQL_FUNCTIONS -- Timestamp localtimestamp
21:10:41.688 [main] DEBUG org.hibernate.HQL_FUNCTIONS -- Integer locate(STRING pattern, STRING string[, INTEGER start])
21:10:41.688 [main] DEBUG org.hibernate.HQL_FUNCTIONS -- Double log(NUMERIC arg0[, NUMERIC arg1])
21:10:41.689 [main] DEBUG org.hibernate.HQL_FUNCTIONS -- Double log10(NUMERIC arg)
21:10:41.689 [main] DEBUG org.hibernate.HQL_FUNCTIONS -- String lower(STRING string)
21:10:41.689 [main] DEBUG org.hibernate.HQL_FUNCTIONS -- String lpad(STRING string, INTEGER length[, STRING padding])
21:10:41.689 [main] DEBUG org.hibernate.HQL_FUNCTIONS -- String ltrim(STRING string[, STRING characters])
21:10:41.689 [main] DEBUG org.hibernate.HQL_FUNCTIONS -- Date make_date(INTEGER arg0, INTEGER arg1, INTEGER arg2)
21:10:41.689 [main] DEBUG org.hibernate.HQL_FUNCTIONS -- Time make_time(INTEGER arg0, INTEGER arg1, INTEGER arg2)
21:10:41.689 [main] DEBUG org.hibernate.HQL_FUNCTIONS -- Timestamp make_timestamp(INTEGER arg0, INTEGER arg1, INTEGER arg2, INTEGER arg3, INTEGER arg4, INTEGER arg5)
21:10:41.689 [main] DEBUG org.hibernate.HQL_FUNCTIONS -- Timestamp make_timestamptz(INTEGER arg0, INTEGER arg1, INTEGER arg2, INTEGER arg3, INTEGER arg4, INTEGER arg5[, INTEGER arg6])
21:10:41.689 [main] DEBUG org.hibernate.HQL_FUNCTIONS -- max(COMPARABLE arg)
21:10:41.689 [main] DEBUG org.hibernate.HQL_FUNCTIONS -- String md5(arg)
21:10:41.689 [main] DEBUG org.hibernate.HQL_FUNCTIONS -- Double median(NUMERIC arg)
21:10:41.689 [main] DEBUG org.hibernate.HQL_FUNCTIONS -- min(COMPARABLE arg)
21:10:41.689 [main] DEBUG org.hibernate.HQL_FUNCTIONS -- Integer mod(INTEGER arg0, INTEGER arg1)
21:10:41.689 [main] DEBUG org.hibernate.HQL_FUNCTIONS -- mode()
21:10:41.689 [main] DEBUG org.hibernate.HQL_FUNCTIONS -- nth_valueANY value, INTEGER nth
21:10:41.689 [main] DEBUG org.hibernate.HQL_FUNCTIONS -- nullif(arg0, arg1)
21:10:41.689 [main] DEBUG org.hibernate.HQL_FUNCTIONS -- Integer octet_length(STRING_OR_CLOB arg)
21:10:41.689 [main] DEBUG org.hibernate.HQL_FUNCTIONS -- OffsetDateTime offset datetime
21:10:41.689 [main] DEBUG org.hibernate.HQL_FUNCTIONS -- OffsetDateTime offset_datetime
21:10:41.689 [main] DEBUG org.hibernate.HQL_FUNCTIONS -- String overlay(string placing replacement from start[ for length])
21:10:41.689 [main] DEBUG org.hibernate.HQL_FUNCTIONS -- String pad(STRING string with INTEGER length {leading|trailing}[ STRING character])
21:10:41.689 [main] DEBUG org.hibernate.HQL_FUNCTIONS -- Double percent_rank([arg0[, ...]])
21:10:41.689 [main] DEBUG org.hibernate.HQL_FUNCTIONS -- percentile_cont(NUMERIC arg)
21:10:41.689 [main] DEBUG org.hibernate.HQL_FUNCTIONS -- percentile_disc(NUMERIC arg)
21:10:41.689 [main] DEBUG org.hibernate.HQL_FUNCTIONS -- Double pi
21:10:41.689 [main] DEBUG org.hibernate.HQL_FUNCTIONS -- Integer position(STRING pattern in STRING string)
21:10:41.689 [main] DEBUG org.hibernate.HQL_FUNCTIONS -- Double power(NUMERIC arg0, NUMERIC arg1)
21:10:41.689 [main] DEBUG org.hibernate.HQL_FUNCTIONS -- Double radians(NUMERIC arg)
21:10:41.689 [main] DEBUG org.hibernate.HQL_FUNCTIONS -- Long rank([arg0[, ...]])
21:10:41.689 [main] DEBUG org.hibernate.HQL_FUNCTIONS -- Double regr_avgx(NUMERIC arg0, NUMERIC arg1)
21:10:41.689 [main] DEBUG org.hibernate.HQL_FUNCTIONS -- Double regr_avgy(NUMERIC arg0, NUMERIC arg1)
21:10:41.689 [main] DEBUG org.hibernate.HQL_FUNCTIONS -- Double regr_count(NUMERIC arg0, NUMERIC arg1)
21:10:41.689 [main] DEBUG org.hibernate.HQL_FUNCTIONS -- Double regr_intercept(NUMERIC arg0, NUMERIC arg1)
21:10:41.689 [main] DEBUG org.hibernate.HQL_FUNCTIONS -- Double regr_r2(NUMERIC arg0, NUMERIC arg1)
21:10:41.689 [main] DEBUG org.hibernate.HQL_FUNCTIONS -- Double regr_slope(NUMERIC arg0, NUMERIC arg1)
21:10:41.689 [main] DEBUG org.hibernate.HQL_FUNCTIONS -- Double regr_sxx(NUMERIC arg0, NUMERIC arg1)
21:10:41.689 [main] DEBUG org.hibernate.HQL_FUNCTIONS -- Double regr_sxy(NUMERIC arg0, NUMERIC arg1)
21:10:41.689 [main] DEBUG org.hibernate.HQL_FUNCTIONS -- Double regr_syy(NUMERIC arg0, NUMERIC arg1)
21:10:41.689 [main] DEBUG org.hibernate.HQL_FUNCTIONS -- String repeat(STRING string, INTEGER times)
21:10:41.689 [main] DEBUG org.hibernate.HQL_FUNCTIONS -- String replace(STRING string, STRING pattern, STRING replacement)
21:10:41.689 [main] DEBUG org.hibernate.HQL_FUNCTIONS -- String right(STRING string, INTEGER length)
21:10:41.689 [main] DEBUG org.hibernate.HQL_FUNCTIONS -- round(NUMERIC number[, INTEGER places])
21:10:41.689 [main] DEBUG org.hibernate.HQL_FUNCTIONS -- Long row_number()
21:10:41.689 [main] DEBUG org.hibernate.HQL_FUNCTIONS -- String rpad(STRING string, INTEGER length[, STRING padding])
21:10:41.689 [main] DEBUG org.hibernate.HQL_FUNCTIONS -- String rtrim(STRING string[, STRING characters])
21:10:41.689 [main] DEBUG org.hibernate.HQL_FUNCTIONS -- Integer sign(NUMERIC arg)
21:10:41.689 [main] DEBUG org.hibernate.HQL_FUNCTIONS -- Double sin(NUMERIC arg)
21:10:41.689 [main] DEBUG org.hibernate.HQL_FUNCTIONS -- Double sinh(NUMERIC arg)
21:10:41.689 [main] DEBUG org.hibernate.HQL_FUNCTIONS -- String soundex(arg)
21:10:41.689 [main] DEBUG org.hibernate.HQL_FUNCTIONS -- Object sql
21:10:41.689 [main] DEBUG org.hibernate.HQL_FUNCTIONS -- Double sqrt(NUMERIC arg)
21:10:41.689 [main] DEBUG org.hibernate.HQL_FUNCTIONS -- Double stddev(NUMERIC arg)
21:10:41.689 [main] DEBUG org.hibernate.HQL_FUNCTIONS -- Double stddev_pop(NUMERIC arg)
21:10:41.689 [main] DEBUG org.hibernate.HQL_FUNCTIONS -- Double stddev_samp(NUMERIC arg)
21:10:41.689 [main] DEBUG org.hibernate.HQL_FUNCTIONS -- String str(arg)
21:10:41.689 [main] DEBUG org.hibernate.HQL_FUNCTIONS -- String substr(STRING string, INTEGER start[, INTEGER length])
21:10:41.689 [main] DEBUG org.hibernate.HQL_FUNCTIONS -- String substring(STRING string{ from|,} INTEGER start[{ for|,} INTEGER length])
21:10:41.689 [main] DEBUG org.hibernate.HQL_FUNCTIONS -- sum(arg)
21:10:41.689 [main] DEBUG org.hibernate.HQL_FUNCTIONS -- Double tan(NUMERIC arg)
21:10:41.689 [main] DEBUG org.hibernate.HQL_FUNCTIONS -- Double tanh(NUMERIC arg)
21:10:41.689 [main] DEBUG org.hibernate.HQL_FUNCTIONS -- timestampadd(TEMPORAL_UNIT field, INTEGER magnitude, TEMPORAL datetime)
21:10:41.689 [main] DEBUG org.hibernate.HQL_FUNCTIONS -- basicType@53(java.lang.Long,-5)|basicType@66(java.lang.Double,8) timestampdiff(TEMPORAL_UNIT field, TEMPORAL start, TEMPORAL end)
21:10:41.689 [main] DEBUG org.hibernate.HQL_FUNCTIONS -- String to_char(ANY arg0[, STRING arg1, STRING arg2])
21:10:41.689 [main] DEBUG org.hibernate.HQL_FUNCTIONS -- Date to_date(STRING arg0[, STRING arg1, STRING arg2])
21:10:41.689 [main] DEBUG org.hibernate.HQL_FUNCTIONS -- Double to_number(STRING arg0[, STRING arg1, STRING arg2])
21:10:41.689 [main] DEBUG org.hibernate.HQL_FUNCTIONS -- Timestamp to_timestamp(STRING arg0[, STRING arg1, STRING arg2])
21:10:41.689 [main] DEBUG org.hibernate.HQL_FUNCTIONS -- String translate(STRING arg0, STRING arg1, STRING arg2)
21:10:41.689 [main] DEBUG org.hibernate.HQL_FUNCTIONS -- String trim([[{leading|trailing|both} ][STRING arg0 ]from] STRING arg1)
21:10:41.689 [main] DEBUG org.hibernate.HQL_FUNCTIONS -- trunc( ... )
21:10:41.689 [main] DEBUG org.hibernate.HQL_FUNCTIONS -- truncate( ... )
21:10:41.689 [main] DEBUG org.hibernate.HQL_FUNCTIONS -- String upper(STRING string)
21:10:41.689 [main] DEBUG org.hibernate.HQL_FUNCTIONS -- Double var_pop(NUMERIC arg)
21:10:41.689 [main] DEBUG org.hibernate.HQL_FUNCTIONS -- Double var_samp(NUMERIC arg)
21:10:41.689 [main] DEBUG org.hibernate.HQL_FUNCTIONS -- Double variance(NUMERIC arg)
21:10:41.689 [main] DEBUG org.hibernate.orm.query.plan.cache -- Starting QueryInterpretationCache(2048)
21:10:41.690 [main] DEBUG org.hibernate.service.internal.SessionFactoryServiceRegistryImpl -- EventListenerRegistry access via ServiceRegistry is deprecated.  Use `sessionFactory.getEventEngine().getListenerRegistry()` instead
21:10:41.690 [main] DEBUG org.hibernate.event.internal.EntityCopyObserverFactoryInitiator -- Configured EntityCopyObserver strategy: disallow
21:10:41.692 [main] DEBUG org.hibernate.ormbytecode.interceptor -- To-one property `org.lab2.Pets.Pet#owner` was mapped with LAZY + NO_PROXY but the class was not enhanced
21:10:41.692 [main] DEBUG org.hibernate.ormbytecode.interceptor -- To-one property `org.lab2.Pets.Pet#owner` was mapped with LAZY + NO_PROXY but the class was not enhanced
21:10:41.692 [main] DEBUG org.hibernate.boot.internal.ClassLoaderAccessImpl -- Not known whether passed class name [org.lab2.Pets.Pet] is safe
21:10:41.692 [main] DEBUG org.hibernate.boot.internal.ClassLoaderAccessImpl -- No temp ClassLoader provided; using live ClassLoader for loading potentially unsafe class : org.lab2.Pets.Pet
21:10:41.718 [main] DEBUG org.hibernate.bytecode.internal.bytebuddy.BytecodeProviderImpl -- HHH000513: Unable to create the ReflectionOptimizer for [org.lab2.Pets.Pet]: private accessor [birthDate]
21:10:41.720 [main] DEBUG org.hibernate.ormbytecode.interceptor -- To-one property `org.lab2.Pets.Pet#owner` was mapped with LAZY + NO_PROXY but the class was not enhanced
21:10:41.720 [main] DEBUG org.hibernate.boot.internal.ClassLoaderAccessImpl -- Not known whether passed class name [org.lab2.Owners.Owner] is safe
21:10:41.720 [main] DEBUG org.hibernate.boot.internal.ClassLoaderAccessImpl -- No temp ClassLoader provided; using live ClassLoader for loading potentially unsafe class : org.lab2.Owners.Owner
21:10:41.741 [main] DEBUG org.hibernate.bytecode.internal.bytebuddy.BytecodeProviderImpl -- HHH000513: Unable to create the ReflectionOptimizer for [org.lab2.Owners.Owner]: private accessor [birthDate]
21:10:41.742 [main] DEBUG org.hibernate.orm.jdbc.mutation -- Skipping collection (re)creation - org.lab2.Owners.Owner.pets
21:10:41.742 [main] DEBUG org.hibernate.orm.jdbc.mutation -- Skipping collection row deletions - org.lab2.Owners.Owner.pets
21:10:41.742 [main] DEBUG org.hibernate.orm.jdbc.mutation -- Skipping collection removals - org.lab2.Owners.Owner.pets
21:10:41.742 [main] DEBUG org.hibernate.orm.jdbc.mutation -- Skipping collection row updates - org.lab2.Pets.Pet.friends
21:10:41.743 [main] DEBUG org.hibernate.orm.model.mapping.creation -- Starting post-init callbacks
21:10:41.743 [main] DEBUG org.hibernate.orm.model.mapping.creation -- Starting PostInitCallbackEntry : PluralAttributeMapping( NavigableRole[org.lab2.Pets.Pet.friends#{element}]) - element descriptor
21:10:41.743 [main] DEBUG org.hibernate.orm.model.mapping.creation -- Starting PostInitCallbackEntry : PluralAttributeMapping(org.lab2.Pets.Pet.friends)#finishInitialization
21:10:41.743 [main] DEBUG org.hibernate.orm.model.mapping.creation -- Starting PostInitCallbackEntry : PluralAttributeMapping(org.lab2.Pets.Pet.friends) - key descriptor
21:10:41.743 [main] DEBUG org.hibernate.orm.model.mapping.creation -- Starting PostInitCallbackEntry : To-one key - NavigableRole[org.lab2.Pets.Pet.owner]
21:10:41.743 [main] DEBUG org.hibernate.orm.model.mapping.creation -- Starting PostInitCallbackEntry : Entity(org.lab2.Pets.Pet) `staticFetchableList` generator
21:10:41.743 [main] DEBUG org.hibernate.orm.model.mapping.creation -- Starting PostInitCallbackEntry : PluralAttributeMapping( NavigableRole[org.lab2.Owners.Owner.pets#{element}]) - element descriptor
21:10:41.743 [main] DEBUG org.hibernate.orm.model.mapping.creation -- Starting PostInitCallbackEntry : PluralAttributeMapping(org.lab2.Owners.Owner.pets)#finishInitialization
21:10:41.743 [main] DEBUG org.hibernate.orm.model.mapping.creation -- Starting PostInitCallbackEntry : PluralAttributeMapping(org.lab2.Owners.Owner.pets) - key descriptor
21:10:41.743 [main] DEBUG org.hibernate.orm.model.mapping.creation -- Starting PostInitCallbackEntry : Entity(org.lab2.Owners.Owner) `staticFetchableList` generator
21:10:41.743 [main] DEBUG org.hibernate.orm.model.mapping.creation -- Starting PostInitCallbackEntry : PluralAttributeMapping( NavigableRole[org.lab2.Owners.Owner.pets#{element}]) - element descriptor
21:10:41.746 [main] DEBUG org.hibernate.orm.sql.ast.create -- Created new SQL alias : p1_0
21:10:41.746 [main] DEBUG org.hibernate.orm.sql.ast.create -- Registration of TableGroup [StandardTableGroup(org.lab2.Pets.Pet)] with identifierForTableGroup [org.lab2.Pets.Pet] for NavigablePath [org.lab2.Pets.Pet] 
21:10:41.746 [main] DEBUG org.hibernate.orm.sql.ast.create -- Registration of TableGroup [org.hibernate.sql.ast.tree.from.LazyTableGroup@138a952f] with identifierForTableGroup [org.lab2.Pets.Pet.owner] for NavigablePath [org.lab2.Pets.Pet.owner] 
21:10:41.746 [main] DEBUG org.hibernate.orm.sql.ast.create -- Created new SQL alias : o1_0
21:10:41.747 [main] DEBUG org.hibernate.orm.results.graph.AST -- DomainResult Graph:
 \-EntityResultImpl [org.lab2.Pets.Pet]
 |  +-BasicFetch [org.lab2.Pets.Pet.birthDate]
 |  +-BasicFetch [org.lab2.Pets.Pet.breed]
 |  +-BasicFetch [org.lab2.Pets.Pet.color]
 |  +-DelayedCollectionFetch [org.lab2.Pets.Pet.friends]
 |  +-BasicFetch [org.lab2.Pets.Pet.name]
 |  \-EntityFetchJoinedImpl [org.lab2.Pets.Pet.owner]

21:10:41.747 [main] DEBUG org.hibernate.orm.sql.ast.tree -- SQL AST Tree:
    SelectStatement {
      FromClause {
        StandardTableGroup (p1 : org.lab2.Pets.Pet) {
          primaryTableReference : pets as p1_0
          TableGroupJoins {
            left  join LazyTableGroup (o1 : org.lab2.Pets.Pet.owner) {
              primaryTableReference : owners as o1_0
            }
          }
        }
      }
    }

21:10:41.748 [main] DEBUG org.hibernate.persister.entity.AbstractEntityPersister -- Static SQL for entity: org.lab2.Pets.Pet
21:10:41.748 [main] DEBUG org.hibernate.persister.entity.AbstractEntityPersister --  Version select: select id from pets where id=?
21:10:41.748 [main] DEBUG org.hibernate.persister.entity.AbstractEntityPersister --  Insert (0): insert into pets (birth_date,breed,color,name,owner_id) values (?,?,?,?,?)
21:10:41.748 [main] DEBUG org.hibernate.persister.entity.AbstractEntityPersister --  Update (0): update pets set birth_date=?,breed=?,color=?,name=?,owner_id=? where id=?
21:10:41.748 [main] DEBUG org.hibernate.persister.entity.AbstractEntityPersister --  Delete (0): delete from pets where id=?
21:10:41.748 [main] DEBUG org.hibernate.orm.sql.ast.create -- Created new SQL alias : o1_0
21:10:41.748 [main] DEBUG org.hibernate.orm.sql.ast.create -- Registration of TableGroup [StandardTableGroup(org.lab2.Owners.Owner)] with identifierForTableGroup [org.lab2.Owners.Owner] for NavigablePath [org.lab2.Owners.Owner] 
21:10:41.750 [main] DEBUG org.hibernate.orm.results.graph.AST -- DomainResult Graph:
 \-EntityResultImpl [org.lab2.Owners.Owner]
 |  +-BasicFetch [org.lab2.Owners.Owner.birthDate]
 |  +-BasicFetch [org.lab2.Owners.Owner.name]
 |  \-DelayedCollectionFetch [org.lab2.Owners.Owner.pets]

21:10:41.750 [main] DEBUG org.hibernate.orm.sql.ast.tree -- SQL AST Tree:
    SelectStatement {
      FromClause {
        StandardTableGroup (o1 : org.lab2.Owners.Owner) {
          primaryTableReference : owners as o1_0
        }
      }
    }

21:10:41.750 [main] DEBUG org.hibernate.persister.entity.AbstractEntityPersister -- Static SQL for entity: org.lab2.Owners.Owner
21:10:41.750 [main] DEBUG org.hibernate.persister.entity.AbstractEntityPersister --  Version select: select id from owners where id=?
21:10:41.750 [main] DEBUG org.hibernate.persister.entity.AbstractEntityPersister --  Insert (0): insert into owners (birth_date,name) values (?,?)
21:10:41.750 [main] DEBUG org.hibernate.persister.entity.AbstractEntityPersister --  Update (0): update owners set birth_date=?,name=? where id=?
21:10:41.750 [main] DEBUG org.hibernate.persister.entity.AbstractEntityPersister --  Delete (0): delete from owners where id=?
21:10:41.750 [main] DEBUG org.hibernate.orm.sql.ast.create -- Created new SQL alias : p1_0
21:10:41.750 [main] DEBUG org.hibernate.orm.sql.ast.create -- Registration of TableGroup [org.hibernate.sql.ast.tree.from.OneToManyTableGroup@76208b80] with identifierForTableGroup [org.lab2.Owners.Owner.pets] for NavigablePath [org.lab2.Owners.Owner.pets] 
21:10:41.750 [main] DEBUG org.hibernate.orm.sql.ast.create -- Registration of TableGroup [StandardTableGroup(org.lab2.Owners.Owner.pets.{element})] with identifierForTableGroup [org.lab2.Owners.Owner.pets.{element}] for NavigablePath [org.lab2.Owners.Owner.pets.{element}] 
21:10:41.751 [main] DEBUG org.hibernate.orm.sql.ast.create -- Registration of TableGroup [org.hibernate.sql.ast.tree.from.LazyTableGroup@339cde4b] with identifierForTableGroup [org.lab2.Owners.Owner.pets.{element}.owner] for NavigablePath [org.lab2.Owners.Owner.pets.{element}.owner] 
21:10:41.751 [main] DEBUG org.hibernate.orm.results.graph.AST -- DomainResult Graph:
 \-CollectionDomainResult [org.lab2.Owners.Owner.pets]

21:10:41.751 [main] DEBUG org.hibernate.orm.sql.ast.tree -- SQL AST Tree:
    SelectStatement {
      FromClause {
        OneToManyTableGroup (p1 : org.lab2.Owners.Owner.pets) {
          primaryTableReference : pets as p1_0
          TableGroupJoins {
            left  join LazyTableGroup (o1 : org.lab2.Owners.Owner.pets.{element}.owner) {
            }
          }
        }
      }
    }

21:10:41.751 [main] DEBUG org.hibernate.orm.jdbc.mutation -- Static SQL for collection: org.lab2.Owners.Owner.pets
21:10:41.751 [main] DEBUG org.hibernate.orm.sql.ast.create -- Created new SQL alias : f1_0
21:10:41.752 [main] DEBUG org.hibernate.orm.sql.ast.create -- Registration of TableGroup [CollectionTableGroup(org.lab2.Pets.Pet.friends)] with identifierForTableGroup [org.lab2.Pets.Pet.friends] for NavigablePath [org.lab2.Pets.Pet.friends] 
21:10:41.752 [main] DEBUG org.hibernate.orm.sql.ast.create -- Registration of TableGroup [org.hibernate.sql.ast.tree.from.LazyTableGroup@f0381f0] with identifierForTableGroup [org.lab2.Pets.Pet.friends.{element}] for NavigablePath [org.lab2.Pets.Pet.friends.{element}] 
21:10:41.752 [main] DEBUG org.hibernate.orm.sql.ast.create -- Created new SQL alias : f1_1
21:10:41.752 [main] DEBUG org.hibernate.orm.sql.ast.create -- Registration of TableGroup [org.hibernate.sql.ast.tree.from.LazyTableGroup@7d8d671b] with identifierForTableGroup [org.lab2.Pets.Pet.friends.{element}.owner] for NavigablePath [org.lab2.Pets.Pet.friends.{element}.owner] 
21:10:41.752 [main] DEBUG org.hibernate.orm.sql.ast.create -- Created new SQL alias : o1_0
21:10:41.753 [main] DEBUG org.hibernate.orm.results.graph.AST -- DomainResult Graph:
 \-CollectionDomainResult [org.lab2.Pets.Pet.friends]

21:10:41.753 [main] DEBUG org.hibernate.orm.sql.ast.tree -- SQL AST Tree:
    SelectStatement {
      FromClause {
        CollectionTableGroup (f1 : org.lab2.Pets.Pet.friends) {
          primaryTableReference : pet_friends as f1_0
          TableGroupJoins {
             join LazyTableGroup (f1 : org.lab2.Pets.Pet.friends.{element}) {
              primaryTableReference : pets as f1_1
              TableGroupJoins {
                left  join LazyTableGroup (o1 : org.lab2.Pets.Pet.friends.{element}.owner) {
                  primaryTableReference : owners as o1_0
                }
              }
            }
          }
        }
      }
    }

21:10:41.754 [main] DEBUG org.hibernate.orm.jdbc.mutation -- Static SQL for collection: org.lab2.Pets.Pet.friends
21:10:41.754 [main] DEBUG org.hibernate.orm.jdbc.mutation --  Row insert: insert into pet_friends (pet_id,friend_id) values (?,?)
21:10:41.754 [main] DEBUG org.hibernate.orm.jdbc.mutation --  Row delete: delete from pet_friends where pet_id=? and friend_id=?
21:10:41.754 [main] DEBUG org.hibernate.orm.jdbc.mutation --  One-shot delete: delete from pet_friends where pet_id=?
21:10:41.757 [main] DEBUG org.hibernate.engine.transaction.jta.platform.internal.JtaPlatformInitiator -- No JtaPlatform was specified, checking resolver
21:10:41.757 [main] DEBUG org.hibernate.engine.transaction.jta.platform.internal.JtaPlatformResolverInitiator -- No JtaPlatformResolver was specified, using default [org.hibernate.engine.transaction.jta.platform.internal.StandardJtaPlatformResolver]
21:10:41.764 [main] DEBUG org.hibernate.engine.transaction.jta.platform.internal.StandardJtaPlatformResolver -- Could not resolve JtaPlatform, using default [org.hibernate.engine.transaction.jta.platform.internal.NoJtaPlatform]
21:10:41.764 [main] INFO org.hibernate.engine.transaction.jta.platform.internal.JtaPlatformInitiator -- HHH000489: No JTA platform available (set 'hibernate.transaction.jta.platform' to enable JTA platform integration)
21:10:41.764 [main] DEBUG org.hibernate.type.spi.TypeConfiguration$Scope -- Scoping TypeConfiguration [org.hibernate.type.spi.TypeConfiguration@b5311cb] to SessionFactoryImplementor [org.hibernate.internal.SessionFactoryImpl@32fd5bc]
21:10:41.764 [main] DEBUG org.hibernate.query.named.NamedObjectRepository -- Checking 0 named HQL queries
21:10:41.764 [main] DEBUG org.hibernate.query.named.NamedObjectRepository -- Checking 0 named SQL queries
21:10:41.764 [main] DEBUG org.hibernate.SQL -- alter table if exists pet_friends drop constraint if exists FKj21rh4cx6gdb8rbslw8njk9mq
21:10:41.764 [main] INFO org.hibernate.orm.connections.access -- HHH10001501: Connection obtained from JdbcConnectionAccess [org.hibernate.engine.jdbc.env.internal.JdbcEnvironmentInitiator$ConnectionProviderJdbcConnectionAccess@5737d116] for (non-JTA) DDL execution was not in auto-commit mode; the Connection 'local transaction' will be committed and the Connection will be set into auto-commit mode.
21:10:41.767 [main] DEBUG org.hibernate.engine.jdbc.spi.SqlExceptionHelper -- SQL Warning
org.postgresql.util.PSQLWarning: relation "pet_friends" does not exist, skipping
	at org.postgresql.core.v3.QueryExecutorImpl.receiveNoticeResponse(QueryExecutorImpl.java:2732)
	at org.postgresql.core.v3.QueryExecutorImpl.processResults(QueryExecutorImpl.java:2431)
	at org.postgresql.core.v3.QueryExecutorImpl.execute(QueryExecutorImpl.java:368)
	at org.postgresql.jdbc.PgStatement.executeInternal(PgStatement.java:498)
	at org.postgresql.jdbc.PgStatement.execute(PgStatement.java:415)
	at org.postgresql.jdbc.PgStatement.executeWithFlags(PgStatement.java:335)
	at org.postgresql.jdbc.PgStatement.executeCachedSql(PgStatement.java:321)
	at org.postgresql.jdbc.PgStatement.executeWithFlags(PgStatement.java:297)
	at org.postgresql.jdbc.PgStatement.execute(PgStatement.java:292)
	at org.hibernate.tool.schema.internal.exec.GenerationTargetToDatabase.accept(GenerationTargetToDatabase.java:80)
	at org.hibernate.tool.schema.internal.Helper.applySqlString(Helper.java:233)
	at org.hibernate.tool.schema.internal.Helper.applySqlStrings(Helper.java:217)
	at org.hibernate.tool.schema.internal.SchemaDropperImpl.applyConstraintDropping(SchemaDropperImpl.java:470)
	at org.hibernate.tool.schema.internal.SchemaDropperImpl.dropConstraintsTablesSequences(SchemaDropperImpl.java:242)
	at org.hibernate.tool.schema.internal.SchemaDropperImpl.dropFromMetadata(SchemaDropperImpl.java:215)
	at org.hibernate.tool.schema.internal.SchemaDropperImpl.performDrop(SchemaDropperImpl.java:185)
	at org.hibernate.tool.schema.internal.SchemaDropperImpl.doDrop(SchemaDropperImpl.java:155)
	at org.hibernate.tool.schema.internal.SchemaDropperImpl.doDrop(SchemaDropperImpl.java:115)
	at org.hibernate.tool.schema.spi.SchemaManagementToolCoordinator.performDatabaseAction(SchemaManagementToolCoordinator.java:244)
	at org.hibernate.tool.schema.spi.SchemaManagementToolCoordinator.lambda$process$5(SchemaManagementToolCoordinator.java:145)
	at java.base/java.util.HashMap.forEach(HashMap.java:1421)
	at org.hibernate.tool.schema.spi.SchemaManagementToolCoordinator.process(SchemaManagementToolCoordinator.java:142)
	at org.hibernate.boot.internal.SessionFactoryObserverForSchemaExport.sessionFactoryCreated(SessionFactoryObserverForSchemaExport.java:37)
	at org.hibernate.internal.SessionFactoryObserverChain.sessionFactoryCreated(SessionFactoryObserverChain.java:35)
	at org.hibernate.internal.SessionFactoryImpl.<init>(SessionFactoryImpl.java:315)
	at org.hibernate.boot.internal.SessionFactoryBuilderImpl.build(SessionFactoryBuilderImpl.java:450)
	at org.hibernate.cfg.Configuration.buildSessionFactory(Configuration.java:941)
	at org.hibernate.cfg.Configuration.buildSessionFactory(Configuration.java:960)
	at org.lab2.PetDAOTest.beforeAll(PetDAOTest.java:44)
	at java.base/jdk.internal.reflect.NativeMethodAccessorImpl.invoke0(Native Method)
	at java.base/jdk.internal.reflect.NativeMethodAccessorImpl.invoke(NativeMethodAccessorImpl.java:77)
	at java.base/jdk.internal.reflect.DelegatingMethodAccessorImpl.invoke(DelegatingMethodAccessorImpl.java:43)
	at java.base/java.lang.reflect.Method.invoke(Method.java:568)
	at org.junit.platform.commons.util.ReflectionUtils.invokeMethod(ReflectionUtils.java:775)
	at org.junit.platform.commons.support.ReflectionSupport.invokeMethod(ReflectionSupport.java:479)
	at org.junit.jupiter.engine.execution.MethodInvocation.proceed(MethodInvocation.java:60)
	at org.junit.jupiter.engine.execution.InvocationInterceptorChain$ValidatingInvocation.proceed(InvocationInterceptorChain.java:131)
	at org.junit.jupiter.engine.extension.TimeoutExtension.intercept(TimeoutExtension.java:161)
	at org.junit.jupiter.engine.extension.TimeoutExtension.interceptLifecycleMethod(TimeoutExtension.java:133)
	at org.junit.jupiter.engine.extension.TimeoutExtension.interceptBeforeAllMethod(TimeoutExtension.java:75)
	at org.junit.jupiter.engine.execution.InterceptingExecutableInvoker$ReflectiveInterceptorCall.lambda$ofVoidMethod$0(InterceptingExecutableInvoker.java:112)
	at org.junit.jupiter.engine.execution.InterceptingExecutableInvoker.lambda$invoke$0(InterceptingExecutableInvoker.java:94)
	at org.junit.jupiter.engine.execution.InvocationInterceptorChain$InterceptedInvocation.proceed(InvocationInterceptorChain.java:106)
	at org.junit.jupiter.engine.execution.InvocationInterceptorChain.proceed(InvocationInterceptorChain.java:64)
	at org.junit.jupiter.engine.execution.InvocationInterceptorChain.chainAndInvoke(InvocationInterceptorChain.java:45)
	at org.junit.jupiter.engine.execution.InvocationInterceptorChain.invoke(InvocationInterceptorChain.java:37)
	at org.junit.jupiter.engine.execution.InterceptingExecutableInvoker.invoke(InterceptingExecutableInvoker.java:93)
	at org.junit.jupiter.engine.execution.InterceptingExecutableInvoker.invoke(InterceptingExecutableInvoker.java:87)
	at org.junit.jupiter.engine.descriptor.ClassBasedTestDescriptor.lambda$invokeBeforeAllMethods$13(ClassBasedTestDescriptor.java:417)
	at org.junit.platform.engine.support.hierarchical.ThrowableCollector.execute(ThrowableCollector.java:73)
	at org.junit.jupiter.engine.descriptor.ClassBasedTestDescriptor.invokeBeforeAllMethods(ClassBasedTestDescriptor.java:415)
	at org.junit.jupiter.engine.descriptor.ClassBasedTestDescriptor.before(ClassBasedTestDescriptor.java:216)
	at org.junit.jupiter.engine.descriptor.ClassBasedTestDescriptor.before(ClassBasedTestDescriptor.java:84)
	at org.junit.platform.engine.support.hierarchical.NodeTestTask.lambda$executeRecursively$6(NodeTestTask.java:153)
	at org.junit.platform.engine.support.hierarchical.ThrowableCollector.execute(ThrowableCollector.java:73)
	at org.junit.platform.engine.support.hierarchical.NodeTestTask.lambda$executeRecursively$8(NodeTestTask.java:146)
	at org.junit.platform.engine.support.hierarchical.Node.around(Node.java:137)
	at org.junit.platform.engine.support.hierarchical.NodeTestTask.lambda$executeRecursively$9(NodeTestTask.java:144)
	at org.junit.platform.engine.support.hierarchical.ThrowableCollector.execute(ThrowableCollector.java:73)
	at org.junit.platform.engine.support.hierarchical.NodeTestTask.executeRecursively(NodeTestTask.java:143)
	at org.junit.platform.engine.support.hierarchical.NodeTestTask.execute(NodeTestTask.java:100)
	at java.base/java.util.ArrayList.forEach(ArrayList.java:1511)
	at org.junit.platform.engine.support.hierarchical.SameThreadHierarchicalTestExecutorService.invokeAll(SameThreadHierarchicalTestExecutorService.java:41)
	at org.junit.platform.engine.support.hierarchical.NodeTestTask.lambda$executeRecursively$6(NodeTestTask.java:160)
	at org.junit.platform.engine.support.hierarchical.ThrowableCollector.execute(ThrowableCollector.java:73)
	at org.junit.platform.engine.support.hierarchical.NodeTestTask.lambda$executeRecursively$8(NodeTestTask.java:146)
	at org.junit.platform.engine.support.hierarchical.Node.around(Node.java:137)
	at org.junit.platform.engine.support.hierarchical.NodeTestTask.lambda$executeRecursively$9(NodeTestTask.java:144)
	at org.junit.platform.engine.support.hierarchical.ThrowableCollector.execute(ThrowableCollector.java:73)
	at org.junit.platform.engine.support.hierarchical.NodeTestTask.executeRecursively(NodeTestTask.java:143)
	at org.junit.platform.engine.support.hierarchical.NodeTestTask.execute(NodeTestTask.java:100)
	at org.junit.platform.engine.support.hierarchical.SameThreadHierarchicalTestExecutorService.submit(SameThreadHierarchicalTestExecutorService.java:35)
	at org.junit.platform.engine.support.hierarchical.HierarchicalTestExecutor.execute(HierarchicalTestExecutor.java:57)
	at org.junit.platform.engine.support.hierarchical.HierarchicalTestEngine.execute(HierarchicalTestEngine.java:54)
	at org.junit.platform.launcher.core.EngineExecutionOrchestrator.execute(EngineExecutionOrchestrator.java:201)
	at org.junit.platform.launcher.core.EngineExecutionOrchestrator.execute(EngineExecutionOrchestrator.java:170)
	at org.junit.platform.launcher.core.EngineExecutionOrchestrator.execute(EngineExecutionOrchestrator.java:94)
	at org.junit.platform.launcher.core.EngineExecutionOrchestrator.lambda$execute$0(EngineExecutionOrchestrator.java:59)
	at org.junit.platform.launcher.core.EngineExecutionOrchestrator.withInterceptedStreams(EngineExecutionOrchestrator.java:142)
	at org.junit.platform.launcher.core.EngineExecutionOrchestrator.execute(EngineExecutionOrchestrator.java:58)
	at org.junit.platform.launcher.core.DefaultLauncher.execute(DefaultLauncher.java:103)
	at org.junit.platform.launcher.core.DefaultLauncher.execute(DefaultLauncher.java:85)
	at org.junit.platform.launcher.core.DelegatingLauncher.execute(DelegatingLauncher.java:47)
	at org.junit.platform.launcher.core.InterceptingLauncher.lambda$execute$1(InterceptingLauncher.java:39)
	at org.junit.platform.launcher.core.ClasspathAlignmentCheckingLauncherInterceptor.intercept(ClasspathAlignmentCheckingLauncherInterceptor.java:25)
	at org.junit.platform.launcher.core.InterceptingLauncher.execute(InterceptingLauncher.java:38)
	at org.junit.platform.launcher.core.DelegatingLauncher.execute(DelegatingLauncher.java:47)
	at org.apache.maven.surefire.junitplatform.LazyLauncher.execute(LazyLauncher.java:56)
	at org.apache.maven.surefire.junitplatform.JUnitPlatformProvider.execute(JUnitPlatformProvider.java:184)
	at org.apache.maven.surefire.junitplatform.JUnitPlatformProvider.invokeAllTests(JUnitPlatformProvider.java:148)
	at org.apache.maven.surefire.junitplatform.JUnitPlatformProvider.invoke(JUnitPlatformProvider.java:122)
	at org.apache.maven.surefire.booter.ForkedBooter.runSuitesInProcess(ForkedBooter.java:385)
	at org.apache.maven.surefire.booter.ForkedBooter.execute(ForkedBooter.java:162)
	at org.apache.maven.surefire.booter.ForkedBooter.run(ForkedBooter.java:507)
	at org.apache.maven.surefire.booter.ForkedBooter.main(ForkedBooter.java:495)
21:10:41.767 [main] WARN org.hibernate.engine.jdbc.spi.SqlExceptionHelper -- SQL Warning Code: 0, SQLState: 00000
21:10:41.767 [main] WARN org.hibernate.engine.jdbc.spi.SqlExceptionHelper -- relation "pet_friends" does not exist, skipping
21:10:41.767 [main] DEBUG org.hibernate.SQL -- alter table if exists pet_friends drop constraint if exists FKjgr10w16u32u1cuvdhqt28ud9
21:10:41.769 [main] DEBUG org.hibernate.engine.jdbc.spi.SqlExceptionHelper -- SQL Warning
org.postgresql.util.PSQLWarning: relation "pet_friends" does not exist, skipping
	at org.postgresql.core.v3.QueryExecutorImpl.receiveNoticeResponse(QueryExecutorImpl.java:2732)
	at org.postgresql.core.v3.QueryExecutorImpl.processResults(QueryExecutorImpl.java:2431)
	at org.postgresql.core.v3.QueryExecutorImpl.execute(QueryExecutorImpl.java:368)
	at org.postgresql.jdbc.PgStatement.executeInternal(PgStatement.java:498)
	at org.postgresql.jdbc.PgStatement.execute(PgStatement.java:415)
	at org.postgresql.jdbc.PgStatement.executeWithFlags(PgStatement.java:335)
	at org.postgresql.jdbc.PgStatement.executeCachedSql(PgStatement.java:321)
	at org.postgresql.jdbc.PgStatement.executeWithFlags(PgStatement.java:297)
	at org.postgresql.jdbc.PgStatement.execute(PgStatement.java:292)
	at org.hibernate.tool.schema.internal.exec.GenerationTargetToDatabase.accept(GenerationTargetToDatabase.java:80)
	at org.hibernate.tool.schema.internal.Helper.applySqlString(Helper.java:233)
	at org.hibernate.tool.schema.internal.Helper.applySqlStrings(Helper.java:217)
	at org.hibernate.tool.schema.internal.SchemaDropperImpl.applyConstraintDropping(SchemaDropperImpl.java:470)
	at org.hibernate.tool.schema.internal.SchemaDropperImpl.dropConstraintsTablesSequences(SchemaDropperImpl.java:242)
	at org.hibernate.tool.schema.internal.SchemaDropperImpl.dropFromMetadata(SchemaDropperImpl.java:215)
	at org.hibernate.tool.schema.internal.SchemaDropperImpl.performDrop(SchemaDropperImpl.java:185)
	at org.hibernate.tool.schema.internal.SchemaDropperImpl.doDrop(SchemaDropperImpl.java:155)
	at org.hibernate.tool.schema.internal.SchemaDropperImpl.doDrop(SchemaDropperImpl.java:115)
	at org.hibernate.tool.schema.spi.SchemaManagementToolCoordinator.performDatabaseAction(SchemaManagementToolCoordinator.java:244)
	at org.hibernate.tool.schema.spi.SchemaManagementToolCoordinator.lambda$process$5(SchemaManagementToolCoordinator.java:145)
	at java.base/java.util.HashMap.forEach(HashMap.java:1421)
	at org.hibernate.tool.schema.spi.SchemaManagementToolCoordinator.process(SchemaManagementToolCoordinator.java:142)
	at org.hibernate.boot.internal.SessionFactoryObserverForSchemaExport.sessionFactoryCreated(SessionFactoryObserverForSchemaExport.java:37)
	at org.hibernate.internal.SessionFactoryObserverChain.sessionFactoryCreated(SessionFactoryObserverChain.java:35)
	at org.hibernate.internal.SessionFactoryImpl.<init>(SessionFactoryImpl.java:315)
	at org.hibernate.boot.internal.SessionFactoryBuilderImpl.build(SessionFactoryBuilderImpl.java:450)
	at org.hibernate.cfg.Configuration.buildSessionFactory(Configuration.java:941)
	at org.hibernate.cfg.Configuration.buildSessionFactory(Configuration.java:960)
	at org.lab2.PetDAOTest.beforeAll(PetDAOTest.java:44)
	at java.base/jdk.internal.reflect.NativeMethodAccessorImpl.invoke0(Native Method)
	at java.base/jdk.internal.reflect.NativeMethodAccessorImpl.invoke(NativeMethodAccessorImpl.java:77)
	at java.base/jdk.internal.reflect.DelegatingMethodAccessorImpl.invoke(DelegatingMethodAccessorImpl.java:43)
	at java.base/java.lang.reflect.Method.invoke(Method.java:568)
	at org.junit.platform.commons.util.ReflectionUtils.invokeMethod(ReflectionUtils.java:775)
	at org.junit.platform.commons.support.ReflectionSupport.invokeMethod(ReflectionSupport.java:479)
	at org.junit.jupiter.engine.execution.MethodInvocation.proceed(MethodInvocation.java:60)
	at org.junit.jupiter.engine.execution.InvocationInterceptorChain$ValidatingInvocation.proceed(InvocationInterceptorChain.java:131)
	at org.junit.jupiter.engine.extension.TimeoutExtension.intercept(TimeoutExtension.java:161)
	at org.junit.jupiter.engine.extension.TimeoutExtension.interceptLifecycleMethod(TimeoutExtension.java:133)
	at org.junit.jupiter.engine.extension.TimeoutExtension.interceptBeforeAllMethod(TimeoutExtension.java:75)
	at org.junit.jupiter.engine.execution.InterceptingExecutableInvoker$ReflectiveInterceptorCall.lambda$ofVoidMethod$0(InterceptingExecutableInvoker.java:112)
	at org.junit.jupiter.engine.execution.InterceptingExecutableInvoker.lambda$invoke$0(InterceptingExecutableInvoker.java:94)
	at org.junit.jupiter.engine.execution.InvocationInterceptorChain$InterceptedInvocation.proceed(InvocationInterceptorChain.java:106)
	at org.junit.jupiter.engine.execution.InvocationInterceptorChain.proceed(InvocationInterceptorChain.java:64)
	at org.junit.jupiter.engine.execution.InvocationInterceptorChain.chainAndInvoke(InvocationInterceptorChain.java:45)
	at org.junit.jupiter.engine.execution.InvocationInterceptorChain.invoke(InvocationInterceptorChain.java:37)
	at org.junit.jupiter.engine.execution.InterceptingExecutableInvoker.invoke(InterceptingExecutableInvoker.java:93)
	at org.junit.jupiter.engine.execution.InterceptingExecutableInvoker.invoke(InterceptingExecutableInvoker.java:87)
	at org.junit.jupiter.engine.descriptor.ClassBasedTestDescriptor.lambda$invokeBeforeAllMethods$13(ClassBasedTestDescriptor.java:417)
	at org.junit.platform.engine.support.hierarchical.ThrowableCollector.execute(ThrowableCollector.java:73)
	at org.junit.jupiter.engine.descriptor.ClassBasedTestDescriptor.invokeBeforeAllMethods(ClassBasedTestDescriptor.java:415)
	at org.junit.jupiter.engine.descriptor.ClassBasedTestDescriptor.before(ClassBasedTestDescriptor.java:216)
	at org.junit.jupiter.engine.descriptor.ClassBasedTestDescriptor.before(ClassBasedTestDescriptor.java:84)
	at org.junit.platform.engine.support.hierarchical.NodeTestTask.lambda$executeRecursively$6(NodeTestTask.java:153)
	at org.junit.platform.engine.support.hierarchical.ThrowableCollector.execute(ThrowableCollector.java:73)
	at org.junit.platform.engine.support.hierarchical.NodeTestTask.lambda$executeRecursively$8(NodeTestTask.java:146)
	at org.junit.platform.engine.support.hierarchical.Node.around(Node.java:137)
	at org.junit.platform.engine.support.hierarchical.NodeTestTask.lambda$executeRecursively$9(NodeTestTask.java:144)
	at org.junit.platform.engine.support.hierarchical.ThrowableCollector.execute(ThrowableCollector.java:73)
	at org.junit.platform.engine.support.hierarchical.NodeTestTask.executeRecursively(NodeTestTask.java:143)
	at org.junit.platform.engine.support.hierarchical.NodeTestTask.execute(NodeTestTask.java:100)
	at java.base/java.util.ArrayList.forEach(ArrayList.java:1511)
	at org.junit.platform.engine.support.hierarchical.SameThreadHierarchicalTestExecutorService.invokeAll(SameThreadHierarchicalTestExecutorService.java:41)
	at org.junit.platform.engine.support.hierarchical.NodeTestTask.lambda$executeRecursively$6(NodeTestTask.java:160)
	at org.junit.platform.engine.support.hierarchical.ThrowableCollector.execute(ThrowableCollector.java:73)
	at org.junit.platform.engine.support.hierarchical.NodeTestTask.lambda$executeRecursively$8(NodeTestTask.java:146)
	at org.junit.platform.engine.support.hierarchical.Node.around(Node.java:137)
	at org.junit.platform.engine.support.hierarchical.NodeTestTask.lambda$executeRecursively$9(NodeTestTask.java:144)
	at org.junit.platform.engine.support.hierarchical.ThrowableCollector.execute(ThrowableCollector.java:73)
	at org.junit.platform.engine.support.hierarchical.NodeTestTask.executeRecursively(NodeTestTask.java:143)
	at org.junit.platform.engine.support.hierarchical.NodeTestTask.execute(NodeTestTask.java:100)
	at org.junit.platform.engine.support.hierarchical.SameThreadHierarchicalTestExecutorService.submit(SameThreadHierarchicalTestExecutorService.java:35)
	at org.junit.platform.engine.support.hierarchical.HierarchicalTestExecutor.execute(HierarchicalTestExecutor.java:57)
	at org.junit.platform.engine.support.hierarchical.HierarchicalTestEngine.execute(HierarchicalTestEngine.java:54)
	at org.junit.platform.launcher.core.EngineExecutionOrchestrator.execute(EngineExecutionOrchestrator.java:201)
	at org.junit.platform.launcher.core.EngineExecutionOrchestrator.execute(EngineExecutionOrchestrator.java:170)
	at org.junit.platform.launcher.core.EngineExecutionOrchestrator.execute(EngineExecutionOrchestrator.java:94)
	at org.junit.platform.launcher.core.EngineExecutionOrchestrator.lambda$execute$0(EngineExecutionOrchestrator.java:59)
	at org.junit.platform.launcher.core.EngineExecutionOrchestrator.withInterceptedStreams(EngineExecutionOrchestrator.java:142)
	at org.junit.platform.launcher.core.EngineExecutionOrchestrator.execute(EngineExecutionOrchestrator.java:58)
	at org.junit.platform.launcher.core.DefaultLauncher.execute(DefaultLauncher.java:103)
	at org.junit.platform.launcher.core.DefaultLauncher.execute(DefaultLauncher.java:85)
	at org.junit.platform.launcher.core.DelegatingLauncher.execute(DelegatingLauncher.java:47)
	at org.junit.platform.launcher.core.InterceptingLauncher.lambda$execute$1(InterceptingLauncher.java:39)
	at org.junit.platform.launcher.core.ClasspathAlignmentCheckingLauncherInterceptor.intercept(ClasspathAlignmentCheckingLauncherInterceptor.java:25)
	at org.junit.platform.launcher.core.InterceptingLauncher.execute(InterceptingLauncher.java:38)
	at org.junit.platform.launcher.core.DelegatingLauncher.execute(DelegatingLauncher.java:47)
	at org.apache.maven.surefire.junitplatform.LazyLauncher.execute(LazyLauncher.java:56)
	at org.apache.maven.surefire.junitplatform.JUnitPlatformProvider.execute(JUnitPlatformProvider.java:184)
	at org.apache.maven.surefire.junitplatform.JUnitPlatformProvider.invokeAllTests(JUnitPlatformProvider.java:148)
	at org.apache.maven.surefire.junitplatform.JUnitPlatformProvider.invoke(JUnitPlatformProvider.java:122)
	at org.apache.maven.surefire.booter.ForkedBooter.runSuitesInProcess(ForkedBooter.java:385)
	at org.apache.maven.surefire.booter.ForkedBooter.execute(ForkedBooter.java:162)
	at org.apache.maven.surefire.booter.ForkedBooter.run(ForkedBooter.java:507)
	at org.apache.maven.surefire.booter.ForkedBooter.main(ForkedBooter.java:495)
21:10:41.769 [main] WARN org.hibernate.engine.jdbc.spi.SqlExceptionHelper -- SQL Warning Code: 0, SQLState: 00000
21:10:41.769 [main] WARN org.hibernate.engine.jdbc.spi.SqlExceptionHelper -- relation "pet_friends" does not exist, skipping
21:10:41.769 [main] DEBUG org.hibernate.SQL -- alter table if exists pets drop constraint if exists FK6teg4kcjcnjhduguft56wcfoa
21:10:41.771 [main] DEBUG org.hibernate.engine.jdbc.spi.SqlExceptionHelper -- SQL Warning
org.postgresql.util.PSQLWarning: relation "pets" does not exist, skipping
	at org.postgresql.core.v3.QueryExecutorImpl.receiveNoticeResponse(QueryExecutorImpl.java:2732)
	at org.postgresql.core.v3.QueryExecutorImpl.processResults(QueryExecutorImpl.java:2431)
	at org.postgresql.core.v3.QueryExecutorImpl.execute(QueryExecutorImpl.java:368)
	at org.postgresql.jdbc.PgStatement.executeInternal(PgStatement.java:498)
	at org.postgresql.jdbc.PgStatement.execute(PgStatement.java:415)
	at org.postgresql.jdbc.PgStatement.executeWithFlags(PgStatement.java:335)
	at org.postgresql.jdbc.PgStatement.executeCachedSql(PgStatement.java:321)
	at org.postgresql.jdbc.PgStatement.executeWithFlags(PgStatement.java:297)
	at org.postgresql.jdbc.PgStatement.execute(PgStatement.java:292)
	at org.hibernate.tool.schema.internal.exec.GenerationTargetToDatabase.accept(GenerationTargetToDatabase.java:80)
	at org.hibernate.tool.schema.internal.Helper.applySqlString(Helper.java:233)
	at org.hibernate.tool.schema.internal.Helper.applySqlStrings(Helper.java:217)
	at org.hibernate.tool.schema.internal.SchemaDropperImpl.applyConstraintDropping(SchemaDropperImpl.java:470)
	at org.hibernate.tool.schema.internal.SchemaDropperImpl.dropConstraintsTablesSequences(SchemaDropperImpl.java:242)
	at org.hibernate.tool.schema.internal.SchemaDropperImpl.dropFromMetadata(SchemaDropperImpl.java:215)
	at org.hibernate.tool.schema.internal.SchemaDropperImpl.performDrop(SchemaDropperImpl.java:185)
	at org.hibernate.tool.schema.internal.SchemaDropperImpl.doDrop(SchemaDropperImpl.java:155)
	at org.hibernate.tool.schema.internal.SchemaDropperImpl.doDrop(SchemaDropperImpl.java:115)
	at org.hibernate.tool.schema.spi.SchemaManagementToolCoordinator.performDatabaseAction(SchemaManagementToolCoordinator.java:244)
	at org.hibernate.tool.schema.spi.SchemaManagementToolCoordinator.lambda$process$5(SchemaManagementToolCoordinator.java:145)
	at java.base/java.util.HashMap.forEach(HashMap.java:1421)
	at org.hibernate.tool.schema.spi.SchemaManagementToolCoordinator.process(SchemaManagementToolCoordinator.java:142)
	at org.hibernate.boot.internal.SessionFactoryObserverForSchemaExport.sessionFactoryCreated(SessionFactoryObserverForSchemaExport.java:37)
	at org.hibernate.internal.SessionFactoryObserverChain.sessionFactoryCreated(SessionFactoryObserverChain.java:35)
	at org.hibernate.internal.SessionFactoryImpl.<init>(SessionFactoryImpl.java:315)
	at org.hibernate.boot.internal.SessionFactoryBuilderImpl.build(SessionFactoryBuilderImpl.java:450)
	at org.hibernate.cfg.Configuration.buildSessionFactory(Configuration.java:941)
	at org.hibernate.cfg.Configuration.buildSessionFactory(Configuration.java:960)
	at org.lab2.PetDAOTest.beforeAll(PetDAOTest.java:44)
	at java.base/jdk.internal.reflect.NativeMethodAccessorImpl.invoke0(Native Method)
	at java.base/jdk.internal.reflect.NativeMethodAccessorImpl.invoke(NativeMethodAccessorImpl.java:77)
	at java.base/jdk.internal.reflect.DelegatingMethodAccessorImpl.invoke(DelegatingMethodAccessorImpl.java:43)
	at java.base/java.lang.reflect.Method.invoke(Method.java:568)
	at org.junit.platform.commons.util.ReflectionUtils.invokeMethod(ReflectionUtils.java:775)
	at org.junit.platform.commons.support.ReflectionSupport.invokeMethod(ReflectionSupport.java:479)
	at org.junit.jupiter.engine.execution.MethodInvocation.proceed(MethodInvocation.java:60)
	at org.junit.jupiter.engine.execution.InvocationInterceptorChain$ValidatingInvocation.proceed(InvocationInterceptorChain.java:131)
	at org.junit.jupiter.engine.extension.TimeoutExtension.intercept(TimeoutExtension.java:161)
	at org.junit.jupiter.engine.extension.TimeoutExtension.interceptLifecycleMethod(TimeoutExtension.java:133)
	at org.junit.jupiter.engine.extension.TimeoutExtension.interceptBeforeAllMethod(TimeoutExtension.java:75)
	at org.junit.jupiter.engine.execution.InterceptingExecutableInvoker$ReflectiveInterceptorCall.lambda$ofVoidMethod$0(InterceptingExecutableInvoker.java:112)
	at org.junit.jupiter.engine.execution.InterceptingExecutableInvoker.lambda$invoke$0(InterceptingExecutableInvoker.java:94)
	at org.junit.jupiter.engine.execution.InvocationInterceptorChain$InterceptedInvocation.proceed(InvocationInterceptorChain.java:106)
	at org.junit.jupiter.engine.execution.InvocationInterceptorChain.proceed(InvocationInterceptorChain.java:64)
	at org.junit.jupiter.engine.execution.InvocationInterceptorChain.chainAndInvoke(InvocationInterceptorChain.java:45)
	at org.junit.jupiter.engine.execution.InvocationInterceptorChain.invoke(InvocationInterceptorChain.java:37)
	at org.junit.jupiter.engine.execution.InterceptingExecutableInvoker.invoke(InterceptingExecutableInvoker.java:93)
	at org.junit.jupiter.engine.execution.InterceptingExecutableInvoker.invoke(InterceptingExecutableInvoker.java:87)
	at org.junit.jupiter.engine.descriptor.ClassBasedTestDescriptor.lambda$invokeBeforeAllMethods$13(ClassBasedTestDescriptor.java:417)
	at org.junit.platform.engine.support.hierarchical.ThrowableCollector.execute(ThrowableCollector.java:73)
	at org.junit.jupiter.engine.descriptor.ClassBasedTestDescriptor.invokeBeforeAllMethods(ClassBasedTestDescriptor.java:415)
	at org.junit.jupiter.engine.descriptor.ClassBasedTestDescriptor.before(ClassBasedTestDescriptor.java:216)
	at org.junit.jupiter.engine.descriptor.ClassBasedTestDescriptor.before(ClassBasedTestDescriptor.java:84)
	at org.junit.platform.engine.support.hierarchical.NodeTestTask.lambda$executeRecursively$6(NodeTestTask.java:153)
	at org.junit.platform.engine.support.hierarchical.ThrowableCollector.execute(ThrowableCollector.java:73)
	at org.junit.platform.engine.support.hierarchical.NodeTestTask.lambda$executeRecursively$8(NodeTestTask.java:146)
	at org.junit.platform.engine.support.hierarchical.Node.around(Node.java:137)
	at org.junit.platform.engine.support.hierarchical.NodeTestTask.lambda$executeRecursively$9(NodeTestTask.java:144)
	at org.junit.platform.engine.support.hierarchical.ThrowableCollector.execute(ThrowableCollector.java:73)
	at org.junit.platform.engine.support.hierarchical.NodeTestTask.executeRecursively(NodeTestTask.java:143)
	at org.junit.platform.engine.support.hierarchical.NodeTestTask.execute(NodeTestTask.java:100)
	at java.base/java.util.ArrayList.forEach(ArrayList.java:1511)
	at org.junit.platform.engine.support.hierarchical.SameThreadHierarchicalTestExecutorService.invokeAll(SameThreadHierarchicalTestExecutorService.java:41)
	at org.junit.platform.engine.support.hierarchical.NodeTestTask.lambda$executeRecursively$6(NodeTestTask.java:160)
	at org.junit.platform.engine.support.hierarchical.ThrowableCollector.execute(ThrowableCollector.java:73)
	at org.junit.platform.engine.support.hierarchical.NodeTestTask.lambda$executeRecursively$8(NodeTestTask.java:146)
	at org.junit.platform.engine.support.hierarchical.Node.around(Node.java:137)
	at org.junit.platform.engine.support.hierarchical.NodeTestTask.lambda$executeRecursively$9(NodeTestTask.java:144)
	at org.junit.platform.engine.support.hierarchical.ThrowableCollector.execute(ThrowableCollector.java:73)
	at org.junit.platform.engine.support.hierarchical.NodeTestTask.executeRecursively(NodeTestTask.java:143)
	at org.junit.platform.engine.support.hierarchical.NodeTestTask.execute(NodeTestTask.java:100)
	at org.junit.platform.engine.support.hierarchical.SameThreadHierarchicalTestExecutorService.submit(SameThreadHierarchicalTestExecutorService.java:35)
	at org.junit.platform.engine.support.hierarchical.HierarchicalTestExecutor.execute(HierarchicalTestExecutor.java:57)
	at org.junit.platform.engine.support.hierarchical.HierarchicalTestEngine.execute(HierarchicalTestEngine.java:54)
	at org.junit.platform.launcher.core.EngineExecutionOrchestrator.execute(EngineExecutionOrchestrator.java:201)
	at org.junit.platform.launcher.core.EngineExecutionOrchestrator.execute(EngineExecutionOrchestrator.java:170)
	at org.junit.platform.launcher.core.EngineExecutionOrchestrator.execute(EngineExecutionOrchestrator.java:94)
	at org.junit.platform.launcher.core.EngineExecutionOrchestrator.lambda$execute$0(EngineExecutionOrchestrator.java:59)
	at org.junit.platform.launcher.core.EngineExecutionOrchestrator.withInterceptedStreams(EngineExecutionOrchestrator.java:142)
	at org.junit.platform.launcher.core.EngineExecutionOrchestrator.execute(EngineExecutionOrchestrator.java:58)
	at org.junit.platform.launcher.core.DefaultLauncher.execute(DefaultLauncher.java:103)
	at org.junit.platform.launcher.core.DefaultLauncher.execute(DefaultLauncher.java:85)
	at org.junit.platform.launcher.core.DelegatingLauncher.execute(DelegatingLauncher.java:47)
	at org.junit.platform.launcher.core.InterceptingLauncher.lambda$execute$1(InterceptingLauncher.java:39)
	at org.junit.platform.launcher.core.ClasspathAlignmentCheckingLauncherInterceptor.intercept(ClasspathAlignmentCheckingLauncherInterceptor.java:25)
	at org.junit.platform.launcher.core.InterceptingLauncher.execute(InterceptingLauncher.java:38)
	at org.junit.platform.launcher.core.DelegatingLauncher.execute(DelegatingLauncher.java:47)
	at org.apache.maven.surefire.junitplatform.LazyLauncher.execute(LazyLauncher.java:56)
	at org.apache.maven.surefire.junitplatform.JUnitPlatformProvider.execute(JUnitPlatformProvider.java:184)
	at org.apache.maven.surefire.junitplatform.JUnitPlatformProvider.invokeAllTests(JUnitPlatformProvider.java:148)
	at org.apache.maven.surefire.junitplatform.JUnitPlatformProvider.invoke(JUnitPlatformProvider.java:122)
	at org.apache.maven.surefire.booter.ForkedBooter.runSuitesInProcess(ForkedBooter.java:385)
	at org.apache.maven.surefire.booter.ForkedBooter.execute(ForkedBooter.java:162)
	at org.apache.maven.surefire.booter.ForkedBooter.run(ForkedBooter.java:507)
	at org.apache.maven.surefire.booter.ForkedBooter.main(ForkedBooter.java:495)
21:10:41.771 [main] WARN org.hibernate.engine.jdbc.spi.SqlExceptionHelper -- SQL Warning Code: 0, SQLState: 00000
21:10:41.771 [main] WARN org.hibernate.engine.jdbc.spi.SqlExceptionHelper -- relation "pets" does not exist, skipping
21:10:41.771 [main] DEBUG org.hibernate.SQL -- drop table if exists owners cascade
21:10:41.772 [main] DEBUG org.hibernate.engine.jdbc.spi.SqlExceptionHelper -- SQL Warning
org.postgresql.util.PSQLWarning: table "owners" does not exist, skipping
	at org.postgresql.core.v3.QueryExecutorImpl.receiveNoticeResponse(QueryExecutorImpl.java:2732)
	at org.postgresql.core.v3.QueryExecutorImpl.processResults(QueryExecutorImpl.java:2431)
	at org.postgresql.core.v3.QueryExecutorImpl.execute(QueryExecutorImpl.java:368)
	at org.postgresql.jdbc.PgStatement.executeInternal(PgStatement.java:498)
	at org.postgresql.jdbc.PgStatement.execute(PgStatement.java:415)
	at org.postgresql.jdbc.PgStatement.executeWithFlags(PgStatement.java:335)
	at org.postgresql.jdbc.PgStatement.executeCachedSql(PgStatement.java:321)
	at org.postgresql.jdbc.PgStatement.executeWithFlags(PgStatement.java:297)
	at org.postgresql.jdbc.PgStatement.execute(PgStatement.java:292)
	at org.hibernate.tool.schema.internal.exec.GenerationTargetToDatabase.accept(GenerationTargetToDatabase.java:80)
	at org.hibernate.tool.schema.internal.Helper.applySqlString(Helper.java:233)
	at org.hibernate.tool.schema.internal.Helper.applySqlStrings(Helper.java:217)
	at org.hibernate.tool.schema.internal.SchemaDropperImpl.dropTables(SchemaDropperImpl.java:377)
	at org.hibernate.tool.schema.internal.SchemaDropperImpl.dropConstraintsTablesSequences(SchemaDropperImpl.java:253)
	at org.hibernate.tool.schema.internal.SchemaDropperImpl.dropFromMetadata(SchemaDropperImpl.java:215)
	at org.hibernate.tool.schema.internal.SchemaDropperImpl.performDrop(SchemaDropperImpl.java:185)
	at org.hibernate.tool.schema.internal.SchemaDropperImpl.doDrop(SchemaDropperImpl.java:155)
	at org.hibernate.tool.schema.internal.SchemaDropperImpl.doDrop(SchemaDropperImpl.java:115)
	at org.hibernate.tool.schema.spi.SchemaManagementToolCoordinator.performDatabaseAction(SchemaManagementToolCoordinator.java:244)
	at org.hibernate.tool.schema.spi.SchemaManagementToolCoordinator.lambda$process$5(SchemaManagementToolCoordinator.java:145)
	at java.base/java.util.HashMap.forEach(HashMap.java:1421)
	at org.hibernate.tool.schema.spi.SchemaManagementToolCoordinator.process(SchemaManagementToolCoordinator.java:142)
	at org.hibernate.boot.internal.SessionFactoryObserverForSchemaExport.sessionFactoryCreated(SessionFactoryObserverForSchemaExport.java:37)
	at org.hibernate.internal.SessionFactoryObserverChain.sessionFactoryCreated(SessionFactoryObserverChain.java:35)
	at org.hibernate.internal.SessionFactoryImpl.<init>(SessionFactoryImpl.java:315)
	at org.hibernate.boot.internal.SessionFactoryBuilderImpl.build(SessionFactoryBuilderImpl.java:450)
	at org.hibernate.cfg.Configuration.buildSessionFactory(Configuration.java:941)
	at org.hibernate.cfg.Configuration.buildSessionFactory(Configuration.java:960)
	at org.lab2.PetDAOTest.beforeAll(PetDAOTest.java:44)
	at java.base/jdk.internal.reflect.NativeMethodAccessorImpl.invoke0(Native Method)
	at java.base/jdk.internal.reflect.NativeMethodAccessorImpl.invoke(NativeMethodAccessorImpl.java:77)
	at java.base/jdk.internal.reflect.DelegatingMethodAccessorImpl.invoke(DelegatingMethodAccessorImpl.java:43)
	at java.base/java.lang.reflect.Method.invoke(Method.java:568)
	at org.junit.platform.commons.util.ReflectionUtils.invokeMethod(ReflectionUtils.java:775)
	at org.junit.platform.commons.support.ReflectionSupport.invokeMethod(ReflectionSupport.java:479)
	at org.junit.jupiter.engine.execution.MethodInvocation.proceed(MethodInvocation.java:60)
	at org.junit.jupiter.engine.execution.InvocationInterceptorChain$ValidatingInvocation.proceed(InvocationInterceptorChain.java:131)
	at org.junit.jupiter.engine.extension.TimeoutExtension.intercept(TimeoutExtension.java:161)
	at org.junit.jupiter.engine.extension.TimeoutExtension.interceptLifecycleMethod(TimeoutExtension.java:133)
	at org.junit.jupiter.engine.extension.TimeoutExtension.interceptBeforeAllMethod(TimeoutExtension.java:75)
	at org.junit.jupiter.engine.execution.InterceptingExecutableInvoker$ReflectiveInterceptorCall.lambda$ofVoidMethod$0(InterceptingExecutableInvoker.java:112)
	at org.junit.jupiter.engine.execution.InterceptingExecutableInvoker.lambda$invoke$0(InterceptingExecutableInvoker.java:94)
	at org.junit.jupiter.engine.execution.InvocationInterceptorChain$InterceptedInvocation.proceed(InvocationInterceptorChain.java:106)
	at org.junit.jupiter.engine.execution.InvocationInterceptorChain.proceed(InvocationInterceptorChain.java:64)
	at org.junit.jupiter.engine.execution.InvocationInterceptorChain.chainAndInvoke(InvocationInterceptorChain.java:45)
	at org.junit.jupiter.engine.execution.InvocationInterceptorChain.invoke(InvocationInterceptorChain.java:37)
	at org.junit.jupiter.engine.execution.InterceptingExecutableInvoker.invoke(InterceptingExecutableInvoker.java:93)
	at org.junit.jupiter.engine.execution.InterceptingExecutableInvoker.invoke(InterceptingExecutableInvoker.java:87)
	at org.junit.jupiter.engine.descriptor.ClassBasedTestDescriptor.lambda$invokeBeforeAllMethods$13(ClassBasedTestDescriptor.java:417)
	at org.junit.platform.engine.support.hierarchical.ThrowableCollector.execute(ThrowableCollector.java:73)
	at org.junit.jupiter.engine.descriptor.ClassBasedTestDescriptor.invokeBeforeAllMethods(ClassBasedTestDescriptor.java:415)
	at org.junit.jupiter.engine.descriptor.ClassBasedTestDescriptor.before(ClassBasedTestDescriptor.java:216)
	at org.junit.jupiter.engine.descriptor.ClassBasedTestDescriptor.before(ClassBasedTestDescriptor.java:84)
	at org.junit.platform.engine.support.hierarchical.NodeTestTask.lambda$executeRecursively$6(NodeTestTask.java:153)
	at org.junit.platform.engine.support.hierarchical.ThrowableCollector.execute(ThrowableCollector.java:73)
	at org.junit.platform.engine.support.hierarchical.NodeTestTask.lambda$executeRecursively$8(NodeTestTask.java:146)
	at org.junit.platform.engine.support.hierarchical.Node.around(Node.java:137)
	at org.junit.platform.engine.support.hierarchical.NodeTestTask.lambda$executeRecursively$9(NodeTestTask.java:144)
	at org.junit.platform.engine.support.hierarchical.ThrowableCollector.execute(ThrowableCollector.java:73)
	at org.junit.platform.engine.support.hierarchical.NodeTestTask.executeRecursively(NodeTestTask.java:143)
	at org.junit.platform.engine.support.hierarchical.NodeTestTask.execute(NodeTestTask.java:100)
	at java.base/java.util.ArrayList.forEach(ArrayList.java:1511)
	at org.junit.platform.engine.support.hierarchical.SameThreadHierarchicalTestExecutorService.invokeAll(SameThreadHierarchicalTestExecutorService.java:41)
	at org.junit.platform.engine.support.hierarchical.NodeTestTask.lambda$executeRecursively$6(NodeTestTask.java:160)
	at org.junit.platform.engine.support.hierarchical.ThrowableCollector.execute(ThrowableCollector.java:73)
	at org.junit.platform.engine.support.hierarchical.NodeTestTask.lambda$executeRecursively$8(NodeTestTask.java:146)
	at org.junit.platform.engine.support.hierarchical.Node.around(Node.java:137)
	at org.junit.platform.engine.support.hierarchical.NodeTestTask.lambda$executeRecursively$9(NodeTestTask.java:144)
	at org.junit.platform.engine.support.hierarchical.ThrowableCollector.execute(ThrowableCollector.java:73)
	at org.junit.platform.engine.support.hierarchical.NodeTestTask.executeRecursively(NodeTestTask.java:143)
	at org.junit.platform.engine.support.hierarchical.NodeTestTask.execute(NodeTestTask.java:100)
	at org.junit.platform.engine.support.hierarchical.SameThreadHierarchicalTestExecutorService.submit(SameThreadHierarchicalTestExecutorService.java:35)
	at org.junit.platform.engine.support.hierarchical.HierarchicalTestExecutor.execute(HierarchicalTestExecutor.java:57)
	at org.junit.platform.engine.support.hierarchical.HierarchicalTestEngine.execute(HierarchicalTestEngine.java:54)
	at org.junit.platform.launcher.core.EngineExecutionOrchestrator.execute(EngineExecutionOrchestrator.java:201)
	at org.junit.platform.launcher.core.EngineExecutionOrchestrator.execute(EngineExecutionOrchestrator.java:170)
	at org.junit.platform.launcher.core.EngineExecutionOrchestrator.execute(EngineExecutionOrchestrator.java:94)
	at org.junit.platform.launcher.core.EngineExecutionOrchestrator.lambda$execute$0(EngineExecutionOrchestrator.java:59)
	at org.junit.platform.launcher.core.EngineExecutionOrchestrator.withInterceptedStreams(EngineExecutionOrchestrator.java:142)
	at org.junit.platform.launcher.core.EngineExecutionOrchestrator.execute(EngineExecutionOrchestrator.java:58)
	at org.junit.platform.launcher.core.DefaultLauncher.execute(DefaultLauncher.java:103)
	at org.junit.platform.launcher.core.DefaultLauncher.execute(DefaultLauncher.java:85)
	at org.junit.platform.launcher.core.DelegatingLauncher.execute(DelegatingLauncher.java:47)
	at org.junit.platform.launcher.core.InterceptingLauncher.lambda$execute$1(InterceptingLauncher.java:39)
	at org.junit.platform.launcher.core.ClasspathAlignmentCheckingLauncherInterceptor.intercept(ClasspathAlignmentCheckingLauncherInterceptor.java:25)
	at org.junit.platform.launcher.core.InterceptingLauncher.execute(InterceptingLauncher.java:38)
	at org.junit.platform.launcher.core.DelegatingLauncher.execute(DelegatingLauncher.java:47)
	at org.apache.maven.surefire.junitplatform.LazyLauncher.execute(LazyLauncher.java:56)
	at org.apache.maven.surefire.junitplatform.JUnitPlatformProvider.execute(JUnitPlatformProvider.java:184)
	at org.apache.maven.surefire.junitplatform.JUnitPlatformProvider.invokeAllTests(JUnitPlatformProvider.java:148)
	at org.apache.maven.surefire.junitplatform.JUnitPlatformProvider.invoke(JUnitPlatformProvider.java:122)
	at org.apache.maven.surefire.booter.ForkedBooter.runSuitesInProcess(ForkedBooter.java:385)
	at org.apache.maven.surefire.booter.ForkedBooter.execute(ForkedBooter.java:162)
	at org.apache.maven.surefire.booter.ForkedBooter.run(ForkedBooter.java:507)
	at org.apache.maven.surefire.booter.ForkedBooter.main(ForkedBooter.java:495)
21:10:41.773 [main] WARN org.hibernate.engine.jdbc.spi.SqlExceptionHelper -- SQL Warning Code: 0, SQLState: 00000
21:10:41.773 [main] WARN org.hibernate.engine.jdbc.spi.SqlExceptionHelper -- table "owners" does not exist, skipping
21:10:41.773 [main] DEBUG org.hibernate.SQL -- drop table if exists pet_friends cascade
21:10:41.774 [main] DEBUG org.hibernate.engine.jdbc.spi.SqlExceptionHelper -- SQL Warning
org.postgresql.util.PSQLWarning: table "pet_friends" does not exist, skipping
	at org.postgresql.core.v3.QueryExecutorImpl.receiveNoticeResponse(QueryExecutorImpl.java:2732)
	at org.postgresql.core.v3.QueryExecutorImpl.processResults(QueryExecutorImpl.java:2431)
	at org.postgresql.core.v3.QueryExecutorImpl.execute(QueryExecutorImpl.java:368)
	at org.postgresql.jdbc.PgStatement.executeInternal(PgStatement.java:498)
	at org.postgresql.jdbc.PgStatement.execute(PgStatement.java:415)
	at org.postgresql.jdbc.PgStatement.executeWithFlags(PgStatement.java:335)
	at org.postgresql.jdbc.PgStatement.executeCachedSql(PgStatement.java:321)
	at org.postgresql.jdbc.PgStatement.executeWithFlags(PgStatement.java:297)
	at org.postgresql.jdbc.PgStatement.execute(PgStatement.java:292)
	at org.hibernate.tool.schema.internal.exec.GenerationTargetToDatabase.accept(GenerationTargetToDatabase.java:80)
	at org.hibernate.tool.schema.internal.Helper.applySqlString(Helper.java:233)
	at org.hibernate.tool.schema.internal.Helper.applySqlStrings(Helper.java:217)
	at org.hibernate.tool.schema.internal.SchemaDropperImpl.dropTables(SchemaDropperImpl.java:377)
	at org.hibernate.tool.schema.internal.SchemaDropperImpl.dropConstraintsTablesSequences(SchemaDropperImpl.java:253)
	at org.hibernate.tool.schema.internal.SchemaDropperImpl.dropFromMetadata(SchemaDropperImpl.java:215)
	at org.hibernate.tool.schema.internal.SchemaDropperImpl.performDrop(SchemaDropperImpl.java:185)
	at org.hibernate.tool.schema.internal.SchemaDropperImpl.doDrop(SchemaDropperImpl.java:155)
	at org.hibernate.tool.schema.internal.SchemaDropperImpl.doDrop(SchemaDropperImpl.java:115)
	at org.hibernate.tool.schema.spi.SchemaManagementToolCoordinator.performDatabaseAction(SchemaManagementToolCoordinator.java:244)
	at org.hibernate.tool.schema.spi.SchemaManagementToolCoordinator.lambda$process$5(SchemaManagementToolCoordinator.java:145)
	at java.base/java.util.HashMap.forEach(HashMap.java:1421)
	at org.hibernate.tool.schema.spi.SchemaManagementToolCoordinator.process(SchemaManagementToolCoordinator.java:142)
	at org.hibernate.boot.internal.SessionFactoryObserverForSchemaExport.sessionFactoryCreated(SessionFactoryObserverForSchemaExport.java:37)
	at org.hibernate.internal.SessionFactoryObserverChain.sessionFactoryCreated(SessionFactoryObserverChain.java:35)
	at org.hibernate.internal.SessionFactoryImpl.<init>(SessionFactoryImpl.java:315)
	at org.hibernate.boot.internal.SessionFactoryBuilderImpl.build(SessionFactoryBuilderImpl.java:450)
	at org.hibernate.cfg.Configuration.buildSessionFactory(Configuration.java:941)
	at org.hibernate.cfg.Configuration.buildSessionFactory(Configuration.java:960)
	at org.lab2.PetDAOTest.beforeAll(PetDAOTest.java:44)
	at java.base/jdk.internal.reflect.NativeMethodAccessorImpl.invoke0(Native Method)
	at java.base/jdk.internal.reflect.NativeMethodAccessorImpl.invoke(NativeMethodAccessorImpl.java:77)
	at java.base/jdk.internal.reflect.DelegatingMethodAccessorImpl.invoke(DelegatingMethodAccessorImpl.java:43)
	at java.base/java.lang.reflect.Method.invoke(Method.java:568)
	at org.junit.platform.commons.util.ReflectionUtils.invokeMethod(ReflectionUtils.java:775)
	at org.junit.platform.commons.support.ReflectionSupport.invokeMethod(ReflectionSupport.java:479)
	at org.junit.jupiter.engine.execution.MethodInvocation.proceed(MethodInvocation.java:60)
	at org.junit.jupiter.engine.execution.InvocationInterceptorChain$ValidatingInvocation.proceed(InvocationInterceptorChain.java:131)
	at org.junit.jupiter.engine.extension.TimeoutExtension.intercept(TimeoutExtension.java:161)
	at org.junit.jupiter.engine.extension.TimeoutExtension.interceptLifecycleMethod(TimeoutExtension.java:133)
	at org.junit.jupiter.engine.extension.TimeoutExtension.interceptBeforeAllMethod(TimeoutExtension.java:75)
	at org.junit.jupiter.engine.execution.InterceptingExecutableInvoker$ReflectiveInterceptorCall.lambda$ofVoidMethod$0(InterceptingExecutableInvoker.java:112)
	at org.junit.jupiter.engine.execution.InterceptingExecutableInvoker.lambda$invoke$0(InterceptingExecutableInvoker.java:94)
	at org.junit.jupiter.engine.execution.InvocationInterceptorChain$InterceptedInvocation.proceed(InvocationInterceptorChain.java:106)
	at org.junit.jupiter.engine.execution.InvocationInterceptorChain.proceed(InvocationInterceptorChain.java:64)
	at org.junit.jupiter.engine.execution.InvocationInterceptorChain.chainAndInvoke(InvocationInterceptorChain.java:45)
	at org.junit.jupiter.engine.execution.InvocationInterceptorChain.invoke(InvocationInterceptorChain.java:37)
	at org.junit.jupiter.engine.execution.InterceptingExecutableInvoker.invoke(InterceptingExecutableInvoker.java:93)
	at org.junit.jupiter.engine.execution.InterceptingExecutableInvoker.invoke(InterceptingExecutableInvoker.java:87)
	at org.junit.jupiter.engine.descriptor.ClassBasedTestDescriptor.lambda$invokeBeforeAllMethods$13(ClassBasedTestDescriptor.java:417)
	at org.junit.platform.engine.support.hierarchical.ThrowableCollector.execute(ThrowableCollector.java:73)
	at org.junit.jupiter.engine.descriptor.ClassBasedTestDescriptor.invokeBeforeAllMethods(ClassBasedTestDescriptor.java:415)
	at org.junit.jupiter.engine.descriptor.ClassBasedTestDescriptor.before(ClassBasedTestDescriptor.java:216)
	at org.junit.jupiter.engine.descriptor.ClassBasedTestDescriptor.before(ClassBasedTestDescriptor.java:84)
	at org.junit.platform.engine.support.hierarchical.NodeTestTask.lambda$executeRecursively$6(NodeTestTask.java:153)
	at org.junit.platform.engine.support.hierarchical.ThrowableCollector.execute(ThrowableCollector.java:73)
	at org.junit.platform.engine.support.hierarchical.NodeTestTask.lambda$executeRecursively$8(NodeTestTask.java:146)
	at org.junit.platform.engine.support.hierarchical.Node.around(Node.java:137)
	at org.junit.platform.engine.support.hierarchical.NodeTestTask.lambda$executeRecursively$9(NodeTestTask.java:144)
	at org.junit.platform.engine.support.hierarchical.ThrowableCollector.execute(ThrowableCollector.java:73)
	at org.junit.platform.engine.support.hierarchical.NodeTestTask.executeRecursively(NodeTestTask.java:143)
	at org.junit.platform.engine.support.hierarchical.NodeTestTask.execute(NodeTestTask.java:100)
	at java.base/java.util.ArrayList.forEach(ArrayList.java:1511)
	at org.junit.platform.engine.support.hierarchical.SameThreadHierarchicalTestExecutorService.invokeAll(SameThreadHierarchicalTestExecutorService.java:41)
	at org.junit.platform.engine.support.hierarchical.NodeTestTask.lambda$executeRecursively$6(NodeTestTask.java:160)
	at org.junit.platform.engine.support.hierarchical.ThrowableCollector.execute(ThrowableCollector.java:73)
	at org.junit.platform.engine.support.hierarchical.NodeTestTask.lambda$executeRecursively$8(NodeTestTask.java:146)
	at org.junit.platform.engine.support.hierarchical.Node.around(Node.java:137)
	at org.junit.platform.engine.support.hierarchical.NodeTestTask.lambda$executeRecursively$9(NodeTestTask.java:144)
	at org.junit.platform.engine.support.hierarchical.ThrowableCollector.execute(ThrowableCollector.java:73)
	at org.junit.platform.engine.support.hierarchical.NodeTestTask.executeRecursively(NodeTestTask.java:143)
	at org.junit.platform.engine.support.hierarchical.NodeTestTask.execute(NodeTestTask.java:100)
	at org.junit.platform.engine.support.hierarchical.SameThreadHierarchicalTestExecutorService.submit(SameThreadHierarchicalTestExecutorService.java:35)
	at org.junit.platform.engine.support.hierarchical.HierarchicalTestExecutor.execute(HierarchicalTestExecutor.java:57)
	at org.junit.platform.engine.support.hierarchical.HierarchicalTestEngine.execute(HierarchicalTestEngine.java:54)
	at org.junit.platform.launcher.core.EngineExecutionOrchestrator.execute(EngineExecutionOrchestrator.java:201)
	at org.junit.platform.launcher.core.EngineExecutionOrchestrator.execute(EngineExecutionOrchestrator.java:170)
	at org.junit.platform.launcher.core.EngineExecutionOrchestrator.execute(EngineExecutionOrchestrator.java:94)
	at org.junit.platform.launcher.core.EngineExecutionOrchestrator.lambda$execute$0(EngineExecutionOrchestrator.java:59)
	at org.junit.platform.launcher.core.EngineExecutionOrchestrator.withInterceptedStreams(EngineExecutionOrchestrator.java:142)
	at org.junit.platform.launcher.core.EngineExecutionOrchestrator.execute(EngineExecutionOrchestrator.java:58)
	at org.junit.platform.launcher.core.DefaultLauncher.execute(DefaultLauncher.java:103)
	at org.junit.platform.launcher.core.DefaultLauncher.execute(DefaultLauncher.java:85)
	at org.junit.platform.launcher.core.DelegatingLauncher.execute(DelegatingLauncher.java:47)
	at org.junit.platform.launcher.core.InterceptingLauncher.lambda$execute$1(InterceptingLauncher.java:39)
	at org.junit.platform.launcher.core.ClasspathAlignmentCheckingLauncherInterceptor.intercept(ClasspathAlignmentCheckingLauncherInterceptor.java:25)
	at org.junit.platform.launcher.core.InterceptingLauncher.execute(InterceptingLauncher.java:38)
	at org.junit.platform.launcher.core.DelegatingLauncher.execute(DelegatingLauncher.java:47)
	at org.apache.maven.surefire.junitplatform.LazyLauncher.execute(LazyLauncher.java:56)
	at org.apache.maven.surefire.junitplatform.JUnitPlatformProvider.execute(JUnitPlatformProvider.java:184)
	at org.apache.maven.surefire.junitplatform.JUnitPlatformProvider.invokeAllTests(JUnitPlatformProvider.java:148)
	at org.apache.maven.surefire.junitplatform.JUnitPlatformProvider.invoke(JUnitPlatformProvider.java:122)
	at org.apache.maven.surefire.booter.ForkedBooter.runSuitesInProcess(ForkedBooter.java:385)
	at org.apache.maven.surefire.booter.ForkedBooter.execute(ForkedBooter.java:162)
	at org.apache.maven.surefire.booter.ForkedBooter.run(ForkedBooter.java:507)
	at org.apache.maven.surefire.booter.ForkedBooter.main(ForkedBooter.java:495)
21:10:41.774 [main] WARN org.hibernate.engine.jdbc.spi.SqlExceptionHelper -- SQL Warning Code: 0, SQLState: 00000
21:10:41.774 [main] WARN org.hibernate.engine.jdbc.spi.SqlExceptionHelper -- table "pet_friends" does not exist, skipping
21:10:41.775 [main] DEBUG org.hibernate.SQL -- drop table if exists pets cascade
21:10:41.776 [main] DEBUG org.hibernate.engine.jdbc.spi.SqlExceptionHelper -- SQL Warning
org.postgresql.util.PSQLWarning: table "pets" does not exist, skipping
	at org.postgresql.core.v3.QueryExecutorImpl.receiveNoticeResponse(QueryExecutorImpl.java:2732)
	at org.postgresql.core.v3.QueryExecutorImpl.processResults(QueryExecutorImpl.java:2431)
	at org.postgresql.core.v3.QueryExecutorImpl.execute(QueryExecutorImpl.java:368)
	at org.postgresql.jdbc.PgStatement.executeInternal(PgStatement.java:498)
	at org.postgresql.jdbc.PgStatement.execute(PgStatement.java:415)
	at org.postgresql.jdbc.PgStatement.executeWithFlags(PgStatement.java:335)
	at org.postgresql.jdbc.PgStatement.executeCachedSql(PgStatement.java:321)
	at org.postgresql.jdbc.PgStatement.executeWithFlags(PgStatement.java:297)
	at org.postgresql.jdbc.PgStatement.execute(PgStatement.java:292)
	at org.hibernate.tool.schema.internal.exec.GenerationTargetToDatabase.accept(GenerationTargetToDatabase.java:80)
	at org.hibernate.tool.schema.internal.Helper.applySqlString(Helper.java:233)
	at org.hibernate.tool.schema.internal.Helper.applySqlStrings(Helper.java:217)
	at org.hibernate.tool.schema.internal.SchemaDropperImpl.dropTables(SchemaDropperImpl.java:377)
	at org.hibernate.tool.schema.internal.SchemaDropperImpl.dropConstraintsTablesSequences(SchemaDropperImpl.java:253)
	at org.hibernate.tool.schema.internal.SchemaDropperImpl.dropFromMetadata(SchemaDropperImpl.java:215)
	at org.hibernate.tool.schema.internal.SchemaDropperImpl.performDrop(SchemaDropperImpl.java:185)
	at org.hibernate.tool.schema.internal.SchemaDropperImpl.doDrop(SchemaDropperImpl.java:155)
	at org.hibernate.tool.schema.internal.SchemaDropperImpl.doDrop(SchemaDropperImpl.java:115)
	at org.hibernate.tool.schema.spi.SchemaManagementToolCoordinator.performDatabaseAction(SchemaManagementToolCoordinator.java:244)
	at org.hibernate.tool.schema.spi.SchemaManagementToolCoordinator.lambda$process$5(SchemaManagementToolCoordinator.java:145)
	at java.base/java.util.HashMap.forEach(HashMap.java:1421)
	at org.hibernate.tool.schema.spi.SchemaManagementToolCoordinator.process(SchemaManagementToolCoordinator.java:142)
	at org.hibernate.boot.internal.SessionFactoryObserverForSchemaExport.sessionFactoryCreated(SessionFactoryObserverForSchemaExport.java:37)
	at org.hibernate.internal.SessionFactoryObserverChain.sessionFactoryCreated(SessionFactoryObserverChain.java:35)
	at org.hibernate.internal.SessionFactoryImpl.<init>(SessionFactoryImpl.java:315)
	at org.hibernate.boot.internal.SessionFactoryBuilderImpl.build(SessionFactoryBuilderImpl.java:450)
	at org.hibernate.cfg.Configuration.buildSessionFactory(Configuration.java:941)
	at org.hibernate.cfg.Configuration.buildSessionFactory(Configuration.java:960)
	at org.lab2.PetDAOTest.beforeAll(PetDAOTest.java:44)
	at java.base/jdk.internal.reflect.NativeMethodAccessorImpl.invoke0(Native Method)
	at java.base/jdk.internal.reflect.NativeMethodAccessorImpl.invoke(NativeMethodAccessorImpl.java:77)
	at java.base/jdk.internal.reflect.DelegatingMethodAccessorImpl.invoke(DelegatingMethodAccessorImpl.java:43)
	at java.base/java.lang.reflect.Method.invoke(Method.java:568)
	at org.junit.platform.commons.util.ReflectionUtils.invokeMethod(ReflectionUtils.java:775)
	at org.junit.platform.commons.support.ReflectionSupport.invokeMethod(ReflectionSupport.java:479)
	at org.junit.jupiter.engine.execution.MethodInvocation.proceed(MethodInvocation.java:60)
	at org.junit.jupiter.engine.execution.InvocationInterceptorChain$ValidatingInvocation.proceed(InvocationInterceptorChain.java:131)
	at org.junit.jupiter.engine.extension.TimeoutExtension.intercept(TimeoutExtension.java:161)
	at org.junit.jupiter.engine.extension.TimeoutExtension.interceptLifecycleMethod(TimeoutExtension.java:133)
	at org.junit.jupiter.engine.extension.TimeoutExtension.interceptBeforeAllMethod(TimeoutExtension.java:75)
	at org.junit.jupiter.engine.execution.InterceptingExecutableInvoker$ReflectiveInterceptorCall.lambda$ofVoidMethod$0(InterceptingExecutableInvoker.java:112)
	at org.junit.jupiter.engine.execution.InterceptingExecutableInvoker.lambda$invoke$0(InterceptingExecutableInvoker.java:94)
	at org.junit.jupiter.engine.execution.InvocationInterceptorChain$InterceptedInvocation.proceed(InvocationInterceptorChain.java:106)
	at org.junit.jupiter.engine.execution.InvocationInterceptorChain.proceed(InvocationInterceptorChain.java:64)
	at org.junit.jupiter.engine.execution.InvocationInterceptorChain.chainAndInvoke(InvocationInterceptorChain.java:45)
	at org.junit.jupiter.engine.execution.InvocationInterceptorChain.invoke(InvocationInterceptorChain.java:37)
	at org.junit.jupiter.engine.execution.InterceptingExecutableInvoker.invoke(InterceptingExecutableInvoker.java:93)
	at org.junit.jupiter.engine.execution.InterceptingExecutableInvoker.invoke(InterceptingExecutableInvoker.java:87)
	at org.junit.jupiter.engine.descriptor.ClassBasedTestDescriptor.lambda$invokeBeforeAllMethods$13(ClassBasedTestDescriptor.java:417)
	at org.junit.platform.engine.support.hierarchical.ThrowableCollector.execute(ThrowableCollector.java:73)
	at org.junit.jupiter.engine.descriptor.ClassBasedTestDescriptor.invokeBeforeAllMethods(ClassBasedTestDescriptor.java:415)
	at org.junit.jupiter.engine.descriptor.ClassBasedTestDescriptor.before(ClassBasedTestDescriptor.java:216)
	at org.junit.jupiter.engine.descriptor.ClassBasedTestDescriptor.before(ClassBasedTestDescriptor.java:84)
	at org.junit.platform.engine.support.hierarchical.NodeTestTask.lambda$executeRecursively$6(NodeTestTask.java:153)
	at org.junit.platform.engine.support.hierarchical.ThrowableCollector.execute(ThrowableCollector.java:73)
	at org.junit.platform.engine.support.hierarchical.NodeTestTask.lambda$executeRecursively$8(NodeTestTask.java:146)
	at org.junit.platform.engine.support.hierarchical.Node.around(Node.java:137)
	at org.junit.platform.engine.support.hierarchical.NodeTestTask.lambda$executeRecursively$9(NodeTestTask.java:144)
	at org.junit.platform.engine.support.hierarchical.ThrowableCollector.execute(ThrowableCollector.java:73)
	at org.junit.platform.engine.support.hierarchical.NodeTestTask.executeRecursively(NodeTestTask.java:143)
	at org.junit.platform.engine.support.hierarchical.NodeTestTask.execute(NodeTestTask.java:100)
	at java.base/java.util.ArrayList.forEach(ArrayList.java:1511)
	at org.junit.platform.engine.support.hierarchical.SameThreadHierarchicalTestExecutorService.invokeAll(SameThreadHierarchicalTestExecutorService.java:41)
	at org.junit.platform.engine.support.hierarchical.NodeTestTask.lambda$executeRecursively$6(NodeTestTask.java:160)
	at org.junit.platform.engine.support.hierarchical.ThrowableCollector.execute(ThrowableCollector.java:73)
	at org.junit.platform.engine.support.hierarchical.NodeTestTask.lambda$executeRecursively$8(NodeTestTask.java:146)
	at org.junit.platform.engine.support.hierarchical.Node.around(Node.java:137)
	at org.junit.platform.engine.support.hierarchical.NodeTestTask.lambda$executeRecursively$9(NodeTestTask.java:144)
	at org.junit.platform.engine.support.hierarchical.ThrowableCollector.execute(ThrowableCollector.java:73)
	at org.junit.platform.engine.support.hierarchical.NodeTestTask.executeRecursively(NodeTestTask.java:143)
	at org.junit.platform.engine.support.hierarchical.NodeTestTask.execute(NodeTestTask.java:100)
	at org.junit.platform.engine.support.hierarchical.SameThreadHierarchicalTestExecutorService.submit(SameThreadHierarchicalTestExecutorService.java:35)
	at org.junit.platform.engine.support.hierarchical.HierarchicalTestExecutor.execute(HierarchicalTestExecutor.java:57)
	at org.junit.platform.engine.support.hierarchical.HierarchicalTestEngine.execute(HierarchicalTestEngine.java:54)
	at org.junit.platform.launcher.core.EngineExecutionOrchestrator.execute(EngineExecutionOrchestrator.java:201)
	at org.junit.platform.launcher.core.EngineExecutionOrchestrator.execute(EngineExecutionOrchestrator.java:170)
	at org.junit.platform.launcher.core.EngineExecutionOrchestrator.execute(EngineExecutionOrchestrator.java:94)
	at org.junit.platform.launcher.core.EngineExecutionOrchestrator.lambda$execute$0(EngineExecutionOrchestrator.java:59)
	at org.junit.platform.launcher.core.EngineExecutionOrchestrator.withInterceptedStreams(EngineExecutionOrchestrator.java:142)
	at org.junit.platform.launcher.core.EngineExecutionOrchestrator.execute(EngineExecutionOrchestrator.java:58)
	at org.junit.platform.launcher.core.DefaultLauncher.execute(DefaultLauncher.java:103)
	at org.junit.platform.launcher.core.DefaultLauncher.execute(DefaultLauncher.java:85)
	at org.junit.platform.launcher.core.DelegatingLauncher.execute(DelegatingLauncher.java:47)
	at org.junit.platform.launcher.core.InterceptingLauncher.lambda$execute$1(InterceptingLauncher.java:39)
	at org.junit.platform.launcher.core.ClasspathAlignmentCheckingLauncherInterceptor.intercept(ClasspathAlignmentCheckingLauncherInterceptor.java:25)
	at org.junit.platform.launcher.core.InterceptingLauncher.execute(InterceptingLauncher.java:38)
	at org.junit.platform.launcher.core.DelegatingLauncher.execute(DelegatingLauncher.java:47)
	at org.apache.maven.surefire.junitplatform.LazyLauncher.execute(LazyLauncher.java:56)
	at org.apache.maven.surefire.junitplatform.JUnitPlatformProvider.execute(JUnitPlatformProvider.java:184)
	at org.apache.maven.surefire.junitplatform.JUnitPlatformProvider.invokeAllTests(JUnitPlatformProvider.java:148)
	at org.apache.maven.surefire.junitplatform.JUnitPlatformProvider.invoke(JUnitPlatformProvider.java:122)
	at org.apache.maven.surefire.booter.ForkedBooter.runSuitesInProcess(ForkedBooter.java:385)
	at org.apache.maven.surefire.booter.ForkedBooter.execute(ForkedBooter.java:162)
	at org.apache.maven.surefire.booter.ForkedBooter.run(ForkedBooter.java:507)
	at org.apache.maven.surefire.booter.ForkedBooter.main(ForkedBooter.java:495)
21:10:41.777 [main] WARN org.hibernate.engine.jdbc.spi.SqlExceptionHelper -- SQL Warning Code: 0, SQLState: 00000
21:10:41.777 [main] WARN org.hibernate.engine.jdbc.spi.SqlExceptionHelper -- table "pets" does not exist, skipping
21:10:41.778 [main] DEBUG org.hibernate.SQL -- create table owners (birth_date date, id bigserial not null, name varchar(255) not null, primary key (id))
21:10:41.778 [main] INFO org.hibernate.orm.connections.access -- HHH10001501: Connection obtained from JdbcConnectionAccess [org.hibernate.engine.jdbc.env.internal.JdbcEnvironmentInitiator$ConnectionProviderJdbcConnectionAccess@1fcfcf37] for (non-JTA) DDL execution was not in auto-commit mode; the Connection 'local transaction' will be committed and the Connection will be set into auto-commit mode.
21:10:41.784 [main] DEBUG org.hibernate.SQL -- create table pet_friends (friend_id bigint not null, pet_id bigint not null)
21:10:41.787 [main] DEBUG org.hibernate.SQL -- create table pets (birth_date date, id bigserial not null, owner_id bigint, breed varchar(255), color varchar(255) check (color in ('BLACK','WHITE','GRAY','ORANGE','BROWN')), name varchar(255) not null, primary key (id))
21:10:41.793 [main] DEBUG org.hibernate.SQL -- alter table if exists pet_friends add constraint FKj21rh4cx6gdb8rbslw8njk9mq foreign key (friend_id) references pets
21:10:41.798 [main] DEBUG org.hibernate.SQL -- alter table if exists pet_friends add constraint FKjgr10w16u32u1cuvdhqt28ud9 foreign key (pet_id) references pets
21:10:41.801 [main] DEBUG org.hibernate.SQL -- alter table if exists pets add constraint FK6teg4kcjcnjhduguft56wcfoa foreign key (owner_id) references owners
21:10:41.807 [main] DEBUG org.hibernate.internal.SessionFactoryRegistry -- Registering SessionFactory: 0d2fc7f8-ce96-44fd-90de-abca2766a969 (<unnamed>)
21:10:41.807 [main] DEBUG org.hibernate.internal.SessionFactoryRegistry -- Not binding SessionFactory to JNDI, no JNDI name configured
21:10:41.807 [main] DEBUG org.hibernate.internal.SessionFactoryImpl -- Instantiated SessionFactory
]]></system-out>
  </testcase>
  <testcase name="testUpdatePet" classname="org.lab2.PetDAOTest" time="0.045">
    <system-out><![CDATA[21:10:41.816 [main] DEBUG org.hibernate.engine.transaction.internal.TransactionImpl -- On TransactionImpl creation, JpaCompliance#isJpaTransactionComplianceEnabled == false
21:10:41.816 [main] DEBUG org.hibernate.engine.transaction.internal.TransactionImpl -- begin
21:10:41.817 [main] DEBUG org.hibernate.engine.spi.ActionQueue -- Executing identity-insert immediately
21:10:41.818 [main] DEBUG org.hibernate.SQL -- 
    insert 
    into
        pets
        (birth_date, breed, color, name, owner_id) 
    values
        (?, ?, ?, ?, ?)
Hibernate: 
    insert 
    into
        pets
        (birth_date, breed, color, name, owner_id) 
    values
        (?, ?, ?, ?, ?)
21:10:41.823 [main] DEBUG org.hibernate.id.IdentifierGeneratorHelper -- Natively generated identity (org.lab2.Pets.Pet) : 1
21:10:41.824 [main] DEBUG org.hibernate.resource.jdbc.internal.ResourceRegistryStandardImpl -- HHH000387: ResultSet's statement was not registered
21:10:41.824 [main] DEBUG org.hibernate.resource.jdbc.internal.ResourceRegistryStandardImpl -- Exception clearing maxRows/queryTimeout [???? statement ??? ??????.]
21:10:41.825 [main] DEBUG org.hibernate.engine.transaction.internal.TransactionImpl -- committing
21:10:41.825 [main] DEBUG org.hibernate.event.internal.AbstractFlushingEventListener -- Processing flush-time cascades
21:10:41.825 [main] DEBUG org.hibernate.event.internal.AbstractFlushingEventListener -- Dirty checking collections
21:10:41.825 [main] DEBUG org.hibernate.engine.internal.Collections -- Collection found: [org.lab2.Pets.Pet.friends#1], was: [<unreferenced>] (initialized)
21:10:41.825 [main] DEBUG org.hibernate.event.internal.AbstractFlushingEventListener -- Flushed: 0 insertions, 0 updates, 0 deletions to 1 objects
21:10:41.825 [main] DEBUG org.hibernate.event.internal.AbstractFlushingEventListener -- Flushed: 1 (re)creations, 0 updates, 0 removals to 1 collections
21:10:41.825 [main] DEBUG org.hibernate.internal.util.EntityPrinter -- Listing entities:
21:10:41.825 [main] DEBUG org.hibernate.internal.util.EntityPrinter -- org.lab2.Pets.Pet{owner=null, color=ORANGE, name=??????, id=1, birthDate=2020-03-10, breed=????, friends=[]}
21:10:41.826 [main] DEBUG org.hibernate.orm.jdbc.mutation -- Inserting collection rows - org.lab2.Pets.Pet.friends : 1
21:10:41.826 [main] DEBUG org.hibernate.orm.jdbc.mutation -- No collection rows to insert - org.lab2.Pets.Pet.friends : 1
21:10:41.828 [main] DEBUG org.hibernate.resource.jdbc.internal.LogicalConnectionManagedImpl -- Initiating JDBC connection release from afterTransaction
21:10:41.828 [main] DEBUG org.hibernate.resource.jdbc.internal.LogicalConnectionManagedImpl -- Initiating JDBC connection release from afterTransaction
21:10:41.829 [main] DEBUG org.hibernate.engine.transaction.internal.TransactionImpl -- On TransactionImpl creation, JpaCompliance#isJpaTransactionComplianceEnabled == false
21:10:41.829 [main] DEBUG org.hibernate.engine.transaction.internal.TransactionImpl -- begin
21:10:41.829 [main] DEBUG org.hibernate.orm.sql.ast.create -- Created new SQL alias : p1_0
21:10:41.829 [main] DEBUG org.hibernate.orm.sql.ast.create -- Registration of TableGroup [StandardTableGroup(org.lab2.Pets.Pet)] with identifierForTableGroup [org.lab2.Pets.Pet] for NavigablePath [org.lab2.Pets.Pet] 
21:10:41.829 [main] DEBUG org.hibernate.orm.sql.ast.create -- Registration of TableGroup [org.hibernate.sql.ast.tree.from.LazyTableGroup@31dd0e2e] with identifierForTableGroup [org.lab2.Pets.Pet.owner] for NavigablePath [org.lab2.Pets.Pet.owner] 
21:10:41.829 [main] DEBUG org.hibernate.orm.sql.ast.create -- Created new SQL alias : o1_0
21:10:41.831 [main] DEBUG org.hibernate.orm.results.graph.AST -- DomainResult Graph:
 \-EntityResultImpl [org.lab2.Pets.Pet]
 |  +-BasicFetch [org.lab2.Pets.Pet.birthDate]
 |  +-BasicFetch [org.lab2.Pets.Pet.breed]
 |  +-BasicFetch [org.lab2.Pets.Pet.color]
 |  +-DelayedCollectionFetch [org.lab2.Pets.Pet.friends]
 |  +-BasicFetch [org.lab2.Pets.Pet.name]
 |  \-EntityFetchJoinedImpl [org.lab2.Pets.Pet.owner]

21:10:41.831 [main] DEBUG org.hibernate.orm.sql.ast.tree -- SQL AST Tree:
    SelectStatement {
      FromClause {
        StandardTableGroup (p1 : org.lab2.Pets.Pet) {
          primaryTableReference : pets as p1_0
          TableGroupJoins {
            left  join LazyTableGroup (o1 : org.lab2.Pets.Pet.owner) {
              primaryTableReference : owners as o1_0
            }
          }
        }
      }
    }

21:10:41.831 [main] DEBUG org.hibernate.orm.sql.exec -- Skipping reading Query result cache data: cache-enabled = false, cache-mode = IGNORE
21:10:41.835 [main] DEBUG org.hibernate.orm.results -- Initializer list:
	  org.lab2.Pets.Pet -> EntityResultInitializer(org.lab2.Pets.Pet)@174195940 (SingleTableEntityPersister(org.lab2.Pets.Pet))
	  org.lab2.Pets.Pet.owner.pets -> SelectEagerCollectionInitializer(org.lab2.Pets.Pet.owner.pets)@1954448985 (PluralAttribute(org.lab2.Owners.Owner.pets))
	  org.lab2.Pets.Pet.friends -> DelayedCollectionInitializer(org.lab2.Pets.Pet.friends)@1261832834 (PluralAttribute(org.lab2.Pets.Pet.friends))
	  org.lab2.Pets.Pet.owner -> EntityJoinedFetchInitializer(org.lab2.Pets.Pet.owner)@1979355732 (ToOneAttributeMapping(NavigableRole[org.lab2.Pets.Pet.owner])@1725760738)

21:10:41.835 [main] DEBUG org.hibernate.SQL -- 
    select
        p1_0.id,
        p1_0.birth_date,
        p1_0.breed,
        p1_0.color,
        p1_0.name,
        o1_0.id,
        o1_0.birth_date,
        o1_0.name 
    from
        pets p1_0 
    left join
        owners o1_0 
            on o1_0.id=p1_0.owner_id 
    where
        p1_0.id=?
Hibernate: 
    select
        p1_0.id,
        p1_0.birth_date,
        p1_0.breed,
        p1_0.color,
        p1_0.name,
        o1_0.id,
        o1_0.birth_date,
        o1_0.name 
    from
        pets p1_0 
    left join
        owners o1_0 
            on o1_0.id=p1_0.owner_id 
    where
        p1_0.id=?
21:10:41.838 [main] DEBUG org.hibernate.orm.results -- Extracted JDBC value [5] - [null]
21:10:41.839 [main] DEBUG org.hibernate.orm.results.loading.entity -- (EntityJoinedFetchInitializer) EntityKey (org.lab2.Pets.Pet.owner) is null
21:10:41.839 [main] DEBUG org.hibernate.orm.results.loading.entity -- (EntityResultInitializer) Hydrated EntityKey (org.lab2.Pets.Pet): 1
21:10:41.839 [main] DEBUG org.hibernate.orm.results -- Extracted JDBC value [0] - [1]
21:10:41.839 [main] DEBUG org.hibernate.orm.results.loading.org.hibernate.orm.results.loading.collection -- (DelayedCollectionInitializer) Current row collection key : org.lab2.Pets.Pet.friends#1
21:10:41.839 [main] DEBUG org.hibernate.orm.results.loading.entity -- (EntityResultInitializer) Created new entity instance [org.lab2.Pets.Pet#1] : 342923181
21:10:41.839 [main] DEBUG org.hibernate.orm.results -- Extracted JDBC value [1] - [2020-03-10]
21:10:41.839 [main] DEBUG org.hibernate.orm.results -- Extracted JDBC value [2] - [????]
21:10:41.839 [main] DEBUG org.hibernate.orm.results -- Extracted JDBC value [3] - [ORANGE]
21:10:41.840 [main] DEBUG org.hibernate.orm.results -- Extracted JDBC value [4] - [??????]
21:10:41.840 [main] DEBUG org.hibernate.orm.results.loading.entity -- (EntityResultInitializer) Done materializing entityInstance : org.lab2.Pets.Pet#1
21:10:41.840 [main] DEBUG org.hibernate.orm.results.loading -- Calling top-level assembler (0 / 1) : org.hibernate.sql.results.graph.entity.internal.EntityAssembler@7535307c
21:10:41.841 [main] DEBUG org.hibernate.orm.sql.exec -- Skipping reading Query result cache data: cache-enabled = false, cache-mode = IGNORE
21:10:41.841 [main] DEBUG org.hibernate.orm.results -- Initializer list:
	  org.lab2.Pets.Pet.friends -> BagInitializer(org.lab2.Pets.Pet.friends)@1433035552 (PluralAttribute(org.lab2.Pets.Pet.friends))
	  org.lab2.Pets.Pet.friends.{element}.owner -> EntityJoinedFetchInitializer(org.lab2.Pets.Pet.friends.{element}.owner)@1161255903 (ToOneAttributeMapping(NavigableRole[org.lab2.Pets.Pet.owner])@1725760738)
	  org.lab2.Pets.Pet.friends.{element}.friends -> DelayedCollectionInitializer(org.lab2.Pets.Pet.friends.{element}.friends)@1049618395 (PluralAttribute(org.lab2.Pets.Pet.friends))
	  org.lab2.Pets.Pet.friends.{element}.owner.pets -> DelayedCollectionInitializer(org.lab2.Pets.Pet.friends.{element}.owner.pets)@1659209382 (PluralAttribute(org.lab2.Owners.Owner.pets))
	  org.lab2.Pets.Pet.friends.{element} -> EntityJoinedFetchInitializer(org.lab2.Pets.Pet.friends.{element})@1687194297 (EntityCollectionPart(org.lab2.Pets.Pet.friends#{element})@453434455)

21:10:41.842 [main] DEBUG org.hibernate.SQL -- 
    select
        f1_0.pet_id,
        f1_1.id,
        f1_1.birth_date,
        f1_1.breed,
        f1_1.color,
        f1_1.name,
        o1_0.id,
        o1_0.birth_date,
        o1_0.name 
    from
        pet_friends f1_0 
    join
        pets f1_1 
            on f1_1.id=f1_0.friend_id 
    left join
        owners o1_0 
            on o1_0.id=f1_1.owner_id 
    where
        f1_0.pet_id=?
Hibernate: 
    select
        f1_0.pet_id,
        f1_1.id,
        f1_1.birth_date,
        f1_1.breed,
        f1_1.color,
        f1_1.name,
        o1_0.id,
        o1_0.birth_date,
        o1_0.name 
    from
        pet_friends f1_0 
    join
        pets f1_1 
            on f1_1.id=f1_0.friend_id 
    left join
        owners o1_0 
            on o1_0.id=f1_1.owner_id 
    where
        f1_0.pet_id=?
21:10:41.846 [main] DEBUG org.hibernate.sql.results.internal.ResultsHelper -- Collection fully initialized: [org.lab2.Pets.Pet.friends#1]
21:10:41.846 [main] DEBUG org.hibernate.engine.spi.CollectionEntry -- Reset storedSnapshot to [] for CollectionEntry[org.lab2.Pets.Pet.friends#1]
21:10:41.846 [main] DEBUG org.hibernate.engine.transaction.internal.TransactionImpl -- committing
21:10:41.846 [main] DEBUG org.hibernate.event.internal.AbstractFlushingEventListener -- Processing flush-time cascades
21:10:41.846 [main] DEBUG org.hibernate.event.internal.AbstractFlushingEventListener -- Dirty checking collections
21:10:41.846 [main] DEBUG org.hibernate.engine.internal.Collections -- Collection found: [org.lab2.Pets.Pet.friends#1], was: [org.lab2.Pets.Pet.friends#1] (initialized)
21:10:41.847 [main] DEBUG org.hibernate.event.internal.AbstractFlushingEventListener -- Flushed: 0 insertions, 1 updates, 0 deletions to 1 objects
21:10:41.847 [main] DEBUG org.hibernate.event.internal.AbstractFlushingEventListener -- Flushed: 0 (re)creations, 0 updates, 0 removals to 1 collections
21:10:41.847 [main] DEBUG org.hibernate.internal.util.EntityPrinter -- Listing entities:
21:10:41.847 [main] DEBUG org.hibernate.internal.util.EntityPrinter -- org.lab2.Pets.Pet{owner=null, color=ORANGE, name=??????, id=1, birthDate=2020-03-10, breed=????, friends=[]}
21:10:41.847 [main] DEBUG org.hibernate.SQL -- 
    update
        pets 
    set
        birth_date=?,
        breed=?,
        color=?,
        name=?,
        owner_id=? 
    where
        id=?
Hibernate: 
    update
        pets 
    set
        birth_date=?,
        breed=?,
        color=?,
        name=?,
        owner_id=? 
    where
        id=?
21:10:41.852 [main] DEBUG org.hibernate.resource.jdbc.internal.LogicalConnectionManagedImpl -- Initiating JDBC connection release from afterTransaction
21:10:41.852 [main] DEBUG org.hibernate.resource.jdbc.internal.LogicalConnectionManagedImpl -- Initiating JDBC connection release from afterTransaction
21:10:41.853 [main] DEBUG org.hibernate.orm.sql.exec -- Skipping reading Query result cache data: cache-enabled = false, cache-mode = IGNORE
21:10:41.853 [main] DEBUG org.hibernate.orm.results -- Initializer list:
	  org.lab2.Pets.Pet -> EntityResultInitializer(org.lab2.Pets.Pet)@1493448513 (SingleTableEntityPersister(org.lab2.Pets.Pet))
	  org.lab2.Pets.Pet.owner.pets -> DelayedCollectionInitializer(org.lab2.Pets.Pet.owner.pets)@831786347 (PluralAttribute(org.lab2.Owners.Owner.pets))
	  org.lab2.Pets.Pet.friends -> DelayedCollectionInitializer(org.lab2.Pets.Pet.friends)@1691206416 (PluralAttribute(org.lab2.Pets.Pet.friends))
	  org.lab2.Pets.Pet.owner -> EntityJoinedFetchInitializer(org.lab2.Pets.Pet.owner)@2102803475 (ToOneAttributeMapping(NavigableRole[org.lab2.Pets.Pet.owner])@1725760738)

21:10:41.853 [main] DEBUG org.hibernate.SQL -- 
    select
        p1_0.id,
        p1_0.birth_date,
        p1_0.breed,
        p1_0.color,
        p1_0.name,
        o1_0.id,
        o1_0.birth_date,
        o1_0.name 
    from
        pets p1_0 
    left join
        owners o1_0 
            on o1_0.id=p1_0.owner_id 
    where
        p1_0.id=?
Hibernate: 
    select
        p1_0.id,
        p1_0.birth_date,
        p1_0.breed,
        p1_0.color,
        p1_0.name,
        o1_0.id,
        o1_0.birth_date,
        o1_0.name 
    from
        pets p1_0 
    left join
        owners o1_0 
            on o1_0.id=p1_0.owner_id 
    where
        p1_0.id=?
21:10:41.855 [main] DEBUG org.hibernate.orm.results -- Extracted JDBC value [5] - [null]
21:10:41.855 [main] DEBUG org.hibernate.orm.results.loading.entity -- (EntityJoinedFetchInitializer) EntityKey (org.lab2.Pets.Pet.owner) is null
21:10:41.855 [main] DEBUG org.hibernate.orm.results.loading.entity -- (EntityResultInitializer) Hydrated EntityKey (org.lab2.Pets.Pet): 1
21:10:41.855 [main] DEBUG org.hibernate.orm.results -- Extracted JDBC value [0] - [1]
21:10:41.855 [main] DEBUG org.hibernate.orm.results.loading.org.hibernate.orm.results.loading.collection -- (DelayedCollectionInitializer) Current row collection key : org.lab2.Pets.Pet.friends#1
21:10:41.855 [main] DEBUG org.hibernate.orm.results -- Extracted JDBC value [5] - [null]
21:10:41.855 [main] DEBUG org.hibernate.orm.results.loading.entity -- (EntityResultInitializer) Created new entity instance [org.lab2.Pets.Pet#1] : 513907863
21:10:41.856 [main] DEBUG org.hibernate.orm.results -- Extracted JDBC value [1] - [2020-03-10]
21:10:41.856 [main] DEBUG org.hibernate.orm.results -- Extracted JDBC value [2] - [????]
21:10:41.856 [main] DEBUG org.hibernate.orm.results -- Extracted JDBC value [3] - [ORANGE]
21:10:41.856 [main] DEBUG org.hibernate.orm.results -- Extracted JDBC value [4] - [??????]
21:10:41.856 [main] DEBUG org.hibernate.orm.results.loading.entity -- (EntityResultInitializer) Done materializing entityInstance : org.lab2.Pets.Pet#1
21:10:41.857 [main] DEBUG org.hibernate.orm.results.loading -- Calling top-level assembler (0 / 1) : org.hibernate.sql.results.graph.entity.internal.EntityAssembler@52dd1be2
21:10:41.857 [main] DEBUG org.hibernate.resource.jdbc.internal.LogicalConnectionManagedImpl -- Initiating JDBC connection release from afterTransaction
]]></system-out>
  </testcase>
  <testcase name="testFindAllPets" classname="org.lab2.PetDAOTest" time="0.04">
    <system-out><![CDATA[21:10:41.861 [main] DEBUG org.hibernate.engine.transaction.internal.TransactionImpl -- On TransactionImpl creation, JpaCompliance#isJpaTransactionComplianceEnabled == false
21:10:41.861 [main] DEBUG org.hibernate.engine.transaction.internal.TransactionImpl -- begin
21:10:41.861 [main] DEBUG org.hibernate.engine.spi.ActionQueue -- Executing identity-insert immediately
21:10:41.862 [main] DEBUG org.hibernate.SQL -- 
    insert 
    into
        pets
        (birth_date, breed, color, name, owner_id) 
    values
        (?, ?, ?, ?, ?)
Hibernate: 
    insert 
    into
        pets
        (birth_date, breed, color, name, owner_id) 
    values
        (?, ?, ?, ?, ?)
21:10:41.865 [main] DEBUG org.hibernate.id.IdentifierGeneratorHelper -- Natively generated identity (org.lab2.Pets.Pet) : 2
21:10:41.866 [main] DEBUG org.hibernate.resource.jdbc.internal.ResourceRegistryStandardImpl -- HHH000387: ResultSet's statement was not registered
21:10:41.866 [main] DEBUG org.hibernate.resource.jdbc.internal.ResourceRegistryStandardImpl -- Exception clearing maxRows/queryTimeout [???? statement ??? ??????.]
21:10:41.866 [main] DEBUG org.hibernate.engine.transaction.internal.TransactionImpl -- committing
21:10:41.867 [main] DEBUG org.hibernate.event.internal.AbstractFlushingEventListener -- Processing flush-time cascades
21:10:41.867 [main] DEBUG org.hibernate.event.internal.AbstractFlushingEventListener -- Dirty checking collections
21:10:41.867 [main] DEBUG org.hibernate.engine.internal.Collections -- Collection found: [org.lab2.Pets.Pet.friends#2], was: [<unreferenced>] (initialized)
21:10:41.867 [main] DEBUG org.hibernate.event.internal.AbstractFlushingEventListener -- Flushed: 0 insertions, 0 updates, 0 deletions to 1 objects
21:10:41.867 [main] DEBUG org.hibernate.event.internal.AbstractFlushingEventListener -- Flushed: 1 (re)creations, 0 updates, 0 removals to 1 collections
21:10:41.867 [main] DEBUG org.hibernate.internal.util.EntityPrinter -- Listing entities:
21:10:41.868 [main] DEBUG org.hibernate.internal.util.EntityPrinter -- org.lab2.Pets.Pet{owner=null, color=ORANGE, name=??????, id=2, birthDate=2020-03-10, breed=????, friends=[]}
21:10:41.868 [main] DEBUG org.hibernate.orm.jdbc.mutation -- Inserting collection rows - org.lab2.Pets.Pet.friends : 2
21:10:41.868 [main] DEBUG org.hibernate.orm.jdbc.mutation -- No collection rows to insert - org.lab2.Pets.Pet.friends : 2
21:10:41.871 [main] DEBUG org.hibernate.resource.jdbc.internal.LogicalConnectionManagedImpl -- Initiating JDBC connection release from afterTransaction
21:10:41.871 [main] DEBUG org.hibernate.resource.jdbc.internal.LogicalConnectionManagedImpl -- Initiating JDBC connection release from afterTransaction
21:10:41.871 [main] DEBUG org.hibernate.engine.transaction.internal.TransactionImpl -- On TransactionImpl creation, JpaCompliance#isJpaTransactionComplianceEnabled == false
21:10:41.871 [main] DEBUG org.hibernate.engine.transaction.internal.TransactionImpl -- begin
21:10:41.871 [main] DEBUG org.hibernate.engine.spi.ActionQueue -- Executing identity-insert immediately
21:10:41.872 [main] DEBUG org.hibernate.SQL -- 
    insert 
    into
        pets
        (birth_date, breed, color, name, owner_id) 
    values
        (?, ?, ?, ?, ?)
Hibernate: 
    insert 
    into
        pets
        (birth_date, breed, color, name, owner_id) 
    values
        (?, ?, ?, ?, ?)
21:10:41.878 [main] DEBUG org.hibernate.id.IdentifierGeneratorHelper -- Natively generated identity (org.lab2.Pets.Pet) : 3
21:10:41.878 [main] DEBUG org.hibernate.resource.jdbc.internal.ResourceRegistryStandardImpl -- HHH000387: ResultSet's statement was not registered
21:10:41.878 [main] DEBUG org.hibernate.resource.jdbc.internal.ResourceRegistryStandardImpl -- Exception clearing maxRows/queryTimeout [???? statement ??? ??????.]
21:10:41.879 [main] DEBUG org.hibernate.engine.transaction.internal.TransactionImpl -- committing
21:10:41.879 [main] DEBUG org.hibernate.event.internal.AbstractFlushingEventListener -- Processing flush-time cascades
21:10:41.879 [main] DEBUG org.hibernate.event.internal.AbstractFlushingEventListener -- Dirty checking collections
21:10:41.879 [main] DEBUG org.hibernate.engine.internal.Collections -- Collection found: [org.lab2.Pets.Pet.friends#3], was: [<unreferenced>] (initialized)
21:10:41.879 [main] DEBUG org.hibernate.event.internal.AbstractFlushingEventListener -- Flushed: 0 insertions, 0 updates, 0 deletions to 1 objects
21:10:41.879 [main] DEBUG org.hibernate.event.internal.AbstractFlushingEventListener -- Flushed: 1 (re)creations, 0 updates, 0 removals to 1 collections
21:10:41.879 [main] DEBUG org.hibernate.internal.util.EntityPrinter -- Listing entities:
21:10:41.879 [main] DEBUG org.hibernate.internal.util.EntityPrinter -- org.lab2.Pets.Pet{owner=null, color=BLACK, name=?????, id=3, birthDate=2019-06-20, breed=????????, friends=[]}
21:10:41.880 [main] DEBUG org.hibernate.orm.jdbc.mutation -- Inserting collection rows - org.lab2.Pets.Pet.friends : 3
21:10:41.880 [main] DEBUG org.hibernate.orm.jdbc.mutation -- No collection rows to insert - org.lab2.Pets.Pet.friends : 3
21:10:41.882 [main] DEBUG org.hibernate.resource.jdbc.internal.LogicalConnectionManagedImpl -- Initiating JDBC connection release from afterTransaction
21:10:41.882 [main] DEBUG org.hibernate.resource.jdbc.internal.LogicalConnectionManagedImpl -- Initiating JDBC connection release from afterTransaction
21:10:41.883 [main] DEBUG org.hibernate.orm.query.hql -- HQL : SELECT c FROM Pet c
21:10:41.886 [main] DEBUG org.hibernate.orm.query.sqm.ast -- SqmStatement Tree :
    -> [select]
      -> [query-spec]
        -> [select]
          -> [selection]
            -> [root] - `org.lab2.Pets.Pet(c)`
            <- [root] - `org.lab2.Pets.Pet(c)`
          <- [selection]
        <- [select]
        -> [from]
          -> [root] - `org.lab2.Pets.Pet(c)`
          <- [root] - `org.lab2.Pets.Pet(c)`
        <- [from]
      <- [query-spec]
    <- [select]

21:10:41.887 [main] DEBUG org.hibernate.orm.sql.ast.create -- Created new SQL alias : p1_0
21:10:41.887 [main] DEBUG org.hibernate.orm.sql.ast.create -- Registration of TableGroup [StandardTableGroup(org.lab2.Pets.Pet(c))] with identifierForTableGroup [org.lab2.Pets.Pet] for NavigablePath [org.lab2.Pets.Pet] 
21:10:41.888 [main] DEBUG org.hibernate.orm.sql.ast.create -- Registration of TableGroup [org.hibernate.sql.ast.tree.from.LazyTableGroup@530df3ab] with identifierForTableGroup [org.lab2.Pets.Pet.owner] for NavigablePath [org.lab2.Pets.Pet.owner] 
21:10:41.888 [main] DEBUG org.hibernate.orm.results.graph.AST -- DomainResult Graph:
 \-EntityResultImpl [org.lab2.Pets.Pet(c)]
 |  +-BasicFetch [org.lab2.Pets.Pet(c).birthDate]
 |  +-BasicFetch [org.lab2.Pets.Pet(c).breed]
 |  +-BasicFetch [org.lab2.Pets.Pet(c).color]
 |  +-DelayedCollectionFetch [org.lab2.Pets.Pet(c).friends]
 |  +-BasicFetch [org.lab2.Pets.Pet(c).name]
 |  \-CircularFetchImpl [org.lab2.Pets.Pet(c).owner]

21:10:41.888 [main] DEBUG org.hibernate.orm.sql.ast.tree -- SQL AST Tree:
    SelectStatement {
      FromClause {
        StandardTableGroup (p1 : org.lab2.Pets.Pet(c)) {
          primaryTableReference : pets as p1_0
          TableGroupJoins {
            left  join LazyTableGroup (o1 : org.lab2.Pets.Pet(c).owner) {
            }
          }
        }
      }
    }

21:10:41.888 [main] DEBUG org.hibernate.orm.sql.exec -- Skipping reading Query result cache data: cache-enabled = false, cache-mode = NORMAL
21:10:41.889 [main] DEBUG org.hibernate.orm.results -- Initializer list:
	  org.lab2.Pets.Pet(c) -> EntityResultInitializer(org.lab2.Pets.Pet(c))@1584580650 (SingleTableEntityPersister(org.lab2.Pets.Pet))
	  org.lab2.Pets.Pet(c).owner -> EntitySelectFetchInitializer(org.lab2.Pets.Pet(c).owner)@178941952 (ToOneAttributeMapping(NavigableRole[org.lab2.Pets.Pet.owner])@1725760738)
	  org.lab2.Pets.Pet(c).friends -> DelayedCollectionInitializer(org.lab2.Pets.Pet(c).friends)@1694213094 (PluralAttribute(org.lab2.Pets.Pet.friends))

21:10:41.889 [main] DEBUG org.hibernate.SQL -- 
    select
        p1_0.id,
        p1_0.birth_date,
        p1_0.breed,
        p1_0.color,
        p1_0.name,
        p1_0.owner_id 
    from
        pets p1_0
Hibernate: 
    select
        p1_0.id,
        p1_0.birth_date,
        p1_0.breed,
        p1_0.color,
        p1_0.name,
        p1_0.owner_id 
    from
        pets p1_0
21:10:41.893 [main] DEBUG org.hibernate.orm.results -- Extracted JDBC value [0] - [1]
21:10:41.894 [main] DEBUG org.hibernate.orm.results.loading.entity -- (EntityResultInitializer) Hydrated EntityKey (org.lab2.Pets.Pet(c)): 1
21:10:41.894 [main] DEBUG org.hibernate.orm.results -- Extracted JDBC value [0] - [1]
21:10:41.894 [main] DEBUG org.hibernate.orm.results.loading.org.hibernate.orm.results.loading.collection -- (DelayedCollectionInitializer) Current row collection key : org.lab2.Pets.Pet(c).friends#1
21:10:41.894 [main] DEBUG org.hibernate.orm.results.loading.entity -- (EntityResultInitializer) Created new entity instance [org.lab2.Pets.Pet(c)#1] : 1230994596
21:10:41.894 [main] DEBUG org.hibernate.orm.results -- Extracted JDBC value [5] - [null]
21:10:41.894 [main] DEBUG org.hibernate.orm.results -- Extracted JDBC value [1] - [2020-03-10]
21:10:41.894 [main] DEBUG org.hibernate.orm.results -- Extracted JDBC value [2] - [????]
21:10:41.894 [main] DEBUG org.hibernate.orm.results -- Extracted JDBC value [3] - [ORANGE]
21:10:41.894 [main] DEBUG org.hibernate.orm.results -- Extracted JDBC value [4] - [??????]
21:10:41.895 [main] DEBUG org.hibernate.orm.results.loading.entity -- (EntityResultInitializer) Done materializing entityInstance : org.lab2.Pets.Pet(c)#1
21:10:41.895 [main] DEBUG org.hibernate.orm.results.loading -- Calling top-level assembler (0 / 1) : org.hibernate.sql.results.graph.entity.internal.EntityAssembler@141234df
21:10:41.895 [main] DEBUG org.hibernate.orm.results -- Extracted JDBC value [0] - [2]
21:10:41.895 [main] DEBUG org.hibernate.orm.results.loading.entity -- (EntityResultInitializer) Hydrated EntityKey (org.lab2.Pets.Pet(c)): 2
21:10:41.895 [main] DEBUG org.hibernate.orm.results -- Extracted JDBC value [0] - [2]
21:10:41.895 [main] DEBUG org.hibernate.orm.results.loading.org.hibernate.orm.results.loading.collection -- (DelayedCollectionInitializer) Current row collection key : org.lab2.Pets.Pet(c).friends#2
21:10:41.895 [main] DEBUG org.hibernate.orm.results.loading.entity -- (EntityResultInitializer) Created new entity instance [org.lab2.Pets.Pet(c)#2] : 1701412896
21:10:41.895 [main] DEBUG org.hibernate.orm.results -- Extracted JDBC value [5] - [null]
21:10:41.895 [main] DEBUG org.hibernate.orm.results -- Extracted JDBC value [1] - [2020-03-10]
21:10:41.895 [main] DEBUG org.hibernate.orm.results -- Extracted JDBC value [2] - [????]
21:10:41.896 [main] DEBUG org.hibernate.orm.results -- Extracted JDBC value [3] - [ORANGE]
21:10:41.896 [main] DEBUG org.hibernate.orm.results -- Extracted JDBC value [4] - [??????]
21:10:41.896 [main] DEBUG org.hibernate.orm.results.loading.entity -- (EntityResultInitializer) Done materializing entityInstance : org.lab2.Pets.Pet(c)#2
21:10:41.896 [main] DEBUG org.hibernate.orm.results.loading -- Calling top-level assembler (0 / 1) : org.hibernate.sql.results.graph.entity.internal.EntityAssembler@141234df
21:10:41.896 [main] DEBUG org.hibernate.orm.results -- Extracted JDBC value [0] - [3]
21:10:41.896 [main] DEBUG org.hibernate.orm.results.loading.entity -- (EntityResultInitializer) Hydrated EntityKey (org.lab2.Pets.Pet(c)): 3
21:10:41.896 [main] DEBUG org.hibernate.orm.results -- Extracted JDBC value [0] - [3]
21:10:41.896 [main] DEBUG org.hibernate.orm.results.loading.org.hibernate.orm.results.loading.collection -- (DelayedCollectionInitializer) Current row collection key : org.lab2.Pets.Pet(c).friends#3
21:10:41.896 [main] DEBUG org.hibernate.orm.results.loading.entity -- (EntityResultInitializer) Created new entity instance [org.lab2.Pets.Pet(c)#3] : 932493233
21:10:41.896 [main] DEBUG org.hibernate.orm.results -- Extracted JDBC value [5] - [null]
21:10:41.896 [main] DEBUG org.hibernate.orm.results -- Extracted JDBC value [1] - [2019-06-20]
21:10:41.896 [main] DEBUG org.hibernate.orm.results -- Extracted JDBC value [2] - [????????]
21:10:41.896 [main] DEBUG org.hibernate.orm.results -- Extracted JDBC value [3] - [BLACK]
21:10:41.896 [main] DEBUG org.hibernate.orm.results -- Extracted JDBC value [4] - [?????]
21:10:41.896 [main] DEBUG org.hibernate.orm.results.loading.entity -- (EntityResultInitializer) Done materializing entityInstance : org.lab2.Pets.Pet(c)#3
21:10:41.896 [main] DEBUG org.hibernate.orm.results.loading -- Calling top-level assembler (0 / 1) : org.hibernate.sql.results.graph.entity.internal.EntityAssembler@141234df
21:10:41.896 [main] DEBUG org.hibernate.resource.jdbc.internal.LogicalConnectionManagedImpl -- Initiating JDBC connection release from afterTransaction
21:10:41.899 [main] DEBUG org.hibernate.resource.jdbc.internal.LogicalConnectionManagedImpl -- Initiating JDBC connection release from afterTransaction
]]></system-out>
  </testcase>
  <testcase name="testAddPet_EmptyName_ThrowsException" classname="org.lab2.PetDAOTest" time="0.002"/>
  <testcase name="testGetPetById" classname="org.lab2.PetDAOTest" time="0.033">
    <system-out><![CDATA[21:10:41.906 [main] DEBUG org.hibernate.engine.transaction.internal.TransactionImpl -- On TransactionImpl creation, JpaCompliance#isJpaTransactionComplianceEnabled == false
21:10:41.906 [main] DEBUG org.hibernate.engine.transaction.internal.TransactionImpl -- begin
21:10:41.906 [main] DEBUG org.hibernate.engine.spi.ActionQueue -- Executing identity-insert immediately
21:10:41.906 [main] DEBUG org.hibernate.SQL -- 
    insert 
    into
        pets
        (birth_date, breed, color, name, owner_id) 
    values
        (?, ?, ?, ?, ?)
Hibernate: 
    insert 
    into
        pets
        (birth_date, breed, color, name, owner_id) 
    values
        (?, ?, ?, ?, ?)
21:10:41.910 [main] DEBUG org.hibernate.id.IdentifierGeneratorHelper -- Natively generated identity (org.lab2.Pets.Pet) : 4
21:10:41.910 [main] DEBUG org.hibernate.resource.jdbc.internal.ResourceRegistryStandardImpl -- HHH000387: ResultSet's statement was not registered
21:10:41.910 [main] DEBUG org.hibernate.resource.jdbc.internal.ResourceRegistryStandardImpl -- Exception clearing maxRows/queryTimeout [???? statement ??? ??????.]
21:10:41.911 [main] DEBUG org.hibernate.engine.transaction.internal.TransactionImpl -- committing
21:10:41.911 [main] DEBUG org.hibernate.event.internal.AbstractFlushingEventListener -- Processing flush-time cascades
21:10:41.911 [main] DEBUG org.hibernate.event.internal.AbstractFlushingEventListener -- Dirty checking collections
21:10:41.911 [main] DEBUG org.hibernate.engine.internal.Collections -- Collection found: [org.lab2.Pets.Pet.friends#4], was: [<unreferenced>] (initialized)
21:10:41.911 [main] DEBUG org.hibernate.event.internal.AbstractFlushingEventListener -- Flushed: 0 insertions, 0 updates, 0 deletions to 1 objects
21:10:41.911 [main] DEBUG org.hibernate.event.internal.AbstractFlushingEventListener -- Flushed: 1 (re)creations, 0 updates, 0 removals to 1 collections
21:10:41.911 [main] DEBUG org.hibernate.internal.util.EntityPrinter -- Listing entities:
21:10:41.911 [main] DEBUG org.hibernate.internal.util.EntityPrinter -- org.lab2.Pets.Pet{owner=null, color=ORANGE, name=??????, id=4, birthDate=2020-03-10, breed=????, friends=[]}
21:10:41.911 [main] DEBUG org.hibernate.orm.jdbc.mutation -- Inserting collection rows - org.lab2.Pets.Pet.friends : 4
21:10:41.911 [main] DEBUG org.hibernate.orm.jdbc.mutation -- No collection rows to insert - org.lab2.Pets.Pet.friends : 4
21:10:41.913 [main] DEBUG org.hibernate.resource.jdbc.internal.LogicalConnectionManagedImpl -- Initiating JDBC connection release from afterTransaction
21:10:41.913 [main] DEBUG org.hibernate.resource.jdbc.internal.LogicalConnectionManagedImpl -- Initiating JDBC connection release from afterTransaction
21:10:41.914 [main] DEBUG org.hibernate.orm.sql.exec -- Skipping reading Query result cache data: cache-enabled = false, cache-mode = IGNORE
21:10:41.914 [main] DEBUG org.hibernate.orm.results -- Initializer list:
	  org.lab2.Pets.Pet -> EntityResultInitializer(org.lab2.Pets.Pet)@1728766751 (SingleTableEntityPersister(org.lab2.Pets.Pet))
	  org.lab2.Pets.Pet.owner.pets -> DelayedCollectionInitializer(org.lab2.Pets.Pet.owner.pets)@425218635 (PluralAttribute(org.lab2.Owners.Owner.pets))
	  org.lab2.Pets.Pet.friends -> DelayedCollectionInitializer(org.lab2.Pets.Pet.friends)@312126145 (PluralAttribute(org.lab2.Pets.Pet.friends))
	  org.lab2.Pets.Pet.owner -> EntityJoinedFetchInitializer(org.lab2.Pets.Pet.owner)@863026773 (ToOneAttributeMapping(NavigableRole[org.lab2.Pets.Pet.owner])@1725760738)

21:10:41.926 [main] DEBUG org.hibernate.SQL -- 
    select
        p1_0.id,
        p1_0.birth_date,
        p1_0.breed,
        p1_0.color,
        p1_0.name,
        o1_0.id,
        o1_0.birth_date,
        o1_0.name 
    from
        pets p1_0 
    left join
        owners o1_0 
            on o1_0.id=p1_0.owner_id 
    where
        p1_0.id=?
Hibernate: 
    select
        p1_0.id,
        p1_0.birth_date,
        p1_0.breed,
        p1_0.color,
        p1_0.name,
        o1_0.id,
        o1_0.birth_date,
        o1_0.name 
    from
        pets p1_0 
    left join
        owners o1_0 
            on o1_0.id=p1_0.owner_id 
    where
        p1_0.id=?
21:10:41.930 [main] DEBUG org.hibernate.orm.results -- Extracted JDBC value [5] - [null]
21:10:41.930 [main] DEBUG org.hibernate.orm.results.loading.entity -- (EntityJoinedFetchInitializer) EntityKey (org.lab2.Pets.Pet.owner) is null
21:10:41.930 [main] DEBUG org.hibernate.orm.results.loading.entity -- (EntityResultInitializer) Hydrated EntityKey (org.lab2.Pets.Pet): 4
21:10:41.930 [main] DEBUG org.hibernate.orm.results -- Extracted JDBC value [0] - [4]
21:10:41.930 [main] DEBUG org.hibernate.orm.results.loading.org.hibernate.orm.results.loading.collection -- (DelayedCollectionInitializer) Current row collection key : org.lab2.Pets.Pet.friends#4
21:10:41.930 [main] DEBUG org.hibernate.orm.results -- Extracted JDBC value [5] - [null]
21:10:41.930 [main] DEBUG org.hibernate.orm.results.loading.entity -- (EntityResultInitializer) Created new entity instance [org.lab2.Pets.Pet#4] : 533202047
21:10:41.930 [main] DEBUG org.hibernate.orm.results -- Extracted JDBC value [1] - [2020-03-10]
21:10:41.930 [main] DEBUG org.hibernate.orm.results -- Extracted JDBC value [2] - [????]
21:10:41.930 [main] DEBUG org.hibernate.orm.results -- Extracted JDBC value [3] - [ORANGE]
21:10:41.930 [main] DEBUG org.hibernate.orm.results -- Extracted JDBC value [4] - [??????]
21:10:41.930 [main] DEBUG org.hibernate.orm.results.loading.entity -- (EntityResultInitializer) Done materializing entityInstance : org.lab2.Pets.Pet#4
21:10:41.930 [main] DEBUG org.hibernate.orm.results.loading -- Calling top-level assembler (0 / 1) : org.hibernate.sql.results.graph.entity.internal.EntityAssembler@3fb1948c
21:10:41.931 [main] DEBUG org.hibernate.resource.jdbc.internal.LogicalConnectionManagedImpl -- Initiating JDBC connection release from afterTransaction
]]></system-out>
  </testcase>
  <testcase name="testUpdatePet_NullPet_ThrowsException" classname="org.lab2.PetDAOTest" time="0.003"/>
  <testcase name="testDeletePet" classname="org.lab2.PetDAOTest" time="0.046">
    <system-out><![CDATA[21:10:41.944 [main] DEBUG org.hibernate.engine.transaction.internal.TransactionImpl -- On TransactionImpl creation, JpaCompliance#isJpaTransactionComplianceEnabled == false
21:10:41.944 [main] DEBUG org.hibernate.engine.transaction.internal.TransactionImpl -- begin
21:10:41.945 [main] DEBUG org.hibernate.engine.spi.ActionQueue -- Executing identity-insert immediately
21:10:41.945 [main] DEBUG org.hibernate.SQL -- 
    insert 
    into
        pets
        (birth_date, breed, color, name, owner_id) 
    values
        (?, ?, ?, ?, ?)
Hibernate: 
    insert 
    into
        pets
        (birth_date, breed, color, name, owner_id) 
    values
        (?, ?, ?, ?, ?)
21:10:41.952 [main] DEBUG org.hibernate.id.IdentifierGeneratorHelper -- Natively generated identity (org.lab2.Pets.Pet) : 5
21:10:41.952 [main] DEBUG org.hibernate.resource.jdbc.internal.ResourceRegistryStandardImpl -- HHH000387: ResultSet's statement was not registered
21:10:41.952 [main] DEBUG org.hibernate.resource.jdbc.internal.ResourceRegistryStandardImpl -- Exception clearing maxRows/queryTimeout [???? statement ??? ??????.]
21:10:41.952 [main] DEBUG org.hibernate.engine.transaction.internal.TransactionImpl -- committing
21:10:41.952 [main] DEBUG org.hibernate.event.internal.AbstractFlushingEventListener -- Processing flush-time cascades
21:10:41.952 [main] DEBUG org.hibernate.event.internal.AbstractFlushingEventListener -- Dirty checking collections
21:10:41.952 [main] DEBUG org.hibernate.engine.internal.Collections -- Collection found: [org.lab2.Pets.Pet.friends#5], was: [<unreferenced>] (initialized)
21:10:41.952 [main] DEBUG org.hibernate.event.internal.AbstractFlushingEventListener -- Flushed: 0 insertions, 0 updates, 0 deletions to 1 objects
21:10:41.952 [main] DEBUG org.hibernate.event.internal.AbstractFlushingEventListener -- Flushed: 1 (re)creations, 0 updates, 0 removals to 1 collections
21:10:41.952 [main] DEBUG org.hibernate.internal.util.EntityPrinter -- Listing entities:
21:10:41.953 [main] DEBUG org.hibernate.internal.util.EntityPrinter -- org.lab2.Pets.Pet{owner=null, color=ORANGE, name=??????, id=5, birthDate=2020-03-10, breed=????, friends=[]}
21:10:41.953 [main] DEBUG org.hibernate.orm.jdbc.mutation -- Inserting collection rows - org.lab2.Pets.Pet.friends : 5
21:10:41.953 [main] DEBUG org.hibernate.orm.jdbc.mutation -- No collection rows to insert - org.lab2.Pets.Pet.friends : 5
21:10:41.956 [main] DEBUG org.hibernate.resource.jdbc.internal.LogicalConnectionManagedImpl -- Initiating JDBC connection release from afterTransaction
21:10:41.957 [main] DEBUG org.hibernate.resource.jdbc.internal.LogicalConnectionManagedImpl -- Initiating JDBC connection release from afterTransaction
21:10:41.957 [main] DEBUG org.hibernate.engine.transaction.internal.TransactionImpl -- On TransactionImpl creation, JpaCompliance#isJpaTransactionComplianceEnabled == false
21:10:41.957 [main] DEBUG org.hibernate.engine.transaction.internal.TransactionImpl -- begin
21:10:41.958 [main] DEBUG org.hibernate.orm.sql.exec -- Skipping reading Query result cache data: cache-enabled = false, cache-mode = IGNORE
21:10:41.958 [main] DEBUG org.hibernate.orm.results -- Initializer list:
	  org.lab2.Pets.Pet -> EntityResultInitializer(org.lab2.Pets.Pet)@1588609461 (SingleTableEntityPersister(org.lab2.Pets.Pet))
	  org.lab2.Pets.Pet.owner.pets -> DelayedCollectionInitializer(org.lab2.Pets.Pet.owner.pets)@642296347 (PluralAttribute(org.lab2.Owners.Owner.pets))
	  org.lab2.Pets.Pet.friends -> DelayedCollectionInitializer(org.lab2.Pets.Pet.friends)@1244869566 (PluralAttribute(org.lab2.Pets.Pet.friends))
	  org.lab2.Pets.Pet.owner -> EntityJoinedFetchInitializer(org.lab2.Pets.Pet.owner)@330624590 (ToOneAttributeMapping(NavigableRole[org.lab2.Pets.Pet.owner])@1725760738)

21:10:41.958 [main] DEBUG org.hibernate.SQL -- 
    select
        p1_0.id,
        p1_0.birth_date,
        p1_0.breed,
        p1_0.color,
        p1_0.name,
        o1_0.id,
        o1_0.birth_date,
        o1_0.name 
    from
        pets p1_0 
    left join
        owners o1_0 
            on o1_0.id=p1_0.owner_id 
    where
        p1_0.id=?
Hibernate: 
    select
        p1_0.id,
        p1_0.birth_date,
        p1_0.breed,
        p1_0.color,
        p1_0.name,
        o1_0.id,
        o1_0.birth_date,
        o1_0.name 
    from
        pets p1_0 
    left join
        owners o1_0 
            on o1_0.id=p1_0.owner_id 
    where
        p1_0.id=?
21:10:41.964 [main] DEBUG org.hibernate.orm.results -- Extracted JDBC value [5] - [null]
21:10:41.964 [main] DEBUG org.hibernate.orm.results.loading.entity -- (EntityJoinedFetchInitializer) EntityKey (org.lab2.Pets.Pet.owner) is null
21:10:41.964 [main] DEBUG org.hibernate.orm.results.loading.entity -- (EntityResultInitializer) Hydrated EntityKey (org.lab2.Pets.Pet): 5
21:10:41.964 [main] DEBUG org.hibernate.orm.results -- Extracted JDBC value [0] - [5]
21:10:41.965 [main] DEBUG org.hibernate.orm.results.loading.org.hibernate.orm.results.loading.collection -- (DelayedCollectionInitializer) Current row collection key : org.lab2.Pets.Pet.friends#5
21:10:41.965 [main] DEBUG org.hibernate.orm.results -- Extracted JDBC value [5] - [null]
21:10:41.965 [main] DEBUG org.hibernate.orm.results.loading.entity -- (EntityResultInitializer) Created new entity instance [org.lab2.Pets.Pet#5] : 2136187679
21:10:41.965 [main] DEBUG org.hibernate.orm.results -- Extracted JDBC value [1] - [2020-03-10]
21:10:41.966 [main] DEBUG org.hibernate.orm.results -- Extracted JDBC value [2] - [????]
21:10:41.966 [main] DEBUG org.hibernate.orm.results -- Extracted JDBC value [3] - [ORANGE]
21:10:41.966 [main] DEBUG org.hibernate.orm.results -- Extracted JDBC value [4] - [??????]
21:10:41.966 [main] DEBUG org.hibernate.orm.results.loading.entity -- (EntityResultInitializer) Done materializing entityInstance : org.lab2.Pets.Pet#5
21:10:41.966 [main] DEBUG org.hibernate.orm.results.loading -- Calling top-level assembler (0 / 1) : org.hibernate.sql.results.graph.entity.internal.EntityAssembler@29d563bd
21:10:41.966 [main] DEBUG org.hibernate.engine.transaction.internal.TransactionImpl -- committing
21:10:41.966 [main] DEBUG org.hibernate.event.internal.AbstractFlushingEventListener -- Processing flush-time cascades
21:10:41.966 [main] DEBUG org.hibernate.event.internal.AbstractFlushingEventListener -- Dirty checking collections
21:10:41.966 [main] DEBUG org.hibernate.engine.internal.Collections -- Collection dereferenced: [org.lab2.Pets.Pet.friends#5]
21:10:41.966 [main] DEBUG org.hibernate.event.internal.AbstractFlushingEventListener -- Flushed: 0 insertions, 0 updates, 1 deletions to 1 objects
21:10:41.966 [main] DEBUG org.hibernate.event.internal.AbstractFlushingEventListener -- Flushed: 0 (re)creations, 0 updates, 1 removals to 1 collections
21:10:41.966 [main] DEBUG org.hibernate.internal.util.EntityPrinter -- Listing entities:
21:10:41.966 [main] DEBUG org.hibernate.internal.util.EntityPrinter -- org.lab2.Pets.Pet{owner=null, color=ORANGE, name=??????, id=5, birthDate=2020-03-10, breed=????, friends=<uninitialized>}
21:10:41.966 [main] DEBUG org.hibernate.orm.jdbc.mutation -- Deleting collection - org.lab2.Pets.Pet.friends : 5
21:10:41.968 [main] DEBUG org.hibernate.SQL -- 
    delete 
    from
        pet_friends 
    where
        pet_id=?
Hibernate: 
    delete 
    from
        pet_friends 
    where
        pet_id=?
21:10:41.973 [main] DEBUG org.hibernate.SQL -- 
    delete 
    from
        pets 
    where
        id=?
Hibernate: 
    delete 
    from
        pets 
    where
        id=?
21:10:41.980 [main] DEBUG org.hibernate.resource.jdbc.internal.LogicalConnectionManagedImpl -- Initiating JDBC connection release from afterTransaction
21:10:41.981 [main] DEBUG org.hibernate.resource.jdbc.internal.LogicalConnectionManagedImpl -- Initiating JDBC connection release from afterTransaction
21:10:41.981 [main] DEBUG org.hibernate.orm.sql.exec -- Skipping reading Query result cache data: cache-enabled = false, cache-mode = IGNORE
21:10:41.981 [main] DEBUG org.hibernate.orm.results -- Initializer list:
	  org.lab2.Pets.Pet -> EntityResultInitializer(org.lab2.Pets.Pet)@1465511423 (SingleTableEntityPersister(org.lab2.Pets.Pet))
	  org.lab2.Pets.Pet.owner.pets -> DelayedCollectionInitializer(org.lab2.Pets.Pet.owner.pets)@1459864059 (PluralAttribute(org.lab2.Owners.Owner.pets))
	  org.lab2.Pets.Pet.friends -> DelayedCollectionInitializer(org.lab2.Pets.Pet.friends)@2100028185 (PluralAttribute(org.lab2.Pets.Pet.friends))
	  org.lab2.Pets.Pet.owner -> EntityJoinedFetchInitializer(org.lab2.Pets.Pet.owner)@903028779 (ToOneAttributeMapping(NavigableRole[org.lab2.Pets.Pet.owner])@1725760738)

21:10:41.982 [main] DEBUG org.hibernate.SQL -- 
    select
        p1_0.id,
        p1_0.birth_date,
        p1_0.breed,
        p1_0.color,
        p1_0.name,
        o1_0.id,
        o1_0.birth_date,
        o1_0.name 
    from
        pets p1_0 
    left join
        owners o1_0 
            on o1_0.id=p1_0.owner_id 
    where
        p1_0.id=?
Hibernate: 
    select
        p1_0.id,
        p1_0.birth_date,
        p1_0.breed,
        p1_0.color,
        p1_0.name,
        o1_0.id,
        o1_0.birth_date,
        o1_0.name 
    from
        pets p1_0 
    left join
        owners o1_0 
            on o1_0.id=p1_0.owner_id 
    where
        p1_0.id=?
21:10:41.986 [main] DEBUG org.hibernate.resource.jdbc.internal.LogicalConnectionManagedImpl -- Initiating JDBC connection release from afterTransaction
]]></system-out>
  </testcase>
  <testcase name="testDeletePet_InvalidId_ThrowsException" classname="org.lab2.PetDAOTest" time="0.002"/>
  <testcase name="testAddPet_NullPet_ThrowsException" classname="org.lab2.PetDAOTest" time="0.003"/>
  <testcase name="testAddPet" classname="org.lab2.PetDAOTest" time="0.04">
    <system-out><![CDATA[21:10:42.000 [main] DEBUG org.hibernate.engine.transaction.internal.TransactionImpl -- On TransactionImpl creation, JpaCompliance#isJpaTransactionComplianceEnabled == false
21:10:42.000 [main] DEBUG org.hibernate.engine.transaction.internal.TransactionImpl -- begin
21:10:42.000 [main] DEBUG org.hibernate.engine.spi.ActionQueue -- Executing identity-insert immediately
21:10:42.001 [main] DEBUG org.hibernate.SQL -- 
    insert 
    into
        owners
        (birth_date, name) 
    values
        (?, ?)
Hibernate: 
    insert 
    into
        owners
        (birth_date, name) 
    values
        (?, ?)
21:10:42.010 [main] DEBUG org.hibernate.id.IdentifierGeneratorHelper -- Natively generated identity (org.lab2.Owners.Owner) : 7
21:10:42.010 [main] DEBUG org.hibernate.resource.jdbc.internal.ResourceRegistryStandardImpl -- HHH000387: ResultSet's statement was not registered
21:10:42.010 [main] DEBUG org.hibernate.resource.jdbc.internal.ResourceRegistryStandardImpl -- Exception clearing maxRows/queryTimeout [???? statement ??? ??????.]
21:10:42.010 [main] DEBUG org.hibernate.engine.transaction.internal.TransactionImpl -- committing
21:10:42.011 [main] DEBUG org.hibernate.event.internal.AbstractFlushingEventListener -- Processing flush-time cascades
21:10:42.011 [main] DEBUG org.hibernate.event.internal.AbstractFlushingEventListener -- Dirty checking collections
21:10:42.011 [main] DEBUG org.hibernate.engine.internal.Collections -- Collection found: [org.lab2.Owners.Owner.pets#7], was: [<unreferenced>] (initialized)
21:10:42.011 [main] DEBUG org.hibernate.event.internal.AbstractFlushingEventListener -- Flushed: 0 insertions, 0 updates, 0 deletions to 1 objects
21:10:42.011 [main] DEBUG org.hibernate.event.internal.AbstractFlushingEventListener -- Flushed: 1 (re)creations, 0 updates, 0 removals to 1 collections
21:10:42.011 [main] DEBUG org.hibernate.internal.util.EntityPrinter -- Listing entities:
21:10:42.011 [main] DEBUG org.hibernate.internal.util.EntityPrinter -- org.lab2.Owners.Owner{pets=[], name=????, id=7, birthDate=2000-01-01}
21:10:42.013 [main] DEBUG org.hibernate.resource.jdbc.internal.LogicalConnectionManagedImpl -- Initiating JDBC connection release from afterTransaction
21:10:42.013 [main] DEBUG org.hibernate.resource.jdbc.internal.LogicalConnectionManagedImpl -- Initiating JDBC connection release from afterTransaction
21:10:42.013 [main] DEBUG org.hibernate.engine.transaction.internal.TransactionImpl -- On TransactionImpl creation, JpaCompliance#isJpaTransactionComplianceEnabled == false
21:10:42.013 [main] DEBUG org.hibernate.engine.transaction.internal.TransactionImpl -- begin
21:10:42.014 [main] DEBUG org.hibernate.engine.spi.ActionQueue -- Executing identity-insert immediately
21:10:42.014 [main] DEBUG org.hibernate.SQL -- 
    insert 
    into
        pets
        (birth_date, breed, color, name, owner_id) 
    values
        (?, ?, ?, ?, ?)
Hibernate: 
    insert 
    into
        pets
        (birth_date, breed, color, name, owner_id) 
    values
        (?, ?, ?, ?, ?)
21:10:42.023 [main] DEBUG org.hibernate.id.IdentifierGeneratorHelper -- Natively generated identity (org.lab2.Pets.Pet) : 6
21:10:42.023 [main] DEBUG org.hibernate.resource.jdbc.internal.ResourceRegistryStandardImpl -- HHH000387: ResultSet's statement was not registered
21:10:42.023 [main] DEBUG org.hibernate.resource.jdbc.internal.ResourceRegistryStandardImpl -- Exception clearing maxRows/queryTimeout [???? statement ??? ??????.]
21:10:42.023 [main] DEBUG org.hibernate.engine.transaction.internal.TransactionImpl -- committing
21:10:42.023 [main] DEBUG org.hibernate.event.internal.AbstractFlushingEventListener -- Processing flush-time cascades
21:10:42.023 [main] DEBUG org.hibernate.event.internal.AbstractFlushingEventListener -- Dirty checking collections
21:10:42.024 [main] DEBUG org.hibernate.engine.internal.Collections -- Collection found: [org.lab2.Pets.Pet.friends#6], was: [<unreferenced>] (initialized)
21:10:42.024 [main] DEBUG org.hibernate.event.internal.AbstractFlushingEventListener -- Flushed: 0 insertions, 0 updates, 0 deletions to 1 objects
21:10:42.024 [main] DEBUG org.hibernate.event.internal.AbstractFlushingEventListener -- Flushed: 1 (re)creations, 0 updates, 0 removals to 1 collections
21:10:42.024 [main] DEBUG org.hibernate.internal.util.EntityPrinter -- Listing entities:
21:10:42.024 [main] DEBUG org.hibernate.internal.util.EntityPrinter -- org.lab2.Pets.Pet{owner=org.lab2.Owners.Owner#7, color=ORANGE, name=??????, id=6, birthDate=2020-03-10, breed=????, friends=[]}
21:10:42.024 [main] DEBUG org.hibernate.orm.jdbc.mutation -- Inserting collection rows - org.lab2.Pets.Pet.friends : 6
21:10:42.024 [main] DEBUG org.hibernate.orm.jdbc.mutation -- No collection rows to insert - org.lab2.Pets.Pet.friends : 6
21:10:42.027 [main] DEBUG org.hibernate.resource.jdbc.internal.LogicalConnectionManagedImpl -- Initiating JDBC connection release from afterTransaction
21:10:42.027 [main] DEBUG org.hibernate.resource.jdbc.internal.LogicalConnectionManagedImpl -- Initiating JDBC connection release from afterTransaction
21:10:42.028 [main] DEBUG org.hibernate.orm.sql.exec -- Skipping reading Query result cache data: cache-enabled = false, cache-mode = IGNORE
21:10:42.028 [main] DEBUG org.hibernate.orm.results -- Initializer list:
	  org.lab2.Pets.Pet -> EntityResultInitializer(org.lab2.Pets.Pet)@2144211049 (SingleTableEntityPersister(org.lab2.Pets.Pet))
	  org.lab2.Pets.Pet.owner.pets -> DelayedCollectionInitializer(org.lab2.Pets.Pet.owner.pets)@1370756928 (PluralAttribute(org.lab2.Owners.Owner.pets))
	  org.lab2.Pets.Pet.friends -> DelayedCollectionInitializer(org.lab2.Pets.Pet.friends)@1892336170 (PluralAttribute(org.lab2.Pets.Pet.friends))
	  org.lab2.Pets.Pet.owner -> EntityJoinedFetchInitializer(org.lab2.Pets.Pet.owner)@1470153313 (ToOneAttributeMapping(NavigableRole[org.lab2.Pets.Pet.owner])@1725760738)

21:10:42.028 [main] DEBUG org.hibernate.SQL -- 
    select
        p1_0.id,
        p1_0.birth_date,
        p1_0.breed,
        p1_0.color,
        p1_0.name,
        o1_0.id,
        o1_0.birth_date,
        o1_0.name 
    from
        pets p1_0 
    left join
        owners o1_0 
            on o1_0.id=p1_0.owner_id 
    where
        p1_0.id=?
Hibernate: 
    select
        p1_0.id,
        p1_0.birth_date,
        p1_0.breed,
        p1_0.color,
        p1_0.name,
        o1_0.id,
        o1_0.birth_date,
        o1_0.name 
    from
        pets p1_0 
    left join
        owners o1_0 
            on o1_0.id=p1_0.owner_id 
    where
        p1_0.id=?
21:10:42.034 [main] DEBUG org.hibernate.orm.results -- Extracted JDBC value [5] - [7]
21:10:42.034 [main] DEBUG org.hibernate.orm.results.loading.entity -- (EntityJoinedFetchInitializer) Hydrated EntityKey (org.lab2.Pets.Pet.owner): 7
21:10:42.034 [main] DEBUG org.hibernate.orm.results.loading.entity -- (EntityResultInitializer) Hydrated EntityKey (org.lab2.Pets.Pet): 6
21:10:42.034 [main] DEBUG org.hibernate.orm.results -- Extracted JDBC value [0] - [6]
21:10:42.034 [main] DEBUG org.hibernate.orm.results.loading.org.hibernate.orm.results.loading.collection -- (DelayedCollectionInitializer) Current row collection key : org.lab2.Pets.Pet.friends#6
21:10:42.034 [main] DEBUG org.hibernate.orm.results -- Extracted JDBC value [5] - [7]
21:10:42.034 [main] DEBUG org.hibernate.orm.results.loading.org.hibernate.orm.results.loading.collection -- (DelayedCollectionInitializer) Current row collection key : org.lab2.Pets.Pet.owner.pets#7
21:10:42.034 [main] DEBUG org.hibernate.orm.results.loading.entity -- (EntityJoinedFetchInitializer) Created new entity instance [org.lab2.Pets.Pet.owner#7] : 266376052
21:10:42.034 [main] DEBUG org.hibernate.orm.results.loading.entity -- (EntityResultInitializer) Created new entity instance [org.lab2.Pets.Pet#6] : 1577253667
21:10:42.035 [main] DEBUG org.hibernate.orm.results -- Extracted JDBC value [6] - [2000-01-01]
21:10:42.035 [main] DEBUG org.hibernate.orm.results -- Extracted JDBC value [7] - [????]
21:10:42.035 [main] DEBUG org.hibernate.orm.results.loading.entity -- (EntityJoinedFetchInitializer) Done materializing entityInstance : org.lab2.Pets.Pet.owner#7
21:10:42.035 [main] DEBUG org.hibernate.orm.results -- Extracted JDBC value [1] - [2020-03-10]
21:10:42.036 [main] DEBUG org.hibernate.orm.results -- Extracted JDBC value [2] - [????]
21:10:42.036 [main] DEBUG org.hibernate.orm.results -- Extracted JDBC value [3] - [ORANGE]
21:10:42.036 [main] DEBUG org.hibernate.orm.results -- Extracted JDBC value [4] - [??????]
21:10:42.036 [main] DEBUG org.hibernate.orm.results.loading.entity -- (EntityResultInitializer) Done materializing entityInstance : org.lab2.Pets.Pet#6
21:10:42.036 [main] DEBUG org.hibernate.orm.results.loading -- Calling top-level assembler (0 / 1) : org.hibernate.sql.results.graph.entity.internal.EntityAssembler@5c1687d1
21:10:42.036 [main] DEBUG org.hibernate.resource.jdbc.internal.LogicalConnectionManagedImpl -- Initiating JDBC connection release from afterTransaction
]]></system-out>
  </testcase>
  <testcase name="testUpdatePet_NoId_ThrowsException" classname="org.lab2.PetDAOTest" time="0.001"/>
</testsuite>